2018-10-07 21:50:47:310 PID:10656 FM:     0  ReplayName = D:\起凡\7fgame\replay\MyGame\AutoSave\my_replays0130.7fr  
2018-10-07 21:50:47:310 PID:10656 FM:     0  自动保存的平台路径：/replay="D:\起凡\7fgame\replay\MyGame\AutoSave\my_replays0130.7fr"  
2018-10-07 21:50:47:310 PID:10656 FM:     0   ReplayName2 = D:\起凡\7fgame\replay\MyGame  
2018-10-07 21:50:47:310 PID:10656 FM:     0  玩家保存的平台路径：/replaypath="D:\起凡\7fgame\replay\MyGame\"  
2018-10-07 21:50:59:954 PID:10656 FM:     0  TRUN_VASL[4] 
2018-10-07 21:52:32:619 PID:10656 FM:  3061  保存录像[336843] FM[3061] [ ] 
2018-10-07 21:52:32:621 PID:10656 FM:  3061  压缩文件[.\core\hct.o]成功。(.\core\hct.o.zip) 
2018-10-07 21:52:32:621 PID:10656 FM:  3061  FILES 0 11253 .\core\hct.o  
2018-10-07 21:52:32:622 PID:10656 FM:  3061  删除临时文件[1] [.\core\hct.o.zip]  
2018-10-07 21:53:08:949 PID:10656 FM:  5205  保存录像[373171] FM[5205] [ ] 
2018-10-07 21:53:44:338 PID:10656 FM:  7281  保存录像[408562] FM[7281] [ ] 
2018-10-07 21:54:19:072 PID:10656 FM:  9341  保存录像[443296] FM[9341] [ ] 
2018-10-07 21:54:54:666 PID:10656 FM: 11441  保存录像[478890] FM[11441] [ ] 
2018-10-07 21:55:30:276 PID:10656 FM: 13533  保存录像[514500] FM[13533] [ ] 
2018-10-07 21:56:05:400 PID:10656 FM: 15613  保存录像[549625] FM[15613] [ ] 
2018-10-07 21:56:40:057 PID:10656 FM: 17657  保存录像[584281] FM[17657] [ ] 
2018-10-07 21:57:15:666 PID:10656 FM: 19761  保存录像[619890] FM[19761] [ ] 
2018-10-07 21:57:51:791 PID:10656 FM: 21893  保存录像[656015] FM[21893] [ ] 
2018-10-07 21:58:27:151 PID:10656 FM: 23977  保存录像[691375] FM[23977] [ ] 
2018-10-07 21:59:02:198 PID:10656 FM: 26045  保存录像[726421] FM[26045] [ ] 
2018-10-07 21:59:37:964 PID:10656 FM: 28157  保存录像[762187] FM[28157] [ ] 
2018-10-07 22:00:14:043 PID:10656 FM: 30285  保存录像[798265] FM[30285] [ ] 
2018-10-07 22:00:49:853 PID:10656 FM: 32397  保存录像[834078] FM[32397] [ ] 
2018-10-07 22:01:25:572 PID:10656 FM: 34505  保存录像[869796] FM[34505] [ ] 
2018-10-07 22:02:00:809 PID:10656 FM: 36585  保存录像[905031] FM[36585] [ ] 
2018-10-07 22:02:35:784 PID:10656 FM: 38645  保存录像[940000] FM[38645] [ ] 
2018-10-07 22:03:11:931 PID:10656 FM: 40781  保存录像[976156] FM[40781] [ ] 
2018-10-07 22:03:47:339 PID:10656 FM: 42869  保存录像[1011562] FM[42869] [ ] 
2018-10-07 22:04:24:041 PID:10656 FM: 45029  保存录像[1048265] FM[45029] [ ] 
2018-10-07 22:04:59:177 PID:10656 FM: 47089  保存录像[1083390] FM[47089] [ ] 
2018-10-07 22:05:33:885 PID:10656 FM: 49141  保存录像[1118109] FM[49141] [ ] 
2018-10-07 22:06:27:799 PID:10656 FM: 51249  保存录像[1172015] FM[51249] [ ] 
2018-10-07 22:06:44:837 PID:10656 FM: 53345  保存录像[1189062] FM[53345] [ ] 
2018-10-07 22:07:20:337 PID:10656 FM: 55425  保存录像[1224562] FM[55425] [ ] 
2018-10-07 22:07:57:025 PID:10656 FM: 57485  保存录像[1261250] FM[57485] [ ] 
2018-10-07 22:08:31:119 PID:10656 FM: 59609  保存录像[1295343] FM[59609] [ ] 
2018-10-07 22:09:06:463 PID:10656 FM: 61697  保存录像[1330687] FM[61697] [ ] 
2018-10-07 22:09:41:728 PID:10656 FM: 63777  保存录像[1365953] FM[63777] [ ] 
2018-10-07 22:10:06:581 PID:10656 FM: 65098  程序或脚本产生异常时生成录像。 
2018-10-07 22:10:06:581 PID:10656 FM: 65098  保存录像[1390796] FM[65098] [ ] 
2018-10-07 22:10:06:854 PID:10656 FM: 65098  保存录像[1391078] FM[65098] [ ] 
2018-10-07 22:10:06:854 PID:10656 FM: 65098  游戏结束保存录像 [1] 
2018-10-07 22:10:06:856 PID:10656 FM: 65098  SAVEAS[1391078] [OK] LOCAL [log10656-2018.10.07-21.50.47/replay10656.7fr] Error[0] 
2018-10-07 22:10:06:856 PID:10656 FM: 65098  SAVEAS[1391078] [OK] TARGET[D:\起凡\7fgame\replay\MyGame\AutoSave\my_replays0130.7fr] Error[0] 
2018-10-07 22:10:06:856 PID:10656 FM: 65098  程序或脚本产生异常时生成录像成功。 
