5, ***************开局查询积分**********************
5, 玩家名：q俺是新手你咋滴
5, 天梯10V10竞技积分 = 564
5, 普通匹配10V10竞技积分 = 724
5, 天梯10V10局数 = 189
5, 普通10V10局数 = 2716
5, 预留 = 28
5, 段位 =  兵卒四等
5, ***************开局查询积分**********************
5, 玩家名：混沌值丶
5, 天梯10V10竞技积分 = 571
5, 普通匹配10V10竞技积分 = 743
5, 天梯10V10局数 = 1
5, 普通10V10局数 = 686
5, 预留 = 65
5, 段位 =  兵卒四等
5, ***************开局查询积分**********************
5, 玩家名：一叶丶枫落
5, 天梯10V10竞技积分 = 583
5, 普通匹配10V10竞技积分 = 584
5, 天梯10V10局数 = 10
5, 普通10V10局数 = 634
5, 预留 = 86
5, 段位 =  兵卒四等
5, ***************开局查询积分**********************
5, 玩家名：Ta跌
5, 天梯10V10竞技积分 = 627
5, 普通匹配10V10竞技积分 = 587
5, 天梯10V10局数 = 6
5, 普通10V10局数 = 2763
5, 预留 = 63
5, 段位 =  兵卒三等
5, ***************开局查询积分**********************
5, 玩家名：惹火大少爷
5, 天梯10V10竞技积分 = 563
5, 普通匹配10V10竞技积分 = 668
5, 天梯10V10局数 = 106
5, 普通10V10局数 = 1180
5, 预留 = 26
5, 段位 =  兵卒四等
5, ***************开局查询积分**********************
5, 玩家名：快乐小伟丶
5, 天梯10V10竞技积分 = 649
5, 普通匹配10V10竞技积分 = 737
5, 天梯10V10局数 = 31
5, 普通10V10局数 = 5565
5, 预留 = 98
5, 段位 =  兵卒三等
5, ***************开局查询积分**********************
5, 玩家名：丶乖乖小桐
5, 天梯10V10竞技积分 = 563
5, 普通匹配10V10竞技积分 = 686
5, 天梯10V10局数 = 308
5, 普通10V10局数 = 1197
5, 预留 = 26
5, 段位 =  兵卒四等
5, ***************开局查询积分**********************
5, 玩家名：转角遇到你小妹
5, 天梯10V10竞技积分 = 559
5, 普通匹配10V10竞技积分 = 705
5, 天梯10V10局数 = 287
5, 普通10V10局数 = 8433
5, 预留 = 18
5, 段位 =  兵卒四等
5, ***************开局查询积分**********************
5, 玩家名：xiao小是
5, 天梯10V10竞技积分 = 630
5, 普通匹配10V10竞技积分 = 819
5, 天梯10V10局数 = 110
5, 普通10V10局数 = 2483
5, 预留 = 60
5, 段位 =  兵卒三等
5, ***************开局查询积分**********************
5, 玩家名：RoyalMM单挑
5, 天梯10V10竞技积分 = 606
5, 普通匹配10V10竞技积分 = 739
5, 天梯10V10局数 = 54
5, 普通10V10局数 = 157
5, 预留 = 12
5, 段位 =  兵卒三等
5, ***************开局查询积分**********************
5, 玩家名：番茄爱手机
5, 天梯10V10竞技积分 = 605
5, 普通匹配10V10竞技积分 = 715
5, 天梯10V10局数 = 31
5, 普通10V10局数 = 5023
5, 预留 = 10
5, 段位 =  兵卒三等
5, ***************开局查询积分**********************
5, 玩家名：纯属Diane猥琐
5, 天梯10V10竞技积分 = 686
5, 普通匹配10V10竞技积分 = 787
5, 天梯10V10局数 = 57
5, 普通10V10局数 = 4068
5, 预留 = 72
5, 段位 =  兵卒二等
5, ***************开局查询积分**********************
5, 玩家名：Goodbye深爱的
5, 天梯10V10竞技积分 = 650
5, 普通匹配10V10竞技积分 = 788
5, 天梯10V10局数 = 162
5, 普通10V10局数 = 5040
5, 预留 = 100
5, 段位 =  兵卒三等
5, ***************开局查询积分**********************
5, 玩家名：世界如此灬残酷
5, 天梯10V10竞技积分 = 621
5, 普通匹配10V10竞技积分 = 740
5, 天梯10V10局数 = 65
5, 普通10V10局数 = 4010
5, 预留 = 42
5, 段位 =  兵卒三等
5, ***************开局查询积分**********************
5, 玩家名：狂霸王12
5, 天梯10V10竞技积分 = 565
5, 普通匹配10V10竞技积分 = 723
5, 天梯10V10局数 = 231
5, 普通10V10局数 = 4641
5, 预留 = 30
5, 段位 =  兵卒四等
5, ***************开局查询积分**********************
5, 玩家名：爱你一场梦
5, 天梯10V10竞技积分 = 600
5, 普通匹配10V10竞技积分 = 694
5, 天梯10V10局数 = 158
5, 普通10V10局数 = 3022
5, 预留 = 100
5, 段位 =  兵卒四等
5, ***************开局查询积分**********************
5, 玩家名：疯狂释战魂
5, 天梯10V10竞技积分 = 616
5, 普通匹配10V10竞技积分 = 769
5, 天梯10V10局数 = 218
5, 普通10V10局数 = 5566
5, 预留 = 32
5, 段位 =  兵卒三等
5, ***************开局查询积分**********************
5, 玩家名：右耳钉丶残恋
5, 天梯10V10竞技积分 = 583
5, 普通匹配10V10竞技积分 = 713
5, 天梯10V10局数 = 60
5, 普通10V10局数 = 632
5, 预留 = 66
5, 段位 =  兵卒四等
5, ***************开局查询积分**********************
5, 玩家名：狼冤
5, 天梯10V10竞技积分 = 639
5, 普通匹配10V10竞技积分 = 779
5, 天梯10V10局数 = 35
5, 普通10V10局数 = 4621
5, 预留 = 78
5, 段位 =  兵卒三等
5, ***************整理逃跑玩家信息**********************
5, 玩家名：灬大成
5, ELOSwitch = 1
5, ELOkind = 2
5, Add_Point = 1
5, 天梯10V10竞技积分 = -10
5, 普通匹配10V10竞技积分 = 1
5, 天梯10V10局数 = 1
5, 普通10V10局数 = 1
5, 表现系数 = 1
5, 波动系数 = 1
5, 高分系数 = 1
5, 消费信息 = 1
35581, ***************开局查询积分**********************
35581, 玩家名：哥灬孤霜
35581, 天梯10V10竞技积分 = 823
35581, 普通匹配10V10竞技积分 = 770
35581, 天梯10V10局数 = 108
35581, 普通10V10局数 = 2480
35581, 预留 = 46
35581, 段位 =  伍长四等
35861, ***************开局查询积分**********************
35861, 玩家名：哥灬孤霜
35861, 天梯10V10竞技积分 = 823
35861, 普通匹配10V10竞技积分 = 770
35861, 天梯10V10局数 = 108
35861, 普通10V10局数 = 2480
35861, 预留 = 46
35861, 段位 =  伍长四等
63673, ***************整理逃跑玩家信息**********************
63673, 玩家名：狼牙将士;font=424127608;a=255;r=138;g=133;b=78;|return=5|;|text=番茄爱手机
63673, ELOSwitch = 1
63673, ELOkind = 2
63673, Add_Point = -16
63673, 天梯10V10竞技积分 = -4
63673, 普通匹配10V10竞技积分 = -16
63673, 天梯10V10局数 = 1
63673, 普通10V10局数 = 1
63673, 表现系数 = 1
63673, 波动系数 = 1
63673, 高分系数 = 1
63673, 消费信息 = 491
