5, CollectEscapePlayerInfo =
2845, 普通玩家 14 第1次重转 军机 宝箱，重转价格：10，G_Var.NormalPlayerPayment = 10
2893, 普通玩家 18 第1次重转 军机 宝箱，重转价格：10，G_Var.NormalPlayerPayment = 20
2897, 普通玩家 15 第1次重转 军机 宝箱，重转价格：10，G_Var.NormalPlayerPayment = 30
2949, 普通玩家 14 第2次重转 军机 宝箱，重转价格：50，G_Var.NormalPlayerPayment = 80
2985, 普通玩家 15 第2次重转 军机 宝箱，重转价格：50，G_Var.NormalPlayerPayment = 130
3053, 普通玩家 18 第2次重转 军机 宝箱，重转价格：50，G_Var.NormalPlayerPayment = 180
3065, 普通玩家 15 第3次重转 军机 宝箱，重转价格：100，G_Var.NormalPlayerPayment = 280
3125, 普通玩家 18 第3次重转 军机 宝箱，重转价格：100，G_Var.NormalPlayerPayment = 380
3461, 普通玩家 10 第1次重转 军机 宝箱，重转价格：10，G_Var.NormalPlayerPayment = 390
3549, 普通玩家 10 第2次重转 军机 宝箱，重转价格：50，G_Var.NormalPlayerPayment = 440
3809, 普通玩家 3 第2次重转 铜 宝箱，重转价格：10，G_Var.NormalPlayerPayment = 450
3997, 普通玩家 3 第3次重转 铜 宝箱，重转价格：20，G_Var.NormalPlayerPayment = 470
4177, 普通玩家 4 第1次重转 军机 宝箱，重转价格：10，G_Var.NormalPlayerPayment = 480
4333, 普通玩家 4 第2次重转 军机 宝箱，重转价格：50，G_Var.NormalPlayerPayment = 530
4473, 普通玩家 3 第1次重转 军机 宝箱，重转价格：10，G_Var.NormalPlayerPayment = 540
4649, 普通玩家 4 第3次重转 军机 宝箱，重转价格：100，G_Var.NormalPlayerPayment = 640
4665, 普通玩家 3 第2次重转 军机 宝箱，重转价格：50，G_Var.NormalPlayerPayment = 690
4797, 普通玩家 17 第1次重转 军机 宝箱，重转价格：10，G_Var.NormalPlayerPayment = 700
4853, 普通玩家 13 第1次重转 军机 宝箱，重转价格：10，G_Var.NormalPlayerPayment = 710
4901, 普通玩家 17 第2次重转 军机 宝箱，重转价格：50，G_Var.NormalPlayerPayment = 760
4921, 普通玩家 19 第2次重转 铜 宝箱，重转价格：10，G_Var.NormalPlayerPayment = 770
4929, 普通玩家 2 第2次重转 铜 宝箱，重转价格：10，G_Var.NormalPlayerPayment = 780
4941, 普通玩家 13 第2次重转 军机 宝箱，重转价格：50，G_Var.NormalPlayerPayment = 830
5025, 普通玩家 9 第2次重转 铜 宝箱，重转价格：10，G_Var.NormalPlayerPayment = 840
5037, 普通玩家 19 第3次重转 铜 宝箱，重转价格：20，G_Var.NormalPlayerPayment = 860
5041, 普通玩家 13 第3次重转 军机 宝箱，重转价格：100，G_Var.NormalPlayerPayment = 960
5105, 普通玩家 9 第3次重转 铜 宝箱，重转价格：20，G_Var.NormalPlayerPayment = 980
5153, 普通玩家 13 第4次重转 军机 宝箱，重转价格：100，G_Var.NormalPlayerPayment = 1080
5449, 普通玩家 19 第1次重转 军机 宝箱，重转价格：10，G_Var.NormalPlayerPayment = 1090
5585, 普通玩家 19 第2次重转 军机 宝箱，重转价格：50，G_Var.NormalPlayerPayment = 1140
5657, 普通玩家 7 第1次重转 军机 宝箱，重转价格：10，G_Var.NormalPlayerPayment = 1150
5677, 普通玩家 19 第3次重转 军机 宝箱，重转价格：100，G_Var.NormalPlayerPayment = 1250
5721, 普通玩家 2 第1次重转 军机 宝箱，重转价格：10，G_Var.NormalPlayerPayment = 1260
5741, 普通玩家 4 第2次重转 铜 宝箱，重转价格：10，G_Var.NormalPlayerPayment = 1270
5753, 普通玩家 7 第2次重转 军机 宝箱，重转价格：50，G_Var.NormalPlayerPayment = 1320
5825, 普通玩家 2 第2次重转 军机 宝箱，重转价格：50，G_Var.NormalPlayerPayment = 1370
5861, 普通玩家 4 第3次重转 铜 宝箱，重转价格：20，G_Var.NormalPlayerPayment = 1390
5885, 普通玩家 7 第3次重转 军机 宝箱，重转价格：100，G_Var.NormalPlayerPayment = 1490
5889, 普通玩家 1 第1次重转 军机 宝箱，重转价格：10，G_Var.NormalPlayerPayment = 1500
5901, 普通玩家 2 第3次重转 军机 宝箱，重转价格：100，G_Var.NormalPlayerPayment = 1600
6033, 普通玩家 20 第2次重转 铜 宝箱，重转价格：10，G_Var.NormalPlayerPayment = 1610
6045, 普通玩家 9 第2次重转 铜 宝箱，重转价格：10，G_Var.NormalPlayerPayment = 1620
6137, 普通玩家 20 第3次重转 铜 宝箱，重转价格：20，G_Var.NormalPlayerPayment = 1640
6153, 普通玩家 9 第3次重转 铜 宝箱，重转价格：20，G_Var.NormalPlayerPayment = 1660
6157, 普通玩家 6 第1次重转 军机 宝箱，重转价格：10，G_Var.NormalPlayerPayment = 1670
6217, 普通玩家 1 第2次重转 军机 宝箱，重转价格：50，G_Var.NormalPlayerPayment = 1720
6249, 普通玩家 20 第4次重转 铜 宝箱，重转价格：100，G_Var.NormalPlayerPayment = 1820
6269, 普通玩家 13 第2次重转 铜 宝箱，重转价格：10，G_Var.NormalPlayerPayment = 1830
6273, 普通玩家 6 第2次重转 军机 宝箱，重转价格：50，G_Var.NormalPlayerPayment = 1880
6429, 普通玩家 8 第1次重转 军机 宝箱，重转价格：10，G_Var.NormalPlayerPayment = 1890
6441, 普通玩家 1 第3次重转 军机 宝箱，重转价格：100，G_Var.NormalPlayerPayment = 1990
6561, 普通玩家 8 第2次重转 军机 宝箱，重转价格：50，G_Var.NormalPlayerPayment = 2040
6649, 普通玩家 13 第3次重转 铜 宝箱，重转价格：20，G_Var.NormalPlayerPayment = 2060
7317, 普通玩家 8 第3次重转 军机 宝箱，重转价格：100，G_Var.NormalPlayerPayment = 2160
7325, 普通玩家 11 第2次重转 铜 宝箱，重转价格：10，G_Var.NormalPlayerPayment = 2170
7389, 普通玩家 11 第3次重转 铜 宝箱，重转价格：20，G_Var.NormalPlayerPayment = 2190
7445, 普通玩家 11 第4次重转 铜 宝箱，重转价格：100，G_Var.NormalPlayerPayment = 2290
7729, 普通玩家 1 第2次重转 铜 宝箱，重转价格：10，G_Var.NormalPlayerPayment = 2300
8009, 普通玩家 20 第1次重转 军机 宝箱，重转价格：10，G_Var.NormalPlayerPayment = 2310
8093, 普通玩家 20 第2次重转 军机 宝箱，重转价格：50，G_Var.NormalPlayerPayment = 2360
8197, 普通玩家 20 第3次重转 军机 宝箱，重转价格：100，G_Var.NormalPlayerPayment = 2460
8289, 普通玩家 11 第1次重转 军机 宝箱，重转价格：10，G_Var.NormalPlayerPayment = 2470
8293, 普通玩家 20 第4次重转 军机 宝箱，重转价格：100，G_Var.NormalPlayerPayment = 2570
8465, 普通玩家 11 第2次重转 军机 宝箱，重转价格：50，G_Var.NormalPlayerPayment = 2620
8569, 普通玩家 11 第3次重转 军机 宝箱，重转价格：100，G_Var.NormalPlayerPayment = 2720
9185, 普通玩家 5 第2次重转 铜 宝箱，重转价格：10，G_Var.NormalPlayerPayment = 2730
9285, 普通玩家 5 第3次重转 铜 宝箱，重转价格：20，G_Var.NormalPlayerPayment = 2750
9361, 普通玩家 2 第2次重转 铜 宝箱，重转价格：10，G_Var.NormalPlayerPayment = 2760
9509, 普通玩家 16 第2次重转 铜 宝箱，重转价格：10，G_Var.NormalPlayerPayment = 2770
9657, 普通玩家 16 第3次重转 铜 宝箱，重转价格：20，G_Var.NormalPlayerPayment = 2790
9745, 普通玩家 5 第1次重转 军机 宝箱，重转价格：10，G_Var.NormalPlayerPayment = 2800
9861, 普通玩家 5 第2次重转 军机 宝箱，重转价格：50，G_Var.NormalPlayerPayment = 2850
10013, 普通玩家 4 第2次重转 铜 宝箱，重转价格：10，G_Var.NormalPlayerPayment = 2860
10977, 普通玩家 13 第2次重转 铜 宝箱，重转价格：10，G_Var.NormalPlayerPayment = 2870
11045, 普通玩家 11 第2次重转 铜 宝箱，重转价格：10，G_Var.NormalPlayerPayment = 2880
11077, 普通玩家 13 第3次重转 铜 宝箱，重转价格：20，G_Var.NormalPlayerPayment = 2900
11181, 普通玩家 7 第2次重转 铜 宝箱，重转价格：10，G_Var.NormalPlayerPayment = 2910
11261, 普通玩家 11 第3次重转 铜 宝箱，重转价格：20，G_Var.NormalPlayerPayment = 2930
11589, 普通玩家 15 第2次重转 铜 宝箱，重转价格：10，G_Var.NormalPlayerPayment = 2940
11941, 普通玩家 8 第2次重转 铜 宝箱，重转价格：10，G_Var.NormalPlayerPayment = 2950
12673, 普通玩家 6 第2次重转 铜 宝箱，重转价格：10，G_Var.NormalPlayerPayment = 2960
12765, 普通玩家 16 第1次重转 军机 宝箱，重转价格：10，G_Var.NormalPlayerPayment = 2970
12793, 普通玩家 1 第2次重转 铜 宝箱，重转价格：10，G_Var.NormalPlayerPayment = 2980
12837, 普通玩家 6 第3次重转 铜 宝箱，重转价格：20，G_Var.NormalPlayerPayment = 3000
13117, 普通玩家 16 第2次重转 军机 宝箱，重转价格：50，G_Var.NormalPlayerPayment = 3050
19997, 普通玩家 9 第2次重转 铜 宝箱，重转价格：10，G_Var.NormalPlayerPayment = 3060
20089, 普通玩家 9 第3次重转 铜 宝箱，重转价格：20，G_Var.NormalPlayerPayment = 3080
22677, 普通玩家 18 第2次重转 铜 宝箱，重转价格：10，G_Var.NormalPlayerPayment = 3090
29561, 普通玩家 15 第1次重转 银 宝箱，重转价格：5，G_Var.NormalPlayerPayment = 3095
29661, 普通玩家 15 第2次重转 银 宝箱，重转价格：25，G_Var.NormalPlayerPayment = 3120
29745, 普通玩家 15 第3次重转 银 宝箱，重转价格：50，G_Var.NormalPlayerPayment = 3170
30485, 普通玩家 8 第1次重转 银 宝箱，重转价格：5，G_Var.NormalPlayerPayment = 3175
30897, 普通玩家 11 第1次重转 银 宝箱，重转价格：5，G_Var.NormalPlayerPayment = 3180
30993, 普通玩家 11 第2次重转 银 宝箱，重转价格：25，G_Var.NormalPlayerPayment = 3205
31089, 普通玩家 11 第3次重转 银 宝箱，重转价格：50，G_Var.NormalPlayerPayment = 3255
31637, 普通玩家 2 第1次重转 银 宝箱，重转价格：5，G_Var.NormalPlayerPayment = 3260
31729, 普通玩家 2 第2次重转 银 宝箱，重转价格：25，G_Var.NormalPlayerPayment = 3285
31753, 普通玩家 17 第1次重转 银 宝箱，重转价格：5，G_Var.NormalPlayerPayment = 3290
31825, 普通玩家 2 第3次重转 银 宝箱，重转价格：50，G_Var.NormalPlayerPayment = 3340
31853, 普通玩家 17 第2次重转 银 宝箱，重转价格：25，G_Var.NormalPlayerPayment = 3365
32201, 普通玩家 18 第1次重转 银 宝箱，重转价格：5，G_Var.NormalPlayerPayment = 3370
32233, 普通玩家 3 第1次重转 银 宝箱，重转价格：5，G_Var.NormalPlayerPayment = 3375
32329, 普通玩家 3 第2次重转 银 宝箱，重转价格：25，G_Var.NormalPlayerPayment = 3400
32361, 普通玩家 18 第2次重转 银 宝箱，重转价格：25，G_Var.NormalPlayerPayment = 3425
32461, 普通玩家 18 第3次重转 银 宝箱，重转价格：50，G_Var.NormalPlayerPayment = 3475
32905, 普通玩家 13 第1次重转 银 宝箱，重转价格：5，G_Var.NormalPlayerPayment = 3480
33305, 普通玩家 13 第2次重转 银 宝箱，重转价格：25，G_Var.NormalPlayerPayment = 3505
34477, 普通玩家 20 第1次重转 银 宝箱，重转价格：5，G_Var.NormalPlayerPayment = 3510
34605, 普通玩家 16 第1次重转 银 宝箱，重转价格：5，G_Var.NormalPlayerPayment = 3515
34713, 普通玩家 16 第2次重转 银 宝箱，重转价格：25，G_Var.NormalPlayerPayment = 3540
34817, 普通玩家 16 第3次重转 银 宝箱，重转价格：50，G_Var.NormalPlayerPayment = 3590
35621, 普通玩家 6 第1次重转 银 宝箱，重转价格：5，G_Var.NormalPlayerPayment = 3595
35697, 普通玩家 6 第2次重转 银 宝箱，重转价格：25，G_Var.NormalPlayerPayment = 3620
35781, 普通玩家 6 第3次重转 银 宝箱，重转价格：50，G_Var.NormalPlayerPayment = 3670
38940, 给玩家 12 发放断线重连以后的奖励 军机 宝箱 G_Var.JoinedPlayerRareCopperChestNum = 1
39805, 普通玩家 12 第2次重转 铜 宝箱，重转价格：10，G_Var.NormalPlayerPayment = 3680
39917, 普通玩家 12 第3次重转 铜 宝箱，重转价格：20，G_Var.NormalPlayerPayment = 3700
40289, 普通玩家 12 第1次重转 银 宝箱，重转价格：5，G_Var.NormalPlayerPayment = 3705
40405, 普通玩家 19 第1次重转 银 宝箱，重转价格：5，G_Var.NormalPlayerPayment = 3710
40629, 普通玩家 19 第2次重转 银 宝箱，重转价格：25，G_Var.NormalPlayerPayment = 3735
40645, 普通玩家 14 第1次重转 银 宝箱，重转价格：5，G_Var.NormalPlayerPayment = 3740
40777, 普通玩家 19 第3次重转 银 宝箱，重转价格：50，G_Var.NormalPlayerPayment = 3790
40853, 普通玩家 12 第1次重转 军机 宝箱，重转价格：10，G_Var.NormalPlayerPayment = 3800
40945, 普通玩家 12 第2次重转 军机 宝箱，重转价格：50，G_Var.NormalPlayerPayment = 3850
41093, 普通玩家 12 第3次重转 军机 宝箱，重转价格：100，G_Var.NormalPlayerPayment = 3950
41153, 普通玩家 10 第1次重转 银 宝箱，重转价格：5，G_Var.NormalPlayerPayment = 3955
41225, 普通玩家 10 第2次重转 银 宝箱，重转价格：25，G_Var.NormalPlayerPayment = 3980
41265, 普通玩家 17 第1次重转 银 宝箱，重转价格：5，G_Var.NormalPlayerPayment = 3985
41309, 普通玩家 18 第1次重转 银 宝箱，重转价格：5，G_Var.NormalPlayerPayment = 3990
41317, 普通玩家 10 第3次重转 银 宝箱，重转价格：50，G_Var.NormalPlayerPayment = 4040
41361, 普通玩家 17 第2次重转 银 宝箱，重转价格：25，G_Var.NormalPlayerPayment = 4065
41405, 普通玩家 18 第2次重转 银 宝箱，重转价格：25，G_Var.NormalPlayerPayment = 4090
41493, 普通玩家 16 第1次重转 银 宝箱，重转价格：5，G_Var.NormalPlayerPayment = 4095
41673, 普通玩家 15 第1次重转 银 宝箱，重转价格：5，G_Var.NormalPlayerPayment = 4100
41757, 普通玩家 15 第2次重转 银 宝箱，重转价格：25，G_Var.NormalPlayerPayment = 4125
41897, 普通玩家 15 第3次重转 银 宝箱，重转价格：50，G_Var.NormalPlayerPayment = 4175
42057, 普通玩家 20 第1次重转 银 宝箱，重转价格：5，G_Var.NormalPlayerPayment = 4180
42157, 普通玩家 20 第2次重转 银 宝箱，重转价格：25，G_Var.NormalPlayerPayment = 4205
42241, 普通玩家 20 第3次重转 银 宝箱，重转价格：50，G_Var.NormalPlayerPayment = 4255
42321, 普通玩家 3 第1次重转 银 宝箱，重转价格：5，G_Var.NormalPlayerPayment = 4260
42325, 普通玩家 20 第4次重转 银 宝箱，重转价格：100，G_Var.NormalPlayerPayment = 4360
42489, 普通玩家 8 第1次重转 银 宝箱，重转价格：5，G_Var.NormalPlayerPayment = 4365
43101, 普通玩家 3 第2次重转 银 宝箱，重转价格：25，G_Var.NormalPlayerPayment = 4390
43253, 普通玩家 3 第3次重转 银 宝箱，重转价格：50，G_Var.NormalPlayerPayment = 4440
43305, 普通玩家 9 第1次重转 银 宝箱，重转价格：5，G_Var.NormalPlayerPayment = 4445
43405, 普通玩家 9 第2次重转 银 宝箱，重转价格：25，G_Var.NormalPlayerPayment = 4470
43429, 普通玩家 7 第1次重转 银 宝箱，重转价格：5，G_Var.NormalPlayerPayment = 4475
43509, 普通玩家 7 第2次重转 银 宝箱，重转价格：25，G_Var.NormalPlayerPayment = 4500
43517, 普通玩家 9 第3次重转 银 宝箱，重转价格：50，G_Var.NormalPlayerPayment = 4550
43613, 普通玩家 7 第3次重转 银 宝箱，重转价格：50，G_Var.NormalPlayerPayment = 4600
43921, 普通玩家 9 第1次重转 银 宝箱，重转价格：5，G_Var.NormalPlayerPayment = 4605
44009, 普通玩家 9 第2次重转 银 宝箱，重转价格：25，G_Var.NormalPlayerPayment = 4630
44081, 普通玩家 9 第3次重转 银 宝箱，重转价格：50，G_Var.NormalPlayerPayment = 4680
44673, 普通玩家 13 第1次重转 银 宝箱，重转价格：5，G_Var.NormalPlayerPayment = 4685
44745, 普通玩家 13 第2次重转 银 宝箱，重转价格：25，G_Var.NormalPlayerPayment = 4710
44805, 普通玩家 5 第1次重转 银 宝箱，重转价格：5，G_Var.NormalPlayerPayment = 4715
44833, 普通玩家 13 第3次重转 银 宝箱，重转价格：50，G_Var.NormalPlayerPayment = 4765
44925, 普通玩家 5 第2次重转 银 宝箱，重转价格：25，G_Var.NormalPlayerPayment = 4790
45169, 普通玩家 11 第1次重转 银 宝箱，重转价格：5，G_Var.NormalPlayerPayment = 4795
45325, 普通玩家 11 第2次重转 银 宝箱，重转价格：25，G_Var.NormalPlayerPayment = 4820
45557, 普通玩家 1 第1次重转 银 宝箱，重转价格：5，G_Var.NormalPlayerPayment = 4825
46793, 普通玩家 4 第1次重转 银 宝箱，重转价格：5，G_Var.NormalPlayerPayment = 4830
46833, 普通玩家 12 第1次重转 银 宝箱，重转价格：5，G_Var.NormalPlayerPayment = 4835
46937, 普通玩家 4 第2次重转 银 宝箱，重转价格：25，G_Var.NormalPlayerPayment = 4860
46941, 普通玩家 12 第2次重转 银 宝箱，重转价格：25，G_Var.NormalPlayerPayment = 4885
47985, 普通玩家 12 第1次重转 银 宝箱，重转价格：5，G_Var.NormalPlayerPayment = 4890
48089, 普通玩家 12 第2次重转 银 宝箱，重转价格：25，G_Var.NormalPlayerPayment = 4915
48625, 普通玩家 6 第1次重转 银 宝箱，重转价格：5，G_Var.NormalPlayerPayment = 4920
49249, 普通玩家 6 第2次重转 银 宝箱，重转价格：25，G_Var.NormalPlayerPayment = 4945
58749, 普通玩家 11 第258次重转 军机 宝箱，重转价格：10，G_Var.NormalPlayerPayment = 4955
58837, 普通玩家 11 第259次重转 军机 宝箱，重转价格：50，G_Var.NormalPlayerPayment = 5005
59973, 普通玩家 15 第1次重转 金 宝箱，重转价格：10，G_Var.NormalPlayerPayment = 5015
60065, 普通玩家 15 第2次重转 金 宝箱，重转价格：50，G_Var.NormalPlayerPayment = 5065
60185, 普通玩家 15 第3次重转 金 宝箱，重转价格：100，G_Var.NormalPlayerPayment = 5165
60205, 普通玩家 7 第1次重转 金 宝箱，重转价格：10，G_Var.NormalPlayerPayment = 5175
60209, 普通玩家 11 第1次重转 金 宝箱，重转价格：10，G_Var.NormalPlayerPayment = 5185
60265, 普通玩家 15 第4次重转 金 宝箱，重转价格：100，G_Var.NormalPlayerPayment = 5285
60289, 普通玩家 7 第2次重转 金 宝箱，重转价格：50，G_Var.NormalPlayerPayment = 5335
60329, 普通玩家 14 第258次重转 军机 宝箱，重转价格：10，G_Var.NormalPlayerPayment = 5345
60385, 普通玩家 7 第3次重转 金 宝箱，重转价格：100，G_Var.NormalPlayerPayment = 5445
60393, 普通玩家 11 第2次重转 金 宝箱，重转价格：50，G_Var.NormalPlayerPayment = 5495
60437, 普通玩家 14 第259次重转 军机 宝箱，重转价格：50，G_Var.NormalPlayerPayment = 5545
60633, 普通玩家 11 第3次重转 金 宝箱，重转价格：100，G_Var.NormalPlayerPayment = 5645
60697, 普通玩家 8 第258次重转 军机 宝箱，重转价格：10，G_Var.NormalPlayerPayment = 5655
60773, 普通玩家 11 第4次重转 金 宝箱，重转价格：100，G_Var.NormalPlayerPayment = 5755
60821, 普通玩家 8 第259次重转 军机 宝箱，重转价格：50，G_Var.NormalPlayerPayment = 5805
60837, 普通玩家 11 第4次重转 金 宝箱，重转价格：100，G_Var.NormalPlayerPayment = 5905
60849, 普通玩家 6 第1次重转 金 宝箱，重转价格：10，G_Var.NormalPlayerPayment = 5915
60857, 普通玩家 13 第1次重转 金 宝箱，重转价格：10，G_Var.NormalPlayerPayment = 5925
60885, 普通玩家 7 第258次重转 军机 宝箱，重转价格：10，G_Var.NormalPlayerPayment = 5935
60949, 普通玩家 13 第2次重转 金 宝箱，重转价格：50，G_Var.NormalPlayerPayment = 5985
60957, 普通玩家 6 第2次重转 金 宝箱，重转价格：50，G_Var.NormalPlayerPayment = 6035
61013, 普通玩家 16 第1次重转 金 宝箱，重转价格：10，G_Var.NormalPlayerPayment = 6045
61053, 普通玩家 13 第3次重转 金 宝箱，重转价格：100，G_Var.NormalPlayerPayment = 6145
61097, 普通玩家 16 第2次重转 金 宝箱，重转价格：50，G_Var.NormalPlayerPayment = 6195
61237, 普通玩家 17 第258次重转 军机 宝箱，重转价格：10，G_Var.NormalPlayerPayment = 6205
61293, 普通玩家 16 第3次重转 金 宝箱，重转价格：100，G_Var.NormalPlayerPayment = 6305
61333, 普通玩家 17 第259次重转 军机 宝箱，重转价格：50，G_Var.NormalPlayerPayment = 6355
61417, 普通玩家 9 第258次重转 军机 宝箱，重转价格：10，G_Var.NormalPlayerPayment = 6365
61493, 普通玩家 6 第258次重转 军机 宝箱，重转价格：10，G_Var.NormalPlayerPayment = 6375
61545, 普通玩家 19 第258次重转 军机 宝箱，重转价格：10，G_Var.NormalPlayerPayment = 6385
61597, 普通玩家 6 第259次重转 军机 宝箱，重转价格：50，G_Var.NormalPlayerPayment = 6435
61865, 普通玩家 4 第258次重转 军机 宝箱，重转价格：10，G_Var.NormalPlayerPayment = 6445
61945, 普通玩家 14 第1次重转 金 宝箱，重转价格：10，G_Var.NormalPlayerPayment = 6455
61965, 普通玩家 4 第259次重转 军机 宝箱，重转价格：50，G_Var.NormalPlayerPayment = 6505
62029, 普通玩家 19 第259次重转 军机 宝箱，重转价格：50，G_Var.NormalPlayerPayment = 6555
62069, 普通玩家 4 第260次重转 军机 宝箱，重转价格：100，G_Var.NormalPlayerPayment = 6655
62185, 普通玩家 3 第258次重转 军机 宝箱，重转价格：10，G_Var.NormalPlayerPayment = 6665
62197, 普通玩家 1 第1次重转 金 宝箱，重转价格：10，G_Var.NormalPlayerPayment = 6675
62265, 普通玩家 10 第1次重转 金 宝箱，重转价格：10，G_Var.NormalPlayerPayment = 6685
62285, 普通玩家 17 第1次重转 金 宝箱，重转价格：10，G_Var.NormalPlayerPayment = 6695
62309, 普通玩家 1 第2次重转 金 宝箱，重转价格：50，G_Var.NormalPlayerPayment = 6745
62325, 普通玩家 3 第259次重转 军机 宝箱，重转价格：50，G_Var.NormalPlayerPayment = 6795
62349, 普通玩家 20 第258次重转 军机 宝箱，重转价格：10，G_Var.NormalPlayerPayment = 6805
62421, 普通玩家 3 第260次重转 军机 宝箱，重转价格：100，G_Var.NormalPlayerPayment = 6905
62433, 普通玩家 17 第2次重转 金 宝箱，重转价格：50，G_Var.NormalPlayerPayment = 6955
62449, 普通玩家 1 第3次重转 金 宝箱，重转价格：100，G_Var.NormalPlayerPayment = 7055
62545, 普通玩家 5 第1次重转 金 宝箱，重转价格：10，G_Var.NormalPlayerPayment = 7065
62565, 普通玩家 10 第258次重转 军机 宝箱，重转价格：10，G_Var.NormalPlayerPayment = 7075
62657, 普通玩家 4 第1次重转 金 宝箱，重转价格：10，G_Var.NormalPlayerPayment = 7085
62785, 普通玩家 4 第2次重转 金 宝箱，重转价格：50，G_Var.NormalPlayerPayment = 7135
62797, 普通玩家 1 第258次重转 军机 宝箱，重转价格：10，G_Var.NormalPlayerPayment = 7145
62881, 普通玩家 4 第3次重转 金 宝箱，重转价格：100，G_Var.NormalPlayerPayment = 7245
62889, 普通玩家 1 第259次重转 军机 宝箱，重转价格：50，G_Var.NormalPlayerPayment = 7295
62997, 普通玩家 1 第260次重转 军机 宝箱，重转价格：100，G_Var.NormalPlayerPayment = 7395
63033, 普通玩家 16 第258次重转 军机 宝箱，重转价格：10，G_Var.NormalPlayerPayment = 7405
63293, 普通玩家 18 第1次重转 金 宝箱，重转价格：10，G_Var.NormalPlayerPayment = 7415
63321, 普通玩家 16 第259次重转 军机 宝箱，重转价格：50，G_Var.NormalPlayerPayment = 7465
63397, 普通玩家 18 第2次重转 金 宝箱，重转价格：50，G_Var.NormalPlayerPayment = 7515
63429, 普通玩家 20 第1次重转 金 宝箱，重转价格：10，G_Var.NormalPlayerPayment = 7525
63541, 普通玩家 16 第260次重转 军机 宝箱，重转价格：100，G_Var.NormalPlayerPayment = 7625
63577, 普通玩家 2 第258次重转 军机 宝箱，重转价格：10，G_Var.NormalPlayerPayment = 7635
63649, 普通玩家 2 第259次重转 军机 宝箱，重转价格：50，G_Var.NormalPlayerPayment = 7685
63673, CollectEscapePlayerInfo =
63673, 22 G_Tab.JJCI[p_control_id].uid=111370991,G_Tab.CONTROL_PLAYER_joined[p_control_id][1].user_id=111370991,p_control_id=10 , last_leavequeue=0
63673, 222 G_Tab.JJCI[p_control_id].jjc=0,p_control_id=10
63693, 普通玩家 18 第258次重转 军机 宝箱，重转价格：10，G_Var.NormalPlayerPayment = 7695
63745, 普通玩家 2 第260次重转 军机 宝箱，重转价格：100，G_Var.NormalPlayerPayment = 7795
63773, 普通玩家 18 第259次重转 军机 宝箱，重转价格：50，G_Var.NormalPlayerPayment = 7845
64137, 普通玩家 2 第1次重转 金 宝箱，重转价格：10，G_Var.NormalPlayerPayment = 7855
64177, 普通玩家 18 第260次重转 军机 宝箱，重转价格：100，G_Var.NormalPlayerPayment = 7955
64217, 普通玩家 2 第2次重转 金 宝箱，重转价格：50，G_Var.NormalPlayerPayment = 8005
64317, 普通玩家 9 第1次重转 金 宝箱，重转价格：10，G_Var.NormalPlayerPayment = 8015
64413, 普通玩家 9 第2次重转 金 宝箱，重转价格：50，G_Var.NormalPlayerPayment = 8065
64497, 普通玩家 6 第1次重转 金 宝箱，重转价格：10，G_Var.NormalPlayerPayment = 8075
64577, 普通玩家 6 第2次重转 金 宝箱，重转价格：50，G_Var.NormalPlayerPayment = 8125
64605, 普通玩家 7 第1次重转 金 宝箱，重转价格：10，G_Var.NormalPlayerPayment = 8135
64677, 普通玩家 6 第3次重转 金 宝箱，重转价格：100，G_Var.NormalPlayerPayment = 8235
