5, 积分结算 missionstart p_control_id= 12 , mission[1].id=0 , mission[1].Fstate=0
5, 积分结算 missionstart p_control_id= 12 , mission[2].id=0 , mission[2].Fstate=0
5, 积分结算 missionstart p_control_id= 12 , mission[3].id=0 , mission[3].Fstate=0
5770, Check_Dead_Mission_SysEvent G_Tab.HeroEventStatistics[cha_control_id].multi_kill[1]= 0 , cha_control_id=9
5770, CheckMissionGrowItem con_tie= 0 , con_shu=0 , cha_control_id=9
5770, CheckMissionGrowItem cha_control_id= 9 , CheckGodWeapon(1,control_id)=0 , G_Tab.HeroEventStatistics[cha_control_id].multi_kill[2]=0
5770, CheckMissionGrowItem cha_control_id= 9 , CheckGodWeapon(2,control_id)=0,G_Tab.HeroEventStatistics[cha_control_id].multi_kill[2]=0
6362, Check_Dead_Mission_SysEvent G_Tab.HeroEventStatistics[cha_control_id].multi_kill[1]= 0 , cha_control_id=14
6362, CheckMissionGrowItem con_tie= 0 , con_shu=0 , cha_control_id=14
6362, CheckMissionGrowItem cha_control_id= 14 , CheckGodWeapon(1,control_id)=0 , G_Tab.HeroEventStatistics[cha_control_id].multi_kill[2]=0
6362, CheckMissionGrowItem cha_control_id= 14 , CheckGodWeapon(2,control_id)=0,G_Tab.HeroEventStatistics[cha_control_id].multi_kill[2]=0
7139, Check_Dead_Mission_SysEvent G_Tab.HeroEventStatistics[cha_control_id].multi_kill[1]= 0 , cha_control_id=15
7139, CheckMissionGrowItem con_tie= 0 , con_shu=0 , cha_control_id=15
7139, CheckMissionGrowItem cha_control_id= 15 , CheckGodWeapon(1,control_id)=0 , G_Tab.HeroEventStatistics[cha_control_id].multi_kill[2]=0
7139, CheckMissionGrowItem cha_control_id= 15 , CheckGodWeapon(2,control_id)=0,G_Tab.HeroEventStatistics[cha_control_id].multi_kill[2]=0
7235, Check_Dead_Mission_SysEvent G_Tab.HeroEventStatistics[cha_control_id].multi_kill[1]= 1 , cha_control_id=9
7235, CheckMissionGrowItem con_tie= 0 , con_shu=0 , cha_control_id=9
7235, CheckMissionGrowItem cha_control_id= 9 , CheckGodWeapon(1,control_id)=0 , G_Tab.HeroEventStatistics[cha_control_id].multi_kill[2]=0
7235, CheckMissionGrowItem cha_control_id= 9 , CheckGodWeapon(2,control_id)=0,G_Tab.HeroEventStatistics[cha_control_id].multi_kill[2]=0
9504, Check_Dead_Mission_SysEvent G_Tab.HeroEventStatistics[cha_control_id].multi_kill[1]= 0 , cha_control_id=17
9504, CheckMissionGrowItem con_tie= 0 , con_shu=0 , cha_control_id=17
9504, CheckMissionGrowItem cha_control_id= 17 , CheckGodWeapon(1,control_id)=0 , G_Tab.HeroEventStatistics[cha_control_id].multi_kill[2]=0
9504, CheckMissionGrowItem cha_control_id= 17 , CheckGodWeapon(2,control_id)=0,G_Tab.HeroEventStatistics[cha_control_id].multi_kill[2]=0
9594, Check_Dead_Mission_SysEvent G_Tab.HeroEventStatistics[cha_control_id].multi_kill[1]= 0 , cha_control_id=2
9594, CheckMissionGrowItem con_tie= 0 , con_shu=0 , cha_control_id=2
9594, CheckMissionGrowItem cha_control_id= 2 , CheckGodWeapon(1,control_id)=0 , G_Tab.HeroEventStatistics[cha_control_id].multi_kill[2]=0
9594, CheckMissionGrowItem cha_control_id= 2 , CheckGodWeapon(2,control_id)=0,G_Tab.HeroEventStatistics[cha_control_id].multi_kill[2]=0
10642, Check_Dead_Mission_SysEvent G_Tab.HeroEventStatistics[cha_control_id].multi_kill[1]= 0 , cha_control_id=13
10642, CheckMissionGrowItem con_tie= 0 , con_shu=0 , cha_control_id=13
10642, CheckMissionGrowItem cha_control_id= 13 , CheckGodWeapon(1,control_id)=0 , G_Tab.HeroEventStatistics[cha_control_id].multi_kill[2]=0
10642, CheckMissionGrowItem cha_control_id= 13 , CheckGodWeapon(2,control_id)=0,G_Tab.HeroEventStatistics[cha_control_id].multi_kill[2]=0
11844, Check_Dead_Mission_SysEvent G_Tab.HeroEventStatistics[cha_control_id].multi_kill[1]= 1 , cha_control_id=2
11844, CheckMissionGrowItem con_tie= 0 , con_shu=0 , cha_control_id=2
11844, CheckMissionGrowItem cha_control_id= 2 , CheckGodWeapon(1,control_id)=0 , G_Tab.HeroEventStatistics[cha_control_id].multi_kill[2]=0
11844, CheckMissionGrowItem cha_control_id= 2 , CheckGodWeapon(2,control_id)=0,G_Tab.HeroEventStatistics[cha_control_id].multi_kill[2]=0
11912, Check_Dead_Mission_SysEvent G_Tab.HeroEventStatistics[cha_control_id].multi_kill[1]= 0 , cha_control_id=6
11912, CheckMissionGrowItem con_tie= 0 , con_shu=0 , cha_control_id=6
11912, CheckMissionGrowItem cha_control_id= 6 , CheckGodWeapon(1,control_id)=0 , G_Tab.HeroEventStatistics[cha_control_id].multi_kill[2]=0
11912, CheckMissionGrowItem cha_control_id= 6 , CheckGodWeapon(2,control_id)=0,G_Tab.HeroEventStatistics[cha_control_id].multi_kill[2]=0
14036, Check_Dead_Mission_SysEvent G_Tab.HeroEventStatistics[cha_control_id].multi_kill[1]= 0 , cha_control_id=7
14036, CheckMissionGrowItem con_tie= 0 , con_shu=0 , cha_control_id=7
14036, CheckMissionGrowItem cha_control_id= 7 , CheckGodWeapon(1,control_id)=0 , G_Tab.HeroEventStatistics[cha_control_id].multi_kill[2]=0
14036, CheckMissionGrowItem cha_control_id= 7 , CheckGodWeapon(2,control_id)=0,G_Tab.HeroEventStatistics[cha_control_id].multi_kill[2]=0
14045, Check_Dead_Mission_SysEvent G_Tab.HeroEventStatistics[cha_control_id].multi_kill[1]= 1 , cha_control_id=14
14045, CheckMissionGrowItem con_tie= 0 , con_shu=0 , cha_control_id=14
14045, CheckMissionGrowItem cha_control_id= 14 , CheckGodWeapon(1,control_id)=0 , G_Tab.HeroEventStatistics[cha_control_id].multi_kill[2]=0
14045, CheckMissionGrowItem cha_control_id= 14 , CheckGodWeapon(2,control_id)=0,G_Tab.HeroEventStatistics[cha_control_id].multi_kill[2]=0
14280, Check_Dead_Mission_SysEvent G_Tab.HeroEventStatistics[cha_control_id].multi_kill[1]= 0 , cha_control_id=17
14280, CheckMissionGrowItem con_tie= 0 , con_shu=0 , cha_control_id=17
14280, CheckMissionGrowItem cha_control_id= 17 , CheckGodWeapon(1,control_id)=0 , G_Tab.HeroEventStatistics[cha_control_id].multi_kill[2]=0
14280, CheckMissionGrowItem cha_control_id= 17 , CheckGodWeapon(2,control_id)=0,G_Tab.HeroEventStatistics[cha_control_id].multi_kill[2]=0
14856, Check_Dead_Mission_SysEvent G_Tab.HeroEventStatistics[cha_control_id].multi_kill[1]= 1 , cha_control_id=15
14856, CheckMissionGrowItem con_tie= 0 , con_shu=0 , cha_control_id=15
14856, CheckMissionGrowItem cha_control_id= 15 , CheckGodWeapon(1,control_id)=0 , G_Tab.HeroEventStatistics[cha_control_id].multi_kill[2]=0
14856, CheckMissionGrowItem cha_control_id= 15 , CheckGodWeapon(2,control_id)=0,G_Tab.HeroEventStatistics[cha_control_id].multi_kill[2]=0
14942, Check_Dead_Mission_SysEvent G_Tab.HeroEventStatistics[cha_control_id].multi_kill[1]= 0 , cha_control_id=3
14942, CheckMissionGrowItem con_tie= 0 , con_shu=0 , cha_control_id=3
14942, CheckMissionGrowItem cha_control_id= 3 , CheckGodWeapon(1,control_id)=0 , G_Tab.HeroEventStatistics[cha_control_id].multi_kill[2]=0
14942, CheckMissionGrowItem cha_control_id= 3 , CheckGodWeapon(2,control_id)=0,G_Tab.HeroEventStatistics[cha_control_id].multi_kill[2]=0
15692, Check_Dead_Mission_SysEvent G_Tab.HeroEventStatistics[cha_control_id].multi_kill[1]= 0 , cha_control_id=1
15692, CheckMissionGrowItem con_tie= 0 , con_shu=0 , cha_control_id=1
15692, CheckMissionGrowItem cha_control_id= 1 , CheckGodWeapon(1,control_id)=0 , G_Tab.HeroEventStatistics[cha_control_id].multi_kill[2]=0
15692, CheckMissionGrowItem cha_control_id= 1 , CheckGodWeapon(2,control_id)=0,G_Tab.HeroEventStatistics[cha_control_id].multi_kill[2]=0
16654, Check_Dead_Mission_SysEvent G_Tab.HeroEventStatistics[cha_control_id].multi_kill[1]= 2 , cha_control_id=14
16654, CheckMissionGrowItem con_tie= 0 , con_shu=0 , cha_control_id=14
16654, CheckMissionGrowItem cha_control_id= 14 , CheckGodWeapon(1,control_id)=0 , G_Tab.HeroEventStatistics[cha_control_id].multi_kill[2]=0
16654, CheckMissionGrowItem cha_control_id= 14 , CheckGodWeapon(2,control_id)=0,G_Tab.HeroEventStatistics[cha_control_id].multi_kill[2]=0
16793, Check_Dead_Mission_SysEvent G_Tab.HeroEventStatistics[cha_control_id].multi_kill[1]= 0 , cha_control_id=20
16793, CheckMissionGrowItem con_tie= 0 , con_shu=0 , cha_control_id=20
16793, CheckMissionGrowItem cha_control_id= 20 , CheckGodWeapon(1,control_id)=0 , G_Tab.HeroEventStatistics[cha_control_id].multi_kill[2]=0
16793, CheckMissionGrowItem cha_control_id= 20 , CheckGodWeapon(2,control_id)=0,G_Tab.HeroEventStatistics[cha_control_id].multi_kill[2]=0
16902, Check_Dead_Mission_SysEvent G_Tab.HeroEventStatistics[cha_control_id].multi_kill[1]= 0 , cha_control_id=4
16902, CheckMissionGrowItem con_tie= 0 , con_shu=0 , cha_control_id=4
16902, CheckMissionGrowItem cha_control_id= 4 , CheckGodWeapon(1,control_id)=0 , G_Tab.HeroEventStatistics[cha_control_id].multi_kill[2]=0
16902, CheckMissionGrowItem cha_control_id= 4 , CheckGodWeapon(2,control_id)=0,G_Tab.HeroEventStatistics[cha_control_id].multi_kill[2]=0
16991, Check_Dead_Mission_SysEvent G_Tab.HeroEventStatistics[cha_control_id].multi_kill[1]= 0 , cha_control_id=7
16991, CheckMissionGrowItem con_tie= 0 , con_shu=0 , cha_control_id=7
16991, CheckMissionGrowItem cha_control_id= 7 , CheckGodWeapon(1,control_id)=0 , G_Tab.HeroEventStatistics[cha_control_id].multi_kill[2]=0
16991, CheckMissionGrowItem cha_control_id= 7 , CheckGodWeapon(2,control_id)=0,G_Tab.HeroEventStatistics[cha_control_id].multi_kill[2]=0
17716, Check_Dead_Mission_SysEvent G_Tab.HeroEventStatistics[cha_control_id].multi_kill[1]= 1 , cha_control_id=7
17716, CheckMissionGrowItem con_tie= 0 , con_shu=0 , cha_control_id=7
17716, CheckMissionGrowItem cha_control_id= 7 , CheckGodWeapon(1,control_id)=0 , G_Tab.HeroEventStatistics[cha_control_id].multi_kill[2]=0
17716, CheckMissionGrowItem cha_control_id= 7 , CheckGodWeapon(2,control_id)=0,G_Tab.HeroEventStatistics[cha_control_id].multi_kill[2]=0
18093, Check_Dead_Mission_SysEvent G_Tab.HeroEventStatistics[cha_control_id].multi_kill[1]= 0 , cha_control_id=19
18093, CheckMissionGrowItem con_tie= 0 , con_shu=0 , cha_control_id=19
18093, CheckMissionGrowItem cha_control_id= 19 , CheckGodWeapon(1,control_id)=0 , G_Tab.HeroEventStatistics[cha_control_id].multi_kill[2]=0
18093, CheckMissionGrowItem cha_control_id= 19 , CheckGodWeapon(2,control_id)=0,G_Tab.HeroEventStatistics[cha_control_id].multi_kill[2]=0
18214, Check_Dead_Mission_SysEvent G_Tab.HeroEventStatistics[cha_control_id].multi_kill[1]= 0 , cha_control_id=2
18214, CheckMissionGrowItem con_tie= 0 , con_shu=0 , cha_control_id=2
18214, CheckMissionGrowItem cha_control_id= 2 , CheckGodWeapon(1,control_id)=0 , G_Tab.HeroEventStatistics[cha_control_id].multi_kill[2]=0
18214, CheckMissionGrowItem cha_control_id= 2 , CheckGodWeapon(2,control_id)=0,G_Tab.HeroEventStatistics[cha_control_id].multi_kill[2]=0
18475, Check_Dead_Mission_SysEvent G_Tab.HeroEventStatistics[cha_control_id].multi_kill[1]= 1 , cha_control_id=3
18475, CheckMissionGrowItem con_tie= 0 , con_shu=0 , cha_control_id=3
18475, CheckMissionGrowItem cha_control_id= 3 , CheckGodWeapon(1,control_id)=0 , G_Tab.HeroEventStatistics[cha_control_id].multi_kill[2]=0
18475, CheckMissionGrowItem cha_control_id= 3 , CheckGodWeapon(2,control_id)=0,G_Tab.HeroEventStatistics[cha_control_id].multi_kill[2]=0
18488, Check_Dead_Mission_SysEvent G_Tab.HeroEventStatistics[cha_control_id].multi_kill[1]= 0 , cha_control_id=11
18488, CheckMissionGrowItem con_tie= 0 , con_shu=0 , cha_control_id=11
18488, CheckMissionGrowItem cha_control_id= 11 , CheckGodWeapon(1,control_id)=0 , G_Tab.HeroEventStatistics[cha_control_id].multi_kill[2]=0
18488, CheckMissionGrowItem cha_control_id= 11 , CheckGodWeapon(2,control_id)=0,G_Tab.HeroEventStatistics[cha_control_id].multi_kill[2]=0
19440, Check_Dead_Mission_SysEvent G_Tab.HeroEventStatistics[cha_control_id].multi_kill[1]= 0 , cha_control_id=6
19440, CheckMissionGrowItem con_tie= 0 , con_shu=0 , cha_control_id=6
19440, CheckMissionGrowItem cha_control_id= 6 , CheckGodWeapon(1,control_id)=0 , G_Tab.HeroEventStatistics[cha_control_id].multi_kill[2]=0
19440, CheckMissionGrowItem cha_control_id= 6 , CheckGodWeapon(2,control_id)=0,G_Tab.HeroEventStatistics[cha_control_id].multi_kill[2]=0
21275, Check_Dead_Mission_SysEvent G_Tab.HeroEventStatistics[cha_control_id].multi_kill[1]= 1 , cha_control_id=1
21275, CheckMissionGrowItem con_tie= 0 , con_shu=0 , cha_control_id=1
21275, CheckMissionGrowItem cha_control_id= 1 , CheckGodWeapon(1,control_id)=0 , G_Tab.HeroEventStatistics[cha_control_id].multi_kill[2]=0
21275, CheckMissionGrowItem cha_control_id= 1 , CheckGodWeapon(2,control_id)=0,G_Tab.HeroEventStatistics[cha_control_id].multi_kill[2]=0
21357, Check_Dead_Mission_SysEvent G_Tab.HeroEventStatistics[cha_control_id].multi_kill[1]= 0 , cha_control_id=20
21357, CheckMissionGrowItem con_tie= 0 , con_shu=0 , cha_control_id=20
21357, CheckMissionGrowItem cha_control_id= 20 , CheckGodWeapon(1,control_id)=0 , G_Tab.HeroEventStatistics[cha_control_id].multi_kill[2]=0
21357, CheckMissionGrowItem cha_control_id= 20 , CheckGodWeapon(2,control_id)=0,G_Tab.HeroEventStatistics[cha_control_id].multi_kill[2]=0
21506, Check_Dead_Mission_SysEvent G_Tab.HeroEventStatistics[cha_control_id].multi_kill[1]= 0 , cha_control_id=7
21506, CheckMissionGrowItem con_tie= 0 , con_shu=0 , cha_control_id=7
21506, CheckMissionGrowItem cha_control_id= 7 , CheckGodWeapon(1,control_id)=0 , G_Tab.HeroEventStatistics[cha_control_id].multi_kill[2]=0
21506, CheckMissionGrowItem cha_control_id= 7 , CheckGodWeapon(2,control_id)=0,G_Tab.HeroEventStatistics[cha_control_id].multi_kill[2]=0
21540, Check_Dead_Mission_SysEvent G_Tab.HeroEventStatistics[cha_control_id].multi_kill[1]= 0 , cha_control_id=14
21540, CheckMissionGrowItem con_tie= 0 , con_shu=0 , cha_control_id=14
21540, CheckMissionGrowItem cha_control_id= 14 , CheckGodWeapon(1,control_id)=0 , G_Tab.HeroEventStatistics[cha_control_id].multi_kill[2]=0
21540, CheckMissionGrowItem cha_control_id= 14 , CheckGodWeapon(2,control_id)=0,G_Tab.HeroEventStatistics[cha_control_id].multi_kill[2]=0
22192, Check_Dead_Mission_SysEvent G_Tab.HeroEventStatistics[cha_control_id].multi_kill[1]= 1 , cha_control_id=14
22192, CheckMissionGrowItem con_tie= 0 , con_shu=0 , cha_control_id=14
22192, CheckMissionGrowItem cha_control_id= 14 , CheckGodWeapon(1,control_id)=0 , G_Tab.HeroEventStatistics[cha_control_id].multi_kill[2]=0
22192, CheckMissionGrowItem cha_control_id= 14 , CheckGodWeapon(2,control_id)=0,G_Tab.HeroEventStatistics[cha_control_id].multi_kill[2]=0
22254, Check_Dead_Mission_SysEvent G_Tab.HeroEventStatistics[cha_control_id].multi_kill[1]= 0 , cha_control_id=4
22254, CheckMissionGrowItem con_tie= 0 , con_shu=0 , cha_control_id=4
22254, CheckMissionGrowItem cha_control_id= 4 , CheckGodWeapon(1,control_id)=0 , G_Tab.HeroEventStatistics[cha_control_id].multi_kill[2]=0
22254, CheckMissionGrowItem cha_control_id= 4 , CheckGodWeapon(2,control_id)=0,G_Tab.HeroEventStatistics[cha_control_id].multi_kill[2]=0
22946, Check_Dead_Mission_SysEvent G_Tab.HeroEventStatistics[cha_control_id].multi_kill[1]= 1 , cha_control_id=7
22946, CheckMissionGrowItem con_tie= 0 , con_shu=0 , cha_control_id=7
22946, CheckMissionGrowItem cha_control_id= 7 , CheckGodWeapon(1,control_id)=0 , G_Tab.HeroEventStatistics[cha_control_id].multi_kill[2]=0
22946, CheckMissionGrowItem cha_control_id= 7 , CheckGodWeapon(2,control_id)=0,G_Tab.HeroEventStatistics[cha_control_id].multi_kill[2]=0
22986, Check_Dead_Mission_SysEvent G_Tab.HeroEventStatistics[cha_control_id].multi_kill[1]= 1 , cha_control_id=13
22986, CheckMissionGrowItem con_tie= 0 , con_shu=0 , cha_control_id=13
22986, CheckMissionGrowItem cha_control_id= 13 , CheckGodWeapon(1,control_id)=0 , G_Tab.HeroEventStatistics[cha_control_id].multi_kill[2]=0
22986, CheckMissionGrowItem cha_control_id= 13 , CheckGodWeapon(2,control_id)=0,G_Tab.HeroEventStatistics[cha_control_id].multi_kill[2]=0
25770, Check_Dead_Mission_SysEvent G_Tab.HeroEventStatistics[cha_control_id].multi_kill[1]= 0 , cha_control_id=19
25770, CheckMissionGrowItem con_tie= 0 , con_shu=0 , cha_control_id=19
25770, CheckMissionGrowItem cha_control_id= 19 , CheckGodWeapon(1,control_id)=0 , G_Tab.HeroEventStatistics[cha_control_id].multi_kill[2]=0
25770, CheckMissionGrowItem cha_control_id= 19 , CheckGodWeapon(2,control_id)=0,G_Tab.HeroEventStatistics[cha_control_id].multi_kill[2]=0
25771, Check_Dead_Mission_SysEvent G_Tab.HeroEventStatistics[cha_control_id].multi_kill[1]= 0 , cha_control_id=9
25771, CheckMissionGrowItem con_tie= 0 , con_shu=0 , cha_control_id=9
25771, CheckMissionGrowItem cha_control_id= 9 , CheckGodWeapon(1,control_id)=0 , G_Tab.HeroEventStatistics[cha_control_id].multi_kill[2]=0
25771, CheckMissionGrowItem cha_control_id= 9 , CheckGodWeapon(2,control_id)=0,G_Tab.HeroEventStatistics[cha_control_id].multi_kill[2]=0
25854, Check_Dead_Mission_SysEvent G_Tab.HeroEventStatistics[cha_control_id].multi_kill[1]= 0 , cha_control_id=18
25854, CheckMissionGrowItem con_tie= 0 , con_shu=0 , cha_control_id=18
25854, CheckMissionGrowItem cha_control_id= 18 , CheckGodWeapon(1,control_id)=0 , G_Tab.HeroEventStatistics[cha_control_id].multi_kill[2]=0
25854, CheckMissionGrowItem cha_control_id= 18 , CheckGodWeapon(2,control_id)=0,G_Tab.HeroEventStatistics[cha_control_id].multi_kill[2]=0
26575, Check_Dead_Mission_SysEvent G_Tab.HeroEventStatistics[cha_control_id].multi_kill[1]= 0 , cha_control_id=6
26575, CheckMissionGrowItem con_tie= 0 , con_shu=0 , cha_control_id=6
26575, CheckMissionGrowItem cha_control_id= 6 , CheckGodWeapon(1,control_id)=0 , G_Tab.HeroEventStatistics[cha_control_id].multi_kill[2]=0
26575, CheckMissionGrowItem cha_control_id= 6 , CheckGodWeapon(2,control_id)=0,G_Tab.HeroEventStatistics[cha_control_id].multi_kill[2]=0
27095, Check_Dead_Mission_SysEvent G_Tab.HeroEventStatistics[cha_control_id].multi_kill[1]= 0 , cha_control_id=15
27095, CheckMissionGrowItem con_tie= 0 , con_shu=0 , cha_control_id=15
27095, CheckMissionGrowItem cha_control_id= 15 , CheckGodWeapon(1,control_id)=0 , G_Tab.HeroEventStatistics[cha_control_id].multi_kill[2]=0
27095, CheckMissionGrowItem cha_control_id= 15 , CheckGodWeapon(2,control_id)=0,G_Tab.HeroEventStatistics[cha_control_id].multi_kill[2]=0
27117, Check_Dead_Mission_SysEvent G_Tab.HeroEventStatistics[cha_control_id].multi_kill[1]= 0 , cha_control_id=7
27117, CheckMissionGrowItem con_tie= 0 , con_shu=0 , cha_control_id=7
27117, CheckMissionGrowItem cha_control_id= 7 , CheckGodWeapon(1,control_id)=0 , G_Tab.HeroEventStatistics[cha_control_id].multi_kill[2]=0
27117, CheckMissionGrowItem cha_control_id= 7 , CheckGodWeapon(2,control_id)=0,G_Tab.HeroEventStatistics[cha_control_id].multi_kill[2]=0
28558, Check_Dead_Mission_SysEvent G_Tab.HeroEventStatistics[cha_control_id].multi_kill[1]= 1 , cha_control_id=6
28558, CheckMissionGrowItem con_tie= 0 , con_shu=0 , cha_control_id=6
28558, CheckMissionGrowItem cha_control_id= 6 , CheckGodWeapon(1,control_id)=0 , G_Tab.HeroEventStatistics[cha_control_id].multi_kill[2]=0
28558, CheckMissionGrowItem cha_control_id= 6 , CheckGodWeapon(2,control_id)=0,G_Tab.HeroEventStatistics[cha_control_id].multi_kill[2]=0
29009, Check_Dead_Mission_SysEvent G_Tab.HeroEventStatistics[cha_control_id].multi_kill[1]= 0 , cha_control_id=10
29009, CheckMissionGrowItem con_tie= 0 , con_shu=0 , cha_control_id=10
29009, CheckMissionGrowItem cha_control_id= 10 , CheckGodWeapon(1,control_id)=0 , G_Tab.HeroEventStatistics[cha_control_id].multi_kill[2]=0
29009, CheckMissionGrowItem cha_control_id= 10 , CheckGodWeapon(2,control_id)=0,G_Tab.HeroEventStatistics[cha_control_id].multi_kill[2]=0
29022, Check_Dead_Mission_SysEvent G_Tab.HeroEventStatistics[cha_control_id].multi_kill[1]= 0 , cha_control_id=11
29022, CheckMissionGrowItem con_tie= 0 , con_shu=0 , cha_control_id=11
29022, CheckMissionGrowItem cha_control_id= 11 , CheckGodWeapon(1,control_id)=0 , G_Tab.HeroEventStatistics[cha_control_id].multi_kill[2]=0
29022, CheckMissionGrowItem cha_control_id= 11 , CheckGodWeapon(2,control_id)=0,G_Tab.HeroEventStatistics[cha_control_id].multi_kill[2]=0
30116, Check_Dead_Mission_SysEvent G_Tab.HeroEventStatistics[cha_control_id].multi_kill[1]= 1 , cha_control_id=11
30116, CheckMissionGrowItem con_tie= 0 , con_shu=0 , cha_control_id=11
30116, CheckMissionGrowItem cha_control_id= 11 , CheckGodWeapon(1,control_id)=0 , G_Tab.HeroEventStatistics[cha_control_id].multi_kill[2]=0
30116, CheckMissionGrowItem cha_control_id= 11 , CheckGodWeapon(2,control_id)=0,G_Tab.HeroEventStatistics[cha_control_id].multi_kill[2]=0
30210, Check_Dead_Mission_SysEvent G_Tab.HeroEventStatistics[cha_control_id].multi_kill[1]= 1 , cha_control_id=4
30210, CheckMissionGrowItem con_tie= 0 , con_shu=0 , cha_control_id=4
30210, CheckMissionGrowItem cha_control_id= 4 , CheckGodWeapon(1,control_id)=0 , G_Tab.HeroEventStatistics[cha_control_id].multi_kill[2]=0
30210, CheckMissionGrowItem cha_control_id= 4 , CheckGodWeapon(2,control_id)=0,G_Tab.HeroEventStatistics[cha_control_id].multi_kill[2]=0
30446, Check_Dead_Mission_SysEvent G_Tab.HeroEventStatistics[cha_control_id].multi_kill[1]= 1 , cha_control_id=2
30446, CheckMissionGrowItem con_tie= 0 , con_shu=0 , cha_control_id=2
30446, CheckMissionGrowItem cha_control_id= 2 , CheckGodWeapon(1,control_id)=0 , G_Tab.HeroEventStatistics[cha_control_id].multi_kill[2]=0
30446, CheckMissionGrowItem cha_control_id= 2 , CheckGodWeapon(2,control_id)=0,G_Tab.HeroEventStatistics[cha_control_id].multi_kill[2]=0
30692, Check_Dead_Mission_SysEvent G_Tab.HeroEventStatistics[cha_control_id].multi_kill[1]= 2 , cha_control_id=1
30692, CheckMissionGrowItem con_tie= 0 , con_shu=0 , cha_control_id=1
30692, CheckMissionGrowItem cha_control_id= 1 , CheckGodWeapon(1,control_id)=0 , G_Tab.HeroEventStatistics[cha_control_id].multi_kill[2]=0
30692, CheckMissionGrowItem cha_control_id= 1 , CheckGodWeapon(2,control_id)=0,G_Tab.HeroEventStatistics[cha_control_id].multi_kill[2]=0
31109, Check_Dead_Mission_SysEvent G_Tab.HeroEventStatistics[cha_control_id].multi_kill[1]= 1 , cha_control_id=18
31109, CheckMissionGrowItem con_tie= 0 , con_shu=0 , cha_control_id=18
31109, CheckMissionGrowItem cha_control_id= 18 , CheckGodWeapon(1,control_id)=0 , G_Tab.HeroEventStatistics[cha_control_id].multi_kill[2]=0
31109, CheckMissionGrowItem cha_control_id= 18 , CheckGodWeapon(2,control_id)=0,G_Tab.HeroEventStatistics[cha_control_id].multi_kill[2]=0
31931, Check_Dead_Mission_SysEvent G_Tab.HeroEventStatistics[cha_control_id].multi_kill[1]= 0 , cha_control_id=3
31931, CheckMissionGrowItem con_tie= 0 , con_shu=0 , cha_control_id=3
31931, CheckMissionGrowItem cha_control_id= 3 , CheckGodWeapon(1,control_id)=0 , G_Tab.HeroEventStatistics[cha_control_id].multi_kill[2]=0
31931, CheckMissionGrowItem cha_control_id= 3 , CheckGodWeapon(2,control_id)=0,G_Tab.HeroEventStatistics[cha_control_id].multi_kill[2]=0
31990, Check_Dead_Mission_SysEvent G_Tab.HeroEventStatistics[cha_control_id].multi_kill[1]= 0 , cha_control_id=19
31990, CheckMissionGrowItem con_tie= 0 , con_shu=0 , cha_control_id=19
31990, CheckMissionGrowItem cha_control_id= 19 , CheckGodWeapon(1,control_id)=0 , G_Tab.HeroEventStatistics[cha_control_id].multi_kill[2]=0
31990, CheckMissionGrowItem cha_control_id= 19 , CheckGodWeapon(2,control_id)=0,G_Tab.HeroEventStatistics[cha_control_id].multi_kill[2]=0
32454, Check_Dead_Mission_SysEvent G_Tab.HeroEventStatistics[cha_control_id].multi_kill[1]= 0 , cha_control_id=16
32454, CheckMissionGrowItem con_tie= 0 , con_shu=0 , cha_control_id=16
32454, CheckMissionGrowItem cha_control_id= 16 , CheckGodWeapon(1,control_id)=0 , G_Tab.HeroEventStatistics[cha_control_id].multi_kill[2]=0
32454, CheckMissionGrowItem cha_control_id= 16 , CheckGodWeapon(2,control_id)=0,G_Tab.HeroEventStatistics[cha_control_id].multi_kill[2]=0
33789, Check_Dead_Mission_SysEvent G_Tab.HeroEventStatistics[cha_control_id].multi_kill[1]= 0 , cha_control_id=15
33789, CheckMissionGrowItem con_tie= 0 , con_shu=0 , cha_control_id=15
33789, CheckMissionGrowItem cha_control_id= 15 , CheckGodWeapon(1,control_id)=0 , G_Tab.HeroEventStatistics[cha_control_id].multi_kill[2]=0
33789, CheckMissionGrowItem cha_control_id= 15 , CheckGodWeapon(2,control_id)=0,G_Tab.HeroEventStatistics[cha_control_id].multi_kill[2]=0
34247, Check_Dead_Mission_SysEvent G_Tab.HeroEventStatistics[cha_control_id].multi_kill[1]= 0 , cha_control_id=17
34247, CheckMissionGrowItem con_tie= 0 , con_shu=0 , cha_control_id=17
34247, CheckMissionGrowItem cha_control_id= 17 , CheckGodWeapon(1,control_id)=0 , G_Tab.HeroEventStatistics[cha_control_id].multi_kill[2]=0
34247, CheckMissionGrowItem cha_control_id= 17 , CheckGodWeapon(2,control_id)=0,G_Tab.HeroEventStatistics[cha_control_id].multi_kill[2]=0
35214, Check_Dead_Mission_SysEvent G_Tab.HeroEventStatistics[cha_control_id].multi_kill[1]= 2 , cha_control_id=6
35214, CheckMissionGrowItem con_tie= 0 , con_shu=0 , cha_control_id=6
35214, CheckMissionGrowItem cha_control_id= 6 , CheckGodWeapon(1,control_id)=0 , G_Tab.HeroEventStatistics[cha_control_id].multi_kill[2]=0
35214, CheckMissionGrowItem cha_control_id= 6 , CheckGodWeapon(2,control_id)=0,G_Tab.HeroEventStatistics[cha_control_id].multi_kill[2]=0
35553, ------共享关系逻辑操作开始；当前所有玩家的可操作英雄列表
35553, 	玩家 1 的可操作英雄列表：
35553, 		pos=1 ;hero=342_徐盛
35553, 	玩家 2 的可操作英雄列表：
35553, 		pos=1 ;hero=336_蒋钦
35553, 	玩家 3 的可操作英雄列表：
35553, 		pos=1 ;hero=325_马超
35553, 	玩家 4 的可操作英雄列表：
35553, 		pos=1 ;hero=331_邓艾
35553, 	玩家 5 的可操作英雄列表：
35553, 		pos=1 ;hero=359_赵云
35553, 	玩家 6 的可操作英雄列表：
35553, 		pos=1 ;hero=345_曹丕
35553, 	玩家 7 的可操作英雄列表：
35553, 		pos=1 ;hero=343_曹操
35553, 	玩家 8 的可操作英雄列表：
35553, 		pos=1 ;hero=326_周瑜
35553, 	玩家 9 的可操作英雄列表：
35553, 		pos=1 ;hero=340_华佗
35553, 	玩家 10 的可操作英雄列表：
35553, 		pos=1 ;hero=316_黄盖
35553, 	玩家 11 的可操作英雄列表：
35553, 		pos=1 ;hero=357_邓芝
35553, 	玩家 12 的可操作英雄列表：
35553, 	玩家 13 的可操作英雄列表：
35553, 		pos=1 ;hero=330_马谡
35553, 	玩家 14 的可操作英雄列表：
35553, 		pos=1 ;hero=323_贾诩
35553, 	玩家 15 的可操作英雄列表：
35553, 		pos=1 ;hero=319_祝融夫人
35553, 	玩家 16 的可操作英雄列表：
35553, 		pos=1 ;hero=358_李典
35553, 	玩家 17 的可操作英雄列表：
35553, 		pos=1 ;hero=334_司马懿
35553, 	玩家 18 的可操作英雄列表：
35553, 		pos=1 ;hero=324_法正
35553, 	玩家 19 的可操作英雄列表：
35553, 		pos=1 ;hero=327_甄姬
35553, 	玩家 20 的可操作英雄列表：
35553, 		pos=1 ;hero=322_马岱
35553, 	玩家 21 的可操作英雄列表：
35553, 	玩家 22 的可操作英雄列表：
35553, 初始化共享关系，把离线的英雄共享给加入者 12
35553, 取消加入者的英雄对其他人的共享关系
35553, 	取消加入者 12 对玩家 1 的共享
35553, 	取消加入者 12 对玩家 2 的共享
35553, 	取消加入者 12 对玩家 3 的共享
35553, 	取消加入者 12 对玩家 4 的共享
35553, 	取消加入者 12 对玩家 5 的共享
35553, 	取消加入者 12 对玩家 6 的共享
35553, 	取消加入者 12 对玩家 7 的共享
35553, 	取消加入者 12 对玩家 8 的共享
35553, 	取消加入者 12 对玩家 9 的共享
35553, 	取消加入者 12 对玩家 10 的共享
35553, 	取消加入者 12 对玩家 11 的共享
35553, 	取消加入者 12 对玩家 13 的共享
35553, 	取消加入者 12 对玩家 14 的共享
35553, 	取消加入者 12 对玩家 15 的共享
35553, 	取消加入者 12 对玩家 16 的共享
35553, 	取消加入者 12 对玩家 17 的共享
35553, 	取消加入者 12 对玩家 18 的共享
35553, 	取消加入者 12 对玩家 19 的共享
35553, 	取消加入者 12 对玩家 20 的共享
35553, 	取消加入者 12 对玩家 21 的共享
35553, 	取消加入者 12 对玩家 22 的共享
35553, 	取消加入者 12 自己的共享
35553, --------共享关系逻辑操作结束；当前所有玩家的可操作英雄列表
35553, 	玩家 1 的可操作英雄列表：
35553, 		pos=1 ;hero=342_徐盛
35553, 	玩家 2 的可操作英雄列表：
35553, 		pos=1 ;hero=336_蒋钦
35553, 	玩家 3 的可操作英雄列表：
35553, 		pos=1 ;hero=325_马超
35553, 	玩家 4 的可操作英雄列表：
35553, 		pos=1 ;hero=331_邓艾
35553, 	玩家 5 的可操作英雄列表：
35553, 		pos=1 ;hero=359_赵云
35553, 	玩家 6 的可操作英雄列表：
35553, 		pos=1 ;hero=345_曹丕
35553, 	玩家 7 的可操作英雄列表：
35553, 		pos=1 ;hero=343_曹操
35553, 	玩家 8 的可操作英雄列表：
35553, 		pos=1 ;hero=326_周瑜
35553, 	玩家 9 的可操作英雄列表：
35553, 		pos=1 ;hero=340_华佗
35553, 	玩家 10 的可操作英雄列表：
35553, 		pos=1 ;hero=316_黄盖
35553, 	玩家 11 的可操作英雄列表：
35553, 		pos=1 ;hero=357_邓芝
35553, 	玩家 12 的可操作英雄列表：
35553, 	玩家 13 的可操作英雄列表：
35553, 		pos=1 ;hero=330_马谡
35553, 	玩家 14 的可操作英雄列表：
35553, 		pos=1 ;hero=323_贾诩
35553, 	玩家 15 的可操作英雄列表：
35553, 		pos=1 ;hero=319_祝融夫人
35553, 	玩家 16 的可操作英雄列表：
35553, 		pos=1 ;hero=358_李典
35553, 	玩家 17 的可操作英雄列表：
35553, 		pos=1 ;hero=334_司马懿
35553, 	玩家 18 的可操作英雄列表：
35553, 		pos=1 ;hero=324_法正
35553, 	玩家 19 的可操作英雄列表：
35553, 		pos=1 ;hero=327_甄姬
35553, 	玩家 20 的可操作英雄列表：
35553, 		pos=1 ;hero=322_马岱
35553, 	玩家 21 的可操作英雄列表：
35553, 	玩家 22 的可操作英雄列表：
36252, Check_Dead_Mission_SysEvent G_Tab.HeroEventStatistics[cha_control_id].multi_kill[1]= 0 , cha_control_id=20
36252, CheckMissionGrowItem con_tie= 0 , con_shu=0 , cha_control_id=20
36252, CheckMissionGrowItem cha_control_id= 20 , CheckGodWeapon(1,control_id)=0 , G_Tab.HeroEventStatistics[cha_control_id].multi_kill[2]=0
36252, CheckMissionGrowItem cha_control_id= 20 , CheckGodWeapon(2,control_id)=0,G_Tab.HeroEventStatistics[cha_control_id].multi_kill[2]=0
36686, Check_Dead_Mission_SysEvent G_Tab.HeroEventStatistics[cha_control_id].multi_kill[1]= 1 , cha_control_id=19
36686, CheckMissionGrowItem con_tie= 0 , con_shu=0 , cha_control_id=19
36686, CheckMissionGrowItem cha_control_id= 19 , CheckGodWeapon(1,control_id)=0 , G_Tab.HeroEventStatistics[cha_control_id].multi_kill[2]=0
36686, CheckMissionGrowItem cha_control_id= 19 , CheckGodWeapon(2,control_id)=0,G_Tab.HeroEventStatistics[cha_control_id].multi_kill[2]=0
37360, Check_Dead_Mission_SysEvent G_Tab.HeroEventStatistics[cha_control_id].multi_kill[1]= 0 , cha_control_id=8
37360, CheckMissionGrowItem con_tie= 0 , con_shu=0 , cha_control_id=8
37360, CheckMissionGrowItem cha_control_id= 8 , CheckGodWeapon(1,control_id)=0 , G_Tab.HeroEventStatistics[cha_control_id].multi_kill[2]=0
37360, CheckMissionGrowItem cha_control_id= 8 , CheckGodWeapon(2,control_id)=0,G_Tab.HeroEventStatistics[cha_control_id].multi_kill[2]=0
38025, Check_Dead_Mission_SysEvent G_Tab.HeroEventStatistics[cha_control_id].multi_kill[1]= 1 , cha_control_id=15
38025, CheckMissionGrowItem con_tie= 0 , con_shu=0 , cha_control_id=15
38025, CheckMissionGrowItem cha_control_id= 15 , CheckGodWeapon(1,control_id)=0 , G_Tab.HeroEventStatistics[cha_control_id].multi_kill[2]=0
38025, CheckMissionGrowItem cha_control_id= 15 , CheckGodWeapon(2,control_id)=0,G_Tab.HeroEventStatistics[cha_control_id].multi_kill[2]=0
38530, Check_Dead_Mission_SysEvent G_Tab.HeroEventStatistics[cha_control_id].multi_kill[1]= 0 , cha_control_id=2
38530, CheckMissionGrowItem con_tie= 0 , con_shu=0 , cha_control_id=2
38530, CheckMissionGrowItem cha_control_id= 2 , CheckGodWeapon(1,control_id)=0 , G_Tab.HeroEventStatistics[cha_control_id].multi_kill[2]=0
38530, CheckMissionGrowItem cha_control_id= 2 , CheckGodWeapon(2,control_id)=0,G_Tab.HeroEventStatistics[cha_control_id].multi_kill[2]=0
38888, Check_Dead_Mission_SysEvent G_Tab.HeroEventStatistics[cha_control_id].multi_kill[1]= 1 , cha_control_id=10
38888, CheckMissionGrowItem con_tie= 0 , con_shu=0 , cha_control_id=10
38888, CheckMissionGrowItem cha_control_id= 10 , CheckGodWeapon(1,control_id)=0 , G_Tab.HeroEventStatistics[cha_control_id].multi_kill[2]=0
38888, CheckMissionGrowItem cha_control_id= 10 , CheckGodWeapon(2,control_id)=0,G_Tab.HeroEventStatistics[cha_control_id].multi_kill[2]=0
39038, Check_Dead_Mission_SysEvent G_Tab.HeroEventStatistics[cha_control_id].multi_kill[1]= 0 , cha_control_id=20
39038, CheckMissionGrowItem con_tie= 0 , con_shu=0 , cha_control_id=20
39038, CheckMissionGrowItem cha_control_id= 20 , CheckGodWeapon(1,control_id)=0 , G_Tab.HeroEventStatistics[cha_control_id].multi_kill[2]=0
39038, CheckMissionGrowItem cha_control_id= 20 , CheckGodWeapon(2,control_id)=0,G_Tab.HeroEventStatistics[cha_control_id].multi_kill[2]=0
39298, Mission_GetNewItem missionstart control_id= 7 , Item_id=187 , item_lv=1
40254, Check_Dead_Mission_SysEvent G_Tab.HeroEventStatistics[cha_control_id].multi_kill[1]= 1 , cha_control_id=17
40254, CheckMissionGrowItem con_tie= 0 , con_shu=7 , cha_control_id=17
40254, CheckMissionGrowItem cha_control_id= 17 , CheckGodWeapon(1,control_id)=0 , G_Tab.HeroEventStatistics[cha_control_id].multi_kill[2]=0
40254, CheckMissionGrowItem cha_control_id= 17 , CheckGodWeapon(2,control_id)=0,G_Tab.HeroEventStatistics[cha_control_id].multi_kill[2]=0
40296, Check_Dead_Mission_SysEvent G_Tab.HeroEventStatistics[cha_control_id].multi_kill[1]= 0 , cha_control_id=11
40296, CheckMissionGrowItem con_tie= 0 , con_shu=7 , cha_control_id=11
40296, CheckMissionGrowItem cha_control_id= 11 , CheckGodWeapon(1,control_id)=0 , G_Tab.HeroEventStatistics[cha_control_id].multi_kill[2]=0
40296, CheckMissionGrowItem cha_control_id= 11 , CheckGodWeapon(2,control_id)=0,G_Tab.HeroEventStatistics[cha_control_id].multi_kill[2]=0
40340, Check_Dead_Mission_SysEvent G_Tab.HeroEventStatistics[cha_control_id].multi_kill[1]= 1 , cha_control_id=11
40340, CheckMissionGrowItem con_tie= 0 , con_shu=7 , cha_control_id=11
40340, CheckMissionGrowItem cha_control_id= 11 , CheckGodWeapon(1,control_id)=0 , G_Tab.HeroEventStatistics[cha_control_id].multi_kill[2]=0
40340, CheckMissionGrowItem cha_control_id= 11 , CheckGodWeapon(2,control_id)=0,G_Tab.HeroEventStatistics[cha_control_id].multi_kill[2]=0
42213, Check_Dead_Mission_SysEvent G_Tab.HeroEventStatistics[cha_control_id].multi_kill[1]= 0 , cha_control_id=10
42213, CheckMissionGrowItem con_tie= 0 , con_shu=7 , cha_control_id=10
42213, CheckMissionGrowItem cha_control_id= 10 , CheckGodWeapon(1,control_id)=0 , G_Tab.HeroEventStatistics[cha_control_id].multi_kill[2]=0
42213, CheckMissionGrowItem cha_control_id= 10 , CheckGodWeapon(2,control_id)=0,G_Tab.HeroEventStatistics[cha_control_id].multi_kill[2]=0
42288, Check_Dead_Mission_SysEvent G_Tab.HeroEventStatistics[cha_control_id].multi_kill[1]= 0 , cha_control_id=18
42288, CheckMissionGrowItem con_tie= 0 , con_shu=7 , cha_control_id=18
42288, CheckMissionGrowItem cha_control_id= 18 , CheckGodWeapon(1,control_id)=0 , G_Tab.HeroEventStatistics[cha_control_id].multi_kill[2]=0
42288, CheckMissionGrowItem cha_control_id= 18 , CheckGodWeapon(2,control_id)=0,G_Tab.HeroEventStatistics[cha_control_id].multi_kill[2]=0
42398, Check_Dead_Mission_SysEvent G_Tab.HeroEventStatistics[cha_control_id].multi_kill[1]= 0 , cha_control_id=7
42398, CheckMissionGrowItem con_tie= 0 , con_shu=7 , cha_control_id=7
42398, CheckMissionGrowItem con_tie= 0 , con_shu=7 , cha_control_id=7,item_lv=1
42398, CheckMissionGrowItem con_tie= 0 , con_shu=7 , cha_control_id=7,G_Tab.HeroEventStatistics[cha_control_id].multi_kill[2]=0
42398, CheckMissionGrowItem cha_control_id= 7 , CheckGodWeapon(1,control_id)=0 , G_Tab.HeroEventStatistics[cha_control_id].multi_kill[2]=0
42398, CheckMissionGrowItem cha_control_id= 7 , CheckGodWeapon(2,control_id)=0,G_Tab.HeroEventStatistics[cha_control_id].multi_kill[2]=0
42566, Check_Dead_Mission_SysEvent G_Tab.HeroEventStatistics[cha_control_id].multi_kill[1]= 0 , cha_control_id=3
42566, CheckMissionGrowItem con_tie= 0 , con_shu=7 , cha_control_id=3
42566, CheckMissionGrowItem cha_control_id= 3 , CheckGodWeapon(1,control_id)=0 , G_Tab.HeroEventStatistics[cha_control_id].multi_kill[2]=0
42566, CheckMissionGrowItem cha_control_id= 3 , CheckGodWeapon(2,control_id)=0,G_Tab.HeroEventStatistics[cha_control_id].multi_kill[2]=0
42576, Check_Dead_Mission_SysEvent G_Tab.HeroEventStatistics[cha_control_id].multi_kill[1]= 0 , cha_control_id=16
42576, CheckMissionGrowItem con_tie= 0 , con_shu=7 , cha_control_id=16
42576, CheckMissionGrowItem cha_control_id= 16 , CheckGodWeapon(1,control_id)=0 , G_Tab.HeroEventStatistics[cha_control_id].multi_kill[2]=0
42576, CheckMissionGrowItem cha_control_id= 16 , CheckGodWeapon(2,control_id)=0,G_Tab.HeroEventStatistics[cha_control_id].multi_kill[2]=0
42786, Check_Dead_Mission_SysEvent G_Tab.HeroEventStatistics[cha_control_id].multi_kill[1]= 1 , cha_control_id=8
42786, CheckMissionGrowItem con_tie= 0 , con_shu=7 , cha_control_id=8
42786, CheckMissionGrowItem cha_control_id= 8 , CheckGodWeapon(1,control_id)=0 , G_Tab.HeroEventStatistics[cha_control_id].multi_kill[2]=0
42786, CheckMissionGrowItem cha_control_id= 8 , CheckGodWeapon(2,control_id)=0,G_Tab.HeroEventStatistics[cha_control_id].multi_kill[2]=0
42818, Check_Dead_Mission_SysEvent G_Tab.HeroEventStatistics[cha_control_id].multi_kill[1]= 2 , cha_control_id=8
42818, CheckMissionGrowItem con_tie= 0 , con_shu=7 , cha_control_id=8
42818, CheckMissionGrowItem cha_control_id= 8 , CheckGodWeapon(1,control_id)=0 , G_Tab.HeroEventStatistics[cha_control_id].multi_kill[2]=0
42818, CheckMissionGrowItem cha_control_id= 8 , CheckGodWeapon(2,control_id)=0,G_Tab.HeroEventStatistics[cha_control_id].multi_kill[2]=0
43154, Check_Dead_Mission_SysEvent G_Tab.HeroEventStatistics[cha_control_id].multi_kill[1]= 2 , cha_control_id=15
43154, CheckMissionGrowItem con_tie= 0 , con_shu=7 , cha_control_id=15
43154, CheckMissionGrowItem cha_control_id= 15 , CheckGodWeapon(1,control_id)=0 , G_Tab.HeroEventStatistics[cha_control_id].multi_kill[2]=0
43154, CheckMissionGrowItem cha_control_id= 15 , CheckGodWeapon(2,control_id)=0,G_Tab.HeroEventStatistics[cha_control_id].multi_kill[2]=0
43410, Check_Dead_Mission_SysEvent G_Tab.HeroEventStatistics[cha_control_id].multi_kill[1]= 0 , cha_control_id=18
43410, CheckMissionGrowItem con_tie= 0 , con_shu=7 , cha_control_id=18
43410, CheckMissionGrowItem cha_control_id= 18 , CheckGodWeapon(1,control_id)=0 , G_Tab.HeroEventStatistics[cha_control_id].multi_kill[2]=0
43410, CheckMissionGrowItem cha_control_id= 18 , CheckGodWeapon(2,control_id)=0,G_Tab.HeroEventStatistics[cha_control_id].multi_kill[2]=0
43728, Check_Dead_Mission_SysEvent G_Tab.HeroEventStatistics[cha_control_id].multi_kill[1]= 1 , cha_control_id=20
43728, CheckMissionGrowItem con_tie= 0 , con_shu=7 , cha_control_id=20
43728, CheckMissionGrowItem cha_control_id= 20 , CheckGodWeapon(1,control_id)=0 , G_Tab.HeroEventStatistics[cha_control_id].multi_kill[2]=0
43728, CheckMissionGrowItem cha_control_id= 20 , CheckGodWeapon(2,control_id)=0,G_Tab.HeroEventStatistics[cha_control_id].multi_kill[2]=0
45005, Check_Dead_Mission_SysEvent G_Tab.HeroEventStatistics[cha_control_id].multi_kill[1]= 3 , cha_control_id=15
45005, CheckMissionGrowItem con_tie= 0 , con_shu=7 , cha_control_id=15
45005, CheckMissionGrowItem cha_control_id= 15 , CheckGodWeapon(1,control_id)=0 , G_Tab.HeroEventStatistics[cha_control_id].multi_kill[2]=1
45005, CheckMissionGrowItem cha_control_id= 15 , CheckGodWeapon(2,control_id)=0,G_Tab.HeroEventStatistics[cha_control_id].multi_kill[2]=1
45702, Check_Dead_Mission_SysEvent G_Tab.HeroEventStatistics[cha_control_id].multi_kill[1]= 2 , cha_control_id=20
45702, CheckMissionGrowItem con_tie= 0 , con_shu=7 , cha_control_id=20
45702, CheckMissionGrowItem cha_control_id= 20 , CheckGodWeapon(1,control_id)=0 , G_Tab.HeroEventStatistics[cha_control_id].multi_kill[2]=0
45702, CheckMissionGrowItem cha_control_id= 20 , CheckGodWeapon(2,control_id)=0,G_Tab.HeroEventStatistics[cha_control_id].multi_kill[2]=0
45713, Check_Dead_Mission_SysEvent G_Tab.HeroEventStatistics[cha_control_id].multi_kill[1]= 1 , cha_control_id=18
45713, CheckMissionGrowItem con_tie= 0 , con_shu=7 , cha_control_id=18
45713, CheckMissionGrowItem cha_control_id= 18 , CheckGodWeapon(1,control_id)=0 , G_Tab.HeroEventStatistics[cha_control_id].multi_kill[2]=0
45713, CheckMissionGrowItem cha_control_id= 18 , CheckGodWeapon(2,control_id)=0,G_Tab.HeroEventStatistics[cha_control_id].multi_kill[2]=0
46248, Check_Dead_Mission_SysEvent G_Tab.HeroEventStatistics[cha_control_id].multi_kill[1]= 0 , cha_control_id=17
46248, CheckMissionGrowItem con_tie= 0 , con_shu=7 , cha_control_id=17
46248, CheckMissionGrowItem cha_control_id= 17 , CheckGodWeapon(1,control_id)=0 , G_Tab.HeroEventStatistics[cha_control_id].multi_kill[2]=0
46248, CheckMissionGrowItem cha_control_id= 17 , CheckGodWeapon(2,control_id)=0,G_Tab.HeroEventStatistics[cha_control_id].multi_kill[2]=0
46261, Check_Dead_Mission_SysEvent G_Tab.HeroEventStatistics[cha_control_id].multi_kill[1]= 3 , cha_control_id=20
46261, CheckMissionGrowItem con_tie= 0 , con_shu=7 , cha_control_id=20
46261, CheckMissionGrowItem cha_control_id= 20 , CheckGodWeapon(1,control_id)=0 , G_Tab.HeroEventStatistics[cha_control_id].multi_kill[2]=1
46261, CheckMissionGrowItem cha_control_id= 20 , CheckGodWeapon(2,control_id)=0,G_Tab.HeroEventStatistics[cha_control_id].multi_kill[2]=1
47866, Check_Dead_Mission_SysEvent G_Tab.HeroEventStatistics[cha_control_id].multi_kill[1]= 0 , cha_control_id=4
47866, CheckMissionGrowItem con_tie= 0 , con_shu=7 , cha_control_id=4
47866, CheckMissionGrowItem cha_control_id= 4 , CheckGodWeapon(1,control_id)=0 , G_Tab.HeroEventStatistics[cha_control_id].multi_kill[2]=0
47866, CheckMissionGrowItem cha_control_id= 4 , CheckGodWeapon(2,control_id)=0,G_Tab.HeroEventStatistics[cha_control_id].multi_kill[2]=0
47962, Mission_GetNewItem missionstart control_id= 15 , Item_id=186 , item_lv=1
48004, Check_Dead_Mission_SysEvent G_Tab.HeroEventStatistics[cha_control_id].multi_kill[1]= 1 , cha_control_id=7
48004, CheckMissionGrowItem con_tie= 15 , con_shu=7 , cha_control_id=7
48004, CheckMissionGrowItem con_tie= 15 , con_shu=7 , cha_control_id=7,item_lv=2
48004, CheckMissionGrowItem con_tie= 15 , con_shu=7 , cha_control_id=7,G_Tab.HeroEventStatistics[cha_control_id].multi_kill[2]=0
48004, CheckMissionGrowItem cha_control_id= 7 , CheckGodWeapon(1,control_id)=0 , G_Tab.HeroEventStatistics[cha_control_id].multi_kill[2]=0
48004, CheckMissionGrowItem cha_control_id= 7 , CheckGodWeapon(2,control_id)=0,G_Tab.HeroEventStatistics[cha_control_id].multi_kill[2]=0
48312, Check_Dead_Mission_SysEvent G_Tab.HeroEventStatistics[cha_control_id].multi_kill[1]= 0 , cha_control_id=3
48312, CheckMissionGrowItem con_tie= 15 , con_shu=7 , cha_control_id=3
48312, CheckMissionGrowItem cha_control_id= 3 , CheckGodWeapon(1,control_id)=0 , G_Tab.HeroEventStatistics[cha_control_id].multi_kill[2]=0
48312, CheckMissionGrowItem cha_control_id= 3 , CheckGodWeapon(2,control_id)=0,G_Tab.HeroEventStatistics[cha_control_id].multi_kill[2]=0
48443, Check_Dead_Mission_SysEvent G_Tab.HeroEventStatistics[cha_control_id].multi_kill[1]= 4 , cha_control_id=15
48443, CheckMissionGrowItem con_tie= 15 , con_shu=7 , cha_control_id=15
48443, CheckMissionGrowItem con_tie= 15 , cha_control_id=15,item_lv=1
48443, CheckMissionGrowItem cha_control_id= 15 , CheckGodWeapon(1,control_id)=0 , G_Tab.HeroEventStatistics[cha_control_id].multi_kill[2]=2
48443, CheckMissionGrowItem cha_control_id= 15 , CheckGodWeapon(2,control_id)=0,G_Tab.HeroEventStatistics[cha_control_id].multi_kill[2]=2
48664, Check_Dead_Mission_SysEvent G_Tab.HeroEventStatistics[cha_control_id].multi_kill[1]= 0 , cha_control_id=14
48664, CheckMissionGrowItem con_tie= 15 , con_shu=7 , cha_control_id=14
48664, CheckMissionGrowItem cha_control_id= 14 , CheckGodWeapon(1,control_id)=0 , G_Tab.HeroEventStatistics[cha_control_id].multi_kill[2]=0
48664, CheckMissionGrowItem cha_control_id= 14 , CheckGodWeapon(2,control_id)=0,G_Tab.HeroEventStatistics[cha_control_id].multi_kill[2]=0
48765, Check_Dead_Mission_SysEvent G_Tab.HeroEventStatistics[cha_control_id].multi_kill[1]= 5 , cha_control_id=15
48765, CheckMissionGrowItem con_tie= 15 , con_shu=7 , cha_control_id=15
48765, CheckMissionGrowItem con_tie= 15 , cha_control_id=15,item_lv=2
48765, CheckMissionGrowItem cha_control_id= 15 , CheckGodWeapon(1,control_id)=0 , G_Tab.HeroEventStatistics[cha_control_id].multi_kill[2]=3
48765, CheckMissionGrowItem cha_control_id= 15 , CheckGodWeapon(2,control_id)=0,G_Tab.HeroEventStatistics[cha_control_id].multi_kill[2]=3
48863, Check_Dead_Mission_SysEvent G_Tab.HeroEventStatistics[cha_control_id].multi_kill[1]= 6 , cha_control_id=15
48863, CheckMissionGrowItem con_tie= 15 , con_shu=7 , cha_control_id=15
48863, CheckMissionGrowItem con_tie= 15 , cha_control_id=15,item_lv=3
48863, CheckMissionGrowItem cha_control_id= 15 , CheckGodWeapon(1,control_id)=0 , G_Tab.HeroEventStatistics[cha_control_id].multi_kill[2]=4
48863, CheckMissionGrowItem cha_control_id= 15 , CheckGodWeapon(2,control_id)=0,G_Tab.HeroEventStatistics[cha_control_id].multi_kill[2]=4
48988, Check_Dead_Mission_SysEvent G_Tab.HeroEventStatistics[cha_control_id].multi_kill[1]= 0 , cha_control_id=10
48988, CheckMissionGrowItem con_tie= 15 , con_shu=7 , cha_control_id=10
48988, CheckMissionGrowItem cha_control_id= 10 , CheckGodWeapon(1,control_id)=0 , G_Tab.HeroEventStatistics[cha_control_id].multi_kill[2]=0
48988, CheckMissionGrowItem cha_control_id= 10 , CheckGodWeapon(2,control_id)=0,G_Tab.HeroEventStatistics[cha_control_id].multi_kill[2]=0
49044, Check_Dead_Mission_SysEvent G_Tab.HeroEventStatistics[cha_control_id].multi_kill[1]= 2 , cha_control_id=7
49044, CheckMissionGrowItem con_tie= 15 , con_shu=7 , cha_control_id=7
49044, CheckMissionGrowItem con_tie= 15 , con_shu=7 , cha_control_id=7,item_lv=3
49044, CheckMissionGrowItem con_tie= 15 , con_shu=7 , cha_control_id=7,G_Tab.HeroEventStatistics[cha_control_id].multi_kill[2]=0
49044, CheckMissionGrowItem cha_control_id= 7 , CheckGodWeapon(1,control_id)=0 , G_Tab.HeroEventStatistics[cha_control_id].multi_kill[2]=0
49044, CheckMissionGrowItem cha_control_id= 7 , CheckGodWeapon(2,control_id)=0,G_Tab.HeroEventStatistics[cha_control_id].multi_kill[2]=0
49140, Check_Dead_Mission_SysEvent G_Tab.HeroEventStatistics[cha_control_id].multi_kill[1]= 7 , cha_control_id=15
49140, CheckMissionGrowItem con_tie= 15 , con_shu=7 , cha_control_id=15
49140, CheckMissionGrowItem con_tie= 15 , cha_control_id=15,item_lv=4
49140, CheckMissionGrowItem cha_control_id= 15 , CheckGodWeapon(1,control_id)=0 , G_Tab.HeroEventStatistics[cha_control_id].multi_kill[2]=5
49140, CheckMissionGrowItem cha_control_id= 15 , CheckGodWeapon(2,control_id)=0,G_Tab.HeroEventStatistics[cha_control_id].multi_kill[2]=5
49847, Check_Dead_Mission_SysEvent G_Tab.HeroEventStatistics[cha_control_id].multi_kill[1]= 0 , cha_control_id=8
49847, CheckMissionGrowItem con_tie= 15 , con_shu=7 , cha_control_id=8
49847, CheckMissionGrowItem cha_control_id= 8 , CheckGodWeapon(1,control_id)=0 , G_Tab.HeroEventStatistics[cha_control_id].multi_kill[2]=0
49847, CheckMissionGrowItem cha_control_id= 8 , CheckGodWeapon(2,control_id)=0,G_Tab.HeroEventStatistics[cha_control_id].multi_kill[2]=0
50028, Check_Dead_Mission_SysEvent G_Tab.HeroEventStatistics[cha_control_id].multi_kill[1]= 0 , cha_control_id=18
50028, CheckMissionGrowItem con_tie= 15 , con_shu=7 , cha_control_id=18
50028, CheckMissionGrowItem cha_control_id= 18 , CheckGodWeapon(1,control_id)=0 , G_Tab.HeroEventStatistics[cha_control_id].multi_kill[2]=0
50028, CheckMissionGrowItem cha_control_id= 18 , CheckGodWeapon(2,control_id)=0,G_Tab.HeroEventStatistics[cha_control_id].multi_kill[2]=0
50363, Check_Dead_Mission_SysEvent G_Tab.HeroEventStatistics[cha_control_id].multi_kill[1]= 1 , cha_control_id=18
50363, CheckMissionGrowItem con_tie= 15 , con_shu=7 , cha_control_id=18
50363, CheckMissionGrowItem cha_control_id= 18 , CheckGodWeapon(1,control_id)=0 , G_Tab.HeroEventStatistics[cha_control_id].multi_kill[2]=0
50363, CheckMissionGrowItem cha_control_id= 18 , CheckGodWeapon(2,control_id)=0,G_Tab.HeroEventStatistics[cha_control_id].multi_kill[2]=0
50668, Check_Dead_Mission_SysEvent G_Tab.HeroEventStatistics[cha_control_id].multi_kill[1]= 1 , cha_control_id=10
50668, CheckMissionGrowItem con_tie= 15 , con_shu=7 , cha_control_id=10
50668, CheckMissionGrowItem cha_control_id= 10 , CheckGodWeapon(1,control_id)=0 , G_Tab.HeroEventStatistics[cha_control_id].multi_kill[2]=0
50668, CheckMissionGrowItem cha_control_id= 10 , CheckGodWeapon(2,control_id)=0,G_Tab.HeroEventStatistics[cha_control_id].multi_kill[2]=0
50973, Check_Dead_Mission_SysEvent G_Tab.HeroEventStatistics[cha_control_id].multi_kill[1]= 0 , cha_control_id=14
50973, CheckMissionGrowItem con_tie= 15 , con_shu=7 , cha_control_id=14
50973, CheckMissionGrowItem cha_control_id= 14 , CheckGodWeapon(1,control_id)=0 , G_Tab.HeroEventStatistics[cha_control_id].multi_kill[2]=0
50973, CheckMissionGrowItem cha_control_id= 14 , CheckGodWeapon(2,control_id)=0,G_Tab.HeroEventStatistics[cha_control_id].multi_kill[2]=0
52560, Check_Dead_Mission_SysEvent G_Tab.HeroEventStatistics[cha_control_id].multi_kill[1]= 0 , cha_control_id=9
52560, CheckMissionGrowItem con_tie= 15 , con_shu=7 , cha_control_id=9
52560, CheckMissionGrowItem cha_control_id= 9 , CheckGodWeapon(1,control_id)=0 , G_Tab.HeroEventStatistics[cha_control_id].multi_kill[2]=0
52560, CheckMissionGrowItem cha_control_id= 9 , CheckGodWeapon(2,control_id)=0,G_Tab.HeroEventStatistics[cha_control_id].multi_kill[2]=0
53994, Check_Dead_Mission_SysEvent G_Tab.HeroEventStatistics[cha_control_id].multi_kill[1]= 0 , cha_control_id=18
53994, CheckMissionGrowItem con_tie= 15 , con_shu=7 , cha_control_id=18
53994, CheckMissionGrowItem cha_control_id= 18 , CheckGodWeapon(1,control_id)=0 , G_Tab.HeroEventStatistics[cha_control_id].multi_kill[2]=0
53994, CheckMissionGrowItem cha_control_id= 18 , CheckGodWeapon(2,control_id)=0,G_Tab.HeroEventStatistics[cha_control_id].multi_kill[2]=0
54088, Check_Dead_Mission_SysEvent G_Tab.HeroEventStatistics[cha_control_id].multi_kill[1]= 0 , cha_control_id=10
54088, CheckMissionGrowItem con_tie= 15 , con_shu=7 , cha_control_id=10
54088, CheckMissionGrowItem cha_control_id= 10 , CheckGodWeapon(1,control_id)=0 , G_Tab.HeroEventStatistics[cha_control_id].multi_kill[2]=0
54088, CheckMissionGrowItem cha_control_id= 10 , CheckGodWeapon(2,control_id)=0,G_Tab.HeroEventStatistics[cha_control_id].multi_kill[2]=0
54215, Check_Dead_Mission_SysEvent G_Tab.HeroEventStatistics[cha_control_id].multi_kill[1]= 1 , cha_control_id=14
54215, CheckMissionGrowItem con_tie= 15 , con_shu=7 , cha_control_id=14
54215, CheckMissionGrowItem cha_control_id= 14 , CheckGodWeapon(1,control_id)=0 , G_Tab.HeroEventStatistics[cha_control_id].multi_kill[2]=0
54215, CheckMissionGrowItem cha_control_id= 14 , CheckGodWeapon(2,control_id)=0,G_Tab.HeroEventStatistics[cha_control_id].multi_kill[2]=0
55960, Check_Dead_Mission_SysEvent G_Tab.HeroEventStatistics[cha_control_id].multi_kill[1]= 0 , cha_control_id=1
55960, CheckMissionGrowItem con_tie= 15 , con_shu=7 , cha_control_id=1
55960, CheckMissionGrowItem cha_control_id= 1 , CheckGodWeapon(1,control_id)=0 , G_Tab.HeroEventStatistics[cha_control_id].multi_kill[2]=0
55960, CheckMissionGrowItem cha_control_id= 1 , CheckGodWeapon(2,control_id)=0,G_Tab.HeroEventStatistics[cha_control_id].multi_kill[2]=0
56479, Check_Dead_Mission_SysEvent G_Tab.HeroEventStatistics[cha_control_id].multi_kill[1]= 2 , cha_control_id=14
56479, CheckMissionGrowItem con_tie= 15 , con_shu=7 , cha_control_id=14
56479, CheckMissionGrowItem cha_control_id= 14 , CheckGodWeapon(1,control_id)=0 , G_Tab.HeroEventStatistics[cha_control_id].multi_kill[2]=0
56479, CheckMissionGrowItem cha_control_id= 14 , CheckGodWeapon(2,control_id)=0,G_Tab.HeroEventStatistics[cha_control_id].multi_kill[2]=0
56715, Check_Dead_Mission_SysEvent G_Tab.HeroEventStatistics[cha_control_id].multi_kill[1]= 0 , cha_control_id=7
56715, CheckMissionGrowItem con_tie= 15 , con_shu=7 , cha_control_id=7
56715, CheckMissionGrowItem con_tie= 15 , con_shu=7 , cha_control_id=7,item_lv=2
56715, CheckMissionGrowItem con_tie= 15 , con_shu=7 , cha_control_id=7,G_Tab.HeroEventStatistics[cha_control_id].multi_kill[2]=0
56715, CheckMissionGrowItem cha_control_id= 7 , CheckGodWeapon(1,control_id)=0 , G_Tab.HeroEventStatistics[cha_control_id].multi_kill[2]=0
56715, CheckMissionGrowItem cha_control_id= 7 , CheckGodWeapon(2,control_id)=0,G_Tab.HeroEventStatistics[cha_control_id].multi_kill[2]=0
56817, Check_Dead_Mission_SysEvent G_Tab.HeroEventStatistics[cha_control_id].multi_kill[1]= 0 , cha_control_id=15
56817, CheckMissionGrowItem con_tie= 15 , con_shu=7 , cha_control_id=15
56817, CheckMissionGrowItem con_tie= 15 , cha_control_id=15,item_lv=3
56817, CheckMissionGrowItem cha_control_id= 15 , CheckGodWeapon(1,control_id)=0 , G_Tab.HeroEventStatistics[cha_control_id].multi_kill[2]=0
56817, CheckMissionGrowItem cha_control_id= 15 , CheckGodWeapon(2,control_id)=0,G_Tab.HeroEventStatistics[cha_control_id].multi_kill[2]=0
57146, Check_Dead_Mission_SysEvent G_Tab.HeroEventStatistics[cha_control_id].multi_kill[1]= 0 , cha_control_id=8
57146, CheckMissionGrowItem con_tie= 15 , con_shu=7 , cha_control_id=8
57146, CheckMissionGrowItem cha_control_id= 8 , CheckGodWeapon(1,control_id)=0 , G_Tab.HeroEventStatistics[cha_control_id].multi_kill[2]=0
57146, CheckMissionGrowItem cha_control_id= 8 , CheckGodWeapon(2,control_id)=0,G_Tab.HeroEventStatistics[cha_control_id].multi_kill[2]=0
57227, Check_Dead_Mission_SysEvent G_Tab.HeroEventStatistics[cha_control_id].multi_kill[1]= 0 , cha_control_id=3
57227, CheckMissionGrowItem con_tie= 15 , con_shu=7 , cha_control_id=3
57227, CheckMissionGrowItem cha_control_id= 3 , CheckGodWeapon(1,control_id)=0 , G_Tab.HeroEventStatistics[cha_control_id].multi_kill[2]=0
57227, CheckMissionGrowItem cha_control_id= 3 , CheckGodWeapon(2,control_id)=0,G_Tab.HeroEventStatistics[cha_control_id].multi_kill[2]=0
57338, Check_Dead_Mission_SysEvent G_Tab.HeroEventStatistics[cha_control_id].multi_kill[1]= 0 , cha_control_id=17
57338, CheckMissionGrowItem con_tie= 15 , con_shu=7 , cha_control_id=17
57338, CheckMissionGrowItem cha_control_id= 17 , CheckGodWeapon(1,control_id)=0 , G_Tab.HeroEventStatistics[cha_control_id].multi_kill[2]=0
57338, CheckMissionGrowItem cha_control_id= 17 , CheckGodWeapon(2,control_id)=0,G_Tab.HeroEventStatistics[cha_control_id].multi_kill[2]=0
57611, Check_Dead_Mission_SysEvent G_Tab.HeroEventStatistics[cha_control_id].multi_kill[1]= 1 , cha_control_id=15
57611, CheckMissionGrowItem con_tie= 15 , con_shu=7 , cha_control_id=15
57611, CheckMissionGrowItem con_tie= 15 , cha_control_id=15,item_lv=4
57611, CheckMissionGrowItem cha_control_id= 15 , CheckGodWeapon(1,control_id)=0 , G_Tab.HeroEventStatistics[cha_control_id].multi_kill[2]=0
57611, CheckMissionGrowItem cha_control_id= 15 , CheckGodWeapon(2,control_id)=0,G_Tab.HeroEventStatistics[cha_control_id].multi_kill[2]=0
58095, Check_Dead_Mission_SysEvent G_Tab.HeroEventStatistics[cha_control_id].multi_kill[1]= 0 , cha_control_id=11
58095, CheckMissionGrowItem con_tie= 15 , con_shu=7 , cha_control_id=11
58095, CheckMissionGrowItem cha_control_id= 11 , CheckGodWeapon(1,control_id)=0 , G_Tab.HeroEventStatistics[cha_control_id].multi_kill[2]=0
58095, CheckMissionGrowItem cha_control_id= 11 , CheckGodWeapon(2,control_id)=0,G_Tab.HeroEventStatistics[cha_control_id].multi_kill[2]=0
58142, Check_Dead_Mission_SysEvent G_Tab.HeroEventStatistics[cha_control_id].multi_kill[1]= 0 , cha_control_id=6
58142, CheckMissionGrowItem con_tie= 15 , con_shu=7 , cha_control_id=6
58142, CheckMissionGrowItem cha_control_id= 6 , CheckGodWeapon(1,control_id)=0 , G_Tab.HeroEventStatistics[cha_control_id].multi_kill[2]=0
58142, CheckMissionGrowItem cha_control_id= 6 , CheckGodWeapon(2,control_id)=0,G_Tab.HeroEventStatistics[cha_control_id].multi_kill[2]=0
59219, Check_Dead_Mission_SysEvent G_Tab.HeroEventStatistics[cha_control_id].multi_kill[1]= 2 , cha_control_id=15
59219, CheckMissionGrowItem con_tie= 15 , con_shu=7 , cha_control_id=15
59219, CheckMissionGrowItem con_tie= 15 , cha_control_id=15,item_lv=5
59219, CheckMissionGrowItem cha_control_id= 15 , CheckGodWeapon(1,control_id)=0 , G_Tab.HeroEventStatistics[cha_control_id].multi_kill[2]=0
59219, CheckMissionGrowItem cha_control_id= 15 , CheckGodWeapon(2,control_id)=0,G_Tab.HeroEventStatistics[cha_control_id].multi_kill[2]=0
59351, Check_Dead_Mission_SysEvent G_Tab.HeroEventStatistics[cha_control_id].multi_kill[1]= 1 , cha_control_id=18
59351, CheckMissionGrowItem con_tie= 15 , con_shu=7 , cha_control_id=18
59351, CheckMissionGrowItem cha_control_id= 18 , CheckGodWeapon(1,control_id)=0 , G_Tab.HeroEventStatistics[cha_control_id].multi_kill[2]=0
59351, CheckMissionGrowItem cha_control_id= 18 , CheckGodWeapon(2,control_id)=0,G_Tab.HeroEventStatistics[cha_control_id].multi_kill[2]=0
59870, Check_Dead_Mission_SysEvent G_Tab.HeroEventStatistics[cha_control_id].multi_kill[1]= 0 , cha_control_id=3
59870, CheckMissionGrowItem con_tie= 15 , con_shu=7 , cha_control_id=3
59870, CheckMissionGrowItem cha_control_id= 3 , CheckGodWeapon(1,control_id)=0 , G_Tab.HeroEventStatistics[cha_control_id].multi_kill[2]=0
59870, CheckMissionGrowItem cha_control_id= 3 , CheckGodWeapon(2,control_id)=0,G_Tab.HeroEventStatistics[cha_control_id].multi_kill[2]=0
60110, Check_Dead_Mission_SysEvent G_Tab.HeroEventStatistics[cha_control_id].multi_kill[1]= 0 , cha_control_id=14
60110, CheckMissionGrowItem con_tie= 15 , con_shu=7 , cha_control_id=14
60110, CheckMissionGrowItem cha_control_id= 14 , CheckGodWeapon(1,control_id)=0 , G_Tab.HeroEventStatistics[cha_control_id].multi_kill[2]=0
60110, CheckMissionGrowItem cha_control_id= 14 , CheckGodWeapon(2,control_id)=0,G_Tab.HeroEventStatistics[cha_control_id].multi_kill[2]=0
60546, Check_Dead_Mission_SysEvent G_Tab.HeroEventStatistics[cha_control_id].multi_kill[1]= 2 , cha_control_id=18
60546, CheckMissionGrowItem con_tie= 15 , con_shu=7 , cha_control_id=18
60546, CheckMissionGrowItem cha_control_id= 18 , CheckGodWeapon(1,control_id)=0 , G_Tab.HeroEventStatistics[cha_control_id].multi_kill[2]=0
60546, CheckMissionGrowItem cha_control_id= 18 , CheckGodWeapon(2,control_id)=0,G_Tab.HeroEventStatistics[cha_control_id].multi_kill[2]=0
60987, Check_Dead_Mission_SysEvent G_Tab.HeroEventStatistics[cha_control_id].multi_kill[1]= 0 , cha_control_id=5
60987, CheckMissionGrowItem con_tie= 15 , con_shu=7 , cha_control_id=5
60987, CheckMissionGrowItem cha_control_id= 5 , CheckGodWeapon(1,control_id)=0 , G_Tab.HeroEventStatistics[cha_control_id].multi_kill[2]=0
60987, CheckMissionGrowItem cha_control_id= 5 , CheckGodWeapon(2,control_id)=0,G_Tab.HeroEventStatistics[cha_control_id].multi_kill[2]=0
61962, Check_Dead_Mission_SysEvent G_Tab.HeroEventStatistics[cha_control_id].multi_kill[1]= 1 , cha_control_id=3
61962, CheckMissionGrowItem con_tie= 15 , con_shu=7 , cha_control_id=3
61962, CheckMissionGrowItem cha_control_id= 3 , CheckGodWeapon(1,control_id)=0 , G_Tab.HeroEventStatistics[cha_control_id].multi_kill[2]=0
61962, CheckMissionGrowItem cha_control_id= 3 , CheckGodWeapon(2,control_id)=0,G_Tab.HeroEventStatistics[cha_control_id].multi_kill[2]=0
62170, Check_Dead_Mission_SysEvent G_Tab.HeroEventStatistics[cha_control_id].multi_kill[1]= 3 , cha_control_id=18
62170, CheckMissionGrowItem con_tie= 15 , con_shu=7 , cha_control_id=18
62170, CheckMissionGrowItem cha_control_id= 18 , CheckGodWeapon(1,control_id)=0 , G_Tab.HeroEventStatistics[cha_control_id].multi_kill[2]=1
62170, CheckMissionGrowItem cha_control_id= 18 , CheckGodWeapon(2,control_id)=0,G_Tab.HeroEventStatistics[cha_control_id].multi_kill[2]=1
62568, Check_Dead_Mission_SysEvent G_Tab.HeroEventStatistics[cha_control_id].multi_kill[1]= 1 , cha_control_id=11
62568, CheckMissionGrowItem con_tie= 15 , con_shu=7 , cha_control_id=11
62568, CheckMissionGrowItem cha_control_id= 11 , CheckGodWeapon(1,control_id)=0 , G_Tab.HeroEventStatistics[cha_control_id].multi_kill[2]=0
62568, CheckMissionGrowItem cha_control_id= 11 , CheckGodWeapon(2,control_id)=0,G_Tab.HeroEventStatistics[cha_control_id].multi_kill[2]=0
63673, 积分结算 missionstart p_control_id= 10 , mission[1].id=0 , mission[1].Fstate=0
63673, 积分结算 missionstart p_control_id= 10 , mission[2].id=0 , mission[2].Fstate=0
63673, 积分结算 missionstart p_control_id= 10 , mission[3].id=0 , mission[3].Fstate=0
64029, Check_Dead_Mission_SysEvent G_Tab.HeroEventStatistics[cha_control_id].multi_kill[1]= 4 , cha_control_id=18
64029, CheckMissionGrowItem con_tie= 15 , con_shu=7 , cha_control_id=18
64029, CheckMissionGrowItem cha_control_id= 18 , CheckGodWeapon(1,control_id)=0 , G_Tab.HeroEventStatistics[cha_control_id].multi_kill[2]=2
64029, CheckMissionGrowItem cha_control_id= 18 , CheckGodWeapon(2,control_id)=0,G_Tab.HeroEventStatistics[cha_control_id].multi_kill[2]=2
64058, Check_Dead_Mission_SysEvent G_Tab.HeroEventStatistics[cha_control_id].multi_kill[1]= 1 , cha_control_id=14
64058, CheckMissionGrowItem con_tie= 15 , con_shu=7 , cha_control_id=14
64058, CheckMissionGrowItem cha_control_id= 14 , CheckGodWeapon(1,control_id)=0 , G_Tab.HeroEventStatistics[cha_control_id].multi_kill[2]=0
64058, CheckMissionGrowItem cha_control_id= 14 , CheckGodWeapon(2,control_id)=0,G_Tab.HeroEventStatistics[cha_control_id].multi_kill[2]=0
64335, Check_Dead_Mission_SysEvent G_Tab.HeroEventStatistics[cha_control_id].multi_kill[1]= 2 , cha_control_id=3
64335, CheckMissionGrowItem con_tie= 15 , con_shu=7 , cha_control_id=3
64335, CheckMissionGrowItem cha_control_id= 3 , CheckGodWeapon(1,control_id)=0 , G_Tab.HeroEventStatistics[cha_control_id].multi_kill[2]=0
64335, CheckMissionGrowItem cha_control_id= 3 , CheckGodWeapon(2,control_id)=0,G_Tab.HeroEventStatistics[cha_control_id].multi_kill[2]=0
64743, Check_Dead_Mission_SysEvent G_Tab.HeroEventStatistics[cha_control_id].multi_kill[1]= 0 , cha_control_id=8
64743, CheckMissionGrowItem con_tie= 15 , con_shu=7 , cha_control_id=8
64743, CheckMissionGrowItem cha_control_id= 8 , CheckGodWeapon(1,control_id)=0 , G_Tab.HeroEventStatistics[cha_control_id].multi_kill[2]=0
64743, CheckMissionGrowItem cha_control_id= 8 , CheckGodWeapon(2,control_id)=0,G_Tab.HeroEventStatistics[cha_control_id].multi_kill[2]=0
64744, Check_Dead_Mission_SysEvent G_Tab.HeroEventStatistics[cha_control_id].multi_kill[1]= 1 , cha_control_id=8
64744, CheckMissionGrowItem con_tie= 15 , con_shu=7 , cha_control_id=8
64744, CheckMissionGrowItem cha_control_id= 8 , CheckGodWeapon(1,control_id)=0 , G_Tab.HeroEventStatistics[cha_control_id].multi_kill[2]=0
64744, CheckMissionGrowItem cha_control_id= 8 , CheckGodWeapon(2,control_id)=0,G_Tab.HeroEventStatistics[cha_control_id].multi_kill[2]=0
64887, Check_Dead_Mission_SysEvent G_Tab.HeroEventStatistics[cha_control_id].multi_kill[1]= 3 , cha_control_id=3
64887, CheckMissionGrowItem con_tie= 15 , con_shu=7 , cha_control_id=3
64887, CheckMissionGrowItem cha_control_id= 3 , CheckGodWeapon(1,control_id)=0 , G_Tab.HeroEventStatistics[cha_control_id].multi_kill[2]=1
64887, CheckMissionGrowItem cha_control_id= 3 , CheckGodWeapon(2,control_id)=0,G_Tab.HeroEventStatistics[cha_control_id].multi_kill[2]=1
