5, 存储数据, 玩家12,灬大成,1项画质: 1	数据长度是1	数据类型为number
5, 存储数据, 玩家12,灬大成,2项滚屏速度: 20	数据长度是8	数据类型为number
5, 存储数据, 玩家12,灬大成,3项更新内容面板开关: 0	数据长度是1	数据类型为number
5, 存储数据, 玩家12,灬大成,4项游戏版本号: 0	数据长度是16	数据类型为number
5, 存储数据, 玩家12,灬大成,5项语音: 0	数据长度是1	数据类型为number
5, 存储数据, 玩家12,灬大成,6项音响: 0	数据长度是1	数据类型为number
5, 存储数据, 玩家12,灬大成,7项麦克风: 0	数据长度是1	数据类型为number
5, 存储数据, 玩家12,灬大成,8项音响大小: 0	数据长度是8	数据类型为number
5, 存储数据, 玩家12,灬大成,9项麦克风大小: 0	数据长度是8	数据类型为number
5, 存储数据, 玩家12,灬大成,10项未知: 0	数据长度是1	数据类型为number
5, 存储数据, 玩家12,灬大成,11项光照: 99	数据长度是8	数据类型为number
5, 存储数据, 玩家12,灬大成,12项新F11面板模式: 1	数据长度是1	数据类型为number
5, 存储数据, 玩家12,灬大成,13项血条区分敌我: 1	数据长度是1	数据类型为number
5, 存储数据, 玩家12,灬大成,14项快捷键1: 41	数据长度是16	数据类型为number
5, 存储数据, 玩家12,灬大成,15项快捷键2: 43	数据长度是16	数据类型为number
5, 存储数据, 玩家12,灬大成,16项快捷键3: 61	数据长度是16	数据类型为number
5, 存储数据, 玩家12,灬大成,17项快捷键4: 42	数据长度是16	数据类型为number
5, 存储数据, 玩家12,灬大成,18项快捷键5: 56	数据长度是16	数据类型为number
5, 存储数据, 玩家12,灬大成,19项快捷键6: 53	数据长度是16	数据类型为number
5, 存储数据, 玩家12,灬大成,20项快捷键7: 541	数据长度是16	数据类型为number
5, 存储数据, 玩家12,灬大成,21项快捷键8: 542	数据长度是16	数据类型为number
5, 存储数据, 玩家12,灬大成,22项快捷键9: 543	数据长度是16	数据类型为number
5, 存储数据, 玩家12,灬大成,23项快捷键10: 544	数据长度是16	数据类型为number
5, 存储数据, 玩家12,灬大成,24项快捷键11: 545	数据长度是16	数据类型为number
5, 存储数据, 玩家12,灬大成,25项快捷键12: 546	数据长度是16	数据类型为number
5, 存储数据, 玩家12,灬大成,26项快捷键13: 547	数据长度是16	数据类型为number
5, 存储数据, 玩家12,灬大成,27项快捷键14: 548	数据长度是16	数据类型为number
5, 存储数据, 玩家12,灬大成,28项快捷键15: 549	数据长度是16	数据类型为number
5, 存储数据, 玩家12,灬大成,29项快捷键16: 573	数据长度是16	数据类型为number
5, 存储数据, 玩家12,灬大成,30项快捷键17: 555	数据长度是16	数据类型为number
5, 存储数据, 玩家12,灬大成,31项快捷键18: 568	数据长度是16	数据类型为number
5, 存储数据, 玩家12,灬大成,32项是否显示刀光: 1	数据长度是1	数据类型为number
5, 存储数据, 玩家12,灬大成,33项显示刀光编号: 1	数据长度是8	数据类型为number
5, 存储数据, 玩家12,灬大成,34项不显示翅膀: 0	数据长度是1	数据类型为number
5, 存储数据, 玩家12,灬大成,35项显示翅膀编号: 0	数据长度是8	数据类型为number
5, 存储数据, 玩家12,灬大成,36项孔明灯: 0	数据长度是8	数据类型为number
5, 存储数据, 玩家12,灬大成,37项免控表现: 1	数据长度是8	数据类型为number
5, 存储数据, 玩家12,灬大成,38项窗口锁定: 0	数据长度是8	数据类型为number
5, 存储数据, 玩家12,灬大成,39项打孔明灯: 0	数据长度是8	数据类型为number
5, 存储数据, 玩家12,灬大成,40项小地图头像: 1	数据长度是8	数据类型为number
5, 存储数据, 玩家12,灬大成,41项画笔库6: 0	数据长度是8	数据类型为number
5, 存储数据, 玩家12,灬大成,42项画笔库7: 0	数据长度是8	数据类型为number
5, 存储数据, 玩家12,灬大成,43项画笔库8: 0	数据长度是8	数据类型为number
5, 存储数据, 玩家12,灬大成,44项会员功能1: 1	数据长度是1	数据类型为number
5, 存储数据, 玩家12,灬大成,45项会员功能2: 1	数据长度是1	数据类型为number
5, 存储数据, 玩家12,灬大成,46项会员功能3: 1	数据长度是1	数据类型为number
5, 存储数据, 玩家12,灬大成,47项会员功能4: 1	数据长度是1	数据类型为number
5, 存储数据, 玩家12,灬大成,48项会员功能5: 1	数据长度是1	数据类型为number
5, 存储数据, 玩家12,灬大成,49项会员功能6: 1	数据长度是1	数据类型为number
5, 存储数据, 玩家12,灬大成,50项会员功能7: 1	数据长度是1	数据类型为number
5, 存储数据, 玩家12,灬大成,51项会员功能8: 1	数据长度是1	数据类型为number
5, 存储数据, 玩家12,灬大成,52项新商店左侧扩展面板: 1	数据长度是1	数据类型为number
5, 存储数据, 玩家12,灬大成,53项新商店上部扩展面板: 1	数据长度是1	数据类型为number
5, 存储数据, 玩家12,灬大成,54项新商店购买方式: 0	数据长度是1	数据类型为number
5, 存储数据, 玩家12,灬大成,55项新商店商店模式: 0	数据长度是1	数据类型为number
5, 存储数据, 玩家12,灬大成,56项预扣血模式: 0	数据长度是1	数据类型为number
5, 存储数据, 玩家12,灬大成,57项回城特效: 0	数据长度是8	数据类型为number
63673, 存储数据, 玩家10,番茄爱手机,1项画质: 1	数据长度是1	数据类型为number
63673, 存储数据, 玩家10,番茄爱手机,2项滚屏速度: 12	数据长度是8	数据类型为number
63673, 存储数据, 玩家10,番茄爱手机,3项更新内容面板开关: 0	数据长度是1	数据类型为number
63673, 存储数据, 玩家10,番茄爱手机,4项游戏版本号: 1696	数据长度是16	数据类型为number
63673, 存储数据, 玩家10,番茄爱手机,5项语音: 0	数据长度是1	数据类型为number
63673, 存储数据, 玩家10,番茄爱手机,6项音响: 0	数据长度是1	数据类型为number
63673, 存储数据, 玩家10,番茄爱手机,7项麦克风: 0	数据长度是1	数据类型为number
63673, 存储数据, 玩家10,番茄爱手机,8项音响大小: 0	数据长度是8	数据类型为number
63673, 存储数据, 玩家10,番茄爱手机,9项麦克风大小: 0	数据长度是8	数据类型为number
63673, 存储数据, 玩家10,番茄爱手机,10项未知: 1	数据长度是1	数据类型为number
63673, 存储数据, 玩家10,番茄爱手机,11项光照: 100	数据长度是8	数据类型为number
63673, 存储数据, 玩家10,番茄爱手机,12项新F11面板模式: 0	数据长度是1	数据类型为number
63673, 存储数据, 玩家10,番茄爱手机,13项血条区分敌我: 1	数据长度是1	数据类型为number
63673, 存储数据, 玩家10,番茄爱手机,14项快捷键1: 41	数据长度是16	数据类型为number
63673, 存储数据, 玩家10,番茄爱手机,15项快捷键2: 43	数据长度是16	数据类型为number
63673, 存储数据, 玩家10,番茄爱手机,16项快捷键3: 61	数据长度是16	数据类型为number
63673, 存储数据, 玩家10,番茄爱手机,17项快捷键4: 42	数据长度是16	数据类型为number
63673, 存储数据, 玩家10,番茄爱手机,18项快捷键5: 56	数据长度是16	数据类型为number
63673, 存储数据, 玩家10,番茄爱手机,19项快捷键6: 53	数据长度是16	数据类型为number
63673, 存储数据, 玩家10,番茄爱手机,20项快捷键7: 541	数据长度是16	数据类型为number
63673, 存储数据, 玩家10,番茄爱手机,21项快捷键8: 542	数据长度是16	数据类型为number
63673, 存储数据, 玩家10,番茄爱手机,22项快捷键9: 543	数据长度是16	数据类型为number
63673, 存储数据, 玩家10,番茄爱手机,23项快捷键10: 544	数据长度是16	数据类型为number
63673, 存储数据, 玩家10,番茄爱手机,24项快捷键11: 545	数据长度是16	数据类型为number
63673, 存储数据, 玩家10,番茄爱手机,25项快捷键12: 546	数据长度是16	数据类型为number
63673, 存储数据, 玩家10,番茄爱手机,26项快捷键13: 547	数据长度是16	数据类型为number
63673, 存储数据, 玩家10,番茄爱手机,27项快捷键14: 548	数据长度是16	数据类型为number
63673, 存储数据, 玩家10,番茄爱手机,28项快捷键15: 549	数据长度是16	数据类型为number
63673, 存储数据, 玩家10,番茄爱手机,29项快捷键16: 0	数据长度是16	数据类型为number
63673, 存储数据, 玩家10,番茄爱手机,30项快捷键17: 0	数据长度是16	数据类型为number
63673, 存储数据, 玩家10,番茄爱手机,31项快捷键18: 568	数据长度是16	数据类型为number
63673, 存储数据, 玩家10,番茄爱手机,32项是否显示刀光: 1	数据长度是1	数据类型为number
63673, 存储数据, 玩家10,番茄爱手机,33项显示刀光编号: 16	数据长度是8	数据类型为number
63673, 存储数据, 玩家10,番茄爱手机,34项不显示翅膀: 0	数据长度是1	数据类型为number
63673, 存储数据, 玩家10,番茄爱手机,35项显示翅膀编号: 8	数据长度是8	数据类型为number
63673, 存储数据, 玩家10,番茄爱手机,36项孔明灯: 0	数据长度是8	数据类型为number
63673, 存储数据, 玩家10,番茄爱手机,37项免控表现: 0	数据长度是8	数据类型为number
63673, 存储数据, 玩家10,番茄爱手机,38项窗口锁定: 0	数据长度是8	数据类型为number
63673, 存储数据, 玩家10,番茄爱手机,39项打孔明灯: 0	数据长度是8	数据类型为number
63673, 存储数据, 玩家10,番茄爱手机,40项小地图头像: 0	数据长度是8	数据类型为number
63673, 存储数据, 玩家10,番茄爱手机,41项画笔库6: 0	数据长度是8	数据类型为number
63673, 存储数据, 玩家10,番茄爱手机,42项画笔库7: 0	数据长度是8	数据类型为number
63673, 存储数据, 玩家10,番茄爱手机,43项画笔库8: 0	数据长度是8	数据类型为number
63673, 存储数据, 玩家10,番茄爱手机,44项会员功能1: 1	数据长度是1	数据类型为number
63673, 存储数据, 玩家10,番茄爱手机,45项会员功能2: 1	数据长度是1	数据类型为number
63673, 存储数据, 玩家10,番茄爱手机,46项会员功能3: 1	数据长度是1	数据类型为number
63673, 存储数据, 玩家10,番茄爱手机,47项会员功能4: 1	数据长度是1	数据类型为number
63673, 存储数据, 玩家10,番茄爱手机,48项会员功能5: 1	数据长度是1	数据类型为number
63673, 存储数据, 玩家10,番茄爱手机,49项会员功能6: 1	数据长度是1	数据类型为number
63673, 存储数据, 玩家10,番茄爱手机,50项会员功能7: 1	数据长度是1	数据类型为number
63673, 存储数据, 玩家10,番茄爱手机,51项会员功能8: 1	数据长度是1	数据类型为number
63673, 存储数据, 玩家10,番茄爱手机,52项新商店左侧扩展面板: 1	数据长度是1	数据类型为number
63673, 存储数据, 玩家10,番茄爱手机,53项新商店上部扩展面板: 1	数据长度是1	数据类型为number
63673, 存储数据, 玩家10,番茄爱手机,54项新商店购买方式: 0	数据长度是1	数据类型为number
63673, 存储数据, 玩家10,番茄爱手机,55项新商店商店模式: 0	数据长度是1	数据类型为number
63673, 存储数据, 玩家10,番茄爱手机,56项预扣血模式: 0	数据长度是1	数据类型为number
63673, 存储数据, 玩家10,番茄爱手机,57项回城特效: 2	数据长度是8	数据类型为number
