5, 整合数据1项画质:1	数据长度是1
5, 整合数据2项滚屏速度:20	数据长度是8
5, 整合数据3项更新内容面板开关:0	数据长度是1
5, 整合数据4项游戏版本号:0	数据长度是16
5, 整合数据5项语音:0	数据长度是1
5, 整合数据6项音响:0	数据长度是1
5, 整合数据7项麦克风:0	数据长度是1
5, 整合数据8项音响大小:0	数据长度是8
5, 整合数据9项麦克风大小:0	数据长度是8
5, 整合数据10项未知:0	数据长度是1
5, 整合数据11项光照:99	数据长度是8
5, 整合数据12项新F11面板模式:1	数据长度是1
5, 整合数据13项血条区分敌我:1	数据长度是1
5, 整合数据14项快捷键1:41	数据长度是16
5, 整合数据15项快捷键2:43	数据长度是16
5, 整合数据16项快捷键3:61	数据长度是16
5, 整合数据17项快捷键4:42	数据长度是16
5, 整合数据18项快捷键5:56	数据长度是16
5, 整合数据19项快捷键6:53	数据长度是16
5, 整合数据20项快捷键7:541	数据长度是16
5, 整合数据21项快捷键8:542	数据长度是16
5, 整合数据22项快捷键9:543	数据长度是16
5, 整合数据23项快捷键10:544	数据长度是16
5, 整合数据24项快捷键11:545	数据长度是16
5, 整合数据25项快捷键12:546	数据长度是16
5, 整合数据26项快捷键13:547	数据长度是16
5, 整合数据27项快捷键14:548	数据长度是16
5, 整合数据28项快捷键15:549	数据长度是16
5, 整合数据29项快捷键16:573	数据长度是16
5, 整合数据30项快捷键17:555	数据长度是16
5, 整合数据31项快捷键18:568	数据长度是16
5, 整合数据32项是否显示刀光:1	数据长度是1
5, 整合数据33项显示刀光编号:1	数据长度是8
5, 整合数据34项不显示翅膀:0	数据长度是1
5, 整合数据35项显示翅膀编号:0	数据长度是8
5, 整合数据36项孔明灯:0	数据长度是8
5, 整合数据37项免控表现:1	数据长度是8
5, 整合数据38项窗口锁定:0	数据长度是8
5, 整合数据39项打孔明灯:0	数据长度是8
5, 整合数据40项小地图头像:1	数据长度是8
5, 整合数据41项画笔库6:0	数据长度是8
5, 整合数据42项画笔库7:0	数据长度是8
5, 整合数据43项画笔库8:0	数据长度是8
5, 整合数据44项会员功能1:1	数据长度是1
5, 整合数据45项会员功能2:1	数据长度是1
5, 整合数据46项会员功能3:1	数据长度是1
5, 整合数据47项会员功能4:1	数据长度是1
5, 整合数据48项会员功能5:1	数据长度是1
5, 整合数据49项会员功能6:1	数据长度是1
5, 整合数据50项会员功能7:1	数据长度是1
5, 整合数据51项会员功能8:1	数据长度是1
5, 整合数据52项新商店左侧扩展面板:1	数据长度是1
5, 整合数据53项新商店上部扩展面板:1	数据长度是1
5, 整合数据54项新商店购买方式:0	数据长度是1
5, 整合数据55项新商店商店模式:0	数据长度是1
5, 整合数据56项预扣血模式:0	数据长度是1
5, 整合数据57项回城特效:0	数据长度是8
63673, 整合数据1项画质:1	数据长度是1
63673, 整合数据2项滚屏速度:12	数据长度是8
63673, 整合数据3项更新内容面板开关:0	数据长度是1
63673, 整合数据4项游戏版本号:1696	数据长度是16
63673, 整合数据5项语音:0	数据长度是1
63673, 整合数据6项音响:0	数据长度是1
63673, 整合数据7项麦克风:0	数据长度是1
63673, 整合数据8项音响大小:0	数据长度是8
63673, 整合数据9项麦克风大小:0	数据长度是8
63673, 整合数据10项未知:1	数据长度是1
63673, 整合数据11项光照:100	数据长度是8
63673, 整合数据12项新F11面板模式:0	数据长度是1
63673, 整合数据13项血条区分敌我:1	数据长度是1
63673, 整合数据14项快捷键1:41	数据长度是16
63673, 整合数据15项快捷键2:43	数据长度是16
63673, 整合数据16项快捷键3:61	数据长度是16
63673, 整合数据17项快捷键4:42	数据长度是16
63673, 整合数据18项快捷键5:56	数据长度是16
63673, 整合数据19项快捷键6:53	数据长度是16
63673, 整合数据20项快捷键7:541	数据长度是16
63673, 整合数据21项快捷键8:542	数据长度是16
63673, 整合数据22项快捷键9:543	数据长度是16
63673, 整合数据23项快捷键10:544	数据长度是16
63673, 整合数据24项快捷键11:545	数据长度是16
63673, 整合数据25项快捷键12:546	数据长度是16
63673, 整合数据26项快捷键13:547	数据长度是16
63673, 整合数据27项快捷键14:548	数据长度是16
63673, 整合数据28项快捷键15:549	数据长度是16
63673, 整合数据29项快捷键16:0	数据长度是16
63673, 整合数据30项快捷键17:0	数据长度是16
63673, 整合数据31项快捷键18:568	数据长度是16
63673, 整合数据32项是否显示刀光:1	数据长度是1
63673, 整合数据33项显示刀光编号:16	数据长度是8
63673, 整合数据34项不显示翅膀:0	数据长度是1
63673, 整合数据35项显示翅膀编号:8	数据长度是8
63673, 整合数据36项孔明灯:0	数据长度是8
63673, 整合数据37项免控表现:0	数据长度是8
63673, 整合数据38项窗口锁定:0	数据长度是8
63673, 整合数据39项打孔明灯:0	数据长度是8
63673, 整合数据40项小地图头像:0	数据长度是8
63673, 整合数据41项画笔库6:0	数据长度是8
63673, 整合数据42项画笔库7:0	数据长度是8
63673, 整合数据43项画笔库8:0	数据长度是8
63673, 整合数据44项会员功能1:1	数据长度是1
63673, 整合数据45项会员功能2:1	数据长度是1
63673, 整合数据46项会员功能3:1	数据长度是1
63673, 整合数据47项会员功能4:1	数据长度是1
63673, 整合数据48项会员功能5:1	数据长度是1
63673, 整合数据49项会员功能6:1	数据长度是1
63673, 整合数据50项会员功能7:1	数据长度是1
63673, 整合数据51项会员功能8:1	数据长度是1
63673, 整合数据52项新商店左侧扩展面板:1	数据长度是1
63673, 整合数据53项新商店上部扩展面板:1	数据长度是1
63673, 整合数据54项新商店购买方式:0	数据长度是1
63673, 整合数据55项新商店商店模式:0	数据长度是1
63673, 整合数据56项预扣血模式:0	数据长度是1
63673, 整合数据57项回城特效:2	数据长度是8
