0, 长度:952
0, 96087497 武勋buff:0
0, 58563137 武勋buff:0
0, 116096157 武勋buff:0
0, 96246134 武勋buff:0
0, 92696166 武勋buff:0
0, 121521743 武勋buff:0
0, 109175625 武勋buff:0
0, 109156839 武勋buff:0
0, 96261584 武勋buff:0
0, 45780313 武勋buff:0
0, 33091360 武勋buff:0
0, 97513424 武勋buff:0
0, 99787459 武勋buff:0
0, 47284789 武勋buff:0
0, 114627666 武勋buff:0
0, 30362660 武勋buff:0
0, 34448098 武勋buff:0
0, 57287033 武勋buff:0
0, 124356257 武勋buff:0
0, 111370991 武勋buff:0
0, pos:22 value:0
0, 新人pos:22 value:0
0, pos:21 value:0
0, 新人pos:21 value:0
0, pos:10 value:0
0, 新人pos:10 value:0
0, pos:9 value:0
0, 新人pos:9 value:0
0, pos:8 value:0
0, 新人pos:8 value:0
0, pos:7 value:0
0, 新人pos:7 value:0
0, pos:6 value:0
0, 新人pos:6 value:0
0, pos:5 value:0
0, 新人pos:5 value:0
0, pos:4 value:0
0, 新人pos:4 value:0
0, pos:3 value:0
0, 新人pos:3 value:0
0, pos:2 value:0
0, 新人pos:2 value:0
0, pos:1 value:0
0, 新人pos:1 value:0
0, pos:20 value:0
0, 新人pos:20 value:0
0, pos:19 value:0
0, 新人pos:19 value:0
0, pos:18 value:0
0, 新人pos:18 value:0
0, pos:17 value:0
0, 新人pos:17 value:0
0, pos:16 value:0
0, 新人pos:16 value:0
0, pos:15 value:0
0, 新人pos:15 value:0
0, pos:14 value:0
0, 新人pos:14 value:0
0, pos:13 value:0
0, 新人pos:13 value:0
0, pos:12 value:0
0, 新人pos:12 value:0
0, pos:11 value:0
0, 新人pos:11 value:0
677, 玩家:10 总类:1000 选择:1001 实际:1001
821, 玩家:15 总类:1000 选择:1001 实际:1001
957, 玩家:20 总类:1000 选择:3003 实际:3003
1221, 玩家:14 总类:1000 选择:2001 实际:2001
1305, 玩家:18 总类:1000 选择:1001 实际:1001
1569, 玩家:3 总类:1000 选择:1001 实际:1001
1657, 玩家:8 总类:1000 选择:2001 实际:2001
1713, 玩家:19 总类:1000 选择:1001 实际:1001
1861, 玩家:13 总类:1000 选择:1001 实际:1001
1881, 玩家:4 总类:1000 选择:1002 实际:1002
2185, 玩家:17 总类:1000 选择:2001 实际:2001
2285, 玩家:2 总类:1000 选择:1001 实际:1001
2581, 玩家:9 总类:1000 选择:4002 实际:4002
2745, 玩家:1 总类:1000 选择:2001 实际:2001
2813, 玩家:7 总类:1000 选择:2003 实际:2003
2821, 玩家:6 总类:1000 选择:2001 实际:2001
4793, 玩家:11 总类:1000 选择:1002 实际:1002
4845, 玩家:16 总类:1000 选择:4002 实际:4002
5341, 玩家:5 总类:1000 选择:1002 实际:1002
35553, pos:12 value:0
35553, 新人pos:12 value:0
35553, pos:22 value:0
35553, 新人pos:22 value:0
35553, pos:21 value:0
35553, 新人pos:21 value:0
35553, pos:10 value:0
35553, 新人pos:10 value:0
35553, pos:9 value:0
35553, 新人pos:9 value:0
35553, pos:8 value:0
35553, 新人pos:8 value:0
35553, pos:7 value:0
35553, 新人pos:7 value:0
35553, pos:6 value:0
35553, 新人pos:6 value:0
35553, pos:5 value:0
35553, 新人pos:5 value:0
35553, pos:4 value:0
35553, 新人pos:4 value:0
35553, pos:3 value:0
35553, 新人pos:3 value:0
35553, pos:2 value:0
35553, 新人pos:2 value:0
35553, pos:1 value:0
35553, 新人pos:1 value:0
35553, pos:20 value:0
35553, 新人pos:20 value:0
35553, pos:19 value:0
35553, 新人pos:19 value:0
35553, pos:18 value:0
35553, 新人pos:18 value:0
35553, pos:17 value:0
35553, 新人pos:17 value:0
35553, pos:16 value:0
35553, 新人pos:16 value:0
35553, pos:15 value:0
35553, 新人pos:15 value:0
35553, pos:14 value:0
35553, 新人pos:14 value:0
35553, pos:13 value:0
35553, 新人pos:13 value:0
35553, pos:11 value:0
35553, 新人pos:11 value:0
38829, 玩家:12 总类:1000 选择:3002 实际:3002
65098, game_event_before_save_game :in 1159.34
65098, change_G_Tab in 1159.34
65098, change_G_Tab_back_master out 1159.582
65098, game_event_after_save_game :out 1159.582
