5, Escape_temp_tab[1]=  12
5, Escape_temp_tab[2]=  47
5, Escape_temp_tab[3]=  1
5, Escape_temp_tab[4]=  2
5, Escape_temp_tab[5]=  灬大成
5, Escape_temp_tab[6]=  0
5, Escape_temp_tab[7]=  0
5, Escape_temp_tab[8]=  0
5, Escape_temp_tab[9]=  0
5, Escape_temp_tab[10]=  
5, Escape_temp_tab[11]=  0
5, Escape_temp_tab[12]=  
5, Escape_temp_tab[13]=  58563137
5, Escape_temp_tab[14]=  0
5, Escape_temp_tab[15]=  0
5, Escape_temp_tab[16]=  0
5, Escape_temp_tab[17]=  7
5, Escape_temp_tab[18]=  0
5, Escape_temp_tab[19]=  0
5, Escape_temp_tab[20]=  0
5, Escape_temp_tab[21]=  0
5, Escape_temp_tab[22]=  0
5, Escape_temp_tab[23]=  
5, Escape_temp_tab[24]=  1
5, Escape_temp_tab[25]=  0
5, Escape_temp_tab[26]=  1
5, Escape_temp_tab[27]=  0
5, Escape_temp_tab[28]=  1
5, Escape_temp_tab[29]=  800
5, Escape_temp_tab[30]=  0
5, Escape_temp_tab[31]=  0
5, Escape_temp_tab[32]=  0
5, Escape_temp_tab[33]=  0
5, Escape_temp_tab[34]=  0
5, Escape_temp_tab[35]=  0
5, Escape_temp_tab[36]=  0
5, Escape_temp_tab[37]=  0
5, Escape_temp_tab[38]=  0
5, Escape_temp_tab[39]=  0
5, Escape_temp_tab[40]=  0
5, Escape_temp_tab[41]=  0
5, Escape_temp_tab[42]=  0
5, Escape_temp_tab[43]=  0
5, Escape_temp_tab[44]=  0
5, Escape_temp_tab[45]=  0
5, Escape_temp_tab[46]=  0
5, Escape_temp_tab[47]=  0
5, Escape_temp_tab[48]=  0
5, Escape_temp_tab[49]=  0
5, Escape_temp_tab[50]=  0
5, Escape_temp_tab[51]=  0
5, Escape_temp_tab[52]=  0
5, Escape_temp_tab[53]=  0
5, Escape_temp_tab[54]=  0
5, Escape_temp_tab[55]=  0
5, Escape_temp_tab[56]=  0
5, Escape_temp_tab[57]=  0
5, Escape_temp_tab[58]=  0
5, Escape_temp_tab[59]=  0
5, Escape_temp_tab[60]=  0
5, Escape_temp_tab[61]=  0
5, Escape_temp_tab[62]=  0
5, Escape_temp_tab[63]=  0
5, Escape_temp_tab[64]=  0
5, Escape_temp_tab[65]=  0
5, Escape_temp_tab[66]=  0
5, Escape_temp_tab[67]=  0
5, Escape_temp_tab[68]=  0
5, Escape_temp_tab[69]=  0
5, Escape_temp_tab[70]=  0
5, Escape_temp_tab[71]=  0
5, Escape_temp_tab[72]=  0
5, Escape_temp_tab[73]=  0
5, Escape_temp_tab[74]=  0
5, Escape_temp_tab[75]=  0
5, Escape_temp_tab[76]=  0
5, Escape_temp_tab[77]=  0
5, Escape_temp_tab[78]=  0
5, Escape_temp_tab[79]=  0
5, Escape_temp_tab[80]=  0
5, Escape_temp_tab[81]=  0
5, Escape_temp_tab[82]=  0
5, Escape_temp_tab[83]=  0
5, Escape_temp_tab[84]=  0
5, Escape_temp_tab[85]=  0
5, Escape_temp_tab[86]=  0
5, Escape_temp_tab[87]=  0
5, Escape_temp_tab[88]=  0
5, Escape_temp_tab[89]=  0
5, Escape_temp_tab[90]=  0
5, Escape_temp_tab[91]=  0
5, Escape_temp_tab[92]=  0
5, Escape_temp_tab[93]=  0
5, Escape_temp_tab[94]=  0
5, Escape_temp_tab[95]=  0
5, Escape_temp_tab[96]=  0
5, Escape_temp_tab[97]=  0
5, Escape_temp_tab[98]=  0
5, Escape_temp_tab[99]=  0
5, Escape_temp_tab[100]=  0
5, Escape_temp_tab[101]=  0
5, Escape_temp_tab[102]=  0
5, Escape_temp_tab[103]=  0
5, Escape_temp_tab[104]=  0
5, Escape_temp_tab[105]=  0
5, Escape_temp_tab[106]=  
5, Escape_temp_tab[107]=  
5, Escape_temp_tab[108]=  
5, Escape_temp_tab[109]=  
5, Escape_temp_tab[110]=  
5, Escape_temp_tab[111]=  0
5, Escape_temp_tab[112]=  185273099
5, Escape_temp_tab[113]=  4294967295
5, Escape_temp_tab[114]=  0
5, Escape_temp_tab[115]=  0
5, Escape_temp_tab[116]=  0
5, Escape_temp_tab[117]=  0
5, Escape_temp_tab[118]=  0
5, Escape_temp_tab[119]=  28
5, Escape_temp_tab[120]=  0
5, Escape_temp_tab[121]=  0
5, Escape_temp_tab[122]=  0
5, Escape_temp_tab[123]=  0
5, Escape_temp_tab[124]=  0
5, Escape_temp_tab[125]=  0
5, Escape_temp_tab[126]=  0
5, Escape_temp_tab[127]=  0
5, Escape_temp_tab[128]=  0
5, Escape_temp_tab[129]=  0
5, Escape_temp_tab[130]=  0
5, Escape_temp_tab[131]=  0
5, Escape_temp_tab[132]=  41
5, Escape_temp_tab[133]=  0
5, Escape_temp_tab[134]=  49152
5, Escape_temp_tab[135]=  10712
5, Escape_temp_tab[136]=  11008
5, Escape_temp_tab[137]=  15616
5, Escape_temp_tab[138]=  10752
5, Escape_temp_tab[139]=  14336
5, Escape_temp_tab[140]=  13568
5, Escape_temp_tab[141]=  7424
5, Escape_temp_tab[142]=  7682
5, Escape_temp_tab[143]=  7938
5, Escape_temp_tab[144]=  8194
5, Escape_temp_tab[145]=  8450
5, Escape_temp_tab[146]=  8706
5, Escape_temp_tab[147]=  8962
5, Escape_temp_tab[148]=  9218
5, Escape_temp_tab[149]=  9474
5, Escape_temp_tab[150]=  15618
5, Escape_temp_tab[151]=  11010
5, Escape_temp_tab[152]=  14338
5, Escape_temp_tab[153]=  770
5, Escape_temp_tab[154]=  0
5, Escape_temp_tab[155]=  4
5, Escape_temp_tab[156]=  1024
5, Escape_temp_tab[157]=  0
5, Escape_temp_tab[158]=  64512
5, Escape_temp_tab[159]=  15
5, Escape_temp_tab[160]=  0
5, Escape_temp_tab[161]=  0
5, Escape_temp_tab[162]=  0
5, Escape_temp_tab[163]=  0
5, Escape_temp_tab[164]=  0
5, Escape_temp_tab[165]=  0
5, Escape_temp_tab[166]=  0
5, Escape_temp_tab[167]=  0
5, Escape_temp_tab[168]=  0
5, Escape_temp_tab[169]=  0
5, Escape_temp_tab[170]=  0
5, Escape_temp_tab[171]=  0
5, Escape_temp_tab[172]=  0
5, Escape_temp_tab[173]=  0
5, Escape_temp_tab[174]=  0
5, Escape_temp_tab[175]=  0
5, Escape_temp_tab[176]=  0
5, Escape_temp_tab[177]=  0
5, Escape_temp_tab[178]=  0
5, Escape_temp_tab[179]=  0
5, Escape_temp_tab[180]=  0
5, Escape_temp_tab[181]=  0
5, Escape_temp_tab[182]=  0
5, Escape_temp_tab[183]=  0
5, Escape_temp_tab[184]=  0
5, Escape_temp_tab[185]=  0
5, Escape_temp_tab[186]=  0
5, Escape_temp_tab[187]=  0
5, Escape_temp_tab[188]=  0
5, Escape_temp_tab[189]=  0
5, Escape_temp_tab[190]=  0
5, Escape_temp_tab[191]=  0
5, Escape_temp_tab[192]=  0
5, Escape_temp_tab[193]=  0
5, Escape_temp_tab[194]=  0
5, Escape_temp_tab[195]=  0
5, Escape_temp_tab[196]=  0
5, Escape_temp_tab[197]=  0
5, Escape_temp_tab[198]=  0
5, Escape_temp_tab[199]=  0
5, Escape_temp_tab[200]=  0
5, Escape_temp_tab[201]=  0
5, Escape_temp_tab[202]=  0
5, Escape_temp_tab[203]=  -10
5, Escape_temp_tab[204]=  1
5, Escape_temp_tab[205]=  1
5, Escape_temp_tab[206]=  1
5, Escape_temp_tab[207]=  0
5, Escape_temp_tab[208]=  1
5, Escape_temp_tab[209]=  0
5, Escape_temp_tab[210]=  0
5, Escape_temp_tab[211]=  0
5, Escape_temp_tab[212]=  0
5, Escape_temp_tab[213]=  0
5, Escape_temp_tab[214]=  0
5, Escape_temp_tab[215]=  0
5, Escape_temp_tab[216]=  0
5, Escape_temp_tab[217]=  0
5, Escape_temp_tab[218]=  1
5, Escape_temp_tab[219]=  0
5, Escape_temp_tab[220]=  0
5, Escape_temp_tab[221]=  0
5, Escape_temp_tab[222]=  0
5, Escape_temp_tab[223]=  0
5, Escape_temp_tab[224]=  0
5, Escape_temp_tab[225]=  0
5, Escape_temp_tab[226]=  0
5, Escape_temp_tab[227]=  0
5, Escape_temp_tab[228]=  0
5, Escape_temp_tab[229]=  0
5, Escape_temp_tab[230]=  0
5, Escape_temp_tab[231]=  0
5, Escape_temp_tab[232]=  0
5, Escape_temp_tab[233]=  0
5, Escape_temp_tab[234]=  0
5, Escape_temp_tab[235]=  0
5, Escape_temp_tab[236]=  0
5, Escape_temp_tab[237]=  0
5, Escape_temp_tab[238]=  0
5, Escape_temp_tab[239]=  0
5, Escape_temp_tab[240]=  0
5, Escape_temp_tab[241]=  0
5, Escape_temp_tab[242]=  0
5, Escape_temp_tab[243]=  0
5, Escape_temp_tab[244]=  0
63673, Escape_temp_tab[1]=  10
63673, Escape_temp_tab[2]=  47
63673, Escape_temp_tab[3]=  1
63673, Escape_temp_tab[4]=  1
63673, Escape_temp_tab[5]=  番茄爱手机
63673, Escape_temp_tab[6]=  0
63673, Escape_temp_tab[7]=  0
63673, Escape_temp_tab[8]=  1952126522
63673, Escape_temp_tab[9]=  0
63673, Escape_temp_tab[10]=  
63673, Escape_temp_tab[11]=  30
63673, Escape_temp_tab[12]=  
63673, Escape_temp_tab[13]=  111370991
63673, Escape_temp_tab[14]=  0
63673, Escape_temp_tab[15]=  1080
63673, Escape_temp_tab[16]=  38
63673, Escape_temp_tab[17]=  0
63673, Escape_temp_tab[18]=  1
63673, Escape_temp_tab[19]=  0
63673, Escape_temp_tab[20]=  0
63673, Escape_temp_tab[21]=  1
63673, Escape_temp_tab[22]=  259
63673, Escape_temp_tab[23]=  黄盖
63673, Escape_temp_tab[24]=  1
63673, Escape_temp_tab[25]=  0
63673, Escape_temp_tab[26]=  1
63673, Escape_temp_tab[27]=  0
63673, Escape_temp_tab[28]=  1
63673, Escape_temp_tab[29]=  30820
63673, Escape_temp_tab[30]=  0
63673, Escape_temp_tab[31]=  7
63673, Escape_temp_tab[32]=  26728
63673, Escape_temp_tab[33]=  4
63673, Escape_temp_tab[34]=  0
63673, Escape_temp_tab[35]=  37828
63673, Escape_temp_tab[36]=  0
63673, Escape_temp_tab[37]=  5
63673, Escape_temp_tab[38]=  88
63673, Escape_temp_tab[39]=  6
63673, Escape_temp_tab[40]=  82
63673, Escape_temp_tab[41]=  1
63673, Escape_temp_tab[42]=  0
63673, Escape_temp_tab[43]=  0
63673, Escape_temp_tab[44]=  0
63673, Escape_temp_tab[45]=  0
63673, Escape_temp_tab[46]=  0
63673, Escape_temp_tab[47]=  0
63673, Escape_temp_tab[48]=  0
63673, Escape_temp_tab[49]=  0
63673, Escape_temp_tab[50]=  0
63673, Escape_temp_tab[51]=  0
63673, Escape_temp_tab[52]=  0
63673, Escape_temp_tab[53]=  0
63673, Escape_temp_tab[54]=  0
63673, Escape_temp_tab[55]=  0
63673, Escape_temp_tab[56]=  0
63673, Escape_temp_tab[57]=  0
63673, Escape_temp_tab[58]=  0
63673, Escape_temp_tab[59]=  0
63673, Escape_temp_tab[60]=  257
63673, Escape_temp_tab[61]=  0
63673, Escape_temp_tab[62]=  0
63673, Escape_temp_tab[63]=  0
63673, Escape_temp_tab[64]=  0
63673, Escape_temp_tab[65]=  0
63673, Escape_temp_tab[66]=  0
63673, Escape_temp_tab[67]=  0
63673, Escape_temp_tab[68]=  0
63673, Escape_temp_tab[69]=  3
63673, Escape_temp_tab[70]=  2
63673, Escape_temp_tab[71]=  4
63673, Escape_temp_tab[72]=  1
63673, Escape_temp_tab[73]=  2641
63673, Escape_temp_tab[74]=  3513722813
63673, Escape_temp_tab[75]=  0
63673, Escape_temp_tab[76]=  1
63673, Escape_temp_tab[77]=  0
63673, Escape_temp_tab[78]=  0
63673, Escape_temp_tab[79]=  0
63673, Escape_temp_tab[80]=  0
63673, Escape_temp_tab[81]=  0
63673, Escape_temp_tab[82]=  0
63673, Escape_temp_tab[83]=  0
63673, Escape_temp_tab[84]=  0
63673, Escape_temp_tab[85]=  0
63673, Escape_temp_tab[86]=  0
63673, Escape_temp_tab[87]=  0
63673, Escape_temp_tab[88]=  0
63673, Escape_temp_tab[89]=  0
63673, Escape_temp_tab[90]=  0
63673, Escape_temp_tab[91]=  0
63673, Escape_temp_tab[92]=  0
63673, Escape_temp_tab[93]=  0
63673, Escape_temp_tab[94]=  0
63673, Escape_temp_tab[95]=  0
63673, Escape_temp_tab[96]=  0
63673, Escape_temp_tab[97]=  0
63673, Escape_temp_tab[98]=  0
63673, Escape_temp_tab[99]=  0
63673, Escape_temp_tab[100]=  0
63673, Escape_temp_tab[101]=  0
63673, Escape_temp_tab[102]=  0
63673, Escape_temp_tab[103]=  0
63673, Escape_temp_tab[104]=  0
63673, Escape_temp_tab[105]=  0
63673, Escape_temp_tab[106]=  
63673, Escape_temp_tab[107]=  
63673, Escape_temp_tab[108]=  
63673, Escape_temp_tab[109]=  
63673, Escape_temp_tab[110]=  
63673, Escape_temp_tab[111]=  0
63673, Escape_temp_tab[112]=  133376
63673, Escape_temp_tab[113]=  0
63673, Escape_temp_tab[114]=  0
63673, Escape_temp_tab[115]=  5
63673, Escape_temp_tab[116]=  0
63673, Escape_temp_tab[117]=  0
63673, Escape_temp_tab[118]=  1256967
63673, Escape_temp_tab[119]=  27
63673, Escape_temp_tab[120]=  0
63673, Escape_temp_tab[121]=  0
63673, Escape_temp_tab[122]=  0
63673, Escape_temp_tab[123]=  0
63673, Escape_temp_tab[124]=  490
63673, Escape_temp_tab[125]=  1150
63673, Escape_temp_tab[126]=  1010
63673, Escape_temp_tab[127]=  480
63673, Escape_temp_tab[128]=  325
63673, Escape_temp_tab[129]=  755
63673, Escape_temp_tab[130]=  580
63673, Escape_temp_tab[131]=  120
63673, Escape_temp_tab[132]=  32793
63673, Escape_temp_tab[133]=  26
63673, Escape_temp_tab[134]=  8192
63673, Escape_temp_tab[135]=  10649
63673, Escape_temp_tab[136]=  11008
63673, Escape_temp_tab[137]=  15616
63673, Escape_temp_tab[138]=  10752
63673, Escape_temp_tab[139]=  14336
63673, Escape_temp_tab[140]=  13568
63673, Escape_temp_tab[141]=  7424
63673, Escape_temp_tab[142]=  7682
63673, Escape_temp_tab[143]=  7938
63673, Escape_temp_tab[144]=  8194
63673, Escape_temp_tab[145]=  8450
63673, Escape_temp_tab[146]=  8706
63673, Escape_temp_tab[147]=  8962
63673, Escape_temp_tab[148]=  9218
63673, Escape_temp_tab[149]=  9474
63673, Escape_temp_tab[150]=  2
63673, Escape_temp_tab[151]=  0
63673, Escape_temp_tab[152]=  14336
63673, Escape_temp_tab[153]=  8450
63673, Escape_temp_tab[154]=  32
63673, Escape_temp_tab[155]=  0
63673, Escape_temp_tab[156]=  0
63673, Escape_temp_tab[157]=  0
63673, Escape_temp_tab[158]=  64512
63673, Escape_temp_tab[159]=  271
63673, Escape_temp_tab[160]=  0
63673, Escape_temp_tab[161]=  0
63673, Escape_temp_tab[162]=  0
63673, Escape_temp_tab[163]=  0
63673, Escape_temp_tab[164]=  0
63673, Escape_temp_tab[165]=  0
63673, Escape_temp_tab[166]=  0
63673, Escape_temp_tab[167]=  0
63673, Escape_temp_tab[168]=  0
63673, Escape_temp_tab[169]=  0
63673, Escape_temp_tab[170]=  1111
63673, Escape_temp_tab[171]=  1024
63673, Escape_temp_tab[172]=  768
63673, Escape_temp_tab[173]=  57
63673, Escape_temp_tab[174]=  57
63673, Escape_temp_tab[175]=  57
63673, Escape_temp_tab[176]=  0
63673, Escape_temp_tab[177]=  0
63673, Escape_temp_tab[178]=  0
63673, Escape_temp_tab[179]=  89
63673, Escape_temp_tab[180]=  60
63673, Escape_temp_tab[181]=  936
63673, Escape_temp_tab[182]=  8613
63673, Escape_temp_tab[183]=  0
63673, Escape_temp_tab[184]=  0
63673, Escape_temp_tab[185]=  0
63673, Escape_temp_tab[186]=  0
63673, Escape_temp_tab[187]=  0
63673, Escape_temp_tab[188]=  0
63673, Escape_temp_tab[189]=  0
63673, Escape_temp_tab[190]=  0
63673, Escape_temp_tab[191]=  0
63673, Escape_temp_tab[192]=  0
63673, Escape_temp_tab[193]=  0
63673, Escape_temp_tab[194]=  0
63673, Escape_temp_tab[195]=  0
63673, Escape_temp_tab[196]=  0
63673, Escape_temp_tab[197]=  0
63673, Escape_temp_tab[198]=  0
63673, Escape_temp_tab[199]=  0
63673, Escape_temp_tab[200]=  0
63673, Escape_temp_tab[201]=  0
63673, Escape_temp_tab[202]=  0
63673, Escape_temp_tab[203]=  -4
63673, Escape_temp_tab[204]=  -16
63673, Escape_temp_tab[205]=  1
63673, Escape_temp_tab[206]=  1
63673, Escape_temp_tab[207]=  -10
63673, Escape_temp_tab[208]=  491
63673, Escape_temp_tab[209]=  580
63673, Escape_temp_tab[210]=  120
63673, Escape_temp_tab[211]=  490
63673, Escape_temp_tab[212]=  1150
63673, Escape_temp_tab[213]=  1010
63673, Escape_temp_tab[214]=  480
63673, Escape_temp_tab[215]=  1
63673, Escape_temp_tab[216]=  325
63673, Escape_temp_tab[217]=  755
63673, Escape_temp_tab[218]=  1
63673, Escape_temp_tab[219]=  0
63673, Escape_temp_tab[220]=  0
63673, Escape_temp_tab[221]=  0
63673, Escape_temp_tab[222]=  0
63673, Escape_temp_tab[223]=  0
63673, Escape_temp_tab[224]=  0
63673, Escape_temp_tab[225]=  0
63673, Escape_temp_tab[226]=  0
63673, Escape_temp_tab[227]=  0
63673, Escape_temp_tab[228]=  0
63673, Escape_temp_tab[229]=  0
63673, Escape_temp_tab[230]=  0
63673, Escape_temp_tab[231]=  0
63673, Escape_temp_tab[232]=  0
63673, Escape_temp_tab[233]=  0
63673, Escape_temp_tab[234]=  0
63673, Escape_temp_tab[235]=  0
63673, Escape_temp_tab[236]=  0
63673, Escape_temp_tab[237]=  60
63673, Escape_temp_tab[238]=  100
63673, Escape_temp_tab[239]=  0
63673, Escape_temp_tab[240]=  0
63673, Escape_temp_tab[241]=  0
63673, Escape_temp_tab[242]=  0
63673, Escape_temp_tab[243]=  0
63673, Escape_temp_tab[244]=  0
