0, 读取游戏设置-分辨率为1920*1080
0, 读取游戏设置-音效为0
0, 读取游戏设置-音乐为0
13551, 保存游戏设置-分辨率为1920*1080
13551, 保存游戏设置-音效为0
13551, 保存游戏设置-音乐为0
13551, 保存游戏设置-分辨率为1920*1080
13551, 保存游戏设置-音效为0
13551, 保存游戏设置-音乐为0
49130, 保存游戏设置-分辨率为1920*1080
49130, 保存游戏设置-音效为0
49130, 保存游戏设置-音乐为0
49130, 保存游戏设置-分辨率为1920*1080
49130, 保存游戏设置-音效为0
49130, 保存游戏设置-音乐为0
50061, 保存游戏设置-分辨率为1920*1080
50061, 保存游戏设置-音效为0
50061, 保存游戏设置-音乐为0
50061, 保存游戏设置-分辨率为1920*1080
50061, 保存游戏设置-音效为0
50061, 保存游戏设置-音乐为0
50105, 保存游戏设置-分辨率为1920*1080
50105, 保存游戏设置-音效为0
50105, 保存游戏设置-音乐为0
50105, 保存游戏设置-分辨率为1920*1080
50105, 保存游戏设置-音效为0
50105, 保存游戏设置-音乐为0
50105, 保存游戏设置-分辨率为1920*1080
50105, 保存游戏设置-音效为0
50105, 保存游戏设置-音乐为0
50105, 保存游戏设置-分辨率为1920*1080
50105, 保存游戏设置-音效为0
50105, 保存游戏设置-音乐为0
58414, 保存游戏设置-分辨率为1920*1080
58414, 保存游戏设置-音效为0
58414, 保存游戏设置-音乐为0
58414, 保存游戏设置-分辨率为1920*1080
58414, 保存游戏设置-音效为0
58414, 保存游戏设置-音乐为0
