4608,  0:1:18 ,消灭蜀国弓手,获得69
5418,  0:1:32 ,消灭蜀国刀兵,获得69
5422,  0:1:32 ,消灭蜀国刀兵,获得71
5603,  0:1:35 ,消灭蜀国弓手,获得83
8468,  0:2:23 ,消灭蜀国刀兵,获得74
9504,  0:2:41 ,英雄歼灭邓艾,获得222
9522,  0:2:41 ,消灭蜀国刀兵,获得76
9540,  0:2:42 ,消灭蜀国刀兵,获得83
14280,  0:4:2 ,英雄歼灭蒋钦,获得305
14280,  0:4:2 ,消灭蜀国刀兵,获得78
16992,  0:4:48 ,消灭蜀国刀兵,获得81
20342,  0:5:45 ,消灭蜀国弓手,获得78
23432,  0:6:38 ,消灭蜀国弓手,获得74
28244,  0:8:0 ,消灭蜀国弓手,获得78
34247,  0:9:42 ,英雄歼灭蒋钦,获得312
34618,  0:9:48 ,消灭定军之箭,获得0
36439,  0:10:19 ,消灭蜀国刀兵,获得69
36458,  0:10:19 ,消灭蜀国刀兵,获得81
36492,  0:10:20 ,消灭蜀国弓手,获得69
40254,  0:11:24 ,英雄歼灭蒋钦,获得235
40254,  0:11:24 ,消灭蜀国刀兵,获得76
40974,  0:11:36 ,消灭蜀国弓手,获得78
40974,  0:11:36 ,消灭蜀国刀兵,获得83
46248,  0:13:6 ,英雄歼灭周瑜,获得350
54986,  0:15:34 ,消灭蜀国刀兵,获得74
54986,  0:15:34 ,消灭蜀国弓手,获得99
54986,  0:15:34 ,消灭蜀国刀兵,获得83
56828,  0:16:6 ,消灭蜀国刀兵,获得81
57338,  0:16:14 ,英雄歼灭马超,获得237
60736,  0:17:12 ,消灭孔明灯,获得36
60932,  0:17:15 ,消灭孔明灯,获得36
61962,  0:17:33 ,消灭蜀国弓手,获得95
61962,  0:17:33 ,消灭蜀国弓手,获得71
63686,  0:18:2 ,消灭蜀国外围箭塔,获得321
