2018-10-07 13:42:20:413 PID:15016 FM:     0  ReplayName = D:\起凡\7fgame\replay\MyGame\AutoSave\my_replays0128.7fr  
2018-10-07 13:42:20:413 PID:15016 FM:     0  自动保存的平台路径：/replay="D:\起凡\7fgame\replay\MyGame\AutoSave\my_replays0128.7fr"  
2018-10-07 13:42:20:414 PID:15016 FM:     0   ReplayName2 = D:\起凡\7fgame\replay\MyGame  
2018-10-07 13:42:20:414 PID:15016 FM:     0  玩家保存的平台路径：/replaypath="D:\起凡\7fgame\replay\MyGame\"  
2018-10-07 13:42:28:534 PID:15016 FM:     0  TRUN_VASL[4] 
2018-10-07 13:43:45:134 PID:15016 FM:  3161  保存录像[158475359] FM[3161] [ ] 
2018-10-07 13:43:45:136 PID:15016 FM:  3161  压缩文件[.\core\hct.o]成功。(.\core\hct.o.zip) 
2018-10-07 13:43:45:136 PID:15016 FM:  3161  FILES 0 11253 .\core\hct.o  
2018-10-07 13:43:45:144 PID:15016 FM:  3161  删除临时文件[1] [.\core\hct.o.zip]  
2018-10-07 13:44:22:546 PID:15016 FM:  5369  保存录像[158512765] FM[5369] [ ] 
2018-10-07 13:44:57:339 PID:15016 FM:  7421  保存录像[158547562] FM[7421] [ ] 
2018-10-07 13:45:32:510 PID:15016 FM:  9497  保存录像[158582734] FM[9497] [ ] 
2018-10-07 13:46:06:993 PID:15016 FM: 11533  保存录像[158617218] FM[11533] [ ] 
2018-10-07 13:46:41:775 PID:15016 FM: 13585  保存录像[158652000] FM[13585] [ ] 
2018-10-07 13:47:16:510 PID:15016 FM: 15633  保存录像[158686734] FM[15633] [ ] 
2018-10-07 13:47:51:432 PID:15016 FM: 17693  保存录像[158721656] FM[17693] [ ] 
2018-10-07 13:48:26:463 PID:15016 FM: 19761  保存录像[158756687] FM[19761] [ ] 
2018-10-07 13:49:01:510 PID:15016 FM: 21829  保存录像[158791734] FM[21829] [ ] 
2018-10-07 13:49:36:853 PID:15016 FM: 23913  保存录像[158827078] FM[23913] [ ] 
2018-10-07 13:50:12:354 PID:15016 FM: 26009  保存录像[158862578] FM[26009] [ ] 
2018-10-07 13:50:47:478 PID:15016 FM: 28077  保存录像[158897703] FM[28077] [ ] 
2018-10-07 13:51:24:181 PID:15016 FM: 30245  保存录像[158934406] FM[30245] [ ] 
2018-10-07 13:51:59:616 PID:15016 FM: 32333  保存录像[158969828] FM[32333] [ ] 
2018-10-07 13:52:34:480 PID:15016 FM: 34393  保存录像[159004703] FM[34393] [ ] 
2018-10-07 13:53:10:181 PID:15016 FM: 36501  保存录像[159040406] FM[36501] [ ] 
2018-10-07 13:53:45:886 PID:15016 FM: 38605  保存录像[159076109] FM[38605] [ ] 
2018-10-07 13:54:21:231 PID:15016 FM: 40693  保存录像[159111453] FM[40693] [ ] 
2018-10-07 13:54:56:183 PID:15016 FM: 42753  保存录像[159146406] FM[42753] [ ] 
2018-10-07 13:55:31:776 PID:15016 FM: 44853  保存录像[159182000] FM[44853] [ ] 
2018-10-07 13:56:07:356 PID:15016 FM: 46953  保存录像[159217578] FM[46953] [ ] 
2018-10-07 13:56:42:197 PID:15016 FM: 49009  保存录像[159252421] FM[49009] [ ] 
2018-10-07 13:57:17:571 PID:15016 FM: 51097  保存录像[159287796] FM[51097] [ ] 
2018-10-07 13:57:51:947 PID:15016 FM: 53125  保存录像[159322171] FM[53125] [ ] 
2018-10-07 13:58:27:088 PID:15016 FM: 55197  保存录像[159357312] FM[55197] [ ] 
2018-10-07 13:59:02:612 PID:15016 FM: 57289  保存录像[159392828] FM[57289] [ ] 
2018-10-07 13:59:37:993 PID:15016 FM: 59381  保存录像[159428218] FM[59381] [ ] 
2018-10-07 14:00:13:400 PID:15016 FM: 61469  保存录像[159463625] FM[61469] [ ] 
2018-10-07 14:00:48:246 PID:15016 FM: 63525  保存录像[159498468] FM[63525] [ ] 
2018-10-07 14:01:23:706 PID:15016 FM: 65617  保存录像[159533921] FM[65617] [ ] 
2018-10-07 14:01:59:277 PID:15016 FM: 67717  保存录像[159569500] FM[67717] [ ] 
2018-10-07 14:02:35:885 PID:15016 FM: 69877  保存录像[159606109] FM[69877] [ ] 
2018-10-07 14:03:11:744 PID:15016 FM: 71993  保存录像[159641968] FM[71993] [ ] 
2018-10-07 14:03:49:041 PID:15016 FM: 74193  保存录像[159679265] FM[74193] [ ] 
2018-10-07 14:04:25:518 PID:15016 FM: 76345  保存录像[159715734] FM[76345] [ ] 
2018-10-07 14:05:01:509 PID:15016 FM: 78469  保存录像[159751734] FM[78469] [ ] 
2018-10-07 14:05:38:806 PID:15016 FM: 80669  保存录像[159789031] FM[80669] [ ] 
2018-10-07 14:06:15:009 PID:15016 FM: 82805  保存录像[159825234] FM[82805] [ ] 
2018-10-07 14:06:51:993 PID:15016 FM: 84989  保存录像[159862218] FM[84989] [ ] 
2018-10-07 14:07:27:681 PID:15016 FM: 87093  保存录像[159897906] FM[87093] [ ] 
2018-10-07 14:08:03:884 PID:15016 FM: 89229  保存录像[159934109] FM[89229] [ ] 
2018-10-07 14:08:40:232 PID:15016 FM: 91373  保存录像[159970453] FM[91373] [ ] 
2018-10-07 14:09:16:776 PID:15016 FM: 93529  保存录像[160007000] FM[93529] [ ] 
2018-10-07 14:09:53:166 PID:15016 FM: 95677  保存录像[160043390] FM[95677] [ ] 
2018-10-07 14:10:28:650 PID:15016 FM: 97769  保存录像[160078875] FM[97769] [ ] 
2018-10-07 14:11:06:136 PID:15016 FM: 99981  保存录像[160116359] FM[99981] [ ] 
2018-10-07 14:11:41:387 PID:15016 FM:102061  保存录像[160151609] FM[102061] [ ] 
2018-10-07 14:12:21:608 PID:15016 FM:104433  保存录像[160191828] FM[104433] [ ] 
2018-10-07 14:12:56:581 PID:15016 FM:106497  保存录像[160226796] FM[106497] [ ] 
2018-10-07 14:13:34:447 PID:15016 FM:108733  保存录像[160264671] FM[108733] [ ] 
2018-10-07 14:14:11:480 PID:15016 FM:110917  保存录像[160301703] FM[110917] [ ] 
2018-10-07 14:14:50:105 PID:15016 FM:113193  保存录像[160340328] FM[113193] [ ] 
2018-10-07 14:15:26:322 PID:15016 FM:115333  保存录像[160376546] FM[115333] [ ] 
2018-10-07 14:16:01:120 PID:15016 FM:117385  保存录像[160411343] FM[117385] [ ] 
2018-10-07 14:16:40:510 PID:15016 FM:119709  保存录像[160450734] FM[119709] [ ] 
2018-10-07 14:17:16:028 PID:15016 FM:121805  保存录像[160486250] FM[121805] [ ] 
2018-10-07 14:17:52:698 PID:15016 FM:123969  保存录像[160522921] FM[123969] [ ] 
2018-10-07 14:18:29:432 PID:15016 FM:126137  保存录像[160559656] FM[126137] [ ] 
2018-10-07 14:19:06:548 PID:15016 FM:128325  保存录像[160596765] FM[128325] [ ] 
2018-10-07 14:19:43:165 PID:15016 FM:130489  保存录像[160633390] FM[130489] [ ] 
2018-10-07 14:20:18:744 PID:15016 FM:132589  保存录像[160668968] FM[132589] [ ] 
2018-10-07 14:20:55:712 PID:15016 FM:134769  保存录像[160705937] FM[134769] [ ] 
2018-10-07 14:21:31:167 PID:15016 FM:136861  保存录像[160741390] FM[136861] [ ] 
2018-10-07 14:22:08:432 PID:15016 FM:139061  保存录像[160778656] FM[139061] [ ] 
2018-10-07 14:22:44:026 PID:15016 FM:141161  保存录像[160814250] FM[141161] [ ] 
2018-10-07 14:23:23:778 PID:15016 FM:143505  保存录像[160854000] FM[143505] [ ] 
2018-10-07 14:23:40:788 PID:15016 FM:144440  填充脚本自定义数据[160871000] FM[144440] LEN[11201] 
2018-10-07 14:23:40:788 PID:15016 FM:144440  ONOVERVIDEOSYS [] 
2018-10-07 14:23:40:788 PID:15016 FM:144440  保存录像[160871000] FM[144440] [ ] 
2018-10-07 14:23:40:788 PID:15016 FM:144440  游戏结束保存录像 [1] 
2018-10-07 14:23:40:792 PID:15016 FM:144440  SAVEAS[160871015] [OK] LOCAL [log15016-2018.10.07-13.42.20/replay15016.7fr] Error[0] 
2018-10-07 14:23:40:792 PID:15016 FM:144440  SAVEAS[160871015] [OK] TARGET[D:\起凡\7fgame\replay\MyGame\AutoSave\my_replays0128.7fr] Error[0] 
2018-10-07 14:23:40:792 PID:15016 FM:144440  退出游戏(结束), code 1
 
2018-10-07 14:23:40:792 PID:15016 FM:144440  向服务器发送录像信息(无请求) 
