144440, mvp_value =386, famous_point = 0, famous_point_per = 10
144440, result_per = 1, time_per = 1, num_per = 1
144440, 计算经验值为386
144440, 需刷新,疲劳度为200
144440, 计算经验值为772
144440, mvp_value =283, famous_point = 0, famous_point_per = 10
144440, result_per = 1, time_per = 1, num_per = 1
144440, 计算经验值为283
144440, 需刷新,疲劳度为200
144440, 计算经验值为566
144440, mvp_value =424, famous_point = 1, famous_point_per = 10
144440, result_per = 1, time_per = 1, num_per = 1
144440, 计算经验值为434
144440, 需刷新,疲劳度为200
144440, 计算经验值为868
144440, mvp_value =500, famous_point = 6, famous_point_per = 10
144440, result_per = 1, time_per = 1, num_per = 1
144440, 计算经验值为560
144440, 需刷新,疲劳度为200
144440, 计算经验值为1120
144440, mvp_value =328, famous_point = 2, famous_point_per = 10
144440, result_per = 1, time_per = 1, num_per = 1
144440, 计算经验值为348
144440, 需刷新,疲劳度为200
144440, 计算经验值为696
144440, mvp_value =378, famous_point = 0, famous_point_per = 10
144440, result_per = 1, time_per = 1, num_per = 1
144440, 计算经验值为378
144440, 需刷新,疲劳度为200
144440, 计算经验值为756
144440, mvp_value =304, famous_point = 0, famous_point_per = 10
144440, result_per = 1, time_per = 1, num_per = 1
144440, 计算经验值为304
144440, 需刷新,疲劳度为200
144440, 计算经验值为608
144440, mvp_value =453, famous_point = 3, famous_point_per = 10
144440, result_per = 1, time_per = 1, num_per = 1
144440, 计算经验值为483
144440, 需刷新,疲劳度为200
144440, 计算经验值为966
144440, mvp_value =350, famous_point = 0, famous_point_per = 10
144440, result_per = 1, time_per = 1, num_per = 1
144440, 计算经验值为350
144440, 需刷新,疲劳度为200
144440, 计算经验值为700
144440, mvp_value =486, famous_point = 0, famous_point_per = 10
144440, result_per = 0.6, time_per = 1, num_per = 1
144440, 计算经验值为292
144440, 需刷新,疲劳度为200
144440, 计算经验值为584
144440, mvp_value =382, famous_point = 1, famous_point_per = 10
144440, result_per = 0.6, time_per = 1, num_per = 1
144440, 计算经验值为235
144440, 需刷新,疲劳度为200
144440, 计算经验值为470
144440, mvp_value =500, famous_point = 1, famous_point_per = 10
144440, result_per = 0.6, time_per = 1, num_per = 1
144440, 计算经验值为306
144440, 需刷新,疲劳度为200
144440, 计算经验值为612
144440, mvp_value =350, famous_point = 0, famous_point_per = 10
144440, result_per = 0.6, time_per = 1, num_per = 1
144440, 计算经验值为210
144440, 需刷新,疲劳度为200
144440, 计算经验值为420
144440, mvp_value =392, famous_point = 0, famous_point_per = 10
144440, result_per = 0.6, time_per = 1, num_per = 1
144440, 计算经验值为235
144440, 需刷新,疲劳度为200
144440, 计算经验值为470
144440, mvp_value =309, famous_point = 1, famous_point_per = 10
144440, result_per = 0.6, time_per = 1, num_per = 1
144440, 计算经验值为191
144440, 需刷新,疲劳度为200
144440, 计算经验值为382
144440, mvp_value =322, famous_point = 0, famous_point_per = 10
144440, result_per = 0.6, time_per = 1, num_per = 1
144440, 计算经验值为193
144440, 需刷新,疲劳度为200
144440, 计算经验值为386
144440, mvp_value =410, famous_point = 0, famous_point_per = 10
144440, result_per = 0.6, time_per = 1, num_per = 1
144440, 计算经验值为246
144440, 需刷新,疲劳度为200
144440, 计算经验值为492
144440, mvp_value =495, famous_point = 1, famous_point_per = 10
144440, result_per = 0.6, time_per = 1, num_per = 1
144440, 计算经验值为303
144440, 需刷新,疲劳度为200
144440, 计算经验值为606
144440, mvp_value =334, famous_point = 1, famous_point_per = 10
144440, result_per = 0.6, time_per = 1, num_per = 1
144440, 计算经验值为206
144440, 需刷新,疲劳度为200
144440, 计算经验值为412
