144440, p_control_id = 1
144440, Old_Point = 859
144440, Add_Point = 9
144440, New_Point_Real = 868
144440, G_Tab.ELOpoint[p_control_id][ELOkind + 2] = 3016
144440, p_control_id = 2
144440, Old_Point = 715
144440, Add_Point = 15
144440, New_Point_Real = 730
144440, G_Tab.ELOpoint[p_control_id][ELOkind + 2] = 6494
144440, p_control_id = 3
144440, Old_Point = 741
144440, Add_Point = 14
144440, New_Point_Real = 755
144440, G_Tab.ELOpoint[p_control_id][ELOkind + 2] = 1485
144440, p_control_id = 4
144440, Old_Point = 757
144440, Add_Point = 16
144440, New_Point_Real = 773
144440, G_Tab.ELOpoint[p_control_id][ELOkind + 2] = 13668
144440, p_control_id = 5
144440, Old_Point = 812
144440, Add_Point = 22
144440, New_Point_Real = 834
144440, G_Tab.ELOpoint[p_control_id][ELOkind + 2] = 1308
144440, p_control_id = 6
144440, Old_Point = 608
144440, Add_Point = 20
144440, New_Point_Real = 628
144440, G_Tab.ELOpoint[p_control_id][ELOkind + 2] = 2871
144440, p_control_id = 7
144440, Old_Point = 744
144440, Add_Point = 14
144440, New_Point_Real = 758
144440, G_Tab.ELOpoint[p_control_id][ELOkind + 2] = 767
144440, p_control_id = 8
144440, Old_Point = 717
144440, Add_Point = 15
144440, New_Point_Real = 732
144440, G_Tab.ELOpoint[p_control_id][ELOkind + 2] = 630
144440, p_control_id = 9
144440, Old_Point = 712
144440, Add_Point = 23
144440, New_Point_Real = 735
144440, G_Tab.ELOpoint[p_control_id][ELOkind + 2] = 1237
144440, p_control_id = 10
144440, Old_Point = 781
144440, Add_Point = 12
144440, New_Point_Real = 793
144440, G_Tab.ELOpoint[p_control_id][ELOkind + 2] = 3445
144440, p_control_id = 11
144440, Old_Point = 697
144440, Add_Point = -10
144440, New_Point_Real = 687
144440, G_Tab.ELOpoint[p_control_id][ELOkind + 2] = 5004
144440, p_control_id = 12
144440, Old_Point = 289
144440, Add_Point = -2
144440, New_Point_Real = 287
144440, G_Tab.ELOpoint[p_control_id][ELOkind + 2] = 1427
144440, p_control_id = 13
144440, Old_Point = 744
144440, Add_Point = -8
144440, New_Point_Real = 736
144440, G_Tab.ELOpoint[p_control_id][ELOkind + 2] = 5069
144440, p_control_id = 14
144440, Old_Point = 706
144440, Add_Point = -14
144440, New_Point_Real = 692
144440, G_Tab.ELOpoint[p_control_id][ELOkind + 2] = 1199
144440, p_control_id = 15
144440, Old_Point = 770
144440, Add_Point = -17
144440, New_Point_Real = 753
144440, G_Tab.ELOpoint[p_control_id][ELOkind + 2] = 3029
144440, p_control_id = 16
144440, Old_Point = 701
144440, Add_Point = -14
144440, New_Point_Real = 687
144440, G_Tab.ELOpoint[p_control_id][ELOkind + 2] = 3243
144440, p_control_id = 17
144440, Old_Point = 765
144440, Add_Point = -17
144440, New_Point_Real = 748
144440, G_Tab.ELOpoint[p_control_id][ELOkind + 2] = 209
144440, p_control_id = 18
144440, Old_Point = 759
144440, Add_Point = -17
144440, New_Point_Real = 742
144440, G_Tab.ELOpoint[p_control_id][ELOkind + 2] = 5666
144440, p_control_id = 19
144440, Old_Point = 783
144440, Add_Point = -11
144440, New_Point_Real = 772
144440, G_Tab.ELOpoint[p_control_id][ELOkind + 2] = 3467
144440, p_control_id = 20
144440, Old_Point = 733
144440, Add_Point = -15
144440, New_Point_Real = 718
144440, G_Tab.ELOpoint[p_control_id][ELOkind + 2] = 768
