144440, 	玩家名	controlid	天梯10V10竞技积分	普通匹配10V10竞技积分	天梯10V10局数	普通10V10局数	天梯10V10竞技加分	普通匹配10V10竞技加分	表现系数	波动系数	高分系数	当局MVP	消费信息
144440, 	朱聪123	1	674	859	132	3016	12	9	1	1	1	386	1221
144440, 	我去灬你找死	2	586	715	58	6494	12	15	1	1	1	283	1130
144440, 	小姐丶跳支舞	3	556	741	158	1485	12	14	1	1	1	241	475
144440, 	a8710361	4	662	757	134	13668	14	16	1.2	1	1	424	345
144440, 	wang纠结	5	633	812	290	1308	17	22	2	1	1	521	789
144440, 	天空飘来五个字1	6	551	608	30	2871	12	20	1	1	1	328	800
144440, 	雄霸丿天下灬	7	675	744	52	767	12	14	1	1	1	378	536
144440, 	右耳钉丶残恋	8	583	717	58	630	12	15	1	1	1	304	716
144440, 	苍穹之夏	9	563	712	89	1237	18	23	1.5	1	1	453	860
144440, 	Cc丶zhous	10	634	781	36	3445	12	12	1	1	1	350	716
144440, 	别拿RMB唬哥	11	601	697	64	5004	-8	-10	0.7	1	1	486	2258
144440, 	z铮铮小猛儿	12	551	289	19	1427	-12	-2	1	1	1	382	308
144440, 	老大来了快跪下	13	576	744	118	5069	-6	-8	0.5	1	1	539	1064
144440, 	迷失mm丶	14	563	706	41	1199	-12	-14	1	1	1	350	1185
144440, 	快乐小飞002	15	616	770	245	3029	-11	-17	1	1	1	392	366
144440, 	hu46c	16	594	701	151	3243	-12	-14	1	1	1	309	852
144440, 	剑刃vz	17	577	765	144	209	-12	-17	1	1	1	322	598
144440, 	落血舞剑	18	638	759	152	5666	-11	-17	1	1	1	410	578
144440, 	我爱玉琼	19	644	783	122	3467	-7	-11	0.6	1	1	495	532
144440, 	女人丨如花	20	559	733	43	768	-8	-15	1	1	1	334	810
144440, ***************以下是开局时的匹配信息****************
144440, 	玩家名	controlid	天梯10V10竞技积分	普通匹配10V10竞技积分	天梯10V10局数	普通10V10局数	组队系数	组队后匹配信息	消费信息	局质量
144440, 	狼牙将士;font=397716600;a=255;r=138;g=133;b=78;|return=5|;|text=朱聪123	1	674	859	132	3016	1	674	1189	94
144440, 	狼牙将士;font=397716600;a=255;r=138;g=133;b=78;|return=5|;|text=我去灬你找死	2	586	715	58	6494	1	586	1182	94
144440, 	小姐丶跳支舞	3	556	741	158	1485	1	556	516	94
144440, 	狼牙将士;font=397716600;a=255;r=138;g=133;b=78;|return=5|;|text=a8710361	4	662	757	134	13668	1	662	293	94
144440, 	狼牙将士;font=397716600;a=255;r=138;g=133;b=78;|return=5|;|text=wang纠结	5	633	812	290	1308	1	633	803	94
144440, 	狼牙将士;font=397716600;a=255;r=138;g=133;b=78;|return=5|;|text=天空飘来五个字1	6	551	608	30	2871	1	551	697	94
144440, 	狼牙将士;font=397716600;a=255;r=138;g=133;b=78;|return=5|;|text=雄霸丿天下灬	7	675	744	52	767	1	675	535	94
144440, 	狼牙将士;font=397716600;a=255;r=138;g=133;b=78;|return=5|;|text=右耳钉丶残恋	8	583	717	58	630	1	583	693	94
144440, 	狼牙将士;font=397716600;a=255;r=138;g=133;b=78;|return=5|;|text=苍穹之夏	9	563	712	89	1237	1	563	850	94
144440, 	狼牙将士;font=397716600;a=255;r=138;g=133;b=78;|return=5|;|text=Cc丶zhous	10	634	781	36	3445	1	634	653	94
144440, 	狼牙将士;font=397716600;a=255;r=138;g=133;b=78;|return=5|;|text=别拿RMB唬哥	11	601	697	64	5004	1	601	2270	94
144440, 	狼牙将士;font=397716600;a=255;r=138;g=133;b=78;|return=5|;|text=z铮铮小猛儿	12	551	289	19	1427	1	551	292	94
144440, 	狼牙将士;font=397716600;a=255;r=138;g=133;b=78;|return=5|;|text=老大来了快跪下	13	576	744	118	5069	1	576	1103	94
144440, 	狼牙将士;font=397716600;a=255;r=138;g=133;b=78;|return=5|;|text=迷失mm丶	14	563	706	41	1199	1	563	1093	94
144440, 	快乐小飞002	15	616	770	245	3029	1	616	392	94
144440, 	狼牙将士;font=397716600;a=255;r=138;g=133;b=78;|return=5|;|text=hu46c	16	594	701	151	3243	1	594	850	94
144440, 	狼牙将士;font=397716600;a=255;r=138;g=133;b=78;|return=5|;|text=剑刃vz	17	577	765	144	209	1	577	585	94
144440, 	狼牙将士;font=397716600;a=255;r=138;g=133;b=78;|return=5|;|text=落血舞剑	18	638	759	152	5666	1	638	595	94
144440, 	狼牙将士;font=397716600;a=255;r=138;g=133;b=78;|return=5|;|text=我爱玉琼	19	644	783	122	3467	1	644	510	94
144440, 	狼牙将士;font=397716600;a=255;r=138;g=133;b=78;|return=5|;|text=女人丨如花	20	559	733	43	768	1	559	819	94
144440, 更详细的记录在eloScore
