144440, control_id = 1
144440, MyMVP = 386
144440, Midmvp = 350
144440, iswin = 1
144440, control_id = 1
144440, MyMVP = 386
144440, Midmvp = 350
144440, iswin = 1
144440, control_id = 2
144440, MyMVP = 283
144440, Midmvp = 350
144440, iswin = 1
144440, control_id = 2
144440, MyMVP = 283
144440, Midmvp = 350
144440, iswin = 1
144440, control_id = 3
144440, MyMVP = 241
144440, Midmvp = 350
144440, iswin = 1
144440, control_id = 3
144440, MyMVP = 241
144440, Midmvp = 350
144440, iswin = 1
144440, control_id = 4
144440, MyMVP = 424
144440, Midmvp = 350
144440, iswin = 1
144440, control_id = 4
144440, MyMVP = 424
144440, Midmvp = 350
144440, iswin = 1
144440, control_id = 5
144440, MyMVP = 521
144440, Midmvp = 350
144440, iswin = 1
144440, control_id = 5
144440, MyMVP = 521
144440, Midmvp = 350
144440, iswin = 1
144440, control_id = 6
144440, MyMVP = 328
144440, Midmvp = 350
144440, iswin = 1
144440, control_id = 6
144440, MyMVP = 328
144440, Midmvp = 350
144440, iswin = 1
144440, control_id = 7
144440, MyMVP = 378
144440, Midmvp = 350
144440, iswin = 1
144440, control_id = 7
144440, MyMVP = 378
144440, Midmvp = 350
144440, iswin = 1
144440, control_id = 8
144440, MyMVP = 304
144440, Midmvp = 350
144440, iswin = 1
144440, control_id = 8
144440, MyMVP = 304
144440, Midmvp = 350
144440, iswin = 1
144440, control_id = 9
144440, MyMVP = 453
144440, Midmvp = 350
144440, iswin = 1
144440, control_id = 9
144440, MyMVP = 453
144440, Midmvp = 350
144440, iswin = 1
144440, control_id = 10
144440, MyMVP = 350
144440, Midmvp = 350
144440, iswin = 1
144440, control_id = 10
144440, MyMVP = 350
144440, Midmvp = 350
144440, iswin = 1
144440, control_id = 11
144440, MyMVP = 486
144440, Midmvp = 382
144440, iswin = 0
144440, control_id = 11
144440, MyMVP = 486
144440, Midmvp = 382
144440, iswin = 0
144440, control_id = 12
144440, MyMVP = 382
144440, Midmvp = 382
144440, iswin = 0
144440, control_id = 12
144440, MyMVP = 382
144440, Midmvp = 382
144440, iswin = 0
144440, control_id = 13
144440, MyMVP = 539
144440, Midmvp = 382
144440, iswin = 0
144440, control_id = 13
144440, MyMVP = 539
144440, Midmvp = 382
144440, iswin = 0
144440, control_id = 14
144440, MyMVP = 350
144440, Midmvp = 382
144440, iswin = 0
144440, control_id = 14
144440, MyMVP = 350
144440, Midmvp = 382
144440, iswin = 0
144440, control_id = 15
144440, MyMVP = 392
144440, Midmvp = 382
144440, iswin = 0
144440, control_id = 15
144440, MyMVP = 392
144440, Midmvp = 382
144440, iswin = 0
144440, control_id = 16
144440, MyMVP = 309
144440, Midmvp = 382
144440, iswin = 0
144440, control_id = 16
144440, MyMVP = 309
144440, Midmvp = 382
144440, iswin = 0
144440, control_id = 17
144440, MyMVP = 322
144440, Midmvp = 382
144440, iswin = 0
144440, control_id = 17
144440, MyMVP = 322
144440, Midmvp = 382
144440, iswin = 0
144440, control_id = 18
144440, MyMVP = 410
144440, Midmvp = 382
144440, iswin = 0
144440, control_id = 18
144440, MyMVP = 410
144440, Midmvp = 382
144440, iswin = 0
144440, control_id = 19
144440, MyMVP = 495
144440, Midmvp = 382
144440, iswin = 0
144440, control_id = 19
144440, MyMVP = 495
144440, Midmvp = 382
144440, iswin = 0
144440, control_id = 20
144440, MyMVP = 334
144440, Midmvp = 382
144440, iswin = 0
144440, control_id = 20
144440, MyMVP = 334
144440, Midmvp = 382
144440, iswin = 0
144440, control_id = 8
144440, MyMVP = 304
144440, Midmvp = 350
144440, iswin = 1
