5, ***************开局查询积分**********************
5, 玩家名：雄霸丿天下灬
5, 天梯10V10竞技积分 = 675
5, 普通匹配10V10竞技积分 = 744
5, 天梯10V10局数 = 52
5, 普通10V10局数 = 767
5, 预留 = 50
5, 段位 =  兵卒二等
5, ***************开局查询积分**********************
5, 玩家名：我爱玉琼
5, 天梯10V10竞技积分 = 644
5, 普通匹配10V10竞技积分 = 783
5, 天梯10V10局数 = 122
5, 普通10V10局数 = 3467
5, 预留 = 88
5, 段位 =  兵卒三等
5, ***************开局查询积分**********************
5, 玩家名：天空飘来五个字1
5, 天梯10V10竞技积分 = 551
5, 普通匹配10V10竞技积分 = 608
5, 天梯10V10局数 = 30
5, 普通10V10局数 = 2871
5, 预留 = 0
5, 段位 =  兵卒四等
5, ***************开局查询积分**********************
5, 玩家名：Cc丶zhous
5, 天梯10V10竞技积分 = 634
5, 普通匹配10V10竞技积分 = 781
5, 天梯10V10局数 = 36
5, 普通10V10局数 = 3445
5, 预留 = 68
5, 段位 =  兵卒三等
5, ***************开局查询积分**********************
5, 玩家名：别拿RMB唬哥
5, 天梯10V10竞技积分 = 601
5, 普通匹配10V10竞技积分 = 697
5, 天梯10V10局数 = 64
5, 普通10V10局数 = 5004
5, 预留 = 0
5, 段位 =  兵卒三等
5, ***************开局查询积分**********************
5, 玩家名：老大来了快跪下
5, 天梯10V10竞技积分 = 576
5, 普通匹配10V10竞技积分 = 744
5, 天梯10V10局数 = 118
5, 普通10V10局数 = 5069
5, 预留 = 52
5, 段位 =  兵卒四等
5, ***************开局查询积分**********************
5, 玩家名：z铮铮小猛儿
5, 天梯10V10竞技积分 = 551
5, 普通匹配10V10竞技积分 = 289
5, 天梯10V10局数 = 19
5, 普通10V10局数 = 1427
5, 预留 = 0
5, 段位 =  兵卒四等
5, ***************开局查询积分**********************
5, 玩家名：a8710361
5, 天梯10V10竞技积分 = 662
5, 普通匹配10V10竞技积分 = 757
5, 天梯10V10局数 = 134
5, 普通10V10局数 = 13668
5, 预留 = 24
5, 段位 =  兵卒二等
5, ***************开局查询积分**********************
5, 玩家名：wang纠结
5, 天梯10V10竞技积分 = 633
5, 普通匹配10V10竞技积分 = 812
5, 天梯10V10局数 = 290
5, 普通10V10局数 = 1308
5, 预留 = 66
5, 段位 =  兵卒三等
5, ***************开局查询积分**********************
5, 玩家名：我去灬你找死
5, 天梯10V10竞技积分 = 586
5, 普通匹配10V10竞技积分 = 715
5, 天梯10V10局数 = 58
5, 普通10V10局数 = 6494
5, 预留 = 72
5, 段位 =  兵卒四等
5, ***************开局查询积分**********************
5, 玩家名：女人丨如花
5, 天梯10V10竞技积分 = 559
5, 普通匹配10V10竞技积分 = 733
5, 天梯10V10局数 = 43
5, 普通10V10局数 = 768
5, 预留 = 18
5, 段位 =  兵卒四等
5, ***************开局查询积分**********************
5, 玩家名：迷失mm丶
5, 天梯10V10竞技积分 = 563
5, 普通匹配10V10竞技积分 = 706
5, 天梯10V10局数 = 41
5, 普通10V10局数 = 1199
5, 预留 = 26
5, 段位 =  兵卒四等
5, ***************开局查询积分**********************
5, 玩家名：落血舞剑
5, 天梯10V10竞技积分 = 638
5, 普通匹配10V10竞技积分 = 759
5, 天梯10V10局数 = 152
5, 普通10V10局数 = 5666
5, 预留 = 76
5, 段位 =  兵卒三等
5, ***************开局查询积分**********************
5, 玩家名：hu46c
5, 天梯10V10竞技积分 = 594
5, 普通匹配10V10竞技积分 = 701
5, 天梯10V10局数 = 151
5, 普通10V10局数 = 3243
5, 预留 = 88
5, 段位 =  兵卒四等
5, ***************开局查询积分**********************
5, 玩家名：小姐丶跳支舞
5, 天梯10V10竞技积分 = 556
5, 普通匹配10V10竞技积分 = 741
5, 天梯10V10局数 = 158
5, 普通10V10局数 = 1485
5, 预留 = 12
5, 段位 =  兵卒四等
5, ***************开局查询积分**********************
5, 玩家名：右耳钉丶残恋
5, 天梯10V10竞技积分 = 583
5, 普通匹配10V10竞技积分 = 717
5, 天梯10V10局数 = 58
5, 普通10V10局数 = 630
5, 预留 = 66
5, 段位 =  兵卒四等
5, ***************开局查询积分**********************
5, 玩家名：剑刃vz
5, 天梯10V10竞技积分 = 577
5, 普通匹配10V10竞技积分 = 765
5, 天梯10V10局数 = 144
5, 普通10V10局数 = 209
5, 预留 = 54
5, 段位 =  兵卒四等
5, ***************开局查询积分**********************
5, 玩家名：快乐小飞002
5, 天梯10V10竞技积分 = 616
5, 普通匹配10V10竞技积分 = 770
5, 天梯10V10局数 = 245
5, 普通10V10局数 = 3029
5, 预留 = 32
5, 段位 =  兵卒三等
5, ***************开局查询积分**********************
5, 玩家名：苍穹之夏
5, 天梯10V10竞技积分 = 563
5, 普通匹配10V10竞技积分 = 712
5, 天梯10V10局数 = 89
5, 普通10V10局数 = 1237
5, 预留 = 26
5, 段位 =  兵卒四等
5, ***************开局查询积分**********************
5, 玩家名：朱聪123
5, 天梯10V10竞技积分 = 674
5, 普通匹配10V10竞技积分 = 859
5, 天梯10V10局数 = 132
5, 普通10V10局数 = 3016
5, 预留 = 48
5, 段位 =  兵卒二等
133581, ***************整理逃跑玩家信息**********************
133581, 玩家名：狼牙将士;font=397716600;a=255;r=138;g=133;b=78;|return=5|;|text=小姐丶跳支舞
133581, ELOSwitch = 1
133581, ELOkind = 2
133581, Add_Point = -18
133581, 天梯10V10竞技积分 = -5
133581, 普通匹配10V10竞技积分 = -18
133581, 天梯10V10局数 = 1
133581, 普通10V10局数 = 1
133581, 表现系数 = 1
133581, 波动系数 = 1
133581, 高分系数 = 1
133581, 消费信息 = 475
144157, ***************开局查询积分**********************
144157, 玩家名：狼牙将士;font=397716600;a=255;r=138;g=133;b=78;|return=5|;|text=z铮铮小猛儿
144157, 天梯10V10竞技积分 = 551
144157, 普通匹配10V10竞技积分 = 289
144157, 天梯10V10局数 = 19
144157, 普通10V10局数 = 1427
144157, 预留 = 0
144157, 段位 =  兵卒四等
144157, ***************开局查询积分**********************
144157, 玩家名：狼牙将士;font=397716600;a=255;r=138;g=133;b=78;|return=5|;|text=迷失mm丶
144157, 天梯10V10竞技积分 = 563
144157, 普通匹配10V10竞技积分 = 706
144157, 天梯10V10局数 = 41
144157, 普通10V10局数 = 1199
144157, 预留 = 26
144157, 段位 =  兵卒四等
144157, ***************开局查询积分**********************
144157, 玩家名：狼牙将士;font=397716600;a=255;r=138;g=133;b=78;|return=5|;|text=我爱玉琼
144157, 天梯10V10竞技积分 = 644
144157, 普通匹配10V10竞技积分 = 783
144157, 天梯10V10局数 = 122
144157, 普通10V10局数 = 3467
144157, 预留 = 88
144157, 段位 =  兵卒三等
144161, ***************开局查询积分**********************
144161, 玩家名：狼牙将士;font=397716600;a=255;r=138;g=133;b=78;|return=5|;|text=wang纠结
144161, 天梯10V10竞技积分 = 633
144161, 普通匹配10V10竞技积分 = 812
144161, 天梯10V10局数 = 290
144161, 普通10V10局数 = 1308
144161, 预留 = 66
144161, 段位 =  兵卒三等
144161, ***************开局查询积分**********************
144161, 玩家名：狼牙将士;font=397716600;a=255;r=138;g=133;b=78;|return=5|;|text=朱聪123
144161, 天梯10V10竞技积分 = 674
144161, 普通匹配10V10竞技积分 = 859
144161, 天梯10V10局数 = 132
144161, 普通10V10局数 = 3016
144161, 预留 = 48
144161, 段位 =  兵卒二等
144161, ***************开局查询积分**********************
144161, 玩家名：狼牙将士;font=397716600;a=255;r=138;g=133;b=78;|return=5|;|text=天空飘来五个字1
144161, 天梯10V10竞技积分 = 551
144161, 普通匹配10V10竞技积分 = 608
144161, 天梯10V10局数 = 30
144161, 普通10V10局数 = 2871
144161, 预留 = 0
144161, 段位 =  兵卒四等
144161, ***************开局查询积分**********************
144161, 玩家名：狼牙将士;font=397716600;a=255;r=138;g=133;b=78;|return=5|;|text=雄霸丿天下灬
144161, 天梯10V10竞技积分 = 675
144161, 普通匹配10V10竞技积分 = 744
144161, 天梯10V10局数 = 52
144161, 普通10V10局数 = 767
144161, 预留 = 50
144161, 段位 =  兵卒二等
144161, ***************开局查询积分**********************
144161, 玩家名：狼牙将士;font=397716600;a=255;r=138;g=133;b=78;|return=5|;|text=a8710361
144161, 天梯10V10竞技积分 = 662
144161, 普通匹配10V10竞技积分 = 757
144161, 天梯10V10局数 = 134
144161, 普通10V10局数 = 13668
144161, 预留 = 24
144161, 段位 =  兵卒二等
144161, ***************开局查询积分**********************
144161, 玩家名：狼牙将士;font=397716600;a=255;r=138;g=133;b=78;|return=5|;|text=老大来了快跪下
144161, 天梯10V10竞技积分 = 576
144161, 普通匹配10V10竞技积分 = 744
144161, 天梯10V10局数 = 118
144161, 普通10V10局数 = 5069
144161, 预留 = 52
144161, 段位 =  兵卒四等
144161, ***************开局查询积分**********************
144161, 玩家名：狼牙将士;font=397716600;a=255;r=138;g=133;b=78;|return=5|;|text=右耳钉丶残恋
144161, 天梯10V10竞技积分 = 583
144161, 普通匹配10V10竞技积分 = 717
144161, 天梯10V10局数 = 58
144161, 普通10V10局数 = 630
144161, 预留 = 66
144161, 段位 =  兵卒四等
144161, ***************开局查询积分**********************
144161, 玩家名：狼牙将士;font=397716600;a=255;r=138;g=133;b=78;|return=5|;|text=Cc丶zhous
144161, 天梯10V10竞技积分 = 634
144161, 普通匹配10V10竞技积分 = 781
144161, 天梯10V10局数 = 36
144161, 普通10V10局数 = 3445
144161, 预留 = 68
144161, 段位 =  兵卒三等
144161, ***************开局查询积分**********************
144161, 玩家名：狼牙将士;font=397716600;a=255;r=138;g=133;b=78;|return=5|;|text=女人丨如花
144161, 天梯10V10竞技积分 = 559
144161, 普通匹配10V10竞技积分 = 733
144161, 天梯10V10局数 = 43
144161, 普通10V10局数 = 768
144161, 预留 = 18
144161, 段位 =  兵卒四等
144161, ***************开局查询积分**********************
144161, 玩家名：狼牙将士;font=397716600;a=255;r=138;g=133;b=78;|return=5|;|text=别拿RMB唬哥
144161, 天梯10V10竞技积分 = 601
144161, 普通匹配10V10竞技积分 = 697
144161, 天梯10V10局数 = 64
144161, 普通10V10局数 = 5004
144161, 预留 = 0
144161, 段位 =  兵卒三等
144161, ***************开局查询积分**********************
144161, 玩家名：狼牙将士;font=397716600;a=255;r=138;g=133;b=78;|return=5|;|text=hu46c
144161, 天梯10V10竞技积分 = 594
144161, 普通匹配10V10竞技积分 = 701
144161, 天梯10V10局数 = 151
144161, 普通10V10局数 = 3243
144161, 预留 = 88
144161, 段位 =  兵卒四等
144165, ***************开局查询积分**********************
144165, 玩家名：狼牙将士;font=397716600;a=255;r=138;g=133;b=78;|return=5|;|text=我去灬你找死
144165, 天梯10V10竞技积分 = 586
144165, 普通匹配10V10竞技积分 = 715
144165, 天梯10V10局数 = 58
144165, 普通10V10局数 = 6494
144165, 预留 = 72
144165, 段位 =  兵卒四等
144169, ***************开局查询积分**********************
144169, 玩家名：狼牙将士;font=397716600;a=255;r=138;g=133;b=78;|return=5|;|text=剑刃vz
144169, 天梯10V10竞技积分 = 577
144169, 普通匹配10V10竞技积分 = 765
144169, 天梯10V10局数 = 144
144169, 普通10V10局数 = 209
144169, 预留 = 54
144169, 段位 =  兵卒四等
144173, ***************开局查询积分**********************
144173, 玩家名：狼牙将士;font=397716600;a=255;r=138;g=133;b=78;|return=5|;|text=落血舞剑
144173, 天梯10V10竞技积分 = 638
144173, 普通匹配10V10竞技积分 = 759
144173, 天梯10V10局数 = 152
144173, 普通10V10局数 = 5666
144173, 预留 = 76
144173, 段位 =  兵卒三等
144173, ***************开局查询积分**********************
144173, 玩家名：狼牙将士;font=397716600;a=255;r=138;g=133;b=78;|return=5|;|text=苍穹之夏
144173, 天梯10V10竞技积分 = 563
144173, 普通匹配10V10竞技积分 = 712
144173, 天梯10V10局数 = 89
144173, 普通10V10局数 = 1237
144173, 预留 = 26
144173, 段位 =  兵卒四等
144440, 消费信息 = 1221
144440, ***************整理正常玩家信息**********************
144440, 玩家名：狼牙将士;font=397716600;a=255;r=138;g=133;b=78;|return=5|;|text=朱聪123
144440, ELOSwitch = 1
144440, ELOkind = 2
144440, Add_Point = 9
144440, 天梯10V10竞技积分 = 12
144440, 普通匹配10V10竞技积分 = 9
144440, 天梯10V10局数 = 1
144440, 普通10V10局数 = 1
144440, 表现系数 = 1
144440, 波动系数 = 1
144440, 高分系数 = 1
144440, 消费信息 = 1130
144440, ***************整理正常玩家信息**********************
144440, 玩家名：狼牙将士;font=397716600;a=255;r=138;g=133;b=78;|return=5|;|text=我去灬你找死
144440, ELOSwitch = 1
144440, ELOkind = 2
144440, Add_Point = 15
144440, 天梯10V10竞技积分 = 12
144440, 普通匹配10V10竞技积分 = 15
144440, 天梯10V10局数 = 1
144440, 普通10V10局数 = 1
144440, 表现系数 = 1
144440, 波动系数 = 1
144440, 高分系数 = 1
144440, 消费信息 = 475
144440, ***************整理正常玩家信息**********************
144440, 玩家名：狼牙将士;font=397716600;a=255;r=138;g=133;b=78;|return=5|;|text=小姐丶跳支舞
144440, ELOSwitch = 1
144440, ELOkind = 2
144440, Add_Point = 14
144440, 天梯10V10竞技积分 = 12
144440, 普通匹配10V10竞技积分 = 14
144440, 天梯10V10局数 = 1
144440, 普通10V10局数 = 1
144440, 表现系数 = 1
144440, 波动系数 = 1
144440, 高分系数 = 1
144440, 消费信息 = 345
144440, ***************整理正常玩家信息**********************
144440, 玩家名：狼牙将士;font=397716600;a=255;r=138;g=133;b=78;|return=5|;|text=a8710361
144440, ELOSwitch = 1
144440, ELOkind = 2
144440, Add_Point = 16
144440, 天梯10V10竞技积分 = 14
144440, 普通匹配10V10竞技积分 = 16
144440, 天梯10V10局数 = 1
144440, 普通10V10局数 = 1
144440, 表现系数 = 1
144440, 波动系数 = 1
144440, 高分系数 = 1
144440, 消费信息 = 789
144440, ***************整理正常玩家信息**********************
144440, 玩家名：狼牙将士;font=397716600;a=255;r=138;g=133;b=78;|return=5|;|text=wang纠结
144440, ELOSwitch = 1
144440, ELOkind = 2
144440, Add_Point = 22
144440, 天梯10V10竞技积分 = 17
144440, 普通匹配10V10竞技积分 = 22
144440, 天梯10V10局数 = 1
144440, 普通10V10局数 = 1
144440, 表现系数 = 1
144440, 波动系数 = 1
144440, 高分系数 = 1
144440, 消费信息 = 800
144440, ***************整理正常玩家信息**********************
144440, 玩家名：狼牙将士;font=397716600;a=255;r=138;g=133;b=78;|return=5|;|text=天空飘来五个字1
144440, ELOSwitch = 1
144440, ELOkind = 2
144440, Add_Point = 20
144440, 天梯10V10竞技积分 = 12
144440, 普通匹配10V10竞技积分 = 20
144440, 天梯10V10局数 = 1
144440, 普通10V10局数 = 1
144440, 表现系数 = 1
144440, 波动系数 = 1
144440, 高分系数 = 1
144440, 消费信息 = 536
144440, ***************整理正常玩家信息**********************
144440, 玩家名：狼牙将士;font=397716600;a=255;r=138;g=133;b=78;|return=5|;|text=雄霸丿天下灬
144440, ELOSwitch = 1
144440, ELOkind = 2
144440, Add_Point = 14
144440, 天梯10V10竞技积分 = 12
144440, 普通匹配10V10竞技积分 = 14
144440, 天梯10V10局数 = 1
144440, 普通10V10局数 = 1
144440, 表现系数 = 1
144440, 波动系数 = 1
144440, 高分系数 = 1
144440, 消费信息 = 716
144440, ***************整理正常玩家信息**********************
144440, 玩家名：狼牙将士;font=397716600;a=255;r=138;g=133;b=78;|return=5|;|text=右耳钉丶残恋
144440, ELOSwitch = 1
144440, ELOkind = 2
144440, Add_Point = 15
144440, 天梯10V10竞技积分 = 12
144440, 普通匹配10V10竞技积分 = 15
144440, 天梯10V10局数 = 1
144440, 普通10V10局数 = 1
144440, 表现系数 = 1
144440, 波动系数 = 1
144440, 高分系数 = 1
144440, 消费信息 = 860
144440, ***************整理正常玩家信息**********************
144440, 玩家名：狼牙将士;font=397716600;a=255;r=138;g=133;b=78;|return=5|;|text=苍穹之夏
144440, ELOSwitch = 1
144440, ELOkind = 2
144440, Add_Point = 23
144440, 天梯10V10竞技积分 = 18
144440, 普通匹配10V10竞技积分 = 23
144440, 天梯10V10局数 = 1
144440, 普通10V10局数 = 1
144440, 表现系数 = 1
144440, 波动系数 = 1
144440, 高分系数 = 1
144440, 消费信息 = 716
144440, ***************整理正常玩家信息**********************
144440, 玩家名：狼牙将士;font=397716600;a=255;r=138;g=133;b=78;|return=5|;|text=Cc丶zhous
144440, ELOSwitch = 1
144440, ELOkind = 2
144440, Add_Point = 12
144440, 天梯10V10竞技积分 = 12
144440, 普通匹配10V10竞技积分 = 12
144440, 天梯10V10局数 = 1
144440, 普通10V10局数 = 1
144440, 表现系数 = 1
144440, 波动系数 = 1
144440, 高分系数 = 1
144440, 消费信息 = 2258
144440, ***************整理正常玩家信息**********************
144440, 玩家名：狼牙将士;font=397716600;a=255;r=138;g=133;b=78;|return=5|;|text=别拿RMB唬哥
144440, ELOSwitch = 1
144440, ELOkind = 2
144440, Add_Point = -10
144440, 天梯10V10竞技积分 = -8
144440, 普通匹配10V10竞技积分 = -10
144440, 天梯10V10局数 = 1
144440, 普通10V10局数 = 1
144440, 表现系数 = 1
144440, 波动系数 = 1
144440, 高分系数 = 1
144440, 消费信息 = 308
144440, ***************整理正常玩家信息**********************
144440, 玩家名：狼牙将士;font=397716600;a=255;r=138;g=133;b=78;|return=5|;|text=z铮铮小猛儿
144440, ELOSwitch = 1
144440, ELOkind = 2
144440, Add_Point = -2
144440, 天梯10V10竞技积分 = -12
144440, 普通匹配10V10竞技积分 = -2
144440, 天梯10V10局数 = 1
144440, 普通10V10局数 = 1
144440, 表现系数 = 1
144440, 波动系数 = 1
144440, 高分系数 = 1
144440, 消费信息 = 1064
144440, ***************整理正常玩家信息**********************
144440, 玩家名：狼牙将士;font=397716600;a=255;r=138;g=133;b=78;|return=5|;|text=老大来了快跪下
144440, ELOSwitch = 1
144440, ELOkind = 2
144440, Add_Point = -8
144440, 天梯10V10竞技积分 = -6
144440, 普通匹配10V10竞技积分 = -8
144440, 天梯10V10局数 = 1
144440, 普通10V10局数 = 1
144440, 表现系数 = 1
144440, 波动系数 = 1
144440, 高分系数 = 1
144440, 消费信息 = 1185
144440, ***************整理正常玩家信息**********************
144440, 玩家名：狼牙将士;font=397716600;a=255;r=138;g=133;b=78;|return=5|;|text=迷失mm丶
144440, ELOSwitch = 1
144440, ELOkind = 2
144440, Add_Point = -14
144440, 天梯10V10竞技积分 = -12
144440, 普通匹配10V10竞技积分 = -14
144440, 天梯10V10局数 = 1
144440, 普通10V10局数 = 1
144440, 表现系数 = 1
144440, 波动系数 = 1
144440, 高分系数 = 1
144440, 消费信息 = 366
144440, ***************整理正常玩家信息**********************
144440, 玩家名：狼牙将士;font=397716600;a=255;r=138;g=133;b=78;|return=5|;|text=快乐小飞002
144440, ELOSwitch = 1
144440, ELOkind = 2
144440, Add_Point = -17
144440, 天梯10V10竞技积分 = -11
144440, 普通匹配10V10竞技积分 = -17
144440, 天梯10V10局数 = 1
144440, 普通10V10局数 = 1
144440, 表现系数 = 1
144440, 波动系数 = 1
144440, 高分系数 = 1
144440, 消费信息 = 852
144440, ***************整理正常玩家信息**********************
144440, 玩家名：狼牙将士;font=397716600;a=255;r=138;g=133;b=78;|return=5|;|text=hu46c
144440, ELOSwitch = 1
144440, ELOkind = 2
144440, Add_Point = -14
144440, 天梯10V10竞技积分 = -12
144440, 普通匹配10V10竞技积分 = -14
144440, 天梯10V10局数 = 1
144440, 普通10V10局数 = 1
144440, 表现系数 = 1
144440, 波动系数 = 1
144440, 高分系数 = 1
144440, 消费信息 = 598
144440, ***************整理正常玩家信息**********************
144440, 玩家名：狼牙将士;font=397716600;a=255;r=138;g=133;b=78;|return=5|;|text=剑刃vz
144440, ELOSwitch = 1
144440, ELOkind = 2
144440, Add_Point = -17
144440, 天梯10V10竞技积分 = -12
144440, 普通匹配10V10竞技积分 = -17
144440, 天梯10V10局数 = 1
144440, 普通10V10局数 = 1
144440, 表现系数 = 1
144440, 波动系数 = 1
144440, 高分系数 = 1
144440, 消费信息 = 578
144440, ***************整理正常玩家信息**********************
144440, 玩家名：狼牙将士;font=397716600;a=255;r=138;g=133;b=78;|return=5|;|text=落血舞剑
144440, ELOSwitch = 1
144440, ELOkind = 2
144440, Add_Point = -17
144440, 天梯10V10竞技积分 = -11
144440, 普通匹配10V10竞技积分 = -17
144440, 天梯10V10局数 = 1
144440, 普通10V10局数 = 1
144440, 表现系数 = 1
144440, 波动系数 = 1
144440, 高分系数 = 1
144440, 消费信息 = 532
144440, ***************整理正常玩家信息**********************
144440, 玩家名：狼牙将士;font=397716600;a=255;r=138;g=133;b=78;|return=5|;|text=我爱玉琼
144440, ELOSwitch = 1
144440, ELOkind = 2
144440, Add_Point = -11
144440, 天梯10V10竞技积分 = -7
144440, 普通匹配10V10竞技积分 = -11
144440, 天梯10V10局数 = 1
144440, 普通10V10局数 = 1
144440, 表现系数 = 1
144440, 波动系数 = 1
144440, 高分系数 = 1
144440, 消费信息 = 810
144440, ***************整理正常玩家信息**********************
144440, 玩家名：狼牙将士;font=397716600;a=255;r=138;g=133;b=78;|return=5|;|text=女人丨如花
144440, ELOSwitch = 1
144440, ELOkind = 2
144440, Add_Point = -15
144440, 天梯10V10竞技积分 = -8
144440, 普通匹配10V10竞技积分 = -15
144440, 天梯10V10局数 = 1
144440, 普通10V10局数 = 1
144440, 表现系数 = 1
144440, 波动系数 = 1
144440, 高分系数 = 1
144440, ***************整理正常玩家信息**********************
144440, 玩家名：蜀国
144440, ELOSwitch = 1
144440, ELOkind = 1
144440, Add_Point = 0
144440, 天梯10V10竞技积分 = 0
144440, 普通匹配10V10竞技积分 = 0
144440, 天梯10V10局数 = 1
144440, 普通10V10局数 = 0
144440, 表现系数 = 1
144440, 波动系数 = 1
144440, 高分系数 = 1
144440, ***************整理正常玩家信息**********************
144440, 玩家名：魏国
144440, ELOSwitch = 1
144440, ELOkind = 1
144440, Add_Point = 0
144440, 天梯10V10竞技积分 = 0
144440, 普通匹配10V10竞技积分 = 0
144440, 天梯10V10局数 = 1
144440, 普通10V10局数 = 0
144440, 表现系数 = 1
144440, 波动系数 = 1
144440, 高分系数 = 1
144440, ***************整理正常玩家信息**********************
144440, 玩家名：中立敌对
144440, ELOSwitch = 1
144440, ELOkind = 1
144440, Add_Point = 0
144440, 天梯10V10竞技积分 = 0
144440, 普通匹配10V10竞技积分 = 0
144440, 天梯10V10局数 = 1
144440, 普通10V10局数 = 0
144440, 表现系数 = 1
144440, 波动系数 = 1
144440, 高分系数 = 1
144440, ***************整理正常玩家信息**********************
144440, 玩家名：中立无敌意
144440, ELOSwitch = 1
144440, ELOkind = 1
144440, Add_Point = 0
144440, 天梯10V10竞技积分 = 0
144440, 普通匹配10V10竞技积分 = 0
144440, 天梯10V10局数 = 1
144440, 普通10V10局数 = 0
144440, 表现系数 = 1
144440, 波动系数 = 1
144440, 高分系数 = 1
144497, ***************开局查询积分**********************
144497, 玩家名：狼牙将士;font=397716600;a=255;r=138;g=133;b=78;|return=5|;|text=快乐小飞002
144497, 天梯10V10竞技积分 = 616
144497, 普通匹配10V10竞技积分 = 770
144497, 天梯10V10局数 = 245
144497, 普通10V10局数 = 3029
144497, 预留 = 32
144497, 段位 =  兵卒三等
