5, 查询到的结果0
5, 付费积分 = 535
5, 查询到的结果0
5, 付费积分 = 510
5, 查询到的结果2
5, 付费积分 = 697
5, 查询到的结果0
5, 付费积分 = 653
5, 查询到的结果0
5, 付费积分 = 2270
5, 查询到的结果0
5, 付费积分 = 1103
5, 查询到的结果0
5, 付费积分 = 292
5, 查询到的结果0
5, 付费积分 = 293
5, 查询到的结果0
5, 付费积分 = 803
5, 查询到的结果0
5, 付费积分 = 1182
5, 查询到的结果5
5, 付费积分 = 819
5, 查询到的结果0
5, 付费积分 = 1093
5, 查询到的结果0
5, 付费积分 = 595
5, 查询到的结果0
5, 付费积分 = 850
5, 查询到的结果4
5, 付费积分 = 516
5, 查询到的结果4
5, 付费积分 = 693
5, 查询到的结果0
5, 付费积分 = 585
5, 查询到的结果0
5, 付费积分 = 392
5, 查询到的结果0
5, 付费积分 = 850
5, 查询到的结果0
5, 付费积分 = 1189
509, Check_Herostyle control =11, unit_id=141 , style=0
613, Check_Herostyle control =9, unit_id=60 , style=0
613, Check_Herostyle control =13, unit_id=260 , style=0
617, Check_Herostyle control =18, unit_id=180 , style=0
621, Check_Herostyle control =20, unit_id=221 , style=0
665, Check_Herostyle control =1, unit_id=85 , style=0
677, Check_Herostyle control =14, unit_id=223 , style=0
861, Check_Herostyle control =19, unit_id=255 , style=0
889, Check_Herostyle control =15, unit_id=193 , style=0
985, Check_Herostyle control =5, unit_id=231 , style=0
1073, Check_Herostyle control =17, unit_id=13 , style=0
1565, Check_Herostyle control =16, unit_id=188 , style=0
2049, Check_Herostyle control =6, unit_id=146 , style=0
2257, Check_Herostyle control =8, unit_id=7 , style=0
2897, Check_Herostyle control =4, unit_id=299 , style=0
3149, Check_Herostyle control =3, unit_id=330 , style=0
3961, Check_Herostyle control =12, unit_id=150 , style=0
4069, Check_Herostyle control =7, unit_id=82 , style=0
4513, Check_Herostyle control =10, unit_id=61 , style=0
6601, Check_Herostyle control =2, unit_id=149 , style=0
144157, 查询到的结果0
144157, 付费积分 = 292
144157, 查询到的结果0
144157, 付费积分 = 1093
144157, 查询到的结果0
144157, 付费积分 = 510
144161, 查询到的结果0
144161, 付费积分 = 803
144161, 查询到的结果0
144161, 付费积分 = 1189
144161, 查询到的结果2
144161, 付费积分 = 697
144161, 查询到的结果0
144161, 付费积分 = 535
144161, 查询到的结果0
144161, 付费积分 = 293
144161, 查询到的结果0
144161, 付费积分 = 1103
144161, 查询到的结果4
144161, 付费积分 = 693
144161, 查询到的结果0
144161, 付费积分 = 653
144161, 查询到的结果5
144161, 付费积分 = 819
144161, 查询到的结果0
144161, 付费积分 = 2270
144161, 查询到的结果0
144161, 付费积分 = 850
144165, 查询到的结果0
144165, 付费积分 = 1182
144169, 查询到的结果0
144169, 付费积分 = 585
144173, 查询到的结果0
144173, 付费积分 = 595
144173, 查询到的结果0
144173, 付费积分 = 850
144440, uploadScore       in
144440, uploadScore      in score2
144440, pcs;41;43;112;102;239;2;150;198;243;242;139;68;107;223;55;109
144440, uploadScore       return
144440, uploadScore       done
Game::Disconnect!
144497, 查询到的结果0
144497, 付费积分 = 392
