5714, 2/306
5714, result=true
5801, 4/304
5801, result=true
6160, 2/300
6160, result=true
6264, 10/298
6264, result=true
31727, 1/288
31727, result=true
31801, 5/287
31801, result=true
31889, 10/282
31889, result=true
41345, 1/272
41345, result=true
41463, 5/271
41463, result=true
41542, 10/266
41542, result=true
61142, 2/256
61142, result=true
61787, 2/254
61787, result=true
61913, 10/252
61913, result=true
67560, 2/242
67560, result=true
67655, 10/240
67655, result=true
67764, 20/230
67764, result=true
73332, 2/210
73332, result=true
79053, 2/208
79053, result=true
79142, 10/206
79142, result=true
79231, 20/196
79231, result=true
85230, 2/176
85230, result=true
85303, 10/174
85303, result=true
97612, 2/164
97612, result=true
111166, 2/162
111166, result=true
