144145, ===[1][朱聪123][祝融夫人]===
144145, 0
144145, 0
144145, 0
144145, --------
144145, 马岱 精忠 ★ ★ ★
144145, 白虎 ★ ★ ★
144145, 物理攻击 + 14.79
144145, 击中生命恢复 + 51.84
144145, 生命偷取 + 17.28％
144145, 暴击概率 + 5.4％
144145, 移动速度 + 14
144145, 基础攻击速度 + 7.2％
144145, 攻击速度 + 12.96％
144145, 暴击伤害 + 12.96％
144145, ===[2][我去灬你找死][马超]===
144145, 0
144145, 0
144145, 0
144145, --------
144145, 青龙 ★
144145, 白虎 ★ ★
144145, 物理攻击 + 14.79
144145, 攻击速度 + 25.92％
144145, 暴击伤害 + 38.88％
144145, 护甲穿透 + 13.5％
144145, 移动速度 + 9
144145, 护甲穿透 + 1.04
144145, ===[3][小姐丶跳支舞][蔡文姬]===
144145, 0
144145, 0
144145, 0
144145, --------
144145, 法正 精忠 ★
144145, 郭嘉 精忠 ★
144145, 高顺 精忠 ★
144145, 朱雀 ★ ★ ★
144145, 伤害减免 + 5.4％
144145, 法术伤害 + 29.64
144145, 法术穿透 + 0.91
144145, 法术暴击伤害 + 6.48％
144145, 移动速度 + 12
144145, 暴击伤害 + 12.96％
144145, 物理防御 + 1.56
144145, 生命偷取 + 8.64％
144145, 每秒法力恢复 + 0.52
144145, 法术暴击概率 + 4.5％
144145, ===[4][a8710361][高顺]===
144145, 0
144145, 0
144145, 0
144145, --------
144145, 青龙 ★ ★ ★
144145, 生命上限 + 74.09
144145, 物理防御 + 1.56
144145, 控制时间减免 + 8.64％
144145, 伤害减免 + 2.7％
144145, 移动速度 + 12
144145, 物理攻击 + 9.86
144145, 护甲穿透 + 1.04
144145, 物理攻击 + 4.32％
144145, 护甲穿透 + 4.5％
144145, 攻击速度 + 12.96％
144145, 暴击伤害 + 12.96％
144145, 基础攻击速度 + 3.6％
144145, ===[5][wang纠结][颜良]===
144145, 0
144145, 0
144145, 0
144145, --------
144145, 赵云 精忠 ★ ★
144145, 祝融夫人 精忠 ★
144145, 青龙 ★ ★ ★
144145, 物理攻击 + 14.79
144145, 攻击速度 + 12.96％
144145, 物理攻击 + 12.96％
144145, 护甲穿透 + 9％
144145, 移动速度 + 10
144145, 护甲穿透 + 1.04
144145, 伤害减免 + 2.7％
144145, 击中生命恢复 + 25.92
144145, ===[6][天空飘来五个字1][贾诩]===
144145, 0
144145, 0
144145, 0
144145, --------
144145, 曹丕 精忠 ★ ★ ★
144145, 朱雀 ★ ★ ★
144145, 基础攻击速度 + 3.6％
144145, 控制时间减免 + 8.64％
144145, 法术伤害 + 19.76
144145, 法术穿透 + 0.91
144145, 移动速度 + 18.8
144145, 物理攻击 + 4.93
144145, 法术抗性 + 1.56
144145, 每秒获得金钱 + 1.3
144145, 生命上限 + 75
144145, 护甲穿透 + 1.04
144145, 法术穿透 + 4.5％
144145, ===[7][雄霸丿天下灬][张A]===
144145, 0
144145, 0
144145, 0
144145, 0
144145, 0
144145, 0
144145, --------
144145, 贾诩 精忠 ★
144145, 青龙 ★
144145, 物理攻击 + 15.73
144145, 护甲穿透 + 0.98
144145, 暴击伤害 + 13.2％
144145, 基础攻击速度 + 5.6％
144145, 击中生命恢复 + 25.92
144145, 生命偷取 + 17.44％
144145, 移动速度 + 5
144145, 攻击速度 + 19.2％
144145, 暴击概率 + 3％
144145, ===[8][右耳钉丶残恋][吕布]===
144145, 0
144145, 0
144145, 0
144145, --------
144145, 甘宁 精忠 ★
144145, 颜良 精忠 ★
144145, 鲁肃 精忠 ★
144145, 青龙 ★ ★ ★
144145, 物理攻击 + 14.79
144145, 击中生命恢复 + 25.92
144145, 生命偷取 + 8.64％
144145, 护甲穿透 + 9％
144145, 移动速度 + 16.8
144145, 护甲穿透 + 1.04
144145, 物理攻击 + 8.64％
144145, 物理防御 + 1.56
144145, 生命上限 + 75
144145, ===[9][苍穹之夏][赵云]===
144145, 0
144145, 0
144145, 0
144145, 0
144145, --------
144145, 凌统 精忠 ★
144145, 郭嘉 精忠 ★
144145, 白虎 ★
144145, 朱雀 ★
144145, 物理攻击 + 10.41
144145, 护甲穿透 + 1.62
144145, 暴击伤害 + 12.96％
144145, 伤害减免 + 2.7％
144145, 移动速度 + 9
144145, 攻击速度 + 7.2％
144145, 物理攻击 + 2.4％
144145, 暴击概率 + 3％
144145, 法术伤害 + 9.88
144145, 法力上限 + 103.68
144145, 法术暴击伤害 + 6.48％
144145, 冷却缩减 + 6.3％
144145, 生命偷取 + 4.8％
144145, 法术暴击概率 + 2.5％
144145, ===[10][Cc丶zhous][周瑜]===
144145, 0
144145, 0
144145, 0
144145, 0
144145, 0
144145, --------
144145, 左慈 精忠 ★
144145, 朱雀 ★
144145, 法术伤害 + 31.84
144145, 每秒法力恢复 + 0.29
144145, 法术暴击伤害 + 13.68％
144145, 冷却缩减 + 7％
144145, 法术穿透 + 0.91
144145, 法术暴击概率 + 4.5％
144145, 移动速度 + 4
144145, 法力上限 + 172.8
144145, 法术伤害 + 1.44％
144145, 法术穿透 + 5％
144145, 法术吸血 + 2.4％
144145, ===[11][别拿RMB唬哥][马岱]===
144145, 0
144145, 0
144145, 0
144145, --------
144145, 马岱 精忠 ★ ★ ★
144145, 青龙 ★ ★ ★
144145, 物理攻击 + 14.79
144145, 攻击速度 + 12.96％
144145, 暴击伤害 + 25.92％
144145, 暴击概率 + 5.4％
144145, 移动速度 + 25.6
144145, 护甲穿透 + 2.08
144145, 物理攻击 + 4.32％
144145, 生命上限 + 150
144145, ===[12][z铮铮小猛儿][李典]===
144145, 0
144145, 0
144145, 0
144145, 0
144145, 0
144145, 0
144145, 0
144145, 0
144145, 0
144145, 0
144145, 0
144145, --------
144145, 生命上限 + 261.72
144145, 每秒生命恢复 + 2
144145, 物理防御 + 2.78
144145, 法术抗性 + 1.46
144145, 控制时间减免 + 4.8％
144145, 移动速度 + 12
144145, 每秒获得金钱 + 0.36
144145, 生命上限 + 1.5％
144145, ===[13][老大来了快跪下][邓芝]===
144145, 0
144145, 0
144145, 0
144145, --------
144145, 曹丕 精忠 ★
144145, 马岱 精忠 ★
144145, 白虎 ★ ★ ★
144145, 物理攻击 + 14.79
144145, 攻击速度 + 25.92％
144145, 生命偷取 + 8.64％
144145, 暴击概率 + 10.8％
144145, 移动速度 + 12
144145, 护甲穿透 + 1.04
144145, 控制时间减免 + 8.64％
144145, 伤害减免 + 2.7％
144145, 物理攻击 + 4.32％
144145, ===[14][迷失mm丶][曹丕]===
144145, 0
144145, 0
144145, 0
144145, --------
144145, 曹休 精忠 ★
144145, 曹丕 精忠 ★
144145, 青龙 ★
144145, 玄武 ★
144145, 朱雀 ★
144145, 伤害减免 + 2.7％
144145, 法术伤害 + 29.64
144145, 每秒法力恢复 + 1.04
144145, 法术吸血 + 8.64％
144145, 移动速度 + 11
144145, 法术伤害 + 2.59％
144145, 法术穿透 + 4.5％
144145, 法术穿透 + 0.91
144145, 法术暴击概率 + 4.5％
144145, ===[15][快乐小飞002][许褚]===
144145, 0
144145, 0
144145, 0
144145, --------
144145, 许褚 精忠 ★ ★ ★
144145, 玄武 ★ ★ ★
144145, 攻击速度 + 25.92％
144145, 复活时间 + -28.78％
144145, 法术伤害 + 9.88
144145, 法术吸血 + 4.32％
144145, 移动速度 + 14
144145, 生命上限 + 148.18
144145, 每秒获得金钱 + 0.65
144145, 护甲穿透 + 1.04
144145, 生命偷取 + 8.64％
144145, 伤害减免 + 2.7％
144145, ===[16][hu46c][孙权]===
144145, 0
144145, 0
144145, 0
144145, --------
144145, 凌统 精忠 ★
144145, 小乔 精忠 ★
144145, 白虎 ★ ★ ★
144145, 物理攻击 + 14.79
144145, 攻击速度 + 12.96％
144145, 暴击伤害 + 12.96％
144145, 移动速度 + 17.8
144145, 生命上限 + 75
144145, 击中生命恢复 + 51.84
144145, 生命上限 + 3.24％
144145, 伤害减免 + 2.7％
144145, 生命偷取 + 8.64％
144145, 护甲穿透 + 4.5％
144145, ===[17][剑刃vz][司马懿]===
144145, 0
144145, 0
144145, 0
144145, --------
144145, 典韦 精忠 ★
144145, 朱雀 ★ ★ ★
144145, 法术伤害 + 29.64
144145, 法术穿透 + 2.73
144145, 法术暴击伤害 + 19.44％
144145, 法术穿透 + 13.5％
144145, 移动速度 + 9
144145, ===[18][落血舞剑][甄姬]===
144145, 0
144145, 0
144145, 0
144145, --------
144145, 赵云 精忠 ★ ★
144145, 颜良 精忠 ★
144145, 白虎 ★ ★ ★
144145, 物理攻击 + 14.79
144145, 物理攻击 + 8.64％
144145, 移动速度 + 19.8
144145, 法术穿透 + 0.91
144145, 生命上限 + 75
144145, 基础攻击速度 + 3.6％
144145, 每秒生命恢复 + 2.59
144145, 法术吸血 + 4.32％
144145, 击中生命恢复 + 25.92
144145, 伤害减免 + 2.7％
144145, ===[19][我爱玉琼][邓艾]===
144145, 0
144145, 0
144145, 0
144145, --------
144145, 曹休 精忠 ★
144145, 祝融夫人 精忠 ★
144145, 青龙 ★ ★ ★
144145, 物理攻击 + 14.79
144145, 攻击速度 + 12.96％
144145, 暴击伤害 + 12.96％
144145, 移动速度 + 32.4
144145, 生命上限 + 225
144145, 护甲穿透 + 2.08
144145, 物理攻击 + 8.64％
144145, ===[20][女人丨如花][法正]===
144145, 0
144145, 0
144145, 0
144145, --------
144145, 吕布 精忠 ★
144145, 黄月英 精忠 ★
144145, 太史慈 精忠 ★
144145, 青龙 ★ ★
144145, 朱雀 ★
144145, 攻击速度 + 12.96％
144145, 生命上限 + 223.18
144145, 控制时间减免 + 8.64％
144145, 移动速度 + 19.8
144145, 物理攻击 + 4.93
144145, 暴击概率 + 5.4％
144145, 法术抗性 + 1.56
144145, 生命上限 + 3.24％
144145, 基础攻击速度 + 3.6％
144145, 每秒生命恢复 + 2.59
144145, 法术吸血 + 4.32％
