133581, 存储数据, 玩家3,小姐丶跳支舞,1项画质: 1	数据长度是1	数据类型为number
133581, 存储数据, 玩家3,小姐丶跳支舞,2项滚屏速度: 20	数据长度是8	数据类型为number
133581, 存储数据, 玩家3,小姐丶跳支舞,3项更新内容面板开关: 1	数据长度是1	数据类型为number
133581, 存储数据, 玩家3,小姐丶跳支舞,4项游戏版本号: 1696	数据长度是16	数据类型为number
133581, 存储数据, 玩家3,小姐丶跳支舞,5项语音: 0	数据长度是1	数据类型为number
133581, 存储数据, 玩家3,小姐丶跳支舞,6项音响: 0	数据长度是1	数据类型为number
133581, 存储数据, 玩家3,小姐丶跳支舞,7项麦克风: 0	数据长度是1	数据类型为number
133581, 存储数据, 玩家3,小姐丶跳支舞,8项音响大小: 0	数据长度是8	数据类型为number
133581, 存储数据, 玩家3,小姐丶跳支舞,9项麦克风大小: 0	数据长度是8	数据类型为number
133581, 存储数据, 玩家3,小姐丶跳支舞,10项未知: 1	数据长度是1	数据类型为number
133581, 存储数据, 玩家3,小姐丶跳支舞,11项光照: 89	数据长度是8	数据类型为number
133581, 存储数据, 玩家3,小姐丶跳支舞,12项新F11面板模式: 1	数据长度是1	数据类型为number
133581, 存储数据, 玩家3,小姐丶跳支舞,13项血条区分敌我: 1	数据长度是1	数据类型为number
133581, 存储数据, 玩家3,小姐丶跳支舞,14项快捷键1: 41	数据长度是16	数据类型为number
133581, 存储数据, 玩家3,小姐丶跳支舞,15项快捷键2: 43	数据长度是16	数据类型为number
133581, 存储数据, 玩家3,小姐丶跳支舞,16项快捷键3: 61	数据长度是16	数据类型为number
133581, 存储数据, 玩家3,小姐丶跳支舞,17项快捷键4: 42	数据长度是16	数据类型为number
133581, 存储数据, 玩家3,小姐丶跳支舞,18项快捷键5: 56	数据长度是16	数据类型为number
133581, 存储数据, 玩家3,小姐丶跳支舞,19项快捷键6: 53	数据长度是16	数据类型为number
133581, 存储数据, 玩家3,小姐丶跳支舞,20项快捷键7: 29	数据长度是16	数据类型为number
133581, 存储数据, 玩家3,小姐丶跳支舞,21项快捷键8: 30	数据长度是16	数据类型为number
133581, 存储数据, 玩家3,小姐丶跳支舞,22项快捷键9: 31	数据长度是16	数据类型为number
133581, 存储数据, 玩家3,小姐丶跳支舞,23项快捷键10: 32	数据长度是16	数据类型为number
133581, 存储数据, 玩家3,小姐丶跳支舞,24项快捷键11: 545	数据长度是16	数据类型为number
133581, 存储数据, 玩家3,小姐丶跳支舞,25项快捷键12: 546	数据长度是16	数据类型为number
133581, 存储数据, 玩家3,小姐丶跳支舞,26项快捷键13: 64	数据长度是16	数据类型为number
133581, 存储数据, 玩家3,小姐丶跳支舞,27项快捷键14: 548	数据长度是16	数据类型为number
133581, 存储数据, 玩家3,小姐丶跳支舞,28项快捷键15: 62	数据长度是16	数据类型为number
133581, 存储数据, 玩家3,小姐丶跳支舞,29项快捷键16: 33	数据长度是16	数据类型为number
133581, 存储数据, 玩家3,小姐丶跳支舞,30项快捷键17: 34	数据长度是16	数据类型为number
133581, 存储数据, 玩家3,小姐丶跳支舞,31项快捷键18: 568	数据长度是16	数据类型为number
133581, 存储数据, 玩家3,小姐丶跳支舞,32项是否显示刀光: 1	数据长度是1	数据类型为number
133581, 存储数据, 玩家3,小姐丶跳支舞,33项显示刀光编号: 11	数据长度是8	数据类型为number
133581, 存储数据, 玩家3,小姐丶跳支舞,34项不显示翅膀: 0	数据长度是1	数据类型为number
133581, 存储数据, 玩家3,小姐丶跳支舞,35项显示翅膀编号: 5	数据长度是8	数据类型为number
133581, 存储数据, 玩家3,小姐丶跳支舞,36项孔明灯: 0	数据长度是8	数据类型为number
133581, 存储数据, 玩家3,小姐丶跳支舞,37项免控表现: 0	数据长度是8	数据类型为number
133581, 存储数据, 玩家3,小姐丶跳支舞,38项窗口锁定: 0	数据长度是8	数据类型为number
133581, 存储数据, 玩家3,小姐丶跳支舞,39项打孔明灯: 0	数据长度是8	数据类型为number
133581, 存储数据, 玩家3,小姐丶跳支舞,40项小地图头像: 3	数据长度是8	数据类型为number
133581, 存储数据, 玩家3,小姐丶跳支舞,41项画笔库6: 0	数据长度是8	数据类型为number
133581, 存储数据, 玩家3,小姐丶跳支舞,42项画笔库7: 0	数据长度是8	数据类型为number
133581, 存储数据, 玩家3,小姐丶跳支舞,43项画笔库8: 0	数据长度是8	数据类型为number
133581, 存储数据, 玩家3,小姐丶跳支舞,44项会员功能1: 1	数据长度是1	数据类型为number
133581, 存储数据, 玩家3,小姐丶跳支舞,45项会员功能2: 1	数据长度是1	数据类型为number
133581, 存储数据, 玩家3,小姐丶跳支舞,46项会员功能3: 1	数据长度是1	数据类型为number
133581, 存储数据, 玩家3,小姐丶跳支舞,47项会员功能4: 1	数据长度是1	数据类型为number
133581, 存储数据, 玩家3,小姐丶跳支舞,48项会员功能5: 1	数据长度是1	数据类型为number
133581, 存储数据, 玩家3,小姐丶跳支舞,49项会员功能6: 1	数据长度是1	数据类型为number
133581, 存储数据, 玩家3,小姐丶跳支舞,50项会员功能7: 1	数据长度是1	数据类型为number
133581, 存储数据, 玩家3,小姐丶跳支舞,51项会员功能8: 1	数据长度是1	数据类型为number
133581, 存储数据, 玩家3,小姐丶跳支舞,52项新商店左侧扩展面板: 1	数据长度是1	数据类型为number
133581, 存储数据, 玩家3,小姐丶跳支舞,53项新商店上部扩展面板: 1	数据长度是1	数据类型为number
133581, 存储数据, 玩家3,小姐丶跳支舞,54项新商店购买方式: 0	数据长度是1	数据类型为number
133581, 存储数据, 玩家3,小姐丶跳支舞,55项新商店商店模式: 1	数据长度是1	数据类型为number
133581, 存储数据, 玩家3,小姐丶跳支舞,56项预扣血模式: 0	数据长度是1	数据类型为number
133581, 存储数据, 玩家3,小姐丶跳支舞,57项回城特效: 0	数据长度是8	数据类型为number
144440, 存储数据, 玩家1,朱聪123,1项画质: 1	数据长度是1	数据类型为number
144440, 存储数据, 玩家1,朱聪123,2项滚屏速度: 13	数据长度是8	数据类型为number
144440, 存储数据, 玩家1,朱聪123,3项更新内容面板开关: 0	数据长度是1	数据类型为number
144440, 存储数据, 玩家1,朱聪123,4项游戏版本号: 1696	数据长度是16	数据类型为number
144440, 存储数据, 玩家1,朱聪123,5项语音: 0	数据长度是1	数据类型为number
144440, 存储数据, 玩家1,朱聪123,6项音响: 0	数据长度是1	数据类型为number
144440, 存储数据, 玩家1,朱聪123,7项麦克风: 0	数据长度是1	数据类型为number
144440, 存储数据, 玩家1,朱聪123,8项音响大小: 0	数据长度是8	数据类型为number
144440, 存储数据, 玩家1,朱聪123,9项麦克风大小: 0	数据长度是8	数据类型为number
144440, 存储数据, 玩家1,朱聪123,10项未知: 1	数据长度是1	数据类型为number
144440, 存储数据, 玩家1,朱聪123,11项光照: 99	数据长度是8	数据类型为number
144440, 存储数据, 玩家1,朱聪123,12项新F11面板模式: 1	数据长度是1	数据类型为number
144440, 存储数据, 玩家1,朱聪123,13项血条区分敌我: 1	数据长度是1	数据类型为number
144440, 存储数据, 玩家1,朱聪123,14项快捷键1: 41	数据长度是16	数据类型为number
144440, 存储数据, 玩家1,朱聪123,15项快捷键2: 43	数据长度是16	数据类型为number
144440, 存储数据, 玩家1,朱聪123,16项快捷键3: 61	数据长度是16	数据类型为number
144440, 存储数据, 玩家1,朱聪123,17项快捷键4: 42	数据长度是16	数据类型为number
144440, 存储数据, 玩家1,朱聪123,18项快捷键5: 0	数据长度是16	数据类型为number
144440, 存储数据, 玩家1,朱聪123,19项快捷键6: 53	数据长度是16	数据类型为number
144440, 存储数据, 玩家1,朱聪123,20项快捷键7: 541	数据长度是16	数据类型为number
144440, 存储数据, 玩家1,朱聪123,21项快捷键8: 542	数据长度是16	数据类型为number
144440, 存储数据, 玩家1,朱聪123,22项快捷键9: 543	数据长度是16	数据类型为number
144440, 存储数据, 玩家1,朱聪123,23项快捷键10: 544	数据长度是16	数据类型为number
144440, 存储数据, 玩家1,朱聪123,24项快捷键11: 545	数据长度是16	数据类型为number
144440, 存储数据, 玩家1,朱聪123,25项快捷键12: 546	数据长度是16	数据类型为number
144440, 存储数据, 玩家1,朱聪123,26项快捷键13: 44	数据长度是16	数据类型为number
144440, 存储数据, 玩家1,朱聪123,27项快捷键14: 548	数据长度是16	数据类型为number
144440, 存储数据, 玩家1,朱聪123,28项快捷键15: 56	数据长度是16	数据类型为number
144440, 存储数据, 玩家1,朱聪123,29项快捷键16: 573	数据长度是16	数据类型为number
144440, 存储数据, 玩家1,朱聪123,30项快捷键17: 555	数据长度是16	数据类型为number
144440, 存储数据, 玩家1,朱聪123,31项快捷键18: 568	数据长度是16	数据类型为number
144440, 存储数据, 玩家1,朱聪123,32项是否显示刀光: 1	数据长度是1	数据类型为number
144440, 存储数据, 玩家1,朱聪123,33项显示刀光编号: 12	数据长度是8	数据类型为number
144440, 存储数据, 玩家1,朱聪123,34项不显示翅膀: 0	数据长度是1	数据类型为number
144440, 存储数据, 玩家1,朱聪123,35项显示翅膀编号: 3	数据长度是8	数据类型为number
144440, 存储数据, 玩家1,朱聪123,36项孔明灯: 0	数据长度是8	数据类型为number
144440, 存储数据, 玩家1,朱聪123,37项免控表现: 0	数据长度是8	数据类型为number
144440, 存储数据, 玩家1,朱聪123,38项窗口锁定: 0	数据长度是8	数据类型为number
144440, 存储数据, 玩家1,朱聪123,39项打孔明灯: 0	数据长度是8	数据类型为number
144440, 存储数据, 玩家1,朱聪123,40项小地图头像: 0	数据长度是8	数据类型为number
144440, 存储数据, 玩家1,朱聪123,41项画笔库6: 0	数据长度是8	数据类型为number
144440, 存储数据, 玩家1,朱聪123,42项画笔库7: 0	数据长度是8	数据类型为number
144440, 存储数据, 玩家1,朱聪123,43项画笔库8: 0	数据长度是8	数据类型为number
144440, 存储数据, 玩家1,朱聪123,44项会员功能1: 1	数据长度是1	数据类型为number
144440, 存储数据, 玩家1,朱聪123,45项会员功能2: 1	数据长度是1	数据类型为number
144440, 存储数据, 玩家1,朱聪123,46项会员功能3: 1	数据长度是1	数据类型为number
144440, 存储数据, 玩家1,朱聪123,47项会员功能4: 1	数据长度是1	数据类型为number
144440, 存储数据, 玩家1,朱聪123,48项会员功能5: 1	数据长度是1	数据类型为number
144440, 存储数据, 玩家1,朱聪123,49项会员功能6: 1	数据长度是1	数据类型为number
144440, 存储数据, 玩家1,朱聪123,50项会员功能7: 1	数据长度是1	数据类型为number
144440, 存储数据, 玩家1,朱聪123,51项会员功能8: 1	数据长度是1	数据类型为number
144440, 存储数据, 玩家1,朱聪123,52项新商店左侧扩展面板: 1	数据长度是1	数据类型为number
144440, 存储数据, 玩家1,朱聪123,53项新商店上部扩展面板: 1	数据长度是1	数据类型为number
144440, 存储数据, 玩家1,朱聪123,54项新商店购买方式: 0	数据长度是1	数据类型为number
144440, 存储数据, 玩家1,朱聪123,55项新商店商店模式: 1	数据长度是1	数据类型为number
144440, 存储数据, 玩家1,朱聪123,56项预扣血模式: 0	数据长度是1	数据类型为number
144440, 存储数据, 玩家1,朱聪123,57项回城特效: 0	数据长度是8	数据类型为number
144440, 存储数据, 玩家2,我去灬你找死,1项画质: 1	数据长度是1	数据类型为number
144440, 存储数据, 玩家2,我去灬你找死,2项滚屏速度: 19	数据长度是8	数据类型为number
144440, 存储数据, 玩家2,我去灬你找死,3项更新内容面板开关: 0	数据长度是1	数据类型为number
144440, 存储数据, 玩家2,我去灬你找死,4项游戏版本号: 1696	数据长度是16	数据类型为number
144440, 存储数据, 玩家2,我去灬你找死,5项语音: 1	数据长度是1	数据类型为number
144440, 存储数据, 玩家2,我去灬你找死,6项音响: 1	数据长度是1	数据类型为number
144440, 存储数据, 玩家2,我去灬你找死,7项麦克风: 1	数据长度是1	数据类型为number
144440, 存储数据, 玩家2,我去灬你找死,8项音响大小: 0	数据长度是8	数据类型为number
144440, 存储数据, 玩家2,我去灬你找死,9项麦克风大小: 0	数据长度是8	数据类型为number
144440, 存储数据, 玩家2,我去灬你找死,10项未知: 1	数据长度是1	数据类型为number
144440, 存储数据, 玩家2,我去灬你找死,11项光照: 100	数据长度是8	数据类型为number
144440, 存储数据, 玩家2,我去灬你找死,12项新F11面板模式: 1	数据长度是1	数据类型为number
144440, 存储数据, 玩家2,我去灬你找死,13项血条区分敌我: 1	数据长度是1	数据类型为number
144440, 存储数据, 玩家2,我去灬你找死,14项快捷键1: 41	数据长度是16	数据类型为number
144440, 存储数据, 玩家2,我去灬你找死,15项快捷键2: 43	数据长度是16	数据类型为number
144440, 存储数据, 玩家2,我去灬你找死,16项快捷键3: 61	数据长度是16	数据类型为number
144440, 存储数据, 玩家2,我去灬你找死,17项快捷键4: 42	数据长度是16	数据类型为number
144440, 存储数据, 玩家2,我去灬你找死,18项快捷键5: 56	数据长度是16	数据类型为number
144440, 存储数据, 玩家2,我去灬你找死,19项快捷键6: 53	数据长度是16	数据类型为number
144440, 存储数据, 玩家2,我去灬你找死,20项快捷键7: 541	数据长度是16	数据类型为number
144440, 存储数据, 玩家2,我去灬你找死,21项快捷键8: 542	数据长度是16	数据类型为number
144440, 存储数据, 玩家2,我去灬你找死,22项快捷键9: 543	数据长度是16	数据类型为number
144440, 存储数据, 玩家2,我去灬你找死,23项快捷键10: 544	数据长度是16	数据类型为number
144440, 存储数据, 玩家2,我去灬你找死,24项快捷键11: 44	数据长度是16	数据类型为number
144440, 存储数据, 玩家2,我去灬你找死,25项快捷键12: 45	数据长度是16	数据类型为number
144440, 存储数据, 玩家2,我去灬你找死,26项快捷键13: 547	数据长度是16	数据类型为number
144440, 存储数据, 玩家2,我去灬你找死,27项快捷键14: 548	数据长度是16	数据类型为number
144440, 存储数据, 玩家2,我去灬你找死,28项快捷键15: 0	数据长度是16	数据类型为number
144440, 存储数据, 玩家2,我去灬你找死,29项快捷键16: 573	数据长度是16	数据类型为number
144440, 存储数据, 玩家2,我去灬你找死,30项快捷键17: 555	数据长度是16	数据类型为number
144440, 存储数据, 玩家2,我去灬你找死,31项快捷键18: 568	数据长度是16	数据类型为number
144440, 存储数据, 玩家2,我去灬你找死,32项是否显示刀光: 1	数据长度是1	数据类型为number
144440, 存储数据, 玩家2,我去灬你找死,33项显示刀光编号: 1	数据长度是8	数据类型为number
144440, 存储数据, 玩家2,我去灬你找死,34项不显示翅膀: 0	数据长度是1	数据类型为number
144440, 存储数据, 玩家2,我去灬你找死,35项显示翅膀编号: 5	数据长度是8	数据类型为number
144440, 存储数据, 玩家2,我去灬你找死,36项孔明灯: 4	数据长度是8	数据类型为number
144440, 存储数据, 玩家2,我去灬你找死,37项免控表现: 0	数据长度是8	数据类型为number
144440, 存储数据, 玩家2,我去灬你找死,38项窗口锁定: 0	数据长度是8	数据类型为number
144440, 存储数据, 玩家2,我去灬你找死,39项打孔明灯: 0	数据长度是8	数据类型为number
144440, 存储数据, 玩家2,我去灬你找死,40项小地图头像: 0	数据长度是8	数据类型为number
144440, 存储数据, 玩家2,我去灬你找死,41项画笔库6: 0	数据长度是8	数据类型为number
144440, 存储数据, 玩家2,我去灬你找死,42项画笔库7: 0	数据长度是8	数据类型为number
144440, 存储数据, 玩家2,我去灬你找死,43项画笔库8: 0	数据长度是8	数据类型为number
144440, 存储数据, 玩家2,我去灬你找死,44项会员功能1: 1	数据长度是1	数据类型为number
144440, 存储数据, 玩家2,我去灬你找死,45项会员功能2: 1	数据长度是1	数据类型为number
144440, 存储数据, 玩家2,我去灬你找死,46项会员功能3: 1	数据长度是1	数据类型为number
144440, 存储数据, 玩家2,我去灬你找死,47项会员功能4: 1	数据长度是1	数据类型为number
144440, 存储数据, 玩家2,我去灬你找死,48项会员功能5: 1	数据长度是1	数据类型为number
144440, 存储数据, 玩家2,我去灬你找死,49项会员功能6: 1	数据长度是1	数据类型为number
144440, 存储数据, 玩家2,我去灬你找死,50项会员功能7: 1	数据长度是1	数据类型为number
144440, 存储数据, 玩家2,我去灬你找死,51项会员功能8: 1	数据长度是1	数据类型为number
144440, 存储数据, 玩家2,我去灬你找死,52项新商店左侧扩展面板: 1	数据长度是1	数据类型为number
144440, 存储数据, 玩家2,我去灬你找死,53项新商店上部扩展面板: 1	数据长度是1	数据类型为number
144440, 存储数据, 玩家2,我去灬你找死,54项新商店购买方式: 0	数据长度是1	数据类型为number
144440, 存储数据, 玩家2,我去灬你找死,55项新商店商店模式: 1	数据长度是1	数据类型为number
144440, 存储数据, 玩家2,我去灬你找死,56项预扣血模式: 0	数据长度是1	数据类型为number
144440, 存储数据, 玩家2,我去灬你找死,57项回城特效: 5	数据长度是8	数据类型为number
144440, 存储数据, 玩家3,小姐丶跳支舞,1项画质: 1	数据长度是1	数据类型为number
144440, 存储数据, 玩家3,小姐丶跳支舞,2项滚屏速度: 20	数据长度是8	数据类型为number
144440, 存储数据, 玩家3,小姐丶跳支舞,3项更新内容面板开关: 1	数据长度是1	数据类型为number
144440, 存储数据, 玩家3,小姐丶跳支舞,4项游戏版本号: 1696	数据长度是16	数据类型为number
144440, 存储数据, 玩家3,小姐丶跳支舞,5项语音: 0	数据长度是1	数据类型为number
144440, 存储数据, 玩家3,小姐丶跳支舞,6项音响: 0	数据长度是1	数据类型为number
144440, 存储数据, 玩家3,小姐丶跳支舞,7项麦克风: 0	数据长度是1	数据类型为number
144440, 存储数据, 玩家3,小姐丶跳支舞,8项音响大小: 0	数据长度是8	数据类型为number
144440, 存储数据, 玩家3,小姐丶跳支舞,9项麦克风大小: 0	数据长度是8	数据类型为number
144440, 存储数据, 玩家3,小姐丶跳支舞,10项未知: 1	数据长度是1	数据类型为number
144440, 存储数据, 玩家3,小姐丶跳支舞,11项光照: 89	数据长度是8	数据类型为number
144440, 存储数据, 玩家3,小姐丶跳支舞,12项新F11面板模式: 1	数据长度是1	数据类型为number
144440, 存储数据, 玩家3,小姐丶跳支舞,13项血条区分敌我: 1	数据长度是1	数据类型为number
144440, 存储数据, 玩家3,小姐丶跳支舞,14项快捷键1: 41	数据长度是16	数据类型为number
144440, 存储数据, 玩家3,小姐丶跳支舞,15项快捷键2: 43	数据长度是16	数据类型为number
144440, 存储数据, 玩家3,小姐丶跳支舞,16项快捷键3: 61	数据长度是16	数据类型为number
144440, 存储数据, 玩家3,小姐丶跳支舞,17项快捷键4: 42	数据长度是16	数据类型为number
144440, 存储数据, 玩家3,小姐丶跳支舞,18项快捷键5: 56	数据长度是16	数据类型为number
144440, 存储数据, 玩家3,小姐丶跳支舞,19项快捷键6: 53	数据长度是16	数据类型为number
144440, 存储数据, 玩家3,小姐丶跳支舞,20项快捷键7: 29	数据长度是16	数据类型为number
144440, 存储数据, 玩家3,小姐丶跳支舞,21项快捷键8: 30	数据长度是16	数据类型为number
144440, 存储数据, 玩家3,小姐丶跳支舞,22项快捷键9: 31	数据长度是16	数据类型为number
144440, 存储数据, 玩家3,小姐丶跳支舞,23项快捷键10: 32	数据长度是16	数据类型为number
144440, 存储数据, 玩家3,小姐丶跳支舞,24项快捷键11: 545	数据长度是16	数据类型为number
144440, 存储数据, 玩家3,小姐丶跳支舞,25项快捷键12: 546	数据长度是16	数据类型为number
144440, 存储数据, 玩家3,小姐丶跳支舞,26项快捷键13: 64	数据长度是16	数据类型为number
144440, 存储数据, 玩家3,小姐丶跳支舞,27项快捷键14: 548	数据长度是16	数据类型为number
144440, 存储数据, 玩家3,小姐丶跳支舞,28项快捷键15: 62	数据长度是16	数据类型为number
144440, 存储数据, 玩家3,小姐丶跳支舞,29项快捷键16: 33	数据长度是16	数据类型为number
144440, 存储数据, 玩家3,小姐丶跳支舞,30项快捷键17: 34	数据长度是16	数据类型为number
144440, 存储数据, 玩家3,小姐丶跳支舞,31项快捷键18: 568	数据长度是16	数据类型为number
144440, 存储数据, 玩家3,小姐丶跳支舞,32项是否显示刀光: 1	数据长度是1	数据类型为number
144440, 存储数据, 玩家3,小姐丶跳支舞,33项显示刀光编号: 11	数据长度是8	数据类型为number
144440, 存储数据, 玩家3,小姐丶跳支舞,34项不显示翅膀: 0	数据长度是1	数据类型为number
144440, 存储数据, 玩家3,小姐丶跳支舞,35项显示翅膀编号: 5	数据长度是8	数据类型为number
144440, 存储数据, 玩家3,小姐丶跳支舞,36项孔明灯: 0	数据长度是8	数据类型为number
144440, 存储数据, 玩家3,小姐丶跳支舞,37项免控表现: 0	数据长度是8	数据类型为number
144440, 存储数据, 玩家3,小姐丶跳支舞,38项窗口锁定: 0	数据长度是8	数据类型为number
144440, 存储数据, 玩家3,小姐丶跳支舞,39项打孔明灯: 0	数据长度是8	数据类型为number
144440, 存储数据, 玩家3,小姐丶跳支舞,40项小地图头像: 3	数据长度是8	数据类型为number
144440, 存储数据, 玩家3,小姐丶跳支舞,41项画笔库6: 0	数据长度是8	数据类型为number
144440, 存储数据, 玩家3,小姐丶跳支舞,42项画笔库7: 0	数据长度是8	数据类型为number
144440, 存储数据, 玩家3,小姐丶跳支舞,43项画笔库8: 0	数据长度是8	数据类型为number
144440, 存储数据, 玩家3,小姐丶跳支舞,44项会员功能1: 1	数据长度是1	数据类型为number
144440, 存储数据, 玩家3,小姐丶跳支舞,45项会员功能2: 1	数据长度是1	数据类型为number
144440, 存储数据, 玩家3,小姐丶跳支舞,46项会员功能3: 1	数据长度是1	数据类型为number
144440, 存储数据, 玩家3,小姐丶跳支舞,47项会员功能4: 1	数据长度是1	数据类型为number
144440, 存储数据, 玩家3,小姐丶跳支舞,48项会员功能5: 1	数据长度是1	数据类型为number
144440, 存储数据, 玩家3,小姐丶跳支舞,49项会员功能6: 1	数据长度是1	数据类型为number
144440, 存储数据, 玩家3,小姐丶跳支舞,50项会员功能7: 1	数据长度是1	数据类型为number
144440, 存储数据, 玩家3,小姐丶跳支舞,51项会员功能8: 1	数据长度是1	数据类型为number
144440, 存储数据, 玩家3,小姐丶跳支舞,52项新商店左侧扩展面板: 1	数据长度是1	数据类型为number
144440, 存储数据, 玩家3,小姐丶跳支舞,53项新商店上部扩展面板: 1	数据长度是1	数据类型为number
144440, 存储数据, 玩家3,小姐丶跳支舞,54项新商店购买方式: 0	数据长度是1	数据类型为number
144440, 存储数据, 玩家3,小姐丶跳支舞,55项新商店商店模式: 1	数据长度是1	数据类型为number
144440, 存储数据, 玩家3,小姐丶跳支舞,56项预扣血模式: 0	数据长度是1	数据类型为number
144440, 存储数据, 玩家3,小姐丶跳支舞,57项回城特效: 0	数据长度是8	数据类型为number
144440, 存储数据, 玩家4,a8710361,1项画质: 1	数据长度是1	数据类型为number
144440, 存储数据, 玩家4,a8710361,2项滚屏速度: 7	数据长度是8	数据类型为number
144440, 存储数据, 玩家4,a8710361,3项更新内容面板开关: 0	数据长度是1	数据类型为number
144440, 存储数据, 玩家4,a8710361,4项游戏版本号: 1696	数据长度是16	数据类型为number
144440, 存储数据, 玩家4,a8710361,5项语音: 0	数据长度是1	数据类型为number
144440, 存储数据, 玩家4,a8710361,6项音响: 0	数据长度是1	数据类型为number
144440, 存储数据, 玩家4,a8710361,7项麦克风: 0	数据长度是1	数据类型为number
144440, 存储数据, 玩家4,a8710361,8项音响大小: 0	数据长度是8	数据类型为number
144440, 存储数据, 玩家4,a8710361,9项麦克风大小: 0	数据长度是8	数据类型为number
144440, 存储数据, 玩家4,a8710361,10项未知: 1	数据长度是1	数据类型为number
144440, 存储数据, 玩家4,a8710361,11项光照: 99	数据长度是8	数据类型为number
144440, 存储数据, 玩家4,a8710361,12项新F11面板模式: 1	数据长度是1	数据类型为number
144440, 存储数据, 玩家4,a8710361,13项血条区分敌我: 1	数据长度是1	数据类型为number
144440, 存储数据, 玩家4,a8710361,14项快捷键1: 41	数据长度是16	数据类型为number
144440, 存储数据, 玩家4,a8710361,15项快捷键2: 43	数据长度是16	数据类型为number
144440, 存储数据, 玩家4,a8710361,16项快捷键3: 61	数据长度是16	数据类型为number
144440, 存储数据, 玩家4,a8710361,17项快捷键4: 42	数据长度是16	数据类型为number
144440, 存储数据, 玩家4,a8710361,18项快捷键5: 56	数据长度是16	数据类型为number
144440, 存储数据, 玩家4,a8710361,19项快捷键6: 53	数据长度是16	数据类型为number
144440, 存储数据, 玩家4,a8710361,20项快捷键7: 541	数据长度是16	数据类型为number
144440, 存储数据, 玩家4,a8710361,21项快捷键8: 542	数据长度是16	数据类型为number
144440, 存储数据, 玩家4,a8710361,22项快捷键9: 543	数据长度是16	数据类型为number
144440, 存储数据, 玩家4,a8710361,23项快捷键10: 544	数据长度是16	数据类型为number
144440, 存储数据, 玩家4,a8710361,24项快捷键11: 545	数据长度是16	数据类型为number
144440, 存储数据, 玩家4,a8710361,25项快捷键12: 546	数据长度是16	数据类型为number
144440, 存储数据, 玩家4,a8710361,26项快捷键13: 547	数据长度是16	数据类型为number
144440, 存储数据, 玩家4,a8710361,27项快捷键14: 548	数据长度是16	数据类型为number
144440, 存储数据, 玩家4,a8710361,28项快捷键15: 549	数据长度是16	数据类型为number
144440, 存储数据, 玩家4,a8710361,29项快捷键16: 573	数据长度是16	数据类型为number
144440, 存储数据, 玩家4,a8710361,30项快捷键17: 555	数据长度是16	数据类型为number
144440, 存储数据, 玩家4,a8710361,31项快捷键18: 568	数据长度是16	数据类型为number
144440, 存储数据, 玩家4,a8710361,32项是否显示刀光: 1	数据长度是1	数据类型为number
144440, 存储数据, 玩家4,a8710361,33项显示刀光编号: 7	数据长度是8	数据类型为number
144440, 存储数据, 玩家4,a8710361,34项不显示翅膀: 0	数据长度是1	数据类型为number
144440, 存储数据, 玩家4,a8710361,35项显示翅膀编号: 4	数据长度是8	数据类型为number
144440, 存储数据, 玩家4,a8710361,36项孔明灯: 0	数据长度是8	数据类型为number
144440, 存储数据, 玩家4,a8710361,37项免控表现: 0	数据长度是8	数据类型为number
144440, 存储数据, 玩家4,a8710361,38项窗口锁定: 0	数据长度是8	数据类型为number
144440, 存储数据, 玩家4,a8710361,39项打孔明灯: 0	数据长度是8	数据类型为number
144440, 存储数据, 玩家4,a8710361,40项小地图头像: 0	数据长度是8	数据类型为number
144440, 存储数据, 玩家4,a8710361,41项画笔库6: 0	数据长度是8	数据类型为number
144440, 存储数据, 玩家4,a8710361,42项画笔库7: 0	数据长度是8	数据类型为number
144440, 存储数据, 玩家4,a8710361,43项画笔库8: 0	数据长度是8	数据类型为number
144440, 存储数据, 玩家4,a8710361,44项会员功能1: 1	数据长度是1	数据类型为number
144440, 存储数据, 玩家4,a8710361,45项会员功能2: 1	数据长度是1	数据类型为number
144440, 存储数据, 玩家4,a8710361,46项会员功能3: 0	数据长度是1	数据类型为number
144440, 存储数据, 玩家4,a8710361,47项会员功能4: 1	数据长度是1	数据类型为number
144440, 存储数据, 玩家4,a8710361,48项会员功能5: 1	数据长度是1	数据类型为number
144440, 存储数据, 玩家4,a8710361,49项会员功能6: 1	数据长度是1	数据类型为number
144440, 存储数据, 玩家4,a8710361,50项会员功能7: 1	数据长度是1	数据类型为number
144440, 存储数据, 玩家4,a8710361,51项会员功能8: 1	数据长度是1	数据类型为number
144440, 存储数据, 玩家4,a8710361,52项新商店左侧扩展面板: 1	数据长度是1	数据类型为number
144440, 存储数据, 玩家4,a8710361,53项新商店上部扩展面板: 1	数据长度是1	数据类型为number
144440, 存储数据, 玩家4,a8710361,54项新商店购买方式: 0	数据长度是1	数据类型为number
144440, 存储数据, 玩家4,a8710361,55项新商店商店模式: 0	数据长度是1	数据类型为number
144440, 存储数据, 玩家4,a8710361,56项预扣血模式: 0	数据长度是1	数据类型为number
144440, 存储数据, 玩家4,a8710361,57项回城特效: 14	数据长度是8	数据类型为number
144440, 存储数据, 玩家5,wang纠结,1项画质: 1	数据长度是1	数据类型为number
144440, 存储数据, 玩家5,wang纠结,2项滚屏速度: 20	数据长度是8	数据类型为number
144440, 存储数据, 玩家5,wang纠结,3项更新内容面板开关: 0	数据长度是1	数据类型为number
144440, 存储数据, 玩家5,wang纠结,4项游戏版本号: 1696	数据长度是16	数据类型为number
144440, 存储数据, 玩家5,wang纠结,5项语音: 0	数据长度是1	数据类型为number
144440, 存储数据, 玩家5,wang纠结,6项音响: 0	数据长度是1	数据类型为number
144440, 存储数据, 玩家5,wang纠结,7项麦克风: 0	数据长度是1	数据类型为number
144440, 存储数据, 玩家5,wang纠结,8项音响大小: 0	数据长度是8	数据类型为number
144440, 存储数据, 玩家5,wang纠结,9项麦克风大小: 0	数据长度是8	数据类型为number
144440, 存储数据, 玩家5,wang纠结,10项未知: 1	数据长度是1	数据类型为number
144440, 存储数据, 玩家5,wang纠结,11项光照: 99	数据长度是8	数据类型为number
144440, 存储数据, 玩家5,wang纠结,12项新F11面板模式: 1	数据长度是1	数据类型为number
144440, 存储数据, 玩家5,wang纠结,13项血条区分敌我: 1	数据长度是1	数据类型为number
144440, 存储数据, 玩家5,wang纠结,14项快捷键1: 41	数据长度是16	数据类型为number
144440, 存储数据, 玩家5,wang纠结,15项快捷键2: 61	数据长度是16	数据类型为number
144440, 存储数据, 玩家5,wang纠结,16项快捷键3: 43	数据长度是16	数据类型为number
144440, 存储数据, 玩家5,wang纠结,17项快捷键4: 56	数据长度是16	数据类型为number
144440, 存储数据, 玩家5,wang纠结,18项快捷键5: 0	数据长度是16	数据类型为number
144440, 存储数据, 玩家5,wang纠结,19项快捷键6: 53	数据长度是16	数据类型为number
144440, 存储数据, 玩家5,wang纠结,20项快捷键7: 64	数据长度是16	数据类型为number
144440, 存储数据, 玩家5,wang纠结,21项快捷键8: 42	数据长度是16	数据类型为number
144440, 存储数据, 玩家5,wang纠结,22项快捷键9: 543	数据长度是16	数据类型为number
144440, 存储数据, 玩家5,wang纠结,23项快捷键10: 44	数据长度是16	数据类型为number
144440, 存储数据, 玩家5,wang纠结,24项快捷键11: 545	数据长度是16	数据类型为number
144440, 存储数据, 玩家5,wang纠结,25项快捷键12: 45	数据长度是16	数据类型为number
144440, 存储数据, 玩家5,wang纠结,26项快捷键13: 0	数据长度是16	数据类型为number
144440, 存储数据, 玩家5,wang纠结,27项快捷键14: 0	数据长度是16	数据类型为number
144440, 存储数据, 玩家5,wang纠结,28项快捷键15: 0	数据长度是16	数据类型为number
144440, 存储数据, 玩家5,wang纠结,29项快捷键16: 0	数据长度是16	数据类型为number
144440, 存储数据, 玩家5,wang纠结,30项快捷键17: 0	数据长度是16	数据类型为number
144440, 存储数据, 玩家5,wang纠结,31项快捷键18: 555	数据长度是16	数据类型为number
144440, 存储数据, 玩家5,wang纠结,32项是否显示刀光: 1	数据长度是1	数据类型为number
144440, 存储数据, 玩家5,wang纠结,33项显示刀光编号: 14	数据长度是8	数据类型为number
144440, 存储数据, 玩家5,wang纠结,34项不显示翅膀: 1	数据长度是1	数据类型为number
144440, 存储数据, 玩家5,wang纠结,35项显示翅膀编号: 0	数据长度是8	数据类型为number
144440, 存储数据, 玩家5,wang纠结,36项孔明灯: 0	数据长度是8	数据类型为number
144440, 存储数据, 玩家5,wang纠结,37项免控表现: 1	数据长度是8	数据类型为number
144440, 存储数据, 玩家5,wang纠结,38项窗口锁定: 0	数据长度是8	数据类型为number
144440, 存储数据, 玩家5,wang纠结,39项打孔明灯: 0	数据长度是8	数据类型为number
144440, 存储数据, 玩家5,wang纠结,40项小地图头像: 0	数据长度是8	数据类型为number
144440, 存储数据, 玩家5,wang纠结,41项画笔库6: 0	数据长度是8	数据类型为number
144440, 存储数据, 玩家5,wang纠结,42项画笔库7: 0	数据长度是8	数据类型为number
144440, 存储数据, 玩家5,wang纠结,43项画笔库8: 0	数据长度是8	数据类型为number
144440, 存储数据, 玩家5,wang纠结,44项会员功能1: 1	数据长度是1	数据类型为number
144440, 存储数据, 玩家5,wang纠结,45项会员功能2: 1	数据长度是1	数据类型为number
144440, 存储数据, 玩家5,wang纠结,46项会员功能3: 1	数据长度是1	数据类型为number
144440, 存储数据, 玩家5,wang纠结,47项会员功能4: 1	数据长度是1	数据类型为number
144440, 存储数据, 玩家5,wang纠结,48项会员功能5: 1	数据长度是1	数据类型为number
144440, 存储数据, 玩家5,wang纠结,49项会员功能6: 1	数据长度是1	数据类型为number
144440, 存储数据, 玩家5,wang纠结,50项会员功能7: 1	数据长度是1	数据类型为number
144440, 存储数据, 玩家5,wang纠结,51项会员功能8: 1	数据长度是1	数据类型为number
144440, 存储数据, 玩家5,wang纠结,52项新商店左侧扩展面板: 1	数据长度是1	数据类型为number
144440, 存储数据, 玩家5,wang纠结,53项新商店上部扩展面板: 1	数据长度是1	数据类型为number
144440, 存储数据, 玩家5,wang纠结,54项新商店购买方式: 0	数据长度是1	数据类型为number
144440, 存储数据, 玩家5,wang纠结,55项新商店商店模式: 1	数据长度是1	数据类型为number
144440, 存储数据, 玩家5,wang纠结,56项预扣血模式: 1	数据长度是1	数据类型为number
144440, 存储数据, 玩家5,wang纠结,57项回城特效: 14	数据长度是8	数据类型为number
144440, 存储数据, 玩家6,天空飘来五个字1,1项画质: 1	数据长度是1	数据类型为number
144440, 存储数据, 玩家6,天空飘来五个字1,2项滚屏速度: 15	数据长度是8	数据类型为number
144440, 存储数据, 玩家6,天空飘来五个字1,3项更新内容面板开关: 0	数据长度是1	数据类型为number
144440, 存储数据, 玩家6,天空飘来五个字1,4项游戏版本号: 1696	数据长度是16	数据类型为number
144440, 存储数据, 玩家6,天空飘来五个字1,5项语音: 0	数据长度是1	数据类型为number
144440, 存储数据, 玩家6,天空飘来五个字1,6项音响: 0	数据长度是1	数据类型为number
144440, 存储数据, 玩家6,天空飘来五个字1,7项麦克风: 0	数据长度是1	数据类型为number
144440, 存储数据, 玩家6,天空飘来五个字1,8项音响大小: 0	数据长度是8	数据类型为number
144440, 存储数据, 玩家6,天空飘来五个字1,9项麦克风大小: 0	数据长度是8	数据类型为number
144440, 存储数据, 玩家6,天空飘来五个字1,10项未知: 1	数据长度是1	数据类型为number
144440, 存储数据, 玩家6,天空飘来五个字1,11项光照: 99	数据长度是8	数据类型为number
144440, 存储数据, 玩家6,天空飘来五个字1,12项新F11面板模式: 1	数据长度是1	数据类型为number
144440, 存储数据, 玩家6,天空飘来五个字1,13项血条区分敌我: 1	数据长度是1	数据类型为number
144440, 存储数据, 玩家6,天空飘来五个字1,14项快捷键1: 41	数据长度是16	数据类型为number
144440, 存储数据, 玩家6,天空飘来五个字1,15项快捷键2: 43	数据长度是16	数据类型为number
144440, 存储数据, 玩家6,天空飘来五个字1,16项快捷键3: 61	数据长度是16	数据类型为number
144440, 存储数据, 玩家6,天空飘来五个字1,17项快捷键4: 42	数据长度是16	数据类型为number
144440, 存储数据, 玩家6,天空飘来五个字1,18项快捷键5: 0	数据长度是16	数据类型为number
144440, 存储数据, 玩家6,天空飘来五个字1,19项快捷键6: 53	数据长度是16	数据类型为number
144440, 存储数据, 玩家6,天空飘来五个字1,20项快捷键7: 541	数据长度是16	数据类型为number
144440, 存储数据, 玩家6,天空飘来五个字1,21项快捷键8: 542	数据长度是16	数据类型为number
144440, 存储数据, 玩家6,天空飘来五个字1,22项快捷键9: 543	数据长度是16	数据类型为number
144440, 存储数据, 玩家6,天空飘来五个字1,23项快捷键10: 56	数据长度是16	数据类型为number
144440, 存储数据, 玩家6,天空飘来五个字1,24项快捷键11: 545	数据长度是16	数据类型为number
144440, 存储数据, 玩家6,天空飘来五个字1,25项快捷键12: 546	数据长度是16	数据类型为number
144440, 存储数据, 玩家6,天空飘来五个字1,26项快捷键13: 64	数据长度是16	数据类型为number
144440, 存储数据, 玩家6,天空飘来五个字1,27项快捷键14: 548	数据长度是16	数据类型为number
144440, 存储数据, 玩家6,天空飘来五个字1,28项快捷键15: 549	数据长度是16	数据类型为number
144440, 存储数据, 玩家6,天空飘来五个字1,29项快捷键16: 44	数据长度是16	数据类型为number
144440, 存储数据, 玩家6,天空飘来五个字1,30项快捷键17: 555	数据长度是16	数据类型为number
144440, 存储数据, 玩家6,天空飘来五个字1,31项快捷键18: 568	数据长度是16	数据类型为number
144440, 存储数据, 玩家6,天空飘来五个字1,32项是否显示刀光: 1	数据长度是1	数据类型为number
144440, 存储数据, 玩家6,天空飘来五个字1,33项显示刀光编号: 26	数据长度是8	数据类型为number
144440, 存储数据, 玩家6,天空飘来五个字1,34项不显示翅膀: 0	数据长度是1	数据类型为number
144440, 存储数据, 玩家6,天空飘来五个字1,35项显示翅膀编号: 5	数据长度是8	数据类型为number
144440, 存储数据, 玩家6,天空飘来五个字1,36项孔明灯: 0	数据长度是8	数据类型为number
144440, 存储数据, 玩家6,天空飘来五个字1,37项免控表现: 0	数据长度是8	数据类型为number
144440, 存储数据, 玩家6,天空飘来五个字1,38项窗口锁定: 0	数据长度是8	数据类型为number
144440, 存储数据, 玩家6,天空飘来五个字1,39项打孔明灯: 0	数据长度是8	数据类型为number
144440, 存储数据, 玩家6,天空飘来五个字1,40项小地图头像: 0	数据长度是8	数据类型为number
144440, 存储数据, 玩家6,天空飘来五个字1,41项画笔库6: 0	数据长度是8	数据类型为number
144440, 存储数据, 玩家6,天空飘来五个字1,42项画笔库7: 0	数据长度是8	数据类型为number
144440, 存储数据, 玩家6,天空飘来五个字1,43项画笔库8: 0	数据长度是8	数据类型为number
144440, 存储数据, 玩家6,天空飘来五个字1,44项会员功能1: 1	数据长度是1	数据类型为number
144440, 存储数据, 玩家6,天空飘来五个字1,45项会员功能2: 1	数据长度是1	数据类型为number
144440, 存储数据, 玩家6,天空飘来五个字1,46项会员功能3: 1	数据长度是1	数据类型为number
144440, 存储数据, 玩家6,天空飘来五个字1,47项会员功能4: 1	数据长度是1	数据类型为number
144440, 存储数据, 玩家6,天空飘来五个字1,48项会员功能5: 1	数据长度是1	数据类型为number
144440, 存储数据, 玩家6,天空飘来五个字1,49项会员功能6: 1	数据长度是1	数据类型为number
144440, 存储数据, 玩家6,天空飘来五个字1,50项会员功能7: 1	数据长度是1	数据类型为number
144440, 存储数据, 玩家6,天空飘来五个字1,51项会员功能8: 1	数据长度是1	数据类型为number
144440, 存储数据, 玩家6,天空飘来五个字1,52项新商店左侧扩展面板: 1	数据长度是1	数据类型为number
144440, 存储数据, 玩家6,天空飘来五个字1,53项新商店上部扩展面板: 1	数据长度是1	数据类型为number
144440, 存储数据, 玩家6,天空飘来五个字1,54项新商店购买方式: 0	数据长度是1	数据类型为number
144440, 存储数据, 玩家6,天空飘来五个字1,55项新商店商店模式: 1	数据长度是1	数据类型为number
144440, 存储数据, 玩家6,天空飘来五个字1,56项预扣血模式: 1	数据长度是1	数据类型为number
144440, 存储数据, 玩家6,天空飘来五个字1,57项回城特效: 0	数据长度是8	数据类型为number
144440, 存储数据, 玩家7,雄霸丿天下灬,1项画质: 1	数据长度是1	数据类型为number
144440, 存储数据, 玩家7,雄霸丿天下灬,2项滚屏速度: 11	数据长度是8	数据类型为number
144440, 存储数据, 玩家7,雄霸丿天下灬,3项更新内容面板开关: 1	数据长度是1	数据类型为number
144440, 存储数据, 玩家7,雄霸丿天下灬,4项游戏版本号: 1696	数据长度是16	数据类型为number
144440, 存储数据, 玩家7,雄霸丿天下灬,5项语音: 1	数据长度是1	数据类型为number
144440, 存储数据, 玩家7,雄霸丿天下灬,6项音响: 1	数据长度是1	数据类型为number
144440, 存储数据, 玩家7,雄霸丿天下灬,7项麦克风: 0	数据长度是1	数据类型为number
144440, 存储数据, 玩家7,雄霸丿天下灬,8项音响大小: 0	数据长度是8	数据类型为number
144440, 存储数据, 玩家7,雄霸丿天下灬,9项麦克风大小: 0	数据长度是8	数据类型为number
144440, 存储数据, 玩家7,雄霸丿天下灬,10项未知: 1	数据长度是1	数据类型为number
144440, 存储数据, 玩家7,雄霸丿天下灬,11项光照: 99	数据长度是8	数据类型为number
144440, 存储数据, 玩家7,雄霸丿天下灬,12项新F11面板模式: 1	数据长度是1	数据类型为number
144440, 存储数据, 玩家7,雄霸丿天下灬,13项血条区分敌我: 1	数据长度是1	数据类型为number
144440, 存储数据, 玩家7,雄霸丿天下灬,14项快捷键1: 41	数据长度是16	数据类型为number
144440, 存储数据, 玩家7,雄霸丿天下灬,15项快捷键2: 43	数据长度是16	数据类型为number
144440, 存储数据, 玩家7,雄霸丿天下灬,16项快捷键3: 61	数据长度是16	数据类型为number
144440, 存储数据, 玩家7,雄霸丿天下灬,17项快捷键4: 42	数据长度是16	数据类型为number
144440, 存储数据, 玩家7,雄霸丿天下灬,18项快捷键5: 56	数据长度是16	数据类型为number
144440, 存储数据, 玩家7,雄霸丿天下灬,19项快捷键6: 53	数据长度是16	数据类型为number
144440, 存储数据, 玩家7,雄霸丿天下灬,20项快捷键7: 541	数据长度是16	数据类型为number
144440, 存储数据, 玩家7,雄霸丿天下灬,21项快捷键8: 542	数据长度是16	数据类型为number
144440, 存储数据, 玩家7,雄霸丿天下灬,22项快捷键9: 543	数据长度是16	数据类型为number
144440, 存储数据, 玩家7,雄霸丿天下灬,23项快捷键10: 544	数据长度是16	数据类型为number
144440, 存储数据, 玩家7,雄霸丿天下灬,24项快捷键11: 545	数据长度是16	数据类型为number
144440, 存储数据, 玩家7,雄霸丿天下灬,25项快捷键12: 546	数据长度是16	数据类型为number
144440, 存储数据, 玩家7,雄霸丿天下灬,26项快捷键13: 29	数据长度是16	数据类型为number
144440, 存储数据, 玩家7,雄霸丿天下灬,27项快捷键14: 30	数据长度是16	数据类型为number
144440, 存储数据, 玩家7,雄霸丿天下灬,28项快捷键15: 31	数据长度是16	数据类型为number
144440, 存储数据, 玩家7,雄霸丿天下灬,29项快捷键16: 567	数据长度是16	数据类型为number
144440, 存储数据, 玩家7,雄霸丿天下灬,30项快捷键17: 573	数据长度是16	数据类型为number
144440, 存储数据, 玩家7,雄霸丿天下灬,31项快捷键18: 555	数据长度是16	数据类型为number
144440, 存储数据, 玩家7,雄霸丿天下灬,32项是否显示刀光: 1	数据长度是1	数据类型为number
144440, 存储数据, 玩家7,雄霸丿天下灬,33项显示刀光编号: 14	数据长度是8	数据类型为number
144440, 存储数据, 玩家7,雄霸丿天下灬,34项不显示翅膀: 0	数据长度是1	数据类型为number
144440, 存储数据, 玩家7,雄霸丿天下灬,35项显示翅膀编号: 4	数据长度是8	数据类型为number
144440, 存储数据, 玩家7,雄霸丿天下灬,36项孔明灯: 0	数据长度是8	数据类型为number
144440, 存储数据, 玩家7,雄霸丿天下灬,37项免控表现: 0	数据长度是8	数据类型为number
144440, 存储数据, 玩家7,雄霸丿天下灬,38项窗口锁定: 0	数据长度是8	数据类型为number
144440, 存储数据, 玩家7,雄霸丿天下灬,39项打孔明灯: 0	数据长度是8	数据类型为number
144440, 存储数据, 玩家7,雄霸丿天下灬,40项小地图头像: 0	数据长度是8	数据类型为number
144440, 存储数据, 玩家7,雄霸丿天下灬,41项画笔库6: 0	数据长度是8	数据类型为number
144440, 存储数据, 玩家7,雄霸丿天下灬,42项画笔库7: 0	数据长度是8	数据类型为number
144440, 存储数据, 玩家7,雄霸丿天下灬,43项画笔库8: 0	数据长度是8	数据类型为number
144440, 存储数据, 玩家7,雄霸丿天下灬,44项会员功能1: 1	数据长度是1	数据类型为number
144440, 存储数据, 玩家7,雄霸丿天下灬,45项会员功能2: 1	数据长度是1	数据类型为number
144440, 存储数据, 玩家7,雄霸丿天下灬,46项会员功能3: 1	数据长度是1	数据类型为number
144440, 存储数据, 玩家7,雄霸丿天下灬,47项会员功能4: 1	数据长度是1	数据类型为number
144440, 存储数据, 玩家7,雄霸丿天下灬,48项会员功能5: 1	数据长度是1	数据类型为number
144440, 存储数据, 玩家7,雄霸丿天下灬,49项会员功能6: 1	数据长度是1	数据类型为number
144440, 存储数据, 玩家7,雄霸丿天下灬,50项会员功能7: 1	数据长度是1	数据类型为number
144440, 存储数据, 玩家7,雄霸丿天下灬,51项会员功能8: 1	数据长度是1	数据类型为number
144440, 存储数据, 玩家7,雄霸丿天下灬,52项新商店左侧扩展面板: 1	数据长度是1	数据类型为number
144440, 存储数据, 玩家7,雄霸丿天下灬,53项新商店上部扩展面板: 1	数据长度是1	数据类型为number
144440, 存储数据, 玩家7,雄霸丿天下灬,54项新商店购买方式: 0	数据长度是1	数据类型为number
144440, 存储数据, 玩家7,雄霸丿天下灬,55项新商店商店模式: 0	数据长度是1	数据类型为number
144440, 存储数据, 玩家7,雄霸丿天下灬,56项预扣血模式: 0	数据长度是1	数据类型为number
144440, 存储数据, 玩家7,雄霸丿天下灬,57项回城特效: 0	数据长度是8	数据类型为number
144440, 存储数据, 玩家8,右耳钉丶残恋,1项画质: 1	数据长度是1	数据类型为number
144440, 存储数据, 玩家8,右耳钉丶残恋,2项滚屏速度: 12	数据长度是8	数据类型为number
144440, 存储数据, 玩家8,右耳钉丶残恋,3项更新内容面板开关: 0	数据长度是1	数据类型为number
144440, 存储数据, 玩家8,右耳钉丶残恋,4项游戏版本号: 1696	数据长度是16	数据类型为number
144440, 存储数据, 玩家8,右耳钉丶残恋,5项语音: 0	数据长度是1	数据类型为number
144440, 存储数据, 玩家8,右耳钉丶残恋,6项音响: 0	数据长度是1	数据类型为number
144440, 存储数据, 玩家8,右耳钉丶残恋,7项麦克风: 0	数据长度是1	数据类型为number
144440, 存储数据, 玩家8,右耳钉丶残恋,8项音响大小: 0	数据长度是8	数据类型为number
144440, 存储数据, 玩家8,右耳钉丶残恋,9项麦克风大小: 0	数据长度是8	数据类型为number
144440, 存储数据, 玩家8,右耳钉丶残恋,10项未知: 1	数据长度是1	数据类型为number
144440, 存储数据, 玩家8,右耳钉丶残恋,11项光照: 100	数据长度是8	数据类型为number
144440, 存储数据, 玩家8,右耳钉丶残恋,12项新F11面板模式: 0	数据长度是1	数据类型为number
144440, 存储数据, 玩家8,右耳钉丶残恋,13项血条区分敌我: 1	数据长度是1	数据类型为number
144440, 存储数据, 玩家8,右耳钉丶残恋,14项快捷键1: 41	数据长度是16	数据类型为number
144440, 存储数据, 玩家8,右耳钉丶残恋,15项快捷键2: 43	数据长度是16	数据类型为number
144440, 存储数据, 玩家8,右耳钉丶残恋,16项快捷键3: 61	数据长度是16	数据类型为number
144440, 存储数据, 玩家8,右耳钉丶残恋,17项快捷键4: 42	数据长度是16	数据类型为number
144440, 存储数据, 玩家8,右耳钉丶残恋,18项快捷键5: 56	数据长度是16	数据类型为number
144440, 存储数据, 玩家8,右耳钉丶残恋,19项快捷键6: 53	数据长度是16	数据类型为number
144440, 存储数据, 玩家8,右耳钉丶残恋,20项快捷键7: 541	数据长度是16	数据类型为number
144440, 存储数据, 玩家8,右耳钉丶残恋,21项快捷键8: 542	数据长度是16	数据类型为number
144440, 存储数据, 玩家8,右耳钉丶残恋,22项快捷键9: 543	数据长度是16	数据类型为number
144440, 存储数据, 玩家8,右耳钉丶残恋,23项快捷键10: 544	数据长度是16	数据类型为number
144440, 存储数据, 玩家8,右耳钉丶残恋,24项快捷键11: 545	数据长度是16	数据类型为number
144440, 存储数据, 玩家8,右耳钉丶残恋,25项快捷键12: 44	数据长度是16	数据类型为number
144440, 存储数据, 玩家8,右耳钉丶残恋,26项快捷键13: 55	数据长度是16	数据类型为number
144440, 存储数据, 玩家8,右耳钉丶残恋,27项快捷键14: 62	数据长度是16	数据类型为number
144440, 存储数据, 玩家8,右耳钉丶残恋,28项快捷键15: 64	数据长度是16	数据类型为number
144440, 存储数据, 玩家8,右耳钉丶残恋,29项快捷键16: 573	数据长度是16	数据类型为number
144440, 存储数据, 玩家8,右耳钉丶残恋,30项快捷键17: 555	数据长度是16	数据类型为number
144440, 存储数据, 玩家8,右耳钉丶残恋,31项快捷键18: 568	数据长度是16	数据类型为number
144440, 存储数据, 玩家8,右耳钉丶残恋,32项是否显示刀光: 1	数据长度是1	数据类型为number
144440, 存储数据, 玩家8,右耳钉丶残恋,33项显示刀光编号: 8	数据长度是8	数据类型为number
144440, 存储数据, 玩家8,右耳钉丶残恋,34项不显示翅膀: 1	数据长度是1	数据类型为number
144440, 存储数据, 玩家8,右耳钉丶残恋,35项显示翅膀编号: 0	数据长度是8	数据类型为number
144440, 存储数据, 玩家8,右耳钉丶残恋,36项孔明灯: 0	数据长度是8	数据类型为number
144440, 存储数据, 玩家8,右耳钉丶残恋,37项免控表现: 0	数据长度是8	数据类型为number
144440, 存储数据, 玩家8,右耳钉丶残恋,38项窗口锁定: 0	数据长度是8	数据类型为number
144440, 存储数据, 玩家8,右耳钉丶残恋,39项打孔明灯: 0	数据长度是8	数据类型为number
144440, 存储数据, 玩家8,右耳钉丶残恋,40项小地图头像: 0	数据长度是8	数据类型为number
144440, 存储数据, 玩家8,右耳钉丶残恋,41项画笔库6: 0	数据长度是8	数据类型为number
144440, 存储数据, 玩家8,右耳钉丶残恋,42项画笔库7: 0	数据长度是8	数据类型为number
144440, 存储数据, 玩家8,右耳钉丶残恋,43项画笔库8: 0	数据长度是8	数据类型为number
144440, 存储数据, 玩家8,右耳钉丶残恋,44项会员功能1: 1	数据长度是1	数据类型为number
144440, 存储数据, 玩家8,右耳钉丶残恋,45项会员功能2: 1	数据长度是1	数据类型为number
144440, 存储数据, 玩家8,右耳钉丶残恋,46项会员功能3: 0	数据长度是1	数据类型为number
144440, 存储数据, 玩家8,右耳钉丶残恋,47项会员功能4: 1	数据长度是1	数据类型为number
144440, 存储数据, 玩家8,右耳钉丶残恋,48项会员功能5: 1	数据长度是1	数据类型为number
144440, 存储数据, 玩家8,右耳钉丶残恋,49项会员功能6: 1	数据长度是1	数据类型为number
144440, 存储数据, 玩家8,右耳钉丶残恋,50项会员功能7: 1	数据长度是1	数据类型为number
144440, 存储数据, 玩家8,右耳钉丶残恋,51项会员功能8: 1	数据长度是1	数据类型为number
144440, 存储数据, 玩家8,右耳钉丶残恋,52项新商店左侧扩展面板: 1	数据长度是1	数据类型为number
144440, 存储数据, 玩家8,右耳钉丶残恋,53项新商店上部扩展面板: 1	数据长度是1	数据类型为number
144440, 存储数据, 玩家8,右耳钉丶残恋,54项新商店购买方式: 0	数据长度是1	数据类型为number
144440, 存储数据, 玩家8,右耳钉丶残恋,55项新商店商店模式: 1	数据长度是1	数据类型为number
144440, 存储数据, 玩家8,右耳钉丶残恋,56项预扣血模式: 1	数据长度是1	数据类型为number
144440, 存储数据, 玩家8,右耳钉丶残恋,57项回城特效: 0	数据长度是8	数据类型为number
144440, 存储数据, 玩家9,苍穹之夏,1项画质: 1	数据长度是1	数据类型为number
144440, 存储数据, 玩家9,苍穹之夏,2项滚屏速度: 22	数据长度是8	数据类型为number
144440, 存储数据, 玩家9,苍穹之夏,3项更新内容面板开关: 0	数据长度是1	数据类型为number
144440, 存储数据, 玩家9,苍穹之夏,4项游戏版本号: 1696	数据长度是16	数据类型为number
144440, 存储数据, 玩家9,苍穹之夏,5项语音: 0	数据长度是1	数据类型为number
144440, 存储数据, 玩家9,苍穹之夏,6项音响: 0	数据长度是1	数据类型为number
144440, 存储数据, 玩家9,苍穹之夏,7项麦克风: 0	数据长度是1	数据类型为number
144440, 存储数据, 玩家9,苍穹之夏,8项音响大小: 0	数据长度是8	数据类型为number
144440, 存储数据, 玩家9,苍穹之夏,9项麦克风大小: 0	数据长度是8	数据类型为number
144440, 存储数据, 玩家9,苍穹之夏,10项未知: 1	数据长度是1	数据类型为number
144440, 存储数据, 玩家9,苍穹之夏,11项光照: 65	数据长度是8	数据类型为number
144440, 存储数据, 玩家9,苍穹之夏,12项新F11面板模式: 1	数据长度是1	数据类型为number
144440, 存储数据, 玩家9,苍穹之夏,13项血条区分敌我: 1	数据长度是1	数据类型为number
144440, 存储数据, 玩家9,苍穹之夏,14项快捷键1: 41	数据长度是16	数据类型为number
144440, 存储数据, 玩家9,苍穹之夏,15项快捷键2: 43	数据长度是16	数据类型为number
144440, 存储数据, 玩家9,苍穹之夏,16项快捷键3: 61	数据长度是16	数据类型为number
144440, 存储数据, 玩家9,苍穹之夏,17项快捷键4: 42	数据长度是16	数据类型为number
144440, 存储数据, 玩家9,苍穹之夏,18项快捷键5: 56	数据长度是16	数据类型为number
144440, 存储数据, 玩家9,苍穹之夏,19项快捷键6: 53	数据长度是16	数据类型为number
144440, 存储数据, 玩家9,苍穹之夏,20项快捷键7: 541	数据长度是16	数据类型为number
144440, 存储数据, 玩家9,苍穹之夏,21项快捷键8: 542	数据长度是16	数据类型为number
144440, 存储数据, 玩家9,苍穹之夏,22项快捷键9: 543	数据长度是16	数据类型为number
144440, 存储数据, 玩家9,苍穹之夏,23项快捷键10: 544	数据长度是16	数据类型为number
144440, 存储数据, 玩家9,苍穹之夏,24项快捷键11: 545	数据长度是16	数据类型为number
144440, 存储数据, 玩家9,苍穹之夏,25项快捷键12: 546	数据长度是16	数据类型为number
144440, 存储数据, 玩家9,苍穹之夏,26项快捷键13: 547	数据长度是16	数据类型为number
144440, 存储数据, 玩家9,苍穹之夏,27项快捷键14: 548	数据长度是16	数据类型为number
144440, 存储数据, 玩家9,苍穹之夏,28项快捷键15: 549	数据长度是16	数据类型为number
144440, 存储数据, 玩家9,苍穹之夏,29项快捷键16: 573	数据长度是16	数据类型为number
144440, 存储数据, 玩家9,苍穹之夏,30项快捷键17: 555	数据长度是16	数据类型为number
144440, 存储数据, 玩家9,苍穹之夏,31项快捷键18: 568	数据长度是16	数据类型为number
144440, 存储数据, 玩家9,苍穹之夏,32项是否显示刀光: 1	数据长度是1	数据类型为number
144440, 存储数据, 玩家9,苍穹之夏,33项显示刀光编号: 12	数据长度是8	数据类型为number
144440, 存储数据, 玩家9,苍穹之夏,34项不显示翅膀: 0	数据长度是1	数据类型为number
144440, 存储数据, 玩家9,苍穹之夏,35项显示翅膀编号: 3	数据长度是8	数据类型为number
144440, 存储数据, 玩家9,苍穹之夏,36项孔明灯: 0	数据长度是8	数据类型为number
144440, 存储数据, 玩家9,苍穹之夏,37项免控表现: 1	数据长度是8	数据类型为number
144440, 存储数据, 玩家9,苍穹之夏,38项窗口锁定: 0	数据长度是8	数据类型为number
144440, 存储数据, 玩家9,苍穹之夏,39项打孔明灯: 0	数据长度是8	数据类型为number
144440, 存储数据, 玩家9,苍穹之夏,40项小地图头像: 0	数据长度是8	数据类型为number
144440, 存储数据, 玩家9,苍穹之夏,41项画笔库6: 0	数据长度是8	数据类型为number
144440, 存储数据, 玩家9,苍穹之夏,42项画笔库7: 0	数据长度是8	数据类型为number
144440, 存储数据, 玩家9,苍穹之夏,43项画笔库8: 0	数据长度是8	数据类型为number
144440, 存储数据, 玩家9,苍穹之夏,44项会员功能1: 1	数据长度是1	数据类型为number
144440, 存储数据, 玩家9,苍穹之夏,45项会员功能2: 1	数据长度是1	数据类型为number
144440, 存储数据, 玩家9,苍穹之夏,46项会员功能3: 1	数据长度是1	数据类型为number
144440, 存储数据, 玩家9,苍穹之夏,47项会员功能4: 1	数据长度是1	数据类型为number
144440, 存储数据, 玩家9,苍穹之夏,48项会员功能5: 1	数据长度是1	数据类型为number
144440, 存储数据, 玩家9,苍穹之夏,49项会员功能6: 1	数据长度是1	数据类型为number
144440, 存储数据, 玩家9,苍穹之夏,50项会员功能7: 1	数据长度是1	数据类型为number
144440, 存储数据, 玩家9,苍穹之夏,51项会员功能8: 1	数据长度是1	数据类型为number
144440, 存储数据, 玩家9,苍穹之夏,52项新商店左侧扩展面板: 1	数据长度是1	数据类型为number
144440, 存储数据, 玩家9,苍穹之夏,53项新商店上部扩展面板: 1	数据长度是1	数据类型为number
144440, 存储数据, 玩家9,苍穹之夏,54项新商店购买方式: 0	数据长度是1	数据类型为number
144440, 存储数据, 玩家9,苍穹之夏,55项新商店商店模式: 1	数据长度是1	数据类型为number
144440, 存储数据, 玩家9,苍穹之夏,56项预扣血模式: 0	数据长度是1	数据类型为number
144440, 存储数据, 玩家9,苍穹之夏,57项回城特效: 14	数据长度是8	数据类型为number
144440, 存储数据, 玩家10,Cc丶zhous,1项画质: 1	数据长度是1	数据类型为number
144440, 存储数据, 玩家10,Cc丶zhous,2项滚屏速度: 20	数据长度是8	数据类型为number
144440, 存储数据, 玩家10,Cc丶zhous,3项更新内容面板开关: 0	数据长度是1	数据类型为number
144440, 存储数据, 玩家10,Cc丶zhous,4项游戏版本号: 1696	数据长度是16	数据类型为number
144440, 存储数据, 玩家10,Cc丶zhous,5项语音: 0	数据长度是1	数据类型为number
144440, 存储数据, 玩家10,Cc丶zhous,6项音响: 0	数据长度是1	数据类型为number
144440, 存储数据, 玩家10,Cc丶zhous,7项麦克风: 0	数据长度是1	数据类型为number
144440, 存储数据, 玩家10,Cc丶zhous,8项音响大小: 0	数据长度是8	数据类型为number
144440, 存储数据, 玩家10,Cc丶zhous,9项麦克风大小: 0	数据长度是8	数据类型为number
144440, 存储数据, 玩家10,Cc丶zhous,10项未知: 1	数据长度是1	数据类型为number
144440, 存储数据, 玩家10,Cc丶zhous,11项光照: 99	数据长度是8	数据类型为number
144440, 存储数据, 玩家10,Cc丶zhous,12项新F11面板模式: 1	数据长度是1	数据类型为number
144440, 存储数据, 玩家10,Cc丶zhous,13项血条区分敌我: 1	数据长度是1	数据类型为number
144440, 存储数据, 玩家10,Cc丶zhous,14项快捷键1: 41	数据长度是16	数据类型为number
144440, 存储数据, 玩家10,Cc丶zhous,15项快捷键2: 43	数据长度是16	数据类型为number
144440, 存储数据, 玩家10,Cc丶zhous,16项快捷键3: 61	数据长度是16	数据类型为number
144440, 存储数据, 玩家10,Cc丶zhous,17项快捷键4: 42	数据长度是16	数据类型为number
144440, 存储数据, 玩家10,Cc丶zhous,18项快捷键5: 56	数据长度是16	数据类型为number
144440, 存储数据, 玩家10,Cc丶zhous,19项快捷键6: 53	数据长度是16	数据类型为number
144440, 存储数据, 玩家10,Cc丶zhous,20项快捷键7: 541	数据长度是16	数据类型为number
144440, 存储数据, 玩家10,Cc丶zhous,21项快捷键8: 542	数据长度是16	数据类型为number
144440, 存储数据, 玩家10,Cc丶zhous,22项快捷键9: 543	数据长度是16	数据类型为number
144440, 存储数据, 玩家10,Cc丶zhous,23项快捷键10: 544	数据长度是16	数据类型为number
144440, 存储数据, 玩家10,Cc丶zhous,24项快捷键11: 545	数据长度是16	数据类型为number
144440, 存储数据, 玩家10,Cc丶zhous,25项快捷键12: 546	数据长度是16	数据类型为number
144440, 存储数据, 玩家10,Cc丶zhous,26项快捷键13: 547	数据长度是16	数据类型为number
144440, 存储数据, 玩家10,Cc丶zhous,27项快捷键14: 548	数据长度是16	数据类型为number
144440, 存储数据, 玩家10,Cc丶zhous,28项快捷键15: 64	数据长度是16	数据类型为number
144440, 存储数据, 玩家10,Cc丶zhous,29项快捷键16: 62	数据长度是16	数据类型为number
144440, 存储数据, 玩家10,Cc丶zhous,30项快捷键17: 555	数据长度是16	数据类型为number
144440, 存储数据, 玩家10,Cc丶zhous,31项快捷键18: 568	数据长度是16	数据类型为number
144440, 存储数据, 玩家10,Cc丶zhous,32项是否显示刀光: 1	数据长度是1	数据类型为number
144440, 存储数据, 玩家10,Cc丶zhous,33项显示刀光编号: 17	数据长度是8	数据类型为number
144440, 存储数据, 玩家10,Cc丶zhous,34项不显示翅膀: 1	数据长度是1	数据类型为number
144440, 存储数据, 玩家10,Cc丶zhous,35项显示翅膀编号: 0	数据长度是8	数据类型为number
144440, 存储数据, 玩家10,Cc丶zhous,36项孔明灯: 0	数据长度是8	数据类型为number
144440, 存储数据, 玩家10,Cc丶zhous,37项免控表现: 0	数据长度是8	数据类型为number
144440, 存储数据, 玩家10,Cc丶zhous,38项窗口锁定: 0	数据长度是8	数据类型为number
144440, 存储数据, 玩家10,Cc丶zhous,39项打孔明灯: 0	数据长度是8	数据类型为number
144440, 存储数据, 玩家10,Cc丶zhous,40项小地图头像: 0	数据长度是8	数据类型为number
144440, 存储数据, 玩家10,Cc丶zhous,41项画笔库6: 0	数据长度是8	数据类型为number
144440, 存储数据, 玩家10,Cc丶zhous,42项画笔库7: 0	数据长度是8	数据类型为number
144440, 存储数据, 玩家10,Cc丶zhous,43项画笔库8: 0	数据长度是8	数据类型为number
144440, 存储数据, 玩家10,Cc丶zhous,44项会员功能1: 1	数据长度是1	数据类型为number
144440, 存储数据, 玩家10,Cc丶zhous,45项会员功能2: 1	数据长度是1	数据类型为number
144440, 存储数据, 玩家10,Cc丶zhous,46项会员功能3: 1	数据长度是1	数据类型为number
144440, 存储数据, 玩家10,Cc丶zhous,47项会员功能4: 1	数据长度是1	数据类型为number
144440, 存储数据, 玩家10,Cc丶zhous,48项会员功能5: 1	数据长度是1	数据类型为number
144440, 存储数据, 玩家10,Cc丶zhous,49项会员功能6: 1	数据长度是1	数据类型为number
144440, 存储数据, 玩家10,Cc丶zhous,50项会员功能7: 1	数据长度是1	数据类型为number
144440, 存储数据, 玩家10,Cc丶zhous,51项会员功能8: 1	数据长度是1	数据类型为number
144440, 存储数据, 玩家10,Cc丶zhous,52项新商店左侧扩展面板: 1	数据长度是1	数据类型为number
144440, 存储数据, 玩家10,Cc丶zhous,53项新商店上部扩展面板: 1	数据长度是1	数据类型为number
144440, 存储数据, 玩家10,Cc丶zhous,54项新商店购买方式: 0	数据长度是1	数据类型为number
144440, 存储数据, 玩家10,Cc丶zhous,55项新商店商店模式: 1	数据长度是1	数据类型为number
144440, 存储数据, 玩家10,Cc丶zhous,56项预扣血模式: 0	数据长度是1	数据类型为number
144440, 存储数据, 玩家10,Cc丶zhous,57项回城特效: 5	数据长度是8	数据类型为number
144440, 存储数据, 玩家11,别拿RMB唬哥,1项画质: 1	数据长度是1	数据类型为number
144440, 存储数据, 玩家11,别拿RMB唬哥,2项滚屏速度: 10	数据长度是8	数据类型为number
144440, 存储数据, 玩家11,别拿RMB唬哥,3项更新内容面板开关: 0	数据长度是1	数据类型为number
144440, 存储数据, 玩家11,别拿RMB唬哥,4项游戏版本号: 1696	数据长度是16	数据类型为number
144440, 存储数据, 玩家11,别拿RMB唬哥,5项语音: 0	数据长度是1	数据类型为number
144440, 存储数据, 玩家11,别拿RMB唬哥,6项音响: 0	数据长度是1	数据类型为number
144440, 存储数据, 玩家11,别拿RMB唬哥,7项麦克风: 0	数据长度是1	数据类型为number
144440, 存储数据, 玩家11,别拿RMB唬哥,8项音响大小: 0	数据长度是8	数据类型为number
144440, 存储数据, 玩家11,别拿RMB唬哥,9项麦克风大小: 0	数据长度是8	数据类型为number
144440, 存储数据, 玩家11,别拿RMB唬哥,10项未知: 1	数据长度是1	数据类型为number
144440, 存储数据, 玩家11,别拿RMB唬哥,11项光照: 99	数据长度是8	数据类型为number
144440, 存储数据, 玩家11,别拿RMB唬哥,12项新F11面板模式: 1	数据长度是1	数据类型为number
144440, 存储数据, 玩家11,别拿RMB唬哥,13项血条区分敌我: 1	数据长度是1	数据类型为number
144440, 存储数据, 玩家11,别拿RMB唬哥,14项快捷键1: 41	数据长度是16	数据类型为number
144440, 存储数据, 玩家11,别拿RMB唬哥,15项快捷键2: 43	数据长度是16	数据类型为number
144440, 存储数据, 玩家11,别拿RMB唬哥,16项快捷键3: 0	数据长度是16	数据类型为number
144440, 存储数据, 玩家11,别拿RMB唬哥,17项快捷键4: 42	数据长度是16	数据类型为number
144440, 存储数据, 玩家11,别拿RMB唬哥,18项快捷键5: 56	数据长度是16	数据类型为number
144440, 存储数据, 玩家11,别拿RMB唬哥,19项快捷键6: 53	数据长度是16	数据类型为number
144440, 存储数据, 玩家11,别拿RMB唬哥,20项快捷键7: 61	数据长度是16	数据类型为number
144440, 存储数据, 玩家11,别拿RMB唬哥,21项快捷键8: 62	数据长度是16	数据类型为number
144440, 存储数据, 玩家11,别拿RMB唬哥,22项快捷键9: 543	数据长度是16	数据类型为number
144440, 存储数据, 玩家11,别拿RMB唬哥,23项快捷键10: 544	数据长度是16	数据类型为number
144440, 存储数据, 玩家11,别拿RMB唬哥,24项快捷键11: 545	数据长度是16	数据类型为number
144440, 存储数据, 玩家11,别拿RMB唬哥,25项快捷键12: 546	数据长度是16	数据类型为number
144440, 存储数据, 玩家11,别拿RMB唬哥,26项快捷键13: 547	数据长度是16	数据类型为number
144440, 存储数据, 玩家11,别拿RMB唬哥,27项快捷键14: 548	数据长度是16	数据类型为number
144440, 存储数据, 玩家11,别拿RMB唬哥,28项快捷键15: 549	数据长度是16	数据类型为number
144440, 存储数据, 玩家11,别拿RMB唬哥,29项快捷键16: 573	数据长度是16	数据类型为number
144440, 存储数据, 玩家11,别拿RMB唬哥,30项快捷键17: 555	数据长度是16	数据类型为number
144440, 存储数据, 玩家11,别拿RMB唬哥,31项快捷键18: 568	数据长度是16	数据类型为number
144440, 存储数据, 玩家11,别拿RMB唬哥,32项是否显示刀光: 1	数据长度是1	数据类型为number
144440, 存储数据, 玩家11,别拿RMB唬哥,33项显示刀光编号: 1	数据长度是8	数据类型为number
144440, 存储数据, 玩家11,别拿RMB唬哥,34项不显示翅膀: 0	数据长度是1	数据类型为number
144440, 存储数据, 玩家11,别拿RMB唬哥,35项显示翅膀编号: 1	数据长度是8	数据类型为number
144440, 存储数据, 玩家11,别拿RMB唬哥,36项孔明灯: 0	数据长度是8	数据类型为number
144440, 存储数据, 玩家11,别拿RMB唬哥,37项免控表现: 0	数据长度是8	数据类型为number
144440, 存储数据, 玩家11,别拿RMB唬哥,38项窗口锁定: 0	数据长度是8	数据类型为number
144440, 存储数据, 玩家11,别拿RMB唬哥,39项打孔明灯: 0	数据长度是8	数据类型为number
144440, 存储数据, 玩家11,别拿RMB唬哥,40项小地图头像: 1	数据长度是8	数据类型为number
144440, 存储数据, 玩家11,别拿RMB唬哥,41项画笔库6: 0	数据长度是8	数据类型为number
144440, 存储数据, 玩家11,别拿RMB唬哥,42项画笔库7: 0	数据长度是8	数据类型为number
144440, 存储数据, 玩家11,别拿RMB唬哥,43项画笔库8: 0	数据长度是8	数据类型为number
144440, 存储数据, 玩家11,别拿RMB唬哥,44项会员功能1: 1	数据长度是1	数据类型为number
144440, 存储数据, 玩家11,别拿RMB唬哥,45项会员功能2: 1	数据长度是1	数据类型为number
144440, 存储数据, 玩家11,别拿RMB唬哥,46项会员功能3: 1	数据长度是1	数据类型为number
144440, 存储数据, 玩家11,别拿RMB唬哥,47项会员功能4: 1	数据长度是1	数据类型为number
144440, 存储数据, 玩家11,别拿RMB唬哥,48项会员功能5: 1	数据长度是1	数据类型为number
144440, 存储数据, 玩家11,别拿RMB唬哥,49项会员功能6: 1	数据长度是1	数据类型为number
144440, 存储数据, 玩家11,别拿RMB唬哥,50项会员功能7: 1	数据长度是1	数据类型为number
144440, 存储数据, 玩家11,别拿RMB唬哥,51项会员功能8: 1	数据长度是1	数据类型为number
144440, 存储数据, 玩家11,别拿RMB唬哥,52项新商店左侧扩展面板: 1	数据长度是1	数据类型为number
144440, 存储数据, 玩家11,别拿RMB唬哥,53项新商店上部扩展面板: 1	数据长度是1	数据类型为number
144440, 存储数据, 玩家11,别拿RMB唬哥,54项新商店购买方式: 0	数据长度是1	数据类型为number
144440, 存储数据, 玩家11,别拿RMB唬哥,55项新商店商店模式: 1	数据长度是1	数据类型为number
144440, 存储数据, 玩家11,别拿RMB唬哥,56项预扣血模式: 0	数据长度是1	数据类型为number
144440, 存储数据, 玩家11,别拿RMB唬哥,57项回城特效: 0	数据长度是8	数据类型为number
144440, 存储数据, 玩家12,z铮铮小猛儿,1项画质: 1	数据长度是1	数据类型为number
144440, 存储数据, 玩家12,z铮铮小猛儿,2项滚屏速度: 15	数据长度是8	数据类型为number
144440, 存储数据, 玩家12,z铮铮小猛儿,3项更新内容面板开关: 0	数据长度是1	数据类型为number
144440, 存储数据, 玩家12,z铮铮小猛儿,4项游戏版本号: 1696	数据长度是16	数据类型为number
144440, 存储数据, 玩家12,z铮铮小猛儿,5项语音: 0	数据长度是1	数据类型为number
144440, 存储数据, 玩家12,z铮铮小猛儿,6项音响: 0	数据长度是1	数据类型为number
144440, 存储数据, 玩家12,z铮铮小猛儿,7项麦克风: 0	数据长度是1	数据类型为number
144440, 存储数据, 玩家12,z铮铮小猛儿,8项音响大小: 0	数据长度是8	数据类型为number
144440, 存储数据, 玩家12,z铮铮小猛儿,9项麦克风大小: 0	数据长度是8	数据类型为number
144440, 存储数据, 玩家12,z铮铮小猛儿,10项未知: 1	数据长度是1	数据类型为number
144440, 存储数据, 玩家12,z铮铮小猛儿,11项光照: 100	数据长度是8	数据类型为number
144440, 存储数据, 玩家12,z铮铮小猛儿,12项新F11面板模式: 1	数据长度是1	数据类型为number
144440, 存储数据, 玩家12,z铮铮小猛儿,13项血条区分敌我: 1	数据长度是1	数据类型为number
144440, 存储数据, 玩家12,z铮铮小猛儿,14项快捷键1: 41	数据长度是16	数据类型为number
144440, 存储数据, 玩家12,z铮铮小猛儿,15项快捷键2: 43	数据长度是16	数据类型为number
144440, 存储数据, 玩家12,z铮铮小猛儿,16项快捷键3: 61	数据长度是16	数据类型为number
144440, 存储数据, 玩家12,z铮铮小猛儿,17项快捷键4: 42	数据长度是16	数据类型为number
144440, 存储数据, 玩家12,z铮铮小猛儿,18项快捷键5: 56	数据长度是16	数据类型为number
144440, 存储数据, 玩家12,z铮铮小猛儿,19项快捷键6: 53	数据长度是16	数据类型为number
144440, 存储数据, 玩家12,z铮铮小猛儿,20项快捷键7: 541	数据长度是16	数据类型为number
144440, 存储数据, 玩家12,z铮铮小猛儿,21项快捷键8: 542	数据长度是16	数据类型为number
144440, 存储数据, 玩家12,z铮铮小猛儿,22项快捷键9: 543	数据长度是16	数据类型为number
144440, 存储数据, 玩家12,z铮铮小猛儿,23项快捷键10: 544	数据长度是16	数据类型为number
144440, 存储数据, 玩家12,z铮铮小猛儿,24项快捷键11: 545	数据长度是16	数据类型为number
144440, 存储数据, 玩家12,z铮铮小猛儿,25项快捷键12: 546	数据长度是16	数据类型为number
144440, 存储数据, 玩家12,z铮铮小猛儿,26项快捷键13: 547	数据长度是16	数据类型为number
144440, 存储数据, 玩家12,z铮铮小猛儿,27项快捷键14: 548	数据长度是16	数据类型为number
144440, 存储数据, 玩家12,z铮铮小猛儿,28项快捷键15: 549	数据长度是16	数据类型为number
144440, 存储数据, 玩家12,z铮铮小猛儿,29项快捷键16: 573	数据长度是16	数据类型为number
144440, 存储数据, 玩家12,z铮铮小猛儿,30项快捷键17: 555	数据长度是16	数据类型为number
144440, 存储数据, 玩家12,z铮铮小猛儿,31项快捷键18: 568	数据长度是16	数据类型为number
144440, 存储数据, 玩家12,z铮铮小猛儿,32项是否显示刀光: 1	数据长度是1	数据类型为number
144440, 存储数据, 玩家12,z铮铮小猛儿,33项显示刀光编号: 1	数据长度是8	数据类型为number
144440, 存储数据, 玩家12,z铮铮小猛儿,34项不显示翅膀: 1	数据长度是1	数据类型为number
144440, 存储数据, 玩家12,z铮铮小猛儿,35项显示翅膀编号: 0	数据长度是8	数据类型为number
144440, 存储数据, 玩家12,z铮铮小猛儿,36项孔明灯: 0	数据长度是8	数据类型为number
144440, 存储数据, 玩家12,z铮铮小猛儿,37项免控表现: 0	数据长度是8	数据类型为number
144440, 存储数据, 玩家12,z铮铮小猛儿,38项窗口锁定: 0	数据长度是8	数据类型为number
144440, 存储数据, 玩家12,z铮铮小猛儿,39项打孔明灯: 0	数据长度是8	数据类型为number
144440, 存储数据, 玩家12,z铮铮小猛儿,40项小地图头像: 0	数据长度是8	数据类型为number
144440, 存储数据, 玩家12,z铮铮小猛儿,41项画笔库6: 0	数据长度是8	数据类型为number
144440, 存储数据, 玩家12,z铮铮小猛儿,42项画笔库7: 0	数据长度是8	数据类型为number
144440, 存储数据, 玩家12,z铮铮小猛儿,43项画笔库8: 0	数据长度是8	数据类型为number
144440, 存储数据, 玩家12,z铮铮小猛儿,44项会员功能1: 1	数据长度是1	数据类型为number
144440, 存储数据, 玩家12,z铮铮小猛儿,45项会员功能2: 1	数据长度是1	数据类型为number
144440, 存储数据, 玩家12,z铮铮小猛儿,46项会员功能3: 1	数据长度是1	数据类型为number
144440, 存储数据, 玩家12,z铮铮小猛儿,47项会员功能4: 1	数据长度是1	数据类型为number
144440, 存储数据, 玩家12,z铮铮小猛儿,48项会员功能5: 1	数据长度是1	数据类型为number
144440, 存储数据, 玩家12,z铮铮小猛儿,49项会员功能6: 1	数据长度是1	数据类型为number
144440, 存储数据, 玩家12,z铮铮小猛儿,50项会员功能7: 1	数据长度是1	数据类型为number
144440, 存储数据, 玩家12,z铮铮小猛儿,51项会员功能8: 1	数据长度是1	数据类型为number
144440, 存储数据, 玩家12,z铮铮小猛儿,52项新商店左侧扩展面板: 1	数据长度是1	数据类型为number
144440, 存储数据, 玩家12,z铮铮小猛儿,53项新商店上部扩展面板: 1	数据长度是1	数据类型为number
144440, 存储数据, 玩家12,z铮铮小猛儿,54项新商店购买方式: 0	数据长度是1	数据类型为number
144440, 存储数据, 玩家12,z铮铮小猛儿,55项新商店商店模式: 1	数据长度是1	数据类型为number
144440, 存储数据, 玩家12,z铮铮小猛儿,56项预扣血模式: 1	数据长度是1	数据类型为number
144440, 存储数据, 玩家12,z铮铮小猛儿,57项回城特效: 0	数据长度是8	数据类型为number
144440, 存储数据, 玩家13,老大来了快跪下,1项画质: 1	数据长度是1	数据类型为number
144440, 存储数据, 玩家13,老大来了快跪下,2项滚屏速度: 11	数据长度是8	数据类型为number
144440, 存储数据, 玩家13,老大来了快跪下,3项更新内容面板开关: 0	数据长度是1	数据类型为number
144440, 存储数据, 玩家13,老大来了快跪下,4项游戏版本号: 1696	数据长度是16	数据类型为number
144440, 存储数据, 玩家13,老大来了快跪下,5项语音: 1	数据长度是1	数据类型为number
144440, 存储数据, 玩家13,老大来了快跪下,6项音响: 0	数据长度是1	数据类型为number
144440, 存储数据, 玩家13,老大来了快跪下,7项麦克风: 0	数据长度是1	数据类型为number
144440, 存储数据, 玩家13,老大来了快跪下,8项音响大小: 0	数据长度是8	数据类型为number
144440, 存储数据, 玩家13,老大来了快跪下,9项麦克风大小: 0	数据长度是8	数据类型为number
144440, 存储数据, 玩家13,老大来了快跪下,10项未知: 1	数据长度是1	数据类型为number
144440, 存储数据, 玩家13,老大来了快跪下,11项光照: 100	数据长度是8	数据类型为number
144440, 存储数据, 玩家13,老大来了快跪下,12项新F11面板模式: 1	数据长度是1	数据类型为number
144440, 存储数据, 玩家13,老大来了快跪下,13项血条区分敌我: 1	数据长度是1	数据类型为number
144440, 存储数据, 玩家13,老大来了快跪下,14项快捷键1: 41	数据长度是16	数据类型为number
144440, 存储数据, 玩家13,老大来了快跪下,15项快捷键2: 43	数据长度是16	数据类型为number
144440, 存储数据, 玩家13,老大来了快跪下,16项快捷键3: 61	数据长度是16	数据类型为number
144440, 存储数据, 玩家13,老大来了快跪下,17项快捷键4: 42	数据长度是16	数据类型为number
144440, 存储数据, 玩家13,老大来了快跪下,18项快捷键5: 56	数据长度是16	数据类型为number
144440, 存储数据, 玩家13,老大来了快跪下,19项快捷键6: 53	数据长度是16	数据类型为number
144440, 存储数据, 玩家13,老大来了快跪下,20项快捷键7: 541	数据长度是16	数据类型为number
144440, 存储数据, 玩家13,老大来了快跪下,21项快捷键8: 542	数据长度是16	数据类型为number
144440, 存储数据, 玩家13,老大来了快跪下,22项快捷键9: 543	数据长度是16	数据类型为number
144440, 存储数据, 玩家13,老大来了快跪下,23项快捷键10: 544	数据长度是16	数据类型为number
144440, 存储数据, 玩家13,老大来了快跪下,24项快捷键11: 545	数据长度是16	数据类型为number
144440, 存储数据, 玩家13,老大来了快跪下,25项快捷键12: 546	数据长度是16	数据类型为number
144440, 存储数据, 玩家13,老大来了快跪下,26项快捷键13: 547	数据长度是16	数据类型为number
144440, 存储数据, 玩家13,老大来了快跪下,27项快捷键14: 548	数据长度是16	数据类型为number
144440, 存储数据, 玩家13,老大来了快跪下,28项快捷键15: 549	数据长度是16	数据类型为number
144440, 存储数据, 玩家13,老大来了快跪下,29项快捷键16: 573	数据长度是16	数据类型为number
144440, 存储数据, 玩家13,老大来了快跪下,30项快捷键17: 555	数据长度是16	数据类型为number
144440, 存储数据, 玩家13,老大来了快跪下,31项快捷键18: 568	数据长度是16	数据类型为number
144440, 存储数据, 玩家13,老大来了快跪下,32项是否显示刀光: 1	数据长度是1	数据类型为number
144440, 存储数据, 玩家13,老大来了快跪下,33项显示刀光编号: 24	数据长度是8	数据类型为number
144440, 存储数据, 玩家13,老大来了快跪下,34项不显示翅膀: 0	数据长度是1	数据类型为number
144440, 存储数据, 玩家13,老大来了快跪下,35项显示翅膀编号: 5	数据长度是8	数据类型为number
144440, 存储数据, 玩家13,老大来了快跪下,36项孔明灯: 0	数据长度是8	数据类型为number
144440, 存储数据, 玩家13,老大来了快跪下,37项免控表现: 0	数据长度是8	数据类型为number
144440, 存储数据, 玩家13,老大来了快跪下,38项窗口锁定: 0	数据长度是8	数据类型为number
144440, 存储数据, 玩家13,老大来了快跪下,39项打孔明灯: 0	数据长度是8	数据类型为number
144440, 存储数据, 玩家13,老大来了快跪下,40项小地图头像: 0	数据长度是8	数据类型为number
144440, 存储数据, 玩家13,老大来了快跪下,41项画笔库6: 0	数据长度是8	数据类型为number
144440, 存储数据, 玩家13,老大来了快跪下,42项画笔库7: 0	数据长度是8	数据类型为number
144440, 存储数据, 玩家13,老大来了快跪下,43项画笔库8: 0	数据长度是8	数据类型为number
144440, 存储数据, 玩家13,老大来了快跪下,44项会员功能1: 1	数据长度是1	数据类型为number
144440, 存储数据, 玩家13,老大来了快跪下,45项会员功能2: 1	数据长度是1	数据类型为number
144440, 存储数据, 玩家13,老大来了快跪下,46项会员功能3: 0	数据长度是1	数据类型为number
144440, 存储数据, 玩家13,老大来了快跪下,47项会员功能4: 0	数据长度是1	数据类型为number
144440, 存储数据, 玩家13,老大来了快跪下,48项会员功能5: 1	数据长度是1	数据类型为number
144440, 存储数据, 玩家13,老大来了快跪下,49项会员功能6: 1	数据长度是1	数据类型为number
144440, 存储数据, 玩家13,老大来了快跪下,50项会员功能7: 1	数据长度是1	数据类型为number
144440, 存储数据, 玩家13,老大来了快跪下,51项会员功能8: 1	数据长度是1	数据类型为number
144440, 存储数据, 玩家13,老大来了快跪下,52项新商店左侧扩展面板: 1	数据长度是1	数据类型为number
144440, 存储数据, 玩家13,老大来了快跪下,53项新商店上部扩展面板: 1	数据长度是1	数据类型为number
144440, 存储数据, 玩家13,老大来了快跪下,54项新商店购买方式: 0	数据长度是1	数据类型为number
144440, 存储数据, 玩家13,老大来了快跪下,55项新商店商店模式: 0	数据长度是1	数据类型为number
144440, 存储数据, 玩家13,老大来了快跪下,56项预扣血模式: 0	数据长度是1	数据类型为number
144440, 存储数据, 玩家13,老大来了快跪下,57项回城特效: 0	数据长度是8	数据类型为number
144440, 存储数据, 玩家14,迷失mm丶,1项画质: 1	数据长度是1	数据类型为number
144440, 存储数据, 玩家14,迷失mm丶,2项滚屏速度: 28	数据长度是8	数据类型为number
144440, 存储数据, 玩家14,迷失mm丶,3项更新内容面板开关: 0	数据长度是1	数据类型为number
144440, 存储数据, 玩家14,迷失mm丶,4项游戏版本号: 1696	数据长度是16	数据类型为number
144440, 存储数据, 玩家14,迷失mm丶,5项语音: 0	数据长度是1	数据类型为number
144440, 存储数据, 玩家14,迷失mm丶,6项音响: 0	数据长度是1	数据类型为number
144440, 存储数据, 玩家14,迷失mm丶,7项麦克风: 0	数据长度是1	数据类型为number
144440, 存储数据, 玩家14,迷失mm丶,8项音响大小: 0	数据长度是8	数据类型为number
144440, 存储数据, 玩家14,迷失mm丶,9项麦克风大小: 0	数据长度是8	数据类型为number
144440, 存储数据, 玩家14,迷失mm丶,10项未知: 1	数据长度是1	数据类型为number
144440, 存储数据, 玩家14,迷失mm丶,11项光照: 99	数据长度是8	数据类型为number
144440, 存储数据, 玩家14,迷失mm丶,12项新F11面板模式: 1	数据长度是1	数据类型为number
144440, 存储数据, 玩家14,迷失mm丶,13项血条区分敌我: 1	数据长度是1	数据类型为number
144440, 存储数据, 玩家14,迷失mm丶,14项快捷键1: 41	数据长度是16	数据类型为number
144440, 存储数据, 玩家14,迷失mm丶,15项快捷键2: 43	数据长度是16	数据类型为number
144440, 存储数据, 玩家14,迷失mm丶,16项快捷键3: 61	数据长度是16	数据类型为number
144440, 存储数据, 玩家14,迷失mm丶,17项快捷键4: 42	数据长度是16	数据类型为number
144440, 存储数据, 玩家14,迷失mm丶,18项快捷键5: 56	数据长度是16	数据类型为number
144440, 存储数据, 玩家14,迷失mm丶,19项快捷键6: 53	数据长度是16	数据类型为number
144440, 存储数据, 玩家14,迷失mm丶,20项快捷键7: 541	数据长度是16	数据类型为number
144440, 存储数据, 玩家14,迷失mm丶,21项快捷键8: 542	数据长度是16	数据类型为number
144440, 存储数据, 玩家14,迷失mm丶,22项快捷键9: 543	数据长度是16	数据类型为number
144440, 存储数据, 玩家14,迷失mm丶,23项快捷键10: 544	数据长度是16	数据类型为number
144440, 存储数据, 玩家14,迷失mm丶,24项快捷键11: 545	数据长度是16	数据类型为number
144440, 存储数据, 玩家14,迷失mm丶,25项快捷键12: 546	数据长度是16	数据类型为number
144440, 存储数据, 玩家14,迷失mm丶,26项快捷键13: 547	数据长度是16	数据类型为number
144440, 存储数据, 玩家14,迷失mm丶,27项快捷键14: 548	数据长度是16	数据类型为number
144440, 存储数据, 玩家14,迷失mm丶,28项快捷键15: 549	数据长度是16	数据类型为number
144440, 存储数据, 玩家14,迷失mm丶,29项快捷键16: 573	数据长度是16	数据类型为number
144440, 存储数据, 玩家14,迷失mm丶,30项快捷键17: 555	数据长度是16	数据类型为number
144440, 存储数据, 玩家14,迷失mm丶,31项快捷键18: 568	数据长度是16	数据类型为number
144440, 存储数据, 玩家14,迷失mm丶,32项是否显示刀光: 1	数据长度是1	数据类型为number
144440, 存储数据, 玩家14,迷失mm丶,33项显示刀光编号: 25	数据长度是8	数据类型为number
144440, 存储数据, 玩家14,迷失mm丶,34项不显示翅膀: 0	数据长度是1	数据类型为number
144440, 存储数据, 玩家14,迷失mm丶,35项显示翅膀编号: 1	数据长度是8	数据类型为number
144440, 存储数据, 玩家14,迷失mm丶,36项孔明灯: 4	数据长度是8	数据类型为number
144440, 存储数据, 玩家14,迷失mm丶,37项免控表现: 0	数据长度是8	数据类型为number
144440, 存储数据, 玩家14,迷失mm丶,38项窗口锁定: 0	数据长度是8	数据类型为number
144440, 存储数据, 玩家14,迷失mm丶,39项打孔明灯: 0	数据长度是8	数据类型为number
144440, 存储数据, 玩家14,迷失mm丶,40项小地图头像: 0	数据长度是8	数据类型为number
144440, 存储数据, 玩家14,迷失mm丶,41项画笔库6: 0	数据长度是8	数据类型为number
144440, 存储数据, 玩家14,迷失mm丶,42项画笔库7: 0	数据长度是8	数据类型为number
144440, 存储数据, 玩家14,迷失mm丶,43项画笔库8: 0	数据长度是8	数据类型为number
144440, 存储数据, 玩家14,迷失mm丶,44项会员功能1: 1	数据长度是1	数据类型为number
144440, 存储数据, 玩家14,迷失mm丶,45项会员功能2: 1	数据长度是1	数据类型为number
144440, 存储数据, 玩家14,迷失mm丶,46项会员功能3: 0	数据长度是1	数据类型为number
144440, 存储数据, 玩家14,迷失mm丶,47项会员功能4: 1	数据长度是1	数据类型为number
144440, 存储数据, 玩家14,迷失mm丶,48项会员功能5: 1	数据长度是1	数据类型为number
144440, 存储数据, 玩家14,迷失mm丶,49项会员功能6: 1	数据长度是1	数据类型为number
144440, 存储数据, 玩家14,迷失mm丶,50项会员功能7: 1	数据长度是1	数据类型为number
144440, 存储数据, 玩家14,迷失mm丶,51项会员功能8: 1	数据长度是1	数据类型为number
144440, 存储数据, 玩家14,迷失mm丶,52项新商店左侧扩展面板: 1	数据长度是1	数据类型为number
144440, 存储数据, 玩家14,迷失mm丶,53项新商店上部扩展面板: 1	数据长度是1	数据类型为number
144440, 存储数据, 玩家14,迷失mm丶,54项新商店购买方式: 0	数据长度是1	数据类型为number
144440, 存储数据, 玩家14,迷失mm丶,55项新商店商店模式: 1	数据长度是1	数据类型为number
144440, 存储数据, 玩家14,迷失mm丶,56项预扣血模式: 0	数据长度是1	数据类型为number
144440, 存储数据, 玩家14,迷失mm丶,57项回城特效: 0	数据长度是8	数据类型为number
144440, 存储数据, 玩家15,快乐小飞002,1项画质: 1	数据长度是1	数据类型为number
144440, 存储数据, 玩家15,快乐小飞002,2项滚屏速度: 10	数据长度是8	数据类型为number
144440, 存储数据, 玩家15,快乐小飞002,3项更新内容面板开关: 0	数据长度是1	数据类型为number
144440, 存储数据, 玩家15,快乐小飞002,4项游戏版本号: 1696	数据长度是16	数据类型为number
144440, 存储数据, 玩家15,快乐小飞002,5项语音: 0	数据长度是1	数据类型为number
144440, 存储数据, 玩家15,快乐小飞002,6项音响: 0	数据长度是1	数据类型为number
144440, 存储数据, 玩家15,快乐小飞002,7项麦克风: 0	数据长度是1	数据类型为number
144440, 存储数据, 玩家15,快乐小飞002,8项音响大小: 0	数据长度是8	数据类型为number
144440, 存储数据, 玩家15,快乐小飞002,9项麦克风大小: 0	数据长度是8	数据类型为number
144440, 存储数据, 玩家15,快乐小飞002,10项未知: 1	数据长度是1	数据类型为number
144440, 存储数据, 玩家15,快乐小飞002,11项光照: 99	数据长度是8	数据类型为number
144440, 存储数据, 玩家15,快乐小飞002,12项新F11面板模式: 0	数据长度是1	数据类型为number
144440, 存储数据, 玩家15,快乐小飞002,13项血条区分敌我: 1	数据长度是1	数据类型为number
144440, 存储数据, 玩家15,快乐小飞002,14项快捷键1: 41	数据长度是16	数据类型为number
144440, 存储数据, 玩家15,快乐小飞002,15项快捷键2: 43	数据长度是16	数据类型为number
144440, 存储数据, 玩家15,快乐小飞002,16项快捷键3: 61	数据长度是16	数据类型为number
144440, 存储数据, 玩家15,快乐小飞002,17项快捷键4: 42	数据长度是16	数据类型为number
144440, 存储数据, 玩家15,快乐小飞002,18项快捷键5: 56	数据长度是16	数据类型为number
144440, 存储数据, 玩家15,快乐小飞002,19项快捷键6: 53	数据长度是16	数据类型为number
144440, 存储数据, 玩家15,快乐小飞002,20项快捷键7: 541	数据长度是16	数据类型为number
144440, 存储数据, 玩家15,快乐小飞002,21项快捷键8: 542	数据长度是16	数据类型为number
144440, 存储数据, 玩家15,快乐小飞002,22项快捷键9: 543	数据长度是16	数据类型为number
144440, 存储数据, 玩家15,快乐小飞002,23项快捷键10: 544	数据长度是16	数据类型为number
144440, 存储数据, 玩家15,快乐小飞002,24项快捷键11: 545	数据长度是16	数据类型为number
144440, 存储数据, 玩家15,快乐小飞002,25项快捷键12: 546	数据长度是16	数据类型为number
144440, 存储数据, 玩家15,快乐小飞002,26项快捷键13: 547	数据长度是16	数据类型为number
144440, 存储数据, 玩家15,快乐小飞002,27项快捷键14: 548	数据长度是16	数据类型为number
144440, 存储数据, 玩家15,快乐小飞002,28项快捷键15: 549	数据长度是16	数据类型为number
144440, 存储数据, 玩家15,快乐小飞002,29项快捷键16: 573	数据长度是16	数据类型为number
144440, 存储数据, 玩家15,快乐小飞002,30项快捷键17: 555	数据长度是16	数据类型为number
144440, 存储数据, 玩家15,快乐小飞002,31项快捷键18: 568	数据长度是16	数据类型为number
144440, 存储数据, 玩家15,快乐小飞002,32项是否显示刀光: 1	数据长度是1	数据类型为number
144440, 存储数据, 玩家15,快乐小飞002,33项显示刀光编号: 1	数据长度是8	数据类型为number
144440, 存储数据, 玩家15,快乐小飞002,34项不显示翅膀: 0	数据长度是1	数据类型为number
144440, 存储数据, 玩家15,快乐小飞002,35项显示翅膀编号: 1	数据长度是8	数据类型为number
144440, 存储数据, 玩家15,快乐小飞002,36项孔明灯: 0	数据长度是8	数据类型为number
144440, 存储数据, 玩家15,快乐小飞002,37项免控表现: 0	数据长度是8	数据类型为number
144440, 存储数据, 玩家15,快乐小飞002,38项窗口锁定: 0	数据长度是8	数据类型为number
144440, 存储数据, 玩家15,快乐小飞002,39项打孔明灯: 0	数据长度是8	数据类型为number
144440, 存储数据, 玩家15,快乐小飞002,40项小地图头像: 3	数据长度是8	数据类型为number
144440, 存储数据, 玩家15,快乐小飞002,41项画笔库6: 0	数据长度是8	数据类型为number
144440, 存储数据, 玩家15,快乐小飞002,42项画笔库7: 0	数据长度是8	数据类型为number
144440, 存储数据, 玩家15,快乐小飞002,43项画笔库8: 0	数据长度是8	数据类型为number
144440, 存储数据, 玩家15,快乐小飞002,44项会员功能1: 1	数据长度是1	数据类型为number
144440, 存储数据, 玩家15,快乐小飞002,45项会员功能2: 1	数据长度是1	数据类型为number
144440, 存储数据, 玩家15,快乐小飞002,46项会员功能3: 1	数据长度是1	数据类型为number
144440, 存储数据, 玩家15,快乐小飞002,47项会员功能4: 1	数据长度是1	数据类型为number
144440, 存储数据, 玩家15,快乐小飞002,48项会员功能5: 1	数据长度是1	数据类型为number
144440, 存储数据, 玩家15,快乐小飞002,49项会员功能6: 1	数据长度是1	数据类型为number
144440, 存储数据, 玩家15,快乐小飞002,50项会员功能7: 1	数据长度是1	数据类型为number
144440, 存储数据, 玩家15,快乐小飞002,51项会员功能8: 1	数据长度是1	数据类型为number
144440, 存储数据, 玩家15,快乐小飞002,52项新商店左侧扩展面板: 1	数据长度是1	数据类型为number
144440, 存储数据, 玩家15,快乐小飞002,53项新商店上部扩展面板: 1	数据长度是1	数据类型为number
144440, 存储数据, 玩家15,快乐小飞002,54项新商店购买方式: 0	数据长度是1	数据类型为number
144440, 存储数据, 玩家15,快乐小飞002,55项新商店商店模式: 1	数据长度是1	数据类型为number
144440, 存储数据, 玩家15,快乐小飞002,56项预扣血模式: 0	数据长度是1	数据类型为number
144440, 存储数据, 玩家15,快乐小飞002,57项回城特效: 0	数据长度是8	数据类型为number
144440, 存储数据, 玩家16,hu46c,1项画质: 1	数据长度是1	数据类型为number
144440, 存储数据, 玩家16,hu46c,2项滚屏速度: 14	数据长度是8	数据类型为number
144440, 存储数据, 玩家16,hu46c,3项更新内容面板开关: 0	数据长度是1	数据类型为number
144440, 存储数据, 玩家16,hu46c,4项游戏版本号: 1696	数据长度是16	数据类型为number
144440, 存储数据, 玩家16,hu46c,5项语音: 0	数据长度是1	数据类型为number
144440, 存储数据, 玩家16,hu46c,6项音响: 0	数据长度是1	数据类型为number
144440, 存储数据, 玩家16,hu46c,7项麦克风: 0	数据长度是1	数据类型为number
144440, 存储数据, 玩家16,hu46c,8项音响大小: 0	数据长度是8	数据类型为number
144440, 存储数据, 玩家16,hu46c,9项麦克风大小: 0	数据长度是8	数据类型为number
144440, 存储数据, 玩家16,hu46c,10项未知: 1	数据长度是1	数据类型为number
144440, 存储数据, 玩家16,hu46c,11项光照: 99	数据长度是8	数据类型为number
144440, 存储数据, 玩家16,hu46c,12项新F11面板模式: 1	数据长度是1	数据类型为number
144440, 存储数据, 玩家16,hu46c,13项血条区分敌我: 1	数据长度是1	数据类型为number
144440, 存储数据, 玩家16,hu46c,14项快捷键1: 41	数据长度是16	数据类型为number
144440, 存储数据, 玩家16,hu46c,15项快捷键2: 43	数据长度是16	数据类型为number
144440, 存储数据, 玩家16,hu46c,16项快捷键3: 61	数据长度是16	数据类型为number
144440, 存储数据, 玩家16,hu46c,17项快捷键4: 42	数据长度是16	数据类型为number
144440, 存储数据, 玩家16,hu46c,18项快捷键5: 0	数据长度是16	数据类型为number
144440, 存储数据, 玩家16,hu46c,19项快捷键6: 53	数据长度是16	数据类型为number
144440, 存储数据, 玩家16,hu46c,20项快捷键7: 56	数据长度是16	数据类型为number
144440, 存储数据, 玩家16,hu46c,21项快捷键8: 542	数据长度是16	数据类型为number
144440, 存储数据, 玩家16,hu46c,22项快捷键9: 543	数据长度是16	数据类型为number
144440, 存储数据, 玩家16,hu46c,23项快捷键10: 544	数据长度是16	数据类型为number
144440, 存储数据, 玩家16,hu46c,24项快捷键11: 545	数据长度是16	数据类型为number
144440, 存储数据, 玩家16,hu46c,25项快捷键12: 546	数据长度是16	数据类型为number
144440, 存储数据, 玩家16,hu46c,26项快捷键13: 547	数据长度是16	数据类型为number
144440, 存储数据, 玩家16,hu46c,27项快捷键14: 548	数据长度是16	数据类型为number
144440, 存储数据, 玩家16,hu46c,28项快捷键15: 549	数据长度是16	数据类型为number
144440, 存储数据, 玩家16,hu46c,29项快捷键16: 573	数据长度是16	数据类型为number
144440, 存储数据, 玩家16,hu46c,30项快捷键17: 555	数据长度是16	数据类型为number
144440, 存储数据, 玩家16,hu46c,31项快捷键18: 568	数据长度是16	数据类型为number
144440, 存储数据, 玩家16,hu46c,32项是否显示刀光: 1	数据长度是1	数据类型为number
144440, 存储数据, 玩家16,hu46c,33项显示刀光编号: 16	数据长度是8	数据类型为number
144440, 存储数据, 玩家16,hu46c,34项不显示翅膀: 1	数据长度是1	数据类型为number
144440, 存储数据, 玩家16,hu46c,35项显示翅膀编号: 0	数据长度是8	数据类型为number
144440, 存储数据, 玩家16,hu46c,36项孔明灯: 4	数据长度是8	数据类型为number
144440, 存储数据, 玩家16,hu46c,37项免控表现: 0	数据长度是8	数据类型为number
144440, 存储数据, 玩家16,hu46c,38项窗口锁定: 0	数据长度是8	数据类型为number
144440, 存储数据, 玩家16,hu46c,39项打孔明灯: 0	数据长度是8	数据类型为number
144440, 存储数据, 玩家16,hu46c,40项小地图头像: 3	数据长度是8	数据类型为number
144440, 存储数据, 玩家16,hu46c,41项画笔库6: 0	数据长度是8	数据类型为number
144440, 存储数据, 玩家16,hu46c,42项画笔库7: 0	数据长度是8	数据类型为number
144440, 存储数据, 玩家16,hu46c,43项画笔库8: 0	数据长度是8	数据类型为number
144440, 存储数据, 玩家16,hu46c,44项会员功能1: 1	数据长度是1	数据类型为number
144440, 存储数据, 玩家16,hu46c,45项会员功能2: 1	数据长度是1	数据类型为number
144440, 存储数据, 玩家16,hu46c,46项会员功能3: 1	数据长度是1	数据类型为number
144440, 存储数据, 玩家16,hu46c,47项会员功能4: 1	数据长度是1	数据类型为number
144440, 存储数据, 玩家16,hu46c,48项会员功能5: 1	数据长度是1	数据类型为number
144440, 存储数据, 玩家16,hu46c,49项会员功能6: 1	数据长度是1	数据类型为number
144440, 存储数据, 玩家16,hu46c,50项会员功能7: 1	数据长度是1	数据类型为number
144440, 存储数据, 玩家16,hu46c,51项会员功能8: 1	数据长度是1	数据类型为number
144440, 存储数据, 玩家16,hu46c,52项新商店左侧扩展面板: 1	数据长度是1	数据类型为number
144440, 存储数据, 玩家16,hu46c,53项新商店上部扩展面板: 1	数据长度是1	数据类型为number
144440, 存储数据, 玩家16,hu46c,54项新商店购买方式: 0	数据长度是1	数据类型为number
144440, 存储数据, 玩家16,hu46c,55项新商店商店模式: 1	数据长度是1	数据类型为number
144440, 存储数据, 玩家16,hu46c,56项预扣血模式: 0	数据长度是1	数据类型为number
144440, 存储数据, 玩家16,hu46c,57项回城特效: 0	数据长度是8	数据类型为number
144440, 存储数据, 玩家17,剑刃vz,1项画质: 1	数据长度是1	数据类型为number
144440, 存储数据, 玩家17,剑刃vz,2项滚屏速度: 12	数据长度是8	数据类型为number
144440, 存储数据, 玩家17,剑刃vz,3项更新内容面板开关: 0	数据长度是1	数据类型为number
144440, 存储数据, 玩家17,剑刃vz,4项游戏版本号: 1696	数据长度是16	数据类型为number
144440, 存储数据, 玩家17,剑刃vz,5项语音: 0	数据长度是1	数据类型为number
144440, 存储数据, 玩家17,剑刃vz,6项音响: 0	数据长度是1	数据类型为number
144440, 存储数据, 玩家17,剑刃vz,7项麦克风: 0	数据长度是1	数据类型为number
144440, 存储数据, 玩家17,剑刃vz,8项音响大小: 0	数据长度是8	数据类型为number
144440, 存储数据, 玩家17,剑刃vz,9项麦克风大小: 0	数据长度是8	数据类型为number
144440, 存储数据, 玩家17,剑刃vz,10项未知: 1	数据长度是1	数据类型为number
144440, 存储数据, 玩家17,剑刃vz,11项光照: 99	数据长度是8	数据类型为number
144440, 存储数据, 玩家17,剑刃vz,12项新F11面板模式: 1	数据长度是1	数据类型为number
144440, 存储数据, 玩家17,剑刃vz,13项血条区分敌我: 1	数据长度是1	数据类型为number
144440, 存储数据, 玩家17,剑刃vz,14项快捷键1: 41	数据长度是16	数据类型为number
144440, 存储数据, 玩家17,剑刃vz,15项快捷键2: 43	数据长度是16	数据类型为number
144440, 存储数据, 玩家17,剑刃vz,16项快捷键3: 61	数据长度是16	数据类型为number
144440, 存储数据, 玩家17,剑刃vz,17项快捷键4: 42	数据长度是16	数据类型为number
144440, 存储数据, 玩家17,剑刃vz,18项快捷键5: 53	数据长度是16	数据类型为number
144440, 存储数据, 玩家17,剑刃vz,19项快捷键6: 64	数据长度是16	数据类型为number
144440, 存储数据, 玩家17,剑刃vz,20项快捷键7: 541	数据长度是16	数据类型为number
144440, 存储数据, 玩家17,剑刃vz,21项快捷键8: 542	数据长度是16	数据类型为number
144440, 存储数据, 玩家17,剑刃vz,22项快捷键9: 543	数据长度是16	数据类型为number
144440, 存储数据, 玩家17,剑刃vz,23项快捷键10: 544	数据长度是16	数据类型为number
144440, 存储数据, 玩家17,剑刃vz,24项快捷键11: 44	数据长度是16	数据类型为number
144440, 存储数据, 玩家17,剑刃vz,25项快捷键12: 546	数据长度是16	数据类型为number
144440, 存储数据, 玩家17,剑刃vz,26项快捷键13: 547	数据长度是16	数据类型为number
144440, 存储数据, 玩家17,剑刃vz,27项快捷键14: 548	数据长度是16	数据类型为number
144440, 存储数据, 玩家17,剑刃vz,28项快捷键15: 56	数据长度是16	数据类型为number
144440, 存储数据, 玩家17,剑刃vz,29项快捷键16: 567	数据长度是16	数据类型为number
144440, 存储数据, 玩家17,剑刃vz,30项快捷键17: 555	数据长度是16	数据类型为number
144440, 存储数据, 玩家17,剑刃vz,31项快捷键18: 568	数据长度是16	数据类型为number
144440, 存储数据, 玩家17,剑刃vz,32项是否显示刀光: 1	数据长度是1	数据类型为number
144440, 存储数据, 玩家17,剑刃vz,33项显示刀光编号: 26	数据长度是8	数据类型为number
144440, 存储数据, 玩家17,剑刃vz,34项不显示翅膀: 0	数据长度是1	数据类型为number
144440, 存储数据, 玩家17,剑刃vz,35项显示翅膀编号: 5	数据长度是8	数据类型为number
144440, 存储数据, 玩家17,剑刃vz,36项孔明灯: 0	数据长度是8	数据类型为number
144440, 存储数据, 玩家17,剑刃vz,37项免控表现: 0	数据长度是8	数据类型为number
144440, 存储数据, 玩家17,剑刃vz,38项窗口锁定: 0	数据长度是8	数据类型为number
144440, 存储数据, 玩家17,剑刃vz,39项打孔明灯: 0	数据长度是8	数据类型为number
144440, 存储数据, 玩家17,剑刃vz,40项小地图头像: 3	数据长度是8	数据类型为number
144440, 存储数据, 玩家17,剑刃vz,41项画笔库6: 0	数据长度是8	数据类型为number
144440, 存储数据, 玩家17,剑刃vz,42项画笔库7: 0	数据长度是8	数据类型为number
144440, 存储数据, 玩家17,剑刃vz,43项画笔库8: 0	数据长度是8	数据类型为number
144440, 存储数据, 玩家17,剑刃vz,44项会员功能1: 1	数据长度是1	数据类型为number
144440, 存储数据, 玩家17,剑刃vz,45项会员功能2: 1	数据长度是1	数据类型为number
144440, 存储数据, 玩家17,剑刃vz,46项会员功能3: 1	数据长度是1	数据类型为number
144440, 存储数据, 玩家17,剑刃vz,47项会员功能4: 1	数据长度是1	数据类型为number
144440, 存储数据, 玩家17,剑刃vz,48项会员功能5: 1	数据长度是1	数据类型为number
144440, 存储数据, 玩家17,剑刃vz,49项会员功能6: 1	数据长度是1	数据类型为number
144440, 存储数据, 玩家17,剑刃vz,50项会员功能7: 1	数据长度是1	数据类型为number
144440, 存储数据, 玩家17,剑刃vz,51项会员功能8: 1	数据长度是1	数据类型为number
144440, 存储数据, 玩家17,剑刃vz,52项新商店左侧扩展面板: 1	数据长度是1	数据类型为number
144440, 存储数据, 玩家17,剑刃vz,53项新商店上部扩展面板: 1	数据长度是1	数据类型为number
144440, 存储数据, 玩家17,剑刃vz,54项新商店购买方式: 0	数据长度是1	数据类型为number
144440, 存储数据, 玩家17,剑刃vz,55项新商店商店模式: 1	数据长度是1	数据类型为number
144440, 存储数据, 玩家17,剑刃vz,56项预扣血模式: 0	数据长度是1	数据类型为number
144440, 存储数据, 玩家17,剑刃vz,57项回城特效: 0	数据长度是8	数据类型为number
144440, 存储数据, 玩家18,落血舞剑,1项画质: 1	数据长度是1	数据类型为number
144440, 存储数据, 玩家18,落血舞剑,2项滚屏速度: 28	数据长度是8	数据类型为number
144440, 存储数据, 玩家18,落血舞剑,3项更新内容面板开关: 0	数据长度是1	数据类型为number
144440, 存储数据, 玩家18,落血舞剑,4项游戏版本号: 1696	数据长度是16	数据类型为number
144440, 存储数据, 玩家18,落血舞剑,5项语音: 0	数据长度是1	数据类型为number
144440, 存储数据, 玩家18,落血舞剑,6项音响: 0	数据长度是1	数据类型为number
144440, 存储数据, 玩家18,落血舞剑,7项麦克风: 0	数据长度是1	数据类型为number
144440, 存储数据, 玩家18,落血舞剑,8项音响大小: 0	数据长度是8	数据类型为number
144440, 存储数据, 玩家18,落血舞剑,9项麦克风大小: 0	数据长度是8	数据类型为number
144440, 存储数据, 玩家18,落血舞剑,10项未知: 1	数据长度是1	数据类型为number
144440, 存储数据, 玩家18,落血舞剑,11项光照: 99	数据长度是8	数据类型为number
144440, 存储数据, 玩家18,落血舞剑,12项新F11面板模式: 1	数据长度是1	数据类型为number
144440, 存储数据, 玩家18,落血舞剑,13项血条区分敌我: 1	数据长度是1	数据类型为number
144440, 存储数据, 玩家18,落血舞剑,14项快捷键1: 41	数据长度是16	数据类型为number
144440, 存储数据, 玩家18,落血舞剑,15项快捷键2: 43	数据长度是16	数据类型为number
144440, 存储数据, 玩家18,落血舞剑,16项快捷键3: 61	数据长度是16	数据类型为number
144440, 存储数据, 玩家18,落血舞剑,17项快捷键4: 42	数据长度是16	数据类型为number
144440, 存储数据, 玩家18,落血舞剑,18项快捷键5: 56	数据长度是16	数据类型为number
144440, 存储数据, 玩家18,落血舞剑,19项快捷键6: 53	数据长度是16	数据类型为number
144440, 存储数据, 玩家18,落血舞剑,20项快捷键7: 541	数据长度是16	数据类型为number
144440, 存储数据, 玩家18,落血舞剑,21项快捷键8: 542	数据长度是16	数据类型为number
144440, 存储数据, 玩家18,落血舞剑,22项快捷键9: 543	数据长度是16	数据类型为number
144440, 存储数据, 玩家18,落血舞剑,23项快捷键10: 544	数据长度是16	数据类型为number
144440, 存储数据, 玩家18,落血舞剑,24项快捷键11: 545	数据长度是16	数据类型为number
144440, 存储数据, 玩家18,落血舞剑,25项快捷键12: 546	数据长度是16	数据类型为number
144440, 存储数据, 玩家18,落血舞剑,26项快捷键13: 547	数据长度是16	数据类型为number
144440, 存储数据, 玩家18,落血舞剑,27项快捷键14: 548	数据长度是16	数据类型为number
144440, 存储数据, 玩家18,落血舞剑,28项快捷键15: 549	数据长度是16	数据类型为number
144440, 存储数据, 玩家18,落血舞剑,29项快捷键16: 573	数据长度是16	数据类型为number
144440, 存储数据, 玩家18,落血舞剑,30项快捷键17: 555	数据长度是16	数据类型为number
144440, 存储数据, 玩家18,落血舞剑,31项快捷键18: 568	数据长度是16	数据类型为number
144440, 存储数据, 玩家18,落血舞剑,32项是否显示刀光: 1	数据长度是1	数据类型为number
144440, 存储数据, 玩家18,落血舞剑,33项显示刀光编号: 6	数据长度是8	数据类型为number
144440, 存储数据, 玩家18,落血舞剑,34项不显示翅膀: 1	数据长度是1	数据类型为number
144440, 存储数据, 玩家18,落血舞剑,35项显示翅膀编号: 0	数据长度是8	数据类型为number
144440, 存储数据, 玩家18,落血舞剑,36项孔明灯: 0	数据长度是8	数据类型为number
144440, 存储数据, 玩家18,落血舞剑,37项免控表现: 1	数据长度是8	数据类型为number
144440, 存储数据, 玩家18,落血舞剑,38项窗口锁定: 0	数据长度是8	数据类型为number
144440, 存储数据, 玩家18,落血舞剑,39项打孔明灯: 0	数据长度是8	数据类型为number
144440, 存储数据, 玩家18,落血舞剑,40项小地图头像: 3	数据长度是8	数据类型为number
144440, 存储数据, 玩家18,落血舞剑,41项画笔库6: 0	数据长度是8	数据类型为number
144440, 存储数据, 玩家18,落血舞剑,42项画笔库7: 0	数据长度是8	数据类型为number
144440, 存储数据, 玩家18,落血舞剑,43项画笔库8: 0	数据长度是8	数据类型为number
144440, 存储数据, 玩家18,落血舞剑,44项会员功能1: 1	数据长度是1	数据类型为number
144440, 存储数据, 玩家18,落血舞剑,45项会员功能2: 1	数据长度是1	数据类型为number
144440, 存储数据, 玩家18,落血舞剑,46项会员功能3: 1	数据长度是1	数据类型为number
144440, 存储数据, 玩家18,落血舞剑,47项会员功能4: 1	数据长度是1	数据类型为number
144440, 存储数据, 玩家18,落血舞剑,48项会员功能5: 1	数据长度是1	数据类型为number
144440, 存储数据, 玩家18,落血舞剑,49项会员功能6: 1	数据长度是1	数据类型为number
144440, 存储数据, 玩家18,落血舞剑,50项会员功能7: 1	数据长度是1	数据类型为number
144440, 存储数据, 玩家18,落血舞剑,51项会员功能8: 1	数据长度是1	数据类型为number
144440, 存储数据, 玩家18,落血舞剑,52项新商店左侧扩展面板: 1	数据长度是1	数据类型为number
144440, 存储数据, 玩家18,落血舞剑,53项新商店上部扩展面板: 1	数据长度是1	数据类型为number
144440, 存储数据, 玩家18,落血舞剑,54项新商店购买方式: 0	数据长度是1	数据类型为number
144440, 存储数据, 玩家18,落血舞剑,55项新商店商店模式: 1	数据长度是1	数据类型为number
144440, 存储数据, 玩家18,落血舞剑,56项预扣血模式: 1	数据长度是1	数据类型为number
144440, 存储数据, 玩家18,落血舞剑,57项回城特效: 3	数据长度是8	数据类型为number
144440, 存储数据, 玩家19,我爱玉琼,1项画质: 1	数据长度是1	数据类型为number
144440, 存储数据, 玩家19,我爱玉琼,2项滚屏速度: 6	数据长度是8	数据类型为number
144440, 存储数据, 玩家19,我爱玉琼,3项更新内容面板开关: 0	数据长度是1	数据类型为number
144440, 存储数据, 玩家19,我爱玉琼,4项游戏版本号: 1696	数据长度是16	数据类型为number
144440, 存储数据, 玩家19,我爱玉琼,5项语音: 0	数据长度是1	数据类型为number
144440, 存储数据, 玩家19,我爱玉琼,6项音响: 0	数据长度是1	数据类型为number
144440, 存储数据, 玩家19,我爱玉琼,7项麦克风: 0	数据长度是1	数据类型为number
144440, 存储数据, 玩家19,我爱玉琼,8项音响大小: 0	数据长度是8	数据类型为number
144440, 存储数据, 玩家19,我爱玉琼,9项麦克风大小: 0	数据长度是8	数据类型为number
144440, 存储数据, 玩家19,我爱玉琼,10项未知: 1	数据长度是1	数据类型为number
144440, 存储数据, 玩家19,我爱玉琼,11项光照: 99	数据长度是8	数据类型为number
144440, 存储数据, 玩家19,我爱玉琼,12项新F11面板模式: 1	数据长度是1	数据类型为number
144440, 存储数据, 玩家19,我爱玉琼,13项血条区分敌我: 1	数据长度是1	数据类型为number
144440, 存储数据, 玩家19,我爱玉琼,14项快捷键1: 41	数据长度是16	数据类型为number
144440, 存储数据, 玩家19,我爱玉琼,15项快捷键2: 43	数据长度是16	数据类型为number
144440, 存储数据, 玩家19,我爱玉琼,16项快捷键3: 61	数据长度是16	数据类型为number
144440, 存储数据, 玩家19,我爱玉琼,17项快捷键4: 42	数据长度是16	数据类型为number
144440, 存储数据, 玩家19,我爱玉琼,18项快捷键5: 56	数据长度是16	数据类型为number
144440, 存储数据, 玩家19,我爱玉琼,19项快捷键6: 53	数据长度是16	数据类型为number
144440, 存储数据, 玩家19,我爱玉琼,20项快捷键7: 541	数据长度是16	数据类型为number
144440, 存储数据, 玩家19,我爱玉琼,21项快捷键8: 542	数据长度是16	数据类型为number
144440, 存储数据, 玩家19,我爱玉琼,22项快捷键9: 543	数据长度是16	数据类型为number
144440, 存储数据, 玩家19,我爱玉琼,23项快捷键10: 544	数据长度是16	数据类型为number
144440, 存储数据, 玩家19,我爱玉琼,24项快捷键11: 44	数据长度是16	数据类型为number
144440, 存储数据, 玩家19,我爱玉琼,25项快捷键12: 546	数据长度是16	数据类型为number
144440, 存储数据, 玩家19,我爱玉琼,26项快捷键13: 547	数据长度是16	数据类型为number
144440, 存储数据, 玩家19,我爱玉琼,27项快捷键14: 64	数据长度是16	数据类型为number
144440, 存储数据, 玩家19,我爱玉琼,28项快捷键15: 62	数据长度是16	数据类型为number
144440, 存储数据, 玩家19,我爱玉琼,29项快捷键16: 573	数据长度是16	数据类型为number
144440, 存储数据, 玩家19,我爱玉琼,30项快捷键17: 555	数据长度是16	数据类型为number
144440, 存储数据, 玩家19,我爱玉琼,31项快捷键18: 568	数据长度是16	数据类型为number
144440, 存储数据, 玩家19,我爱玉琼,32项是否显示刀光: 1	数据长度是1	数据类型为number
144440, 存储数据, 玩家19,我爱玉琼,33项显示刀光编号: 14	数据长度是8	数据类型为number
144440, 存储数据, 玩家19,我爱玉琼,34项不显示翅膀: 0	数据长度是1	数据类型为number
144440, 存储数据, 玩家19,我爱玉琼,35项显示翅膀编号: 4	数据长度是8	数据类型为number
144440, 存储数据, 玩家19,我爱玉琼,36项孔明灯: 0	数据长度是8	数据类型为number
144440, 存储数据, 玩家19,我爱玉琼,37项免控表现: 0	数据长度是8	数据类型为number
144440, 存储数据, 玩家19,我爱玉琼,38项窗口锁定: 0	数据长度是8	数据类型为number
144440, 存储数据, 玩家19,我爱玉琼,39项打孔明灯: 0	数据长度是8	数据类型为number
144440, 存储数据, 玩家19,我爱玉琼,40项小地图头像: 0	数据长度是8	数据类型为number
144440, 存储数据, 玩家19,我爱玉琼,41项画笔库6: 0	数据长度是8	数据类型为number
144440, 存储数据, 玩家19,我爱玉琼,42项画笔库7: 0	数据长度是8	数据类型为number
144440, 存储数据, 玩家19,我爱玉琼,43项画笔库8: 0	数据长度是8	数据类型为number
144440, 存储数据, 玩家19,我爱玉琼,44项会员功能1: 1	数据长度是1	数据类型为number
144440, 存储数据, 玩家19,我爱玉琼,45项会员功能2: 1	数据长度是1	数据类型为number
144440, 存储数据, 玩家19,我爱玉琼,46项会员功能3: 1	数据长度是1	数据类型为number
144440, 存储数据, 玩家19,我爱玉琼,47项会员功能4: 1	数据长度是1	数据类型为number
144440, 存储数据, 玩家19,我爱玉琼,48项会员功能5: 1	数据长度是1	数据类型为number
144440, 存储数据, 玩家19,我爱玉琼,49项会员功能6: 1	数据长度是1	数据类型为number
144440, 存储数据, 玩家19,我爱玉琼,50项会员功能7: 1	数据长度是1	数据类型为number
144440, 存储数据, 玩家19,我爱玉琼,51项会员功能8: 1	数据长度是1	数据类型为number
144440, 存储数据, 玩家19,我爱玉琼,52项新商店左侧扩展面板: 1	数据长度是1	数据类型为number
144440, 存储数据, 玩家19,我爱玉琼,53项新商店上部扩展面板: 1	数据长度是1	数据类型为number
144440, 存储数据, 玩家19,我爱玉琼,54项新商店购买方式: 0	数据长度是1	数据类型为number
144440, 存储数据, 玩家19,我爱玉琼,55项新商店商店模式: 1	数据长度是1	数据类型为number
144440, 存储数据, 玩家19,我爱玉琼,56项预扣血模式: 0	数据长度是1	数据类型为number
144440, 存储数据, 玩家19,我爱玉琼,57项回城特效: 9	数据长度是8	数据类型为number
144440, 存储数据, 玩家20,女人丨如花,1项画质: 1	数据长度是1	数据类型为number
144440, 存储数据, 玩家20,女人丨如花,2项滚屏速度: 20	数据长度是8	数据类型为number
144440, 存储数据, 玩家20,女人丨如花,3项更新内容面板开关: 0	数据长度是1	数据类型为number
144440, 存储数据, 玩家20,女人丨如花,4项游戏版本号: 1696	数据长度是16	数据类型为number
144440, 存储数据, 玩家20,女人丨如花,5项语音: 0	数据长度是1	数据类型为number
144440, 存储数据, 玩家20,女人丨如花,6项音响: 0	数据长度是1	数据类型为number
144440, 存储数据, 玩家20,女人丨如花,7项麦克风: 0	数据长度是1	数据类型为number
144440, 存储数据, 玩家20,女人丨如花,8项音响大小: 0	数据长度是8	数据类型为number
144440, 存储数据, 玩家20,女人丨如花,9项麦克风大小: 0	数据长度是8	数据类型为number
144440, 存储数据, 玩家20,女人丨如花,10项未知: 1	数据长度是1	数据类型为number
144440, 存储数据, 玩家20,女人丨如花,11项光照: 62	数据长度是8	数据类型为number
144440, 存储数据, 玩家20,女人丨如花,12项新F11面板模式: 1	数据长度是1	数据类型为number
144440, 存储数据, 玩家20,女人丨如花,13项血条区分敌我: 1	数据长度是1	数据类型为number
144440, 存储数据, 玩家20,女人丨如花,14项快捷键1: 55	数据长度是16	数据类型为number
144440, 存储数据, 玩家20,女人丨如花,15项快捷键2: 43	数据长度是16	数据类型为number
144440, 存储数据, 玩家20,女人丨如花,16项快捷键3: 61	数据长度是16	数据类型为number
144440, 存储数据, 玩家20,女人丨如花,17项快捷键4: 42	数据长度是16	数据类型为number
144440, 存储数据, 玩家20,女人丨如花,18项快捷键5: 56	数据长度是16	数据类型为number
144440, 存储数据, 玩家20,女人丨如花,19项快捷键6: 53	数据长度是16	数据类型为number
144440, 存储数据, 玩家20,女人丨如花,20项快捷键7: 541	数据长度是16	数据类型为number
144440, 存储数据, 玩家20,女人丨如花,21项快捷键8: 542	数据长度是16	数据类型为number
144440, 存储数据, 玩家20,女人丨如花,22项快捷键9: 543	数据长度是16	数据类型为number
144440, 存储数据, 玩家20,女人丨如花,23项快捷键10: 29	数据长度是16	数据类型为number
144440, 存储数据, 玩家20,女人丨如花,24项快捷键11: 30	数据长度是16	数据类型为number
144440, 存储数据, 玩家20,女人丨如花,25项快捷键12: 31	数据长度是16	数据类型为number
144440, 存储数据, 玩家20,女人丨如花,26项快捷键13: 547	数据长度是16	数据类型为number
144440, 存储数据, 玩家20,女人丨如花,27项快捷键14: 62	数据长度是16	数据类型为number
144440, 存储数据, 玩家20,女人丨如花,28项快捷键15: 44	数据长度是16	数据类型为number
144440, 存储数据, 玩家20,女人丨如花,29项快捷键16: 573	数据长度是16	数据类型为number
144440, 存储数据, 玩家20,女人丨如花,30项快捷键17: 555	数据长度是16	数据类型为number
144440, 存储数据, 玩家20,女人丨如花,31项快捷键18: 568	数据长度是16	数据类型为number
144440, 存储数据, 玩家20,女人丨如花,32项是否显示刀光: 1	数据长度是1	数据类型为number
144440, 存储数据, 玩家20,女人丨如花,33项显示刀光编号: 26	数据长度是8	数据类型为number
144440, 存储数据, 玩家20,女人丨如花,34项不显示翅膀: 0	数据长度是1	数据类型为number
144440, 存储数据, 玩家20,女人丨如花,35项显示翅膀编号: 5	数据长度是8	数据类型为number
144440, 存储数据, 玩家20,女人丨如花,36项孔明灯: 0	数据长度是8	数据类型为number
144440, 存储数据, 玩家20,女人丨如花,37项免控表现: 0	数据长度是8	数据类型为number
144440, 存储数据, 玩家20,女人丨如花,38项窗口锁定: 0	数据长度是8	数据类型为number
144440, 存储数据, 玩家20,女人丨如花,39项打孔明灯: 0	数据长度是8	数据类型为number
144440, 存储数据, 玩家20,女人丨如花,40项小地图头像: 0	数据长度是8	数据类型为number
144440, 存储数据, 玩家20,女人丨如花,41项画笔库6: 0	数据长度是8	数据类型为number
144440, 存储数据, 玩家20,女人丨如花,42项画笔库7: 0	数据长度是8	数据类型为number
144440, 存储数据, 玩家20,女人丨如花,43项画笔库8: 0	数据长度是8	数据类型为number
144440, 存储数据, 玩家20,女人丨如花,44项会员功能1: 1	数据长度是1	数据类型为number
144440, 存储数据, 玩家20,女人丨如花,45项会员功能2: 1	数据长度是1	数据类型为number
144440, 存储数据, 玩家20,女人丨如花,46项会员功能3: 1	数据长度是1	数据类型为number
144440, 存储数据, 玩家20,女人丨如花,47项会员功能4: 1	数据长度是1	数据类型为number
144440, 存储数据, 玩家20,女人丨如花,48项会员功能5: 1	数据长度是1	数据类型为number
144440, 存储数据, 玩家20,女人丨如花,49项会员功能6: 1	数据长度是1	数据类型为number
144440, 存储数据, 玩家20,女人丨如花,50项会员功能7: 1	数据长度是1	数据类型为number
144440, 存储数据, 玩家20,女人丨如花,51项会员功能8: 1	数据长度是1	数据类型为number
144440, 存储数据, 玩家20,女人丨如花,52项新商店左侧扩展面板: 1	数据长度是1	数据类型为number
144440, 存储数据, 玩家20,女人丨如花,53项新商店上部扩展面板: 1	数据长度是1	数据类型为number
144440, 存储数据, 玩家20,女人丨如花,54项新商店购买方式: 0	数据长度是1	数据类型为number
144440, 存储数据, 玩家20,女人丨如花,55项新商店商店模式: 1	数据长度是1	数据类型为number
144440, 存储数据, 玩家20,女人丨如花,56项预扣血模式: 1	数据长度是1	数据类型为number
144440, 存储数据, 玩家20,女人丨如花,57项回城特效: 11	数据长度是8	数据类型为number
144440, 存储数据, 玩家21,蜀国,1项画质: 1	数据长度是1	数据类型为number
144440, 存储数据, 玩家21,蜀国,2项滚屏速度: 20	数据长度是8	数据类型为number
144440, 存储数据, 玩家21,蜀国,3项更新内容面板开关: 0	数据长度是1	数据类型为number
144440, 存储数据, 玩家21,蜀国,4项游戏版本号: 0	数据长度是16	数据类型为number
144440, 存储数据, 玩家21,蜀国,5项语音: 0	数据长度是1	数据类型为number
144440, 存储数据, 玩家21,蜀国,6项音响: 0	数据长度是1	数据类型为number
144440, 存储数据, 玩家21,蜀国,7项麦克风: 0	数据长度是1	数据类型为number
144440, 存储数据, 玩家21,蜀国,8项音响大小: 0	数据长度是8	数据类型为number
144440, 存储数据, 玩家21,蜀国,9项麦克风大小: 0	数据长度是8	数据类型为number
144440, 存储数据, 玩家21,蜀国,10项未知: 0	数据长度是1	数据类型为number
144440, 存储数据, 玩家21,蜀国,11项光照: 99	数据长度是8	数据类型为number
144440, 存储数据, 玩家21,蜀国,12项新F11面板模式: 1	数据长度是1	数据类型为number
144440, 存储数据, 玩家21,蜀国,13项血条区分敌我: 1	数据长度是1	数据类型为number
144440, 存储数据, 玩家21,蜀国,14项快捷键1: 41	数据长度是16	数据类型为number
144440, 存储数据, 玩家21,蜀国,15项快捷键2: 43	数据长度是16	数据类型为number
144440, 存储数据, 玩家21,蜀国,16项快捷键3: 61	数据长度是16	数据类型为number
144440, 存储数据, 玩家21,蜀国,17项快捷键4: 42	数据长度是16	数据类型为number
144440, 存储数据, 玩家21,蜀国,18项快捷键5: 56	数据长度是16	数据类型为number
144440, 存储数据, 玩家21,蜀国,19项快捷键6: 53	数据长度是16	数据类型为number
144440, 存储数据, 玩家21,蜀国,20项快捷键7: 541	数据长度是16	数据类型为number
144440, 存储数据, 玩家21,蜀国,21项快捷键8: 542	数据长度是16	数据类型为number
144440, 存储数据, 玩家21,蜀国,22项快捷键9: 543	数据长度是16	数据类型为number
144440, 存储数据, 玩家21,蜀国,23项快捷键10: 544	数据长度是16	数据类型为number
144440, 存储数据, 玩家21,蜀国,24项快捷键11: 545	数据长度是16	数据类型为number
144440, 存储数据, 玩家21,蜀国,25项快捷键12: 546	数据长度是16	数据类型为number
144440, 存储数据, 玩家21,蜀国,26项快捷键13: 547	数据长度是16	数据类型为number
144440, 存储数据, 玩家21,蜀国,27项快捷键14: 548	数据长度是16	数据类型为number
144440, 存储数据, 玩家21,蜀国,28项快捷键15: 549	数据长度是16	数据类型为number
144440, 存储数据, 玩家21,蜀国,29项快捷键16: 573	数据长度是16	数据类型为number
144440, 存储数据, 玩家21,蜀国,30项快捷键17: 555	数据长度是16	数据类型为number
144440, 存储数据, 玩家21,蜀国,31项快捷键18: 568	数据长度是16	数据类型为number
144440, 存储数据, 玩家21,蜀国,32项是否显示刀光: 1	数据长度是1	数据类型为number
144440, 存储数据, 玩家21,蜀国,33项显示刀光编号: 1	数据长度是8	数据类型为number
144440, 存储数据, 玩家21,蜀国,34项不显示翅膀: 0	数据长度是1	数据类型为number
144440, 存储数据, 玩家21,蜀国,35项显示翅膀编号: 0	数据长度是8	数据类型为number
144440, 存储数据, 玩家21,蜀国,36项孔明灯: 0	数据长度是8	数据类型为number
144440, 存储数据, 玩家21,蜀国,37项免控表现: 1	数据长度是8	数据类型为number
144440, 存储数据, 玩家21,蜀国,38项窗口锁定: 0	数据长度是8	数据类型为number
144440, 存储数据, 玩家21,蜀国,39项打孔明灯: 0	数据长度是8	数据类型为number
144440, 存储数据, 玩家21,蜀国,40项小地图头像: 1	数据长度是8	数据类型为number
144440, 存储数据, 玩家21,蜀国,41项画笔库6: 0	数据长度是8	数据类型为number
144440, 存储数据, 玩家21,蜀国,42项画笔库7: 0	数据长度是8	数据类型为number
144440, 存储数据, 玩家21,蜀国,43项画笔库8: 0	数据长度是8	数据类型为number
144440, 存储数据, 玩家21,蜀国,44项会员功能1: 1	数据长度是1	数据类型为number
144440, 存储数据, 玩家21,蜀国,45项会员功能2: 1	数据长度是1	数据类型为number
144440, 存储数据, 玩家21,蜀国,46项会员功能3: 1	数据长度是1	数据类型为number
144440, 存储数据, 玩家21,蜀国,47项会员功能4: 1	数据长度是1	数据类型为number
144440, 存储数据, 玩家21,蜀国,48项会员功能5: 1	数据长度是1	数据类型为number
144440, 存储数据, 玩家21,蜀国,49项会员功能6: 1	数据长度是1	数据类型为number
144440, 存储数据, 玩家21,蜀国,50项会员功能7: 1	数据长度是1	数据类型为number
144440, 存储数据, 玩家21,蜀国,51项会员功能8: 1	数据长度是1	数据类型为number
144440, 存储数据, 玩家21,蜀国,52项新商店左侧扩展面板: 1	数据长度是1	数据类型为number
144440, 存储数据, 玩家21,蜀国,53项新商店上部扩展面板: 1	数据长度是1	数据类型为number
144440, 存储数据, 玩家21,蜀国,54项新商店购买方式: 0	数据长度是1	数据类型为number
144440, 存储数据, 玩家21,蜀国,55项新商店商店模式: 0	数据长度是1	数据类型为number
144440, 存储数据, 玩家21,蜀国,56项预扣血模式: 0	数据长度是1	数据类型为number
144440, 存储数据, 玩家21,蜀国,57项回城特效: 0	数据长度是8	数据类型为number
144440, 存储数据, 玩家22,魏国,1项画质: 1	数据长度是1	数据类型为number
144440, 存储数据, 玩家22,魏国,2项滚屏速度: 20	数据长度是8	数据类型为number
144440, 存储数据, 玩家22,魏国,3项更新内容面板开关: 0	数据长度是1	数据类型为number
144440, 存储数据, 玩家22,魏国,4项游戏版本号: 0	数据长度是16	数据类型为number
144440, 存储数据, 玩家22,魏国,5项语音: 0	数据长度是1	数据类型为number
144440, 存储数据, 玩家22,魏国,6项音响: 0	数据长度是1	数据类型为number
144440, 存储数据, 玩家22,魏国,7项麦克风: 0	数据长度是1	数据类型为number
144440, 存储数据, 玩家22,魏国,8项音响大小: 0	数据长度是8	数据类型为number
144440, 存储数据, 玩家22,魏国,9项麦克风大小: 0	数据长度是8	数据类型为number
144440, 存储数据, 玩家22,魏国,10项未知: 0	数据长度是1	数据类型为number
144440, 存储数据, 玩家22,魏国,11项光照: 99	数据长度是8	数据类型为number
144440, 存储数据, 玩家22,魏国,12项新F11面板模式: 1	数据长度是1	数据类型为number
144440, 存储数据, 玩家22,魏国,13项血条区分敌我: 1	数据长度是1	数据类型为number
144440, 存储数据, 玩家22,魏国,14项快捷键1: 41	数据长度是16	数据类型为number
144440, 存储数据, 玩家22,魏国,15项快捷键2: 43	数据长度是16	数据类型为number
144440, 存储数据, 玩家22,魏国,16项快捷键3: 61	数据长度是16	数据类型为number
144440, 存储数据, 玩家22,魏国,17项快捷键4: 42	数据长度是16	数据类型为number
144440, 存储数据, 玩家22,魏国,18项快捷键5: 56	数据长度是16	数据类型为number
144440, 存储数据, 玩家22,魏国,19项快捷键6: 53	数据长度是16	数据类型为number
144440, 存储数据, 玩家22,魏国,20项快捷键7: 541	数据长度是16	数据类型为number
144440, 存储数据, 玩家22,魏国,21项快捷键8: 542	数据长度是16	数据类型为number
144440, 存储数据, 玩家22,魏国,22项快捷键9: 543	数据长度是16	数据类型为number
144440, 存储数据, 玩家22,魏国,23项快捷键10: 544	数据长度是16	数据类型为number
144440, 存储数据, 玩家22,魏国,24项快捷键11: 545	数据长度是16	数据类型为number
144440, 存储数据, 玩家22,魏国,25项快捷键12: 546	数据长度是16	数据类型为number
144440, 存储数据, 玩家22,魏国,26项快捷键13: 547	数据长度是16	数据类型为number
144440, 存储数据, 玩家22,魏国,27项快捷键14: 548	数据长度是16	数据类型为number
144440, 存储数据, 玩家22,魏国,28项快捷键15: 549	数据长度是16	数据类型为number
144440, 存储数据, 玩家22,魏国,29项快捷键16: 573	数据长度是16	数据类型为number
144440, 存储数据, 玩家22,魏国,30项快捷键17: 555	数据长度是16	数据类型为number
144440, 存储数据, 玩家22,魏国,31项快捷键18: 568	数据长度是16	数据类型为number
144440, 存储数据, 玩家22,魏国,32项是否显示刀光: 1	数据长度是1	数据类型为number
144440, 存储数据, 玩家22,魏国,33项显示刀光编号: 1	数据长度是8	数据类型为number
144440, 存储数据, 玩家22,魏国,34项不显示翅膀: 0	数据长度是1	数据类型为number
144440, 存储数据, 玩家22,魏国,35项显示翅膀编号: 0	数据长度是8	数据类型为number
144440, 存储数据, 玩家22,魏国,36项孔明灯: 0	数据长度是8	数据类型为number
144440, 存储数据, 玩家22,魏国,37项免控表现: 1	数据长度是8	数据类型为number
144440, 存储数据, 玩家22,魏国,38项窗口锁定: 0	数据长度是8	数据类型为number
144440, 存储数据, 玩家22,魏国,39项打孔明灯: 0	数据长度是8	数据类型为number
144440, 存储数据, 玩家22,魏国,40项小地图头像: 1	数据长度是8	数据类型为number
144440, 存储数据, 玩家22,魏国,41项画笔库6: 0	数据长度是8	数据类型为number
144440, 存储数据, 玩家22,魏国,42项画笔库7: 0	数据长度是8	数据类型为number
144440, 存储数据, 玩家22,魏国,43项画笔库8: 0	数据长度是8	数据类型为number
144440, 存储数据, 玩家22,魏国,44项会员功能1: 1	数据长度是1	数据类型为number
144440, 存储数据, 玩家22,魏国,45项会员功能2: 1	数据长度是1	数据类型为number
144440, 存储数据, 玩家22,魏国,46项会员功能3: 1	数据长度是1	数据类型为number
144440, 存储数据, 玩家22,魏国,47项会员功能4: 1	数据长度是1	数据类型为number
144440, 存储数据, 玩家22,魏国,48项会员功能5: 1	数据长度是1	数据类型为number
144440, 存储数据, 玩家22,魏国,49项会员功能6: 1	数据长度是1	数据类型为number
144440, 存储数据, 玩家22,魏国,50项会员功能7: 1	数据长度是1	数据类型为number
144440, 存储数据, 玩家22,魏国,51项会员功能8: 1	数据长度是1	数据类型为number
144440, 存储数据, 玩家22,魏国,52项新商店左侧扩展面板: 1	数据长度是1	数据类型为number
144440, 存储数据, 玩家22,魏国,53项新商店上部扩展面板: 1	数据长度是1	数据类型为number
144440, 存储数据, 玩家22,魏国,54项新商店购买方式: 0	数据长度是1	数据类型为number
144440, 存储数据, 玩家22,魏国,55项新商店商店模式: 0	数据长度是1	数据类型为number
144440, 存储数据, 玩家22,魏国,56项预扣血模式: 0	数据长度是1	数据类型为number
144440, 存储数据, 玩家22,魏国,57项回城特效: 0	数据长度是8	数据类型为number
144440, 存储数据, 玩家23,中立敌对,1项画质: 1	数据长度是1	数据类型为number
144440, 存储数据, 玩家23,中立敌对,2项滚屏速度: 20	数据长度是8	数据类型为number
144440, 存储数据, 玩家23,中立敌对,3项更新内容面板开关: 0	数据长度是1	数据类型为number
144440, 存储数据, 玩家23,中立敌对,4项游戏版本号: 0	数据长度是16	数据类型为number
144440, 存储数据, 玩家23,中立敌对,5项语音: 0	数据长度是1	数据类型为number
144440, 存储数据, 玩家23,中立敌对,6项音响: 0	数据长度是1	数据类型为number
144440, 存储数据, 玩家23,中立敌对,7项麦克风: 0	数据长度是1	数据类型为number
144440, 存储数据, 玩家23,中立敌对,8项音响大小: 0	数据长度是8	数据类型为number
144440, 存储数据, 玩家23,中立敌对,9项麦克风大小: 0	数据长度是8	数据类型为number
144440, 存储数据, 玩家23,中立敌对,10项未知: 0	数据长度是1	数据类型为number
144440, 存储数据, 玩家23,中立敌对,11项光照: 99	数据长度是8	数据类型为number
144440, 存储数据, 玩家23,中立敌对,12项新F11面板模式: 1	数据长度是1	数据类型为number
144440, 存储数据, 玩家23,中立敌对,13项血条区分敌我: 1	数据长度是1	数据类型为number
144440, 存储数据, 玩家23,中立敌对,14项快捷键1: 41	数据长度是16	数据类型为number
144440, 存储数据, 玩家23,中立敌对,15项快捷键2: 43	数据长度是16	数据类型为number
144440, 存储数据, 玩家23,中立敌对,16项快捷键3: 61	数据长度是16	数据类型为number
144440, 存储数据, 玩家23,中立敌对,17项快捷键4: 42	数据长度是16	数据类型为number
144440, 存储数据, 玩家23,中立敌对,18项快捷键5: 56	数据长度是16	数据类型为number
144440, 存储数据, 玩家23,中立敌对,19项快捷键6: 53	数据长度是16	数据类型为number
144440, 存储数据, 玩家23,中立敌对,20项快捷键7: 541	数据长度是16	数据类型为number
144440, 存储数据, 玩家23,中立敌对,21项快捷键8: 542	数据长度是16	数据类型为number
144440, 存储数据, 玩家23,中立敌对,22项快捷键9: 543	数据长度是16	数据类型为number
144440, 存储数据, 玩家23,中立敌对,23项快捷键10: 544	数据长度是16	数据类型为number
144440, 存储数据, 玩家23,中立敌对,24项快捷键11: 545	数据长度是16	数据类型为number
144440, 存储数据, 玩家23,中立敌对,25项快捷键12: 546	数据长度是16	数据类型为number
144440, 存储数据, 玩家23,中立敌对,26项快捷键13: 547	数据长度是16	数据类型为number
144440, 存储数据, 玩家23,中立敌对,27项快捷键14: 548	数据长度是16	数据类型为number
144440, 存储数据, 玩家23,中立敌对,28项快捷键15: 549	数据长度是16	数据类型为number
144440, 存储数据, 玩家23,中立敌对,29项快捷键16: 573	数据长度是16	数据类型为number
144440, 存储数据, 玩家23,中立敌对,30项快捷键17: 555	数据长度是16	数据类型为number
144440, 存储数据, 玩家23,中立敌对,31项快捷键18: 568	数据长度是16	数据类型为number
144440, 存储数据, 玩家23,中立敌对,32项是否显示刀光: 1	数据长度是1	数据类型为number
144440, 存储数据, 玩家23,中立敌对,33项显示刀光编号: 1	数据长度是8	数据类型为number
144440, 存储数据, 玩家23,中立敌对,34项不显示翅膀: 0	数据长度是1	数据类型为number
144440, 存储数据, 玩家23,中立敌对,35项显示翅膀编号: 0	数据长度是8	数据类型为number
144440, 存储数据, 玩家23,中立敌对,36项孔明灯: 0	数据长度是8	数据类型为number
144440, 存储数据, 玩家23,中立敌对,37项免控表现: 1	数据长度是8	数据类型为number
144440, 存储数据, 玩家23,中立敌对,38项窗口锁定: 0	数据长度是8	数据类型为number
144440, 存储数据, 玩家23,中立敌对,39项打孔明灯: 0	数据长度是8	数据类型为number
144440, 存储数据, 玩家23,中立敌对,40项小地图头像: 1	数据长度是8	数据类型为number
144440, 存储数据, 玩家23,中立敌对,41项画笔库6: 0	数据长度是8	数据类型为number
144440, 存储数据, 玩家23,中立敌对,42项画笔库7: 0	数据长度是8	数据类型为number
144440, 存储数据, 玩家23,中立敌对,43项画笔库8: 0	数据长度是8	数据类型为number
144440, 存储数据, 玩家23,中立敌对,44项会员功能1: 1	数据长度是1	数据类型为number
144440, 存储数据, 玩家23,中立敌对,45项会员功能2: 1	数据长度是1	数据类型为number
144440, 存储数据, 玩家23,中立敌对,46项会员功能3: 1	数据长度是1	数据类型为number
144440, 存储数据, 玩家23,中立敌对,47项会员功能4: 1	数据长度是1	数据类型为number
144440, 存储数据, 玩家23,中立敌对,48项会员功能5: 1	数据长度是1	数据类型为number
144440, 存储数据, 玩家23,中立敌对,49项会员功能6: 1	数据长度是1	数据类型为number
144440, 存储数据, 玩家23,中立敌对,50项会员功能7: 1	数据长度是1	数据类型为number
144440, 存储数据, 玩家23,中立敌对,51项会员功能8: 1	数据长度是1	数据类型为number
144440, 存储数据, 玩家23,中立敌对,52项新商店左侧扩展面板: 1	数据长度是1	数据类型为number
144440, 存储数据, 玩家23,中立敌对,53项新商店上部扩展面板: 1	数据长度是1	数据类型为number
144440, 存储数据, 玩家23,中立敌对,54项新商店购买方式: 0	数据长度是1	数据类型为number
144440, 存储数据, 玩家23,中立敌对,55项新商店商店模式: 0	数据长度是1	数据类型为number
144440, 存储数据, 玩家23,中立敌对,56项预扣血模式: 0	数据长度是1	数据类型为number
144440, 存储数据, 玩家23,中立敌对,57项回城特效: 0	数据长度是8	数据类型为number
144440, 存储数据, 玩家24,中立无敌意,1项画质: 1	数据长度是1	数据类型为number
144440, 存储数据, 玩家24,中立无敌意,2项滚屏速度: 20	数据长度是8	数据类型为number
144440, 存储数据, 玩家24,中立无敌意,3项更新内容面板开关: 0	数据长度是1	数据类型为number
144440, 存储数据, 玩家24,中立无敌意,4项游戏版本号: 0	数据长度是16	数据类型为number
144440, 存储数据, 玩家24,中立无敌意,5项语音: 0	数据长度是1	数据类型为number
144440, 存储数据, 玩家24,中立无敌意,6项音响: 0	数据长度是1	数据类型为number
144440, 存储数据, 玩家24,中立无敌意,7项麦克风: 0	数据长度是1	数据类型为number
144440, 存储数据, 玩家24,中立无敌意,8项音响大小: 0	数据长度是8	数据类型为number
144440, 存储数据, 玩家24,中立无敌意,9项麦克风大小: 0	数据长度是8	数据类型为number
144440, 存储数据, 玩家24,中立无敌意,10项未知: 0	数据长度是1	数据类型为number
144440, 存储数据, 玩家24,中立无敌意,11项光照: 99	数据长度是8	数据类型为number
144440, 存储数据, 玩家24,中立无敌意,12项新F11面板模式: 1	数据长度是1	数据类型为number
144440, 存储数据, 玩家24,中立无敌意,13项血条区分敌我: 1	数据长度是1	数据类型为number
144440, 存储数据, 玩家24,中立无敌意,14项快捷键1: 41	数据长度是16	数据类型为number
144440, 存储数据, 玩家24,中立无敌意,15项快捷键2: 43	数据长度是16	数据类型为number
144440, 存储数据, 玩家24,中立无敌意,16项快捷键3: 61	数据长度是16	数据类型为number
144440, 存储数据, 玩家24,中立无敌意,17项快捷键4: 42	数据长度是16	数据类型为number
144440, 存储数据, 玩家24,中立无敌意,18项快捷键5: 56	数据长度是16	数据类型为number
144440, 存储数据, 玩家24,中立无敌意,19项快捷键6: 53	数据长度是16	数据类型为number
144440, 存储数据, 玩家24,中立无敌意,20项快捷键7: 541	数据长度是16	数据类型为number
144440, 存储数据, 玩家24,中立无敌意,21项快捷键8: 542	数据长度是16	数据类型为number
144440, 存储数据, 玩家24,中立无敌意,22项快捷键9: 543	数据长度是16	数据类型为number
144440, 存储数据, 玩家24,中立无敌意,23项快捷键10: 544	数据长度是16	数据类型为number
144440, 存储数据, 玩家24,中立无敌意,24项快捷键11: 545	数据长度是16	数据类型为number
144440, 存储数据, 玩家24,中立无敌意,25项快捷键12: 546	数据长度是16	数据类型为number
144440, 存储数据, 玩家24,中立无敌意,26项快捷键13: 547	数据长度是16	数据类型为number
144440, 存储数据, 玩家24,中立无敌意,27项快捷键14: 548	数据长度是16	数据类型为number
144440, 存储数据, 玩家24,中立无敌意,28项快捷键15: 549	数据长度是16	数据类型为number
144440, 存储数据, 玩家24,中立无敌意,29项快捷键16: 573	数据长度是16	数据类型为number
144440, 存储数据, 玩家24,中立无敌意,30项快捷键17: 555	数据长度是16	数据类型为number
144440, 存储数据, 玩家24,中立无敌意,31项快捷键18: 568	数据长度是16	数据类型为number
144440, 存储数据, 玩家24,中立无敌意,32项是否显示刀光: 1	数据长度是1	数据类型为number
144440, 存储数据, 玩家24,中立无敌意,33项显示刀光编号: 1	数据长度是8	数据类型为number
144440, 存储数据, 玩家24,中立无敌意,34项不显示翅膀: 0	数据长度是1	数据类型为number
144440, 存储数据, 玩家24,中立无敌意,35项显示翅膀编号: 0	数据长度是8	数据类型为number
144440, 存储数据, 玩家24,中立无敌意,36项孔明灯: 0	数据长度是8	数据类型为number
144440, 存储数据, 玩家24,中立无敌意,37项免控表现: 1	数据长度是8	数据类型为number
144440, 存储数据, 玩家24,中立无敌意,38项窗口锁定: 0	数据长度是8	数据类型为number
144440, 存储数据, 玩家24,中立无敌意,39项打孔明灯: 0	数据长度是8	数据类型为number
144440, 存储数据, 玩家24,中立无敌意,40项小地图头像: 1	数据长度是8	数据类型为number
144440, 存储数据, 玩家24,中立无敌意,41项画笔库6: 0	数据长度是8	数据类型为number
144440, 存储数据, 玩家24,中立无敌意,42项画笔库7: 0	数据长度是8	数据类型为number
144440, 存储数据, 玩家24,中立无敌意,43项画笔库8: 0	数据长度是8	数据类型为number
144440, 存储数据, 玩家24,中立无敌意,44项会员功能1: 1	数据长度是1	数据类型为number
144440, 存储数据, 玩家24,中立无敌意,45项会员功能2: 1	数据长度是1	数据类型为number
144440, 存储数据, 玩家24,中立无敌意,46项会员功能3: 1	数据长度是1	数据类型为number
144440, 存储数据, 玩家24,中立无敌意,47项会员功能4: 1	数据长度是1	数据类型为number
144440, 存储数据, 玩家24,中立无敌意,48项会员功能5: 1	数据长度是1	数据类型为number
144440, 存储数据, 玩家24,中立无敌意,49项会员功能6: 1	数据长度是1	数据类型为number
144440, 存储数据, 玩家24,中立无敌意,50项会员功能7: 1	数据长度是1	数据类型为number
144440, 存储数据, 玩家24,中立无敌意,51项会员功能8: 1	数据长度是1	数据类型为number
144440, 存储数据, 玩家24,中立无敌意,52项新商店左侧扩展面板: 1	数据长度是1	数据类型为number
144440, 存储数据, 玩家24,中立无敌意,53项新商店上部扩展面板: 1	数据长度是1	数据类型为number
144440, 存储数据, 玩家24,中立无敌意,54项新商店购买方式: 0	数据长度是1	数据类型为number
144440, 存储数据, 玩家24,中立无敌意,55项新商店商店模式: 0	数据长度是1	数据类型为number
144440, 存储数据, 玩家24,中立无敌意,56项预扣血模式: 0	数据长度是1	数据类型为number
144440, 存储数据, 玩家24,中立无敌意,57项回城特效: 0	数据长度是8	数据类型为number
