0, 长度:952
0, 91576689 武勋buff:0
0, 97138326 武勋buff:0
0, 74917483 武勋buff:0
0, 119158182 武勋buff:0
0, 113159479 武勋buff:0
0, 96777018 武勋buff:0
0, 121535753 武勋buff:0
0, 34976575 武勋buff:0
0, 62209981 武勋buff:0
0, 92785476 武勋buff:0
0, 68068237 武勋buff:0
0, 99204720 武勋buff:0
0, 112090521 武勋buff:0
0, 5372849 武勋buff:0
0, 94489287 武勋buff:0
0, 114042346 武勋buff:0
0, 51366001 武勋buff:0
0, 109175625 武勋buff:0
0, 33307101 武勋buff:0
0, 112548799 武勋buff:0
0, pos:22 value:0
0, 新人pos:22 value:0
0, pos:21 value:0
0, 新人pos:21 value:0
0, pos:10 value:0
0, 新人pos:10 value:0
0, pos:9 value:0
0, 新人pos:9 value:0
0, pos:8 value:0
0, 新人pos:8 value:0
0, pos:7 value:0
0, 新人pos:7 value:0
0, pos:6 value:0
0, 新人pos:6 value:0
0, pos:5 value:0
0, 新人pos:5 value:0
0, pos:4 value:0
0, 新人pos:4 value:0
0, pos:3 value:0
0, 新人pos:3 value:0
0, pos:2 value:0
0, 新人pos:2 value:0
0, pos:1 value:0
0, 新人pos:1 value:0
0, pos:20 value:0
0, 新人pos:20 value:0
0, pos:19 value:0
0, 新人pos:19 value:0
0, pos:18 value:0
0, 新人pos:18 value:0
0, pos:17 value:0
0, 新人pos:17 value:0
0, pos:16 value:0
0, 新人pos:16 value:0
0, pos:15 value:0
0, 新人pos:15 value:0
0, pos:14 value:0
0, 新人pos:14 value:0
0, pos:13 value:0
0, 新人pos:13 value:0
0, pos:12 value:0
0, 新人pos:12 value:0
0, pos:11 value:0
0, 新人pos:11 value:0
777, 玩家:18 总类:1000 选择:3001 实际:3001
837, 玩家:9 总类:1000 选择:1001 实际:1001
949, 玩家:20 总类:1000 选择:1001 实际:1001
985, 玩家:5 总类:1000 选择:1001 实际:1001
1073, 玩家:14 总类:1000 选择:2001 实际:2001
1077, 玩家:17 总类:1000 选择:2001 实际:2001
1081, 玩家:13 总类:1000 选择:3002 实际:3002
1285, 玩家:1 总类:1000 选择:3001 实际:3001
1293, 玩家:19 总类:1000 选择:1002 实际:1002
1917, 玩家:15 总类:1000 选择:1003 实际:1003
2237, 玩家:16 总类:1000 选择:2003 实际:2003
2821, 玩家:8 总类:1000 选择:1001 实际:1001
3221, 玩家:4 总类:1000 选择:1001 实际:1001
3625, 玩家:3 总类:1000 选择:2001 实际:2001
4029, 玩家:11 总类:1000 选择:2003 实际:2003
4481, 玩家:7 总类:1000 选择:1001 实际:1001
4701, 玩家:12 总类:1000 选择:1001 实际:1001
5329, 玩家:6 总类:1000 选择:2001 实际:2001
5333, 玩家:10 总类:1000 选择:2002 实际:2002
7065, 玩家:2 总类:1000 选择:1001 实际:1001
144145, 有效局
144145, 嘿 97603 730
