144440, {
144440, 	[1] = 6,
144440, 	[2] = 6.6094862336413e+018,
144440, 	[3] = 0,
144440, 	[4] = '±ðÄÃRMB»£¸ç',
144440, 	[5] = 22,
144440, 	[6] = 47,
144440, 	[7] = 'ÈºÐÛÖðÂ¹10v10',
144440, 	[8] = 7,
144440, 	[9] = 22,
144440, 	[10] = '2793-6-1538890934',
144440, 	[11] = 4,
144440, 	[12] = 1,
144440, 	[13] = 10,
144440, 	[14] = 10,
144440, 	[15] = 480,
144440, 	[16] = 20,
144440, 	[17] = 107,
144440, 	[18] = 63,
144440, 	[19] = 12,
144440, 	[20] = 0,
144440, 	[21] = 0,
144440, 	[22] = 0,
144440, 	[23] = 0,
144440, 	[24] = 0,
144440, 	[25] = 20,
144440, 	[26] = 0,
144440, 	[27] = 300,
144440, 	[28] = 292,
144440, 	[29] = 164,
144440, 	[30] = 174,
144440, 	[31] = 2455,
144440, 	[32] = 3,
144440, },
144440, 
