8207,  0:2:19 ,消灭老虎(小),获得97
13753,  0:3:53 ,消灭魏国刀兵,获得74
20701,  0:5:51 ,消灭强盗,获得87
21013,  0:5:57 ,消灭强盗,获得69
21247,  0:6:1 ,消灭强盗,获得83
22342,  0:6:19 ,消灭魏国刀兵,获得83
23166,  0:6:33 ,消灭魏国弩手,获得78
23166,  0:6:33 ,消灭魏国弩手,获得97
23166,  0:6:33 ,消灭魏国刀兵,获得76
23166,  0:6:33 ,消灭魏国刀兵,获得83
24399,  0:6:54 ,英雄歼灭司马懿,获得227
26925,  0:7:37 ,消灭老虎(小),获得97
27615,  0:7:49 ,消灭魏国刀兵,获得69
29457,  0:8:20 ,消灭强盗,获得78
29745,  0:8:25 ,消灭强盗,获得97
32630,  0:9:14 ,消灭孔明灯,获得35
33059,  0:9:22 ,消灭魏国刀兵,获得76
35544,  0:10:4 ,消灭孔明灯,获得35
38807,  0:10:59 ,消灭强盗,获得78
39101,  0:11:4 ,消灭老虎(小),获得69
39177,  0:11:6 ,消灭老虎(小),获得83
39441,  0:11:10 ,消灭老虎,获得160
40603,  0:11:30 ,英雄歼灭李典,获得230
40685,  0:11:31 ,消灭魏国刀兵,获得71
40751,  0:11:32 ,消灭魏国刀兵,获得71
41162,  0:11:39 ,消灭魏国弩手,获得87
41162,  0:11:39 ,消灭魏国弩手,获得97
44956,  0:12:44 ,消灭孔明灯,获得35
45299,  0:12:50 ,英雄歼灭孙权,获得238
51769,  0:14:40 ,消灭魏国刀兵,获得72
52445,  0:14:51 ,英雄歼灭许褚,获得161
56109,  0:15:53 ,消灭魏国刀兵,获得74
56109,  0:15:53 ,消灭魏国刀兵,获得71
56109,  0:15:53 ,消灭魏国刀兵,获得83
60937,  0:17:15 ,消灭强盗,获得81
61129,  0:17:19 ,消灭强盗,获得76
61321,  0:17:22 ,消灭强盗,获得95
63916,  0:18:6 ,消灭黄巾军,获得86
64014,  0:18:8 ,消灭黄巾军,获得71
64112,  0:18:9 ,消灭黄巾军,获得100
64826,  0:18:22 ,消灭魏国弩手,获得86
64826,  0:18:22 ,消灭魏国弩手,获得91
64943,  0:18:24 ,消灭魏国刀兵,获得71
65510,  0:18:33 ,消灭魏国弩手,获得82
65510,  0:18:33 ,消灭魏国弩手,获得86
65563,  0:18:34 ,消灭魏国刀兵,获得86
65615,  0:18:35 ,消灭魏国刀兵,获得86
65685,  0:18:36 ,消灭魏国刀兵,获得71
67142,  0:19:1 ,消灭魏国左路据点,获得0
67282,  0:19:3 ,消灭魏国弩手,获得91
67282,  0:19:3 ,消灭魏国弩手,获得91
67343,  0:19:4 ,消灭魏国刀兵,获得75
67395,  0:19:5 ,消灭魏国刀兵,获得86
68026,  0:19:16 ,消灭强盗,获得82
68108,  0:19:17 ,消灭强盗,获得77
68186,  0:19:19 ,消灭强盗,获得101
68495,  0:19:24 ,消灭熊,获得269
68729,  0:19:28 ,消灭狼,获得117
68771,  0:19:29 ,消灭狼(小),获得91
71215,  0:20:10 ,消灭强盗,获得87
71298,  0:20:12 ,消灭强盗,获得82
71369,  0:20:13 ,消灭强盗,获得92
71810,  0:20:20 ,消灭魏国弩手,获得92
72403,  0:20:30 ,英雄歼灭甄姬,获得348
72506,  0:20:32 ,消灭魏国弩手,获得92
72542,  0:20:33 ,消灭魏国弩手,获得72
73010,  0:20:41 ,消灭玄武,获得251
73277,  0:20:45 ,消灭老虎(小),获得72
73354,  0:20:47 ,消灭老虎(小),获得101
75919,  0:21:30 ,消灭魏国刀兵,获得81
77577,  0:21:58 ,消灭强盗,获得102
77636,  0:21:59 ,消灭强盗,获得102
77691,  0:22:0 ,消灭强盗,获得83
77755,  0:22:1 ,消灭老虎(小),获得102
84327,  0:23:53 ,消灭魏国刀兵,获得81
84590,  0:23:58 ,消灭魏国弩手,获得93
84590,  0:23:58 ,消灭魏国弩手,获得78
84707,  0:24:0 ,英雄歼灭孙权,获得361
86908,  0:24:37 ,消灭强盗,获得84
87353,  0:24:45 ,消灭魏国弩手,获得78
87353,  0:24:45 ,消灭魏国弩手,获得84
87353,  0:24:45 ,消灭魏国弩手,获得89
87353,  0:24:45 ,消灭魏国弩手,获得78
87353,  0:24:45 ,消灭魏国弩手,获得99
87377,  0:24:45 ,消灭魏国刀兵,获得74
87610,  0:24:49 ,消灭魏国刀兵,获得82
87674,  0:24:50 ,消灭魏国刀兵,获得84
87736,  0:24:51 ,消灭魏国刀兵,获得76
87817,  0:24:52 ,消灭魏国弩手,获得84
87865,  0:24:53 ,消灭魏国弩手,获得104
88462,  0:25:3 ,消灭魏国弩手,获得94
88462,  0:25:3 ,消灭魏国弩手,获得75
88518,  0:25:4 ,消灭魏国刀兵,获得89
88552,  0:25:5 ,消灭魏国刀兵,获得82
88585,  0:25:5 ,消灭魏国刀兵,获得75
89738,  0:25:25 ,消灭魏国弩手,获得84
89738,  0:25:25 ,消灭魏国弩手,获得79
92810,  0:26:17 ,消灭强盗,获得75
93472,  0:26:29 ,消灭孔明灯,获得37
96638,  0:27:22 ,消灭老虎,获得158
96669,  0:27:23 ,消灭老虎(小),获得98
96952,  0:27:28 ,消灭玄武,获得260
97012,  0:27:29 ,消灭老虎(小),获得90
97302,  0:27:34 ,消灭魏国弩手,获得79
97302,  0:27:34 ,消灭魏国弩手,获得79
97302,  0:27:34 ,消灭魏国刀兵,获得83
97366,  0:27:35 ,消灭魏国刀兵,获得79
97400,  0:27:35 ,消灭魏国刀兵,获得85
97432,  0:27:36 ,消灭魏国刀兵,获得75
99794,  0:28:16 ,消灭魏国弩手,获得85
99794,  0:28:16 ,消灭魏国弩手,获得106
99794,  0:28:16 ,消灭魏国刀兵,获得85
100572,  0:28:29 ,消灭老虎,获得173
104736,  0:29:40 ,消灭孔明灯,获得38
105710,  0:29:57 ,消灭魏国刀兵,获得81
105829,  0:29:59 ,消灭魏国刀兵,获得91
105957,  0:30:1 ,消灭魏国弩手,获得76
105993,  0:30:1 ,消灭魏国弩手,获得97
106923,  0:30:17 ,英雄歼灭邓芝,获得411
110391,  0:31:16 ,英雄歼灭邓芝,获得355
113953,  0:32:17 ,消灭玄武,获得266
116270,  0:32:56 ,消灭孔明灯,获得38
120969,  0:34:16 ,消灭玄武,获得245
121494,  0:34:25 ,消灭魏国弩手,获得108
121494,  0:34:25 ,消灭魏国弩手,获得98
123156,  0:34:53 ,消灭魏国刀兵,获得87
123226,  0:34:54 ,消灭魏国刀兵,获得79
123272,  0:34:55 ,消灭魏国刀兵,获得90
124075,  0:35:9 ,英雄歼灭李典,获得391
129095,  0:36:34 ,英雄歼灭邓芝,获得437
137064,  0:38:50 ,消灭魏国刀兵,获得94
137092,  0:38:50 ,消灭魏国刀兵,获得86
137146,  0:38:51 ,消灭魏国刀兵,获得92
137287,  0:38:53 ,英雄歼灭甄姬,获得419
137961,  0:39:5 ,消灭熊,获得271
138137,  0:39:8 ,消灭强盗,获得90
138195,  0:39:9 ,消灭强盗,获得106
138255,  0:39:10 ,消灭强盗,获得100
138982,  0:39:22 ,消灭魏国刀兵,获得84
138982,  0:39:22 ,消灭魏国弩手,获得90
