2018-10-09 20:42:43:513 PID:9904 FM:     0  ReplayName = D:\起凡\7fgame\replay\MyGame\AutoSave\my_replays0134.7fr  
2018-10-09 20:42:43:513 PID:9904 FM:     0  自动保存的平台路径：/replay="D:\起凡\7fgame\replay\MyGame\AutoSave\my_replays0134.7fr"  
2018-10-09 20:42:43:513 PID:9904 FM:     0   ReplayName2 = D:\起凡\7fgame\replay\MyGame  
2018-10-09 20:42:43:514 PID:9904 FM:     0  玩家保存的平台路径：/replaypath="D:\起凡\7fgame\replay\MyGame\"  
2018-10-09 20:42:54:561 PID:9904 FM:     0  TRUN_VASL[4] 
2018-10-09 20:44:35:910 PID:9904 FM:  3185  保存录像[4317125] FM[3185] [ ] 
2018-10-09 20:44:35:913 PID:9904 FM:  3185  压缩文件[.\core\hct.o]成功。(.\core\hct.o.zip) 
2018-10-09 20:44:35:913 PID:9904 FM:  3185  FILES 0 13493 .\core\hct.o  
2018-10-09 20:44:35:913 PID:9904 FM:  3185  删除临时文件[1] [.\core\hct.o.zip]  
2018-10-09 20:45:13:809 PID:9904 FM:  5421  保存录像[4355031] FM[5421] [ ] 
2018-10-09 20:45:50:619 PID:9904 FM:  7593  保存录像[4391843] FM[7593] [ ] 
2018-10-09 20:46:26:557 PID:9904 FM:  9713  保存录像[4427781] FM[9713] [ ] 
2018-10-09 20:47:01:651 PID:9904 FM: 11785  保存录像[4462875] FM[11785] [ ] 
2018-10-09 20:47:39:087 PID:9904 FM: 13993  保存录像[4500312] FM[13993] [ ] 
2018-10-09 20:48:14:150 PID:9904 FM: 16061  保存录像[4535375] FM[16061] [ ] 
2018-10-09 20:48:48:604 PID:9904 FM: 18097  保存录像[4569828] FM[18097] [ ] 
2018-10-09 20:49:23:775 PID:9904 FM: 20169  保存录像[4605000] FM[20169] [ ] 
2018-10-09 20:49:59:871 PID:9904 FM: 22297  保存录像[4641093] FM[22297] [ ] 
2018-10-09 20:50:35:213 PID:9904 FM: 24385  保存录像[4676437] FM[24385] [ ] 
2018-10-09 20:51:11:025 PID:9904 FM: 26497  保存录像[4712250] FM[26497] [ ] 
2018-10-09 20:51:46:277 PID:9904 FM: 28577  保存录像[4747500] FM[28577] [ ] 
2018-10-09 20:52:21:009 PID:9904 FM: 30625  保存录像[4782234] FM[30625] [ ] 
2018-10-09 20:52:55:791 PID:9904 FM: 32677  保存录像[4817015] FM[32677] [ ] 
2018-10-09 20:53:31:965 PID:9904 FM: 34813  保存录像[4853187] FM[34813] [ ] 
2018-10-09 20:54:07:354 PID:9904 FM: 36901  保存录像[4888578] FM[36901] [ ] 
2018-10-09 20:54:42:277 PID:9904 FM: 38961  保存录像[4923500] FM[38961] [ ] 
2018-10-09 20:55:17:635 PID:9904 FM: 41049  保存录像[4958859] FM[41049] [ ] 
2018-10-09 20:55:54:090 PID:9904 FM: 43197  保存录像[4995312] FM[43197] [ ] 
2018-10-09 20:56:28:790 PID:9904 FM: 45245  保存录像[5030015] FM[45245] [ ] 
2018-10-09 20:57:03:494 PID:9904 FM: 47293  保存录像[5064718] FM[47293] [ ] 
2018-10-09 20:57:38:541 PID:9904 FM: 49361  保存录像[5099765] FM[49361] [ ] 
2018-10-09 20:58:13:589 PID:9904 FM: 51429  保存录像[5134812] FM[51429] [ ] 
2018-10-09 20:58:48:244 PID:9904 FM: 53473  保存录像[5169468] FM[53473] [ ] 
2018-10-09 20:59:24:104 PID:9904 FM: 55589  保存录像[5205328] FM[55589] [ ] 
2018-10-09 20:59:59:276 PID:9904 FM: 57665  保存录像[5240500] FM[57665] [ ] 
2018-10-09 21:00:34:884 PID:9904 FM: 59765  保存录像[5276109] FM[59765] [ ] 
2018-10-09 21:01:09:712 PID:9904 FM: 61821  保存录像[5310937] FM[61821] [ ] 
2018-10-09 21:01:44:973 PID:9904 FM: 63897  保存录像[5346187] FM[63897] [ ] 
2018-10-09 21:02:20:959 PID:9904 FM: 66021  保存录像[5382171] FM[66021] [ ] 
2018-10-09 21:02:56:041 PID:9904 FM: 68093  保存录像[5417265] FM[68093] [ ] 
2018-10-09 21:03:31:589 PID:9904 FM: 70189  保存录像[5452812] FM[70189] [ ] 
2018-10-09 21:04:07:290 PID:9904 FM: 72297  保存录像[5488515] FM[72297] [ ] 
2018-10-09 21:04:43:025 PID:9904 FM: 74405  保存录像[5524250] FM[74405] [ ] 
2018-10-09 21:05:19:105 PID:9904 FM: 76533  保存录像[5560328] FM[76533] [ ] 
2018-10-09 21:05:54:875 PID:9904 FM: 78645  保存录像[5596093] FM[78645] [ ] 
2018-10-09 21:06:30:214 PID:9904 FM: 80729  保存录像[5631437] FM[80729] [ ] 
2018-10-09 21:07:06:541 PID:9904 FM: 82873  保存录像[5667765] FM[82873] [ ] 
2018-10-09 21:07:41:670 PID:9904 FM: 84945  保存录像[5702890] FM[84945] [ ] 
2018-10-09 21:08:17:463 PID:9904 FM: 87057  保存录像[5738687] FM[87057] [ ] 
2018-10-09 21:08:53:728 PID:9904 FM: 89197  保存录像[5774953] FM[89197] [ ] 
2018-10-09 21:09:28:947 PID:9904 FM: 91273  保存录像[5810171] FM[91273] [ ] 
2018-10-09 21:10:04:479 PID:9904 FM: 93373  保存录像[5845703] FM[93373] [ ] 
2018-10-09 21:10:39:972 PID:9904 FM: 95465  保存录像[5881187] FM[95465] [ ] 
2018-10-09 21:11:15:166 PID:9904 FM: 97541  保存录像[5916390] FM[97541] [ ] 
2018-10-09 21:11:50:525 PID:9904 FM: 99629  保存录像[5951750] FM[99629] [ ] 
2018-10-09 21:12:26:260 PID:9904 FM:101737  保存录像[5987484] FM[101737] [ ] 
2018-10-09 21:13:01:462 PID:9904 FM:103813  保存录像[6022687] FM[103813] [ ] 
2018-10-09 21:13:37:994 PID:9904 FM:105969  保存录像[6059218] FM[105969] [ ] 
2018-10-09 21:14:12:947 PID:9904 FM:108029  保存录像[6094171] FM[108029] [ ] 
2018-10-09 21:14:48:841 PID:9904 FM:110149  保存录像[6130062] FM[110149] [ ] 
2018-10-09 21:15:24:307 PID:9904 FM:112241  保存录像[6165531] FM[112241] [ ] 
2018-10-09 21:16:00:572 PID:9904 FM:114381  保存录像[6201796] FM[114381] [ ] 
2018-10-09 21:16:35:884 PID:9904 FM:116465  保存录像[6237109] FM[116465] [ ] 
2018-10-09 21:17:10:994 PID:9904 FM:118537  保存录像[6272218] FM[118537] [ ] 
2018-10-09 21:17:46:807 PID:9904 FM:120649  保存录像[6308031] FM[120649] [ ] 
2018-10-09 21:18:22:807 PID:9904 FM:122773  保存录像[6344031] FM[122773] [ ] 
2018-10-09 21:18:58:197 PID:9904 FM:124861  保存录像[6379421] FM[124861] [ ] 
2018-10-09 21:19:33:184 PID:9904 FM:126925  保存录像[6414406] FM[126925] [ ] 
2018-10-09 21:20:09:107 PID:9904 FM:129045  保存录像[6450328] FM[129045] [ ] 
2018-10-09 21:20:44:089 PID:9904 FM:131109  保存录像[6485312] FM[131109] [ ] 
2018-10-09 21:21:20:714 PID:9904 FM:133269  保存录像[6521937] FM[133269] [ ] 
2018-10-09 21:21:55:776 PID:9904 FM:135337  保存录像[6557000] FM[135337] [ ] 
2018-10-09 21:22:32:777 PID:9904 FM:137521  保存录像[6594000] FM[137521] [ ] 
2018-10-09 21:23:08:653 PID:9904 FM:139637  保存录像[6629875] FM[139637] [ ] 
2018-10-09 21:23:44:369 PID:9904 FM:141745  保存录像[6665593] FM[141745] [ ] 
2018-10-09 21:24:19:760 PID:9904 FM:143833  保存录像[6700984] FM[143833] [ ] 
2018-10-09 21:24:55:777 PID:9904 FM:145957  保存录像[6737000] FM[145957] [ ] 
2018-10-09 21:25:31:964 PID:9904 FM:148093  保存录像[6773187] FM[148093] [ ] 
2018-10-09 21:25:45:803 PID:9904 FM:148829  填充脚本自定义数据[6787015] FM[148829] LEN[11226] 
2018-10-09 21:25:45:803 PID:9904 FM:148829  ONOVERVIDEOSYS [] 
2018-10-09 21:25:45:803 PID:9904 FM:148829  保存录像[6787015] FM[148829] [ ] 
2018-10-09 21:25:45:803 PID:9904 FM:148829  游戏结束保存录像 [1] 
2018-10-09 21:25:45:807 PID:9904 FM:148829  SAVEAS[6787031] [OK] LOCAL [log9904-2018.10.09-20.42.43/replay9904.7fr] Error[0] 
2018-10-09 21:25:45:807 PID:9904 FM:148829  SAVEAS[6787031] [OK] TARGET[D:\起凡\7fgame\replay\MyGame\AutoSave\my_replays0134.7fr] Error[0] 
2018-10-09 21:25:45:807 PID:9904 FM:148829  退出游戏(结束), code 1
 
2018-10-09 21:25:45:807 PID:9904 FM:148829  向服务器发送录像信息(无请求) 
