32417, s279/406/0
32417, t279/10010/5
32549, s280/406/0
32549, t280/10005/25
32665, s281/406/0
32665, t281/9980/50
45297, s279/406/0
45297, t279/9930/5
45417, s280/406/0
45417, t280/9925/25
46017, s281/406/0
46017, t281/9900/50
59425, s279/406/0
59425, t279/9850/5
60269, s309/406/0
60269, t309/9845/10
60401, s310/406/0
60401, t310/9835/50
60565, s311/406/0
60565, t311/9785/100
61181, s598/406/0
61181, t598/9685/10
61293, s599/406/0
61293, t599/9675/50
65729, s309/406/0
65729, t309/9625/10
65837, s310/406/0
65837, t310/9615/50
65941, s311/406/0
65941, t311/9565/100
76733, s309/406/0
76733, t309/9465/10
76845, s310/406/0
76845, t310/9455/50
76957, s311/406/0
76957, t311/9405/100
84113, s309/406/0
84113, t309/9305/10
84709, s309/406/0
84709, t309/9295/10
85157, s309/406/0
85157, t309/9285/10
85285, s310/406/0
85285, t310/9275/50
85429, s311/406/0
85429, t311/9225/100
93737, s309/406/0
93737, t309/9125/10
93973, s310/406/0
93973, t310/9115/50
94137, s311/406/0
94137, t311/9065/100
97553, s309/406/0
97553, t309/8965/10
104129, s309/406/0
104129, t309/8955/10
104253, s310/406/0
104253, t310/8945/50
104357, s311/406/0
104357, t311/8895/100
113973, s309/406/0
113973, t309/8795/10
114429, s310/406/0
114429, t310/8785/50
119373, s309/406/0
119373, t309/8735/10
119493, s310/406/0
119493, t310/8725/50
119625, s311/406/0
119625, t311/8675/100
132349, s309/406/0
132349, t309/8575/10
