148829, mvp_value =500, famous_point = 5, famous_point_per = 10
148829, result_per = 1, time_per = 1, num_per = 1
148829, 计算经验值为550
148829, 需刷新,疲劳度为200
148829, 计算经验值为1100
148829, mvp_value =471, famous_point = 0, famous_point_per = 10
148829, result_per = 1, time_per = 1, num_per = 1
148829, 计算经验值为471
148829, 需刷新,疲劳度为200
148829, 计算经验值为942
148829, mvp_value =293, famous_point = 0, famous_point_per = 10
148829, result_per = 1, time_per = 1, num_per = 1
148829, 计算经验值为293
148829, 需刷新,疲劳度为200
148829, 计算经验值为586
148829, mvp_value =372, famous_point = 0, famous_point_per = 10
148829, result_per = 1, time_per = 1, num_per = 1
148829, 计算经验值为372
148829, 需刷新,疲劳度为200
148829, 计算经验值为744
148829, mvp_value =500, famous_point = 1, famous_point_per = 10
148829, result_per = 1, time_per = 1, num_per = 1
148829, 计算经验值为510
148829, 需刷新,疲劳度为200
148829, 计算经验值为1020
148829, mvp_value =354, famous_point = 0, famous_point_per = 10
148829, result_per = 1, time_per = 1, num_per = 1
148829, 计算经验值为354
148829, 需刷新,疲劳度为200
148829, 计算经验值为708
148829, mvp_value =500, famous_point = 3, famous_point_per = 10
148829, result_per = 1, time_per = 1, num_per = 1
148829, 计算经验值为530
148829, 需刷新,疲劳度为200
148829, 计算经验值为1060
148829, mvp_value =348, famous_point = 0, famous_point_per = 10
148829, result_per = 1, time_per = 1, num_per = 1
148829, 计算经验值为348
148829, 需刷新,疲劳度为200
148829, 计算经验值为696
148829, mvp_value =427, famous_point = 0, famous_point_per = 10
148829, result_per = 1, time_per = 1, num_per = 1
148829, 计算经验值为427
148829, 需刷新,疲劳度为200
148829, 计算经验值为854
148829, mvp_value =500, famous_point = 2, famous_point_per = 10
148829, result_per = 1, time_per = 1, num_per = 1
148829, 计算经验值为520
148829, 需刷新,疲劳度为200
148829, 计算经验值为1040
148829, mvp_value =463, famous_point = 0, famous_point_per = 10
148829, result_per = 0.6, time_per = 1, num_per = 1
148829, 计算经验值为278
148829, 需刷新,疲劳度为200
148829, 计算经验值为556
148829, mvp_value =500, famous_point = 3, famous_point_per = 10
148829, result_per = 0.6, time_per = 1, num_per = 1
148829, 计算经验值为318
148829, 需刷新,疲劳度为200
148829, 计算经验值为636
148829, mvp_value =500, famous_point = 2, famous_point_per = 10
148829, result_per = 0.6, time_per = 1, num_per = 1
148829, 计算经验值为312
148829, 需刷新,疲劳度为200
148829, 计算经验值为624
148829, mvp_value =230, famous_point = 0, famous_point_per = 10
148829, result_per = 0.6, time_per = 1, num_per = 1
148829, 计算经验值为138
148829, 需刷新,疲劳度为200
148829, 计算经验值为276
148829, mvp_value =500, famous_point = 0, famous_point_per = 10
148829, result_per = 0.6, time_per = 1, num_per = 1
148829, 计算经验值为300
148829, 需刷新,疲劳度为200
148829, 计算经验值为600
148829, mvp_value =500, famous_point = 0, famous_point_per = 10
148829, result_per = 0.6, time_per = 1, num_per = 1
148829, 计算经验值为300
148829, 需刷新,疲劳度为200
148829, 计算经验值为600
148829, mvp_value =493, famous_point = 0, famous_point_per = 10
148829, result_per = 0.6, time_per = 1, num_per = 1
148829, 计算经验值为296
148829, 需刷新,疲劳度为200
148829, 计算经验值为592
148829, mvp_value =418, famous_point = 0, famous_point_per = 10
148829, result_per = 0.6, time_per = 1, num_per = 1
148829, 计算经验值为251
148829, 需刷新,疲劳度为200
148829, 计算经验值为502
148829, mvp_value =309, famous_point = 1, famous_point_per = 10
148829, result_per = 0.6, time_per = 1, num_per = 1
148829, 计算经验值为191
148829, 需刷新,疲劳度为200
148829, 计算经验值为382
148829, mvp_value =500, famous_point = 0, famous_point_per = 10
148829, result_per = 0.6, time_per = 1, num_per = 1
148829, 计算经验值为300
148829, 需刷新,疲劳度为200
148829, 计算经验值为600
