148829, p_control_id = 1
148829, Old_Point = 706
148829, Add_Point = 40
148829, New_Point_Real = 746
148829, G_Tab.ELOpoint[p_control_id][ELOkind + 2] = 4352
148829, p_control_id = 2
148829, Old_Point = 732
148829, Add_Point = 19
148829, New_Point_Real = 751
148829, G_Tab.ELOpoint[p_control_id][ELOkind + 2] = 1237
148829, p_control_id = 3
148829, Old_Point = 681
148829, Add_Point = 21
148829, New_Point_Real = 702
148829, G_Tab.ELOpoint[p_control_id][ELOkind + 2] = 4290
148829, p_control_id = 4
148829, Old_Point = 743
148829, Add_Point = 18
148829, New_Point_Real = 761
148829, G_Tab.ELOpoint[p_control_id][ELOkind + 2] = 2396
148829, p_control_id = 5
148829, Old_Point = 715
148829, Add_Point = 24
148829, New_Point_Real = 739
148829, G_Tab.ELOpoint[p_control_id][ELOkind + 2] = 5081
148829, p_control_id = 6
148829, Old_Point = 805
148829, Add_Point = 16
148829, New_Point_Real = 821
148829, G_Tab.ELOpoint[p_control_id][ELOkind + 2] = 1772
148829, p_control_id = 7
148829, Old_Point = 788
148829, Add_Point = 25
148829, New_Point_Real = 813
148829, G_Tab.ELOpoint[p_control_id][ELOkind + 2] = 2757
148829, p_control_id = 8
148829, Old_Point = 715
148829, Add_Point = 20
148829, New_Point_Real = 735
148829, G_Tab.ELOpoint[p_control_id][ELOkind + 2] = 3103
148829, p_control_id = 9
148829, Old_Point = 664
148829, Add_Point = 22
148829, New_Point_Real = 686
148829, G_Tab.ELOpoint[p_control_id][ELOkind + 2] = 1580
148829, p_control_id = 10
148829, Old_Point = 748
148829, Add_Point = 18
148829, New_Point_Real = 766
148829, G_Tab.ELOpoint[p_control_id][ELOkind + 2] = 3057
148829, p_control_id = 11
148829, Old_Point = 694
148829, Add_Point = -14
148829, New_Point_Real = 680
148829, G_Tab.ELOpoint[p_control_id][ELOkind + 2] = 4948
148829, p_control_id = 12
148829, Old_Point = 601
148829, Add_Point = -5
148829, New_Point_Real = 596
148829, G_Tab.ELOpoint[p_control_id][ELOkind + 2] = 7655
148829, p_control_id = 13
148829, Old_Point = 725
148829, Add_Point = -9
148829, New_Point_Real = 716
148829, G_Tab.ELOpoint[p_control_id][ELOkind + 2] = 531
148829, p_control_id = 14
148829, Old_Point = 1723
148829, Add_Point = -27
148829, New_Point_Real = 1696
148829, G_Tab.ELOpoint[p_control_id][ELOkind + 2] = 853
148829, p_control_id = 15
148829, Old_Point = 730
148829, Add_Point = -11
148829, New_Point_Real = 719
148829, G_Tab.ELOpoint[p_control_id][ELOkind + 2] = 7341
148829, p_control_id = 16
148829, Old_Point = 742
148829, Add_Point = -17
148829, New_Point_Real = 725
148829, G_Tab.ELOpoint[p_control_id][ELOkind + 2] = 4722
148829, p_control_id = 17
148829, Old_Point = 642
148829, Add_Point = -12
148829, New_Point_Real = 630
148829, G_Tab.ELOpoint[p_control_id][ELOkind + 2] = 5616
148829, p_control_id = 18
148829, Old_Point = 631
148829, Add_Point = -12
148829, New_Point_Real = 619
148829, G_Tab.ELOpoint[p_control_id][ELOkind + 2] = 5034
148829, p_control_id = 19
148829, Old_Point = 729
148829, Add_Point = -16
148829, New_Point_Real = 713
148829, G_Tab.ELOpoint[p_control_id][ELOkind + 2] = 2446
148829, p_control_id = 20
148829, Old_Point = 744
148829, Add_Point = -17
148829, New_Point_Real = 727
148829, G_Tab.ELOpoint[p_control_id][ELOkind + 2] = 636
