148829, 	玩家名	controlid	天梯10V10竞技积分	普通匹配10V10竞技积分	天梯10V10局数	普通10V10局数	天梯10V10竞技加分	普通匹配10V10竞技加分	表现系数	波动系数	高分系数	当局MVP	消费信息
148829, 	a酱油的面	1	623	706	32	4352	24	40	2	1	1	582	1067
148829, 	夺命农夫	2	631	732	41	1237	12	19	1	1	1	471	853
148829, 	hb落叶2	3	625	681	115	4290	12	21	1	1	1	293	367
148829, 	大大肉虫	4	644	743	65	2396	6	18	1	1	1	372	727
148829, 	zxc52283877	5	551	715	139	5081	14	24	1.2	1	1	569	642
148829, 	流水落花春落去	6	616	805	189	1772	12	16	1	1	1	354	735
148829, 	随风少不了落叶	7	626	788	95	2757	18	25	1.5	1	1	581	576
148829, 	每月硬2次	8	613	715	115	3103	12	20	1	1	1	348	455
148829, 	逐丶翼	9	570	664	52	1580	12	22	1	1	1	427	703
148829, 	肾宝味道好极老	10	600	748	57	3057	12	18	1	1	1	553	626
148829, 	搞死战龙618	11	568	694	124	4948	-12	-14	1	1	1	463	1534
148829, 	Q愤怒的小鸟Q	12	614	601	111	7655	-6	-5	0.5	1	1	761	357
148829, 	q345697223	13	612	725	87	531	-7	-9	0.6	1	1	646	968
148829, 	唐宫美人天下7	14	607	1723	18	853	-6	-27	1	1	1	230	400
148829, 	q421628632	15	566	730	201	7341	-8	-11	0.7	1	1	548	723
148829, 	z824542097	16	608	742	100	4722	-7	-17	1	1	1	522	502
148829, 	狂战天下star0	17	526	642	151	5616	-12	-12	1	1	1	493	181
148829, 	Magic丶疯龙	18	622	631	169	5034	-12	-12	1	1	1	418	728
148829, 	风吹走了落叶	19	601	729	84	2446	-12	-16	1	1	1	309	431
148829, 	右耳钉丶残恋	20	589	744	64	636	-12	-17	1	1	1	529	625
148829, ***************以下是开局时的匹配信息****************
148829, 	玩家名	controlid	天梯10V10竞技积分	普通匹配10V10竞技积分	天梯10V10局数	普通10V10局数	组队系数	组队后匹配信息	消费信息	局质量
148829, 	狼牙将士;font=397651064;a=255;r=138;g=133;b=78;|return=5|;|text=a酱油的面	1	623	706	32	4352	1	623	993	100
148829, 	狼牙将士;font=397651064;a=255;r=138;g=133;b=78;|return=5|;|text=夺命农夫	2	631	732	41	1237	1	631	822	100
148829, 	狼牙将士;font=397651064;a=255;r=138;g=133;b=78;|return=5|;|text=hb落叶2	3	625	681	115	4290	1	625	341	100
148829, 	狼牙将士;font=397651064;a=255;r=138;g=133;b=78;|return=5|;|text=大大肉虫	4	644	743	65	2396	1	644	720	100
148829, 	狼牙将士;font=397651064;a=255;r=138;g=133;b=78;|return=5|;|text=zxc52283877	5	551	715	139	5081	1	551	579	100
148829, 	狼牙将士;font=397651064;a=255;r=138;g=133;b=78;|return=5|;|text=流水落花春落去	6	616	805	189	1772	1	616	734	100
148829, 	狼牙将士;font=397651064;a=255;r=138;g=133;b=78;|return=5|;|text=随风少不了落叶	7	626	788	95	2757	1	626	526	100
148829, 	狼牙将士;font=397651064;a=255;r=138;g=133;b=78;|return=5|;|text=每月硬2次	8	613	715	115	3103	1	613	453	100
148829, 	狼牙将士;font=397651064;a=255;r=138;g=133;b=78;|return=5|;|text=逐丶翼	9	570	664	52	1580	1	570	743	100
148829, 	狼牙将士;font=397651064;a=255;r=138;g=133;b=78;|return=5|;|text=肾宝味道好极老	10	600	748	57	3057	1	600	537	100
148829, 	狼牙将士;font=397651064;a=255;r=138;g=133;b=78;|return=5|;|text=搞死战龙618	11	568	694	124	4948	1	568	1513	100
148829, 	狼牙将士;font=397651064;a=255;r=138;g=133;b=78;|return=5|;|text=Q愤怒的小鸟Q	12	614	601	111	7655	1	614	294	100
148829, 	狼牙将士;font=397651064;a=255;r=138;g=133;b=78;|return=5|;|text=q345697223	13	612	725	87	531	1	612	864	100
148829, 	狼牙将士;font=397651064;a=255;r=138;g=133;b=78;|return=5|;|text=唐宫美人天下7	14	607	1723	18	853	1	607	359	100
148829, 	狼牙将士;font=397651064;a=255;r=138;g=133;b=78;|return=5|;|text=q421628632	15	566	730	201	7341	1	566	722	100
148829, 	狼牙将士;font=397651064;a=255;r=138;g=133;b=78;|return=5|;|text=z824542097	16	608	742	100	4722	1	608	435	100
148829, 	衍哥带你飞	17	551	699	199	937	1	551	846	100
148829, 	狼牙将士;font=397651064;a=255;r=138;g=133;b=78;|return=5|;|text=Magic丶疯龙	18	622	631	169	5034	1	622	697	100
148829, 	狼牙将士;font=397651064;a=255;r=138;g=133;b=78;|return=5|;|text=风吹走了落叶	19	601	729	84	2446	1	601	496	100
148829, 	狼牙将士;font=397651064;a=255;r=138;g=133;b=78;|return=5|;|text=右耳钉丶残恋	20	589	744	64	636	1	589	604	100
148829, 更详细的记录在eloScore
