148829, control_id = 1
148829, MyMVP = 582
148829, Midmvp = 427
148829, iswin = 1
148829, control_id = 1
148829, MyMVP = 582
148829, Midmvp = 427
148829, iswin = 1
148829, control_id = 2
148829, MyMVP = 471
148829, Midmvp = 427
148829, iswin = 1
148829, control_id = 2
148829, MyMVP = 471
148829, Midmvp = 427
148829, iswin = 1
148829, control_id = 3
148829, MyMVP = 293
148829, Midmvp = 427
148829, iswin = 1
148829, control_id = 3
148829, MyMVP = 293
148829, Midmvp = 427
148829, iswin = 1
148829, control_id = 4
148829, MyMVP = 372
148829, Midmvp = 427
148829, iswin = 1
148829, control_id = 4
148829, MyMVP = 372
148829, Midmvp = 427
148829, iswin = 1
148829, control_id = 5
148829, MyMVP = 569
148829, Midmvp = 427
148829, iswin = 1
148829, control_id = 5
148829, MyMVP = 569
148829, Midmvp = 427
148829, iswin = 1
148829, control_id = 6
148829, MyMVP = 354
148829, Midmvp = 427
148829, iswin = 1
148829, control_id = 6
148829, MyMVP = 354
148829, Midmvp = 427
148829, iswin = 1
148829, control_id = 7
148829, MyMVP = 581
148829, Midmvp = 427
148829, iswin = 1
148829, control_id = 7
148829, MyMVP = 581
148829, Midmvp = 427
148829, iswin = 1
148829, control_id = 8
148829, MyMVP = 348
148829, Midmvp = 427
148829, iswin = 1
148829, control_id = 8
148829, MyMVP = 348
148829, Midmvp = 427
148829, iswin = 1
148829, control_id = 9
148829, MyMVP = 427
148829, Midmvp = 427
148829, iswin = 1
148829, control_id = 9
148829, MyMVP = 427
148829, Midmvp = 427
148829, iswin = 1
148829, control_id = 10
148829, MyMVP = 553
148829, Midmvp = 427
148829, iswin = 1
148829, control_id = 10
148829, MyMVP = 553
148829, Midmvp = 427
148829, iswin = 1
148829, control_id = 11
148829, MyMVP = 463
148829, Midmvp = 493
148829, iswin = 0
148829, control_id = 11
148829, MyMVP = 463
148829, Midmvp = 493
148829, iswin = 0
148829, control_id = 12
148829, MyMVP = 761
148829, Midmvp = 493
148829, iswin = 0
148829, control_id = 12
148829, MyMVP = 761
148829, Midmvp = 493
148829, iswin = 0
148829, control_id = 13
148829, MyMVP = 646
148829, Midmvp = 493
148829, iswin = 0
148829, control_id = 13
148829, MyMVP = 646
148829, Midmvp = 493
148829, iswin = 0
148829, control_id = 14
148829, MyMVP = 230
148829, Midmvp = 493
148829, iswin = 0
148829, control_id = 14
148829, MyMVP = 230
148829, Midmvp = 493
148829, iswin = 0
148829, control_id = 15
148829, MyMVP = 548
148829, Midmvp = 493
148829, iswin = 0
148829, control_id = 15
148829, MyMVP = 548
148829, Midmvp = 493
148829, iswin = 0
148829, control_id = 16
148829, MyMVP = 522
148829, Midmvp = 493
148829, iswin = 0
148829, control_id = 16
148829, MyMVP = 522
148829, Midmvp = 493
148829, iswin = 0
148829, control_id = 17
148829, MyMVP = 493
148829, Midmvp = 493
148829, iswin = 0
148829, control_id = 17
148829, MyMVP = 493
148829, Midmvp = 493
148829, iswin = 0
148829, control_id = 18
148829, MyMVP = 418
148829, Midmvp = 493
148829, iswin = 0
148829, control_id = 18
148829, MyMVP = 418
148829, Midmvp = 493
148829, iswin = 0
148829, control_id = 19
148829, MyMVP = 309
148829, Midmvp = 493
148829, iswin = 0
148829, control_id = 19
148829, MyMVP = 309
148829, Midmvp = 493
148829, iswin = 0
148829, control_id = 20
148829, MyMVP = 529
148829, Midmvp = 493
148829, iswin = 0
148829, control_id = 20
148829, MyMVP = 529
148829, Midmvp = 493
148829, iswin = 0
148829, control_id = 20
148829, MyMVP = 529
148829, Midmvp = 493
148829, iswin = 0
