5, ***************开局查询积分**********************
5, 玩家名：衍哥带你飞
5, 天梯10V10竞技积分 = 551
5, 普通匹配10V10竞技积分 = 699
5, 天梯10V10局数 = 199
5, 普通10V10局数 = 937
5, 预留 = 0
5, 段位 =  兵卒四等
5, ***************开局查询积分**********************
5, 玩家名：随风少不了落叶
5, 天梯10V10竞技积分 = 626
5, 普通匹配10V10竞技积分 = 788
5, 天梯10V10局数 = 95
5, 普通10V10局数 = 2757
5, 预留 = 52
5, 段位 =  兵卒三等
5, ***************开局查询积分**********************
5, 玩家名：每月硬2次
5, 天梯10V10竞技积分 = 613
5, 普通匹配10V10竞技积分 = 715
5, 天梯10V10局数 = 115
5, 普通10V10局数 = 3103
5, 预留 = 26
5, 段位 =  兵卒三等
5, ***************开局查询积分**********************
5, 玩家名：zxc52283877
5, 天梯10V10竞技积分 = 551
5, 普通匹配10V10竞技积分 = 715
5, 天梯10V10局数 = 139
5, 普通10V10局数 = 5081
5, 预留 = 0
5, 段位 =  兵卒四等
5, ***************开局查询积分**********************
5, 玩家名：hb落叶2
5, 天梯10V10竞技积分 = 625
5, 普通匹配10V10竞技积分 = 681
5, 天梯10V10局数 = 115
5, 普通10V10局数 = 4290
5, 预留 = 50
5, 段位 =  兵卒三等
5, ***************开局查询积分**********************
5, 玩家名：z824542097
5, 天梯10V10竞技积分 = 608
5, 普通匹配10V10竞技积分 = 742
5, 天梯10V10局数 = 100
5, 普通10V10局数 = 4722
5, 预留 = 16
5, 段位 =  兵卒三等
5, ***************开局查询积分**********************
5, 玩家名：大大肉虫
5, 天梯10V10竞技积分 = 644
5, 普通匹配10V10竞技积分 = 743
5, 天梯10V10局数 = 65
5, 普通10V10局数 = 2396
5, 预留 = 88
5, 段位 =  兵卒三等
5, ***************开局查询积分**********************
5, 玩家名：Magic丶疯龙
5, 天梯10V10竞技积分 = 622
5, 普通匹配10V10竞技积分 = 631
5, 天梯10V10局数 = 169
5, 普通10V10局数 = 5034
5, 预留 = 44
5, 段位 =  兵卒三等
5, ***************开局查询积分**********************
5, 玩家名：Q愤怒的小鸟Q
5, 天梯10V10竞技积分 = 614
5, 普通匹配10V10竞技积分 = 601
5, 天梯10V10局数 = 111
5, 普通10V10局数 = 7655
5, 预留 = 28
5, 段位 =  兵卒三等
5, ***************开局查询积分**********************
5, 玩家名：q345697223
5, 天梯10V10竞技积分 = 612
5, 普通匹配10V10竞技积分 = 725
5, 天梯10V10局数 = 87
5, 普通10V10局数 = 531
5, 预留 = 24
5, 段位 =  兵卒三等
5, ***************开局查询积分**********************
5, 玩家名：q421628632
5, 天梯10V10竞技积分 = 566
5, 普通匹配10V10竞技积分 = 730
5, 天梯10V10局数 = 201
5, 普通10V10局数 = 7341
5, 预留 = 32
5, 段位 =  兵卒四等
5, ***************开局查询积分**********************
5, 玩家名：风吹走了落叶
5, 天梯10V10竞技积分 = 601
5, 普通匹配10V10竞技积分 = 729
5, 天梯10V10局数 = 84
5, 普通10V10局数 = 2446
5, 预留 = 0
5, 段位 =  兵卒三等
5, ***************开局查询积分**********************
5, 玩家名：流水落花春落去
5, 天梯10V10竞技积分 = 616
5, 普通匹配10V10竞技积分 = 805
5, 天梯10V10局数 = 189
5, 普通10V10局数 = 1772
5, 预留 = 32
5, 段位 =  兵卒三等
5, ***************开局查询积分**********************
5, 玩家名：搞死战龙618
5, 天梯10V10竞技积分 = 568
5, 普通匹配10V10竞技积分 = 694
5, 天梯10V10局数 = 124
5, 普通10V10局数 = 4948
5, 预留 = 36
5, 段位 =  兵卒四等
5, ***************开局查询积分**********************
5, 玩家名：a酱油的面
5, 天梯10V10竞技积分 = 623
5, 普通匹配10V10竞技积分 = 706
5, 天梯10V10局数 = 32
5, 普通10V10局数 = 4352
5, 预留 = 46
5, 段位 =  兵卒三等
5, ***************开局查询积分**********************
5, 玩家名：逐丶翼
5, 天梯10V10竞技积分 = 570
5, 普通匹配10V10竞技积分 = 664
5, 天梯10V10局数 = 52
5, 普通10V10局数 = 1580
5, 预留 = 40
5, 段位 =  兵卒四等
5, ***************开局查询积分**********************
5, 玩家名：右耳钉丶残恋
5, 天梯10V10竞技积分 = 589
5, 普通匹配10V10竞技积分 = 744
5, 天梯10V10局数 = 64
5, 普通10V10局数 = 636
5, 预留 = 78
5, 段位 =  兵卒四等
5, ***************开局查询积分**********************
5, 玩家名：夺命农夫
5, 天梯10V10竞技积分 = 631
5, 普通匹配10V10竞技积分 = 732
5, 天梯10V10局数 = 41
5, 普通10V10局数 = 1237
5, 预留 = 62
5, 段位 =  兵卒三等
5, ***************开局查询积分**********************
5, 玩家名：唐宫美人天下7
5, 天梯10V10竞技积分 = 607
5, 普通匹配10V10竞技积分 = 1723
5, 天梯10V10局数 = 18
5, 普通10V10局数 = 853
5, 预留 = 14
5, 段位 =  兵卒三等
5, ***************开局查询积分**********************
5, 玩家名：肾宝味道好极老
5, 天梯10V10竞技积分 = 600
5, 普通匹配10V10竞技积分 = 748
5, 天梯10V10局数 = 57
5, 普通10V10局数 = 3057
5, 预留 = 100
5, 段位 =  兵卒四等
1269, ***************整理逃跑玩家信息**********************
1269, 玩家名：狼牙将士;font=397651064;a=255;r=138;g=133;b=78;|return=5|;|text=衍哥带你飞
1269, ELOSwitch = 1
1269, ELOkind = 2
1269, Add_Point = -15
1269, 天梯10V10竞技积分 = -24
1269, 普通匹配10V10竞技积分 = -15
1269, 天梯10V10局数 = 1
1269, 普通10V10局数 = 1
1269, 表现系数 = 1
1269, 波动系数 = 1
1269, 高分系数 = 1
1269, 消费信息 = 712
15929, ***************开局查询积分**********************
15929, 玩家名：唯影独爱
15929, 天梯10V10竞技积分 = 542
15929, 普通匹配10V10竞技积分 = 581
15929, 天梯10V10局数 = 75
15929, 普通10V10局数 = 2731
15929, 预留 = 84
15929, 段位 =  兵卒五等
16933, ***************开局查询积分**********************
16933, 玩家名：唯影独爱
16933, 天梯10V10竞技积分 = 542
16933, 普通匹配10V10竞技积分 = 581
16933, 天梯10V10局数 = 75
16933, 普通10V10局数 = 2731
16933, 预留 = 84
16933, 段位 =  兵卒五等
28037, ***************整理逃跑玩家信息**********************
28037, 玩家名：唯影独爱
28037, ELOSwitch = 1
28037, ELOkind = 2
28037, Add_Point = -10
28037, 天梯10V10竞技积分 = 0
28037, 普通匹配10V10竞技积分 = -10
28037, 天梯10V10局数 = 1
28037, 普通10V10局数 = 1
28037, 表现系数 = 1
28037, 波动系数 = 1
28037, 高分系数 = 1
28037, 消费信息 = 737
40141, ***************开局查询积分**********************
40141, 玩家名：狂战天下star0
40141, 天梯10V10竞技积分 = 526
40141, 普通匹配10V10竞技积分 = 642
40141, 天梯10V10局数 = 151
40141, 普通10V10局数 = 5616
40141, 预留 = 52
40141, 段位 =  兵卒五等
40377, ***************开局查询积分**********************
40377, 玩家名：狂战天下star0
40377, 天梯10V10竞技积分 = 526
40377, 普通匹配10V10竞技积分 = 642
40377, 天梯10V10局数 = 151
40377, 普通10V10局数 = 5616
40377, 预留 = 52
40377, 段位 =  兵卒五等
148549, ***************开局查询积分**********************
148549, 玩家名：狼牙将士;font=397651064;a=255;r=138;g=133;b=78;|return=5|;|text=搞死战龙618
148549, 天梯10V10竞技积分 = 568
148549, 普通匹配10V10竞技积分 = 694
148549, 天梯10V10局数 = 124
148549, 普通10V10局数 = 4948
148549, 预留 = 36
148549, 段位 =  兵卒四等
148553, ***************开局查询积分**********************
148553, 玩家名：狼牙将士;font=397651064;a=255;r=138;g=133;b=78;|return=5|;|text=逐丶翼
148553, 天梯10V10竞技积分 = 570
148553, 普通匹配10V10竞技积分 = 664
148553, 天梯10V10局数 = 52
148553, 普通10V10局数 = 1580
148553, 预留 = 40
148553, 段位 =  兵卒四等
148553, ***************开局查询积分**********************
148553, 玩家名：狼牙将士;font=397651064;a=255;r=138;g=133;b=78;|return=5|;|text=Q愤怒的小鸟Q
148553, 天梯10V10竞技积分 = 614
148553, 普通匹配10V10竞技积分 = 601
148553, 天梯10V10局数 = 111
148553, 普通10V10局数 = 7655
148553, 预留 = 28
148553, 段位 =  兵卒三等
148553, ***************开局查询积分**********************
148553, 玩家名：狼牙将士;font=397651064;a=255;r=138;g=133;b=78;|return=5|;|text=大大肉虫
148553, 天梯10V10竞技积分 = 644
148553, 普通匹配10V10竞技积分 = 743
148553, 天梯10V10局数 = 65
148553, 普通10V10局数 = 2396
148553, 预留 = 88
148553, 段位 =  兵卒三等
148553, ***************开局查询积分**********************
148553, 玩家名：狼牙将士;font=397651064;a=255;r=138;g=133;b=78;|return=5|;|text=z824542097
148553, 天梯10V10竞技积分 = 608
148553, 普通匹配10V10竞技积分 = 742
148553, 天梯10V10局数 = 100
148553, 普通10V10局数 = 4722
148553, 预留 = 16
148553, 段位 =  兵卒三等
148553, ***************开局查询积分**********************
148553, 玩家名：狼牙将士;font=397651064;a=255;r=138;g=133;b=78;|return=5|;|text=随风少不了落叶
148553, 天梯10V10竞技积分 = 626
148553, 普通匹配10V10竞技积分 = 788
148553, 天梯10V10局数 = 95
148553, 普通10V10局数 = 2757
148553, 预留 = 52
148553, 段位 =  兵卒三等
148553, ***************开局查询积分**********************
148553, 玩家名：狼牙将士;font=397651064;a=255;r=138;g=133;b=78;|return=5|;|text=Magic丶疯龙
148553, 天梯10V10竞技积分 = 622
148553, 普通匹配10V10竞技积分 = 631
148553, 天梯10V10局数 = 169
148553, 普通10V10局数 = 5034
148553, 预留 = 44
148553, 段位 =  兵卒三等
148553, ***************开局查询积分**********************
148553, 玩家名：狼牙将士;font=397651064;a=255;r=138;g=133;b=78;|return=5|;|text=zxc52283877
148553, 天梯10V10竞技积分 = 551
148553, 普通匹配10V10竞技积分 = 715
148553, 天梯10V10局数 = 139
148553, 普通10V10局数 = 5081
148553, 预留 = 0
148553, 段位 =  兵卒四等
148553, ***************开局查询积分**********************
148553, 玩家名：狼牙将士;font=397651064;a=255;r=138;g=133;b=78;|return=5|;|text=风吹走了落叶
148553, 天梯10V10竞技积分 = 601
148553, 普通匹配10V10竞技积分 = 729
148553, 天梯10V10局数 = 84
148553, 普通10V10局数 = 2446
148553, 预留 = 0
148553, 段位 =  兵卒三等
148553, ***************开局查询积分**********************
148553, 玩家名：狼牙将士;font=397651064;a=255;r=138;g=133;b=78;|return=5|;|text=右耳钉丶残恋
148553, 天梯10V10竞技积分 = 589
148553, 普通匹配10V10竞技积分 = 744
148553, 天梯10V10局数 = 64
148553, 普通10V10局数 = 636
148553, 预留 = 78
148553, 段位 =  兵卒四等
148553, ***************开局查询积分**********************
148553, 玩家名：狼牙将士;font=397651064;a=255;r=138;g=133;b=78;|return=5|;|text=流水落花春落去
148553, 天梯10V10竞技积分 = 616
148553, 普通匹配10V10竞技积分 = 805
148553, 天梯10V10局数 = 189
148553, 普通10V10局数 = 1772
148553, 预留 = 32
148553, 段位 =  兵卒三等
148553, ***************开局查询积分**********************
148553, 玩家名：狂战天下star0
148553, 天梯10V10竞技积分 = 526
148553, 普通匹配10V10竞技积分 = 642
148553, 天梯10V10局数 = 151
148553, 普通10V10局数 = 5616
148553, 预留 = 52
148553, 段位 =  兵卒五等
148553, ***************开局查询积分**********************
148553, 玩家名：狼牙将士;font=397651064;a=255;r=138;g=133;b=78;|return=5|;|text=肾宝味道好极老
148553, 天梯10V10竞技积分 = 600
148553, 普通匹配10V10竞技积分 = 748
148553, 天梯10V10局数 = 57
148553, 普通10V10局数 = 3057
148553, 预留 = 100
148553, 段位 =  兵卒四等
148553, ***************开局查询积分**********************
148553, 玩家名：狼牙将士;font=397651064;a=255;r=138;g=133;b=78;|return=5|;|text=唐宫美人天下7
148553, 天梯10V10竞技积分 = 607
148553, 普通匹配10V10竞技积分 = 1723
148553, 天梯10V10局数 = 18
148553, 普通10V10局数 = 853
148553, 预留 = 14
148553, 段位 =  兵卒三等
148553, ***************开局查询积分**********************
148553, 玩家名：狼牙将士;font=397651064;a=255;r=138;g=133;b=78;|return=5|;|text=hb落叶2
148553, 天梯10V10竞技积分 = 625
148553, 普通匹配10V10竞技积分 = 681
148553, 天梯10V10局数 = 115
148553, 普通10V10局数 = 4290
148553, 预留 = 50
148553, 段位 =  兵卒三等
148557, ***************开局查询积分**********************
148557, 玩家名：狼牙将士;font=397651064;a=255;r=138;g=133;b=78;|return=5|;|text=q345697223
148557, 天梯10V10竞技积分 = 612
148557, 普通匹配10V10竞技积分 = 725
148557, 天梯10V10局数 = 87
148557, 普通10V10局数 = 531
148557, 预留 = 24
148557, 段位 =  兵卒三等
148557, ***************开局查询积分**********************
148557, 玩家名：狼牙将士;font=397651064;a=255;r=138;g=133;b=78;|return=5|;|text=夺命农夫
148557, 天梯10V10竞技积分 = 631
148557, 普通匹配10V10竞技积分 = 732
148557, 天梯10V10局数 = 41
148557, 普通10V10局数 = 1237
148557, 预留 = 62
148557, 段位 =  兵卒三等
148565, ***************开局查询积分**********************
148565, 玩家名：狼牙将士;font=397651064;a=255;r=138;g=133;b=78;|return=5|;|text=a酱油的面
148565, 天梯10V10竞技积分 = 623
148565, 普通匹配10V10竞技积分 = 706
148565, 天梯10V10局数 = 32
148565, 普通10V10局数 = 4352
148565, 预留 = 46
148565, 段位 =  兵卒三等
148565, ***************开局查询积分**********************
148565, 玩家名：狼牙将士;font=397651064;a=255;r=138;g=133;b=78;|return=5|;|text=每月硬2次
148565, 天梯10V10竞技积分 = 613
148565, 普通匹配10V10竞技积分 = 715
148565, 天梯10V10局数 = 115
148565, 普通10V10局数 = 3103
148565, 预留 = 26
148565, 段位 =  兵卒三等
148577, ***************开局查询积分**********************
148577, 玩家名：狼牙将士;font=397651064;a=255;r=138;g=133;b=78;|return=5|;|text=q421628632
148577, 天梯10V10竞技积分 = 566
148577, 普通匹配10V10竞技积分 = 730
148577, 天梯10V10局数 = 201
148577, 普通10V10局数 = 7341
148577, 预留 = 32
148577, 段位 =  兵卒四等
148829, 消费信息 = 1067
148829, ***************整理正常玩家信息**********************
148829, 玩家名：狼牙将士;font=397651064;a=255;r=138;g=133;b=78;|return=5|;|text=a酱油的面
148829, ELOSwitch = 1
148829, ELOkind = 2
148829, Add_Point = 40
148829, 天梯10V10竞技积分 = 24
148829, 普通匹配10V10竞技积分 = 40
148829, 天梯10V10局数 = 1
148829, 普通10V10局数 = 1
148829, 表现系数 = 1
148829, 波动系数 = 1
148829, 高分系数 = 1
148829, 消费信息 = 853
148829, ***************整理正常玩家信息**********************
148829, 玩家名：狼牙将士;font=397651064;a=255;r=138;g=133;b=78;|return=5|;|text=夺命农夫
148829, ELOSwitch = 1
148829, ELOkind = 2
148829, Add_Point = 19
148829, 天梯10V10竞技积分 = 12
148829, 普通匹配10V10竞技积分 = 19
148829, 天梯10V10局数 = 1
148829, 普通10V10局数 = 1
148829, 表现系数 = 1
148829, 波动系数 = 1
148829, 高分系数 = 1
148829, 消费信息 = 367
148829, ***************整理正常玩家信息**********************
148829, 玩家名：狼牙将士;font=397651064;a=255;r=138;g=133;b=78;|return=5|;|text=hb落叶2
148829, ELOSwitch = 1
148829, ELOkind = 2
148829, Add_Point = 21
148829, 天梯10V10竞技积分 = 12
148829, 普通匹配10V10竞技积分 = 21
148829, 天梯10V10局数 = 1
148829, 普通10V10局数 = 1
148829, 表现系数 = 1
148829, 波动系数 = 1
148829, 高分系数 = 1
148829, 消费信息 = 727
148829, ***************整理正常玩家信息**********************
148829, 玩家名：狼牙将士;font=397651064;a=255;r=138;g=133;b=78;|return=5|;|text=大大肉虫
148829, ELOSwitch = 1
148829, ELOkind = 2
148829, Add_Point = 18
148829, 天梯10V10竞技积分 = 6
148829, 普通匹配10V10竞技积分 = 18
148829, 天梯10V10局数 = 1
148829, 普通10V10局数 = 1
148829, 表现系数 = 1
148829, 波动系数 = 1
148829, 高分系数 = 1
148829, 消费信息 = 642
148829, ***************整理正常玩家信息**********************
148829, 玩家名：狼牙将士;font=397651064;a=255;r=138;g=133;b=78;|return=5|;|text=zxc52283877
148829, ELOSwitch = 1
148829, ELOkind = 2
148829, Add_Point = 24
148829, 天梯10V10竞技积分 = 14
148829, 普通匹配10V10竞技积分 = 24
148829, 天梯10V10局数 = 1
148829, 普通10V10局数 = 1
148829, 表现系数 = 1
148829, 波动系数 = 1
148829, 高分系数 = 1
148829, 消费信息 = 735
148829, ***************整理正常玩家信息**********************
148829, 玩家名：狼牙将士;font=397651064;a=255;r=138;g=133;b=78;|return=5|;|text=流水落花春落去
148829, ELOSwitch = 1
148829, ELOkind = 2
148829, Add_Point = 16
148829, 天梯10V10竞技积分 = 12
148829, 普通匹配10V10竞技积分 = 16
148829, 天梯10V10局数 = 1
148829, 普通10V10局数 = 1
148829, 表现系数 = 1
148829, 波动系数 = 1
148829, 高分系数 = 1
148829, 消费信息 = 576
148829, ***************整理正常玩家信息**********************
148829, 玩家名：狼牙将士;font=397651064;a=255;r=138;g=133;b=78;|return=5|;|text=随风少不了落叶
148829, ELOSwitch = 1
148829, ELOkind = 2
148829, Add_Point = 25
148829, 天梯10V10竞技积分 = 18
148829, 普通匹配10V10竞技积分 = 25
148829, 天梯10V10局数 = 1
148829, 普通10V10局数 = 1
148829, 表现系数 = 1
148829, 波动系数 = 1
148829, 高分系数 = 1
148829, 消费信息 = 455
148829, ***************整理正常玩家信息**********************
148829, 玩家名：狼牙将士;font=397651064;a=255;r=138;g=133;b=78;|return=5|;|text=每月硬2次
148829, ELOSwitch = 1
148829, ELOkind = 2
148829, Add_Point = 20
148829, 天梯10V10竞技积分 = 12
148829, 普通匹配10V10竞技积分 = 20
148829, 天梯10V10局数 = 1
148829, 普通10V10局数 = 1
148829, 表现系数 = 1
148829, 波动系数 = 1
148829, 高分系数 = 1
148829, 消费信息 = 703
148829, ***************整理正常玩家信息**********************
148829, 玩家名：狼牙将士;font=397651064;a=255;r=138;g=133;b=78;|return=5|;|text=逐丶翼
148829, ELOSwitch = 1
148829, ELOkind = 2
148829, Add_Point = 22
148829, 天梯10V10竞技积分 = 12
148829, 普通匹配10V10竞技积分 = 22
148829, 天梯10V10局数 = 1
148829, 普通10V10局数 = 1
148829, 表现系数 = 1
148829, 波动系数 = 1
148829, 高分系数 = 1
148829, 消费信息 = 626
148829, ***************整理正常玩家信息**********************
148829, 玩家名：狼牙将士;font=397651064;a=255;r=138;g=133;b=78;|return=5|;|text=肾宝味道好极老
148829, ELOSwitch = 1
148829, ELOkind = 2
148829, Add_Point = 18
148829, 天梯10V10竞技积分 = 12
148829, 普通匹配10V10竞技积分 = 18
148829, 天梯10V10局数 = 1
148829, 普通10V10局数 = 1
148829, 表现系数 = 1
148829, 波动系数 = 1
148829, 高分系数 = 1
148829, 消费信息 = 1534
148829, ***************整理正常玩家信息**********************
148829, 玩家名：狼牙将士;font=397651064;a=255;r=138;g=133;b=78;|return=5|;|text=搞死战龙618
148829, ELOSwitch = 1
148829, ELOkind = 2
148829, Add_Point = -14
148829, 天梯10V10竞技积分 = -12
148829, 普通匹配10V10竞技积分 = -14
148829, 天梯10V10局数 = 1
148829, 普通10V10局数 = 1
148829, 表现系数 = 1
148829, 波动系数 = 1
148829, 高分系数 = 1
148829, 消费信息 = 357
148829, ***************整理正常玩家信息**********************
148829, 玩家名：狼牙将士;font=397651064;a=255;r=138;g=133;b=78;|return=5|;|text=Q愤怒的小鸟Q
148829, ELOSwitch = 1
148829, ELOkind = 2
148829, Add_Point = -5
148829, 天梯10V10竞技积分 = -6
148829, 普通匹配10V10竞技积分 = -5
148829, 天梯10V10局数 = 1
148829, 普通10V10局数 = 1
148829, 表现系数 = 1
148829, 波动系数 = 1
148829, 高分系数 = 1
148829, 消费信息 = 968
148829, ***************整理正常玩家信息**********************
148829, 玩家名：狼牙将士;font=397651064;a=255;r=138;g=133;b=78;|return=5|;|text=q345697223
148829, ELOSwitch = 1
148829, ELOkind = 2
148829, Add_Point = -9
148829, 天梯10V10竞技积分 = -7
148829, 普通匹配10V10竞技积分 = -9
148829, 天梯10V10局数 = 1
148829, 普通10V10局数 = 1
148829, 表现系数 = 1
148829, 波动系数 = 1
148829, 高分系数 = 1
148829, 消费信息 = 400
148829, ***************整理正常玩家信息**********************
148829, 玩家名：狼牙将士;font=397651064;a=255;r=138;g=133;b=78;|return=5|;|text=唐宫美人天下7
148829, ELOSwitch = 1
148829, ELOkind = 2
148829, Add_Point = -27
148829, 天梯10V10竞技积分 = -6
148829, 普通匹配10V10竞技积分 = -27
148829, 天梯10V10局数 = 1
148829, 普通10V10局数 = 1
148829, 表现系数 = 1
148829, 波动系数 = 1
148829, 高分系数 = 1
148829, 消费信息 = 723
148829, ***************整理正常玩家信息**********************
148829, 玩家名：狼牙将士;font=397651064;a=255;r=138;g=133;b=78;|return=5|;|text=q421628632
148829, ELOSwitch = 1
148829, ELOkind = 2
148829, Add_Point = -11
148829, 天梯10V10竞技积分 = -8
148829, 普通匹配10V10竞技积分 = -11
148829, 天梯10V10局数 = 1
148829, 普通10V10局数 = 1
148829, 表现系数 = 1
148829, 波动系数 = 1
148829, 高分系数 = 1
148829, 消费信息 = 502
148829, ***************整理正常玩家信息**********************
148829, 玩家名：狼牙将士;font=397651064;a=255;r=138;g=133;b=78;|return=5|;|text=z824542097
148829, ELOSwitch = 1
148829, ELOkind = 2
148829, Add_Point = -17
148829, 天梯10V10竞技积分 = -7
148829, 普通匹配10V10竞技积分 = -17
148829, 天梯10V10局数 = 1
148829, 普通10V10局数 = 1
148829, 表现系数 = 1
148829, 波动系数 = 1
148829, 高分系数 = 1
148829, 消费信息 = 181
148829, ***************整理正常玩家信息**********************
148829, 玩家名：狂战天下star0
148829, ELOSwitch = 1
148829, ELOkind = 2
148829, Add_Point = -12
148829, 天梯10V10竞技积分 = -12
148829, 普通匹配10V10竞技积分 = -12
148829, 天梯10V10局数 = 1
148829, 普通10V10局数 = 1
148829, 表现系数 = 1
148829, 波动系数 = 1
148829, 高分系数 = 1
148829, 消费信息 = 728
148829, ***************整理正常玩家信息**********************
148829, 玩家名：狼牙将士;font=397651064;a=255;r=138;g=133;b=78;|return=5|;|text=Magic丶疯龙
148829, ELOSwitch = 1
148829, ELOkind = 2
148829, Add_Point = -12
148829, 天梯10V10竞技积分 = -12
148829, 普通匹配10V10竞技积分 = -12
148829, 天梯10V10局数 = 1
148829, 普通10V10局数 = 1
148829, 表现系数 = 1
148829, 波动系数 = 1
148829, 高分系数 = 1
148829, 消费信息 = 431
148829, ***************整理正常玩家信息**********************
148829, 玩家名：狼牙将士;font=397651064;a=255;r=138;g=133;b=78;|return=5|;|text=风吹走了落叶
148829, ELOSwitch = 1
148829, ELOkind = 2
148829, Add_Point = -16
148829, 天梯10V10竞技积分 = -12
148829, 普通匹配10V10竞技积分 = -16
148829, 天梯10V10局数 = 1
148829, 普通10V10局数 = 1
148829, 表现系数 = 1
148829, 波动系数 = 1
148829, 高分系数 = 1
148829, 消费信息 = 625
148829, ***************整理正常玩家信息**********************
148829, 玩家名：狼牙将士;font=397651064;a=255;r=138;g=133;b=78;|return=5|;|text=右耳钉丶残恋
148829, ELOSwitch = 1
148829, ELOkind = 2
148829, Add_Point = -17
148829, 天梯10V10竞技积分 = -12
148829, 普通匹配10V10竞技积分 = -17
148829, 天梯10V10局数 = 1
148829, 普通10V10局数 = 1
148829, 表现系数 = 1
148829, 波动系数 = 1
148829, 高分系数 = 1
148829, ***************整理正常玩家信息**********************
148829, 玩家名：蜀国
148829, ELOSwitch = 1
148829, ELOkind = 1
148829, Add_Point = 0
148829, 天梯10V10竞技积分 = 0
148829, 普通匹配10V10竞技积分 = 0
148829, 天梯10V10局数 = 1
148829, 普通10V10局数 = 0
148829, 表现系数 = 1
148829, 波动系数 = 1
148829, 高分系数 = 1
148829, ***************整理正常玩家信息**********************
148829, 玩家名：魏国
148829, ELOSwitch = 1
148829, ELOkind = 1
148829, Add_Point = 0
148829, 天梯10V10竞技积分 = 0
148829, 普通匹配10V10竞技积分 = 0
148829, 天梯10V10局数 = 1
148829, 普通10V10局数 = 0
148829, 表现系数 = 1
148829, 波动系数 = 1
148829, 高分系数 = 1
148829, ***************整理正常玩家信息**********************
148829, 玩家名：中立敌对
148829, ELOSwitch = 1
148829, ELOkind = 1
148829, Add_Point = 0
148829, 天梯10V10竞技积分 = 0
148829, 普通匹配10V10竞技积分 = 0
148829, 天梯10V10局数 = 1
148829, 普通10V10局数 = 0
148829, 表现系数 = 1
148829, 波动系数 = 1
148829, 高分系数 = 1
148829, ***************整理正常玩家信息**********************
148829, 玩家名：中立无敌意
148829, ELOSwitch = 1
148829, ELOkind = 1
148829, Add_Point = 0
148829, 天梯10V10竞技积分 = 0
148829, 普通匹配10V10竞技积分 = 0
148829, 天梯10V10局数 = 1
148829, 普通10V10局数 = 0
148829, 表现系数 = 1
148829, 波动系数 = 1
148829, 高分系数 = 1
