5, 查询到的结果0
5, 付费积分 = 846
5, 查询到的结果0
5, 付费积分 = 526
5, 查询到的结果0
5, 付费积分 = 453
5, 查询到的结果0
5, 付费积分 = 579
5, 查询到的结果0
5, 付费积分 = 341
5, 查询到的结果0
5, 付费积分 = 435
5, 查询到的结果0
5, 付费积分 = 720
5, 查询到的结果0
5, 付费积分 = 697
5, 查询到的结果0
5, 付费积分 = 294
5, 查询到的结果0
5, 付费积分 = 864
5, 查询到的结果0
5, 付费积分 = 722
5, 查询到的结果720937
5, 付费积分 = 496
5, 查询到的结果0
5, 付费积分 = 734
5, 查询到的结果262152
5, 付费积分 = 1513
5, 查询到的结果0
5, 付费积分 = 993
5, 查询到的结果0
5, 付费积分 = 743
5, 查询到的结果4
5, 付费积分 = 604
5, 查询到的结果5
5, 付费积分 = 822
5, 查询到的结果0
5, 付费积分 = 359
5, 查询到的结果0
5, 付费积分 = 537
605, Check_Herostyle control =2, unit_id=188 , style=0
609, Check_Herostyle control =7, unit_id=85 , style=0
621, Check_Herostyle control =17, unit_id=149 , style=0
681, Check_Herostyle control =6, unit_id=255 , style=0
745, Check_Herostyle control =13, unit_id=223 , style=0
809, Check_Herostyle control =20, unit_id=262 , style=0
817, Check_Herostyle control =11, unit_id=277 , style=0
857, Check_Herostyle control =16, unit_id=141 , style=0
1125, Check_Herostyle control =10, unit_id=60 , style=0
1133, Check_Herostyle control =9, unit_id=146 , style=0
1201, Check_Herostyle control =19, unit_id=261 , style=0
1217, Check_Herostyle control =5, unit_id=180 , style=0
1465, Check_Herostyle control =12, unit_id=218 , style=0
1545, Check_Herostyle control =8, unit_id=337 , style=0
2637, Check_Herostyle control =3, unit_id=204 , style=0
2885, Check_Herostyle control =1, unit_id=276 , style=0
3105, Check_Herostyle control =14, unit_id=315 , style=0
3401, Check_Herostyle control =15, unit_id=328 , style=0
5261, Check_Herostyle control =4, unit_id=259 , style=0
10489, Check_Herostyle control =18, unit_id=193 , style=0
15929, 查询到的结果5
15929, 付费积分 = 741
16933, 查询到的结果5
16933, 付费积分 = 741
40141, 查询到的结果0
40141, 付费积分 = 181
40377, 查询到的结果0
40377, 付费积分 = 181
148549, 查询到的结果262152
148549, 付费积分 = 1513
148553, 查询到的结果0
148553, 付费积分 = 743
148553, 查询到的结果0
148553, 付费积分 = 294
148553, 查询到的结果0
148553, 付费积分 = 720
148553, 查询到的结果0
148553, 付费积分 = 435
148553, 查询到的结果0
148553, 付费积分 = 526
148553, 查询到的结果0
148553, 付费积分 = 697
148553, 查询到的结果0
148553, 付费积分 = 579
148553, 查询到的结果720937
148553, 付费积分 = 496
148553, 查询到的结果4
148553, 付费积分 = 604
148553, 查询到的结果0
148553, 付费积分 = 734
148553, 查询到的结果0
148553, 付费积分 = 181
148553, 查询到的结果0
148553, 付费积分 = 537
148553, 查询到的结果0
148553, 付费积分 = 359
148553, 查询到的结果0
148553, 付费积分 = 341
148557, 查询到的结果0
148557, 付费积分 = 864
148557, 查询到的结果5
148557, 付费积分 = 822
148565, 查询到的结果0
148565, 付费积分 = 993
148565, 查询到的结果0
148565, 付费积分 = 453
148577, 查询到的结果0
148577, 付费积分 = 722
148829, uploadScore       in
148829, uploadScore      in score2
148829, pcs;108;246;93;128;84;243;208;13;208;212;239;146;30;136;201;27
148829, uploadScore       return
148829, uploadScore       done
