0, Loading 新武勋大段：1,  小段：3,  玩家：1
0, Loading 新武勋大段：1,  小段：3,  玩家：2
0, Loading 新武勋大段：1,  小段：3,  玩家：3
0, Loading 新武勋大段：1,  小段：3,  玩家：4
0, Loading 新武勋大段：1,  小段：4,  玩家：5
0, Loading 新武勋大段：1,  小段：3,  玩家：6
0, Loading 新武勋大段：1,  小段：4,  玩家：7
0, Loading 新武勋大段：1,  小段：3,  玩家：8
0, Loading 新武勋大段：1,  小段：4,  玩家：9
0, Loading 新武勋大段：1,  小段：4,  玩家：10
0, Loading 新武勋大段：1,  小段：4,  玩家：11
0, Loading 新武勋大段：1,  小段：3,  玩家：12
0, Loading 新武勋大段：1,  小段：3,  玩家：13
0, Loading 新武勋大段：1,  小段：3,  玩家：14
0, Loading 新武勋大段：1,  小段：4,  玩家：15
0, Loading 新武勋大段：1,  小段：3,  玩家：16
0, Loading 新武勋大段：1,  小段：4,  玩家：17
0, Loading 新武勋大段：1,  小段：3,  玩家：18
0, Loading 新武勋大段：1,  小段：3,  玩家：19
0, Loading 新武勋大段：1,  小段：4,  玩家：20
989, CheckSpeItemWorkEvent 1 Item_id =6
1021, CheckSpeItemWorkEvent 1 Item_id =25
1101, CheckSpeItemWorkEvent 1 Item_id =6
1157, CheckSpeItemWorkEvent 1 Item_id =25
1181, CheckSpeItemWorkEvent 1 Item_id =6
1185, CheckSpeItemWorkEvent 1 Item_id =6
1209, CheckSpeItemWorkEvent 1 Item_id =24
1269, GetSpeItemAdd 游戏时间不满20分钟， control_id=17
1269, 游戏时间不足，不进行异常局处理
1525, CheckSpeItemWorkEvent 1 Item_id =6
1541, CheckSpeItemWorkEvent 1 Item_id =24
1565, CheckSpeItemWorkEvent 1 Item_id =376
1565, CheckSpeItemWorkEvent 1 Item_id =25
1593, CheckSpeItemWorkEvent 1 Item_id =380
1741, CheckSpeItemWorkEvent 1 Item_id =6
1781, CheckSpeItemWorkEvent 1 Item_id =24
1813, CheckSpeItemWorkEvent 1 Item_id =25
1913, CheckSpeItemWorkEvent 1 Item_id =6
1917, CheckSpeItemWorkEvent 1 Item_id =6
1953, CheckSpeItemWorkEvent 1 Item_id =6
1973, CheckSpeItemWorkEvent 1 Item_id =376
2021, CheckSpeItemWorkEvent 1 Item_id =380
2021, CheckSpeItemWorkEvent 1 Item_id =108
2041, CheckSpeItemWorkEvent 1 Item_id =108
2061, CheckSpeItemWorkEvent 1 Item_id =108
2085, CheckSpeItemWorkEvent 1 Item_id =25
2309, CheckSpeItemWorkEvent 1 Item_id =25
2513, CheckSpeItemWorkEvent 1 Item_id =6
2533, CheckSpeItemWorkEvent 1 Item_id =24
2545, CheckSpeItemWorkEvent 1 Item_id =6
2561, CheckSpeItemWorkEvent 1 Item_id =25
2585, CheckSpeItemWorkEvent 1 Item_id =25
2605, CheckSpeItemWorkEvent 1 Item_id =25
2625, CheckSpeItemWorkEvent 1 Item_id =25
2657, CheckSpeItemWorkEvent 1 Item_id =25
2881, CheckSpeItemWorkEvent 1 Item_id =6
2933, CheckSpeItemWorkEvent 1 Item_id =24
2937, CheckSpeItemWorkEvent 1 Item_id =6
2969, CheckSpeItemWorkEvent 1 Item_id =25
2993, CheckSpeItemWorkEvent 1 Item_id =25
3141, CheckSpeItemWorkEvent 1 Item_id =25
3153, CheckSpeItemWorkEvent 1 Item_id =31
3173, CheckSpeItemWorkEvent 1 Item_id =25
3189, CheckSpeItemWorkEvent 1 Item_id =25
3213, CheckSpeItemWorkEvent 1 Item_id =108
3229, CheckSpeItemWorkEvent 1 Item_id =108
3713, CheckSpeItemWorkEvent 1 Item_id =6
3789, CheckSpeItemWorkEvent 1 Item_id =376
3817, CheckSpeItemWorkEvent 1 Item_id =380
3833, CheckSpeItemWorkEvent 1 Item_id =380
3845, CheckSpeItemWorkEvent 1 Item_id =380
4393, CheckSpeItemWorkEvent 1 Item_id =6
4497, CheckSpeItemWorkEvent 1 Item_id =25
4517, CheckSpeItemWorkEvent 1 Item_id =25
4537, CheckSpeItemWorkEvent 1 Item_id =25
4645, CheckSpeItemWorkEvent 1 Item_id =6
4705, CheckSpeItemWorkEvent 1 Item_id =25
4725, CheckSpeItemWorkEvent 1 Item_id =6
4729, CheckSpeItemWorkEvent 1 Item_id =24
4765, CheckSpeItemWorkEvent 1 Item_id =24
4869, CheckSpeItemWorkEvent 1 Item_id =25
6417, CheckSpeItemWorkEvent 1 Item_id =6
6441, CheckSpeItemWorkEvent 1 Item_id =24
6461, CheckSpeItemWorkEvent 1 Item_id =24
6477, CheckSpeItemWorkEvent 1 Item_id =24
6545, CheckSpeItemWorkEvent 1 Item_id =25
6565, CheckSpeItemWorkEvent 1 Item_id =25
8097, CheckSpeItemWorkEvent 1 Item_id =31
8125, CheckSpeItemWorkEvent 1 Item_id =31
10977, CheckSpeItemWorkEvent 1 Item_id =6
11017, CheckSpeItemWorkEvent 1 Item_id =380
11049, CheckSpeItemWorkEvent 1 Item_id =376
11081, CheckSpeItemWorkEvent 1 Item_id =380
11113, CheckSpeItemWorkEvent 1 Item_id =380
11449, CheckSpeItemWorkEvent 1 Item_id =24
11749, CheckSpeItemWorkEvent 1 Item_id =81
11761, CheckSpeItemWorkEvent 1 Item_id =29
11833, CheckSpeItemWorkEvent 1 Item_id =31
11893, CheckSpeItemWorkEvent 1 Item_id =25
11913, CheckSpeItemWorkEvent 1 Item_id =25
11933, CheckSpeItemWorkEvent 1 Item_id =25
11937, CheckSpeItemWorkEvent 1 Item_id =29
11937, CheckSpeItemWorkEvent 1 Item_id =25
11949, CheckSpeItemWorkEvent 1 Item_id =25
11953, CheckSpeItemWorkEvent 1 Item_id =25
11969, CheckSpeItemWorkEvent 1 Item_id =25
11985, CheckSpeItemWorkEvent 1 Item_id =83
11993, CheckSpeItemWorkEvent 1 Item_id =19
12101, CheckSpeItemWorkEvent 1 Item_id =25
12177, CheckSpeItemWorkEvent 1 Item_id =24
12181, CheckSpeItemWorkEvent 1 Item_id =20
12297, CheckSpeItemWorkEvent 1 Item_id =24
12317, CheckSpeItemWorkEvent 1 Item_id =24
12333, CheckSpeItemWorkEvent 1 Item_id =24
12377, CheckSpeItemWorkEvent 1 Item_id =25
12401, CheckSpeItemWorkEvent 1 Item_id =25
12413, CheckSpeItemWorkEvent 1 Item_id =106
12417, CheckSpeItemWorkEvent 1 Item_id =25
12453, CheckSpeItemWorkEvent 1 Item_id =24
12849, CheckSpeItemWorkEvent 1 Item_id =174
13797, CheckSpeItemWorkEvent 1 Item_id =83
14065, CheckSpeItemWorkEvent 1 Item_id =83
14197, CheckSpeItemWorkEvent 1 Item_id =30
14261, CheckSpeItemWorkEvent 1 Item_id =54
14285, CheckSpeItemWorkEvent 1 Item_id =41
14345, CheckSpeItemWorkEvent 1 Item_id =24
14389, CheckSpeItemWorkEvent 1 Item_id =25
14409, CheckSpeItemWorkEvent 1 Item_id =25
14569, CheckSpeItemWorkEvent 1 Item_id =20
14709, CheckSpeItemWorkEvent 1 Item_id =376
14813, CheckSpeItemWorkEvent 1 Item_id =376
14841, CheckSpeItemWorkEvent 1 Item_id =380
15073, CheckSpeItemWorkEvent 1 Item_id =380
15437, CheckSpeItemWorkEvent 1 Item_id =376
15501, CheckSpeItemWorkEvent 1 Item_id =380
15561, CheckSpeItemWorkEvent 1 Item_id =376
15601, CheckSpeItemWorkEvent 1 Item_id =380
15833, CheckSpeItemWorkEvent 1 Item_id =61
15861, CheckSpeItemWorkEvent 1 Item_id =82
16833, CheckSpeItemWorkEvent 1 Item_id =376
16857, CheckSpeItemWorkEvent 1 Item_id =380
16937, CheckSpeItemWorkEvent 1 Item_id =83
17289, CheckSpeItemWorkEvent 1 Item_id =61
17433, CheckSpeItemWorkEvent 1 Item_id =83
17509, CheckSpeItemWorkEvent 1 Item_id =24
17605, CheckSpeItemWorkEvent 1 Item_id =108
17621, CheckSpeItemWorkEvent 1 Item_id =108
17833, CheckSpeItemWorkEvent 1 Item_id =81
19049, CheckSpeItemWorkEvent 1 Item_id =19
19153, CheckSpeItemWorkEvent 1 Item_id =31
19173, CheckSpeItemWorkEvent 1 Item_id =31
19201, CheckSpeItemWorkEvent 1 Item_id =31
19273, CheckSpeItemWorkEvent 1 Item_id =87
19285, CheckSpeItemWorkEvent 1 Item_id =81
19429, CheckSpeItemWorkEvent 1 Item_id =25
19465, CheckSpeItemWorkEvent 1 Item_id =25
19533, CheckSpeItemWorkEvent 1 Item_id =88
19577, CheckSpeItemWorkEvent 1 Item_id =6
20013, CheckSpeItemWorkEvent 1 Item_id =621
20277, CheckSpeItemWorkEvent 1 Item_id =47
20381, CheckSpeItemWorkEvent 1 Item_id =609
20533, CheckSpeItemWorkEvent 1 Item_id =608
20657, CheckSpeItemWorkEvent 1 Item_id =32
21017, CheckSpeItemWorkEvent 1 Item_id =25
21017, CheckSpeItemWorkEvent 1 Item_id =78
21029, CheckSpeItemWorkEvent 1 Item_id =25
21049, CheckSpeItemWorkEvent 1 Item_id =25
21053, CheckSpeItemWorkEvent 1 Item_id =85
21081, CheckSpeItemWorkEvent 1 Item_id =86
21241, CheckSpeItemWorkEvent 1 Item_id =25
21245, CheckSpeItemWorkEvent 1 Item_id =380
21261, CheckSpeItemWorkEvent 1 Item_id =25
21265, CheckSpeItemWorkEvent 1 Item_id =380
21277, CheckSpeItemWorkEvent 1 Item_id =25
21293, CheckSpeItemWorkEvent 1 Item_id =25
21301, CheckSpeItemWorkEvent 1 Item_id =376
21313, CheckSpeItemWorkEvent 1 Item_id =25
21321, CheckSpeItemWorkEvent 1 Item_id =376
21389, CheckSpeItemWorkEvent 1 Item_id =31
21421, CheckSpeItemWorkEvent 1 Item_id =83
22501, CheckSpeItemWorkEvent 1 Item_id =47
23021, CheckSpeItemWorkEvent 1 Item_id =91
23381, CheckSpeItemWorkEvent 1 Item_id =30
23489, CheckSpeItemWorkEvent 1 Item_id =17
23901, CheckSpeItemWorkEvent 1 Item_id =29
23989, CheckSpeItemWorkEvent 1 Item_id =124
24569, CheckSpeItemWorkEvent 1 Item_id =82
25365, CheckSpeItemWorkEvent 1 Item_id =608
25697, CheckSpeItemWorkEvent 1 Item_id =41
25873, CheckSpeItemWorkEvent 1 Item_id =25
25893, CheckSpeItemWorkEvent 1 Item_id =25
26633, CheckSpeItemWorkEvent 1 Item_id =106
26745, CheckSpeItemWorkEvent 1 Item_id =46
26845, CheckSpeItemWorkEvent 1 Item_id =24
26865, CheckSpeItemWorkEvent 1 Item_id =24
26917, CheckSpeItemWorkEvent 1 Item_id =87
27253, CheckSpeItemWorkEvent 1 Item_id =120
27333, CheckSpeItemWorkEvent 1 Item_id =85
27405, CheckSpeItemWorkEvent 1 Item_id =25
27417, CheckSpeItemWorkEvent 1 Item_id =25
27425, CheckSpeItemWorkEvent 1 Item_id =25
27433, CheckSpeItemWorkEvent 1 Item_id =25
27441, CheckSpeItemWorkEvent 1 Item_id =25
27453, CheckSpeItemWorkEvent 1 Item_id =25
27457, CheckSpeItemWorkEvent 1 Item_id =25
27473, CheckSpeItemWorkEvent 1 Item_id =25
27537, CheckSpeItemWorkEvent 1 Item_id =41
28029, CheckSpeItemWorkEvent 1 Item_id =30
28037, GetSpeItemAdd 不是开局玩家， control_id=17
28173, CheckSpeItemWorkEvent 1 Item_id =25
28193, CheckSpeItemWorkEvent 1 Item_id =25
28245, CheckSpeItemWorkEvent 1 Item_id =24
28317, CheckSpeItemWorkEvent 1 Item_id =189
28705, CheckSpeItemWorkEvent 1 Item_id =25
28725, CheckSpeItemWorkEvent 1 Item_id =25
28745, CheckSpeItemWorkEvent 1 Item_id =25
28761, CheckSpeItemWorkEvent 1 Item_id =25
28813, CheckSpeItemWorkEvent 1 Item_id =31
28817, CheckSpeItemWorkEvent 1 Item_id =24
28829, CheckSpeItemWorkEvent 1 Item_id =31
28837, CheckSpeItemWorkEvent 1 Item_id =24
28857, CheckSpeItemWorkEvent 1 Item_id =24
28877, CheckSpeItemWorkEvent 1 Item_id =24
29437, CheckSpeItemWorkEvent 1 Item_id =31
29457, CheckSpeItemWorkEvent 1 Item_id =31
29605, CheckSpeItemWorkEvent 1 Item_id =29
29901, CheckSpeItemWorkEvent 1 Item_id =25
29921, CheckSpeItemWorkEvent 1 Item_id =25
29961, CheckSpeItemWorkEvent 1 Item_id =31
29985, CheckSpeItemWorkEvent 1 Item_id =31
30313, CheckSpeItemWorkEvent 1 Item_id =87
30481, CheckSpeItemWorkEvent 1 Item_id =41
31349, CheckSpeItemWorkEvent 1 Item_id =92
31613, CheckSpeItemWorkEvent 1 Item_id =88
32181, CheckSpeItemWorkEvent 1 Item_id =515
32269, CheckSpeItemWorkEvent 1 Item_id =31
32289, CheckSpeItemWorkEvent 1 Item_id =31
32321, CheckSpeItemWorkEvent 1 Item_id =31
32361, CheckSpeItemWorkEvent 1 Item_id =31
32365, CheckSpeItemWorkEvent 1 Item_id =391
32429, CheckSpeItemWorkEvent 1 Item_id =279
32505, CheckSpeItemWorkEvent 1 Item_id =86
32565, CheckSpeItemWorkEvent 1 Item_id =280
32677, CheckSpeItemWorkEvent 1 Item_id =281
32677, CheckSpeItemWorkEvent 1 Item_id =87
33357, CheckSpeItemWorkEvent 1 Item_id =429
34049, CheckSpeItemWorkEvent 1 Item_id =19
34141, CheckSpeItemWorkEvent 1 Item_id =610
34201, CheckSpeItemWorkEvent 1 Item_id =2182
34213, CheckSpeItemWorkEvent 1 Item_id =81
34213, CheckSpeItemWorkEvent 1 Item_id =17
34305, CheckSpeItemWorkEvent 1 Item_id =31
34325, CheckSpeItemWorkEvent 1 Item_id =31
34349, CheckSpeItemWorkEvent 1 Item_id =31
34781, CheckSpeItemWorkEvent 1 Item_id =88
35237, CheckSpeItemWorkEvent 1 Item_id =515
35385, CheckSpeItemWorkEvent 1 Item_id =358
35525, CheckSpeItemWorkEvent 1 Item_id =31
35553, CheckSpeItemWorkEvent 1 Item_id =31
35569, CheckSpeItemWorkEvent 1 Item_id =31
35625, CheckSpeItemWorkEvent 1 Item_id =25
35665, CheckSpeItemWorkEvent 1 Item_id =25
35701, CheckSpeItemWorkEvent 1 Item_id =31
37353, CheckSpeItemWorkEvent 1 Item_id =88
37957, CheckSpeItemWorkEvent 1 Item_id =358
39101, CheckSpeItemWorkEvent 1 Item_id =622
39413, CheckSpeItemWorkEvent 1 Item_id =31
39433, CheckSpeItemWorkEvent 1 Item_id =31
39557, CheckSpeItemWorkEvent 1 Item_id =80
39785, CheckSpeItemWorkEvent 1 Item_id =54
39825, CheckSpeItemWorkEvent 1 Item_id =41
40085, CheckSpeItemWorkEvent 1 Item_id =88
40541, CheckSpeItemWorkEvent 1 Item_id =387
40601, CheckSpeItemWorkEvent 1 Item_id =391
40997, CheckSpeItemWorkEvent 1 Item_id =54
41029, CheckSpeItemWorkEvent 1 Item_id =401
41201, CheckSpeItemWorkEvent 1 Item_id =25
41205, CheckSpeItemWorkEvent 1 Item_id =83
41221, CheckSpeItemWorkEvent 1 Item_id =25
41245, CheckSpeItemWorkEvent 1 Item_id =25
41309, CheckSpeItemWorkEvent 1 Item_id =24
41329, CheckSpeItemWorkEvent 1 Item_id =24
41345, CheckSpeItemWorkEvent 1 Item_id =25
41365, CheckSpeItemWorkEvent 1 Item_id =25
41377, CheckSpeItemWorkEvent 1 Item_id =358
41405, CheckSpeItemWorkEvent 1 Item_id =86
41441, CheckSpeItemWorkEvent 1 Item_id =667
41473, CheckSpeItemWorkEvent 1 Item_id =124
41541, CheckSpeItemWorkEvent 1 Item_id =86
41613, CheckSpeItemWorkEvent 1 Item_id =31
41629, CheckSpeItemWorkEvent 1 Item_id =31
41645, CheckSpeItemWorkEvent 1 Item_id =31
41665, CheckSpeItemWorkEvent 1 Item_id =31
41953, CheckSpeItemWorkEvent 1 Item_id =55
42109, CheckSpeItemWorkEvent 1 Item_id =610
42649, CheckSpeItemWorkEvent 1 Item_id =667
42865, CheckSpeItemWorkEvent 1 Item_id =31
42889, CheckSpeItemWorkEvent 1 Item_id =31
42925, CheckSpeItemWorkEvent 1 Item_id =31
42945, CheckSpeItemWorkEvent 1 Item_id =31
43081, CheckSpeItemWorkEvent 1 Item_id =31
43581, CheckSpeItemWorkEvent 1 Item_id =80
43837, CheckSpeItemWorkEvent 1 Item_id =87
43941, CheckSpeItemWorkEvent 1 Item_id =177
45309, CheckSpeItemWorkEvent 1 Item_id =279
45397, CheckSpeItemWorkEvent 1 Item_id =41
45433, CheckSpeItemWorkEvent 1 Item_id =280
45693, CheckSpeItemWorkEvent 1 Item_id =89
45773, CheckSpeItemWorkEvent 1 Item_id =177
45845, CheckSpeItemWorkEvent 1 Item_id =31
45865, CheckSpeItemWorkEvent 1 Item_id =31
45881, CheckSpeItemWorkEvent 1 Item_id =31
45913, CheckSpeItemWorkEvent 1 Item_id =31
45929, CheckSpeItemWorkEvent 1 Item_id =31
46029, CheckSpeItemWorkEvent 1 Item_id =281
46429, CheckSpeItemWorkEvent 1 Item_id =24
46449, CheckSpeItemWorkEvent 1 Item_id =24
46741, CheckSpeItemWorkEvent 1 Item_id =2182
47029, CheckSpeItemWorkEvent 1 Item_id =610
48425, CheckSpeItemWorkEvent 1 Item_id =667
48469, CheckSpeItemWorkEvent 1 Item_id =667
48673, CheckSpeItemWorkEvent 1 Item_id =90
48877, CheckSpeItemWorkEvent 1 Item_id =29
49137, CheckSpeItemWorkEvent 1 Item_id =2173
49201, CheckSpeItemWorkEvent 1 Item_id =31
49809, CheckSpeItemWorkEvent 1 Item_id =667
49941, CheckSpeItemWorkEvent 1 Item_id =200
49949, CheckSpeItemWorkEvent 1 Item_id =25
49965, CheckSpeItemWorkEvent 1 Item_id =25
49985, CheckSpeItemWorkEvent 1 Item_id =25
50069, CheckSpeItemWorkEvent 1 Item_id =24
50085, CheckSpeItemWorkEvent 1 Item_id =192
50117, CheckSpeItemWorkEvent 1 Item_id =25
50125, CheckSpeItemWorkEvent 1 Item_id =31
50141, CheckSpeItemWorkEvent 1 Item_id =31
50161, CheckSpeItemWorkEvent 1 Item_id =31
50177, CheckSpeItemWorkEvent 1 Item_id =31
50197, CheckSpeItemWorkEvent 1 Item_id =31
50213, CheckSpeItemWorkEvent 1 Item_id =31
50501, CheckSpeItemWorkEvent 1 Item_id =570
50681, CheckSpeItemWorkEvent 1 Item_id =19
50697, CheckSpeItemWorkEvent 1 Item_id =88
50873, CheckSpeItemWorkEvent 1 Item_id =120
50893, CheckSpeItemWorkEvent 1 Item_id =31
50913, CheckSpeItemWorkEvent 1 Item_id =31
50933, CheckSpeItemWorkEvent 1 Item_id =31
51017, CheckSpeItemWorkEvent 1 Item_id =78
51893, CheckSpeItemWorkEvent 1 Item_id =31
51913, CheckSpeItemWorkEvent 1 Item_id =31
51977, CheckSpeItemWorkEvent 1 Item_id =667
52085, CheckSpeItemWorkEvent 1 Item_id =78
52185, CheckSpeItemWorkEvent 1 Item_id =667
52373, CheckSpeItemWorkEvent 1 Item_id =78
52993, CheckSpeItemWorkEvent 1 Item_id =361
53125, CheckSpeItemWorkEvent 1 Item_id =31
53145, CheckSpeItemWorkEvent 1 Item_id =31
54517, CheckSpeItemWorkEvent 1 Item_id =189
54709, CheckSpeItemWorkEvent 1 Item_id =363
54781, CheckSpeItemWorkEvent 1 Item_id =90
54897, CheckSpeItemWorkEvent 1 Item_id =18
54997, CheckSpeItemWorkEvent 1 Item_id =41
55057, CheckSpeItemWorkEvent 1 Item_id =13
55073, CheckSpeItemWorkEvent 1 Item_id =31
55089, CheckSpeItemWorkEvent 1 Item_id =31
55113, CheckSpeItemWorkEvent 1 Item_id =42
55377, CheckSpeItemWorkEvent 1 Item_id =667
55597, CheckSpeItemWorkEvent 1 Item_id =31
55613, CheckSpeItemWorkEvent 1 Item_id =31
55633, CheckSpeItemWorkEvent 1 Item_id =31
55677, CheckSpeItemWorkEvent 1 Item_id =361
57173, CheckSpeItemWorkEvent 1 Item_id =20
57349, CheckSpeItemWorkEvent 1 Item_id =401
57553, CheckSpeItemWorkEvent 1 Item_id =87
57761, CheckSpeItemWorkEvent 1 Item_id =667
57781, CheckSpeItemWorkEvent 1 Item_id =78
57997, CheckSpeItemWorkEvent 1 Item_id =803
58089, CheckSpeItemWorkEvent 1 Item_id =31
58093, CheckSpeItemWorkEvent 1 Item_id =667
58117, CheckSpeItemWorkEvent 1 Item_id =31
58161, CheckSpeItemWorkEvent 1 Item_id =667
58265, CheckSpeItemWorkEvent 1 Item_id =20
58305, CheckSpeItemWorkEvent 1 Item_id =667
58341, CheckSpeItemWorkEvent 1 Item_id =393
58429, CheckSpeItemWorkEvent 1 Item_id =124
58481, CheckSpeItemWorkEvent 1 Item_id =78
58685, CheckSpeItemWorkEvent 1 Item_id =20
58689, CheckSpeItemWorkEvent 1 Item_id =31
58709, CheckSpeItemWorkEvent 1 Item_id =31
58893, CheckSpeItemWorkEvent 1 Item_id =202
59437, CheckSpeItemWorkEvent 1 Item_id =279
60281, CheckSpeItemWorkEvent 1 Item_id =309
60413, CheckSpeItemWorkEvent 1 Item_id =310
60577, CheckSpeItemWorkEvent 1 Item_id =311
61001, CheckSpeItemWorkEvent 1 Item_id =816
61133, CheckSpeItemWorkEvent 1 Item_id =358
61193, CheckSpeItemWorkEvent 1 Item_id =598
61305, CheckSpeItemWorkEvent 1 Item_id =599
61909, CheckSpeItemWorkEvent 1 Item_id =2138
62005, CheckSpeItemWorkEvent 1 Item_id =102
63101, CheckSpeItemWorkEvent 1 Item_id =515
63165, CheckSpeItemWorkEvent 1 Item_id =393
63221, CheckSpeItemWorkEvent 1 Item_id =78
63285, CheckSpeItemWorkEvent 1 Item_id =667
63333, CheckSpeItemWorkEvent 1 Item_id =31
63885, CheckSpeItemWorkEvent 1 Item_id =803
63897, CheckSpeItemWorkEvent 1 Item_id =80
64025, CheckSpeItemWorkEvent 1 Item_id =667
64033, CheckSpeItemWorkEvent 1 Item_id =89
64193, CheckSpeItemWorkEvent 1 Item_id =177
64281, CheckSpeItemWorkEvent 1 Item_id =31
64349, CheckSpeItemWorkEvent 1 Item_id =358
64761, CheckSpeItemWorkEvent 1 Item_id =361
65001, CheckSpeItemWorkEvent 1 Item_id =31
65017, CheckSpeItemWorkEvent 1 Item_id =31
65037, CheckSpeItemWorkEvent 1 Item_id =31
65065, CheckSpeItemWorkEvent 1 Item_id =31
65509, CheckSpeItemWorkEvent 1 Item_id =87
65641, CheckSpeItemWorkEvent 1 Item_id =31
65673, CheckSpeItemWorkEvent 1 Item_id =31
65689, CheckSpeItemWorkEvent 1 Item_id =31
65741, CheckSpeItemWorkEvent 1 Item_id =309
65777, CheckSpeItemWorkEvent 1 Item_id =387
65849, CheckSpeItemWorkEvent 1 Item_id =310
65905, CheckSpeItemWorkEvent 1 Item_id =20
65953, CheckSpeItemWorkEvent 1 Item_id =311
66129, CheckSpeItemWorkEvent 1 Item_id =88
66357, CheckSpeItemWorkEvent 1 Item_id =15
66413, CheckSpeItemWorkEvent 1 Item_id =818
66573, CheckSpeItemWorkEvent 1 Item_id =45
66741, CheckSpeItemWorkEvent 1 Item_id =2182
66957, CheckSpeItemWorkEvent 1 Item_id =17
67337, CheckSpeItemWorkEvent 1 Item_id =80
67537, CheckSpeItemWorkEvent 1 Item_id =90
68133, CheckSpeItemWorkEvent 1 Item_id =816
68369, CheckSpeItemWorkEvent 1 Item_id =31
68389, CheckSpeItemWorkEvent 1 Item_id =31
68429, CheckSpeItemWorkEvent 1 Item_id =76
68441, CheckSpeItemWorkEvent 1 Item_id =31
68537, CheckSpeItemWorkEvent 1 Item_id =31
68553, CheckSpeItemWorkEvent 1 Item_id =31
69433, CheckSpeItemWorkEvent 1 Item_id =89
69641, CheckSpeItemWorkEvent 1 Item_id =340
69721, CheckSpeItemWorkEvent 1 Item_id =393
69909, CheckSpeItemWorkEvent 1 Item_id =80
70181, CheckSpeItemWorkEvent 1 Item_id =320
70477, CheckSpeItemWorkEvent 1 Item_id =20
70885, CheckSpeItemWorkEvent 1 Item_id =2182
70973, CheckSpeItemWorkEvent 1 Item_id =31
70989, CheckSpeItemWorkEvent 1 Item_id =31
71013, CheckSpeItemWorkEvent 1 Item_id =31
71037, CheckSpeItemWorkEvent 1 Item_id =31
71057, CheckSpeItemWorkEvent 1 Item_id =31
71161, CheckSpeItemWorkEvent 1 Item_id =818
71277, CheckSpeItemWorkEvent 1 Item_id =431
71461, CheckSpeItemWorkEvent 1 Item_id =31
71481, CheckSpeItemWorkEvent 1 Item_id =31
71501, CheckSpeItemWorkEvent 1 Item_id =31
71517, CheckSpeItemWorkEvent 1 Item_id =31
72313, CheckSpeItemWorkEvent 1 Item_id =393
72609, CheckSpeItemWorkEvent 1 Item_id =50
72833, CheckSpeItemWorkEvent 1 Item_id =13
72845, CheckSpeItemWorkEvent 1 Item_id =803
73253, CheckSpeItemWorkEvent 1 Item_id =393
73257, CheckSpeItemWorkEvent 1 Item_id =31
73277, CheckSpeItemWorkEvent 1 Item_id =31
73297, CheckSpeItemWorkEvent 1 Item_id =31
73793, CheckSpeItemWorkEvent 1 Item_id =88
74481, CheckSpeItemWorkEvent 1 Item_id =30
75137, CheckSpeItemWorkEvent 1 Item_id =174
75441, CheckSpeItemWorkEvent 1 Item_id =803
75601, CheckSpeItemWorkEvent 1 Item_id =31
75629, CheckSpeItemWorkEvent 1 Item_id =31
75661, CheckSpeItemWorkEvent 1 Item_id =31
75745, CheckSpeItemWorkEvent 1 Item_id =31
75789, CheckSpeItemWorkEvent 1 Item_id =44
75837, CheckSpeItemWorkEvent 1 Item_id =361
76277, CheckSpeItemWorkEvent 1 Item_id =2182
76433, CheckSpeItemWorkEvent 1 Item_id =571
76465, CheckSpeItemWorkEvent 1 Item_id =31
76485, CheckSpeItemWorkEvent 1 Item_id =31
76505, CheckSpeItemWorkEvent 1 Item_id =31
76521, CheckSpeItemWorkEvent 1 Item_id =31
76657, CheckSpeItemWorkEvent 1 Item_id =361
76745, CheckSpeItemWorkEvent 1 Item_id =309
76857, CheckSpeItemWorkEvent 1 Item_id =310
76941, CheckSpeItemWorkEvent 1 Item_id =2184
76969, CheckSpeItemWorkEvent 1 Item_id =311
77037, CheckSpeItemWorkEvent 1 Item_id =166
77065, CheckSpeItemWorkEvent 1 Item_id =90
77213, CheckSpeItemWorkEvent 1 Item_id =15
77437, CheckSpeItemWorkEvent 1 Item_id =103
77465, CheckSpeItemWorkEvent 1 Item_id =103
77561, CheckSpeItemWorkEvent 1 Item_id =2137
78349, CheckSpeItemWorkEvent 1 Item_id =818
78801, CheckSpeItemWorkEvent 1 Item_id =363
79453, CheckSpeItemWorkEvent 1 Item_id =2137
79737, CheckSpeItemWorkEvent 1 Item_id =803
79857, CheckSpeItemWorkEvent 1 Item_id =2184
79925, CheckSpeItemWorkEvent 1 Item_id =2182
79961, CheckSpeItemWorkEvent 1 Item_id =363
80029, CheckSpeItemWorkEvent 1 Item_id =90
80145, CheckSpeItemWorkEvent 1 Item_id =31
80161, CheckSpeItemWorkEvent 1 Item_id =31
80209, CheckSpeItemWorkEvent 1 Item_id =570
80337, CheckSpeItemWorkEvent 1 Item_id =31
80357, CheckSpeItemWorkEvent 1 Item_id =31
80377, CheckSpeItemWorkEvent 1 Item_id =31
80417, CheckSpeItemWorkEvent 1 Item_id =17
80633, CheckSpeItemWorkEvent 1 Item_id =166
80857, CheckSpeItemWorkEvent 1 Item_id =2137
81021, CheckSpeItemWorkEvent 1 Item_id =358
81065, CheckSpeItemWorkEvent 1 Item_id =816
81109, CheckSpeItemWorkEvent 1 Item_id =318
81145, CheckSpeItemWorkEvent 1 Item_id =478
81149, CheckSpeItemWorkEvent 1 Item_id =31
81185, CheckSpeItemWorkEvent 1 Item_id =31
81497, CheckSpeItemWorkEvent 1 Item_id =31
81517, CheckSpeItemWorkEvent 1 Item_id =31
81533, CheckSpeItemWorkEvent 1 Item_id =31
81553, CheckSpeItemWorkEvent 1 Item_id =31
81569, CheckSpeItemWorkEvent 1 Item_id =31
81645, CheckSpeItemWorkEvent 1 Item_id =611
82013, CheckSpeItemWorkEvent 1 Item_id =610
82641, CheckSpeItemWorkEvent 1 Item_id =582
82761, CheckSpeItemWorkEvent 1 Item_id =2184
82829, CheckSpeItemWorkEvent 1 Item_id =78
83137, CheckSpeItemWorkEvent 1 Item_id =72
83365, CheckSpeItemWorkEvent 1 Item_id =166
83997, CheckSpeItemWorkEvent 1 Item_id =20
84125, CheckSpeItemWorkEvent 1 Item_id =309
84457, CheckSpeItemWorkEvent 1 Item_id =364
84721, CheckSpeItemWorkEvent 1 Item_id =309
84753, CheckSpeItemWorkEvent 1 Item_id =611
85169, CheckSpeItemWorkEvent 1 Item_id =309
85229, CheckSpeItemWorkEvent 1 Item_id =31
85261, CheckSpeItemWorkEvent 1 Item_id =31
85277, CheckSpeItemWorkEvent 1 Item_id =31
85293, CheckSpeItemWorkEvent 1 Item_id =31
85297, CheckSpeItemWorkEvent 1 Item_id =310
85309, CheckSpeItemWorkEvent 1 Item_id =31
85441, CheckSpeItemWorkEvent 1 Item_id =311
85829, CheckSpeItemWorkEvent 1 Item_id =478
85993, CheckSpeItemWorkEvent 1 Item_id =31
86253, CheckSpeItemWorkEvent 1 Item_id =803
86301, CheckSpeItemWorkEvent 1 Item_id =31
86329, CheckSpeItemWorkEvent 1 Item_id =31
86841, CheckSpeItemWorkEvent 1 Item_id =582
87413, CheckSpeItemWorkEvent 1 Item_id =31
87433, CheckSpeItemWorkEvent 1 Item_id =31
87453, CheckSpeItemWorkEvent 1 Item_id =31
87473, CheckSpeItemWorkEvent 1 Item_id =31
88049, CheckSpeItemWorkEvent 1 Item_id =363
88049, CheckSpeItemWorkEvent 1 Item_id =2173
88365, CheckSpeItemWorkEvent 1 Item_id =31
88373, CheckSpeItemWorkEvent 1 Item_id =570
88381, CheckSpeItemWorkEvent 1 Item_id =31
88413, CheckSpeItemWorkEvent 1 Item_id =31
88433, CheckSpeItemWorkEvent 1 Item_id =31
88437, CheckSpeItemWorkEvent 1 Item_id =72
88457, CheckSpeItemWorkEvent 1 Item_id =31
88717, CheckSpeItemWorkEvent 1 Item_id =608
88997, CheckSpeItemWorkEvent 1 Item_id =318
90009, CheckSpeItemWorkEvent 1 Item_id =2184
90401, CheckSpeItemWorkEvent 1 Item_id =31
90433, CheckSpeItemWorkEvent 1 Item_id =31
90449, CheckSpeItemWorkEvent 1 Item_id =31
90481, CheckSpeItemWorkEvent 1 Item_id =31
91641, CheckSpeItemWorkEvent 1 Item_id =571
92161, CheckSpeItemWorkEvent 1 Item_id =610
92289, CheckSpeItemWorkEvent 1 Item_id =358
93197, CheckSpeItemWorkEvent 1 Item_id =203
93425, CheckSpeItemWorkEvent 1 Item_id =363
93465, CheckSpeItemWorkEvent 1 Item_id =583
93501, CheckSpeItemWorkEvent 1 Item_id =571
93573, CheckSpeItemWorkEvent 1 Item_id =2172
93585, CheckSpeItemWorkEvent 1 Item_id =571
93749, CheckSpeItemWorkEvent 1 Item_id =309
93773, CheckSpeItemWorkEvent 1 Item_id =237
93985, CheckSpeItemWorkEvent 1 Item_id =310
94137, CheckSpeItemWorkEvent 1 Item_id =570
94137, CheckSpeItemWorkEvent 1 Item_id =126
94149, CheckSpeItemWorkEvent 1 Item_id =311
94253, CheckSpeItemWorkEvent 1 Item_id =50
94301, CheckSpeItemWorkEvent 1 Item_id =31
94317, CheckSpeItemWorkEvent 1 Item_id =31
94333, CheckSpeItemWorkEvent 1 Item_id =31
94361, CheckSpeItemWorkEvent 1 Item_id =318
94585, CheckSpeItemWorkEvent 1 Item_id =361
94961, CheckSpeItemWorkEvent 1 Item_id =31
94981, CheckSpeItemWorkEvent 1 Item_id =31
95013, CheckSpeItemWorkEvent 1 Item_id =31
95029, CheckSpeItemWorkEvent 1 Item_id =31
95581, CheckSpeItemWorkEvent 1 Item_id =571
95717, CheckSpeItemWorkEvent 1 Item_id =31
95777, CheckSpeItemWorkEvent 1 Item_id =31
95797, CheckSpeItemWorkEvent 1 Item_id =31
95817, CheckSpeItemWorkEvent 1 Item_id =31
97013, CheckSpeItemWorkEvent 1 Item_id =571
97061, CheckSpeItemWorkEvent 1 Item_id =31
97405, CheckSpeItemWorkEvent 1 Item_id =50
97565, CheckSpeItemWorkEvent 1 Item_id =309
97813, CheckSpeItemWorkEvent 1 Item_id =20
97925, CheckSpeItemWorkEvent 1 Item_id =17
98525, CheckSpeItemWorkEvent 1 Item_id =31
98953, CheckSpeItemWorkEvent 1 Item_id =611
99189, CheckSpeItemWorkEvent 1 Item_id =318
99313, CheckSpeItemWorkEvent 1 Item_id =324
99397, CheckSpeItemWorkEvent 1 Item_id =202
99433, CheckSpeItemWorkEvent 1 Item_id =827
99501, CheckSpeItemWorkEvent 1 Item_id =31
99521, CheckSpeItemWorkEvent 1 Item_id =31
99521, CheckSpeItemWorkEvent 1 Item_id =820
99537, CheckSpeItemWorkEvent 1 Item_id =31
99621, CheckSpeItemWorkEvent 1 Item_id =2165
99749, CheckSpeItemWorkEvent 1 Item_id =2183
99789, CheckSpeItemWorkEvent 1 Item_id =31
99801, CheckSpeItemWorkEvent 1 Item_id =318
99809, CheckSpeItemWorkEvent 1 Item_id =31
99825, CheckSpeItemWorkEvent 1 Item_id =31
100369, CheckSpeItemWorkEvent 1 Item_id =31
100389, CheckSpeItemWorkEvent 1 Item_id =31
101209, CheckSpeItemWorkEvent 1 Item_id =364
101717, CheckSpeItemWorkEvent 1 Item_id =31
101737, CheckSpeItemWorkEvent 1 Item_id =31
101753, CheckSpeItemWorkEvent 1 Item_id =31
101941, CheckSpeItemWorkEvent 1 Item_id =2182
102081, CheckSpeItemWorkEvent 1 Item_id =2172
102137, CheckSpeItemWorkEvent 1 Item_id =72
102237, CheckSpeItemWorkEvent 1 Item_id =571
102325, CheckSpeItemWorkEvent 1 Item_id =31
102341, CheckSpeItemWorkEvent 1 Item_id =31
102357, CheckSpeItemWorkEvent 1 Item_id =31
102377, CheckSpeItemWorkEvent 1 Item_id =31
102393, CheckSpeItemWorkEvent 1 Item_id =31
102465, CheckSpeItemWorkEvent 1 Item_id =318
102617, CheckSpeItemWorkEvent 1 Item_id =335
102677, CheckSpeItemWorkEvent 1 Item_id =324
102849, CheckSpeItemWorkEvent 1 Item_id =31
102881, CheckSpeItemWorkEvent 1 Item_id =31
102917, CheckSpeItemWorkEvent 1 Item_id =31
102933, CheckSpeItemWorkEvent 1 Item_id =31
102953, CheckSpeItemWorkEvent 1 Item_id =31
103285, CheckSpeItemWorkEvent 1 Item_id =31
103301, CheckSpeItemWorkEvent 1 Item_id =31
103333, CheckSpeItemWorkEvent 1 Item_id =31
103349, CheckSpeItemWorkEvent 1 Item_id =31
103349, CheckSpeItemWorkEvent 1 Item_id =191
103385, CheckSpeItemWorkEvent 1 Item_id =31
103461, CheckSpeItemWorkEvent 1 Item_id =31
103497, CheckSpeItemWorkEvent 1 Item_id =31
103513, CheckSpeItemWorkEvent 1 Item_id =31
103533, CheckSpeItemWorkEvent 1 Item_id =31
103549, CheckSpeItemWorkEvent 1 Item_id =31
103933, CheckSpeItemWorkEvent 1 Item_id =320
104141, CheckSpeItemWorkEvent 1 Item_id =309
104265, CheckSpeItemWorkEvent 1 Item_id =310
104369, CheckSpeItemWorkEvent 1 Item_id =311
104373, CheckSpeItemWorkEvent 1 Item_id =237
104945, CheckSpeItemWorkEvent 1 Item_id =429
105049, CheckSpeItemWorkEvent 1 Item_id =202
105253, CheckSpeItemWorkEvent 1 Item_id =237
106013, CheckSpeItemWorkEvent 1 Item_id =391
106057, CheckSpeItemWorkEvent 1 Item_id =329
106077, CheckSpeItemWorkEvent 1 Item_id =31
106101, CheckSpeItemWorkEvent 1 Item_id =31
106133, CheckSpeItemWorkEvent 1 Item_id =31
106145, CheckSpeItemWorkEvent 1 Item_id =500
106157, CheckSpeItemWorkEvent 1 Item_id =31
106173, CheckSpeItemWorkEvent 1 Item_id =31
106221, CheckSpeItemWorkEvent 1 Item_id =31
106253, CheckSpeItemWorkEvent 1 Item_id =31
106273, CheckSpeItemWorkEvent 1 Item_id =31
106277, CheckSpeItemWorkEvent 1 Item_id =31
106297, CheckSpeItemWorkEvent 1 Item_id =31
106317, CheckSpeItemWorkEvent 1 Item_id =31
106453, CheckSpeItemWorkEvent 1 Item_id =431
107153, CheckSpeItemWorkEvent 1 Item_id =318
108113, CheckSpeItemWorkEvent 1 Item_id =318
108221, CheckSpeItemWorkEvent 1 Item_id =571
108333, CheckSpeItemWorkEvent 1 Item_id =192
108437, CheckSpeItemWorkEvent 1 Item_id =329
109413, CheckSpeItemWorkEvent 1 Item_id =20
109525, CheckSpeItemWorkEvent 1 Item_id =429
109825, CheckSpeItemWorkEvent 1 Item_id =363
109917, CheckSpeItemWorkEvent 1 Item_id =582
110117, CheckSpeItemWorkEvent 1 Item_id =611
110133, CheckSpeItemWorkEvent 1 Item_id =31
110177, CheckSpeItemWorkEvent 1 Item_id =31
110341, CheckSpeItemWorkEvent 1 Item_id =827
110613, CheckSpeItemWorkEvent 1 Item_id =31
110633, CheckSpeItemWorkEvent 1 Item_id =31
110653, CheckSpeItemWorkEvent 1 Item_id =31
110669, CheckSpeItemWorkEvent 1 Item_id =31
110689, CheckSpeItemWorkEvent 1 Item_id =31
110829, CheckSpeItemWorkEvent 1 Item_id =31
110849, CheckSpeItemWorkEvent 1 Item_id =31
110865, CheckSpeItemWorkEvent 1 Item_id =31
110881, CheckSpeItemWorkEvent 1 Item_id =31
110905, CheckSpeItemWorkEvent 1 Item_id =31
110949, CheckSpeItemWorkEvent 1 Item_id =2184
111057, CheckSpeItemWorkEvent 1 Item_id =31
111073, CheckSpeItemWorkEvent 1 Item_id =31
111089, CheckSpeItemWorkEvent 1 Item_id =31
111121, CheckSpeItemWorkEvent 1 Item_id =31
111137, CheckSpeItemWorkEvent 1 Item_id =31
111273, CheckSpeItemWorkEvent 1 Item_id =91
111337, CheckSpeItemWorkEvent 1 Item_id =31
111357, CheckSpeItemWorkEvent 1 Item_id =31
111381, CheckSpeItemWorkEvent 1 Item_id =31
111397, CheckSpeItemWorkEvent 1 Item_id =31
111493, CheckSpeItemWorkEvent 1 Item_id =31
111513, CheckSpeItemWorkEvent 1 Item_id =31
111541, CheckSpeItemWorkEvent 1 Item_id =31
111625, CheckSpeItemWorkEvent 1 Item_id =393
112153, CheckSpeItemWorkEvent 1 Item_id =324
112437, CheckSpeItemWorkEvent 1 Item_id =387
112601, CheckSpeItemWorkEvent 1 Item_id =2183
112913, CheckSpeItemWorkEvent 1 Item_id =501
113105, CheckSpeItemWorkEvent 1 Item_id =44
113233, CheckSpeItemWorkEvent 1 Item_id =393
113369, CheckSpeItemWorkEvent 1 Item_id =2183
113513, CheckSpeItemWorkEvent 1 Item_id =582
113985, CheckSpeItemWorkEvent 1 Item_id =309
114197, CheckSpeItemWorkEvent 1 Item_id =31
114217, CheckSpeItemWorkEvent 1 Item_id =31
114233, CheckSpeItemWorkEvent 1 Item_id =31
114245, CheckSpeItemWorkEvent 1 Item_id =622
114253, CheckSpeItemWorkEvent 1 Item_id =31
114281, CheckSpeItemWorkEvent 1 Item_id =31
114441, CheckSpeItemWorkEvent 1 Item_id =310
115025, CheckSpeItemWorkEvent 1 Item_id =324
115201, CheckSpeItemWorkEvent 1 Item_id =31
115221, CheckSpeItemWorkEvent 1 Item_id =31
115569, CheckSpeItemWorkEvent 1 Item_id =92
115589, CheckSpeItemWorkEvent 1 Item_id =31
115629, CheckSpeItemWorkEvent 1 Item_id =31
115657, CheckSpeItemWorkEvent 1 Item_id =31
115661, CheckSpeItemWorkEvent 1 Item_id =818
115673, CheckSpeItemWorkEvent 1 Item_id =31
115809, CheckSpeItemWorkEvent 1 Item_id =31
115829, CheckSpeItemWorkEvent 1 Item_id =31
115849, CheckSpeItemWorkEvent 1 Item_id =31
115869, CheckSpeItemWorkEvent 1 Item_id =31
116277, CheckSpeItemWorkEvent 1 Item_id =318
116581, CheckSpeItemWorkEvent 1 Item_id =9
116753, CheckSpeItemWorkEvent 1 Item_id =655
117201, CheckSpeItemWorkEvent 1 Item_id =202
118141, CheckSpeItemWorkEvent 1 Item_id =31
118169, CheckSpeItemWorkEvent 1 Item_id =31
118181, CheckSpeItemWorkEvent 1 Item_id =500
118897, CheckSpeItemWorkEvent 1 Item_id =393
119257, CheckSpeItemWorkEvent 1 Item_id =31
119269, CheckSpeItemWorkEvent 1 Item_id =31
119305, CheckSpeItemWorkEvent 1 Item_id =31
119325, CheckSpeItemWorkEvent 1 Item_id =31
119385, CheckSpeItemWorkEvent 1 Item_id =309
119505, CheckSpeItemWorkEvent 1 Item_id =310
119637, CheckSpeItemWorkEvent 1 Item_id =311
119705, CheckSpeItemWorkEvent 1 Item_id =2172
120201, CheckSpeItemWorkEvent 1 Item_id =818
120553, CheckSpeItemWorkEvent 1 Item_id =31
120905, CheckSpeItemWorkEvent 1 Item_id =431
121109, CheckSpeItemWorkEvent 1 Item_id =667
121125, CheckSpeItemWorkEvent 1 Item_id =2182
121181, CheckSpeItemWorkEvent 1 Item_id =2177
121233, CheckSpeItemWorkEvent 1 Item_id =31
121253, CheckSpeItemWorkEvent 1 Item_id =31
121277, CheckSpeItemWorkEvent 1 Item_id =31
121297, CheckSpeItemWorkEvent 1 Item_id =31
121817, CheckSpeItemWorkEvent 1 Item_id =2165
122161, CheckSpeItemWorkEvent 1 Item_id =820
122509, CheckSpeItemWorkEvent 1 Item_id =31
122549, CheckSpeItemWorkEvent 1 Item_id =31
122569, CheckSpeItemWorkEvent 1 Item_id =31
122677, CheckSpeItemWorkEvent 1 Item_id =31
122761, CheckSpeItemWorkEvent 1 Item_id =31
122761, CheckSpeItemWorkEvent 1 Item_id =90
122793, CheckSpeItemWorkEvent 1 Item_id =31
122809, CheckSpeItemWorkEvent 1 Item_id =31
122841, CheckSpeItemWorkEvent 1 Item_id =31
122973, CheckSpeItemWorkEvent 1 Item_id =651
123369, CheckSpeItemWorkEvent 1 Item_id =2142
123453, CheckSpeItemWorkEvent 1 Item_id =31
123493, CheckSpeItemWorkEvent 1 Item_id =31
123533, CheckSpeItemWorkEvent 1 Item_id =31
124753, CheckSpeItemWorkEvent 1 Item_id =31
124773, CheckSpeItemWorkEvent 1 Item_id =31
124793, CheckSpeItemWorkEvent 1 Item_id =31
124813, CheckSpeItemWorkEvent 1 Item_id =31
124829, CheckSpeItemWorkEvent 1 Item_id =31
124925, CheckSpeItemWorkEvent 1 Item_id =78
125801, CheckSpeItemWorkEvent 1 Item_id =333
126801, CheckSpeItemWorkEvent 1 Item_id =41
128709, CheckSpeItemWorkEvent 1 Item_id =2142
128793, CheckSpeItemWorkEvent 1 Item_id =651
128861, CheckSpeItemWorkEvent 1 Item_id =320
129137, CheckSpeItemWorkEvent 1 Item_id =318
129181, CheckSpeItemWorkEvent 1 Item_id =2184
129205, CheckSpeItemWorkEvent 1 Item_id =31
129229, CheckSpeItemWorkEvent 1 Item_id =31
129265, CheckSpeItemWorkEvent 1 Item_id =31
129285, CheckSpeItemWorkEvent 1 Item_id =31
129305, CheckSpeItemWorkEvent 1 Item_id =31
129721, CheckSpeItemWorkEvent 1 Item_id =31
129961, CheckSpeItemWorkEvent 1 Item_id =91
130457, CheckSpeItemWorkEvent 1 Item_id =31
130477, CheckSpeItemWorkEvent 1 Item_id =31
130497, CheckSpeItemWorkEvent 1 Item_id =31
130517, CheckSpeItemWorkEvent 1 Item_id =31
131565, CheckSpeItemWorkEvent 1 Item_id =318
131589, CheckSpeItemWorkEvent 1 Item_id =820
131729, CheckSpeItemWorkEvent 1 Item_id =203
131861, CheckSpeItemWorkEvent 1 Item_id =31
131881, CheckSpeItemWorkEvent 1 Item_id =31
131905, CheckSpeItemWorkEvent 1 Item_id =31
131989, CheckSpeItemWorkEvent 1 Item_id =431
132361, CheckSpeItemWorkEvent 1 Item_id =309
132865, CheckSpeItemWorkEvent 1 Item_id =31
132885, CheckSpeItemWorkEvent 1 Item_id =31
132913, CheckSpeItemWorkEvent 1 Item_id =31
132929, CheckSpeItemWorkEvent 1 Item_id =31
132961, CheckSpeItemWorkEvent 1 Item_id =31
132989, CheckSpeItemWorkEvent 1 Item_id =2183
133185, CheckSpeItemWorkEvent 1 Item_id =117
133529, CheckSpeItemWorkEvent 1 Item_id =31
133549, CheckSpeItemWorkEvent 1 Item_id =31
133581, CheckSpeItemWorkEvent 1 Item_id =31
133597, CheckSpeItemWorkEvent 1 Item_id =31
133613, CheckSpeItemWorkEvent 1 Item_id =31
133633, CheckSpeItemWorkEvent 1 Item_id =31
133669, CheckSpeItemWorkEvent 1 Item_id =31
135261, CheckSpeItemWorkEvent 1 Item_id =323
135333, CheckSpeItemWorkEvent 1 Item_id =31
135357, CheckSpeItemWorkEvent 1 Item_id =31
135373, CheckSpeItemWorkEvent 1 Item_id =31
138113, CheckSpeItemWorkEvent 1 Item_id =31
138141, CheckSpeItemWorkEvent 1 Item_id =31
138153, CheckSpeItemWorkEvent 1 Item_id =20
138161, CheckSpeItemWorkEvent 1 Item_id =31
138181, CheckSpeItemWorkEvent 1 Item_id =31
138309, CheckSpeItemWorkEvent 1 Item_id =31
138337, CheckSpeItemWorkEvent 1 Item_id =308
138373, CheckSpeItemWorkEvent 1 Item_id =637
138405, CheckSpeItemWorkEvent 1 Item_id =31
138421, CheckSpeItemWorkEvent 1 Item_id =31
138429, CheckSpeItemWorkEvent 1 Item_id =2168
138437, CheckSpeItemWorkEvent 1 Item_id =31
138457, CheckSpeItemWorkEvent 1 Item_id =31
138473, CheckSpeItemWorkEvent 1 Item_id =31
138497, CheckSpeItemWorkEvent 1 Item_id =31
138517, CheckSpeItemWorkEvent 1 Item_id =31
138533, CheckSpeItemWorkEvent 1 Item_id =31
138537, CheckSpeItemWorkEvent 1 Item_id =451
139069, CheckSpeItemWorkEvent 1 Item_id =318
141021, CheckSpeItemWorkEvent 1 Item_id =655
141145, CheckSpeItemWorkEvent 1 Item_id =31
141173, CheckSpeItemWorkEvent 1 Item_id =31
141197, CheckSpeItemWorkEvent 1 Item_id =31
141217, CheckSpeItemWorkEvent 1 Item_id =31
142545, CheckSpeItemWorkEvent 1 Item_id =637
142801, CheckSpeItemWorkEvent 1 Item_id =31
142877, CheckSpeItemWorkEvent 1 Item_id =637
143837, CheckSpeItemWorkEvent 1 Item_id =31
143857, CheckSpeItemWorkEvent 1 Item_id =31
143873, CheckSpeItemWorkEvent 1 Item_id =31
143889, CheckSpeItemWorkEvent 1 Item_id =31
143933, CheckSpeItemWorkEvent 1 Item_id =88
144081, CheckSpeItemWorkEvent 1 Item_id =323
144093, CheckSpeItemWorkEvent 1 Item_id =31
144113, CheckSpeItemWorkEvent 1 Item_id =31
145389, CheckSpeItemWorkEvent 1 Item_id =501
145845, CheckSpeItemWorkEvent 1 Item_id =31
145865, CheckSpeItemWorkEvent 1 Item_id =31
145877, CheckSpeItemWorkEvent 1 Item_id =31
145893, CheckSpeItemWorkEvent 1 Item_id =31
145913, CheckSpeItemWorkEvent 1 Item_id =31
146517, CheckSpeItemWorkEvent 1 Item_id =2177
147653, CheckSpeItemWorkEvent 1 Item_id =2172
148829, GetSpeItemAdd 没有获胜， control_id=11
148829, GetSpeItemAdd 没有获胜， control_id=12
148829, GetSpeItemAdd 没有获胜， control_id=13
148829, GetSpeItemAdd 没有获胜， control_id=14
148829, GetSpeItemAdd 没有获胜， control_id=15
148829, GetSpeItemAdd 没有获胜， control_id=16
148829, GetSpeItemAdd 不是开局玩家， control_id=17
148829, GetSpeItemAdd 没有获胜， control_id=18
148829, GetSpeItemAdd 没有获胜， control_id=19
148829, GetSpeItemAdd 没有获胜， control_id=20
