5532, 2/193
5532, result=true
5619, 10/191
5619, result=true
9428, 2/181
9428, result=true
9527, 4/179
9527, result=true
33669, 1/175
33669, result=true
33741, 5/174
33741, result=true
33827, 10/169
33827, result=true
58291, 1/159
58291, result=true
58394, 5/158
58394, result=true
58541, 10/153
58541, result=true
59951, 2/143
59951, result=true
60032, 10/141
60032, result=true
60132, 20/131
60132, result=true
62138, 2/111
62138, result=true
62235, 10/109
62235, result=true
62319, 20/99
62319, result=true
68211, 2/79
68211, result=true
68297, 10/77
68297, result=true
76258, 2/67
76258, result=true
79038, 2/65
79038, result=true
79125, 10/63
79125, result=true
82687, 2/53
82687, result=true
87985, 2/51
87985, result=true
88076, 10/49
88076, result=true
88148, 20/39
88148, result=true
91473, 2/19
91473, result=true
91549, 10/17
91549, result=true
97969, 2/7
97969, result=true
112619, 2/5
112619, result=true
119401, 2/3
119401, result=true
