148534, ===[1][a酱油的面][曹休]===
148534, 0
148534, 0
148534, 0
148534, --------
148534, 凌统 精忠 ★
148534, 周泰 精忠 ★
148534, 甘宁 精忠 ★
148534, 青龙 ★ ★ ★
148534, 物理攻击 + 14.79
148534, 护甲穿透 + 2.08
148534, 暴击伤害 + 12.96％
148534, 基础攻击速度 + 3.6％
148534, 移动速度 + 14
148534, 攻击速度 + 12.96％
148534, 物理攻击 + 4.32％
148534, 冷却缩减 + 6.3％
148534, 生命偷取 + 8.64％
148534, 暴击概率 + 5.4％
148534, ===[2][夺命农夫][孙权]===
148534, 0
148534, 0
148534, 0
148534, --------
148534, 司马懿 精忠 ★ ★ ★
148534, 朱雀 ★ ★ ★
148534, 法术伤害 + 29.64
148534, 法术穿透 + 2.73
148534, 法术伤害 + 7.77％
148534, 冷却缩减 + 12.6％
148534, 移动速度 + 14
148534, 暴击概率 + 5.4％
148534, ===[3][hb落叶2][鲁肃]===
148534, 0
148534, 0
148534, 0
148534, --------
148534, 蒋琬 精忠 ★
148534, 马云禄 精忠 ★
148534, 青龙 ★ ★
148534, 朱雀 ★
148534, 法术伤害 + 29.64
148534, 法术穿透 + 2.73
148534, 法术暴击伤害 + 12.96％
148534, 法术穿透 + 13.5％
148534, 移动速度 + 9
148534, 法术伤害 + 2.59％
148534, ===[4][大大肉虫][黄盖]===
148534, 0
148534, 0
148534, 0
148534, --------
148534, 凌统 精忠 ★
148534, 白虎 ★ ★ ★
148534, 物理攻击 + 14.79
148534, 攻击速度 + 25.92％
148534, 护甲穿透 + 13.5％
148534, 控制时间减免 + 8.64％
148534, 移动速度 + 9
148534, 护甲穿透 + 1.04
148534, 物理攻击 + 4.32％
148534, 暴击伤害 + 12.96％
148534, ===[5][zxc52283877][甄姬]===
148534, 0
148534, 0
148534, --------
148534, 吕布 精忠 ★ ★
148534, 白虎 ★ ★
148534, 物理攻击 + 9.86
148534, 击中生命恢复 + 25.92
148534, 物理攻击 + 4.32％
148534, 护甲穿透 + 4.5％
148534, 移动速度 + 13.8
148534, 护甲穿透 + 1.04
148534, 生命上限 + 3.24％
148534, 生命上限 + 75
148534, ===[6][流水落花春落去][邓艾]===
148534, 0
148534, 0
148534, 0
148534, --------
148534, 马岱 精忠 ★ ★ ★
148534, 白虎 ★ ★ ★
148534, 物理攻击 + 14.79
148534, 击中生命恢复 + 25.92
148534, 控制时间减免 + 8.64％
148534, 移动速度 + 20.8
148534, 生命上限 + 75
148534, 护甲穿透 + 1.04
148534, 物理攻击 + 4.32％
148534, 基础攻击速度 + 7.2％
148534, 攻击速度 + 12.96％
148534, 暴击伤害 + 12.96％
148534, ===[7][随风少不了落叶][祝融夫人]===
148534, 0
148534, 0
148534, 0
148534, --------
148534, 马岱 精忠 ★ ★ ★
148534, 白虎 ★ ★ ★
148534, 物理攻击 + 14.79
148534, 击中生命恢复 + 25.92
148534, 暴击伤害 + 12.96％
148534, 暴击概率 + 5.4％
148534, 移动速度 + 12
148534, 护甲穿透 + 2.08
148534, 物理攻击 + 4.32％
148534, 基础攻击速度 + 3.6％
148534, 生命偷取 + 8.64％
148534, 护甲穿透 + 4.5％
148534, ===[8][每月硬2次][张鸳鸳]===
148534, 0
148534, 0
148534, 0
148534, --------
148534, 赵云 精忠 ★
148534, 周泰 精忠 ★
148534, 吕布 精忠 ★
148534, 玄武 ★ ★ ★
148534, 生命上限 + 222.27
148534, 伤害减免 + 8.1％
148534, 法术穿透 + 0.91
148534, 法术伤害 + 2.59％
148534, 移动速度 + 12
148534, 攻击速度 + 12.96％
148534, 控制时间减免 + 8.64％
148534, 生命偷取 + 8.64％
148534, 法力上限 + 103.68
148534, ===[9][逐丶翼][贾诩]===
148534, 0
148534, 0
148534, 0
148534, --------
148534, 贾诩 精忠 ★ ★ ★
148534, 玄武 ★ ★ ★
148534, 攻击速度 + 12.96％
148534, 伤害减免 + 2.7％
148534, 法术伤害 + 29.64
148534, 法术吸血 + 8.64％
148534, 移动速度 + 10
148534, 法术穿透 + 1.82
148534, 法术穿透 + 9％
148534, 控制时间减免 + 8.64％
148534, ===[10][肾宝味道好极老][赵云]===
148534, 0
148534, 0
148534, 0
148534, --------
148534, 孙权 精忠 ★
148534, 青龙 ★
148534, 朱雀 ★ ★
148534, 物理攻击 + 14.79
148534, 护甲穿透 + 3.12
148534, 物理攻击 + 12.96％
148534, 护甲穿透 + 9％
148534, 移动速度 + 16.8
148534, 生命上限 + 75
148534, ===[11][搞死战龙618][蒋琬]===
148534, 0
148534, 0
148534, 0
148534, --------
148534, 典韦 精忠 ★
148534, 青龙 ★
148534, 玄武 ★ ★
148534, 生命上限 + 299.09
148534, 每秒生命恢复 + 2.59
148534, 生命上限 + 3.24％
148534, 移动速度 + 32.4
148534, 击中生命恢复 + 51.84
148534, 物理攻击 + 4.32％
148534, 法术伤害 + 9.88
148534, 物理攻击 + 4.93
148534, 暴击伤害 + 12.96％
148534, ===[12][Q愤怒的小鸟Q][甘宁]===
148534, 0
148534, 0
148534, 0
148534, --------
148534, 甘宁 精忠 ★ ★ ★
148534, 玄武 ★ ★ ★
148534, 生命上限 + 297.27
148534, 物理防御 + 1.56
148534, 每秒获得金钱 + 0.65
148534, 冷却缩减 + 6.3％
148534, 移动速度 + 19.8
148534, 击中生命恢复 + 25.92
148534, 物理攻击 + 4.32％
148534, 伤害减免 + 2.7％
148534, 法术抗性 + 1.56
148534, 控制时间减免 + 8.64％
148534, ===[13][q345697223][曹丕]===
148534, 0
148534, 0
148534, 0
148534, --------
148534, 曹丕 精忠 ★ ★ ★
148534, 朱雀 ★ ★ ★
148534, 法术伤害 + 19.76
148534, 法术穿透 + 1.82
148534, 法术吸血 + 8.64％
148534, 法术穿透 + 4.5％
148534, 移动速度 + 16.8
148534, 击中生命恢复 + 25.92
148534, 生命上限 + 149.09
148534, 护甲穿透 + 4.5％
148534, 法术伤害 + 2.59％
148534, ===[14][唐宫美人天下7][左慈]===
148534, 0
148534, --------
148534, 马超 精忠 ★
148534, 朱雀 ★
148534, 法术抗性 + 1.56
148534, 生命上限 + 3.24％
148534, 法术伤害 + 9.88
148534, 法术穿透 + 4.5％
148534, 移动速度 + 3
148534, ===[15][q421628632][马云禄]===
148534, 0
148534, 0
148534, 0
148534, --------
148534, 黄忠 精忠 ★
148534, 青龙 ★
148534, 白虎 ★
148534, 玄武 ★
148534, 物理攻击 + 14.79
148534, 攻击速度 + 12.96％
148534, 暴击伤害 + 25.92％
148534, 护甲穿透 + 9％
148534, 移动速度 + 11
148534, 护甲穿透 + 2.08
148534, 基础攻击速度 + 3.6％
148534, 生命上限 + 3.24％
148534, ===[16][z824542097][马岱]===
148534, 0
148534, 0
148534, 0
148534, --------
148534, 祝融夫人 精忠 ★
148534, 张辽 精忠 ★
148534, 曹丕 精忠 ★
148534, 白虎 ★ ★
148534, 玄武 ★
148534, 物理攻击 + 14.79
148534, 击中生命恢复 + 25.92
148534, 基础攻击速度 + 3.6％
148534, 控制时间减免 + 17.28％
148534, 移动速度 + 13
148534, 物理攻击 + 4.32％
148534, 护甲穿透 + 4.5％
148534, 法术穿透 + 0.91
148534, 攻击速度 + 12.96％
148534, 冷却缩减 + 6.3％
148534, ===[17][狂战天下star0][马超]===
148534, 0
148534, 0
148534, --------
148534, 李严 精忠 ★
148534, 蒋钦 精忠 ★
148534, 青龙 ★ ★
148534, 物理攻击 + 9.86
148534, 护甲穿透 + 2.08
148534, 物理攻击 + 8.64％
148534, 冷却缩减 + 6.3％
148534, 移动速度 + 15.8
148534, 生命上限 + 75
148534, ===[18][Magic丶疯龙][许褚]===
148534, 0
148534, 0
148534, 0
148534, --------
148534, 典韦 精忠 ★
148534, 孙策 精忠 ★
148534, 贾诩 精忠 ★
148534, 青龙 ★ ★ ★
148534, 攻击速度 + 38.88％
148534, 物理攻击 + 4.32％
148534, 护甲穿透 + 4.5％
148534, 生命上限 + 224.09
148534, 移动速度 + 24.6
148534, 物理攻击 + 9.86
148534, 暴击伤害 + 25.92％
148534, ===[19][风吹走了落叶][荀]===
148534, 0
148534, 0
148534, 0
148534, --------
148534, 荀攸 精忠 ★
148534, 周瑜 精忠 ★
148534, 蒋琬 精忠 ★
148534, 青龙 ★
148534, 白虎 ★
148534, 玄武 ★
148534, 移动速度 + 19.8
148534, 法术伤害 + 29.64
148534, 法术穿透 + 1.82
148534, 法术吸血 + 4.32％
148534, 生命上限 + 75
148534, 每秒生命恢复 + 2.59
148534, 法术暴击伤害 + 6.48％
148534, 法术暴击概率 + 4.5％
148534, 控制时间减免 + 8.64％
148534, 冷却缩减 + 6.3％
148534, ===[20][右耳钉丶残恋][蒋钦]===
148534, 0
148534, 0
148534, 0
148534, --------
148534, 甘宁 精忠 ★
148534, 颜良 精忠 ★
148534, 鲁肃 精忠 ★
148534, 青龙 ★ ★ ★
148534, 物理攻击 + 14.79
148534, 击中生命恢复 + 25.92
148534, 生命偷取 + 8.64％
148534, 护甲穿透 + 9％
148534, 移动速度 + 16.8
148534, 护甲穿透 + 1.04
148534, 物理攻击 + 8.64％
148534, 物理防御 + 1.56
148534, 生命上限 + 75
