0, map_preloadres()
1269,  pos=17Œª÷√ÕÊº“’˝≥£ÕÀ≥ˆ
1269, i=:1    ,tab_infor[i].isfree:0 ,tab_infor[i].control= 1 ,tab_infor[i].side =1 ,tab_infor[i].hero_id =Œﬁ ,tab_infor[i].kill_num =0 , tab_infor[i].death_num =0 ,tab_infor[i].use_id =104253295 ,tab_infor[i].disconnectiontime= 0
1269, i=:2    ,tab_infor[i].isfree:0 ,tab_infor[i].control= 2 ,tab_infor[i].side =1 ,tab_infor[i].hero_id =Œﬁ ,tab_infor[i].kill_num =0 , tab_infor[i].death_num =0 ,tab_infor[i].use_id =96471932 ,tab_infor[i].disconnectiontime= 0
1269, i=:3    ,tab_infor[i].isfree:0 ,tab_infor[i].control= 3 ,tab_infor[i].side =1 ,tab_infor[i].hero_id =Œﬁ ,tab_infor[i].kill_num =0 , tab_infor[i].death_num =0 ,tab_infor[i].use_id =100837132 ,tab_infor[i].disconnectiontime= 0
1269, i=:4    ,tab_infor[i].isfree:0 ,tab_infor[i].control= 4 ,tab_infor[i].side =1 ,tab_infor[i].hero_id =Œﬁ ,tab_infor[i].kill_num =0 , tab_infor[i].death_num =0 ,tab_infor[i].use_id =66342756 ,tab_infor[i].disconnectiontime= 0
1269, i=:5    ,tab_infor[i].isfree:0 ,tab_infor[i].control= 5 ,tab_infor[i].side =1 ,tab_infor[i].hero_id =Œﬁ ,tab_infor[i].kill_num =0 , tab_infor[i].death_num =0 ,tab_infor[i].use_id =66785472 ,tab_infor[i].disconnectiontime= 0
1269, i=:6    ,tab_infor[i].isfree:0 ,tab_infor[i].control= 6 ,tab_infor[i].side =1 ,tab_infor[i].hero_id =Œﬁ ,tab_infor[i].kill_num =0 , tab_infor[i].death_num =0 ,tab_infor[i].use_id =114104585 ,tab_infor[i].disconnectiontime= 0
1269, i=:7    ,tab_infor[i].isfree:0 ,tab_infor[i].control= 7 ,tab_infor[i].side =1 ,tab_infor[i].hero_id =◊£»⁄∑Ú»À ,tab_infor[i].kill_num =0 , tab_infor[i].death_num =0 ,tab_infor[i].use_id =60671212 ,tab_infor[i].disconnectiontime= 0
1269, i=:8    ,tab_infor[i].isfree:0 ,tab_infor[i].control= 8 ,tab_infor[i].side =1 ,tab_infor[i].hero_id =Œﬁ ,tab_infor[i].kill_num =0 , tab_infor[i].death_num =0 ,tab_infor[i].use_id =34706570 ,tab_infor[i].disconnectiontime= 0
1269, i=:9    ,tab_infor[i].isfree:0 ,tab_infor[i].control= 9 ,tab_infor[i].side =1 ,tab_infor[i].hero_id =Œﬁ ,tab_infor[i].kill_num =0 , tab_infor[i].death_num =0 ,tab_infor[i].use_id =98370114 ,tab_infor[i].disconnectiontime= 0
1269, i=:10    ,tab_infor[i].isfree:0 ,tab_infor[i].control= 10 ,tab_infor[i].side =1 ,tab_infor[i].hero_id =Œﬁ ,tab_infor[i].kill_num =0 , tab_infor[i].death_num =0 ,tab_infor[i].use_id =116946780 ,tab_infor[i].disconnectiontime= 0
1269, i=:11    ,tab_infor[i].isfree:0 ,tab_infor[i].control= 11 ,tab_infor[i].side =2 ,tab_infor[i].hero_id =ΩØÁ˛ ,tab_infor[i].kill_num =0 , tab_infor[i].death_num =0 ,tab_infor[i].use_id =65111751 ,tab_infor[i].disconnectiontime= 0
1269, i=:12    ,tab_infor[i].isfree:0 ,tab_infor[i].control= 12 ,tab_infor[i].side =2 ,tab_infor[i].hero_id =Œﬁ ,tab_infor[i].kill_num =0 , tab_infor[i].death_num =0 ,tab_infor[i].use_id =72869641 ,tab_infor[i].disconnectiontime= 0
1269, i=:13    ,tab_infor[i].isfree:0 ,tab_infor[i].control= 13 ,tab_infor[i].side =2 ,tab_infor[i].hero_id =≤‹ÿß ,tab_infor[i].kill_num =0 , tab_infor[i].death_num =0 ,tab_infor[i].use_id =5253261 ,tab_infor[i].disconnectiontime= 0
1269, i=:14    ,tab_infor[i].isfree:0 ,tab_infor[i].control= 14 ,tab_infor[i].side =2 ,tab_infor[i].hero_id =Œﬁ ,tab_infor[i].kill_num =0 , tab_infor[i].death_num =0 ,tab_infor[i].use_id =100230514 ,tab_infor[i].disconnectiontime= 0
1269, i=:15    ,tab_infor[i].isfree:0 ,tab_infor[i].control= 15 ,tab_infor[i].side =2 ,tab_infor[i].hero_id =Œﬁ ,tab_infor[i].kill_num =0 , tab_infor[i].death_num =0 ,tab_infor[i].use_id =83275412 ,tab_infor[i].disconnectiontime= 0
1269, i=:16    ,tab_infor[i].isfree:0 ,tab_infor[i].control= 16 ,tab_infor[i].side =2 ,tab_infor[i].hero_id =¬Ì·∑ ,tab_infor[i].kill_num =0 , tab_infor[i].death_num =0 ,tab_infor[i].use_id =33276634 ,tab_infor[i].disconnectiontime= 0
1269, i=:17    ,tab_infor[i].isfree:2 ,tab_infor[i].control= 17 ,tab_infor[i].side =2 ,tab_infor[i].hero_id =¬Ì≥¨ ,tab_infor[i].kill_num =0 , tab_infor[i].death_num =0 ,tab_infor[i].use_id =116394132 ,tab_infor[i].disconnectiontime= 0
1269, i=:18    ,tab_infor[i].isfree:0 ,tab_infor[i].control= 18 ,tab_infor[i].side =2 ,tab_infor[i].hero_id =Œﬁ ,tab_infor[i].kill_num =0 , tab_infor[i].death_num =0 ,tab_infor[i].use_id =99426780 ,tab_infor[i].disconnectiontime= 0
1269, i=:19    ,tab_infor[i].isfree:0 ,tab_infor[i].control= 19 ,tab_infor[i].side =2 ,tab_infor[i].hero_id =Œﬁ ,tab_infor[i].kill_num =0 , tab_infor[i].death_num =0 ,tab_infor[i].use_id =67259419 ,tab_infor[i].disconnectiontime= 0
1269, i=:20    ,tab_infor[i].isfree:0 ,tab_infor[i].control= 20 ,tab_infor[i].side =2 ,tab_infor[i].hero_id =Œﬁ ,tab_infor[i].kill_num =0 , tab_infor[i].death_num =0 ,tab_infor[i].use_id =109175625 ,tab_infor[i].disconnectiontime= 0
1269, free_local = 0 _____________________
15797,  pos=17Œª÷√ÕÊº“º”»Î”Œœ∑
15797, i=:1    ,tab_infor[i].isfree:0 ,tab_infor[i].control= 1 ,tab_infor[i].side =1 ,tab_infor[i].hero_id =≤‹–› ,tab_infor[i].kill_num =0 , tab_infor[i].death_num =1 ,tab_infor[i].use_id =104253295 ,tab_infor[i].disconnectiontime= 0
15797, i=:2    ,tab_infor[i].isfree:0 ,tab_infor[i].control= 2 ,tab_infor[i].side =1 ,tab_infor[i].hero_id =ÀÔ»® ,tab_infor[i].kill_num =0 , tab_infor[i].death_num =0 ,tab_infor[i].use_id =96471932 ,tab_infor[i].disconnectiontime= 0
15797, i=:3    ,tab_infor[i].isfree:0 ,tab_infor[i].control= 3 ,tab_infor[i].side =1 ,tab_infor[i].hero_id =¬≥À‡ ,tab_infor[i].kill_num =0 , tab_infor[i].death_num =0 ,tab_infor[i].use_id =100837132 ,tab_infor[i].disconnectiontime= 0
15797, i=:4    ,tab_infor[i].isfree:0 ,tab_infor[i].control= 4 ,tab_infor[i].side =1 ,tab_infor[i].hero_id =ª∆∏« ,tab_infor[i].kill_num =0 , tab_infor[i].death_num =1 ,tab_infor[i].use_id =66342756 ,tab_infor[i].disconnectiontime= 0
15797, i=:5    ,tab_infor[i].isfree:0 ,tab_infor[i].control= 5 ,tab_infor[i].side =1 ,tab_infor[i].hero_id =’Áºß ,tab_infor[i].kill_num =2 , tab_infor[i].death_num =0 ,tab_infor[i].use_id =66785472 ,tab_infor[i].disconnectiontime= 0
15797, i=:6    ,tab_infor[i].isfree:0 ,tab_infor[i].control= 6 ,tab_infor[i].side =1 ,tab_infor[i].hero_id =µÀ∞¨ ,tab_infor[i].kill_num =1 , tab_infor[i].death_num =1 ,tab_infor[i].use_id =114104585 ,tab_infor[i].disconnectiontime= 0
15797, i=:7    ,tab_infor[i].isfree:0 ,tab_infor[i].control= 7 ,tab_infor[i].side =1 ,tab_infor[i].hero_id =◊£»⁄∑Ú»À ,tab_infor[i].kill_num =0 , tab_infor[i].death_num =1 ,tab_infor[i].use_id =60671212 ,tab_infor[i].disconnectiontime= 0
15797, i=:8    ,tab_infor[i].isfree:0 ,tab_infor[i].control= 8 ,tab_infor[i].side =1 ,tab_infor[i].hero_id =’≈‘ß‘ß ,tab_infor[i].kill_num =1 , tab_infor[i].death_num =0 ,tab_infor[i].use_id =34706570 ,tab_infor[i].disconnectiontime= 0
15797, i=:9    ,tab_infor[i].isfree:0 ,tab_infor[i].control= 9 ,tab_infor[i].side =1 ,tab_infor[i].hero_id =º÷⁄º ,tab_infor[i].kill_num =1 , tab_infor[i].death_num =1 ,tab_infor[i].use_id =98370114 ,tab_infor[i].disconnectiontime= 0
15797, i=:10    ,tab_infor[i].isfree:0 ,tab_infor[i].control= 10 ,tab_infor[i].side =1 ,tab_infor[i].hero_id =’‘‘∆ ,tab_infor[i].kill_num =0 , tab_infor[i].death_num =1 ,tab_infor[i].use_id =116946780 ,tab_infor[i].disconnectiontime= 0
15797, i=:11    ,tab_infor[i].isfree:0 ,tab_infor[i].control= 11 ,tab_infor[i].side =2 ,tab_infor[i].hero_id =ΩØÁ˛ ,tab_infor[i].kill_num =2 , tab_infor[i].death_num =0 ,tab_infor[i].use_id =65111751 ,tab_infor[i].disconnectiontime= 0
15797, i=:12    ,tab_infor[i].isfree:0 ,tab_infor[i].control= 12 ,tab_infor[i].side =2 ,tab_infor[i].hero_id =∏ ƒ˛ ,tab_infor[i].kill_num =0 , tab_infor[i].death_num =1 ,tab_infor[i].use_id =72869641 ,tab_infor[i].disconnectiontime= 0
15797, i=:13    ,tab_infor[i].isfree:0 ,tab_infor[i].control= 13 ,tab_infor[i].side =2 ,tab_infor[i].hero_id =≤‹ÿß ,tab_infor[i].kill_num =0 , tab_infor[i].death_num =1 ,tab_infor[i].use_id =5253261 ,tab_infor[i].disconnectiontime= 0
15797, i=:14    ,tab_infor[i].isfree:0 ,tab_infor[i].control= 14 ,tab_infor[i].side =2 ,tab_infor[i].hero_id =◊Û¥» ,tab_infor[i].kill_num =0 , tab_infor[i].death_num =0 ,tab_infor[i].use_id =100230514 ,tab_infor[i].disconnectiontime= 0
15797, i=:15    ,tab_infor[i].isfree:0 ,tab_infor[i].control= 15 ,tab_infor[i].side =2 ,tab_infor[i].hero_id =¬Ì‘∆¬ª ,tab_infor[i].kill_num =0 , tab_infor[i].death_num =1 ,tab_infor[i].use_id =83275412 ,tab_infor[i].disconnectiontime= 0
15797, i=:16    ,tab_infor[i].isfree:0 ,tab_infor[i].control= 16 ,tab_infor[i].side =2 ,tab_infor[i].hero_id =¬Ì·∑ ,tab_infor[i].kill_num =2 , tab_infor[i].death_num =1 ,tab_infor[i].use_id =33276634 ,tab_infor[i].disconnectiontime= 0
15797, i=:17    ,tab_infor[i].isfree:0 ,tab_infor[i].control= 17 ,tab_infor[i].side =2 ,tab_infor[i].hero_id =¬Ì≥¨ ,tab_infor[i].kill_num =0 , tab_infor[i].death_num =0 ,tab_infor[i].use_id =109399511 ,tab_infor[i].disconnectiontime= 0
15797, i=:18    ,tab_infor[i].isfree:0 ,tab_infor[i].control= 18 ,tab_infor[i].side =2 ,tab_infor[i].hero_id =–ÌÒ“ ,tab_infor[i].kill_num =0 , tab_infor[i].death_num =0 ,tab_infor[i].use_id =99426780 ,tab_infor[i].disconnectiontime= 0
15797, i=:19    ,tab_infor[i].isfree:0 ,tab_infor[i].control= 19 ,tab_infor[i].side =2 ,tab_infor[i].hero_id =‹˜è™ ,tab_infor[i].kill_num =0 , tab_infor[i].death_num =1 ,tab_infor[i].use_id =67259419 ,tab_infor[i].disconnectiontime= 0
15797, i=:20    ,tab_infor[i].isfree:0 ,tab_infor[i].control= 20 ,tab_infor[i].side =2 ,tab_infor[i].hero_id =ΩØ«’ ,tab_infor[i].kill_num =2 , tab_infor[i].death_num =0 ,tab_infor[i].use_id =109175625 ,tab_infor[i].disconnectiontime= 0
15797, free_local = 0 _____________________
15797,  XJ_LG_Event num=1
28037,  pos=17Œª÷√ÕÊº“’˝≥£ÕÀ≥ˆ
28037, i=:1    ,tab_infor[i].isfree:0 ,tab_infor[i].control= 1 ,tab_infor[i].side =1 ,tab_infor[i].hero_id =≤‹–› ,tab_infor[i].kill_num =1 , tab_infor[i].death_num =3 ,tab_infor[i].use_id =104253295 ,tab_infor[i].disconnectiontime= 0
28037, i=:2    ,tab_infor[i].isfree:0 ,tab_infor[i].control= 2 ,tab_infor[i].side =1 ,tab_infor[i].hero_id =ÀÔ»® ,tab_infor[i].kill_num =1 , tab_infor[i].death_num =0 ,tab_infor[i].use_id =96471932 ,tab_infor[i].disconnectiontime= 0
28037, i=:3    ,tab_infor[i].isfree:0 ,tab_infor[i].control= 3 ,tab_infor[i].side =1 ,tab_infor[i].hero_id =¬≥À‡ ,tab_infor[i].kill_num =0 , tab_infor[i].death_num =1 ,tab_infor[i].use_id =100837132 ,tab_infor[i].disconnectiontime= 0
28037, i=:4    ,tab_infor[i].isfree:0 ,tab_infor[i].control= 4 ,tab_infor[i].side =1 ,tab_infor[i].hero_id =ª∆∏« ,tab_infor[i].kill_num =0 , tab_infor[i].death_num =3 ,tab_infor[i].use_id =66342756 ,tab_infor[i].disconnectiontime= 0
28037, i=:5    ,tab_infor[i].isfree:0 ,tab_infor[i].control= 5 ,tab_infor[i].side =1 ,tab_infor[i].hero_id =’Áºß ,tab_infor[i].kill_num =3 , tab_infor[i].death_num =2 ,tab_infor[i].use_id =66785472 ,tab_infor[i].disconnectiontime= 0
28037, i=:6    ,tab_infor[i].isfree:0 ,tab_infor[i].control= 6 ,tab_infor[i].side =1 ,tab_infor[i].hero_id =µÀ∞¨ ,tab_infor[i].kill_num =1 , tab_infor[i].death_num =2 ,tab_infor[i].use_id =114104585 ,tab_infor[i].disconnectiontime= 0
28037, i=:7    ,tab_infor[i].isfree:0 ,tab_infor[i].control= 7 ,tab_infor[i].side =1 ,tab_infor[i].hero_id =◊£»⁄∑Ú»À ,tab_infor[i].kill_num =1 , tab_infor[i].death_num =1 ,tab_infor[i].use_id =60671212 ,tab_infor[i].disconnectiontime= 0
28037, i=:8    ,tab_infor[i].isfree:0 ,tab_infor[i].control= 8 ,tab_infor[i].side =1 ,tab_infor[i].hero_id =’≈‘ß‘ß ,tab_infor[i].kill_num =2 , tab_infor[i].death_num =1 ,tab_infor[i].use_id =34706570 ,tab_infor[i].disconnectiontime= 0
28037, i=:9    ,tab_infor[i].isfree:0 ,tab_infor[i].control= 9 ,tab_infor[i].side =1 ,tab_infor[i].hero_id =º÷⁄º ,tab_infor[i].kill_num =1 , tab_infor[i].death_num =2 ,tab_infor[i].use_id =98370114 ,tab_infor[i].disconnectiontime= 0
28037, i=:10    ,tab_infor[i].isfree:0 ,tab_infor[i].control= 10 ,tab_infor[i].side =1 ,tab_infor[i].hero_id =’‘‘∆ ,tab_infor[i].kill_num =2 , tab_infor[i].death_num =2 ,tab_infor[i].use_id =116946780 ,tab_infor[i].disconnectiontime= 0
28037, i=:11    ,tab_infor[i].isfree:0 ,tab_infor[i].control= 11 ,tab_infor[i].side =2 ,tab_infor[i].hero_id =ΩØÁ˛ ,tab_infor[i].kill_num =2 , tab_infor[i].death_num =0 ,tab_infor[i].use_id =65111751 ,tab_infor[i].disconnectiontime= 0
28037, i=:12    ,tab_infor[i].isfree:0 ,tab_infor[i].control= 12 ,tab_infor[i].side =2 ,tab_infor[i].hero_id =∏ ƒ˛ ,tab_infor[i].kill_num =1 , tab_infor[i].death_num =1 ,tab_infor[i].use_id =72869641 ,tab_infor[i].disconnectiontime= 0
28037, i=:13    ,tab_infor[i].isfree:0 ,tab_infor[i].control= 13 ,tab_infor[i].side =2 ,tab_infor[i].hero_id =≤‹ÿß ,tab_infor[i].kill_num =2 , tab_infor[i].death_num =1 ,tab_infor[i].use_id =5253261 ,tab_infor[i].disconnectiontime= 0
28037, i=:14    ,tab_infor[i].isfree:0 ,tab_infor[i].control= 14 ,tab_infor[i].side =2 ,tab_infor[i].hero_id =◊Û¥» ,tab_infor[i].kill_num =3 , tab_infor[i].death_num =1 ,tab_infor[i].use_id =100230514 ,tab_infor[i].disconnectiontime= 0
28037, i=:15    ,tab_infor[i].isfree:0 ,tab_infor[i].control= 15 ,tab_infor[i].side =2 ,tab_infor[i].hero_id =¬Ì‘∆¬ª ,tab_infor[i].kill_num =0 , tab_infor[i].death_num =2 ,tab_infor[i].use_id =83275412 ,tab_infor[i].disconnectiontime= 0
28037, i=:16    ,tab_infor[i].isfree:0 ,tab_infor[i].control= 16 ,tab_infor[i].side =2 ,tab_infor[i].hero_id =¬Ì·∑ ,tab_infor[i].kill_num =2 , tab_infor[i].death_num =2 ,tab_infor[i].use_id =33276634 ,tab_infor[i].disconnectiontime= 0
28037, i=:17    ,tab_infor[i].isfree:2 ,tab_infor[i].control= 17 ,tab_infor[i].side =2 ,tab_infor[i].hero_id =¬Ì≥¨ ,tab_infor[i].kill_num =2 , tab_infor[i].death_num =1 ,tab_infor[i].use_id =109399511 ,tab_infor[i].disconnectiontime= 0
28037, i=:18    ,tab_infor[i].isfree:0 ,tab_infor[i].control= 18 ,tab_infor[i].side =2 ,tab_infor[i].hero_id =–ÌÒ“ ,tab_infor[i].kill_num =1 , tab_infor[i].death_num =1 ,tab_infor[i].use_id =99426780 ,tab_infor[i].disconnectiontime= 0
28037, i=:19    ,tab_infor[i].isfree:0 ,tab_infor[i].control= 19 ,tab_infor[i].side =2 ,tab_infor[i].hero_id =‹˜è™ ,tab_infor[i].kill_num =0 , tab_infor[i].death_num =2 ,tab_infor[i].use_id =67259419 ,tab_infor[i].disconnectiontime= 0
28037, i=:20    ,tab_infor[i].isfree:0 ,tab_infor[i].control= 20 ,tab_infor[i].side =2 ,tab_infor[i].hero_id =ΩØ«’ ,tab_infor[i].kill_num =4 , tab_infor[i].death_num =1 ,tab_infor[i].use_id =109175625 ,tab_infor[i].disconnectiontime= 0
28037, free_local = 0 _____________________
40097,  pos=17Œª÷√ÕÊº“º”»Î”Œœ∑
40097, i=:1    ,tab_infor[i].isfree:0 ,tab_infor[i].control= 1 ,tab_infor[i].side =1 ,tab_infor[i].hero_id =≤‹–› ,tab_infor[i].kill_num =2 , tab_infor[i].death_num =4 ,tab_infor[i].use_id =104253295 ,tab_infor[i].disconnectiontime= 0
40097, i=:2    ,tab_infor[i].isfree:0 ,tab_infor[i].control= 2 ,tab_infor[i].side =1 ,tab_infor[i].hero_id =ÀÔ»® ,tab_infor[i].kill_num =1 , tab_infor[i].death_num =1 ,tab_infor[i].use_id =96471932 ,tab_infor[i].disconnectiontime= 0
40097, i=:3    ,tab_infor[i].isfree:0 ,tab_infor[i].control= 3 ,tab_infor[i].side =1 ,tab_infor[i].hero_id =¬≥À‡ ,tab_infor[i].kill_num =0 , tab_infor[i].death_num =1 ,tab_infor[i].use_id =100837132 ,tab_infor[i].disconnectiontime= 0
40097, i=:4    ,tab_infor[i].isfree:0 ,tab_infor[i].control= 4 ,tab_infor[i].side =1 ,tab_infor[i].hero_id =ª∆∏« ,tab_infor[i].kill_num =0 , tab_infor[i].death_num =6 ,tab_infor[i].use_id =66342756 ,tab_infor[i].disconnectiontime= 0
40097, i=:5    ,tab_infor[i].isfree:0 ,tab_infor[i].control= 5 ,tab_infor[i].side =1 ,tab_infor[i].hero_id =’Áºß ,tab_infor[i].kill_num =3 , tab_infor[i].death_num =3 ,tab_infor[i].use_id =66785472 ,tab_infor[i].disconnectiontime= 0
40097, i=:6    ,tab_infor[i].isfree:0 ,tab_infor[i].control= 6 ,tab_infor[i].side =1 ,tab_infor[i].hero_id =µÀ∞¨ ,tab_infor[i].kill_num =2 , tab_infor[i].death_num =4 ,tab_infor[i].use_id =114104585 ,tab_infor[i].disconnectiontime= 0
40097, i=:7    ,tab_infor[i].isfree:0 ,tab_infor[i].control= 7 ,tab_infor[i].side =1 ,tab_infor[i].hero_id =◊£»⁄∑Ú»À ,tab_infor[i].kill_num =4 , tab_infor[i].death_num =1 ,tab_infor[i].use_id =60671212 ,tab_infor[i].disconnectiontime= 0
40097, i=:8    ,tab_infor[i].isfree:0 ,tab_infor[i].control= 8 ,tab_infor[i].side =1 ,tab_infor[i].hero_id =’≈‘ß‘ß ,tab_infor[i].kill_num =2 , tab_infor[i].death_num =2 ,tab_infor[i].use_id =34706570 ,tab_infor[i].disconnectiontime= 0
40097, i=:9    ,tab_infor[i].isfree:0 ,tab_infor[i].control= 9 ,tab_infor[i].side =1 ,tab_infor[i].hero_id =º÷⁄º ,tab_infor[i].kill_num =2 , tab_infor[i].death_num =3 ,tab_infor[i].use_id =98370114 ,tab_infor[i].disconnectiontime= 0
40097, i=:10    ,tab_infor[i].isfree:0 ,tab_infor[i].control= 10 ,tab_infor[i].side =1 ,tab_infor[i].hero_id =’‘‘∆ ,tab_infor[i].kill_num =4 , tab_infor[i].death_num =3 ,tab_infor[i].use_id =116946780 ,tab_infor[i].disconnectiontime= 0
40097, i=:11    ,tab_infor[i].isfree:0 ,tab_infor[i].control= 11 ,tab_infor[i].side =2 ,tab_infor[i].hero_id =ΩØÁ˛ ,tab_infor[i].kill_num =4 , tab_infor[i].death_num =0 ,tab_infor[i].use_id =65111751 ,tab_infor[i].disconnectiontime= 0
40097, i=:12    ,tab_infor[i].isfree:0 ,tab_infor[i].control= 12 ,tab_infor[i].side =2 ,tab_infor[i].hero_id =∏ ƒ˛ ,tab_infor[i].kill_num =1 , tab_infor[i].death_num =1 ,tab_infor[i].use_id =72869641 ,tab_infor[i].disconnectiontime= 0
40097, i=:13    ,tab_infor[i].isfree:0 ,tab_infor[i].control= 13 ,tab_infor[i].side =2 ,tab_infor[i].hero_id =≤‹ÿß ,tab_infor[i].kill_num =5 , tab_infor[i].death_num =1 ,tab_infor[i].use_id =5253261 ,tab_infor[i].disconnectiontime= 0
40097, i=:14    ,tab_infor[i].isfree:0 ,tab_infor[i].control= 14 ,tab_infor[i].side =2 ,tab_infor[i].hero_id =◊Û¥» ,tab_infor[i].kill_num =4 , tab_infor[i].death_num =3 ,tab_infor[i].use_id =100230514 ,tab_infor[i].disconnectiontime= 0
40097, i=:15    ,tab_infor[i].isfree:0 ,tab_infor[i].control= 15 ,tab_infor[i].side =2 ,tab_infor[i].hero_id =¬Ì‘∆¬ª ,tab_infor[i].kill_num =0 , tab_infor[i].death_num =4 ,tab_infor[i].use_id =83275412 ,tab_infor[i].disconnectiontime= 0
40097, i=:16    ,tab_infor[i].isfree:0 ,tab_infor[i].control= 16 ,tab_infor[i].side =2 ,tab_infor[i].hero_id =¬Ì·∑ ,tab_infor[i].kill_num =4 , tab_infor[i].death_num =3 ,tab_infor[i].use_id =33276634 ,tab_infor[i].disconnectiontime= 0
40097, i=:17    ,tab_infor[i].isfree:0 ,tab_infor[i].control= 17 ,tab_infor[i].side =2 ,tab_infor[i].hero_id =¬Ì≥¨ ,tab_infor[i].kill_num =2 , tab_infor[i].death_num =1 ,tab_infor[i].use_id =101164913 ,tab_infor[i].disconnectiontime= 0
40097, i=:18    ,tab_infor[i].isfree:0 ,tab_infor[i].control= 18 ,tab_infor[i].side =2 ,tab_infor[i].hero_id =–ÌÒ“ ,tab_infor[i].kill_num =1 , tab_infor[i].death_num =2 ,tab_infor[i].use_id =99426780 ,tab_infor[i].disconnectiontime= 0
40097, i=:19    ,tab_infor[i].isfree:0 ,tab_infor[i].control= 19 ,tab_infor[i].side =2 ,tab_infor[i].hero_id =‹˜è™ ,tab_infor[i].kill_num =1 , tab_infor[i].death_num =3 ,tab_infor[i].use_id =67259419 ,tab_infor[i].disconnectiontime= 0
40097, i=:20    ,tab_infor[i].isfree:0 ,tab_infor[i].control= 20 ,tab_infor[i].side =2 ,tab_infor[i].hero_id =ΩØ«’ ,tab_infor[i].kill_num =6 , tab_infor[i].death_num =2 ,tab_infor[i].use_id =109175625 ,tab_infor[i].disconnectiontime= 0
40097, free_local = 0 _____________________
40097,  XJ_LG_Event num=1
