148829, 104253295,a酱油的面,276,2
148829, 96471932,夺命农夫,188,0
148829, 100837132,hb落叶2,204,0
148829, 66342756,大大肉虫,259,0
148829, 66785472,zxc52283877,180,8
148829, 114104585,流水落花春落去,255,0
148829, 60671212,随风少不了落叶,85,4
148829, 34706570,每月硬2次,337,0
148829, 98370114,逐丶翼,146,0
148829, 116946780,肾宝味道好极老,60,17
148829, 65111751,搞死战龙618,277,0
148829, 72869641,Q愤怒的小鸟Q,218,832
148829, 5253261,q345697223,223,1152
148829, 100230514,唐宫美人天下7,315,0
148829, 83275412,q421628632,328,0
148829, 33276634,z824542097,141,0
148829, 101164913,狂战天下star0,149,0
148829, 99426780,Magic丶疯龙,193,0
148829, 67259419,风吹走了落叶,261,32
148829, 109175625,右耳钉丶残恋,262,0
