1269, 存储数据, 玩家17,衍哥带你飞,1项画质: 1	数据长度是1	数据类型为number
1269, 存储数据, 玩家17,衍哥带你飞,2项滚屏速度: 8	数据长度是8	数据类型为number
1269, 存储数据, 玩家17,衍哥带你飞,3项更新内容面板开关: 0	数据长度是1	数据类型为number
1269, 存储数据, 玩家17,衍哥带你飞,4项游戏版本号: 1696	数据长度是16	数据类型为number
1269, 存储数据, 玩家17,衍哥带你飞,5项语音: 0	数据长度是1	数据类型为number
1269, 存储数据, 玩家17,衍哥带你飞,6项音响: 0	数据长度是1	数据类型为number
1269, 存储数据, 玩家17,衍哥带你飞,7项麦克风: 1	数据长度是1	数据类型为number
1269, 存储数据, 玩家17,衍哥带你飞,8项音响大小: 0	数据长度是8	数据类型为number
1269, 存储数据, 玩家17,衍哥带你飞,9项麦克风大小: 0	数据长度是8	数据类型为number
1269, 存储数据, 玩家17,衍哥带你飞,10项未知: 1	数据长度是1	数据类型为number
1269, 存储数据, 玩家17,衍哥带你飞,11项光照: 100	数据长度是8	数据类型为number
1269, 存储数据, 玩家17,衍哥带你飞,12项新F11面板模式: 0	数据长度是1	数据类型为number
1269, 存储数据, 玩家17,衍哥带你飞,13项血条区分敌我: 0	数据长度是1	数据类型为number
1269, 存储数据, 玩家17,衍哥带你飞,14项快捷键1: 41	数据长度是16	数据类型为number
1269, 存储数据, 玩家17,衍哥带你飞,15项快捷键2: 43	数据长度是16	数据类型为number
1269, 存储数据, 玩家17,衍哥带你飞,16项快捷键3: 61	数据长度是16	数据类型为number
1269, 存储数据, 玩家17,衍哥带你飞,17项快捷键4: 42	数据长度是16	数据类型为number
1269, 存储数据, 玩家17,衍哥带你飞,18项快捷键5: 56	数据长度是16	数据类型为number
1269, 存储数据, 玩家17,衍哥带你飞,19项快捷键6: 53	数据长度是16	数据类型为number
1269, 存储数据, 玩家17,衍哥带你飞,20项快捷键7: 29	数据长度是16	数据类型为number
1269, 存储数据, 玩家17,衍哥带你飞,21项快捷键8: 30	数据长度是16	数据类型为number
1269, 存储数据, 玩家17,衍哥带你飞,22项快捷键9: 31	数据长度是16	数据类型为number
1269, 存储数据, 玩家17,衍哥带你飞,23项快捷键10: 32	数据长度是16	数据类型为number
1269, 存储数据, 玩家17,衍哥带你飞,24项快捷键11: 33	数据长度是16	数据类型为number
1269, 存储数据, 玩家17,衍哥带你飞,25项快捷键12: 62	数据长度是16	数据类型为number
1269, 存储数据, 玩家17,衍哥带你飞,26项快捷键13: 547	数据长度是16	数据类型为number
1269, 存储数据, 玩家17,衍哥带你飞,27项快捷键14: 548	数据长度是16	数据类型为number
1269, 存储数据, 玩家17,衍哥带你飞,28项快捷键15: 549	数据长度是16	数据类型为number
1269, 存储数据, 玩家17,衍哥带你飞,29项快捷键16: 573	数据长度是16	数据类型为number
1269, 存储数据, 玩家17,衍哥带你飞,30项快捷键17: 555	数据长度是16	数据类型为number
1269, 存储数据, 玩家17,衍哥带你飞,31项快捷键18: 568	数据长度是16	数据类型为number
1269, 存储数据, 玩家17,衍哥带你飞,32项是否显示刀光: 1	数据长度是1	数据类型为number
1269, 存储数据, 玩家17,衍哥带你飞,33项显示刀光编号: 1	数据长度是8	数据类型为number
1269, 存储数据, 玩家17,衍哥带你飞,34项不显示翅膀: 1	数据长度是1	数据类型为number
1269, 存储数据, 玩家17,衍哥带你飞,35项显示翅膀编号: 0	数据长度是8	数据类型为number
1269, 存储数据, 玩家17,衍哥带你飞,36项孔明灯: 0	数据长度是8	数据类型为number
1269, 存储数据, 玩家17,衍哥带你飞,37项免控表现: 0	数据长度是8	数据类型为number
1269, 存储数据, 玩家17,衍哥带你飞,38项窗口锁定: 0	数据长度是8	数据类型为number
1269, 存储数据, 玩家17,衍哥带你飞,39项打孔明灯: 0	数据长度是8	数据类型为number
1269, 存储数据, 玩家17,衍哥带你飞,40项小地图头像: 0	数据长度是8	数据类型为number
1269, 存储数据, 玩家17,衍哥带你飞,41项画笔库6: 0	数据长度是8	数据类型为number
1269, 存储数据, 玩家17,衍哥带你飞,42项画笔库7: 0	数据长度是8	数据类型为number
1269, 存储数据, 玩家17,衍哥带你飞,43项画笔库8: 0	数据长度是8	数据类型为number
1269, 存储数据, 玩家17,衍哥带你飞,44项会员功能1: 1	数据长度是1	数据类型为number
1269, 存储数据, 玩家17,衍哥带你飞,45项会员功能2: 1	数据长度是1	数据类型为number
1269, 存储数据, 玩家17,衍哥带你飞,46项会员功能3: 1	数据长度是1	数据类型为number
1269, 存储数据, 玩家17,衍哥带你飞,47项会员功能4: 1	数据长度是1	数据类型为number
1269, 存储数据, 玩家17,衍哥带你飞,48项会员功能5: 1	数据长度是1	数据类型为number
1269, 存储数据, 玩家17,衍哥带你飞,49项会员功能6: 1	数据长度是1	数据类型为number
1269, 存储数据, 玩家17,衍哥带你飞,50项会员功能7: 1	数据长度是1	数据类型为number
1269, 存储数据, 玩家17,衍哥带你飞,51项会员功能8: 1	数据长度是1	数据类型为number
1269, 存储数据, 玩家17,衍哥带你飞,52项新商店左侧扩展面板: 1	数据长度是1	数据类型为number
1269, 存储数据, 玩家17,衍哥带你飞,53项新商店上部扩展面板: 1	数据长度是1	数据类型为number
1269, 存储数据, 玩家17,衍哥带你飞,54项新商店购买方式: 0	数据长度是1	数据类型为number
1269, 存储数据, 玩家17,衍哥带你飞,55项新商店商店模式: 1	数据长度是1	数据类型为number
1269, 存储数据, 玩家17,衍哥带你飞,56项预扣血模式: 0	数据长度是1	数据类型为number
1269, 存储数据, 玩家17,衍哥带你飞,57项回城特效: 0	数据长度是8	数据类型为number
28037, 存储数据, 玩家17,唯影独爱,1项画质: 1	数据长度是1	数据类型为number
28037, 存储数据, 玩家17,唯影独爱,2项滚屏速度: 32	数据长度是8	数据类型为number
28037, 存储数据, 玩家17,唯影独爱,3项更新内容面板开关: 1	数据长度是1	数据类型为number
28037, 存储数据, 玩家17,唯影独爱,4项游戏版本号: 1696	数据长度是16	数据类型为number
28037, 存储数据, 玩家17,唯影独爱,5项语音: 0	数据长度是1	数据类型为number
28037, 存储数据, 玩家17,唯影独爱,6项音响: 0	数据长度是1	数据类型为number
28037, 存储数据, 玩家17,唯影独爱,7项麦克风: 0	数据长度是1	数据类型为number
28037, 存储数据, 玩家17,唯影独爱,8项音响大小: 0	数据长度是8	数据类型为number
28037, 存储数据, 玩家17,唯影独爱,9项麦克风大小: 0	数据长度是8	数据类型为number
28037, 存储数据, 玩家17,唯影独爱,10项未知: 1	数据长度是1	数据类型为number
28037, 存储数据, 玩家17,唯影独爱,11项光照: 100	数据长度是8	数据类型为number
28037, 存储数据, 玩家17,唯影独爱,12项新F11面板模式: 1	数据长度是1	数据类型为number
28037, 存储数据, 玩家17,唯影独爱,13项血条区分敌我: 1	数据长度是1	数据类型为number
28037, 存储数据, 玩家17,唯影独爱,14项快捷键1: 41	数据长度是16	数据类型为number
28037, 存储数据, 玩家17,唯影独爱,15项快捷键2: 43	数据长度是16	数据类型为number
28037, 存储数据, 玩家17,唯影独爱,16项快捷键3: 61	数据长度是16	数据类型为number
28037, 存储数据, 玩家17,唯影独爱,17项快捷键4: 42	数据长度是16	数据类型为number
28037, 存储数据, 玩家17,唯影独爱,18项快捷键5: 56	数据长度是16	数据类型为number
28037, 存储数据, 玩家17,唯影独爱,19项快捷键6: 53	数据长度是16	数据类型为number
28037, 存储数据, 玩家17,唯影独爱,20项快捷键7: 541	数据长度是16	数据类型为number
28037, 存储数据, 玩家17,唯影独爱,21项快捷键8: 542	数据长度是16	数据类型为number
28037, 存储数据, 玩家17,唯影独爱,22项快捷键9: 543	数据长度是16	数据类型为number
28037, 存储数据, 玩家17,唯影独爱,23项快捷键10: 544	数据长度是16	数据类型为number
28037, 存储数据, 玩家17,唯影独爱,24项快捷键11: 545	数据长度是16	数据类型为number
28037, 存储数据, 玩家17,唯影独爱,25项快捷键12: 546	数据长度是16	数据类型为number
28037, 存储数据, 玩家17,唯影独爱,26项快捷键13: 547	数据长度是16	数据类型为number
28037, 存储数据, 玩家17,唯影独爱,27项快捷键14: 548	数据长度是16	数据类型为number
28037, 存储数据, 玩家17,唯影独爱,28项快捷键15: 549	数据长度是16	数据类型为number
28037, 存储数据, 玩家17,唯影独爱,29项快捷键16: 573	数据长度是16	数据类型为number
28037, 存储数据, 玩家17,唯影独爱,30项快捷键17: 555	数据长度是16	数据类型为number
28037, 存储数据, 玩家17,唯影独爱,31项快捷键18: 568	数据长度是16	数据类型为number
28037, 存储数据, 玩家17,唯影独爱,32项是否显示刀光: 1	数据长度是1	数据类型为number
28037, 存储数据, 玩家17,唯影独爱,33项显示刀光编号: 1	数据长度是8	数据类型为number
28037, 存储数据, 玩家17,唯影独爱,34项不显示翅膀: 1	数据长度是1	数据类型为number
28037, 存储数据, 玩家17,唯影独爱,35项显示翅膀编号: 0	数据长度是8	数据类型为number
28037, 存储数据, 玩家17,唯影独爱,36项孔明灯: 0	数据长度是8	数据类型为number
28037, 存储数据, 玩家17,唯影独爱,37项免控表现: 0	数据长度是8	数据类型为number
28037, 存储数据, 玩家17,唯影独爱,38项窗口锁定: 0	数据长度是8	数据类型为number
28037, 存储数据, 玩家17,唯影独爱,39项打孔明灯: 0	数据长度是8	数据类型为number
28037, 存储数据, 玩家17,唯影独爱,40项小地图头像: 0	数据长度是8	数据类型为number
28037, 存储数据, 玩家17,唯影独爱,41项画笔库6: 0	数据长度是8	数据类型为number
28037, 存储数据, 玩家17,唯影独爱,42项画笔库7: 0	数据长度是8	数据类型为number
28037, 存储数据, 玩家17,唯影独爱,43项画笔库8: 0	数据长度是8	数据类型为number
28037, 存储数据, 玩家17,唯影独爱,44项会员功能1: 1	数据长度是1	数据类型为number
28037, 存储数据, 玩家17,唯影独爱,45项会员功能2: 1	数据长度是1	数据类型为number
28037, 存储数据, 玩家17,唯影独爱,46项会员功能3: 1	数据长度是1	数据类型为number
28037, 存储数据, 玩家17,唯影独爱,47项会员功能4: 1	数据长度是1	数据类型为number
28037, 存储数据, 玩家17,唯影独爱,48项会员功能5: 1	数据长度是1	数据类型为number
28037, 存储数据, 玩家17,唯影独爱,49项会员功能6: 1	数据长度是1	数据类型为number
28037, 存储数据, 玩家17,唯影独爱,50项会员功能7: 1	数据长度是1	数据类型为number
28037, 存储数据, 玩家17,唯影独爱,51项会员功能8: 1	数据长度是1	数据类型为number
28037, 存储数据, 玩家17,唯影独爱,52项新商店左侧扩展面板: 1	数据长度是1	数据类型为number
28037, 存储数据, 玩家17,唯影独爱,53项新商店上部扩展面板: 1	数据长度是1	数据类型为number
28037, 存储数据, 玩家17,唯影独爱,54项新商店购买方式: 0	数据长度是1	数据类型为number
28037, 存储数据, 玩家17,唯影独爱,55项新商店商店模式: 0	数据长度是1	数据类型为number
28037, 存储数据, 玩家17,唯影独爱,56项预扣血模式: 1	数据长度是1	数据类型为number
28037, 存储数据, 玩家17,唯影独爱,57项回城特效: 0	数据长度是8	数据类型为number
148829, 存储数据, 玩家1,a酱油的面,1项画质: 1	数据长度是1	数据类型为number
148829, 存储数据, 玩家1,a酱油的面,2项滚屏速度: 30	数据长度是8	数据类型为number
148829, 存储数据, 玩家1,a酱油的面,3项更新内容面板开关: 0	数据长度是1	数据类型为number
148829, 存储数据, 玩家1,a酱油的面,4项游戏版本号: 1696	数据长度是16	数据类型为number
148829, 存储数据, 玩家1,a酱油的面,5项语音: 0	数据长度是1	数据类型为number
148829, 存储数据, 玩家1,a酱油的面,6项音响: 0	数据长度是1	数据类型为number
148829, 存储数据, 玩家1,a酱油的面,7项麦克风: 0	数据长度是1	数据类型为number
148829, 存储数据, 玩家1,a酱油的面,8项音响大小: 0	数据长度是8	数据类型为number
148829, 存储数据, 玩家1,a酱油的面,9项麦克风大小: 0	数据长度是8	数据类型为number
148829, 存储数据, 玩家1,a酱油的面,10项未知: 1	数据长度是1	数据类型为number
148829, 存储数据, 玩家1,a酱油的面,11项光照: 31	数据长度是8	数据类型为number
148829, 存储数据, 玩家1,a酱油的面,12项新F11面板模式: 1	数据长度是1	数据类型为number
148829, 存储数据, 玩家1,a酱油的面,13项血条区分敌我: 1	数据长度是1	数据类型为number
148829, 存储数据, 玩家1,a酱油的面,14项快捷键1: 41	数据长度是16	数据类型为number
148829, 存储数据, 玩家1,a酱油的面,15项快捷键2: 43	数据长度是16	数据类型为number
148829, 存储数据, 玩家1,a酱油的面,16项快捷键3: 61	数据长度是16	数据类型为number
148829, 存储数据, 玩家1,a酱油的面,17项快捷键4: 42	数据长度是16	数据类型为number
148829, 存储数据, 玩家1,a酱油的面,18项快捷键5: 0	数据长度是16	数据类型为number
148829, 存储数据, 玩家1,a酱油的面,19项快捷键6: 0	数据长度是16	数据类型为number
148829, 存储数据, 玩家1,a酱油的面,20项快捷键7: 64	数据长度是16	数据类型为number
148829, 存储数据, 玩家1,a酱油的面,21项快捷键8: 62	数据长度是16	数据类型为number
148829, 存储数据, 玩家1,a酱油的面,22项快捷键9: 56	数据长度是16	数据类型为number
148829, 存储数据, 玩家1,a酱油的面,23项快捷键10: 44	数据长度是16	数据类型为number
148829, 存储数据, 玩家1,a酱油的面,24项快捷键11: 45	数据长度是16	数据类型为number
148829, 存储数据, 玩家1,a酱油的面,25项快捷键12: 0	数据长度是16	数据类型为number
148829, 存储数据, 玩家1,a酱油的面,26项快捷键13: 547	数据长度是16	数据类型为number
148829, 存储数据, 玩家1,a酱油的面,27项快捷键14: 548	数据长度是16	数据类型为number
148829, 存储数据, 玩家1,a酱油的面,28项快捷键15: 549	数据长度是16	数据类型为number
148829, 存储数据, 玩家1,a酱油的面,29项快捷键16: 40	数据长度是16	数据类型为number
148829, 存储数据, 玩家1,a酱油的面,30项快捷键17: 52	数据长度是16	数据类型为number
148829, 存储数据, 玩家1,a酱油的面,31项快捷键18: 568	数据长度是16	数据类型为number
148829, 存储数据, 玩家1,a酱油的面,32项是否显示刀光: 1	数据长度是1	数据类型为number
148829, 存储数据, 玩家1,a酱油的面,33项显示刀光编号: 26	数据长度是8	数据类型为number
148829, 存储数据, 玩家1,a酱油的面,34项不显示翅膀: 1	数据长度是1	数据类型为number
148829, 存储数据, 玩家1,a酱油的面,35项显示翅膀编号: 0	数据长度是8	数据类型为number
148829, 存储数据, 玩家1,a酱油的面,36项孔明灯: 0	数据长度是8	数据类型为number
148829, 存储数据, 玩家1,a酱油的面,37项免控表现: 0	数据长度是8	数据类型为number
148829, 存储数据, 玩家1,a酱油的面,38项窗口锁定: 1	数据长度是8	数据类型为number
148829, 存储数据, 玩家1,a酱油的面,39项打孔明灯: 0	数据长度是8	数据类型为number
148829, 存储数据, 玩家1,a酱油的面,40项小地图头像: 0	数据长度是8	数据类型为number
148829, 存储数据, 玩家1,a酱油的面,41项画笔库6: 0	数据长度是8	数据类型为number
148829, 存储数据, 玩家1,a酱油的面,42项画笔库7: 0	数据长度是8	数据类型为number
148829, 存储数据, 玩家1,a酱油的面,43项画笔库8: 0	数据长度是8	数据类型为number
148829, 存储数据, 玩家1,a酱油的面,44项会员功能1: 1	数据长度是1	数据类型为number
148829, 存储数据, 玩家1,a酱油的面,45项会员功能2: 1	数据长度是1	数据类型为number
148829, 存储数据, 玩家1,a酱油的面,46项会员功能3: 1	数据长度是1	数据类型为number
148829, 存储数据, 玩家1,a酱油的面,47项会员功能4: 1	数据长度是1	数据类型为number
148829, 存储数据, 玩家1,a酱油的面,48项会员功能5: 0	数据长度是1	数据类型为number
148829, 存储数据, 玩家1,a酱油的面,49项会员功能6: 1	数据长度是1	数据类型为number
148829, 存储数据, 玩家1,a酱油的面,50项会员功能7: 1	数据长度是1	数据类型为number
148829, 存储数据, 玩家1,a酱油的面,51项会员功能8: 1	数据长度是1	数据类型为number
148829, 存储数据, 玩家1,a酱油的面,52项新商店左侧扩展面板: 1	数据长度是1	数据类型为number
148829, 存储数据, 玩家1,a酱油的面,53项新商店上部扩展面板: 1	数据长度是1	数据类型为number
148829, 存储数据, 玩家1,a酱油的面,54项新商店购买方式: 1	数据长度是1	数据类型为number
148829, 存储数据, 玩家1,a酱油的面,55项新商店商店模式: 0	数据长度是1	数据类型为number
148829, 存储数据, 玩家1,a酱油的面,56项预扣血模式: 0	数据长度是1	数据类型为number
148829, 存储数据, 玩家1,a酱油的面,57项回城特效: 0	数据长度是8	数据类型为number
148829, 存储数据, 玩家2,夺命农夫,1项画质: 0	数据长度是1	数据类型为number
148829, 存储数据, 玩家2,夺命农夫,2项滚屏速度: 28	数据长度是8	数据类型为number
148829, 存储数据, 玩家2,夺命农夫,3项更新内容面板开关: 0	数据长度是1	数据类型为number
148829, 存储数据, 玩家2,夺命农夫,4项游戏版本号: 1696	数据长度是16	数据类型为number
148829, 存储数据, 玩家2,夺命农夫,5项语音: 0	数据长度是1	数据类型为number
148829, 存储数据, 玩家2,夺命农夫,6项音响: 0	数据长度是1	数据类型为number
148829, 存储数据, 玩家2,夺命农夫,7项麦克风: 0	数据长度是1	数据类型为number
148829, 存储数据, 玩家2,夺命农夫,8项音响大小: 0	数据长度是8	数据类型为number
148829, 存储数据, 玩家2,夺命农夫,9项麦克风大小: 0	数据长度是8	数据类型为number
148829, 存储数据, 玩家2,夺命农夫,10项未知: 1	数据长度是1	数据类型为number
148829, 存储数据, 玩家2,夺命农夫,11项光照: 99	数据长度是8	数据类型为number
148829, 存储数据, 玩家2,夺命农夫,12项新F11面板模式: 1	数据长度是1	数据类型为number
148829, 存储数据, 玩家2,夺命农夫,13项血条区分敌我: 1	数据长度是1	数据类型为number
148829, 存储数据, 玩家2,夺命农夫,14项快捷键1: 41	数据长度是16	数据类型为number
148829, 存储数据, 玩家2,夺命农夫,15项快捷键2: 43	数据长度是16	数据类型为number
148829, 存储数据, 玩家2,夺命农夫,16项快捷键3: 61	数据长度是16	数据类型为number
148829, 存储数据, 玩家2,夺命农夫,17项快捷键4: 42	数据长度是16	数据类型为number
148829, 存储数据, 玩家2,夺命农夫,18项快捷键5: 56	数据长度是16	数据类型为number
148829, 存储数据, 玩家2,夺命农夫,19项快捷键6: 53	数据长度是16	数据类型为number
148829, 存储数据, 玩家2,夺命农夫,20项快捷键7: 64	数据长度是16	数据类型为number
148829, 存储数据, 玩家2,夺命农夫,21项快捷键8: 542	数据长度是16	数据类型为number
148829, 存储数据, 玩家2,夺命农夫,22项快捷键9: 543	数据长度是16	数据类型为number
148829, 存储数据, 玩家2,夺命农夫,23项快捷键10: 544	数据长度是16	数据类型为number
148829, 存储数据, 玩家2,夺命农夫,24项快捷键11: 62	数据长度是16	数据类型为number
148829, 存储数据, 玩家2,夺命农夫,25项快捷键12: 546	数据长度是16	数据类型为number
148829, 存储数据, 玩家2,夺命农夫,26项快捷键13: 44	数据长度是16	数据类型为number
148829, 存储数据, 玩家2,夺命农夫,27项快捷键14: 548	数据长度是16	数据类型为number
148829, 存储数据, 玩家2,夺命农夫,28项快捷键15: 549	数据长度是16	数据类型为number
148829, 存储数据, 玩家2,夺命农夫,29项快捷键16: 573	数据长度是16	数据类型为number
148829, 存储数据, 玩家2,夺命农夫,30项快捷键17: 555	数据长度是16	数据类型为number
148829, 存储数据, 玩家2,夺命农夫,31项快捷键18: 568	数据长度是16	数据类型为number
148829, 存储数据, 玩家2,夺命农夫,32项是否显示刀光: 1	数据长度是1	数据类型为number
148829, 存储数据, 玩家2,夺命农夫,33项显示刀光编号: 13	数据长度是8	数据类型为number
148829, 存储数据, 玩家2,夺命农夫,34项不显示翅膀: 1	数据长度是1	数据类型为number
148829, 存储数据, 玩家2,夺命农夫,35项显示翅膀编号: 0	数据长度是8	数据类型为number
148829, 存储数据, 玩家2,夺命农夫,36项孔明灯: 0	数据长度是8	数据类型为number
148829, 存储数据, 玩家2,夺命农夫,37项免控表现: 0	数据长度是8	数据类型为number
148829, 存储数据, 玩家2,夺命农夫,38项窗口锁定: 0	数据长度是8	数据类型为number
148829, 存储数据, 玩家2,夺命农夫,39项打孔明灯: 0	数据长度是8	数据类型为number
148829, 存储数据, 玩家2,夺命农夫,40项小地图头像: 3	数据长度是8	数据类型为number
148829, 存储数据, 玩家2,夺命农夫,41项画笔库6: 0	数据长度是8	数据类型为number
148829, 存储数据, 玩家2,夺命农夫,42项画笔库7: 0	数据长度是8	数据类型为number
148829, 存储数据, 玩家2,夺命农夫,43项画笔库8: 0	数据长度是8	数据类型为number
148829, 存储数据, 玩家2,夺命农夫,44项会员功能1: 1	数据长度是1	数据类型为number
148829, 存储数据, 玩家2,夺命农夫,45项会员功能2: 1	数据长度是1	数据类型为number
148829, 存储数据, 玩家2,夺命农夫,46项会员功能3: 1	数据长度是1	数据类型为number
148829, 存储数据, 玩家2,夺命农夫,47项会员功能4: 1	数据长度是1	数据类型为number
148829, 存储数据, 玩家2,夺命农夫,48项会员功能5: 1	数据长度是1	数据类型为number
148829, 存储数据, 玩家2,夺命农夫,49项会员功能6: 1	数据长度是1	数据类型为number
148829, 存储数据, 玩家2,夺命农夫,50项会员功能7: 1	数据长度是1	数据类型为number
148829, 存储数据, 玩家2,夺命农夫,51项会员功能8: 1	数据长度是1	数据类型为number
148829, 存储数据, 玩家2,夺命农夫,52项新商店左侧扩展面板: 1	数据长度是1	数据类型为number
148829, 存储数据, 玩家2,夺命农夫,53项新商店上部扩展面板: 1	数据长度是1	数据类型为number
148829, 存储数据, 玩家2,夺命农夫,54项新商店购买方式: 0	数据长度是1	数据类型为number
148829, 存储数据, 玩家2,夺命农夫,55项新商店商店模式: 1	数据长度是1	数据类型为number
148829, 存储数据, 玩家2,夺命农夫,56项预扣血模式: 0	数据长度是1	数据类型为number
148829, 存储数据, 玩家2,夺命农夫,57项回城特效: 0	数据长度是8	数据类型为number
148829, 存储数据, 玩家3,hb落叶2,1项画质: 1	数据长度是1	数据类型为number
148829, 存储数据, 玩家3,hb落叶2,2项滚屏速度: 20	数据长度是8	数据类型为number
148829, 存储数据, 玩家3,hb落叶2,3项更新内容面板开关: 0	数据长度是1	数据类型为number
148829, 存储数据, 玩家3,hb落叶2,4项游戏版本号: 1696	数据长度是16	数据类型为number
148829, 存储数据, 玩家3,hb落叶2,5项语音: 0	数据长度是1	数据类型为number
148829, 存储数据, 玩家3,hb落叶2,6项音响: 0	数据长度是1	数据类型为number
148829, 存储数据, 玩家3,hb落叶2,7项麦克风: 0	数据长度是1	数据类型为number
148829, 存储数据, 玩家3,hb落叶2,8项音响大小: 0	数据长度是8	数据类型为number
148829, 存储数据, 玩家3,hb落叶2,9项麦克风大小: 0	数据长度是8	数据类型为number
148829, 存储数据, 玩家3,hb落叶2,10项未知: 1	数据长度是1	数据类型为number
148829, 存储数据, 玩家3,hb落叶2,11项光照: 66	数据长度是8	数据类型为number
148829, 存储数据, 玩家3,hb落叶2,12项新F11面板模式: 1	数据长度是1	数据类型为number
148829, 存储数据, 玩家3,hb落叶2,13项血条区分敌我: 1	数据长度是1	数据类型为number
148829, 存储数据, 玩家3,hb落叶2,14项快捷键1: 41	数据长度是16	数据类型为number
148829, 存储数据, 玩家3,hb落叶2,15项快捷键2: 43	数据长度是16	数据类型为number
148829, 存储数据, 玩家3,hb落叶2,16项快捷键3: 61	数据长度是16	数据类型为number
148829, 存储数据, 玩家3,hb落叶2,17项快捷键4: 42	数据长度是16	数据类型为number
148829, 存储数据, 玩家3,hb落叶2,18项快捷键5: 0	数据长度是16	数据类型为number
148829, 存储数据, 玩家3,hb落叶2,19项快捷键6: 53	数据长度是16	数据类型为number
148829, 存储数据, 玩家3,hb落叶2,20项快捷键7: 56	数据长度是16	数据类型为number
148829, 存储数据, 玩家3,hb落叶2,21项快捷键8: 44	数据长度是16	数据类型为number
148829, 存储数据, 玩家3,hb落叶2,22项快捷键9: 45	数据长度是16	数据类型为number
148829, 存储数据, 玩家3,hb落叶2,23项快捷键10: 544	数据长度是16	数据类型为number
148829, 存储数据, 玩家3,hb落叶2,24项快捷键11: 545	数据长度是16	数据类型为number
148829, 存储数据, 玩家3,hb落叶2,25项快捷键12: 546	数据长度是16	数据类型为number
148829, 存储数据, 玩家3,hb落叶2,26项快捷键13: 547	数据长度是16	数据类型为number
148829, 存储数据, 玩家3,hb落叶2,27项快捷键14: 548	数据长度是16	数据类型为number
148829, 存储数据, 玩家3,hb落叶2,28项快捷键15: 549	数据长度是16	数据类型为number
148829, 存储数据, 玩家3,hb落叶2,29项快捷键16: 573	数据长度是16	数据类型为number
148829, 存储数据, 玩家3,hb落叶2,30项快捷键17: 555	数据长度是16	数据类型为number
148829, 存储数据, 玩家3,hb落叶2,31项快捷键18: 568	数据长度是16	数据类型为number
148829, 存储数据, 玩家3,hb落叶2,32项是否显示刀光: 1	数据长度是1	数据类型为number
148829, 存储数据, 玩家3,hb落叶2,33项显示刀光编号: 14	数据长度是8	数据类型为number
148829, 存储数据, 玩家3,hb落叶2,34项不显示翅膀: 0	数据长度是1	数据类型为number
148829, 存储数据, 玩家3,hb落叶2,35项显示翅膀编号: 4	数据长度是8	数据类型为number
148829, 存储数据, 玩家3,hb落叶2,36项孔明灯: 0	数据长度是8	数据类型为number
148829, 存储数据, 玩家3,hb落叶2,37项免控表现: 1	数据长度是8	数据类型为number
148829, 存储数据, 玩家3,hb落叶2,38项窗口锁定: 0	数据长度是8	数据类型为number
148829, 存储数据, 玩家3,hb落叶2,39项打孔明灯: 0	数据长度是8	数据类型为number
148829, 存储数据, 玩家3,hb落叶2,40项小地图头像: 0	数据长度是8	数据类型为number
148829, 存储数据, 玩家3,hb落叶2,41项画笔库6: 0	数据长度是8	数据类型为number
148829, 存储数据, 玩家3,hb落叶2,42项画笔库7: 0	数据长度是8	数据类型为number
148829, 存储数据, 玩家3,hb落叶2,43项画笔库8: 0	数据长度是8	数据类型为number
148829, 存储数据, 玩家3,hb落叶2,44项会员功能1: 1	数据长度是1	数据类型为number
148829, 存储数据, 玩家3,hb落叶2,45项会员功能2: 1	数据长度是1	数据类型为number
148829, 存储数据, 玩家3,hb落叶2,46项会员功能3: 1	数据长度是1	数据类型为number
148829, 存储数据, 玩家3,hb落叶2,47项会员功能4: 1	数据长度是1	数据类型为number
148829, 存储数据, 玩家3,hb落叶2,48项会员功能5: 1	数据长度是1	数据类型为number
148829, 存储数据, 玩家3,hb落叶2,49项会员功能6: 1	数据长度是1	数据类型为number
148829, 存储数据, 玩家3,hb落叶2,50项会员功能7: 1	数据长度是1	数据类型为number
148829, 存储数据, 玩家3,hb落叶2,51项会员功能8: 1	数据长度是1	数据类型为number
148829, 存储数据, 玩家3,hb落叶2,52项新商店左侧扩展面板: 1	数据长度是1	数据类型为number
148829, 存储数据, 玩家3,hb落叶2,53项新商店上部扩展面板: 1	数据长度是1	数据类型为number
148829, 存储数据, 玩家3,hb落叶2,54项新商店购买方式: 0	数据长度是1	数据类型为number
148829, 存储数据, 玩家3,hb落叶2,55项新商店商店模式: 1	数据长度是1	数据类型为number
148829, 存储数据, 玩家3,hb落叶2,56项预扣血模式: 0	数据长度是1	数据类型为number
148829, 存储数据, 玩家3,hb落叶2,57项回城特效: 14	数据长度是8	数据类型为number
148829, 存储数据, 玩家4,大大肉虫,1项画质: 1	数据长度是1	数据类型为number
148829, 存储数据, 玩家4,大大肉虫,2项滚屏速度: 20	数据长度是8	数据类型为number
148829, 存储数据, 玩家4,大大肉虫,3项更新内容面板开关: 0	数据长度是1	数据类型为number
148829, 存储数据, 玩家4,大大肉虫,4项游戏版本号: 1696	数据长度是16	数据类型为number
148829, 存储数据, 玩家4,大大肉虫,5项语音: 0	数据长度是1	数据类型为number
148829, 存储数据, 玩家4,大大肉虫,6项音响: 0	数据长度是1	数据类型为number
148829, 存储数据, 玩家4,大大肉虫,7项麦克风: 0	数据长度是1	数据类型为number
148829, 存储数据, 玩家4,大大肉虫,8项音响大小: 0	数据长度是8	数据类型为number
148829, 存储数据, 玩家4,大大肉虫,9项麦克风大小: 0	数据长度是8	数据类型为number
148829, 存储数据, 玩家4,大大肉虫,10项未知: 1	数据长度是1	数据类型为number
148829, 存储数据, 玩家4,大大肉虫,11项光照: 64	数据长度是8	数据类型为number
148829, 存储数据, 玩家4,大大肉虫,12项新F11面板模式: 1	数据长度是1	数据类型为number
148829, 存储数据, 玩家4,大大肉虫,13项血条区分敌我: 1	数据长度是1	数据类型为number
148829, 存储数据, 玩家4,大大肉虫,14项快捷键1: 41	数据长度是16	数据类型为number
148829, 存储数据, 玩家4,大大肉虫,15项快捷键2: 43	数据长度是16	数据类型为number
148829, 存储数据, 玩家4,大大肉虫,16项快捷键3: 61	数据长度是16	数据类型为number
148829, 存储数据, 玩家4,大大肉虫,17项快捷键4: 42	数据长度是16	数据类型为number
148829, 存储数据, 玩家4,大大肉虫,18项快捷键5: 0	数据长度是16	数据类型为number
148829, 存储数据, 玩家4,大大肉虫,19项快捷键6: 53	数据长度是16	数据类型为number
148829, 存储数据, 玩家4,大大肉虫,20项快捷键7: 56	数据长度是16	数据类型为number
148829, 存储数据, 玩家4,大大肉虫,21项快捷键8: 44	数据长度是16	数据类型为number
148829, 存储数据, 玩家4,大大肉虫,22项快捷键9: 64	数据长度是16	数据类型为number
148829, 存储数据, 玩家4,大大肉虫,23项快捷键10: 55	数据长度是16	数据类型为number
148829, 存储数据, 玩家4,大大肉虫,24项快捷键11: 45	数据长度是16	数据类型为number
148829, 存储数据, 玩家4,大大肉虫,25项快捷键12: 546	数据长度是16	数据类型为number
148829, 存储数据, 玩家4,大大肉虫,26项快捷键13: 547	数据长度是16	数据类型为number
148829, 存储数据, 玩家4,大大肉虫,27项快捷键14: 548	数据长度是16	数据类型为number
148829, 存储数据, 玩家4,大大肉虫,28项快捷键15: 549	数据长度是16	数据类型为number
148829, 存储数据, 玩家4,大大肉虫,29项快捷键16: 62	数据长度是16	数据类型为number
148829, 存储数据, 玩家4,大大肉虫,30项快捷键17: 573	数据长度是16	数据类型为number
148829, 存储数据, 玩家4,大大肉虫,31项快捷键18: 0	数据长度是16	数据类型为number
148829, 存储数据, 玩家4,大大肉虫,32项是否显示刀光: 1	数据长度是1	数据类型为number
148829, 存储数据, 玩家4,大大肉虫,33项显示刀光编号: 9	数据长度是8	数据类型为number
148829, 存储数据, 玩家4,大大肉虫,34项不显示翅膀: 1	数据长度是1	数据类型为number
148829, 存储数据, 玩家4,大大肉虫,35项显示翅膀编号: 0	数据长度是8	数据类型为number
148829, 存储数据, 玩家4,大大肉虫,36项孔明灯: 0	数据长度是8	数据类型为number
148829, 存储数据, 玩家4,大大肉虫,37项免控表现: 0	数据长度是8	数据类型为number
148829, 存储数据, 玩家4,大大肉虫,38项窗口锁定: 0	数据长度是8	数据类型为number
148829, 存储数据, 玩家4,大大肉虫,39项打孔明灯: 0	数据长度是8	数据类型为number
148829, 存储数据, 玩家4,大大肉虫,40项小地图头像: 0	数据长度是8	数据类型为number
148829, 存储数据, 玩家4,大大肉虫,41项画笔库6: 0	数据长度是8	数据类型为number
148829, 存储数据, 玩家4,大大肉虫,42项画笔库7: 0	数据长度是8	数据类型为number
148829, 存储数据, 玩家4,大大肉虫,43项画笔库8: 0	数据长度是8	数据类型为number
148829, 存储数据, 玩家4,大大肉虫,44项会员功能1: 1	数据长度是1	数据类型为number
148829, 存储数据, 玩家4,大大肉虫,45项会员功能2: 1	数据长度是1	数据类型为number
148829, 存储数据, 玩家4,大大肉虫,46项会员功能3: 1	数据长度是1	数据类型为number
148829, 存储数据, 玩家4,大大肉虫,47项会员功能4: 0	数据长度是1	数据类型为number
148829, 存储数据, 玩家4,大大肉虫,48项会员功能5: 1	数据长度是1	数据类型为number
148829, 存储数据, 玩家4,大大肉虫,49项会员功能6: 1	数据长度是1	数据类型为number
148829, 存储数据, 玩家4,大大肉虫,50项会员功能7: 1	数据长度是1	数据类型为number
148829, 存储数据, 玩家4,大大肉虫,51项会员功能8: 1	数据长度是1	数据类型为number
148829, 存储数据, 玩家4,大大肉虫,52项新商店左侧扩展面板: 1	数据长度是1	数据类型为number
148829, 存储数据, 玩家4,大大肉虫,53项新商店上部扩展面板: 1	数据长度是1	数据类型为number
148829, 存储数据, 玩家4,大大肉虫,54项新商店购买方式: 0	数据长度是1	数据类型为number
148829, 存储数据, 玩家4,大大肉虫,55项新商店商店模式: 1	数据长度是1	数据类型为number
148829, 存储数据, 玩家4,大大肉虫,56项预扣血模式: 0	数据长度是1	数据类型为number
148829, 存储数据, 玩家4,大大肉虫,57项回城特效: 13	数据长度是8	数据类型为number
148829, 存储数据, 玩家5,zxc52283877,1项画质: 1	数据长度是1	数据类型为number
148829, 存储数据, 玩家5,zxc52283877,2项滚屏速度: 35	数据长度是8	数据类型为number
148829, 存储数据, 玩家5,zxc52283877,3项更新内容面板开关: 0	数据长度是1	数据类型为number
148829, 存储数据, 玩家5,zxc52283877,4项游戏版本号: 1696	数据长度是16	数据类型为number
148829, 存储数据, 玩家5,zxc52283877,5项语音: 0	数据长度是1	数据类型为number
148829, 存储数据, 玩家5,zxc52283877,6项音响: 0	数据长度是1	数据类型为number
148829, 存储数据, 玩家5,zxc52283877,7项麦克风: 0	数据长度是1	数据类型为number
148829, 存储数据, 玩家5,zxc52283877,8项音响大小: 0	数据长度是8	数据类型为number
148829, 存储数据, 玩家5,zxc52283877,9项麦克风大小: 0	数据长度是8	数据类型为number
148829, 存储数据, 玩家5,zxc52283877,10项未知: 1	数据长度是1	数据类型为number
148829, 存储数据, 玩家5,zxc52283877,11项光照: 64	数据长度是8	数据类型为number
148829, 存储数据, 玩家5,zxc52283877,12项新F11面板模式: 1	数据长度是1	数据类型为number
148829, 存储数据, 玩家5,zxc52283877,13项血条区分敌我: 1	数据长度是1	数据类型为number
148829, 存储数据, 玩家5,zxc52283877,14项快捷键1: 41	数据长度是16	数据类型为number
148829, 存储数据, 玩家5,zxc52283877,15项快捷键2: 43	数据长度是16	数据类型为number
148829, 存储数据, 玩家5,zxc52283877,16项快捷键3: 61	数据长度是16	数据类型为number
148829, 存储数据, 玩家5,zxc52283877,17项快捷键4: 42	数据长度是16	数据类型为number
148829, 存储数据, 玩家5,zxc52283877,18项快捷键5: 56	数据长度是16	数据类型为number
148829, 存储数据, 玩家5,zxc52283877,19项快捷键6: 53	数据长度是16	数据类型为number
148829, 存储数据, 玩家5,zxc52283877,20项快捷键7: 541	数据长度是16	数据类型为number
148829, 存储数据, 玩家5,zxc52283877,21项快捷键8: 542	数据长度是16	数据类型为number
148829, 存储数据, 玩家5,zxc52283877,22项快捷键9: 543	数据长度是16	数据类型为number
148829, 存储数据, 玩家5,zxc52283877,23项快捷键10: 544	数据长度是16	数据类型为number
148829, 存储数据, 玩家5,zxc52283877,24项快捷键11: 64	数据长度是16	数据类型为number
148829, 存储数据, 玩家5,zxc52283877,25项快捷键12: 546	数据长度是16	数据类型为number
148829, 存储数据, 玩家5,zxc52283877,26项快捷键13: 547	数据长度是16	数据类型为number
148829, 存储数据, 玩家5,zxc52283877,27项快捷键14: 548	数据长度是16	数据类型为number
148829, 存储数据, 玩家5,zxc52283877,28项快捷键15: 549	数据长度是16	数据类型为number
148829, 存储数据, 玩家5,zxc52283877,29项快捷键16: 573	数据长度是16	数据类型为number
148829, 存储数据, 玩家5,zxc52283877,30项快捷键17: 555	数据长度是16	数据类型为number
148829, 存储数据, 玩家5,zxc52283877,31项快捷键18: 568	数据长度是16	数据类型为number
148829, 存储数据, 玩家5,zxc52283877,32项是否显示刀光: 1	数据长度是1	数据类型为number
148829, 存储数据, 玩家5,zxc52283877,33项显示刀光编号: 23	数据长度是8	数据类型为number
148829, 存储数据, 玩家5,zxc52283877,34项不显示翅膀: 0	数据长度是1	数据类型为number
148829, 存储数据, 玩家5,zxc52283877,35项显示翅膀编号: 5	数据长度是8	数据类型为number
148829, 存储数据, 玩家5,zxc52283877,36项孔明灯: 0	数据长度是8	数据类型为number
148829, 存储数据, 玩家5,zxc52283877,37项免控表现: 0	数据长度是8	数据类型为number
148829, 存储数据, 玩家5,zxc52283877,38项窗口锁定: 0	数据长度是8	数据类型为number
148829, 存储数据, 玩家5,zxc52283877,39项打孔明灯: 0	数据长度是8	数据类型为number
148829, 存储数据, 玩家5,zxc52283877,40项小地图头像: 0	数据长度是8	数据类型为number
148829, 存储数据, 玩家5,zxc52283877,41项画笔库6: 0	数据长度是8	数据类型为number
148829, 存储数据, 玩家5,zxc52283877,42项画笔库7: 0	数据长度是8	数据类型为number
148829, 存储数据, 玩家5,zxc52283877,43项画笔库8: 0	数据长度是8	数据类型为number
148829, 存储数据, 玩家5,zxc52283877,44项会员功能1: 1	数据长度是1	数据类型为number
148829, 存储数据, 玩家5,zxc52283877,45项会员功能2: 1	数据长度是1	数据类型为number
148829, 存储数据, 玩家5,zxc52283877,46项会员功能3: 1	数据长度是1	数据类型为number
148829, 存储数据, 玩家5,zxc52283877,47项会员功能4: 1	数据长度是1	数据类型为number
148829, 存储数据, 玩家5,zxc52283877,48项会员功能5: 1	数据长度是1	数据类型为number
148829, 存储数据, 玩家5,zxc52283877,49项会员功能6: 1	数据长度是1	数据类型为number
148829, 存储数据, 玩家5,zxc52283877,50项会员功能7: 1	数据长度是1	数据类型为number
148829, 存储数据, 玩家5,zxc52283877,51项会员功能8: 1	数据长度是1	数据类型为number
148829, 存储数据, 玩家5,zxc52283877,52项新商店左侧扩展面板: 1	数据长度是1	数据类型为number
148829, 存储数据, 玩家5,zxc52283877,53项新商店上部扩展面板: 1	数据长度是1	数据类型为number
148829, 存储数据, 玩家5,zxc52283877,54项新商店购买方式: 0	数据长度是1	数据类型为number
148829, 存储数据, 玩家5,zxc52283877,55项新商店商店模式: 0	数据长度是1	数据类型为number
148829, 存储数据, 玩家5,zxc52283877,56项预扣血模式: 0	数据长度是1	数据类型为number
148829, 存储数据, 玩家5,zxc52283877,57项回城特效: 0	数据长度是8	数据类型为number
148829, 存储数据, 玩家6,流水落花春落去,1项画质: 1	数据长度是1	数据类型为number
148829, 存储数据, 玩家6,流水落花春落去,2项滚屏速度: 19	数据长度是8	数据类型为number
148829, 存储数据, 玩家6,流水落花春落去,3项更新内容面板开关: 0	数据长度是1	数据类型为number
148829, 存储数据, 玩家6,流水落花春落去,4项游戏版本号: 1696	数据长度是16	数据类型为number
148829, 存储数据, 玩家6,流水落花春落去,5项语音: 0	数据长度是1	数据类型为number
148829, 存储数据, 玩家6,流水落花春落去,6项音响: 0	数据长度是1	数据类型为number
148829, 存储数据, 玩家6,流水落花春落去,7项麦克风: 0	数据长度是1	数据类型为number
148829, 存储数据, 玩家6,流水落花春落去,8项音响大小: 0	数据长度是8	数据类型为number
148829, 存储数据, 玩家6,流水落花春落去,9项麦克风大小: 0	数据长度是8	数据类型为number
148829, 存储数据, 玩家6,流水落花春落去,10项未知: 1	数据长度是1	数据类型为number
148829, 存储数据, 玩家6,流水落花春落去,11项光照: 99	数据长度是8	数据类型为number
148829, 存储数据, 玩家6,流水落花春落去,12项新F11面板模式: 1	数据长度是1	数据类型为number
148829, 存储数据, 玩家6,流水落花春落去,13项血条区分敌我: 1	数据长度是1	数据类型为number
148829, 存储数据, 玩家6,流水落花春落去,14项快捷键1: 41	数据长度是16	数据类型为number
148829, 存储数据, 玩家6,流水落花春落去,15项快捷键2: 43	数据长度是16	数据类型为number
148829, 存储数据, 玩家6,流水落花春落去,16项快捷键3: 61	数据长度是16	数据类型为number
148829, 存储数据, 玩家6,流水落花春落去,17项快捷键4: 42	数据长度是16	数据类型为number
148829, 存储数据, 玩家6,流水落花春落去,18项快捷键5: 56	数据长度是16	数据类型为number
148829, 存储数据, 玩家6,流水落花春落去,19项快捷键6: 53	数据长度是16	数据类型为number
148829, 存储数据, 玩家6,流水落花春落去,20项快捷键7: 541	数据长度是16	数据类型为number
148829, 存储数据, 玩家6,流水落花春落去,21项快捷键8: 542	数据长度是16	数据类型为number
148829, 存储数据, 玩家6,流水落花春落去,22项快捷键9: 543	数据长度是16	数据类型为number
148829, 存储数据, 玩家6,流水落花春落去,23项快捷键10: 544	数据长度是16	数据类型为number
148829, 存储数据, 玩家6,流水落花春落去,24项快捷键11: 545	数据长度是16	数据类型为number
148829, 存储数据, 玩家6,流水落花春落去,25项快捷键12: 546	数据长度是16	数据类型为number
148829, 存储数据, 玩家6,流水落花春落去,26项快捷键13: 547	数据长度是16	数据类型为number
148829, 存储数据, 玩家6,流水落花春落去,27项快捷键14: 548	数据长度是16	数据类型为number
148829, 存储数据, 玩家6,流水落花春落去,28项快捷键15: 549	数据长度是16	数据类型为number
148829, 存储数据, 玩家6,流水落花春落去,29项快捷键16: 573	数据长度是16	数据类型为number
148829, 存储数据, 玩家6,流水落花春落去,30项快捷键17: 555	数据长度是16	数据类型为number
148829, 存储数据, 玩家6,流水落花春落去,31项快捷键18: 568	数据长度是16	数据类型为number
148829, 存储数据, 玩家6,流水落花春落去,32项是否显示刀光: 1	数据长度是1	数据类型为number
148829, 存储数据, 玩家6,流水落花春落去,33项显示刀光编号: 11	数据长度是8	数据类型为number
148829, 存储数据, 玩家6,流水落花春落去,34项不显示翅膀: 1	数据长度是1	数据类型为number
148829, 存储数据, 玩家6,流水落花春落去,35项显示翅膀编号: 0	数据长度是8	数据类型为number
148829, 存储数据, 玩家6,流水落花春落去,36项孔明灯: 0	数据长度是8	数据类型为number
148829, 存储数据, 玩家6,流水落花春落去,37项免控表现: 0	数据长度是8	数据类型为number
148829, 存储数据, 玩家6,流水落花春落去,38项窗口锁定: 0	数据长度是8	数据类型为number
148829, 存储数据, 玩家6,流水落花春落去,39项打孔明灯: 0	数据长度是8	数据类型为number
148829, 存储数据, 玩家6,流水落花春落去,40项小地图头像: 0	数据长度是8	数据类型为number
148829, 存储数据, 玩家6,流水落花春落去,41项画笔库6: 0	数据长度是8	数据类型为number
148829, 存储数据, 玩家6,流水落花春落去,42项画笔库7: 0	数据长度是8	数据类型为number
148829, 存储数据, 玩家6,流水落花春落去,43项画笔库8: 0	数据长度是8	数据类型为number
148829, 存储数据, 玩家6,流水落花春落去,44项会员功能1: 1	数据长度是1	数据类型为number
148829, 存储数据, 玩家6,流水落花春落去,45项会员功能2: 1	数据长度是1	数据类型为number
148829, 存储数据, 玩家6,流水落花春落去,46项会员功能3: 1	数据长度是1	数据类型为number
148829, 存储数据, 玩家6,流水落花春落去,47项会员功能4: 1	数据长度是1	数据类型为number
148829, 存储数据, 玩家6,流水落花春落去,48项会员功能5: 1	数据长度是1	数据类型为number
148829, 存储数据, 玩家6,流水落花春落去,49项会员功能6: 1	数据长度是1	数据类型为number
148829, 存储数据, 玩家6,流水落花春落去,50项会员功能7: 1	数据长度是1	数据类型为number
148829, 存储数据, 玩家6,流水落花春落去,51项会员功能8: 1	数据长度是1	数据类型为number
148829, 存储数据, 玩家6,流水落花春落去,52项新商店左侧扩展面板: 1	数据长度是1	数据类型为number
148829, 存储数据, 玩家6,流水落花春落去,53项新商店上部扩展面板: 1	数据长度是1	数据类型为number
148829, 存储数据, 玩家6,流水落花春落去,54项新商店购买方式: 0	数据长度是1	数据类型为number
148829, 存储数据, 玩家6,流水落花春落去,55项新商店商店模式: 1	数据长度是1	数据类型为number
148829, 存储数据, 玩家6,流水落花春落去,56项预扣血模式: 0	数据长度是1	数据类型为number
148829, 存储数据, 玩家6,流水落花春落去,57项回城特效: 7	数据长度是8	数据类型为number
148829, 存储数据, 玩家7,随风少不了落叶,1项画质: 1	数据长度是1	数据类型为number
148829, 存储数据, 玩家7,随风少不了落叶,2项滚屏速度: 23	数据长度是8	数据类型为number
148829, 存储数据, 玩家7,随风少不了落叶,3项更新内容面板开关: 0	数据长度是1	数据类型为number
148829, 存储数据, 玩家7,随风少不了落叶,4项游戏版本号: 1696	数据长度是16	数据类型为number
148829, 存储数据, 玩家7,随风少不了落叶,5项语音: 0	数据长度是1	数据类型为number
148829, 存储数据, 玩家7,随风少不了落叶,6项音响: 0	数据长度是1	数据类型为number
148829, 存储数据, 玩家7,随风少不了落叶,7项麦克风: 0	数据长度是1	数据类型为number
148829, 存储数据, 玩家7,随风少不了落叶,8项音响大小: 0	数据长度是8	数据类型为number
148829, 存储数据, 玩家7,随风少不了落叶,9项麦克风大小: 0	数据长度是8	数据类型为number
148829, 存储数据, 玩家7,随风少不了落叶,10项未知: 1	数据长度是1	数据类型为number
148829, 存储数据, 玩家7,随风少不了落叶,11项光照: 96	数据长度是8	数据类型为number
148829, 存储数据, 玩家7,随风少不了落叶,12项新F11面板模式: 1	数据长度是1	数据类型为number
148829, 存储数据, 玩家7,随风少不了落叶,13项血条区分敌我: 1	数据长度是1	数据类型为number
148829, 存储数据, 玩家7,随风少不了落叶,14项快捷键1: 41	数据长度是16	数据类型为number
148829, 存储数据, 玩家7,随风少不了落叶,15项快捷键2: 43	数据长度是16	数据类型为number
148829, 存储数据, 玩家7,随风少不了落叶,16项快捷键3: 61	数据长度是16	数据类型为number
148829, 存储数据, 玩家7,随风少不了落叶,17项快捷键4: 42	数据长度是16	数据类型为number
148829, 存储数据, 玩家7,随风少不了落叶,18项快捷键5: 56	数据长度是16	数据类型为number
148829, 存储数据, 玩家7,随风少不了落叶,19项快捷键6: 53	数据长度是16	数据类型为number
148829, 存储数据, 玩家7,随风少不了落叶,20项快捷键7: 541	数据长度是16	数据类型为number
148829, 存储数据, 玩家7,随风少不了落叶,21项快捷键8: 542	数据长度是16	数据类型为number
148829, 存储数据, 玩家7,随风少不了落叶,22项快捷键9: 543	数据长度是16	数据类型为number
148829, 存储数据, 玩家7,随风少不了落叶,23项快捷键10: 544	数据长度是16	数据类型为number
148829, 存储数据, 玩家7,随风少不了落叶,24项快捷键11: 545	数据长度是16	数据类型为number
148829, 存储数据, 玩家7,随风少不了落叶,25项快捷键12: 546	数据长度是16	数据类型为number
148829, 存储数据, 玩家7,随风少不了落叶,26项快捷键13: 62	数据长度是16	数据类型为number
148829, 存储数据, 玩家7,随风少不了落叶,27项快捷键14: 569	数据长度是16	数据类型为number
148829, 存储数据, 玩家7,随风少不了落叶,28项快捷键15: 549	数据长度是16	数据类型为number
148829, 存储数据, 玩家7,随风少不了落叶,29项快捷键16: 64	数据长度是16	数据类型为number
148829, 存储数据, 玩家7,随风少不了落叶,30项快捷键17: 555	数据长度是16	数据类型为number
148829, 存储数据, 玩家7,随风少不了落叶,31项快捷键18: 568	数据长度是16	数据类型为number
148829, 存储数据, 玩家7,随风少不了落叶,32项是否显示刀光: 1	数据长度是1	数据类型为number
148829, 存储数据, 玩家7,随风少不了落叶,33项显示刀光编号: 17	数据长度是8	数据类型为number
148829, 存储数据, 玩家7,随风少不了落叶,34项不显示翅膀: 0	数据长度是1	数据类型为number
148829, 存储数据, 玩家7,随风少不了落叶,35项显示翅膀编号: 4	数据长度是8	数据类型为number
148829, 存储数据, 玩家7,随风少不了落叶,36项孔明灯: 0	数据长度是8	数据类型为number
148829, 存储数据, 玩家7,随风少不了落叶,37项免控表现: 0	数据长度是8	数据类型为number
148829, 存储数据, 玩家7,随风少不了落叶,38项窗口锁定: 0	数据长度是8	数据类型为number
148829, 存储数据, 玩家7,随风少不了落叶,39项打孔明灯: 0	数据长度是8	数据类型为number
148829, 存储数据, 玩家7,随风少不了落叶,40项小地图头像: 0	数据长度是8	数据类型为number
148829, 存储数据, 玩家7,随风少不了落叶,41项画笔库6: 0	数据长度是8	数据类型为number
148829, 存储数据, 玩家7,随风少不了落叶,42项画笔库7: 0	数据长度是8	数据类型为number
148829, 存储数据, 玩家7,随风少不了落叶,43项画笔库8: 0	数据长度是8	数据类型为number
148829, 存储数据, 玩家7,随风少不了落叶,44项会员功能1: 1	数据长度是1	数据类型为number
148829, 存储数据, 玩家7,随风少不了落叶,45项会员功能2: 1	数据长度是1	数据类型为number
148829, 存储数据, 玩家7,随风少不了落叶,46项会员功能3: 0	数据长度是1	数据类型为number
148829, 存储数据, 玩家7,随风少不了落叶,47项会员功能4: 1	数据长度是1	数据类型为number
148829, 存储数据, 玩家7,随风少不了落叶,48项会员功能5: 1	数据长度是1	数据类型为number
148829, 存储数据, 玩家7,随风少不了落叶,49项会员功能6: 1	数据长度是1	数据类型为number
148829, 存储数据, 玩家7,随风少不了落叶,50项会员功能7: 1	数据长度是1	数据类型为number
148829, 存储数据, 玩家7,随风少不了落叶,51项会员功能8: 1	数据长度是1	数据类型为number
148829, 存储数据, 玩家7,随风少不了落叶,52项新商店左侧扩展面板: 1	数据长度是1	数据类型为number
148829, 存储数据, 玩家7,随风少不了落叶,53项新商店上部扩展面板: 1	数据长度是1	数据类型为number
148829, 存储数据, 玩家7,随风少不了落叶,54项新商店购买方式: 0	数据长度是1	数据类型为number
148829, 存储数据, 玩家7,随风少不了落叶,55项新商店商店模式: 1	数据长度是1	数据类型为number
148829, 存储数据, 玩家7,随风少不了落叶,56项预扣血模式: 0	数据长度是1	数据类型为number
148829, 存储数据, 玩家7,随风少不了落叶,57项回城特效: 0	数据长度是8	数据类型为number
148829, 存储数据, 玩家8,每月硬2次,1项画质: 1	数据长度是1	数据类型为number
148829, 存储数据, 玩家8,每月硬2次,2项滚屏速度: 17	数据长度是8	数据类型为number
148829, 存储数据, 玩家8,每月硬2次,3项更新内容面板开关: 0	数据长度是1	数据类型为number
148829, 存储数据, 玩家8,每月硬2次,4项游戏版本号: 1696	数据长度是16	数据类型为number
148829, 存储数据, 玩家8,每月硬2次,5项语音: 0	数据长度是1	数据类型为number
148829, 存储数据, 玩家8,每月硬2次,6项音响: 0	数据长度是1	数据类型为number
148829, 存储数据, 玩家8,每月硬2次,7项麦克风: 0	数据长度是1	数据类型为number
148829, 存储数据, 玩家8,每月硬2次,8项音响大小: 0	数据长度是8	数据类型为number
148829, 存储数据, 玩家8,每月硬2次,9项麦克风大小: 0	数据长度是8	数据类型为number
148829, 存储数据, 玩家8,每月硬2次,10项未知: 1	数据长度是1	数据类型为number
148829, 存储数据, 玩家8,每月硬2次,11项光照: 94	数据长度是8	数据类型为number
148829, 存储数据, 玩家8,每月硬2次,12项新F11面板模式: 1	数据长度是1	数据类型为number
148829, 存储数据, 玩家8,每月硬2次,13项血条区分敌我: 1	数据长度是1	数据类型为number
148829, 存储数据, 玩家8,每月硬2次,14项快捷键1: 41	数据长度是16	数据类型为number
148829, 存储数据, 玩家8,每月硬2次,15项快捷键2: 43	数据长度是16	数据类型为number
148829, 存储数据, 玩家8,每月硬2次,16项快捷键3: 61	数据长度是16	数据类型为number
148829, 存储数据, 玩家8,每月硬2次,17项快捷键4: 42	数据长度是16	数据类型为number
148829, 存储数据, 玩家8,每月硬2次,18项快捷键5: 56	数据长度是16	数据类型为number
148829, 存储数据, 玩家8,每月硬2次,19项快捷键6: 53	数据长度是16	数据类型为number
148829, 存储数据, 玩家8,每月硬2次,20项快捷键7: 541	数据长度是16	数据类型为number
148829, 存储数据, 玩家8,每月硬2次,21项快捷键8: 542	数据长度是16	数据类型为number
148829, 存储数据, 玩家8,每月硬2次,22项快捷键9: 543	数据长度是16	数据类型为number
148829, 存储数据, 玩家8,每月硬2次,23项快捷键10: 544	数据长度是16	数据类型为number
148829, 存储数据, 玩家8,每月硬2次,24项快捷键11: 44	数据长度是16	数据类型为number
148829, 存储数据, 玩家8,每月硬2次,25项快捷键12: 546	数据长度是16	数据类型为number
148829, 存储数据, 玩家8,每月硬2次,26项快捷键13: 64	数据长度是16	数据类型为number
148829, 存储数据, 玩家8,每月硬2次,27项快捷键14: 548	数据长度是16	数据类型为number
148829, 存储数据, 玩家8,每月硬2次,28项快捷键15: 549	数据长度是16	数据类型为number
148829, 存储数据, 玩家8,每月硬2次,29项快捷键16: 573	数据长度是16	数据类型为number
148829, 存储数据, 玩家8,每月硬2次,30项快捷键17: 555	数据长度是16	数据类型为number
148829, 存储数据, 玩家8,每月硬2次,31项快捷键18: 568	数据长度是16	数据类型为number
148829, 存储数据, 玩家8,每月硬2次,32项是否显示刀光: 1	数据长度是1	数据类型为number
148829, 存储数据, 玩家8,每月硬2次,33项显示刀光编号: 17	数据长度是8	数据类型为number
148829, 存储数据, 玩家8,每月硬2次,34项不显示翅膀: 0	数据长度是1	数据类型为number
148829, 存储数据, 玩家8,每月硬2次,35项显示翅膀编号: 3	数据长度是8	数据类型为number
148829, 存储数据, 玩家8,每月硬2次,36项孔明灯: 0	数据长度是8	数据类型为number
148829, 存储数据, 玩家8,每月硬2次,37项免控表现: 0	数据长度是8	数据类型为number
148829, 存储数据, 玩家8,每月硬2次,38项窗口锁定: 0	数据长度是8	数据类型为number
148829, 存储数据, 玩家8,每月硬2次,39项打孔明灯: 0	数据长度是8	数据类型为number
148829, 存储数据, 玩家8,每月硬2次,40项小地图头像: 0	数据长度是8	数据类型为number
148829, 存储数据, 玩家8,每月硬2次,41项画笔库6: 0	数据长度是8	数据类型为number
148829, 存储数据, 玩家8,每月硬2次,42项画笔库7: 0	数据长度是8	数据类型为number
148829, 存储数据, 玩家8,每月硬2次,43项画笔库8: 0	数据长度是8	数据类型为number
148829, 存储数据, 玩家8,每月硬2次,44项会员功能1: 1	数据长度是1	数据类型为number
148829, 存储数据, 玩家8,每月硬2次,45项会员功能2: 1	数据长度是1	数据类型为number
148829, 存储数据, 玩家8,每月硬2次,46项会员功能3: 1	数据长度是1	数据类型为number
148829, 存储数据, 玩家8,每月硬2次,47项会员功能4: 1	数据长度是1	数据类型为number
148829, 存储数据, 玩家8,每月硬2次,48项会员功能5: 1	数据长度是1	数据类型为number
148829, 存储数据, 玩家8,每月硬2次,49项会员功能6: 1	数据长度是1	数据类型为number
148829, 存储数据, 玩家8,每月硬2次,50项会员功能7: 1	数据长度是1	数据类型为number
148829, 存储数据, 玩家8,每月硬2次,51项会员功能8: 1	数据长度是1	数据类型为number
148829, 存储数据, 玩家8,每月硬2次,52项新商店左侧扩展面板: 1	数据长度是1	数据类型为number
148829, 存储数据, 玩家8,每月硬2次,53项新商店上部扩展面板: 1	数据长度是1	数据类型为number
148829, 存储数据, 玩家8,每月硬2次,54项新商店购买方式: 0	数据长度是1	数据类型为number
148829, 存储数据, 玩家8,每月硬2次,55项新商店商店模式: 1	数据长度是1	数据类型为number
148829, 存储数据, 玩家8,每月硬2次,56项预扣血模式: 1	数据长度是1	数据类型为number
148829, 存储数据, 玩家8,每月硬2次,57项回城特效: 14	数据长度是8	数据类型为number
148829, 存储数据, 玩家9,逐丶翼,1项画质: 1	数据长度是1	数据类型为number
148829, 存储数据, 玩家9,逐丶翼,2项滚屏速度: 20	数据长度是8	数据类型为number
148829, 存储数据, 玩家9,逐丶翼,3项更新内容面板开关: 0	数据长度是1	数据类型为number
148829, 存储数据, 玩家9,逐丶翼,4项游戏版本号: 1696	数据长度是16	数据类型为number
148829, 存储数据, 玩家9,逐丶翼,5项语音: 0	数据长度是1	数据类型为number
148829, 存储数据, 玩家9,逐丶翼,6项音响: 0	数据长度是1	数据类型为number
148829, 存储数据, 玩家9,逐丶翼,7项麦克风: 0	数据长度是1	数据类型为number
148829, 存储数据, 玩家9,逐丶翼,8项音响大小: 0	数据长度是8	数据类型为number
148829, 存储数据, 玩家9,逐丶翼,9项麦克风大小: 0	数据长度是8	数据类型为number
148829, 存储数据, 玩家9,逐丶翼,10项未知: 1	数据长度是1	数据类型为number
148829, 存储数据, 玩家9,逐丶翼,11项光照: 99	数据长度是8	数据类型为number
148829, 存储数据, 玩家9,逐丶翼,12项新F11面板模式: 1	数据长度是1	数据类型为number
148829, 存储数据, 玩家9,逐丶翼,13项血条区分敌我: 1	数据长度是1	数据类型为number
148829, 存储数据, 玩家9,逐丶翼,14项快捷键1: 41	数据长度是16	数据类型为number
148829, 存储数据, 玩家9,逐丶翼,15项快捷键2: 43	数据长度是16	数据类型为number
148829, 存储数据, 玩家9,逐丶翼,16项快捷键3: 61	数据长度是16	数据类型为number
148829, 存储数据, 玩家9,逐丶翼,17项快捷键4: 42	数据长度是16	数据类型为number
148829, 存储数据, 玩家9,逐丶翼,18项快捷键5: 56	数据长度是16	数据类型为number
148829, 存储数据, 玩家9,逐丶翼,19项快捷键6: 53	数据长度是16	数据类型为number
148829, 存储数据, 玩家9,逐丶翼,20项快捷键7: 541	数据长度是16	数据类型为number
148829, 存储数据, 玩家9,逐丶翼,21项快捷键8: 542	数据长度是16	数据类型为number
148829, 存储数据, 玩家9,逐丶翼,22项快捷键9: 543	数据长度是16	数据类型为number
148829, 存储数据, 玩家9,逐丶翼,23项快捷键10: 544	数据长度是16	数据类型为number
148829, 存储数据, 玩家9,逐丶翼,24项快捷键11: 545	数据长度是16	数据类型为number
148829, 存储数据, 玩家9,逐丶翼,25项快捷键12: 546	数据长度是16	数据类型为number
148829, 存储数据, 玩家9,逐丶翼,26项快捷键13: 547	数据长度是16	数据类型为number
148829, 存储数据, 玩家9,逐丶翼,27项快捷键14: 548	数据长度是16	数据类型为number
148829, 存储数据, 玩家9,逐丶翼,28项快捷键15: 0	数据长度是16	数据类型为number
148829, 存储数据, 玩家9,逐丶翼,29项快捷键16: 44	数据长度是16	数据类型为number
148829, 存储数据, 玩家9,逐丶翼,30项快捷键17: 555	数据长度是16	数据类型为number
148829, 存储数据, 玩家9,逐丶翼,31项快捷键18: 568	数据长度是16	数据类型为number
148829, 存储数据, 玩家9,逐丶翼,32项是否显示刀光: 1	数据长度是1	数据类型为number
148829, 存储数据, 玩家9,逐丶翼,33项显示刀光编号: 13	数据长度是8	数据类型为number
148829, 存储数据, 玩家9,逐丶翼,34项不显示翅膀: 0	数据长度是1	数据类型为number
148829, 存储数据, 玩家9,逐丶翼,35项显示翅膀编号: 5	数据长度是8	数据类型为number
148829, 存储数据, 玩家9,逐丶翼,36项孔明灯: 0	数据长度是8	数据类型为number
148829, 存储数据, 玩家9,逐丶翼,37项免控表现: 0	数据长度是8	数据类型为number
148829, 存储数据, 玩家9,逐丶翼,38项窗口锁定: 0	数据长度是8	数据类型为number
148829, 存储数据, 玩家9,逐丶翼,39项打孔明灯: 0	数据长度是8	数据类型为number
148829, 存储数据, 玩家9,逐丶翼,40项小地图头像: 0	数据长度是8	数据类型为number
148829, 存储数据, 玩家9,逐丶翼,41项画笔库6: 0	数据长度是8	数据类型为number
148829, 存储数据, 玩家9,逐丶翼,42项画笔库7: 0	数据长度是8	数据类型为number
148829, 存储数据, 玩家9,逐丶翼,43项画笔库8: 0	数据长度是8	数据类型为number
148829, 存储数据, 玩家9,逐丶翼,44项会员功能1: 1	数据长度是1	数据类型为number
148829, 存储数据, 玩家9,逐丶翼,45项会员功能2: 1	数据长度是1	数据类型为number
148829, 存储数据, 玩家9,逐丶翼,46项会员功能3: 1	数据长度是1	数据类型为number
148829, 存储数据, 玩家9,逐丶翼,47项会员功能4: 1	数据长度是1	数据类型为number
148829, 存储数据, 玩家9,逐丶翼,48项会员功能5: 1	数据长度是1	数据类型为number
148829, 存储数据, 玩家9,逐丶翼,49项会员功能6: 1	数据长度是1	数据类型为number
148829, 存储数据, 玩家9,逐丶翼,50项会员功能7: 1	数据长度是1	数据类型为number
148829, 存储数据, 玩家9,逐丶翼,51项会员功能8: 1	数据长度是1	数据类型为number
148829, 存储数据, 玩家9,逐丶翼,52项新商店左侧扩展面板: 1	数据长度是1	数据类型为number
148829, 存储数据, 玩家9,逐丶翼,53项新商店上部扩展面板: 1	数据长度是1	数据类型为number
148829, 存储数据, 玩家9,逐丶翼,54项新商店购买方式: 0	数据长度是1	数据类型为number
148829, 存储数据, 玩家9,逐丶翼,55项新商店商店模式: 0	数据长度是1	数据类型为number
148829, 存储数据, 玩家9,逐丶翼,56项预扣血模式: 1	数据长度是1	数据类型为number
148829, 存储数据, 玩家9,逐丶翼,57项回城特效: 0	数据长度是8	数据类型为number
148829, 存储数据, 玩家10,肾宝味道好极老,1项画质: 1	数据长度是1	数据类型为number
148829, 存储数据, 玩家10,肾宝味道好极老,2项滚屏速度: 15	数据长度是8	数据类型为number
148829, 存储数据, 玩家10,肾宝味道好极老,3项更新内容面板开关: 0	数据长度是1	数据类型为number
148829, 存储数据, 玩家10,肾宝味道好极老,4项游戏版本号: 1696	数据长度是16	数据类型为number
148829, 存储数据, 玩家10,肾宝味道好极老,5项语音: 0	数据长度是1	数据类型为number
148829, 存储数据, 玩家10,肾宝味道好极老,6项音响: 0	数据长度是1	数据类型为number
148829, 存储数据, 玩家10,肾宝味道好极老,7项麦克风: 0	数据长度是1	数据类型为number
148829, 存储数据, 玩家10,肾宝味道好极老,8项音响大小: 0	数据长度是8	数据类型为number
148829, 存储数据, 玩家10,肾宝味道好极老,9项麦克风大小: 0	数据长度是8	数据类型为number
148829, 存储数据, 玩家10,肾宝味道好极老,10项未知: 1	数据长度是1	数据类型为number
148829, 存储数据, 玩家10,肾宝味道好极老,11项光照: 99	数据长度是8	数据类型为number
148829, 存储数据, 玩家10,肾宝味道好极老,12项新F11面板模式: 0	数据长度是1	数据类型为number
148829, 存储数据, 玩家10,肾宝味道好极老,13项血条区分敌我: 1	数据长度是1	数据类型为number
148829, 存储数据, 玩家10,肾宝味道好极老,14项快捷键1: 41	数据长度是16	数据类型为number
148829, 存储数据, 玩家10,肾宝味道好极老,15项快捷键2: 43	数据长度是16	数据类型为number
148829, 存储数据, 玩家10,肾宝味道好极老,16项快捷键3: 61	数据长度是16	数据类型为number
148829, 存储数据, 玩家10,肾宝味道好极老,17项快捷键4: 42	数据长度是16	数据类型为number
148829, 存储数据, 玩家10,肾宝味道好极老,18项快捷键5: 56	数据长度是16	数据类型为number
148829, 存储数据, 玩家10,肾宝味道好极老,19项快捷键6: 53	数据长度是16	数据类型为number
148829, 存储数据, 玩家10,肾宝味道好极老,20项快捷键7: 541	数据长度是16	数据类型为number
148829, 存储数据, 玩家10,肾宝味道好极老,21项快捷键8: 542	数据长度是16	数据类型为number
148829, 存储数据, 玩家10,肾宝味道好极老,22项快捷键9: 543	数据长度是16	数据类型为number
148829, 存储数据, 玩家10,肾宝味道好极老,23项快捷键10: 544	数据长度是16	数据类型为number
148829, 存储数据, 玩家10,肾宝味道好极老,24项快捷键11: 545	数据长度是16	数据类型为number
148829, 存储数据, 玩家10,肾宝味道好极老,25项快捷键12: 546	数据长度是16	数据类型为number
148829, 存储数据, 玩家10,肾宝味道好极老,26项快捷键13: 44	数据长度是16	数据类型为number
148829, 存储数据, 玩家10,肾宝味道好极老,27项快捷键14: 548	数据长度是16	数据类型为number
148829, 存储数据, 玩家10,肾宝味道好极老,28项快捷键15: 549	数据长度是16	数据类型为number
148829, 存储数据, 玩家10,肾宝味道好极老,29项快捷键16: 573	数据长度是16	数据类型为number
148829, 存储数据, 玩家10,肾宝味道好极老,30项快捷键17: 555	数据长度是16	数据类型为number
148829, 存储数据, 玩家10,肾宝味道好极老,31项快捷键18: 568	数据长度是16	数据类型为number
148829, 存储数据, 玩家10,肾宝味道好极老,32项是否显示刀光: 1	数据长度是1	数据类型为number
148829, 存储数据, 玩家10,肾宝味道好极老,33项显示刀光编号: 14	数据长度是8	数据类型为number
148829, 存储数据, 玩家10,肾宝味道好极老,34项不显示翅膀: 1	数据长度是1	数据类型为number
148829, 存储数据, 玩家10,肾宝味道好极老,35项显示翅膀编号: 0	数据长度是8	数据类型为number
148829, 存储数据, 玩家10,肾宝味道好极老,36项孔明灯: 0	数据长度是8	数据类型为number
148829, 存储数据, 玩家10,肾宝味道好极老,37项免控表现: 0	数据长度是8	数据类型为number
148829, 存储数据, 玩家10,肾宝味道好极老,38项窗口锁定: 0	数据长度是8	数据类型为number
148829, 存储数据, 玩家10,肾宝味道好极老,39项打孔明灯: 0	数据长度是8	数据类型为number
148829, 存储数据, 玩家10,肾宝味道好极老,40项小地图头像: 0	数据长度是8	数据类型为number
148829, 存储数据, 玩家10,肾宝味道好极老,41项画笔库6: 0	数据长度是8	数据类型为number
148829, 存储数据, 玩家10,肾宝味道好极老,42项画笔库7: 0	数据长度是8	数据类型为number
148829, 存储数据, 玩家10,肾宝味道好极老,43项画笔库8: 0	数据长度是8	数据类型为number
148829, 存储数据, 玩家10,肾宝味道好极老,44项会员功能1: 1	数据长度是1	数据类型为number
148829, 存储数据, 玩家10,肾宝味道好极老,45项会员功能2: 1	数据长度是1	数据类型为number
148829, 存储数据, 玩家10,肾宝味道好极老,46项会员功能3: 1	数据长度是1	数据类型为number
148829, 存储数据, 玩家10,肾宝味道好极老,47项会员功能4: 1	数据长度是1	数据类型为number
148829, 存储数据, 玩家10,肾宝味道好极老,48项会员功能5: 1	数据长度是1	数据类型为number
148829, 存储数据, 玩家10,肾宝味道好极老,49项会员功能6: 1	数据长度是1	数据类型为number
148829, 存储数据, 玩家10,肾宝味道好极老,50项会员功能7: 1	数据长度是1	数据类型为number
148829, 存储数据, 玩家10,肾宝味道好极老,51项会员功能8: 1	数据长度是1	数据类型为number
148829, 存储数据, 玩家10,肾宝味道好极老,52项新商店左侧扩展面板: 1	数据长度是1	数据类型为number
148829, 存储数据, 玩家10,肾宝味道好极老,53项新商店上部扩展面板: 1	数据长度是1	数据类型为number
148829, 存储数据, 玩家10,肾宝味道好极老,54项新商店购买方式: 0	数据长度是1	数据类型为number
148829, 存储数据, 玩家10,肾宝味道好极老,55项新商店商店模式: 1	数据长度是1	数据类型为number
148829, 存储数据, 玩家10,肾宝味道好极老,56项预扣血模式: 0	数据长度是1	数据类型为number
148829, 存储数据, 玩家10,肾宝味道好极老,57项回城特效: 9	数据长度是8	数据类型为number
148829, 存储数据, 玩家11,搞死战龙618,1项画质: 1	数据长度是1	数据类型为number
148829, 存储数据, 玩家11,搞死战龙618,2项滚屏速度: 17	数据长度是8	数据类型为number
148829, 存储数据, 玩家11,搞死战龙618,3项更新内容面板开关: 0	数据长度是1	数据类型为number
148829, 存储数据, 玩家11,搞死战龙618,4项游戏版本号: 1696	数据长度是16	数据类型为number
148829, 存储数据, 玩家11,搞死战龙618,5项语音: 0	数据长度是1	数据类型为number
148829, 存储数据, 玩家11,搞死战龙618,6项音响: 1	数据长度是1	数据类型为number
148829, 存储数据, 玩家11,搞死战龙618,7项麦克风: 0	数据长度是1	数据类型为number
148829, 存储数据, 玩家11,搞死战龙618,8项音响大小: 0	数据长度是8	数据类型为number
148829, 存储数据, 玩家11,搞死战龙618,9项麦克风大小: 0	数据长度是8	数据类型为number
148829, 存储数据, 玩家11,搞死战龙618,10项未知: 1	数据长度是1	数据类型为number
148829, 存储数据, 玩家11,搞死战龙618,11项光照: 99	数据长度是8	数据类型为number
148829, 存储数据, 玩家11,搞死战龙618,12项新F11面板模式: 0	数据长度是1	数据类型为number
148829, 存储数据, 玩家11,搞死战龙618,13项血条区分敌我: 1	数据长度是1	数据类型为number
148829, 存储数据, 玩家11,搞死战龙618,14项快捷键1: 41	数据长度是16	数据类型为number
148829, 存储数据, 玩家11,搞死战龙618,15项快捷键2: 43	数据长度是16	数据类型为number
148829, 存储数据, 玩家11,搞死战龙618,16项快捷键3: 61	数据长度是16	数据类型为number
148829, 存储数据, 玩家11,搞死战龙618,17项快捷键4: 42	数据长度是16	数据类型为number
148829, 存储数据, 玩家11,搞死战龙618,18项快捷键5: 56	数据长度是16	数据类型为number
148829, 存储数据, 玩家11,搞死战龙618,19项快捷键6: 53	数据长度是16	数据类型为number
148829, 存储数据, 玩家11,搞死战龙618,20项快捷键7: 541	数据长度是16	数据类型为number
148829, 存储数据, 玩家11,搞死战龙618,21项快捷键8: 542	数据长度是16	数据类型为number
148829, 存储数据, 玩家11,搞死战龙618,22项快捷键9: 543	数据长度是16	数据类型为number
148829, 存储数据, 玩家11,搞死战龙618,23项快捷键10: 544	数据长度是16	数据类型为number
148829, 存储数据, 玩家11,搞死战龙618,24项快捷键11: 545	数据长度是16	数据类型为number
148829, 存储数据, 玩家11,搞死战龙618,25项快捷键12: 546	数据长度是16	数据类型为number
148829, 存储数据, 玩家11,搞死战龙618,26项快捷键13: 547	数据长度是16	数据类型为number
148829, 存储数据, 玩家11,搞死战龙618,27项快捷键14: 548	数据长度是16	数据类型为number
148829, 存储数据, 玩家11,搞死战龙618,28项快捷键15: 549	数据长度是16	数据类型为number
148829, 存储数据, 玩家11,搞死战龙618,29项快捷键16: 567	数据长度是16	数据类型为number
148829, 存储数据, 玩家11,搞死战龙618,30项快捷键17: 555	数据长度是16	数据类型为number
148829, 存储数据, 玩家11,搞死战龙618,31项快捷键18: 568	数据长度是16	数据类型为number
148829, 存储数据, 玩家11,搞死战龙618,32项是否显示刀光: 1	数据长度是1	数据类型为number
148829, 存储数据, 玩家11,搞死战龙618,33项显示刀光编号: 12	数据长度是8	数据类型为number
148829, 存储数据, 玩家11,搞死战龙618,34项不显示翅膀: 0	数据长度是1	数据类型为number
148829, 存储数据, 玩家11,搞死战龙618,35项显示翅膀编号: 3	数据长度是8	数据类型为number
148829, 存储数据, 玩家11,搞死战龙618,36项孔明灯: 0	数据长度是8	数据类型为number
148829, 存储数据, 玩家11,搞死战龙618,37项免控表现: 0	数据长度是8	数据类型为number
148829, 存储数据, 玩家11,搞死战龙618,38项窗口锁定: 0	数据长度是8	数据类型为number
148829, 存储数据, 玩家11,搞死战龙618,39项打孔明灯: 0	数据长度是8	数据类型为number
148829, 存储数据, 玩家11,搞死战龙618,40项小地图头像: 0	数据长度是8	数据类型为number
148829, 存储数据, 玩家11,搞死战龙618,41项画笔库6: 0	数据长度是8	数据类型为number
148829, 存储数据, 玩家11,搞死战龙618,42项画笔库7: 0	数据长度是8	数据类型为number
148829, 存储数据, 玩家11,搞死战龙618,43项画笔库8: 0	数据长度是8	数据类型为number
148829, 存储数据, 玩家11,搞死战龙618,44项会员功能1: 1	数据长度是1	数据类型为number
148829, 存储数据, 玩家11,搞死战龙618,45项会员功能2: 1	数据长度是1	数据类型为number
148829, 存储数据, 玩家11,搞死战龙618,46项会员功能3: 0	数据长度是1	数据类型为number
148829, 存储数据, 玩家11,搞死战龙618,47项会员功能4: 1	数据长度是1	数据类型为number
148829, 存储数据, 玩家11,搞死战龙618,48项会员功能5: 1	数据长度是1	数据类型为number
148829, 存储数据, 玩家11,搞死战龙618,49项会员功能6: 1	数据长度是1	数据类型为number
148829, 存储数据, 玩家11,搞死战龙618,50项会员功能7: 1	数据长度是1	数据类型为number
148829, 存储数据, 玩家11,搞死战龙618,51项会员功能8: 1	数据长度是1	数据类型为number
148829, 存储数据, 玩家11,搞死战龙618,52项新商店左侧扩展面板: 1	数据长度是1	数据类型为number
148829, 存储数据, 玩家11,搞死战龙618,53项新商店上部扩展面板: 1	数据长度是1	数据类型为number
148829, 存储数据, 玩家11,搞死战龙618,54项新商店购买方式: 0	数据长度是1	数据类型为number
148829, 存储数据, 玩家11,搞死战龙618,55项新商店商店模式: 1	数据长度是1	数据类型为number
148829, 存储数据, 玩家11,搞死战龙618,56项预扣血模式: 0	数据长度是1	数据类型为number
148829, 存储数据, 玩家11,搞死战龙618,57项回城特效: 0	数据长度是8	数据类型为number
148829, 存储数据, 玩家12,Q愤怒的小鸟Q,1项画质: 1	数据长度是1	数据类型为number
148829, 存储数据, 玩家12,Q愤怒的小鸟Q,2项滚屏速度: 26	数据长度是8	数据类型为number
148829, 存储数据, 玩家12,Q愤怒的小鸟Q,3项更新内容面板开关: 0	数据长度是1	数据类型为number
148829, 存储数据, 玩家12,Q愤怒的小鸟Q,4项游戏版本号: 1696	数据长度是16	数据类型为number
148829, 存储数据, 玩家12,Q愤怒的小鸟Q,5项语音: 0	数据长度是1	数据类型为number
148829, 存储数据, 玩家12,Q愤怒的小鸟Q,6项音响: 0	数据长度是1	数据类型为number
148829, 存储数据, 玩家12,Q愤怒的小鸟Q,7项麦克风: 0	数据长度是1	数据类型为number
148829, 存储数据, 玩家12,Q愤怒的小鸟Q,8项音响大小: 0	数据长度是8	数据类型为number
148829, 存储数据, 玩家12,Q愤怒的小鸟Q,9项麦克风大小: 0	数据长度是8	数据类型为number
148829, 存储数据, 玩家12,Q愤怒的小鸟Q,10项未知: 1	数据长度是1	数据类型为number
148829, 存储数据, 玩家12,Q愤怒的小鸟Q,11项光照: 100	数据长度是8	数据类型为number
148829, 存储数据, 玩家12,Q愤怒的小鸟Q,12项新F11面板模式: 1	数据长度是1	数据类型为number
148829, 存储数据, 玩家12,Q愤怒的小鸟Q,13项血条区分敌我: 1	数据长度是1	数据类型为number
148829, 存储数据, 玩家12,Q愤怒的小鸟Q,14项快捷键1: 41	数据长度是16	数据类型为number
148829, 存储数据, 玩家12,Q愤怒的小鸟Q,15项快捷键2: 43	数据长度是16	数据类型为number
148829, 存储数据, 玩家12,Q愤怒的小鸟Q,16项快捷键3: 61	数据长度是16	数据类型为number
148829, 存储数据, 玩家12,Q愤怒的小鸟Q,17项快捷键4: 42	数据长度是16	数据类型为number
148829, 存储数据, 玩家12,Q愤怒的小鸟Q,18项快捷键5: 56	数据长度是16	数据类型为number
148829, 存储数据, 玩家12,Q愤怒的小鸟Q,19项快捷键6: 53	数据长度是16	数据类型为number
148829, 存储数据, 玩家12,Q愤怒的小鸟Q,20项快捷键7: 541	数据长度是16	数据类型为number
148829, 存储数据, 玩家12,Q愤怒的小鸟Q,21项快捷键8: 542	数据长度是16	数据类型为number
148829, 存储数据, 玩家12,Q愤怒的小鸟Q,22项快捷键9: 543	数据长度是16	数据类型为number
148829, 存储数据, 玩家12,Q愤怒的小鸟Q,23项快捷键10: 544	数据长度是16	数据类型为number
148829, 存储数据, 玩家12,Q愤怒的小鸟Q,24项快捷键11: 545	数据长度是16	数据类型为number
148829, 存储数据, 玩家12,Q愤怒的小鸟Q,25项快捷键12: 546	数据长度是16	数据类型为number
148829, 存储数据, 玩家12,Q愤怒的小鸟Q,26项快捷键13: 0	数据长度是16	数据类型为number
148829, 存储数据, 玩家12,Q愤怒的小鸟Q,27项快捷键14: 62	数据长度是16	数据类型为number
148829, 存储数据, 玩家12,Q愤怒的小鸟Q,28项快捷键15: 549	数据长度是16	数据类型为number
148829, 存储数据, 玩家12,Q愤怒的小鸟Q,29项快捷键16: 64	数据长度是16	数据类型为number
148829, 存储数据, 玩家12,Q愤怒的小鸟Q,30项快捷键17: 0	数据长度是16	数据类型为number
148829, 存储数据, 玩家12,Q愤怒的小鸟Q,31项快捷键18: 0	数据长度是16	数据类型为number
148829, 存储数据, 玩家12,Q愤怒的小鸟Q,32项是否显示刀光: 1	数据长度是1	数据类型为number
148829, 存储数据, 玩家12,Q愤怒的小鸟Q,33项显示刀光编号: 10	数据长度是8	数据类型为number
148829, 存储数据, 玩家12,Q愤怒的小鸟Q,34项不显示翅膀: 0	数据长度是1	数据类型为number
148829, 存储数据, 玩家12,Q愤怒的小鸟Q,35项显示翅膀编号: 3	数据长度是8	数据类型为number
148829, 存储数据, 玩家12,Q愤怒的小鸟Q,36项孔明灯: 0	数据长度是8	数据类型为number
148829, 存储数据, 玩家12,Q愤怒的小鸟Q,37项免控表现: 0	数据长度是8	数据类型为number
148829, 存储数据, 玩家12,Q愤怒的小鸟Q,38项窗口锁定: 0	数据长度是8	数据类型为number
148829, 存储数据, 玩家12,Q愤怒的小鸟Q,39项打孔明灯: 0	数据长度是8	数据类型为number
148829, 存储数据, 玩家12,Q愤怒的小鸟Q,40项小地图头像: 0	数据长度是8	数据类型为number
148829, 存储数据, 玩家12,Q愤怒的小鸟Q,41项画笔库6: 0	数据长度是8	数据类型为number
148829, 存储数据, 玩家12,Q愤怒的小鸟Q,42项画笔库7: 0	数据长度是8	数据类型为number
148829, 存储数据, 玩家12,Q愤怒的小鸟Q,43项画笔库8: 0	数据长度是8	数据类型为number
148829, 存储数据, 玩家12,Q愤怒的小鸟Q,44项会员功能1: 1	数据长度是1	数据类型为number
148829, 存储数据, 玩家12,Q愤怒的小鸟Q,45项会员功能2: 0	数据长度是1	数据类型为number
148829, 存储数据, 玩家12,Q愤怒的小鸟Q,46项会员功能3: 1	数据长度是1	数据类型为number
148829, 存储数据, 玩家12,Q愤怒的小鸟Q,47项会员功能4: 1	数据长度是1	数据类型为number
148829, 存储数据, 玩家12,Q愤怒的小鸟Q,48项会员功能5: 1	数据长度是1	数据类型为number
148829, 存储数据, 玩家12,Q愤怒的小鸟Q,49项会员功能6: 1	数据长度是1	数据类型为number
148829, 存储数据, 玩家12,Q愤怒的小鸟Q,50项会员功能7: 1	数据长度是1	数据类型为number
148829, 存储数据, 玩家12,Q愤怒的小鸟Q,51项会员功能8: 1	数据长度是1	数据类型为number
148829, 存储数据, 玩家12,Q愤怒的小鸟Q,52项新商店左侧扩展面板: 1	数据长度是1	数据类型为number
148829, 存储数据, 玩家12,Q愤怒的小鸟Q,53项新商店上部扩展面板: 1	数据长度是1	数据类型为number
148829, 存储数据, 玩家12,Q愤怒的小鸟Q,54项新商店购买方式: 0	数据长度是1	数据类型为number
148829, 存储数据, 玩家12,Q愤怒的小鸟Q,55项新商店商店模式: 0	数据长度是1	数据类型为number
148829, 存储数据, 玩家12,Q愤怒的小鸟Q,56项预扣血模式: 0	数据长度是1	数据类型为number
148829, 存储数据, 玩家12,Q愤怒的小鸟Q,57项回城特效: 5	数据长度是8	数据类型为number
148829, 存储数据, 玩家13,q345697223,1项画质: 1	数据长度是1	数据类型为number
148829, 存储数据, 玩家13,q345697223,2项滚屏速度: 20	数据长度是8	数据类型为number
148829, 存储数据, 玩家13,q345697223,3项更新内容面板开关: 0	数据长度是1	数据类型为number
148829, 存储数据, 玩家13,q345697223,4项游戏版本号: 1696	数据长度是16	数据类型为number
148829, 存储数据, 玩家13,q345697223,5项语音: 0	数据长度是1	数据类型为number
148829, 存储数据, 玩家13,q345697223,6项音响: 0	数据长度是1	数据类型为number
148829, 存储数据, 玩家13,q345697223,7项麦克风: 0	数据长度是1	数据类型为number
148829, 存储数据, 玩家13,q345697223,8项音响大小: 0	数据长度是8	数据类型为number
148829, 存储数据, 玩家13,q345697223,9项麦克风大小: 0	数据长度是8	数据类型为number
148829, 存储数据, 玩家13,q345697223,10项未知: 1	数据长度是1	数据类型为number
148829, 存储数据, 玩家13,q345697223,11项光照: 99	数据长度是8	数据类型为number
148829, 存储数据, 玩家13,q345697223,12项新F11面板模式: 1	数据长度是1	数据类型为number
148829, 存储数据, 玩家13,q345697223,13项血条区分敌我: 1	数据长度是1	数据类型为number
148829, 存储数据, 玩家13,q345697223,14项快捷键1: 41	数据长度是16	数据类型为number
148829, 存储数据, 玩家13,q345697223,15项快捷键2: 43	数据长度是16	数据类型为number
148829, 存储数据, 玩家13,q345697223,16项快捷键3: 61	数据长度是16	数据类型为number
148829, 存储数据, 玩家13,q345697223,17项快捷键4: 42	数据长度是16	数据类型为number
148829, 存储数据, 玩家13,q345697223,18项快捷键5: 56	数据长度是16	数据类型为number
148829, 存储数据, 玩家13,q345697223,19项快捷键6: 53	数据长度是16	数据类型为number
148829, 存储数据, 玩家13,q345697223,20项快捷键7: 541	数据长度是16	数据类型为number
148829, 存储数据, 玩家13,q345697223,21项快捷键8: 542	数据长度是16	数据类型为number
148829, 存储数据, 玩家13,q345697223,22项快捷键9: 543	数据长度是16	数据类型为number
148829, 存储数据, 玩家13,q345697223,23项快捷键10: 544	数据长度是16	数据类型为number
148829, 存储数据, 玩家13,q345697223,24项快捷键11: 545	数据长度是16	数据类型为number
148829, 存储数据, 玩家13,q345697223,25项快捷键12: 546	数据长度是16	数据类型为number
148829, 存储数据, 玩家13,q345697223,26项快捷键13: 547	数据长度是16	数据类型为number
148829, 存储数据, 玩家13,q345697223,27项快捷键14: 548	数据长度是16	数据类型为number
148829, 存储数据, 玩家13,q345697223,28项快捷键15: 549	数据长度是16	数据类型为number
148829, 存储数据, 玩家13,q345697223,29项快捷键16: 573	数据长度是16	数据类型为number
148829, 存储数据, 玩家13,q345697223,30项快捷键17: 555	数据长度是16	数据类型为number
148829, 存储数据, 玩家13,q345697223,31项快捷键18: 568	数据长度是16	数据类型为number
148829, 存储数据, 玩家13,q345697223,32项是否显示刀光: 1	数据长度是1	数据类型为number
148829, 存储数据, 玩家13,q345697223,33项显示刀光编号: 10	数据长度是8	数据类型为number
148829, 存储数据, 玩家13,q345697223,34项不显示翅膀: 0	数据长度是1	数据类型为number
148829, 存储数据, 玩家13,q345697223,35项显示翅膀编号: 4	数据长度是8	数据类型为number
148829, 存储数据, 玩家13,q345697223,36项孔明灯: 0	数据长度是8	数据类型为number
148829, 存储数据, 玩家13,q345697223,37项免控表现: 0	数据长度是8	数据类型为number
148829, 存储数据, 玩家13,q345697223,38项窗口锁定: 0	数据长度是8	数据类型为number
148829, 存储数据, 玩家13,q345697223,39项打孔明灯: 0	数据长度是8	数据类型为number
148829, 存储数据, 玩家13,q345697223,40项小地图头像: 0	数据长度是8	数据类型为number
148829, 存储数据, 玩家13,q345697223,41项画笔库6: 0	数据长度是8	数据类型为number
148829, 存储数据, 玩家13,q345697223,42项画笔库7: 0	数据长度是8	数据类型为number
148829, 存储数据, 玩家13,q345697223,43项画笔库8: 0	数据长度是8	数据类型为number
148829, 存储数据, 玩家13,q345697223,44项会员功能1: 1	数据长度是1	数据类型为number
148829, 存储数据, 玩家13,q345697223,45项会员功能2: 1	数据长度是1	数据类型为number
148829, 存储数据, 玩家13,q345697223,46项会员功能3: 0	数据长度是1	数据类型为number
148829, 存储数据, 玩家13,q345697223,47项会员功能4: 1	数据长度是1	数据类型为number
148829, 存储数据, 玩家13,q345697223,48项会员功能5: 0	数据长度是1	数据类型为number
148829, 存储数据, 玩家13,q345697223,49项会员功能6: 1	数据长度是1	数据类型为number
148829, 存储数据, 玩家13,q345697223,50项会员功能7: 1	数据长度是1	数据类型为number
148829, 存储数据, 玩家13,q345697223,51项会员功能8: 1	数据长度是1	数据类型为number
148829, 存储数据, 玩家13,q345697223,52项新商店左侧扩展面板: 1	数据长度是1	数据类型为number
148829, 存储数据, 玩家13,q345697223,53项新商店上部扩展面板: 1	数据长度是1	数据类型为number
148829, 存储数据, 玩家13,q345697223,54项新商店购买方式: 0	数据长度是1	数据类型为number
148829, 存储数据, 玩家13,q345697223,55项新商店商店模式: 1	数据长度是1	数据类型为number
148829, 存储数据, 玩家13,q345697223,56项预扣血模式: 0	数据长度是1	数据类型为number
148829, 存储数据, 玩家13,q345697223,57项回城特效: 0	数据长度是8	数据类型为number
148829, 存储数据, 玩家14,唐宫美人天下7,1项画质: 1	数据长度是1	数据类型为number
148829, 存储数据, 玩家14,唐宫美人天下7,2项滚屏速度: 32	数据长度是8	数据类型为number
148829, 存储数据, 玩家14,唐宫美人天下7,3项更新内容面板开关: 0	数据长度是1	数据类型为number
148829, 存储数据, 玩家14,唐宫美人天下7,4项游戏版本号: 1696	数据长度是16	数据类型为number
148829, 存储数据, 玩家14,唐宫美人天下7,5项语音: 0	数据长度是1	数据类型为number
148829, 存储数据, 玩家14,唐宫美人天下7,6项音响: 0	数据长度是1	数据类型为number
148829, 存储数据, 玩家14,唐宫美人天下7,7项麦克风: 0	数据长度是1	数据类型为number
148829, 存储数据, 玩家14,唐宫美人天下7,8项音响大小: 0	数据长度是8	数据类型为number
148829, 存储数据, 玩家14,唐宫美人天下7,9项麦克风大小: 0	数据长度是8	数据类型为number
148829, 存储数据, 玩家14,唐宫美人天下7,10项未知: 0	数据长度是1	数据类型为number
148829, 存储数据, 玩家14,唐宫美人天下7,11项光照: 100	数据长度是8	数据类型为number
148829, 存储数据, 玩家14,唐宫美人天下7,12项新F11面板模式: 0	数据长度是1	数据类型为number
148829, 存储数据, 玩家14,唐宫美人天下7,13项血条区分敌我: 1	数据长度是1	数据类型为number
148829, 存储数据, 玩家14,唐宫美人天下7,14项快捷键1: 55	数据长度是16	数据类型为number
148829, 存储数据, 玩家14,唐宫美人天下7,15项快捷键2: 61	数据长度是16	数据类型为number
148829, 存储数据, 玩家14,唐宫美人天下7,16项快捷键3: 43	数据长度是16	数据类型为number
148829, 存储数据, 玩家14,唐宫美人天下7,17项快捷键4: 42	数据长度是16	数据类型为number
148829, 存储数据, 玩家14,唐宫美人天下7,18项快捷键5: 0	数据长度是16	数据类型为number
148829, 存储数据, 玩家14,唐宫美人天下7,19项快捷键6: 41	数据长度是16	数据类型为number
148829, 存储数据, 玩家14,唐宫美人天下7,20项快捷键7: 29	数据长度是16	数据类型为number
148829, 存储数据, 玩家14,唐宫美人天下7,21项快捷键8: 30	数据长度是16	数据类型为number
148829, 存储数据, 玩家14,唐宫美人天下7,22项快捷键9: 31	数据长度是16	数据类型为number
148829, 存储数据, 玩家14,唐宫美人天下7,23项快捷键10: 32	数据长度是16	数据类型为number
148829, 存储数据, 玩家14,唐宫美人天下7,24项快捷键11: 545	数据长度是16	数据类型为number
148829, 存储数据, 玩家14,唐宫美人天下7,25项快捷键12: 312	数据长度是16	数据类型为number
148829, 存储数据, 玩家14,唐宫美人天下7,26项快捷键13: 311	数据长度是16	数据类型为number
148829, 存储数据, 玩家14,唐宫美人天下7,27项快捷键14: 317	数据长度是16	数据类型为number
148829, 存储数据, 玩家14,唐宫美人天下7,28项快捷键15: 299	数据长度是16	数据类型为number
148829, 存储数据, 玩家14,唐宫美人天下7,29项快捷键16: 56	数据长度是16	数据类型为number
148829, 存储数据, 玩家14,唐宫美人天下7,30项快捷键17: 44	数据长度是16	数据类型为number
148829, 存储数据, 玩家14,唐宫美人天下7,31项快捷键18: 568	数据长度是16	数据类型为number
148829, 存储数据, 玩家14,唐宫美人天下7,32项是否显示刀光: 1	数据长度是1	数据类型为number
148829, 存储数据, 玩家14,唐宫美人天下7,33项显示刀光编号: 14	数据长度是8	数据类型为number
148829, 存储数据, 玩家14,唐宫美人天下7,34项不显示翅膀: 1	数据长度是1	数据类型为number
148829, 存储数据, 玩家14,唐宫美人天下7,35项显示翅膀编号: 0	数据长度是8	数据类型为number
148829, 存储数据, 玩家14,唐宫美人天下7,36项孔明灯: 0	数据长度是8	数据类型为number
148829, 存储数据, 玩家14,唐宫美人天下7,37项免控表现: 0	数据长度是8	数据类型为number
148829, 存储数据, 玩家14,唐宫美人天下7,38项窗口锁定: 0	数据长度是8	数据类型为number
148829, 存储数据, 玩家14,唐宫美人天下7,39项打孔明灯: 0	数据长度是8	数据类型为number
148829, 存储数据, 玩家14,唐宫美人天下7,40项小地图头像: 0	数据长度是8	数据类型为number
148829, 存储数据, 玩家14,唐宫美人天下7,41项画笔库6: 0	数据长度是8	数据类型为number
148829, 存储数据, 玩家14,唐宫美人天下7,42项画笔库7: 0	数据长度是8	数据类型为number
148829, 存储数据, 玩家14,唐宫美人天下7,43项画笔库8: 0	数据长度是8	数据类型为number
148829, 存储数据, 玩家14,唐宫美人天下7,44项会员功能1: 1	数据长度是1	数据类型为number
148829, 存储数据, 玩家14,唐宫美人天下7,45项会员功能2: 1	数据长度是1	数据类型为number
148829, 存储数据, 玩家14,唐宫美人天下7,46项会员功能3: 1	数据长度是1	数据类型为number
148829, 存储数据, 玩家14,唐宫美人天下7,47项会员功能4: 1	数据长度是1	数据类型为number
148829, 存储数据, 玩家14,唐宫美人天下7,48项会员功能5: 1	数据长度是1	数据类型为number
148829, 存储数据, 玩家14,唐宫美人天下7,49项会员功能6: 1	数据长度是1	数据类型为number
148829, 存储数据, 玩家14,唐宫美人天下7,50项会员功能7: 1	数据长度是1	数据类型为number
148829, 存储数据, 玩家14,唐宫美人天下7,51项会员功能8: 1	数据长度是1	数据类型为number
148829, 存储数据, 玩家14,唐宫美人天下7,52项新商店左侧扩展面板: 1	数据长度是1	数据类型为number
148829, 存储数据, 玩家14,唐宫美人天下7,53项新商店上部扩展面板: 1	数据长度是1	数据类型为number
148829, 存储数据, 玩家14,唐宫美人天下7,54项新商店购买方式: 0	数据长度是1	数据类型为number
148829, 存储数据, 玩家14,唐宫美人天下7,55项新商店商店模式: 1	数据长度是1	数据类型为number
148829, 存储数据, 玩家14,唐宫美人天下7,56项预扣血模式: 0	数据长度是1	数据类型为number
148829, 存储数据, 玩家14,唐宫美人天下7,57项回城特效: 0	数据长度是8	数据类型为number
148829, 存储数据, 玩家15,q421628632,1项画质: 1	数据长度是1	数据类型为number
148829, 存储数据, 玩家15,q421628632,2项滚屏速度: 12	数据长度是8	数据类型为number
148829, 存储数据, 玩家15,q421628632,3项更新内容面板开关: 0	数据长度是1	数据类型为number
148829, 存储数据, 玩家15,q421628632,4项游戏版本号: 1696	数据长度是16	数据类型为number
148829, 存储数据, 玩家15,q421628632,5项语音: 0	数据长度是1	数据类型为number
148829, 存储数据, 玩家15,q421628632,6项音响: 0	数据长度是1	数据类型为number
148829, 存储数据, 玩家15,q421628632,7项麦克风: 0	数据长度是1	数据类型为number
148829, 存储数据, 玩家15,q421628632,8项音响大小: 54	数据长度是8	数据类型为number
148829, 存储数据, 玩家15,q421628632,9项麦克风大小: 30	数据长度是8	数据类型为number
148829, 存储数据, 玩家15,q421628632,10项未知: 1	数据长度是1	数据类型为number
148829, 存储数据, 玩家15,q421628632,11项光照: 74	数据长度是8	数据类型为number
148829, 存储数据, 玩家15,q421628632,12项新F11面板模式: 1	数据长度是1	数据类型为number
148829, 存储数据, 玩家15,q421628632,13项血条区分敌我: 1	数据长度是1	数据类型为number
148829, 存储数据, 玩家15,q421628632,14项快捷键1: 41	数据长度是16	数据类型为number
148829, 存储数据, 玩家15,q421628632,15项快捷键2: 43	数据长度是16	数据类型为number
148829, 存储数据, 玩家15,q421628632,16项快捷键3: 0	数据长度是16	数据类型为number
148829, 存储数据, 玩家15,q421628632,17项快捷键4: 42	数据长度是16	数据类型为number
148829, 存储数据, 玩家15,q421628632,18项快捷键5: 0	数据长度是16	数据类型为number
148829, 存储数据, 玩家15,q421628632,19项快捷键6: 53	数据长度是16	数据类型为number
148829, 存储数据, 玩家15,q421628632,20项快捷键7: 61	数据长度是16	数据类型为number
148829, 存储数据, 玩家15,q421628632,21项快捷键8: 56	数据长度是16	数据类型为number
148829, 存储数据, 玩家15,q421628632,22项快捷键9: 543	数据长度是16	数据类型为number
148829, 存储数据, 玩家15,q421628632,23项快捷键10: 544	数据长度是16	数据类型为number
148829, 存储数据, 玩家15,q421628632,24项快捷键11: 545	数据长度是16	数据类型为number
148829, 存储数据, 玩家15,q421628632,25项快捷键12: 546	数据长度是16	数据类型为number
148829, 存储数据, 玩家15,q421628632,26项快捷键13: 547	数据长度是16	数据类型为number
148829, 存储数据, 玩家15,q421628632,27项快捷键14: 548	数据长度是16	数据类型为number
148829, 存储数据, 玩家15,q421628632,28项快捷键15: 549	数据长度是16	数据类型为number
148829, 存储数据, 玩家15,q421628632,29项快捷键16: 573	数据长度是16	数据类型为number
148829, 存储数据, 玩家15,q421628632,30项快捷键17: 555	数据长度是16	数据类型为number
148829, 存储数据, 玩家15,q421628632,31项快捷键18: 568	数据长度是16	数据类型为number
148829, 存储数据, 玩家15,q421628632,32项是否显示刀光: 1	数据长度是1	数据类型为number
148829, 存储数据, 玩家15,q421628632,33项显示刀光编号: 7	数据长度是8	数据类型为number
148829, 存储数据, 玩家15,q421628632,34项不显示翅膀: 0	数据长度是1	数据类型为number
148829, 存储数据, 玩家15,q421628632,35项显示翅膀编号: 4	数据长度是8	数据类型为number
148829, 存储数据, 玩家15,q421628632,36项孔明灯: 0	数据长度是8	数据类型为number
148829, 存储数据, 玩家15,q421628632,37项免控表现: 1	数据长度是8	数据类型为number
148829, 存储数据, 玩家15,q421628632,38项窗口锁定: 0	数据长度是8	数据类型为number
148829, 存储数据, 玩家15,q421628632,39项打孔明灯: 0	数据长度是8	数据类型为number
148829, 存储数据, 玩家15,q421628632,40项小地图头像: 0	数据长度是8	数据类型为number
148829, 存储数据, 玩家15,q421628632,41项画笔库6: 0	数据长度是8	数据类型为number
148829, 存储数据, 玩家15,q421628632,42项画笔库7: 0	数据长度是8	数据类型为number
148829, 存储数据, 玩家15,q421628632,43项画笔库8: 0	数据长度是8	数据类型为number
148829, 存储数据, 玩家15,q421628632,44项会员功能1: 1	数据长度是1	数据类型为number
148829, 存储数据, 玩家15,q421628632,45项会员功能2: 1	数据长度是1	数据类型为number
148829, 存储数据, 玩家15,q421628632,46项会员功能3: 1	数据长度是1	数据类型为number
148829, 存储数据, 玩家15,q421628632,47项会员功能4: 1	数据长度是1	数据类型为number
148829, 存储数据, 玩家15,q421628632,48项会员功能5: 1	数据长度是1	数据类型为number
148829, 存储数据, 玩家15,q421628632,49项会员功能6: 1	数据长度是1	数据类型为number
148829, 存储数据, 玩家15,q421628632,50项会员功能7: 1	数据长度是1	数据类型为number
148829, 存储数据, 玩家15,q421628632,51项会员功能8: 1	数据长度是1	数据类型为number
148829, 存储数据, 玩家15,q421628632,52项新商店左侧扩展面板: 1	数据长度是1	数据类型为number
148829, 存储数据, 玩家15,q421628632,53项新商店上部扩展面板: 1	数据长度是1	数据类型为number
148829, 存储数据, 玩家15,q421628632,54项新商店购买方式: 0	数据长度是1	数据类型为number
148829, 存储数据, 玩家15,q421628632,55项新商店商店模式: 1	数据长度是1	数据类型为number
148829, 存储数据, 玩家15,q421628632,56项预扣血模式: 0	数据长度是1	数据类型为number
148829, 存储数据, 玩家15,q421628632,57项回城特效: 0	数据长度是8	数据类型为number
148829, 存储数据, 玩家16,z824542097,1项画质: 1	数据长度是1	数据类型为number
148829, 存储数据, 玩家16,z824542097,2项滚屏速度: 20	数据长度是8	数据类型为number
148829, 存储数据, 玩家16,z824542097,3项更新内容面板开关: 0	数据长度是1	数据类型为number
148829, 存储数据, 玩家16,z824542097,4项游戏版本号: 1696	数据长度是16	数据类型为number
148829, 存储数据, 玩家16,z824542097,5项语音: 0	数据长度是1	数据类型为number
148829, 存储数据, 玩家16,z824542097,6项音响: 0	数据长度是1	数据类型为number
148829, 存储数据, 玩家16,z824542097,7项麦克风: 0	数据长度是1	数据类型为number
148829, 存储数据, 玩家16,z824542097,8项音响大小: 0	数据长度是8	数据类型为number
148829, 存储数据, 玩家16,z824542097,9项麦克风大小: 0	数据长度是8	数据类型为number
148829, 存储数据, 玩家16,z824542097,10项未知: 1	数据长度是1	数据类型为number
148829, 存储数据, 玩家16,z824542097,11项光照: 99	数据长度是8	数据类型为number
148829, 存储数据, 玩家16,z824542097,12项新F11面板模式: 1	数据长度是1	数据类型为number
148829, 存储数据, 玩家16,z824542097,13项血条区分敌我: 1	数据长度是1	数据类型为number
148829, 存储数据, 玩家16,z824542097,14项快捷键1: 41	数据长度是16	数据类型为number
148829, 存储数据, 玩家16,z824542097,15项快捷键2: 43	数据长度是16	数据类型为number
148829, 存储数据, 玩家16,z824542097,16项快捷键3: 61	数据长度是16	数据类型为number
148829, 存储数据, 玩家16,z824542097,17项快捷键4: 42	数据长度是16	数据类型为number
148829, 存储数据, 玩家16,z824542097,18项快捷键5: 56	数据长度是16	数据类型为number
148829, 存储数据, 玩家16,z824542097,19项快捷键6: 53	数据长度是16	数据类型为number
148829, 存储数据, 玩家16,z824542097,20项快捷键7: 541	数据长度是16	数据类型为number
148829, 存储数据, 玩家16,z824542097,21项快捷键8: 542	数据长度是16	数据类型为number
148829, 存储数据, 玩家16,z824542097,22项快捷键9: 543	数据长度是16	数据类型为number
148829, 存储数据, 玩家16,z824542097,23项快捷键10: 544	数据长度是16	数据类型为number
148829, 存储数据, 玩家16,z824542097,24项快捷键11: 545	数据长度是16	数据类型为number
148829, 存储数据, 玩家16,z824542097,25项快捷键12: 546	数据长度是16	数据类型为number
148829, 存储数据, 玩家16,z824542097,26项快捷键13: 547	数据长度是16	数据类型为number
148829, 存储数据, 玩家16,z824542097,27项快捷键14: 548	数据长度是16	数据类型为number
148829, 存储数据, 玩家16,z824542097,28项快捷键15: 549	数据长度是16	数据类型为number
148829, 存储数据, 玩家16,z824542097,29项快捷键16: 573	数据长度是16	数据类型为number
148829, 存储数据, 玩家16,z824542097,30项快捷键17: 555	数据长度是16	数据类型为number
148829, 存储数据, 玩家16,z824542097,31项快捷键18: 568	数据长度是16	数据类型为number
148829, 存储数据, 玩家16,z824542097,32项是否显示刀光: 1	数据长度是1	数据类型为number
148829, 存储数据, 玩家16,z824542097,33项显示刀光编号: 26	数据长度是8	数据类型为number
148829, 存储数据, 玩家16,z824542097,34项不显示翅膀: 0	数据长度是1	数据类型为number
148829, 存储数据, 玩家16,z824542097,35项显示翅膀编号: 2	数据长度是8	数据类型为number
148829, 存储数据, 玩家16,z824542097,36项孔明灯: 0	数据长度是8	数据类型为number
148829, 存储数据, 玩家16,z824542097,37项免控表现: 0	数据长度是8	数据类型为number
148829, 存储数据, 玩家16,z824542097,38项窗口锁定: 0	数据长度是8	数据类型为number
148829, 存储数据, 玩家16,z824542097,39项打孔明灯: 0	数据长度是8	数据类型为number
148829, 存储数据, 玩家16,z824542097,40项小地图头像: 0	数据长度是8	数据类型为number
148829, 存储数据, 玩家16,z824542097,41项画笔库6: 0	数据长度是8	数据类型为number
148829, 存储数据, 玩家16,z824542097,42项画笔库7: 0	数据长度是8	数据类型为number
148829, 存储数据, 玩家16,z824542097,43项画笔库8: 0	数据长度是8	数据类型为number
148829, 存储数据, 玩家16,z824542097,44项会员功能1: 0	数据长度是1	数据类型为number
148829, 存储数据, 玩家16,z824542097,45项会员功能2: 1	数据长度是1	数据类型为number
148829, 存储数据, 玩家16,z824542097,46项会员功能3: 0	数据长度是1	数据类型为number
148829, 存储数据, 玩家16,z824542097,47项会员功能4: 1	数据长度是1	数据类型为number
148829, 存储数据, 玩家16,z824542097,48项会员功能5: 1	数据长度是1	数据类型为number
148829, 存储数据, 玩家16,z824542097,49项会员功能6: 1	数据长度是1	数据类型为number
148829, 存储数据, 玩家16,z824542097,50项会员功能7: 1	数据长度是1	数据类型为number
148829, 存储数据, 玩家16,z824542097,51项会员功能8: 1	数据长度是1	数据类型为number
148829, 存储数据, 玩家16,z824542097,52项新商店左侧扩展面板: 1	数据长度是1	数据类型为number
148829, 存储数据, 玩家16,z824542097,53项新商店上部扩展面板: 1	数据长度是1	数据类型为number
148829, 存储数据, 玩家16,z824542097,54项新商店购买方式: 0	数据长度是1	数据类型为number
148829, 存储数据, 玩家16,z824542097,55项新商店商店模式: 0	数据长度是1	数据类型为number
148829, 存储数据, 玩家16,z824542097,56项预扣血模式: 1	数据长度是1	数据类型为number
148829, 存储数据, 玩家16,z824542097,57项回城特效: 0	数据长度是8	数据类型为number
148829, 存储数据, 玩家17,狂战天下star0,1项画质: 1	数据长度是1	数据类型为number
148829, 存储数据, 玩家17,狂战天下star0,2项滚屏速度: 20	数据长度是8	数据类型为number
148829, 存储数据, 玩家17,狂战天下star0,3项更新内容面板开关: 0	数据长度是1	数据类型为number
148829, 存储数据, 玩家17,狂战天下star0,4项游戏版本号: 1696	数据长度是16	数据类型为number
148829, 存储数据, 玩家17,狂战天下star0,5项语音: 0	数据长度是1	数据类型为number
148829, 存储数据, 玩家17,狂战天下star0,6项音响: 0	数据长度是1	数据类型为number
148829, 存储数据, 玩家17,狂战天下star0,7项麦克风: 0	数据长度是1	数据类型为number
148829, 存储数据, 玩家17,狂战天下star0,8项音响大小: 0	数据长度是8	数据类型为number
148829, 存储数据, 玩家17,狂战天下star0,9项麦克风大小: 0	数据长度是8	数据类型为number
148829, 存储数据, 玩家17,狂战天下star0,10项未知: 1	数据长度是1	数据类型为number
148829, 存储数据, 玩家17,狂战天下star0,11项光照: 99	数据长度是8	数据类型为number
148829, 存储数据, 玩家17,狂战天下star0,12项新F11面板模式: 1	数据长度是1	数据类型为number
148829, 存储数据, 玩家17,狂战天下star0,13项血条区分敌我: 1	数据长度是1	数据类型为number
148829, 存储数据, 玩家17,狂战天下star0,14项快捷键1: 41	数据长度是16	数据类型为number
148829, 存储数据, 玩家17,狂战天下star0,15项快捷键2: 43	数据长度是16	数据类型为number
148829, 存储数据, 玩家17,狂战天下star0,16项快捷键3: 61	数据长度是16	数据类型为number
148829, 存储数据, 玩家17,狂战天下star0,17项快捷键4: 42	数据长度是16	数据类型为number
148829, 存储数据, 玩家17,狂战天下star0,18项快捷键5: 56	数据长度是16	数据类型为number
148829, 存储数据, 玩家17,狂战天下star0,19项快捷键6: 53	数据长度是16	数据类型为number
148829, 存储数据, 玩家17,狂战天下star0,20项快捷键7: 541	数据长度是16	数据类型为number
148829, 存储数据, 玩家17,狂战天下star0,21项快捷键8: 542	数据长度是16	数据类型为number
148829, 存储数据, 玩家17,狂战天下star0,22项快捷键9: 543	数据长度是16	数据类型为number
148829, 存储数据, 玩家17,狂战天下star0,23项快捷键10: 544	数据长度是16	数据类型为number
148829, 存储数据, 玩家17,狂战天下star0,24项快捷键11: 545	数据长度是16	数据类型为number
148829, 存储数据, 玩家17,狂战天下star0,25项快捷键12: 546	数据长度是16	数据类型为number
148829, 存储数据, 玩家17,狂战天下star0,26项快捷键13: 547	数据长度是16	数据类型为number
148829, 存储数据, 玩家17,狂战天下star0,27项快捷键14: 548	数据长度是16	数据类型为number
148829, 存储数据, 玩家17,狂战天下star0,28项快捷键15: 549	数据长度是16	数据类型为number
148829, 存储数据, 玩家17,狂战天下star0,29项快捷键16: 573	数据长度是16	数据类型为number
148829, 存储数据, 玩家17,狂战天下star0,30项快捷键17: 555	数据长度是16	数据类型为number
148829, 存储数据, 玩家17,狂战天下star0,31项快捷键18: 568	数据长度是16	数据类型为number
148829, 存储数据, 玩家17,狂战天下star0,32项是否显示刀光: 1	数据长度是1	数据类型为number
148829, 存储数据, 玩家17,狂战天下star0,33项显示刀光编号: 1	数据长度是8	数据类型为number
148829, 存储数据, 玩家17,狂战天下star0,34项不显示翅膀: 1	数据长度是1	数据类型为number
148829, 存储数据, 玩家17,狂战天下star0,35项显示翅膀编号: 0	数据长度是8	数据类型为number
148829, 存储数据, 玩家17,狂战天下star0,36项孔明灯: 0	数据长度是8	数据类型为number
148829, 存储数据, 玩家17,狂战天下star0,37项免控表现: 0	数据长度是8	数据类型为number
148829, 存储数据, 玩家17,狂战天下star0,38项窗口锁定: 0	数据长度是8	数据类型为number
148829, 存储数据, 玩家17,狂战天下star0,39项打孔明灯: 0	数据长度是8	数据类型为number
148829, 存储数据, 玩家17,狂战天下star0,40项小地图头像: 0	数据长度是8	数据类型为number
148829, 存储数据, 玩家17,狂战天下star0,41项画笔库6: 0	数据长度是8	数据类型为number
148829, 存储数据, 玩家17,狂战天下star0,42项画笔库7: 0	数据长度是8	数据类型为number
148829, 存储数据, 玩家17,狂战天下star0,43项画笔库8: 0	数据长度是8	数据类型为number
148829, 存储数据, 玩家17,狂战天下star0,44项会员功能1: 1	数据长度是1	数据类型为number
148829, 存储数据, 玩家17,狂战天下star0,45项会员功能2: 1	数据长度是1	数据类型为number
148829, 存储数据, 玩家17,狂战天下star0,46项会员功能3: 1	数据长度是1	数据类型为number
148829, 存储数据, 玩家17,狂战天下star0,47项会员功能4: 1	数据长度是1	数据类型为number
148829, 存储数据, 玩家17,狂战天下star0,48项会员功能5: 1	数据长度是1	数据类型为number
148829, 存储数据, 玩家17,狂战天下star0,49项会员功能6: 1	数据长度是1	数据类型为number
148829, 存储数据, 玩家17,狂战天下star0,50项会员功能7: 1	数据长度是1	数据类型为number
148829, 存储数据, 玩家17,狂战天下star0,51项会员功能8: 1	数据长度是1	数据类型为number
148829, 存储数据, 玩家17,狂战天下star0,52项新商店左侧扩展面板: 1	数据长度是1	数据类型为number
148829, 存储数据, 玩家17,狂战天下star0,53项新商店上部扩展面板: 1	数据长度是1	数据类型为number
148829, 存储数据, 玩家17,狂战天下star0,54项新商店购买方式: 0	数据长度是1	数据类型为number
148829, 存储数据, 玩家17,狂战天下star0,55项新商店商店模式: 0	数据长度是1	数据类型为number
148829, 存储数据, 玩家17,狂战天下star0,56项预扣血模式: 0	数据长度是1	数据类型为number
148829, 存储数据, 玩家17,狂战天下star0,57项回城特效: 0	数据长度是8	数据类型为number
148829, 存储数据, 玩家18,Magic丶疯龙,1项画质: 1	数据长度是1	数据类型为number
148829, 存储数据, 玩家18,Magic丶疯龙,2项滚屏速度: 9	数据长度是8	数据类型为number
148829, 存储数据, 玩家18,Magic丶疯龙,3项更新内容面板开关: 0	数据长度是1	数据类型为number
148829, 存储数据, 玩家18,Magic丶疯龙,4项游戏版本号: 1696	数据长度是16	数据类型为number
148829, 存储数据, 玩家18,Magic丶疯龙,5项语音: 1	数据长度是1	数据类型为number
148829, 存储数据, 玩家18,Magic丶疯龙,6项音响: 0	数据长度是1	数据类型为number
148829, 存储数据, 玩家18,Magic丶疯龙,7项麦克风: 0	数据长度是1	数据类型为number
148829, 存储数据, 玩家18,Magic丶疯龙,8项音响大小: 0	数据长度是8	数据类型为number
148829, 存储数据, 玩家18,Magic丶疯龙,9项麦克风大小: 0	数据长度是8	数据类型为number
148829, 存储数据, 玩家18,Magic丶疯龙,10项未知: 1	数据长度是1	数据类型为number
148829, 存储数据, 玩家18,Magic丶疯龙,11项光照: 99	数据长度是8	数据类型为number
148829, 存储数据, 玩家18,Magic丶疯龙,12项新F11面板模式: 1	数据长度是1	数据类型为number
148829, 存储数据, 玩家18,Magic丶疯龙,13项血条区分敌我: 1	数据长度是1	数据类型为number
148829, 存储数据, 玩家18,Magic丶疯龙,14项快捷键1: 41	数据长度是16	数据类型为number
148829, 存储数据, 玩家18,Magic丶疯龙,15项快捷键2: 43	数据长度是16	数据类型为number
148829, 存储数据, 玩家18,Magic丶疯龙,16项快捷键3: 61	数据长度是16	数据类型为number
148829, 存储数据, 玩家18,Magic丶疯龙,17项快捷键4: 42	数据长度是16	数据类型为number
148829, 存储数据, 玩家18,Magic丶疯龙,18项快捷键5: 56	数据长度是16	数据类型为number
148829, 存储数据, 玩家18,Magic丶疯龙,19项快捷键6: 53	数据长度是16	数据类型为number
148829, 存储数据, 玩家18,Magic丶疯龙,20项快捷键7: 541	数据长度是16	数据类型为number
148829, 存储数据, 玩家18,Magic丶疯龙,21项快捷键8: 542	数据长度是16	数据类型为number
148829, 存储数据, 玩家18,Magic丶疯龙,22项快捷键9: 543	数据长度是16	数据类型为number
148829, 存储数据, 玩家18,Magic丶疯龙,23项快捷键10: 544	数据长度是16	数据类型为number
148829, 存储数据, 玩家18,Magic丶疯龙,24项快捷键11: 45	数据长度是16	数据类型为number
148829, 存储数据, 玩家18,Magic丶疯龙,25项快捷键12: 546	数据长度是16	数据类型为number
148829, 存储数据, 玩家18,Magic丶疯龙,26项快捷键13: 44	数据长度是16	数据类型为number
148829, 存储数据, 玩家18,Magic丶疯龙,27项快捷键14: 548	数据长度是16	数据类型为number
148829, 存储数据, 玩家18,Magic丶疯龙,28项快捷键15: 549	数据长度是16	数据类型为number
148829, 存储数据, 玩家18,Magic丶疯龙,29项快捷键16: 573	数据长度是16	数据类型为number
148829, 存储数据, 玩家18,Magic丶疯龙,30项快捷键17: 555	数据长度是16	数据类型为number
148829, 存储数据, 玩家18,Magic丶疯龙,31项快捷键18: 568	数据长度是16	数据类型为number
148829, 存储数据, 玩家18,Magic丶疯龙,32项是否显示刀光: 1	数据长度是1	数据类型为number
148829, 存储数据, 玩家18,Magic丶疯龙,33项显示刀光编号: 23	数据长度是8	数据类型为number
148829, 存储数据, 玩家18,Magic丶疯龙,34项不显示翅膀: 0	数据长度是1	数据类型为number
148829, 存储数据, 玩家18,Magic丶疯龙,35项显示翅膀编号: 8	数据长度是8	数据类型为number
148829, 存储数据, 玩家18,Magic丶疯龙,36项孔明灯: 4	数据长度是8	数据类型为number
148829, 存储数据, 玩家18,Magic丶疯龙,37项免控表现: 0	数据长度是8	数据类型为number
148829, 存储数据, 玩家18,Magic丶疯龙,38项窗口锁定: 0	数据长度是8	数据类型为number
148829, 存储数据, 玩家18,Magic丶疯龙,39项打孔明灯: 0	数据长度是8	数据类型为number
148829, 存储数据, 玩家18,Magic丶疯龙,40项小地图头像: 0	数据长度是8	数据类型为number
148829, 存储数据, 玩家18,Magic丶疯龙,41项画笔库6: 0	数据长度是8	数据类型为number
148829, 存储数据, 玩家18,Magic丶疯龙,42项画笔库7: 0	数据长度是8	数据类型为number
148829, 存储数据, 玩家18,Magic丶疯龙,43项画笔库8: 0	数据长度是8	数据类型为number
148829, 存储数据, 玩家18,Magic丶疯龙,44项会员功能1: 1	数据长度是1	数据类型为number
148829, 存储数据, 玩家18,Magic丶疯龙,45项会员功能2: 1	数据长度是1	数据类型为number
148829, 存储数据, 玩家18,Magic丶疯龙,46项会员功能3: 0	数据长度是1	数据类型为number
148829, 存储数据, 玩家18,Magic丶疯龙,47项会员功能4: 1	数据长度是1	数据类型为number
148829, 存储数据, 玩家18,Magic丶疯龙,48项会员功能5: 1	数据长度是1	数据类型为number
148829, 存储数据, 玩家18,Magic丶疯龙,49项会员功能6: 1	数据长度是1	数据类型为number
148829, 存储数据, 玩家18,Magic丶疯龙,50项会员功能7: 1	数据长度是1	数据类型为number
148829, 存储数据, 玩家18,Magic丶疯龙,51项会员功能8: 1	数据长度是1	数据类型为number
148829, 存储数据, 玩家18,Magic丶疯龙,52项新商店左侧扩展面板: 1	数据长度是1	数据类型为number
148829, 存储数据, 玩家18,Magic丶疯龙,53项新商店上部扩展面板: 1	数据长度是1	数据类型为number
148829, 存储数据, 玩家18,Magic丶疯龙,54项新商店购买方式: 0	数据长度是1	数据类型为number
148829, 存储数据, 玩家18,Magic丶疯龙,55项新商店商店模式: 1	数据长度是1	数据类型为number
148829, 存储数据, 玩家18,Magic丶疯龙,56项预扣血模式: 0	数据长度是1	数据类型为number
148829, 存储数据, 玩家18,Magic丶疯龙,57项回城特效: 14	数据长度是8	数据类型为number
148829, 存储数据, 玩家19,风吹走了落叶,1项画质: 1	数据长度是1	数据类型为number
148829, 存储数据, 玩家19,风吹走了落叶,2项滚屏速度: 18	数据长度是8	数据类型为number
148829, 存储数据, 玩家19,风吹走了落叶,3项更新内容面板开关: 0	数据长度是1	数据类型为number
148829, 存储数据, 玩家19,风吹走了落叶,4项游戏版本号: 1696	数据长度是16	数据类型为number
148829, 存储数据, 玩家19,风吹走了落叶,5项语音: 0	数据长度是1	数据类型为number
148829, 存储数据, 玩家19,风吹走了落叶,6项音响: 0	数据长度是1	数据类型为number
148829, 存储数据, 玩家19,风吹走了落叶,7项麦克风: 0	数据长度是1	数据类型为number
148829, 存储数据, 玩家19,风吹走了落叶,8项音响大小: 0	数据长度是8	数据类型为number
148829, 存储数据, 玩家19,风吹走了落叶,9项麦克风大小: 0	数据长度是8	数据类型为number
148829, 存储数据, 玩家19,风吹走了落叶,10项未知: 1	数据长度是1	数据类型为number
148829, 存储数据, 玩家19,风吹走了落叶,11项光照: 99	数据长度是8	数据类型为number
148829, 存储数据, 玩家19,风吹走了落叶,12项新F11面板模式: 1	数据长度是1	数据类型为number
148829, 存储数据, 玩家19,风吹走了落叶,13项血条区分敌我: 1	数据长度是1	数据类型为number
148829, 存储数据, 玩家19,风吹走了落叶,14项快捷键1: 41	数据长度是16	数据类型为number
148829, 存储数据, 玩家19,风吹走了落叶,15项快捷键2: 43	数据长度是16	数据类型为number
148829, 存储数据, 玩家19,风吹走了落叶,16项快捷键3: 61	数据长度是16	数据类型为number
148829, 存储数据, 玩家19,风吹走了落叶,17项快捷键4: 42	数据长度是16	数据类型为number
148829, 存储数据, 玩家19,风吹走了落叶,18项快捷键5: 0	数据长度是16	数据类型为number
148829, 存储数据, 玩家19,风吹走了落叶,19项快捷键6: 53	数据长度是16	数据类型为number
148829, 存储数据, 玩家19,风吹走了落叶,20项快捷键7: 541	数据长度是16	数据类型为number
148829, 存储数据, 玩家19,风吹走了落叶,21项快捷键8: 542	数据长度是16	数据类型为number
148829, 存储数据, 玩家19,风吹走了落叶,22项快捷键9: 543	数据长度是16	数据类型为number
148829, 存储数据, 玩家19,风吹走了落叶,23项快捷键10: 544	数据长度是16	数据类型为number
148829, 存储数据, 玩家19,风吹走了落叶,24项快捷键11: 56	数据长度是16	数据类型为number
148829, 存储数据, 玩家19,风吹走了落叶,25项快捷键12: 44	数据长度是16	数据类型为number
148829, 存储数据, 玩家19,风吹走了落叶,26项快捷键13: 547	数据长度是16	数据类型为number
148829, 存储数据, 玩家19,风吹走了落叶,27项快捷键14: 62	数据长度是16	数据类型为number
148829, 存储数据, 玩家19,风吹走了落叶,28项快捷键15: 549	数据长度是16	数据类型为number
148829, 存储数据, 玩家19,风吹走了落叶,29项快捷键16: 573	数据长度是16	数据类型为number
148829, 存储数据, 玩家19,风吹走了落叶,30项快捷键17: 555	数据长度是16	数据类型为number
148829, 存储数据, 玩家19,风吹走了落叶,31项快捷键18: 568	数据长度是16	数据类型为number
148829, 存储数据, 玩家19,风吹走了落叶,32项是否显示刀光: 1	数据长度是1	数据类型为number
148829, 存储数据, 玩家19,风吹走了落叶,33项显示刀光编号: 17	数据长度是8	数据类型为number
148829, 存储数据, 玩家19,风吹走了落叶,34项不显示翅膀: 0	数据长度是1	数据类型为number
148829, 存储数据, 玩家19,风吹走了落叶,35项显示翅膀编号: 4	数据长度是8	数据类型为number
148829, 存储数据, 玩家19,风吹走了落叶,36项孔明灯: 0	数据长度是8	数据类型为number
148829, 存储数据, 玩家19,风吹走了落叶,37项免控表现: 0	数据长度是8	数据类型为number
148829, 存储数据, 玩家19,风吹走了落叶,38项窗口锁定: 0	数据长度是8	数据类型为number
148829, 存储数据, 玩家19,风吹走了落叶,39项打孔明灯: 0	数据长度是8	数据类型为number
148829, 存储数据, 玩家19,风吹走了落叶,40项小地图头像: 0	数据长度是8	数据类型为number
148829, 存储数据, 玩家19,风吹走了落叶,41项画笔库6: 0	数据长度是8	数据类型为number
148829, 存储数据, 玩家19,风吹走了落叶,42项画笔库7: 0	数据长度是8	数据类型为number
148829, 存储数据, 玩家19,风吹走了落叶,43项画笔库8: 0	数据长度是8	数据类型为number
148829, 存储数据, 玩家19,风吹走了落叶,44项会员功能1: 1	数据长度是1	数据类型为number
148829, 存储数据, 玩家19,风吹走了落叶,45项会员功能2: 1	数据长度是1	数据类型为number
148829, 存储数据, 玩家19,风吹走了落叶,46项会员功能3: 0	数据长度是1	数据类型为number
148829, 存储数据, 玩家19,风吹走了落叶,47项会员功能4: 1	数据长度是1	数据类型为number
148829, 存储数据, 玩家19,风吹走了落叶,48项会员功能5: 1	数据长度是1	数据类型为number
148829, 存储数据, 玩家19,风吹走了落叶,49项会员功能6: 1	数据长度是1	数据类型为number
148829, 存储数据, 玩家19,风吹走了落叶,50项会员功能7: 1	数据长度是1	数据类型为number
148829, 存储数据, 玩家19,风吹走了落叶,51项会员功能8: 1	数据长度是1	数据类型为number
148829, 存储数据, 玩家19,风吹走了落叶,52项新商店左侧扩展面板: 1	数据长度是1	数据类型为number
148829, 存储数据, 玩家19,风吹走了落叶,53项新商店上部扩展面板: 1	数据长度是1	数据类型为number
148829, 存储数据, 玩家19,风吹走了落叶,54项新商店购买方式: 0	数据长度是1	数据类型为number
148829, 存储数据, 玩家19,风吹走了落叶,55项新商店商店模式: 1	数据长度是1	数据类型为number
148829, 存储数据, 玩家19,风吹走了落叶,56项预扣血模式: 0	数据长度是1	数据类型为number
148829, 存储数据, 玩家19,风吹走了落叶,57项回城特效: 0	数据长度是8	数据类型为number
148829, 存储数据, 玩家20,右耳钉丶残恋,1项画质: 1	数据长度是1	数据类型为number
148829, 存储数据, 玩家20,右耳钉丶残恋,2项滚屏速度: 12	数据长度是8	数据类型为number
148829, 存储数据, 玩家20,右耳钉丶残恋,3项更新内容面板开关: 0	数据长度是1	数据类型为number
148829, 存储数据, 玩家20,右耳钉丶残恋,4项游戏版本号: 1696	数据长度是16	数据类型为number
148829, 存储数据, 玩家20,右耳钉丶残恋,5项语音: 0	数据长度是1	数据类型为number
148829, 存储数据, 玩家20,右耳钉丶残恋,6项音响: 0	数据长度是1	数据类型为number
148829, 存储数据, 玩家20,右耳钉丶残恋,7项麦克风: 0	数据长度是1	数据类型为number
148829, 存储数据, 玩家20,右耳钉丶残恋,8项音响大小: 0	数据长度是8	数据类型为number
148829, 存储数据, 玩家20,右耳钉丶残恋,9项麦克风大小: 0	数据长度是8	数据类型为number
148829, 存储数据, 玩家20,右耳钉丶残恋,10项未知: 1	数据长度是1	数据类型为number
148829, 存储数据, 玩家20,右耳钉丶残恋,11项光照: 100	数据长度是8	数据类型为number
148829, 存储数据, 玩家20,右耳钉丶残恋,12项新F11面板模式: 0	数据长度是1	数据类型为number
148829, 存储数据, 玩家20,右耳钉丶残恋,13项血条区分敌我: 1	数据长度是1	数据类型为number
148829, 存储数据, 玩家20,右耳钉丶残恋,14项快捷键1: 41	数据长度是16	数据类型为number
148829, 存储数据, 玩家20,右耳钉丶残恋,15项快捷键2: 43	数据长度是16	数据类型为number
148829, 存储数据, 玩家20,右耳钉丶残恋,16项快捷键3: 61	数据长度是16	数据类型为number
148829, 存储数据, 玩家20,右耳钉丶残恋,17项快捷键4: 42	数据长度是16	数据类型为number
148829, 存储数据, 玩家20,右耳钉丶残恋,18项快捷键5: 56	数据长度是16	数据类型为number
148829, 存储数据, 玩家20,右耳钉丶残恋,19项快捷键6: 53	数据长度是16	数据类型为number
148829, 存储数据, 玩家20,右耳钉丶残恋,20项快捷键7: 541	数据长度是16	数据类型为number
148829, 存储数据, 玩家20,右耳钉丶残恋,21项快捷键8: 542	数据长度是16	数据类型为number
148829, 存储数据, 玩家20,右耳钉丶残恋,22项快捷键9: 543	数据长度是16	数据类型为number
148829, 存储数据, 玩家20,右耳钉丶残恋,23项快捷键10: 544	数据长度是16	数据类型为number
148829, 存储数据, 玩家20,右耳钉丶残恋,24项快捷键11: 545	数据长度是16	数据类型为number
148829, 存储数据, 玩家20,右耳钉丶残恋,25项快捷键12: 44	数据长度是16	数据类型为number
148829, 存储数据, 玩家20,右耳钉丶残恋,26项快捷键13: 55	数据长度是16	数据类型为number
148829, 存储数据, 玩家20,右耳钉丶残恋,27项快捷键14: 62	数据长度是16	数据类型为number
148829, 存储数据, 玩家20,右耳钉丶残恋,28项快捷键15: 64	数据长度是16	数据类型为number
148829, 存储数据, 玩家20,右耳钉丶残恋,29项快捷键16: 573	数据长度是16	数据类型为number
148829, 存储数据, 玩家20,右耳钉丶残恋,30项快捷键17: 555	数据长度是16	数据类型为number
148829, 存储数据, 玩家20,右耳钉丶残恋,31项快捷键18: 568	数据长度是16	数据类型为number
148829, 存储数据, 玩家20,右耳钉丶残恋,32项是否显示刀光: 1	数据长度是1	数据类型为number
148829, 存储数据, 玩家20,右耳钉丶残恋,33项显示刀光编号: 8	数据长度是8	数据类型为number
148829, 存储数据, 玩家20,右耳钉丶残恋,34项不显示翅膀: 1	数据长度是1	数据类型为number
148829, 存储数据, 玩家20,右耳钉丶残恋,35项显示翅膀编号: 0	数据长度是8	数据类型为number
148829, 存储数据, 玩家20,右耳钉丶残恋,36项孔明灯: 0	数据长度是8	数据类型为number
148829, 存储数据, 玩家20,右耳钉丶残恋,37项免控表现: 1	数据长度是8	数据类型为number
148829, 存储数据, 玩家20,右耳钉丶残恋,38项窗口锁定: 0	数据长度是8	数据类型为number
148829, 存储数据, 玩家20,右耳钉丶残恋,39项打孔明灯: 0	数据长度是8	数据类型为number
148829, 存储数据, 玩家20,右耳钉丶残恋,40项小地图头像: 0	数据长度是8	数据类型为number
148829, 存储数据, 玩家20,右耳钉丶残恋,41项画笔库6: 0	数据长度是8	数据类型为number
148829, 存储数据, 玩家20,右耳钉丶残恋,42项画笔库7: 0	数据长度是8	数据类型为number
148829, 存储数据, 玩家20,右耳钉丶残恋,43项画笔库8: 0	数据长度是8	数据类型为number
148829, 存储数据, 玩家20,右耳钉丶残恋,44项会员功能1: 1	数据长度是1	数据类型为number
148829, 存储数据, 玩家20,右耳钉丶残恋,45项会员功能2: 1	数据长度是1	数据类型为number
148829, 存储数据, 玩家20,右耳钉丶残恋,46项会员功能3: 0	数据长度是1	数据类型为number
148829, 存储数据, 玩家20,右耳钉丶残恋,47项会员功能4: 1	数据长度是1	数据类型为number
148829, 存储数据, 玩家20,右耳钉丶残恋,48项会员功能5: 1	数据长度是1	数据类型为number
148829, 存储数据, 玩家20,右耳钉丶残恋,49项会员功能6: 1	数据长度是1	数据类型为number
148829, 存储数据, 玩家20,右耳钉丶残恋,50项会员功能7: 1	数据长度是1	数据类型为number
148829, 存储数据, 玩家20,右耳钉丶残恋,51项会员功能8: 1	数据长度是1	数据类型为number
148829, 存储数据, 玩家20,右耳钉丶残恋,52项新商店左侧扩展面板: 1	数据长度是1	数据类型为number
148829, 存储数据, 玩家20,右耳钉丶残恋,53项新商店上部扩展面板: 1	数据长度是1	数据类型为number
148829, 存储数据, 玩家20,右耳钉丶残恋,54项新商店购买方式: 0	数据长度是1	数据类型为number
148829, 存储数据, 玩家20,右耳钉丶残恋,55项新商店商店模式: 1	数据长度是1	数据类型为number
148829, 存储数据, 玩家20,右耳钉丶残恋,56项预扣血模式: 1	数据长度是1	数据类型为number
148829, 存储数据, 玩家20,右耳钉丶残恋,57项回城特效: 0	数据长度是8	数据类型为number
148829, 存储数据, 玩家21,蜀国,1项画质: 1	数据长度是1	数据类型为number
148829, 存储数据, 玩家21,蜀国,2项滚屏速度: 20	数据长度是8	数据类型为number
148829, 存储数据, 玩家21,蜀国,3项更新内容面板开关: 0	数据长度是1	数据类型为number
148829, 存储数据, 玩家21,蜀国,4项游戏版本号: 0	数据长度是16	数据类型为number
148829, 存储数据, 玩家21,蜀国,5项语音: 0	数据长度是1	数据类型为number
148829, 存储数据, 玩家21,蜀国,6项音响: 0	数据长度是1	数据类型为number
148829, 存储数据, 玩家21,蜀国,7项麦克风: 0	数据长度是1	数据类型为number
148829, 存储数据, 玩家21,蜀国,8项音响大小: 0	数据长度是8	数据类型为number
148829, 存储数据, 玩家21,蜀国,9项麦克风大小: 0	数据长度是8	数据类型为number
148829, 存储数据, 玩家21,蜀国,10项未知: 0	数据长度是1	数据类型为number
148829, 存储数据, 玩家21,蜀国,11项光照: 99	数据长度是8	数据类型为number
148829, 存储数据, 玩家21,蜀国,12项新F11面板模式: 1	数据长度是1	数据类型为number
148829, 存储数据, 玩家21,蜀国,13项血条区分敌我: 1	数据长度是1	数据类型为number
148829, 存储数据, 玩家21,蜀国,14项快捷键1: 41	数据长度是16	数据类型为number
148829, 存储数据, 玩家21,蜀国,15项快捷键2: 43	数据长度是16	数据类型为number
148829, 存储数据, 玩家21,蜀国,16项快捷键3: 61	数据长度是16	数据类型为number
148829, 存储数据, 玩家21,蜀国,17项快捷键4: 42	数据长度是16	数据类型为number
148829, 存储数据, 玩家21,蜀国,18项快捷键5: 56	数据长度是16	数据类型为number
148829, 存储数据, 玩家21,蜀国,19项快捷键6: 53	数据长度是16	数据类型为number
148829, 存储数据, 玩家21,蜀国,20项快捷键7: 541	数据长度是16	数据类型为number
148829, 存储数据, 玩家21,蜀国,21项快捷键8: 542	数据长度是16	数据类型为number
148829, 存储数据, 玩家21,蜀国,22项快捷键9: 543	数据长度是16	数据类型为number
148829, 存储数据, 玩家21,蜀国,23项快捷键10: 544	数据长度是16	数据类型为number
148829, 存储数据, 玩家21,蜀国,24项快捷键11: 545	数据长度是16	数据类型为number
148829, 存储数据, 玩家21,蜀国,25项快捷键12: 546	数据长度是16	数据类型为number
148829, 存储数据, 玩家21,蜀国,26项快捷键13: 547	数据长度是16	数据类型为number
148829, 存储数据, 玩家21,蜀国,27项快捷键14: 548	数据长度是16	数据类型为number
148829, 存储数据, 玩家21,蜀国,28项快捷键15: 549	数据长度是16	数据类型为number
148829, 存储数据, 玩家21,蜀国,29项快捷键16: 573	数据长度是16	数据类型为number
148829, 存储数据, 玩家21,蜀国,30项快捷键17: 555	数据长度是16	数据类型为number
148829, 存储数据, 玩家21,蜀国,31项快捷键18: 568	数据长度是16	数据类型为number
148829, 存储数据, 玩家21,蜀国,32项是否显示刀光: 1	数据长度是1	数据类型为number
148829, 存储数据, 玩家21,蜀国,33项显示刀光编号: 1	数据长度是8	数据类型为number
148829, 存储数据, 玩家21,蜀国,34项不显示翅膀: 0	数据长度是1	数据类型为number
148829, 存储数据, 玩家21,蜀国,35项显示翅膀编号: 0	数据长度是8	数据类型为number
148829, 存储数据, 玩家21,蜀国,36项孔明灯: 0	数据长度是8	数据类型为number
148829, 存储数据, 玩家21,蜀国,37项免控表现: 1	数据长度是8	数据类型为number
148829, 存储数据, 玩家21,蜀国,38项窗口锁定: 0	数据长度是8	数据类型为number
148829, 存储数据, 玩家21,蜀国,39项打孔明灯: 0	数据长度是8	数据类型为number
148829, 存储数据, 玩家21,蜀国,40项小地图头像: 1	数据长度是8	数据类型为number
148829, 存储数据, 玩家21,蜀国,41项画笔库6: 0	数据长度是8	数据类型为number
148829, 存储数据, 玩家21,蜀国,42项画笔库7: 0	数据长度是8	数据类型为number
148829, 存储数据, 玩家21,蜀国,43项画笔库8: 0	数据长度是8	数据类型为number
148829, 存储数据, 玩家21,蜀国,44项会员功能1: 1	数据长度是1	数据类型为number
148829, 存储数据, 玩家21,蜀国,45项会员功能2: 1	数据长度是1	数据类型为number
148829, 存储数据, 玩家21,蜀国,46项会员功能3: 1	数据长度是1	数据类型为number
148829, 存储数据, 玩家21,蜀国,47项会员功能4: 1	数据长度是1	数据类型为number
148829, 存储数据, 玩家21,蜀国,48项会员功能5: 1	数据长度是1	数据类型为number
148829, 存储数据, 玩家21,蜀国,49项会员功能6: 1	数据长度是1	数据类型为number
148829, 存储数据, 玩家21,蜀国,50项会员功能7: 1	数据长度是1	数据类型为number
148829, 存储数据, 玩家21,蜀国,51项会员功能8: 1	数据长度是1	数据类型为number
148829, 存储数据, 玩家21,蜀国,52项新商店左侧扩展面板: 1	数据长度是1	数据类型为number
148829, 存储数据, 玩家21,蜀国,53项新商店上部扩展面板: 1	数据长度是1	数据类型为number
148829, 存储数据, 玩家21,蜀国,54项新商店购买方式: 0	数据长度是1	数据类型为number
148829, 存储数据, 玩家21,蜀国,55项新商店商店模式: 0	数据长度是1	数据类型为number
148829, 存储数据, 玩家21,蜀国,56项预扣血模式: 0	数据长度是1	数据类型为number
148829, 存储数据, 玩家21,蜀国,57项回城特效: 0	数据长度是8	数据类型为number
148829, 存储数据, 玩家22,魏国,1项画质: 1	数据长度是1	数据类型为number
148829, 存储数据, 玩家22,魏国,2项滚屏速度: 20	数据长度是8	数据类型为number
148829, 存储数据, 玩家22,魏国,3项更新内容面板开关: 0	数据长度是1	数据类型为number
148829, 存储数据, 玩家22,魏国,4项游戏版本号: 0	数据长度是16	数据类型为number
148829, 存储数据, 玩家22,魏国,5项语音: 0	数据长度是1	数据类型为number
148829, 存储数据, 玩家22,魏国,6项音响: 0	数据长度是1	数据类型为number
148829, 存储数据, 玩家22,魏国,7项麦克风: 0	数据长度是1	数据类型为number
148829, 存储数据, 玩家22,魏国,8项音响大小: 0	数据长度是8	数据类型为number
148829, 存储数据, 玩家22,魏国,9项麦克风大小: 0	数据长度是8	数据类型为number
148829, 存储数据, 玩家22,魏国,10项未知: 0	数据长度是1	数据类型为number
148829, 存储数据, 玩家22,魏国,11项光照: 99	数据长度是8	数据类型为number
148829, 存储数据, 玩家22,魏国,12项新F11面板模式: 1	数据长度是1	数据类型为number
148829, 存储数据, 玩家22,魏国,13项血条区分敌我: 1	数据长度是1	数据类型为number
148829, 存储数据, 玩家22,魏国,14项快捷键1: 41	数据长度是16	数据类型为number
148829, 存储数据, 玩家22,魏国,15项快捷键2: 43	数据长度是16	数据类型为number
148829, 存储数据, 玩家22,魏国,16项快捷键3: 61	数据长度是16	数据类型为number
148829, 存储数据, 玩家22,魏国,17项快捷键4: 42	数据长度是16	数据类型为number
148829, 存储数据, 玩家22,魏国,18项快捷键5: 56	数据长度是16	数据类型为number
148829, 存储数据, 玩家22,魏国,19项快捷键6: 53	数据长度是16	数据类型为number
148829, 存储数据, 玩家22,魏国,20项快捷键7: 541	数据长度是16	数据类型为number
148829, 存储数据, 玩家22,魏国,21项快捷键8: 542	数据长度是16	数据类型为number
148829, 存储数据, 玩家22,魏国,22项快捷键9: 543	数据长度是16	数据类型为number
148829, 存储数据, 玩家22,魏国,23项快捷键10: 544	数据长度是16	数据类型为number
148829, 存储数据, 玩家22,魏国,24项快捷键11: 545	数据长度是16	数据类型为number
148829, 存储数据, 玩家22,魏国,25项快捷键12: 546	数据长度是16	数据类型为number
148829, 存储数据, 玩家22,魏国,26项快捷键13: 547	数据长度是16	数据类型为number
148829, 存储数据, 玩家22,魏国,27项快捷键14: 548	数据长度是16	数据类型为number
148829, 存储数据, 玩家22,魏国,28项快捷键15: 549	数据长度是16	数据类型为number
148829, 存储数据, 玩家22,魏国,29项快捷键16: 573	数据长度是16	数据类型为number
148829, 存储数据, 玩家22,魏国,30项快捷键17: 555	数据长度是16	数据类型为number
148829, 存储数据, 玩家22,魏国,31项快捷键18: 568	数据长度是16	数据类型为number
148829, 存储数据, 玩家22,魏国,32项是否显示刀光: 1	数据长度是1	数据类型为number
148829, 存储数据, 玩家22,魏国,33项显示刀光编号: 1	数据长度是8	数据类型为number
148829, 存储数据, 玩家22,魏国,34项不显示翅膀: 0	数据长度是1	数据类型为number
148829, 存储数据, 玩家22,魏国,35项显示翅膀编号: 0	数据长度是8	数据类型为number
148829, 存储数据, 玩家22,魏国,36项孔明灯: 0	数据长度是8	数据类型为number
148829, 存储数据, 玩家22,魏国,37项免控表现: 1	数据长度是8	数据类型为number
148829, 存储数据, 玩家22,魏国,38项窗口锁定: 0	数据长度是8	数据类型为number
148829, 存储数据, 玩家22,魏国,39项打孔明灯: 0	数据长度是8	数据类型为number
148829, 存储数据, 玩家22,魏国,40项小地图头像: 1	数据长度是8	数据类型为number
148829, 存储数据, 玩家22,魏国,41项画笔库6: 0	数据长度是8	数据类型为number
148829, 存储数据, 玩家22,魏国,42项画笔库7: 0	数据长度是8	数据类型为number
148829, 存储数据, 玩家22,魏国,43项画笔库8: 0	数据长度是8	数据类型为number
148829, 存储数据, 玩家22,魏国,44项会员功能1: 1	数据长度是1	数据类型为number
148829, 存储数据, 玩家22,魏国,45项会员功能2: 1	数据长度是1	数据类型为number
148829, 存储数据, 玩家22,魏国,46项会员功能3: 1	数据长度是1	数据类型为number
148829, 存储数据, 玩家22,魏国,47项会员功能4: 1	数据长度是1	数据类型为number
148829, 存储数据, 玩家22,魏国,48项会员功能5: 1	数据长度是1	数据类型为number
148829, 存储数据, 玩家22,魏国,49项会员功能6: 1	数据长度是1	数据类型为number
148829, 存储数据, 玩家22,魏国,50项会员功能7: 1	数据长度是1	数据类型为number
148829, 存储数据, 玩家22,魏国,51项会员功能8: 1	数据长度是1	数据类型为number
148829, 存储数据, 玩家22,魏国,52项新商店左侧扩展面板: 1	数据长度是1	数据类型为number
148829, 存储数据, 玩家22,魏国,53项新商店上部扩展面板: 1	数据长度是1	数据类型为number
148829, 存储数据, 玩家22,魏国,54项新商店购买方式: 0	数据长度是1	数据类型为number
148829, 存储数据, 玩家22,魏国,55项新商店商店模式: 0	数据长度是1	数据类型为number
148829, 存储数据, 玩家22,魏国,56项预扣血模式: 0	数据长度是1	数据类型为number
148829, 存储数据, 玩家22,魏国,57项回城特效: 0	数据长度是8	数据类型为number
148829, 存储数据, 玩家23,中立敌对,1项画质: 1	数据长度是1	数据类型为number
148829, 存储数据, 玩家23,中立敌对,2项滚屏速度: 20	数据长度是8	数据类型为number
148829, 存储数据, 玩家23,中立敌对,3项更新内容面板开关: 0	数据长度是1	数据类型为number
148829, 存储数据, 玩家23,中立敌对,4项游戏版本号: 0	数据长度是16	数据类型为number
148829, 存储数据, 玩家23,中立敌对,5项语音: 0	数据长度是1	数据类型为number
148829, 存储数据, 玩家23,中立敌对,6项音响: 0	数据长度是1	数据类型为number
148829, 存储数据, 玩家23,中立敌对,7项麦克风: 0	数据长度是1	数据类型为number
148829, 存储数据, 玩家23,中立敌对,8项音响大小: 0	数据长度是8	数据类型为number
148829, 存储数据, 玩家23,中立敌对,9项麦克风大小: 0	数据长度是8	数据类型为number
148829, 存储数据, 玩家23,中立敌对,10项未知: 0	数据长度是1	数据类型为number
148829, 存储数据, 玩家23,中立敌对,11项光照: 99	数据长度是8	数据类型为number
148829, 存储数据, 玩家23,中立敌对,12项新F11面板模式: 1	数据长度是1	数据类型为number
148829, 存储数据, 玩家23,中立敌对,13项血条区分敌我: 1	数据长度是1	数据类型为number
148829, 存储数据, 玩家23,中立敌对,14项快捷键1: 41	数据长度是16	数据类型为number
148829, 存储数据, 玩家23,中立敌对,15项快捷键2: 43	数据长度是16	数据类型为number
148829, 存储数据, 玩家23,中立敌对,16项快捷键3: 61	数据长度是16	数据类型为number
148829, 存储数据, 玩家23,中立敌对,17项快捷键4: 42	数据长度是16	数据类型为number
148829, 存储数据, 玩家23,中立敌对,18项快捷键5: 56	数据长度是16	数据类型为number
148829, 存储数据, 玩家23,中立敌对,19项快捷键6: 53	数据长度是16	数据类型为number
148829, 存储数据, 玩家23,中立敌对,20项快捷键7: 541	数据长度是16	数据类型为number
148829, 存储数据, 玩家23,中立敌对,21项快捷键8: 542	数据长度是16	数据类型为number
148829, 存储数据, 玩家23,中立敌对,22项快捷键9: 543	数据长度是16	数据类型为number
148829, 存储数据, 玩家23,中立敌对,23项快捷键10: 544	数据长度是16	数据类型为number
148829, 存储数据, 玩家23,中立敌对,24项快捷键11: 545	数据长度是16	数据类型为number
148829, 存储数据, 玩家23,中立敌对,25项快捷键12: 546	数据长度是16	数据类型为number
148829, 存储数据, 玩家23,中立敌对,26项快捷键13: 547	数据长度是16	数据类型为number
148829, 存储数据, 玩家23,中立敌对,27项快捷键14: 548	数据长度是16	数据类型为number
148829, 存储数据, 玩家23,中立敌对,28项快捷键15: 549	数据长度是16	数据类型为number
148829, 存储数据, 玩家23,中立敌对,29项快捷键16: 573	数据长度是16	数据类型为number
148829, 存储数据, 玩家23,中立敌对,30项快捷键17: 555	数据长度是16	数据类型为number
148829, 存储数据, 玩家23,中立敌对,31项快捷键18: 568	数据长度是16	数据类型为number
148829, 存储数据, 玩家23,中立敌对,32项是否显示刀光: 1	数据长度是1	数据类型为number
148829, 存储数据, 玩家23,中立敌对,33项显示刀光编号: 1	数据长度是8	数据类型为number
148829, 存储数据, 玩家23,中立敌对,34项不显示翅膀: 0	数据长度是1	数据类型为number
148829, 存储数据, 玩家23,中立敌对,35项显示翅膀编号: 0	数据长度是8	数据类型为number
148829, 存储数据, 玩家23,中立敌对,36项孔明灯: 0	数据长度是8	数据类型为number
148829, 存储数据, 玩家23,中立敌对,37项免控表现: 1	数据长度是8	数据类型为number
148829, 存储数据, 玩家23,中立敌对,38项窗口锁定: 0	数据长度是8	数据类型为number
148829, 存储数据, 玩家23,中立敌对,39项打孔明灯: 0	数据长度是8	数据类型为number
148829, 存储数据, 玩家23,中立敌对,40项小地图头像: 1	数据长度是8	数据类型为number
148829, 存储数据, 玩家23,中立敌对,41项画笔库6: 0	数据长度是8	数据类型为number
148829, 存储数据, 玩家23,中立敌对,42项画笔库7: 0	数据长度是8	数据类型为number
148829, 存储数据, 玩家23,中立敌对,43项画笔库8: 0	数据长度是8	数据类型为number
148829, 存储数据, 玩家23,中立敌对,44项会员功能1: 1	数据长度是1	数据类型为number
148829, 存储数据, 玩家23,中立敌对,45项会员功能2: 1	数据长度是1	数据类型为number
148829, 存储数据, 玩家23,中立敌对,46项会员功能3: 1	数据长度是1	数据类型为number
148829, 存储数据, 玩家23,中立敌对,47项会员功能4: 1	数据长度是1	数据类型为number
148829, 存储数据, 玩家23,中立敌对,48项会员功能5: 1	数据长度是1	数据类型为number
148829, 存储数据, 玩家23,中立敌对,49项会员功能6: 1	数据长度是1	数据类型为number
148829, 存储数据, 玩家23,中立敌对,50项会员功能7: 1	数据长度是1	数据类型为number
148829, 存储数据, 玩家23,中立敌对,51项会员功能8: 1	数据长度是1	数据类型为number
148829, 存储数据, 玩家23,中立敌对,52项新商店左侧扩展面板: 1	数据长度是1	数据类型为number
148829, 存储数据, 玩家23,中立敌对,53项新商店上部扩展面板: 1	数据长度是1	数据类型为number
148829, 存储数据, 玩家23,中立敌对,54项新商店购买方式: 0	数据长度是1	数据类型为number
148829, 存储数据, 玩家23,中立敌对,55项新商店商店模式: 0	数据长度是1	数据类型为number
148829, 存储数据, 玩家23,中立敌对,56项预扣血模式: 0	数据长度是1	数据类型为number
148829, 存储数据, 玩家23,中立敌对,57项回城特效: 0	数据长度是8	数据类型为number
148829, 存储数据, 玩家24,中立无敌意,1项画质: 1	数据长度是1	数据类型为number
148829, 存储数据, 玩家24,中立无敌意,2项滚屏速度: 20	数据长度是8	数据类型为number
148829, 存储数据, 玩家24,中立无敌意,3项更新内容面板开关: 0	数据长度是1	数据类型为number
148829, 存储数据, 玩家24,中立无敌意,4项游戏版本号: 0	数据长度是16	数据类型为number
148829, 存储数据, 玩家24,中立无敌意,5项语音: 0	数据长度是1	数据类型为number
148829, 存储数据, 玩家24,中立无敌意,6项音响: 0	数据长度是1	数据类型为number
148829, 存储数据, 玩家24,中立无敌意,7项麦克风: 0	数据长度是1	数据类型为number
148829, 存储数据, 玩家24,中立无敌意,8项音响大小: 0	数据长度是8	数据类型为number
148829, 存储数据, 玩家24,中立无敌意,9项麦克风大小: 0	数据长度是8	数据类型为number
148829, 存储数据, 玩家24,中立无敌意,10项未知: 0	数据长度是1	数据类型为number
148829, 存储数据, 玩家24,中立无敌意,11项光照: 99	数据长度是8	数据类型为number
148829, 存储数据, 玩家24,中立无敌意,12项新F11面板模式: 1	数据长度是1	数据类型为number
148829, 存储数据, 玩家24,中立无敌意,13项血条区分敌我: 1	数据长度是1	数据类型为number
148829, 存储数据, 玩家24,中立无敌意,14项快捷键1: 41	数据长度是16	数据类型为number
148829, 存储数据, 玩家24,中立无敌意,15项快捷键2: 43	数据长度是16	数据类型为number
148829, 存储数据, 玩家24,中立无敌意,16项快捷键3: 61	数据长度是16	数据类型为number
148829, 存储数据, 玩家24,中立无敌意,17项快捷键4: 42	数据长度是16	数据类型为number
148829, 存储数据, 玩家24,中立无敌意,18项快捷键5: 56	数据长度是16	数据类型为number
148829, 存储数据, 玩家24,中立无敌意,19项快捷键6: 53	数据长度是16	数据类型为number
148829, 存储数据, 玩家24,中立无敌意,20项快捷键7: 541	数据长度是16	数据类型为number
148829, 存储数据, 玩家24,中立无敌意,21项快捷键8: 542	数据长度是16	数据类型为number
148829, 存储数据, 玩家24,中立无敌意,22项快捷键9: 543	数据长度是16	数据类型为number
148829, 存储数据, 玩家24,中立无敌意,23项快捷键10: 544	数据长度是16	数据类型为number
148829, 存储数据, 玩家24,中立无敌意,24项快捷键11: 545	数据长度是16	数据类型为number
148829, 存储数据, 玩家24,中立无敌意,25项快捷键12: 546	数据长度是16	数据类型为number
148829, 存储数据, 玩家24,中立无敌意,26项快捷键13: 547	数据长度是16	数据类型为number
148829, 存储数据, 玩家24,中立无敌意,27项快捷键14: 548	数据长度是16	数据类型为number
148829, 存储数据, 玩家24,中立无敌意,28项快捷键15: 549	数据长度是16	数据类型为number
148829, 存储数据, 玩家24,中立无敌意,29项快捷键16: 573	数据长度是16	数据类型为number
148829, 存储数据, 玩家24,中立无敌意,30项快捷键17: 555	数据长度是16	数据类型为number
148829, 存储数据, 玩家24,中立无敌意,31项快捷键18: 568	数据长度是16	数据类型为number
148829, 存储数据, 玩家24,中立无敌意,32项是否显示刀光: 1	数据长度是1	数据类型为number
148829, 存储数据, 玩家24,中立无敌意,33项显示刀光编号: 1	数据长度是8	数据类型为number
148829, 存储数据, 玩家24,中立无敌意,34项不显示翅膀: 0	数据长度是1	数据类型为number
148829, 存储数据, 玩家24,中立无敌意,35项显示翅膀编号: 0	数据长度是8	数据类型为number
148829, 存储数据, 玩家24,中立无敌意,36项孔明灯: 0	数据长度是8	数据类型为number
148829, 存储数据, 玩家24,中立无敌意,37项免控表现: 1	数据长度是8	数据类型为number
148829, 存储数据, 玩家24,中立无敌意,38项窗口锁定: 0	数据长度是8	数据类型为number
148829, 存储数据, 玩家24,中立无敌意,39项打孔明灯: 0	数据长度是8	数据类型为number
148829, 存储数据, 玩家24,中立无敌意,40项小地图头像: 1	数据长度是8	数据类型为number
148829, 存储数据, 玩家24,中立无敌意,41项画笔库6: 0	数据长度是8	数据类型为number
148829, 存储数据, 玩家24,中立无敌意,42项画笔库7: 0	数据长度是8	数据类型为number
148829, 存储数据, 玩家24,中立无敌意,43项画笔库8: 0	数据长度是8	数据类型为number
148829, 存储数据, 玩家24,中立无敌意,44项会员功能1: 1	数据长度是1	数据类型为number
148829, 存储数据, 玩家24,中立无敌意,45项会员功能2: 1	数据长度是1	数据类型为number
148829, 存储数据, 玩家24,中立无敌意,46项会员功能3: 1	数据长度是1	数据类型为number
148829, 存储数据, 玩家24,中立无敌意,47项会员功能4: 1	数据长度是1	数据类型为number
148829, 存储数据, 玩家24,中立无敌意,48项会员功能5: 1	数据长度是1	数据类型为number
148829, 存储数据, 玩家24,中立无敌意,49项会员功能6: 1	数据长度是1	数据类型为number
148829, 存储数据, 玩家24,中立无敌意,50项会员功能7: 1	数据长度是1	数据类型为number
148829, 存储数据, 玩家24,中立无敌意,51项会员功能8: 1	数据长度是1	数据类型为number
148829, 存储数据, 玩家24,中立无敌意,52项新商店左侧扩展面板: 1	数据长度是1	数据类型为number
148829, 存储数据, 玩家24,中立无敌意,53项新商店上部扩展面板: 1	数据长度是1	数据类型为number
148829, 存储数据, 玩家24,中立无敌意,54项新商店购买方式: 0	数据长度是1	数据类型为number
148829, 存储数据, 玩家24,中立无敌意,55项新商店商店模式: 0	数据长度是1	数据类型为number
148829, 存储数据, 玩家24,中立无敌意,56项预扣血模式: 0	数据长度是1	数据类型为number
148829, 存储数据, 玩家24,中立无敌意,57项回城特效: 0	数据长度是8	数据类型为number
