0, 长度:952
0, 65111751 武勋buff:0
0, 72869641 武勋buff:0
0, 5253261 武勋buff:0
0, 100230514 武勋buff:0
0, 83275412 武勋buff:0
0, 33276634 武勋buff:0
0, 116394132 武勋buff:0
0, 99426780 武勋buff:0
0, 67259419 武勋buff:0
0, 109175625 武勋buff:0
0, 104253295 武勋buff:0
0, 96471932 武勋buff:0
0, 100837132 武勋buff:0
0, 66342756 武勋buff:0
0, 66785472 武勋buff:0
0, 114104585 武勋buff:0
0, 60671212 武勋buff:0
0, 34706570 武勋buff:0
0, 98370114 武勋buff:0
0, 116946780 武勋buff:0
0, pos:22 value:0
0, 新人pos:22 value:0
0, pos:21 value:0
0, 新人pos:21 value:0
0, pos:10 value:0
0, 新人pos:10 value:0
0, pos:9 value:0
0, 新人pos:9 value:0
0, pos:8 value:0
0, 新人pos:8 value:0
0, pos:7 value:0
0, 新人pos:7 value:0
0, pos:6 value:0
0, 新人pos:6 value:0
0, pos:5 value:0
0, 新人pos:5 value:0
0, pos:4 value:0
0, 新人pos:4 value:0
0, pos:3 value:0
0, 新人pos:3 value:0
0, pos:2 value:0
0, 新人pos:2 value:0
0, pos:1 value:0
0, 新人pos:1 value:0
0, pos:20 value:0
0, 新人pos:20 value:0
0, pos:19 value:0
0, 新人pos:19 value:0
0, pos:18 value:0
0, 新人pos:18 value:0
0, pos:17 value:0
0, 新人pos:17 value:0
0, pos:16 value:0
0, 新人pos:16 value:0
0, pos:15 value:0
0, 新人pos:15 value:0
0, pos:14 value:0
0, 新人pos:14 value:0
0, pos:13 value:0
0, 新人pos:13 value:0
0, pos:12 value:0
0, 新人pos:12 value:0
0, pos:11 value:0
0, 新人pos:11 value:0
833, 玩家:13 总类:1000 选择:2002 实际:2002
917, 玩家:11 总类:1000 选择:2001 实际:2001
945, 玩家:16 总类:1000 选择:3002 实际:3002
985, 玩家:7 总类:1000 选择:3001 实际:3001
1117, 玩家:17 总类:1000 选择:1001 实际:1001
1289, 玩家:9 总类:1000 选择:2002 实际:2002
1505, 玩家:5 总类:1000 选择:1001 实际:1001
1701, 玩家:2 总类:1000 选择:2001 实际:2001
1737, 玩家:10 总类:1000 选择:1002 实际:1002
1737, 玩家:8 总类:1000 选择:4001 实际:4001
2217, 玩家:12 总类:1000 选择:4002 实际:4002
2381, 玩家:19 总类:1000 选择:4002 实际:4002
2641, 玩家:20 总类:1000 选择:1001 实际:1001
2805, 玩家:3 总类:1000 选择:4002 实际:4002
3501, 玩家:14 总类:1000 选择:2002 实际:2002
4037, 玩家:15 总类:1000 选择:3002 实际:3002
4113, 玩家:1 总类:1000 选择:3003 实际:3003
4465, 玩家:6 总类:1000 选择:1003 实际:1003
6225, 玩家:4 总类:1000 选择:1001 实际:1001
10489, 玩家:18 总类:1000 选择:1002 实际:1002
15797, pos:17 value:0
15797, 新人pos:17 value:0
15797, pos:22 value:0
15797, 新人pos:22 value:0
15797, pos:21 value:0
15797, 新人pos:21 value:0
15797, pos:10 value:0
15797, 新人pos:10 value:0
15797, pos:9 value:0
15797, 新人pos:9 value:0
15797, pos:8 value:0
15797, 新人pos:8 value:0
15797, pos:7 value:0
15797, 新人pos:7 value:0
15797, pos:6 value:0
15797, 新人pos:6 value:0
15797, pos:5 value:0
15797, 新人pos:5 value:0
15797, pos:4 value:0
15797, 新人pos:4 value:0
15797, pos:3 value:0
15797, 新人pos:3 value:0
15797, pos:2 value:0
15797, 新人pos:2 value:0
15797, pos:1 value:0
15797, 新人pos:1 value:0
15797, pos:20 value:0
15797, 新人pos:20 value:0
15797, pos:19 value:0
15797, 新人pos:19 value:0
15797, pos:18 value:0
15797, 新人pos:18 value:0
15797, pos:16 value:0
15797, 新人pos:16 value:0
15797, pos:15 value:0
15797, 新人pos:15 value:0
15797, pos:14 value:0
15797, 新人pos:14 value:0
15797, pos:13 value:0
15797, 新人pos:13 value:0
15797, pos:12 value:0
15797, 新人pos:12 value:0
15797, pos:11 value:0
15797, 新人pos:11 value:0
40097, pos:17 value:0
40097, 新人pos:17 value:0
40097, pos:22 value:0
40097, 新人pos:22 value:0
40097, pos:21 value:0
40097, 新人pos:21 value:0
40097, pos:10 value:0
40097, 新人pos:10 value:0
40097, pos:9 value:0
40097, 新人pos:9 value:0
40097, pos:8 value:0
40097, 新人pos:8 value:0
40097, pos:7 value:0
40097, 新人pos:7 value:0
40097, pos:6 value:0
40097, 新人pos:6 value:0
40097, pos:5 value:0
40097, 新人pos:5 value:0
40097, pos:4 value:0
40097, 新人pos:4 value:0
40097, pos:3 value:0
40097, 新人pos:3 value:0
40097, pos:2 value:0
40097, 新人pos:2 value:0
40097, pos:1 value:0
40097, 新人pos:1 value:0
40097, pos:20 value:0
40097, 新人pos:20 value:0
40097, pos:19 value:0
40097, 新人pos:19 value:0
40097, pos:18 value:0
40097, 新人pos:18 value:0
40097, pos:16 value:0
40097, 新人pos:16 value:0
40097, pos:15 value:0
40097, 新人pos:15 value:0
40097, pos:14 value:0
40097, 新人pos:14 value:0
40097, pos:13 value:0
40097, 新人pos:13 value:0
40097, pos:12 value:0
40097, 新人pos:12 value:0
40097, pos:11 value:0
40097, 新人pos:11 value:0
148534, 有效局
148534, 嘿 116308 960
