148829, {
148829, 	[1] = 7,
148829, 	[2] = 6.6103367359502e+018,
148829, 	[3] = 0,
148829, 	[4] = '∏„À¿’Ω¡˙618',
148829, 	[5] = 22,
148829, 	[6] = 47,
148829, 	[7] = '»∫–€÷¬π10v10',
148829, 	[8] = 7,
148829, 	[9] = 22,
148829, 	[10] = '2662-7-1539088957',
148829, 	[11] = 4,
148829, 	[12] = 1,
148829, 	[13] = 10,
148829, 	[14] = 10,
148829, 	[15] = 522,
148829, 	[16] = 20,
148829, 	[17] = 108,
148829, 	[18] = 58,
148829, 	[19] = 13,
148829, 	[20] = 0,
148829, 	[21] = 0,
148829, 	[22] = 0,
148829, 	[23] = 0,
148829, 	[24] = 0,
148829, 	[25] = 20,
148829, 	[26] = 0,
148829, 	[27] = 300,
148829, 	[28] = 276,
148829, 	[29] = 146,
148829, 	[30] = 175,
148829, 	[31] = 2530,
148829, 	[32] = 3,
148829, },
148829, 
