4937,  0:1:23 ,消灭蜀国弓手,获得83
9040,  0:2:33 ,消灭蜀国刀兵,获得76
9196,  0:2:36 ,消灭蜀国弓手,获得92
9881,  0:2:47 ,消灭蜀国刀兵,获得81
11283,  0:3:11 ,英雄歼灭黄盖,获得222
12636,  0:3:34 ,英雄歼灭邓艾,获得224
16586,  0:4:41 ,消灭蜀国刀兵,获得81
16589,  0:4:42 ,消灭蜀国刀兵,获得83
20662,  0:5:51 ,消灭蜀国弓手,获得78
20708,  0:5:52 ,消灭蜀国刀兵,获得69
20766,  0:5:53 ,消灭蜀国刀兵,获得71
20794,  0:5:53 ,消灭蜀国刀兵,获得69
20944,  0:5:56 ,消灭蜀国弓手,获得83
21364,  0:6:3 ,消灭孔明灯,获得35
22266,  0:6:18 ,消灭蜀国刀兵,获得78
22440,  0:6:21 ,英雄歼灭张鸳鸳,获得307
23182,  0:6:34 ,英雄歼灭鲁肃,获得224
23425,  0:6:38 ,消灭蜀国弓手,获得78
27954,  0:7:55 ,消灭蜀国弓手,获得78
28080,  0:7:57 ,消灭蜀国刀兵,获得83
28142,  0:7:58 ,消灭蜀国刀兵,获得76
31014,  0:8:47 ,消灭蜀国弓手,获得87
31970,  0:9:3 ,英雄歼灭黄盖,获得166
33514,  0:9:29 ,英雄歼灭邓艾,获得229
36638,  0:10:22 ,消灭蜀国刀兵,获得83
37926,  0:10:44 ,消灭蜀国刀兵,获得69
38012,  0:10:46 ,消灭蜀国弓手,获得74
38095,  0:10:47 ,消灭蜀国弓手,获得92
39143,  0:11:5 ,消灭蜀国刀兵,获得78
39198,  0:11:6 ,消灭蜀国刀兵,获得76
40538,  0:11:29 ,英雄歼灭邓艾,获得230
43158,  0:12:13 ,英雄歼灭张鸳鸳,获得190
43236,  0:12:15 ,英雄歼灭孙权,获得227
47731,  0:13:31 ,消灭蜀国弓手,获得79
47746,  0:13:31 ,消灭蜀国弓手,获得98
47756,  0:13:31 ,消灭蜀国刀兵,获得70
50508,  0:14:18 ,英雄歼灭黄盖,获得231
52394,  0:14:50 ,消灭蜀国刀兵,获得79
52408,  0:14:50 ,消灭蜀国弓手,获得70
52434,  0:14:51 ,消灭蜀国刀兵,获得72
52498,  0:14:52 ,消灭蜀国刀兵,获得79
52598,  0:14:54 ,消灭蜀国弓手,获得79
53804,  0:15:14 ,英雄歼灭黄盖,获得235
55780,  0:15:48 ,英雄歼灭邓艾,获得238
56560,  0:16:1 ,英雄歼灭张鸳鸳,获得238
59686,  0:16:54 ,消灭孔明灯,获得36
60404,  0:17:6 ,消灭蜀国刀兵,获得83
60420,  0:17:7 ,消灭蜀国刀兵,获得78
60560,  0:17:9 ,消灭蜀国弓手,获得95
60682,  0:17:11 ,消灭蜀国弓手,获得95
60752,  0:17:12 ,消灭蜀国刀兵,获得83
61166,  0:17:19 ,消灭黄巾军,获得76
61228,  0:17:20 ,消灭黄巾军,获得100
61824,  0:17:31 ,消灭蜀国弓手,获得81
61834,  0:17:31 ,消灭蜀国刀兵,获得86
61902,  0:17:32 ,消灭蜀国刀兵,获得74
61966,  0:17:33 ,消灭蜀国刀兵,获得81
63049,  0:17:51 ,消灭投石车,获得191
63493,  0:17:59 ,消灭蜀国刀兵,获得76
63497,  0:17:59 ,消灭蜀国弓手,获得76
63567,  0:18:0 ,消灭蜀国刀兵,获得74
63694,  0:18:2 ,消灭蜀国刀兵,获得74
65073,  0:18:26 ,消灭强盗,获得86
65129,  0:18:27 ,消灭强盗,获得71
65466,  0:18:32 ,消灭熊,获得275
65686,  0:18:36 ,消灭狼(小),获得82
65718,  0:18:37 ,消灭狼(小),获得71
65745,  0:18:37 ,消灭狼,获得117
70587,  0:19:59 ,消灭蜀国弓手,获得82
70750,  0:20:2 ,消灭蜀国刀兵,获得75
75932,  0:21:30 ,英雄歼灭黄盖,获得237
76592,  0:21:42 ,消灭孔明灯,获得37
79950,  0:22:39 ,英雄歼灭甄姬,获得302
82511,  0:23:22 ,消灭投石车,获得196
82563,  0:23:23 ,消灭蜀国刀兵,获得83
82611,  0:23:24 ,消灭蜀国刀兵,获得74
82624,  0:23:24 ,消灭蜀国刀兵,获得89
82779,  0:23:27 ,消灭蜀国弓手,获得78
82930,  0:23:29 ,消灭蜀国弓手,获得78
83424,  0:23:38 ,消灭蜀国刀兵,获得83
83456,  0:23:38 ,消灭蜀国刀兵,获得89
83460,  0:23:38 ,消灭蜀国刀兵,获得78
83494,  0:23:39 ,消灭蜀国弓手,获得74
83495,  0:23:39 ,消灭蜀国弓手,获得98
83668,  0:23:42 ,消灭投石车,获得196
86998,  0:24:38 ,消灭蜀国刀兵,获得89
87010,  0:24:39 ,消灭蜀国刀兵,获得74
87015,  0:24:39 ,消灭蜀国弓手,获得99
87020,  0:24:39 ,消灭蜀国弓手,获得99
87034,  0:24:39 ,英雄歼灭邓艾,获得302
90090,  0:25:31 ,消灭蜀国刀兵,获得82
90099,  0:25:31 ,消灭蜀国刀兵,获得89
90176,  0:25:32 ,消灭投石车,获得198
90226,  0:25:33 ,消灭蜀国刀兵,获得84
90307,  0:25:35 ,消灭蜀国弓手,获得89
90414,  0:25:37 ,消灭蜀国弓手,获得75
90849,  0:25:44 ,消灭蜀国弓手,获得104
90865,  0:25:44 ,消灭蜀国刀兵,获得77
90949,  0:25:46 ,消灭蜀国刀兵,获得86
91057,  0:25:47 ,消灭蜀国弓手,获得99
91142,  0:25:49 ,消灭投石车,获得198
91184,  0:25:50 ,消灭蜀国刀兵,获得89
91945,  0:26:3 ,消灭蜀国刀兵,获得77
92030,  0:26:4 ,消灭蜀国弓手,获得90
92080,  0:26:5 ,消灭蜀国弓手,获得75
92726,  0:26:16 ,消灭蜀国外围箭塔,获得325
93396,  0:26:27 ,消灭蜀国外围箭塔,获得325
94318,  0:26:43 ,消灭蜀国左路据点,获得0
94502,  0:26:46 ,消灭投石车,获得199
94855,  0:26:52 ,消灭蜀国刀兵,获得87
94863,  0:26:52 ,消灭蜀国弓手,获得99
97821,  0:27:42 ,消灭蜀国刀兵,获得77
98370,  0:27:52 ,消灭孔明灯,获得38
98560,  0:27:55 ,消灭蜀国刀兵,获得90
98602,  0:27:56 ,消灭蜀国刀兵,获得83
98853,  0:28:0 ,消灭蜀国弓手,获得100
99018,  0:28:3 ,英雄歼灭祝融夫人,获得417
99046,  0:28:3 ,消灭蜀国弓手,获得75
99506,  0:28:11 ,英雄歼灭曹休,获得496
103051,  0:29:11 ,消灭蜀国弓手,获得106
103052,  0:29:11 ,消灭蜀国弓手,获得101
103187,  0:29:14 ,消灭投石车,获得201
103280,  0:29:15 ,消灭蜀国弓手,获得76
103281,  0:29:15 ,消灭蜀国弓手,获得85
103330,  0:29:16 ,消灭蜀国刀兵,获得83
103392,  0:29:17 ,消灭蜀国刀兵,获得83
104005,  0:29:28 ,消灭蜀国弓手,获得91
104007,  0:29:28 ,消灭蜀国弓手,获得106
104079,  0:29:29 ,消灭蜀国刀兵,获得81
104114,  0:29:29 ,消灭蜀国刀兵,获得85
104116,  0:29:29 ,消灭蜀国刀兵,获得76
104166,  0:29:30 ,消灭投石车,获得201
104528,  0:29:36 ,英雄歼灭张鸳鸳,获得230
105317,  0:29:50 ,消灭蜀国弓手,获得101
105376,  0:29:51 ,消灭蜀国刀兵,获得89
105482,  0:29:53 ,消灭蜀国刀兵,获得78
105576,  0:29:54 ,消灭蜀国刀兵,获得85
105707,  0:29:57 ,消灭蜀国弓手,获得101
107256,  0:30:23 ,英雄歼灭祝融夫人,获得363
110994,  0:31:26 ,英雄歼灭张鸳鸳,获得375
114255,  0:32:22 ,消灭狼(小),获得92
114442,  0:32:25 ,消灭狼,获得109
114842,  0:32:32 ,消灭蜀国弓手,获得102
115486,  0:32:43 ,消灭蜀国刀兵,获得92
115558,  0:32:44 ,消灭蜀国刀兵,获得90
115596,  0:32:45 ,消灭蜀国弓手,获得82
115608,  0:32:45 ,消灭蜀国刀兵,获得82
115724,  0:32:47 ,消灭投石车,获得205
115942,  0:32:51 ,消灭蜀国弓手,获得107
116400,  0:32:58 ,消灭蜀国刀兵,获得77
116402,  0:32:58 ,消灭蜀国刀兵,获得84
116406,  0:32:58 ,消灭蜀国刀兵,获得90
116436,  0:32:59 ,消灭蜀国弓手,获得86
116476,  0:33:0 ,消灭蜀国弓手,获得87
120266,  0:34:4 ,英雄歼灭曹休,获得660
123746,  0:35:3 ,消灭孔明灯,获得39
123936,  0:35:6 ,消灭孔明灯,获得39
124124,  0:35:10 ,消灭孔明灯,获得39
124321,  0:35:13 ,消灭蜀国弓手,获得78
125048,  0:35:25 ,消灭蜀国刀兵,获得91
125051,  0:35:25 ,消灭蜀国弓手,获得104
125110,  0:35:26 ,消灭蜀国刀兵,获得81
125223,  0:35:28 ,消灭投石车,获得207
128090,  0:36:17 ,英雄歼灭张鸳鸳,获得398
129706,  0:36:45 ,消灭蜀国弓手,获得99
129740,  0:36:45 ,消灭蜀国弓手,获得104
129758,  0:36:45 ,消灭蜀国刀兵,获得86
129786,  0:36:46 ,消灭蜀国刀兵,获得78
129804,  0:36:46 ,消灭投石车,获得208
132618,  0:37:34 ,消灭蜀国弓手,获得89
132904,  0:37:39 ,英雄歼灭赵云,获得447
133095,  0:37:42 ,消灭蜀国弓手,获得84
133097,  0:37:42 ,消灭蜀国弓手,获得99
136882,  0:38:46 ,英雄歼灭赵云,获得454
137830,  0:39:3 ,消灭孔明灯,获得39
138713,  0:39:18 ,消灭黄巾军,获得84
142156,  0:40:16 ,消灭投石车,获得212
142246,  0:40:18 ,消灭投石车,获得212
142751,  0:40:26 ,消灭蜀国弓手,获得85
148746,  0:42:8 ,消灭孔明灯,获得40
148770,  0:42:9 ,英雄歼灭孙权,获得452
148771,  0:42:9 ,消灭蜀国弓手,获得91
148782,  0:42:9 ,英雄歼灭贾诩,获得439
