2018-10-09 21:27:42:620 PID:500 FM:     0  ReplayName = D:\起凡\7fgame\replay\MyGame\AutoSave\my_replays0135.7fr  
2018-10-09 21:27:42:620 PID:500 FM:     0  自动保存的平台路径：/replay="D:\起凡\7fgame\replay\MyGame\AutoSave\my_replays0135.7fr"  
2018-10-09 21:27:42:621 PID:500 FM:     0   ReplayName2 = D:\起凡\7fgame\replay\MyGame  
2018-10-09 21:27:42:621 PID:500 FM:     0  玩家保存的平台路径：/replaypath="D:\起凡\7fgame\replay\MyGame\"  
2018-10-09 21:27:53:515 PID:500 FM:     0  TRUN_VASL[4] 
2018-10-09 21:28:54:917 PID:500 FM:  2793  保存录像[6976140] FM[2793] [ ] 
2018-10-09 21:28:54:919 PID:500 FM:  2793  压缩文件[.\core\hct.o]成功。(.\core\hct.o.zip) 
2018-10-09 21:28:54:919 PID:500 FM:  2793  FILES 0 13493 .\core\hct.o  
2018-10-09 21:28:54:920 PID:500 FM:  2793  删除临时文件[1] [.\core\hct.o.zip]  
2018-10-09 21:29:31:730 PID:500 FM:  4965  保存录像[7012953] FM[4965] [ ] 
2018-10-09 21:30:06:385 PID:500 FM:  7009  保存录像[7047609] FM[7009] [ ] 
2018-10-09 21:30:42:119 PID:500 FM:  9117  保存录像[7083343] FM[9117] [ ] 
2018-10-09 21:31:17:072 PID:500 FM: 11181  保存录像[7118296] FM[11181] [ ] 
2018-10-09 21:31:52:073 PID:500 FM: 13245  保存录像[7153296] FM[13245] [ ] 
2018-10-09 21:32:27:119 PID:500 FM: 15313  保存录像[7188343] FM[15313] [ ] 
2018-10-09 21:33:03:869 PID:500 FM: 17481  保存录像[7225093] FM[17481] [ ] 
2018-10-09 21:33:40:629 PID:500 FM: 19649  保存录像[7261843] FM[19649] [ ] 
2018-10-09 21:34:16:187 PID:500 FM: 21749  保存录像[7297406] FM[21749] [ ] 
2018-10-09 21:34:52:739 PID:500 FM: 23905  保存录像[7333953] FM[23905] [ ] 
2018-10-09 21:35:28:056 PID:500 FM: 25989  保存录像[7369281] FM[25989] [ ] 
2018-10-09 21:36:03:783 PID:500 FM: 28097  保存录像[7405000] FM[28097] [ ] 
2018-10-09 21:36:39:447 PID:500 FM: 30201  保存录像[7440671] FM[30201] [ ] 
2018-10-09 21:37:15:449 PID:500 FM: 32325  保存录像[7476671] FM[32325] [ ] 
2018-10-09 21:37:52:150 PID:500 FM: 34489  保存录像[7513375] FM[34489] [ ] 
2018-10-09 21:38:28:026 PID:500 FM: 36605  保存录像[7549250] FM[36605] [ ] 
2018-10-09 21:39:04:119 PID:500 FM: 38733  保存录像[7585343] FM[38733] [ ] 
2018-10-09 21:39:40:322 PID:500 FM: 40869  保存录像[7621546] FM[40869] [ ] 
2018-10-09 21:40:16:228 PID:500 FM: 42989  保存录像[7657453] FM[42989] [ ] 
2018-10-09 21:40:52:713 PID:500 FM: 45141  保存录像[7693937] FM[45141] [ ] 
2018-10-09 21:41:28:838 PID:500 FM: 47273  保存录像[7730062] FM[47273] [ ] 
2018-10-09 21:42:04:607 PID:500 FM: 49381  保存录像[7765828] FM[49381] [ ] 
2018-10-09 21:42:40:650 PID:500 FM: 51509  保存录像[7801875] FM[51509] [ ] 
2018-10-09 21:43:16:385 PID:500 FM: 53617  保存录像[7837609] FM[53617] [ ] 
2018-10-09 21:43:53:197 PID:500 FM: 55789  保存录像[7874421] FM[55789] [ ] 
2018-10-09 21:44:31:011 PID:500 FM: 58009  保存录像[7912234] FM[58009] [ ] 
2018-10-09 21:45:05:869 PID:500 FM: 60077  保存录像[7947093] FM[60077] [ ] 
2018-10-09 21:45:42:150 PID:500 FM: 62217  保存录像[7983375] FM[62217] [ ] 
2018-10-09 21:46:18:822 PID:500 FM: 64381  保存录像[8020046] FM[64381] [ ] 
2018-10-09 21:46:57:119 PID:500 FM: 66641  保存录像[8058343] FM[66641] [ ] 
2018-10-09 21:47:34:369 PID:500 FM: 68837  保存录像[8095593] FM[68837] [ ] 
2018-10-09 21:48:10:275 PID:500 FM: 70957  保存录像[8131500] FM[70957] [ ] 
2018-10-09 21:48:47:103 PID:500 FM: 73129  保存录像[8168328] FM[73129] [ ] 
2018-10-09 21:49:23:228 PID:500 FM: 75261  保存录像[8204453] FM[75261] [ ] 
2018-10-09 21:49:58:870 PID:500 FM: 77365  保存录像[8240093] FM[77365] [ ] 
2018-10-09 21:50:35:697 PID:500 FM: 79537  保存录像[8276921] FM[79537] [ ] 
2018-10-09 21:51:11:370 PID:500 FM: 81641  保存录像[8312593] FM[81641] [ ] 
2018-10-09 21:51:46:400 PID:500 FM: 83709  保存录像[8347625] FM[83709] [ ] 
2018-10-09 21:52:24:103 PID:500 FM: 85933  保存录像[8385328] FM[85933] [ ] 
2018-10-09 21:53:00:104 PID:500 FM: 88057  保存录像[8421328] FM[88057] [ ] 
2018-10-09 21:53:36:323 PID:500 FM: 90193  保存录像[8457546] FM[90193] [ ] 
2018-10-09 21:54:12:104 PID:500 FM: 92305  保存录像[8493328] FM[92305] [ ] 
2018-10-09 21:54:50:948 PID:500 FM: 94597  保存录像[8532171] FM[94597] [ ] 
2018-10-09 21:55:28:791 PID:500 FM: 96829  保存录像[8570015] FM[96829] [ ] 
2018-10-09 21:56:04:729 PID:500 FM: 98953  保存录像[8605953] FM[98953] [ ] 
2018-10-09 21:56:40:510 PID:500 FM:101061  保存录像[8641734] FM[101061] [ ] 
2018-10-09 21:57:16:917 PID:500 FM:103209  保存录像[8678140] FM[103209] [ ] 
2018-10-09 21:57:53:667 PID:500 FM:105377  保存录像[8714890] FM[105377] [ ] 
2018-10-09 21:58:29:134 PID:500 FM:107469  保存录像[8750359] FM[107469] [ ] 
2018-10-09 21:59:05:246 PID:500 FM:109601  保存录像[8786468] FM[109601] [ ] 
2018-10-09 21:59:42:003 PID:500 FM:111769  保存录像[8823218] FM[111769] [ ] 
2018-10-09 22:00:17:995 PID:500 FM:113893  保存录像[8859218] FM[113893] [ ] 
2018-10-09 22:00:53:447 PID:500 FM:115985  保存录像[8894671] FM[115985] [ ] 
2018-10-09 22:01:29:793 PID:500 FM:118129  保存录像[8931015] FM[118129] [ ] 
2018-10-09 22:02:05:666 PID:500 FM:120245  保存录像[8966890] FM[120245] [ ] 
2018-10-09 22:02:45:118 PID:500 FM:122573  保存录像[9006343] FM[122573] [ ] 
2018-10-09 22:03:23:057 PID:500 FM:124813  保存录像[9044281] FM[124813] [ ] 
2018-10-09 22:03:58:963 PID:500 FM:126929  保存录像[9080187] FM[126929] [ ] 
2018-10-09 22:04:34:670 PID:500 FM:129033  保存录像[9115890] FM[129033] [ ] 
2018-10-09 22:05:10:525 PID:500 FM:131153  保存录像[9151750] FM[131153] [ ] 
2018-10-09 22:05:46:056 PID:500 FM:133249  保存录像[9187281] FM[133249] [ ] 
2018-10-09 22:06:21:666 PID:500 FM:135349  保存录像[9222890] FM[135349] [ ] 
2018-10-09 22:06:56:884 PID:500 FM:137425  保存录像[9258109] FM[137425] [ ] 
2018-10-09 22:07:33:056 PID:500 FM:139561  保存录像[9294281] FM[139561] [ ] 
2018-10-09 22:08:08:790 PID:500 FM:141669  保存录像[9330015] FM[141669] [ ] 
2018-10-09 22:08:44:916 PID:500 FM:143801  保存录像[9366140] FM[143801] [ ] 
2018-10-09 22:09:21:261 PID:500 FM:145945  保存录像[9402484] FM[145945] [ ] 
2018-10-09 22:09:57:688 PID:500 FM:148093  保存录像[9438906] FM[148093] [ ] 
2018-10-09 22:10:35:056 PID:500 FM:150301  保存录像[9476281] FM[150301] [ ] 
2018-10-09 22:11:11:839 PID:500 FM:152469  保存录像[9513062] FM[152469] [ ] 
2018-10-09 22:11:48:182 PID:500 FM:154613  保存录像[9549406] FM[154613] [ ] 
2018-10-09 22:12:25:838 PID:500 FM:156837  保存录像[9587062] FM[156837] [ ] 
2018-10-09 22:12:59:223 PID:500 FM:158706  填充脚本自定义数据[9620437] FM[158706] LEN[11168] 
2018-10-09 22:12:59:223 PID:500 FM:158706  ONOVERVIDEOSYS [] 
2018-10-09 22:12:59:223 PID:500 FM:158706  保存录像[9620437] FM[158706] [ ] 
2018-10-09 22:12:59:223 PID:500 FM:158706  游戏结束保存录像 [1] 
2018-10-09 22:12:59:227 PID:500 FM:158706  SAVEAS[9620437] [OK] LOCAL [log500-2018.10.09-21.27.42/replay500.7fr] Error[0] 
2018-10-09 22:12:59:227 PID:500 FM:158706  SAVEAS[9620437] [OK] TARGET[D:\起凡\7fgame\replay\MyGame\AutoSave\my_replays0135.7fr] Error[0] 
2018-10-09 22:12:59:227 PID:500 FM:158706  退出游戏(结束), code 1
 
2018-10-09 22:12:59:227 PID:500 FM:158706  向服务器发送录像信息(无请求) 
