32585, s281/0/0
32585, t281/5258/50
32685, s282/0/0
32685, t282/5208/100
60941, s599/0/0
60941, t599/5108/50
61057, s600/0/0
61057, t600/5058/100
61725, s310/0/0
61725, t310/4958/50
61833, s311/0/0
61833, t311/4908/100
70349, s309/0/0
70349, t309/4808/10
70465, s310/0/0
70465, t310/4798/50
70581, s311/0/0
70581, t311/4748/100
70685, s312/0/0
70685, t312/4648/100
74097, s309/0/0
74097, t309/4548/10
74241, s310/0/0
74241, t310/4538/50
74421, s311/0/0
74421, t311/4488/100
84381, s309/0/0
84381, t309/4388/10
84473, s310/0/0
84473, t310/4378/50
84589, s311/0/0
84589, t311/4328/100
84677, s312/0/0
84677, t312/4228/100
84769, s312/0/0
84769, t312/4128/100
92641, s309/0/0
92641, t309/4028/10
92785, s310/0/0
92785, t310/4018/50
92929, s311/0/0
92929, t311/3968/100
98249, s309/0/0
98249, t309/3868/10
106713, s309/0/0
106713, t309/3858/10
