158706, mvp_value =368, famous_point = 0, famous_point_per = 10
158706, result_per = 0.6, time_per = 1, num_per = 1
158706, 计算经验值为221
158706, 需刷新,疲劳度为200
158706, 计算经验值为442
158706, mvp_value =500, famous_point = 1, famous_point_per = 10
158706, result_per = 0.6, time_per = 1, num_per = 1
158706, 计算经验值为306
158706, 需刷新,疲劳度为200
158706, 计算经验值为612
158706, mvp_value =378, famous_point = 1, famous_point_per = 10
158706, result_per = 0.6, time_per = 1, num_per = 1
158706, 计算经验值为233
158706, 需刷新,疲劳度为200
158706, 计算经验值为466
158706, mvp_value =297, famous_point = 0, famous_point_per = 10
158706, result_per = 0.6, time_per = 1, num_per = 1
158706, 计算经验值为178
158706, 需刷新,疲劳度为200
158706, 计算经验值为356
158706, mvp_value =355, famous_point = 0, famous_point_per = 10
158706, result_per = 0.6, time_per = 1, num_per = 1
158706, 计算经验值为213
158706, 需刷新,疲劳度为200
158706, 计算经验值为426
158706, mvp_value =500, famous_point = 0, famous_point_per = 10
158706, result_per = 0.6, time_per = 1, num_per = 1
158706, 计算经验值为300
158706, 需刷新,疲劳度为200
158706, 计算经验值为600
158706, mvp_value =365, famous_point = 1, famous_point_per = 10
158706, result_per = 0.6, time_per = 1, num_per = 1
158706, 计算经验值为225
158706, 需刷新,疲劳度为200
158706, 计算经验值为450
158706, mvp_value =500, famous_point = 0, famous_point_per = 10
158706, result_per = 0.6, time_per = 1, num_per = 1
158706, 计算经验值为300
158706, 需刷新,疲劳度为200
158706, 计算经验值为600
158706, mvp_value =251, famous_point = 0, famous_point_per = 10
158706, result_per = 0.6, time_per = 1, num_per = 1
158706, 计算经验值为151
158706, 需刷新,疲劳度为200
158706, 计算经验值为302
158706, mvp_value =345, famous_point = 0, famous_point_per = 10
158706, result_per = 0.6, time_per = 1, num_per = 1
158706, 计算经验值为207
158706, 需刷新,疲劳度为200
158706, 计算经验值为414
158706, mvp_value =352, famous_point = 0, famous_point_per = 10
158706, result_per = 1, time_per = 1, num_per = 1
158706, 计算经验值为352
158706, 需刷新,疲劳度为200
158706, 计算经验值为704
158706, mvp_value =177, famous_point = 0, famous_point_per = 10
158706, result_per = 1, time_per = 1, num_per = 1
158706, 计算经验值为177
158706, 需刷新,疲劳度为200
158706, 计算经验值为354
158706, mvp_value =458, famous_point = 1, famous_point_per = 10
158706, result_per = 1, time_per = 1, num_per = 1
158706, 计算经验值为468
158706, 需刷新,疲劳度为200
158706, 计算经验值为936
158706, mvp_value =454, famous_point = 2, famous_point_per = 10
158706, result_per = 1, time_per = 1, num_per = 1
158706, 计算经验值为474
158706, 需刷新,疲劳度为200
158706, 计算经验值为948
158706, mvp_value =452, famous_point = 0, famous_point_per = 10
158706, result_per = 1, time_per = 1, num_per = 1
158706, 计算经验值为452
158706, 需刷新,疲劳度为200
158706, 计算经验值为904
158706, mvp_value =369, famous_point = 0, famous_point_per = 10
158706, result_per = 1, time_per = 1, num_per = 1
158706, 计算经验值为369
158706, 需刷新,疲劳度为200
158706, 计算经验值为738
158706, mvp_value =296, famous_point = 0, famous_point_per = 10
158706, result_per = 1, time_per = 1, num_per = 1
158706, 计算经验值为296
158706, 需刷新,疲劳度为200
158706, 计算经验值为592
158706, mvp_value =500, famous_point = 7, famous_point_per = 10
158706, result_per = 1, time_per = 1, num_per = 1
158706, 计算经验值为570
158706, 需刷新,疲劳度为200
158706, 计算经验值为1140
158706, mvp_value =500, famous_point = 4, famous_point_per = 10
158706, result_per = 1, time_per = 1, num_per = 1
158706, 计算经验值为540
158706, 需刷新,疲劳度为200
158706, 计算经验值为1080
158706, mvp_value =329, famous_point = 0, famous_point_per = 10
158706, result_per = 1, time_per = 1, num_per = 1
158706, 计算经验值为329
158706, 需刷新,疲劳度为200
158706, 计算经验值为658
