158706, 	玩家名	controlid	天梯10V10竞技积分	普通匹配10V10竞技积分	天梯10V10局数	普通10V10局数	天梯10V10竞技加分	普通匹配10V10竞技加分	表现系数	波动系数	高分系数	当局MVP	消费信息
158706, 	心境比较平淡	1	601	781	203	4238	-11	-19	1	1	1	368	1324
158706, 	找偷情少妇	2	551	695	117	5354	-6	-7	0.5	1	1	601	1450
158706, 	包子没有腰丶	3	589	697	397	713	-11	-15	1	1	1	378	436
158706, 	爽儿亲亲	4	501	584	269	751	0	-10	1	1	1	297	277
158706, 	小黄啊啊啊啊123	5	625	783	82	950	-12	-19	1	1	1	355	840
158706, 	再续那温柔	6	570	671	64	3160	-8	-10	0.7	1	1	510	493
158706, 	消逝地承诺	7	612	772	258	2847	-11	-19	1	1	1	365	725
158706, 	hejiting	8	588	726	56	911	-7	-10	0.6	1	1	554	736
158706, 	q421628632	9	558	719	202	7342	-7	-16	1	1	1	251	697
158706, 	右耳钉丶残恋	10	577	727	65	637	-11	-16	1	1	1	345	650
158706, 	手指太阳说丨曰	11	643	732	29	1797	7	15	1	1	1	352	1332
158706, 	天下无双灬独眼	12	504	483	584	2272	13	25	1	1	1	177	29
158706, 	威芬520	13	634	716	44	3027	14	19	1.2	1	1	458	921
158706, 	把莪遗忘	14	634	771	52	2197	12	13	1	1	1	454	1044
158706, 	txp000	15	593	744	266	2885	7	15	1	1	1	452	446
158706, 	新手三百三	16	613	748	312	5212	12	15	1	1	1	369	577
158706, 	珉昊2	17	579	703	374	2781	12	17	1	1	1	296	505
158706, 	大猛子3	18	650	791	95	487	24	25	2	1	1	672	428
158706, 	一级就被杀	19	626	699	172	1972	18	25	1.5	1	1	508	490
158706, 	我的懿宝	20	650	783	245	5650	12	13	1	1	1	329	571
158706, ***************以下是开局时的匹配信息****************
158706, 	玩家名	controlid	天梯10V10竞技积分	普通匹配10V10竞技积分	天梯10V10局数	普通10V10局数	组队系数	组队后匹配信息	消费信息	局质量
158706, 	狼牙将士;font=397651064;a=255;r=138;g=133;b=78;|return=5|;|text=心境比较平淡	1	601	781	203	4238	1	601	1428	91
158706, 	狼牙将士;font=397651064;a=255;r=138;g=133;b=78;|return=5|;|text=找偷情少妇	2	551	695	117	5354	1	551	1430	91
158706, 	狼牙将士;font=397651064;a=255;r=138;g=133;b=78;|return=5|;|text=包子没有腰丶	3	589	697	397	713	1	589	423	91
158706, 	w0426251	4	575	718	251	1292	1	575	472	91
158706, 	狼牙将士;font=397651064;a=255;r=138;g=133;b=78;|return=5|;|text=小黄啊啊啊啊123	5	625	783	82	950	1	625	729	91
158706, 	狼牙将士;font=397651064;a=255;r=138;g=133;b=78;|return=5|;|text=再续那温柔	6	570	671	64	3160	1	570	502	91
158706, 	狼牙将士;font=397651064;a=255;r=138;g=133;b=78;|return=5|;|text=消逝地承诺	7	612	772	258	2847	1	612	735	91
158706, 	狼牙将士;font=397651064;a=255;r=138;g=133;b=78;|return=5|;|text=hejiting	8	588	726	56	911	1	588	727	91
158706, 	狼牙将士;font=397651064;a=255;r=138;g=133;b=78;|return=5|;|text=q421628632	9	558	719	202	7342	1	558	723	91
158706, 	狼牙将士;font=397651064;a=255;r=138;g=133;b=78;|return=5|;|text=右耳钉丶残恋	10	577	727	65	637	1	577	625	91
158706, 	狼牙将士;font=397651064;a=255;r=138;g=133;b=78;|return=5|;|text=手指太阳说丨曰	11	643	732	29	1797	1	643	1543	91
158706, 	哥不是软柿子	12	554	574	34	2384	1	554	190	91
158706, 	狼牙将士;font=397651064;a=255;r=138;g=133;b=78;|return=5|;|text=威芬520	13	634	716	44	3027	1	634	989	91
158706, 	狼牙将士;font=397651064;a=255;r=138;g=133;b=78;|return=5|;|text=把莪遗忘	14	634	771	52	2197	1	634	1006	91
158706, 	狼牙将士;font=397651064;a=255;r=138;g=133;b=78;|return=5|;|text=txp000	15	593	744	266	2885	1	593	426	91
158706, 	狼牙将士;font=397651064;a=255;r=138;g=133;b=78;|return=5|;|text=新手三百三	16	613	748	312	5212	1	613	663	91
158706, 	狼牙将士;font=397651064;a=255;r=138;g=133;b=78;|return=5|;|text=珉昊2	17	579	703	374	2781	1	579	526	91
158706, 	狼牙将士;font=397651064;a=255;r=138;g=133;b=78;|return=5|;|text=大猛子3	18	650	791	95	487	1	650	433	91
158706, 	狼牙将士;font=397651064;a=255;r=138;g=133;b=78;|return=5|;|text=一级就被杀	19	626	699	172	1972	1	626	508	91
158706, 	狼牙将士;font=397651064;a=255;r=138;g=133;b=78;|return=5|;|text=我的懿宝	20	650	783	245	5650	1	650	521	91
158706, 更详细的记录在eloScore
