0, Loading 新武勋大段：1,  小段：3,  玩家：1
0, Loading 新武勋大段：1,  小段：4,  玩家：2
0, Loading 新武勋大段：1,  小段：4,  玩家：3
0, Loading 新武勋大段：1,  小段：4,  玩家：4
0, Loading 新武勋大段：1,  小段：3,  玩家：5
0, Loading 新武勋大段：1,  小段：4,  玩家：6
0, Loading 新武勋大段：1,  小段：4,  玩家：7
0, Loading 新武勋大段：1,  小段：4,  玩家：8
0, Loading 新武勋大段：1,  小段：4,  玩家：9
0, Loading 新武勋大段：1,  小段：4,  玩家：10
0, Loading 新武勋大段：1,  小段：3,  玩家：11
0, Loading 新武勋大段：1,  小段：4,  玩家：12
0, Loading 新武勋大段：1,  小段：3,  玩家：13
0, Loading 新武勋大段：1,  小段：3,  玩家：14
0, Loading 新武勋大段：1,  小段：4,  玩家：15
0, Loading 新武勋大段：1,  小段：3,  玩家：16
0, Loading 新武勋大段：1,  小段：4,  玩家：17
0, Loading 新武勋大段：1,  小段：3,  玩家：18
0, Loading 新武勋大段：1,  小段：3,  玩家：19
0, Loading 新武勋大段：1,  小段：3,  玩家：20
809, CheckSpeItemWorkEvent 1 Item_id =6
825, CheckSpeItemWorkEvent 1 Item_id =24
885, CheckSpeItemWorkEvent 1 Item_id =6
933, CheckSpeItemWorkEvent 1 Item_id =6
969, CheckSpeItemWorkEvent 1 Item_id =24
1113, CheckSpeItemWorkEvent 1 Item_id =6
1177, CheckSpeItemWorkEvent 1 Item_id =6
1225, CheckSpeItemWorkEvent 1 Item_id =6
1229, CheckSpeItemWorkEvent 1 Item_id =24
1265, CheckSpeItemWorkEvent 1 Item_id =24
1325, CheckSpeItemWorkEvent 1 Item_id =6
1409, CheckSpeItemWorkEvent 1 Item_id =24
1461, CheckSpeItemWorkEvent 1 Item_id =6
1469, CheckSpeItemWorkEvent 1 Item_id =25
1489, CheckSpeItemWorkEvent 1 Item_id =25
1533, CheckSpeItemWorkEvent 1 Item_id =6
1765, CheckSpeItemWorkEvent 1 Item_id =6
1825, CheckSpeItemWorkEvent 1 Item_id =376
1897, CheckSpeItemWorkEvent 1 Item_id =380
1997, CheckSpeItemWorkEvent 1 Item_id =6
2049, CheckSpeItemWorkEvent 1 Item_id =25
2073, CheckSpeItemWorkEvent 1 Item_id =25
2345, CheckSpeItemWorkEvent 1 Item_id =6
2405, CheckSpeItemWorkEvent 1 Item_id =25
2473, CheckSpeItemWorkEvent 1 Item_id =24
2497, CheckSpeItemWorkEvent 1 Item_id =24
2761, CheckSpeItemWorkEvent 1 Item_id =6
2785, CheckSpeItemWorkEvent 1 Item_id =6
2793, CheckSpeItemWorkEvent 1 Item_id =24
2813, CheckSpeItemWorkEvent 1 Item_id =24
2861, CheckSpeItemWorkEvent 1 Item_id =25
2901, CheckSpeItemWorkEvent 1 Item_id =380
2929, CheckSpeItemWorkEvent 1 Item_id =376
2973, CheckSpeItemWorkEvent 1 Item_id =380
3025, CheckSpeItemWorkEvent 1 Item_id =6
3081, CheckSpeItemWorkEvent 1 Item_id =25
3101, CheckSpeItemWorkEvent 1 Item_id =25
3125, CheckSpeItemWorkEvent 1 Item_id =25
3177, CheckSpeItemWorkEvent 1 Item_id =6
3189, CheckSpeItemWorkEvent 1 Item_id =25
3205, CheckSpeItemWorkEvent 1 Item_id =108
3209, CheckSpeItemWorkEvent 1 Item_id =24
3265, CheckSpeItemWorkEvent 1 Item_id =6
3309, CheckSpeItemWorkEvent 1 Item_id =24
3333, CheckSpeItemWorkEvent 1 Item_id =24
3357, CheckSpeItemWorkEvent 1 Item_id =24
3421, CheckSpeItemWorkEvent 1 Item_id =376
3465, CheckSpeItemWorkEvent 1 Item_id =6
3497, CheckSpeItemWorkEvent 1 Item_id =25
3513, CheckSpeItemWorkEvent 1 Item_id =25
3521, CheckSpeItemWorkEvent 1 Item_id =25
3581, CheckSpeItemWorkEvent 1 Item_id =31
3609, CheckSpeItemWorkEvent 1 Item_id =31
3637, CheckSpeItemWorkEvent 1 Item_id =376
3665, CheckSpeItemWorkEvent 1 Item_id =380
3709, CheckSpeItemWorkEvent 1 Item_id =380
3713, CheckSpeItemWorkEvent 1 Item_id =6
3737, CheckSpeItemWorkEvent 1 Item_id =376
3753, CheckSpeItemWorkEvent 1 Item_id =24
3777, CheckSpeItemWorkEvent 1 Item_id =380
3789, CheckSpeItemWorkEvent 1 Item_id =25
3817, CheckSpeItemWorkEvent 1 Item_id =25
3861, CheckSpeItemWorkEvent 1 Item_id =25
4077, CheckSpeItemWorkEvent 1 Item_id =376
4221, CheckSpeItemWorkEvent 1 Item_id =24
4533, GetSpeItemAdd 游戏时间不满20分钟， control_id=4
7245, CheckSpeItemWorkEvent 1 Item_id =29
8209, CheckSpeItemWorkEvent 1 Item_id =41
8245, CheckSpeItemWorkEvent 1 Item_id =83
8485, CheckSpeItemWorkEvent 1 Item_id =30
10137, CheckSpeItemWorkEvent 1 Item_id =83
10173, CheckSpeItemWorkEvent 1 Item_id =81
10373, CheckSpeItemWorkEvent 1 Item_id =25
10409, CheckSpeItemWorkEvent 1 Item_id =24
11897, CheckSpeItemWorkEvent 1 Item_id =81
12037, CheckSpeItemWorkEvent 1 Item_id =25
12057, CheckSpeItemWorkEvent 1 Item_id =25
12077, CheckSpeItemWorkEvent 1 Item_id =25
12097, CheckSpeItemWorkEvent 1 Item_id =85
12101, CheckSpeItemWorkEvent 1 Item_id =25
12121, CheckSpeItemWorkEvent 1 Item_id =25
12345, CheckSpeItemWorkEvent 1 Item_id =25
12353, CheckSpeItemWorkEvent 1 Item_id =380
12373, CheckSpeItemWorkEvent 1 Item_id =380
13481, CheckSpeItemWorkEvent 1 Item_id =81
13725, CheckSpeItemWorkEvent 1 Item_id =83
13813, CheckSpeItemWorkEvent 1 Item_id =30
14185, CheckSpeItemWorkEvent 1 Item_id =83
14357, CheckSpeItemWorkEvent 1 Item_id =25
14389, CheckSpeItemWorkEvent 1 Item_id =24
14549, CheckSpeItemWorkEvent 1 Item_id =86
14657, CheckSpeItemWorkEvent 1 Item_id =25
14781, CheckSpeItemWorkEvent 1 Item_id =83
14873, CheckSpeItemWorkEvent 1 Item_id =25
15085, CheckSpeItemWorkEvent 1 Item_id =20
15133, CheckSpeItemWorkEvent 1 Item_id =31
15229, CheckSpeItemWorkEvent 1 Item_id =31
15281, CheckSpeItemWorkEvent 1 Item_id =25
15293, CheckSpeItemWorkEvent 1 Item_id =25
15305, CheckSpeItemWorkEvent 1 Item_id =25
15593, CheckSpeItemWorkEvent 1 Item_id =104
15805, CheckSpeItemWorkEvent 1 Item_id =87
16341, CheckSpeItemWorkEvent 1 Item_id =83
16453, CheckSpeItemWorkEvent 1 Item_id =87
17309, CheckSpeItemWorkEvent 1 Item_id =85
17449, CheckSpeItemWorkEvent 1 Item_id =24
17493, CheckSpeItemWorkEvent 1 Item_id =25
17525, CheckSpeItemWorkEvent 1 Item_id =87
17545, GetSpeItemAdd 游戏时间不满20分钟， control_id=12
17717, CheckSpeItemWorkEvent 1 Item_id =88
17837, CheckSpeItemWorkEvent 1 Item_id =380
17853, CheckSpeItemWorkEvent 1 Item_id =380
17877, CheckSpeItemWorkEvent 1 Item_id =380
17977, CheckSpeItemWorkEvent 1 Item_id =376
18089, CheckSpeItemWorkEvent 1 Item_id =88
18197, CheckSpeItemWorkEvent 1 Item_id =31
18213, CheckSpeItemWorkEvent 1 Item_id =31
18217, CheckSpeItemWorkEvent 1 Item_id =31
18241, CheckSpeItemWorkEvent 1 Item_id =31
18257, CheckSpeItemWorkEvent 1 Item_id =31
18285, CheckSpeItemWorkEvent 1 Item_id =380
18313, CheckSpeItemWorkEvent 1 Item_id =376
18625, CheckSpeItemWorkEvent 1 Item_id =86
18829, CheckSpeItemWorkEvent 1 Item_id =85
18877, CheckSpeItemWorkEvent 1 Item_id =380
18965, CheckSpeItemWorkEvent 1 Item_id =89
20709, CheckSpeItemWorkEvent 1 Item_id =38
20733, CheckSpeItemWorkEvent 1 Item_id =10
20761, CheckSpeItemWorkEvent 1 Item_id =53
21449, CheckSpeItemWorkEvent 1 Item_id =77
21565, CheckSpeItemWorkEvent 1 Item_id =422
21613, CheckSpeItemWorkEvent 1 Item_id =85
21733, CheckSpeItemWorkEvent 1 Item_id =25
21753, CheckSpeItemWorkEvent 1 Item_id =25
21777, CheckSpeItemWorkEvent 1 Item_id =25
21793, CheckSpeItemWorkEvent 1 Item_id =25
21817, CheckSpeItemWorkEvent 1 Item_id =25
22245, CheckSpeItemWorkEvent 1 Item_id =43
22293, CheckSpeItemWorkEvent 1 Item_id =13
22293, CheckSpeItemWorkEvent 1 Item_id =29
22365, CheckSpeItemWorkEvent 1 Item_id =19
22497, CheckSpeItemWorkEvent 1 Item_id =88
22905, CheckSpeItemWorkEvent 1 Item_id =86
23061, CheckSpeItemWorkEvent 1 Item_id =31
23081, CheckSpeItemWorkEvent 1 Item_id =31
23089, CheckSpeItemWorkEvent 1 Item_id =39
23101, CheckSpeItemWorkEvent 1 Item_id =31
23125, CheckSpeItemWorkEvent 1 Item_id =31
23177, CheckSpeItemWorkEvent 1 Item_id =10
23793, CheckSpeItemWorkEvent 1 Item_id =41
23869, CheckSpeItemWorkEvent 1 Item_id =42
24461, CheckSpeItemWorkEvent 1 Item_id =380
24481, CheckSpeItemWorkEvent 1 Item_id =380
24501, CheckSpeItemWorkEvent 1 Item_id =380
24525, CheckSpeItemWorkEvent 1 Item_id =376
24545, CheckSpeItemWorkEvent 1 Item_id =31
25285, CheckSpeItemWorkEvent 1 Item_id =86
25457, CheckSpeItemWorkEvent 1 Item_id =24
25481, CheckSpeItemWorkEvent 1 Item_id =24
25521, CheckSpeItemWorkEvent 1 Item_id =25
26121, CheckSpeItemWorkEvent 1 Item_id =120
26481, CheckSpeItemWorkEvent 1 Item_id =38
27193, CheckSpeItemWorkEvent 1 Item_id =106
27257, CheckSpeItemWorkEvent 1 Item_id =80
27269, CheckSpeItemWorkEvent 1 Item_id =31
27289, CheckSpeItemWorkEvent 1 Item_id =31
27321, CheckSpeItemWorkEvent 1 Item_id =31
27337, CheckSpeItemWorkEvent 1 Item_id =31
27449, CheckSpeItemWorkEvent 1 Item_id =125
28029, CheckSpeItemWorkEvent 1 Item_id =88
29225, CheckSpeItemWorkEvent 1 Item_id =54
29305, CheckSpeItemWorkEvent 1 Item_id =86
29509, CheckSpeItemWorkEvent 1 Item_id =19
31013, CheckSpeItemWorkEvent 1 Item_id =13
31677, CheckSpeItemWorkEvent 1 Item_id =90
31689, CheckSpeItemWorkEvent 1 Item_id =200
31753, CheckSpeItemWorkEvent 1 Item_id =43
31793, CheckSpeItemWorkEvent 1 Item_id =41
32093, CheckSpeItemWorkEvent 1 Item_id =13
32141, CheckSpeItemWorkEvent 1 Item_id =41
32225, CheckSpeItemWorkEvent 1 Item_id =106
32353, CheckSpeItemWorkEvent 1 Item_id =391
32593, CheckSpeItemWorkEvent 1 Item_id =281
32697, CheckSpeItemWorkEvent 1 Item_id =282
32937, CheckSpeItemWorkEvent 1 Item_id =29
33029, CheckSpeItemWorkEvent 1 Item_id =78
33037, CheckSpeItemWorkEvent 1 Item_id =19
33217, CheckSpeItemWorkEvent 1 Item_id =25
33453, CheckSpeItemWorkEvent 1 Item_id =31
33481, CheckSpeItemWorkEvent 1 Item_id =31
33501, CheckSpeItemWorkEvent 1 Item_id =31
33521, CheckSpeItemWorkEvent 1 Item_id =31
33861, CheckSpeItemWorkEvent 1 Item_id =104
34001, CheckSpeItemWorkEvent 1 Item_id =176
34281, CheckSpeItemWorkEvent 1 Item_id =515
34433, CheckSpeItemWorkEvent 1 Item_id =19
34601, CheckSpeItemWorkEvent 1 Item_id =177
34629, CheckSpeItemWorkEvent 1 Item_id =106
34653, CheckSpeItemWorkEvent 1 Item_id =103
34673, CheckSpeItemWorkEvent 1 Item_id =103
34825, CheckSpeItemWorkEvent 1 Item_id =608
35737, CheckSpeItemWorkEvent 1 Item_id =78
36785, CheckSpeItemWorkEvent 1 Item_id =31
36805, CheckSpeItemWorkEvent 1 Item_id =31
36829, CheckSpeItemWorkEvent 1 Item_id =31
37093, CheckSpeItemWorkEvent 1 Item_id =515
38469, CheckSpeItemWorkEvent 1 Item_id =361
38565, CheckSpeItemWorkEvent 1 Item_id =31
38581, CheckSpeItemWorkEvent 1 Item_id =31
38617, CheckSpeItemWorkEvent 1 Item_id =31
38633, CheckSpeItemWorkEvent 1 Item_id =31
38825, CheckSpeItemWorkEvent 1 Item_id =76
38853, CheckSpeItemWorkEvent 1 Item_id =88
39009, CheckSpeItemWorkEvent 1 Item_id =387
39105, CheckSpeItemWorkEvent 1 Item_id =54
39301, CheckSpeItemWorkEvent 1 Item_id =106
39477, CheckSpeItemWorkEvent 1 Item_id =358
40141, CheckSpeItemWorkEvent 1 Item_id =6
40665, CheckSpeItemWorkEvent 1 Item_id =570
40793, CheckSpeItemWorkEvent 1 Item_id =2173
41033, CheckSpeItemWorkEvent 1 Item_id =361
41077, CheckSpeItemWorkEvent 1 Item_id =189
41077, CheckSpeItemWorkEvent 1 Item_id =43
41185, CheckSpeItemWorkEvent 1 Item_id =31
41221, CheckSpeItemWorkEvent 1 Item_id =803
41513, CheckSpeItemWorkEvent 1 Item_id =2159
41781, CheckSpeItemWorkEvent 1 Item_id =78
42013, CheckSpeItemWorkEvent 1 Item_id =17
42209, CheckSpeItemWorkEvent 1 Item_id =25
42229, CheckSpeItemWorkEvent 1 Item_id =25
42269, CheckSpeItemWorkEvent 1 Item_id =31
42289, CheckSpeItemWorkEvent 1 Item_id =31
42613, CheckSpeItemWorkEvent 1 Item_id =515
43133, CheckSpeItemWorkEvent 1 Item_id =358
43205, CheckSpeItemWorkEvent 1 Item_id =9
43217, CheckSpeItemWorkEvent 1 Item_id =35
43597, CheckSpeItemWorkEvent 1 Item_id =387
43653, CheckSpeItemWorkEvent 1 Item_id =176
43721, CheckSpeItemWorkEvent 1 Item_id =54
43813, CheckSpeItemWorkEvent 1 Item_id =177
43829, CheckSpeItemWorkEvent 1 Item_id =31
44017, CheckSpeItemWorkEvent 1 Item_id =41
44173, CheckSpeItemWorkEvent 1 Item_id =83
44501, CheckSpeItemWorkEvent 1 Item_id =515
44617, CheckSpeItemWorkEvent 1 Item_id =86
44685, CheckSpeItemWorkEvent 1 Item_id =31
44685, CheckSpeItemWorkEvent 1 Item_id =31
44701, CheckSpeItemWorkEvent 1 Item_id =31
44705, CheckSpeItemWorkEvent 1 Item_id =31
44725, CheckSpeItemWorkEvent 1 Item_id =31
44749, CheckSpeItemWorkEvent 1 Item_id =31
45165, CheckSpeItemWorkEvent 1 Item_id =76
45253, CheckSpeItemWorkEvent 1 Item_id =174
45681, CheckSpeItemWorkEvent 1 Item_id =20
45825, CheckSpeItemWorkEvent 1 Item_id =31
45849, CheckSpeItemWorkEvent 1 Item_id =31
45881, CheckSpeItemWorkEvent 1 Item_id =667
46073, CheckSpeItemWorkEvent 1 Item_id =41
46085, CheckSpeItemWorkEvent 1 Item_id =78
46369, CheckSpeItemWorkEvent 1 Item_id =174
46629, CheckSpeItemWorkEvent 1 Item_id =120
47693, CheckSpeItemWorkEvent 1 Item_id =31
47713, CheckSpeItemWorkEvent 1 Item_id =31
47733, CheckSpeItemWorkEvent 1 Item_id =31
47753, CheckSpeItemWorkEvent 1 Item_id =31
48489, CheckSpeItemWorkEvent 1 Item_id =31
48513, CheckSpeItemWorkEvent 1 Item_id =31
48973, CheckSpeItemWorkEvent 1 Item_id =387
49529, CheckSpeItemWorkEvent 1 Item_id =87
49769, CheckSpeItemWorkEvent 1 Item_id =2138
49801, CheckSpeItemWorkEvent 1 Item_id =31
49817, CheckSpeItemWorkEvent 1 Item_id =31
49837, CheckSpeItemWorkEvent 1 Item_id =31
49853, CheckSpeItemWorkEvent 1 Item_id =31
50093, CheckSpeItemWorkEvent 1 Item_id =31
50117, CheckSpeItemWorkEvent 1 Item_id =31
50141, CheckSpeItemWorkEvent 1 Item_id =31
50165, CheckSpeItemWorkEvent 1 Item_id =31
50757, CheckSpeItemWorkEvent 1 Item_id =31
50777, CheckSpeItemWorkEvent 1 Item_id =31
51077, CheckSpeItemWorkEvent 1 Item_id =31
51097, CheckSpeItemWorkEvent 1 Item_id =31
51113, CheckSpeItemWorkEvent 1 Item_id =31
51129, CheckSpeItemWorkEvent 1 Item_id =31
51169, CheckSpeItemWorkEvent 1 Item_id =31
51301, CheckSpeItemWorkEvent 1 Item_id =361
52725, CheckSpeItemWorkEvent 1 Item_id =13
52773, CheckSpeItemWorkEvent 1 Item_id =41
53029, CheckSpeItemWorkEvent 1 Item_id =166
53209, CheckSpeItemWorkEvent 1 Item_id =41
53241, CheckSpeItemWorkEvent 1 Item_id =42
53425, CheckSpeItemWorkEvent 1 Item_id =393
53477, CheckSpeItemWorkEvent 1 Item_id =376
53497, CheckSpeItemWorkEvent 1 Item_id =376
53513, CheckSpeItemWorkEvent 1 Item_id =376
53529, CheckSpeItemWorkEvent 1 Item_id =393
53669, CheckSpeItemWorkEvent 1 Item_id =380
53693, CheckSpeItemWorkEvent 1 Item_id =376
53713, CheckSpeItemWorkEvent 1 Item_id =667
53717, CheckSpeItemWorkEvent 1 Item_id =31
53725, CheckSpeItemWorkEvent 1 Item_id =31
53737, CheckSpeItemWorkEvent 1 Item_id =31
53769, CheckSpeItemWorkEvent 1 Item_id =24
53789, CheckSpeItemWorkEvent 1 Item_id =31
53797, CheckSpeItemWorkEvent 1 Item_id =2138
53829, CheckSpeItemWorkEvent 1 Item_id =31
53881, CheckSpeItemWorkEvent 1 Item_id =18
53905, CheckSpeItemWorkEvent 1 Item_id =204
54041, CheckSpeItemWorkEvent 1 Item_id =361
54097, CheckSpeItemWorkEvent 1 Item_id =41
54221, CheckSpeItemWorkEvent 1 Item_id =120
54261, CheckSpeItemWorkEvent 1 Item_id =205
54301, CheckSpeItemWorkEvent 1 Item_id =667
54377, CheckSpeItemWorkEvent 1 Item_id =610
54433, CheckSpeItemWorkEvent 1 Item_id =25
54469, CheckSpeItemWorkEvent 1 Item_id =31
54493, CheckSpeItemWorkEvent 1 Item_id =31
54933, CheckSpeItemWorkEvent 1 Item_id =78
55505, CheckSpeItemWorkEvent 1 Item_id =41
55573, CheckSpeItemWorkEvent 1 Item_id =429
55689, CheckSpeItemWorkEvent 1 Item_id =43
55777, CheckSpeItemWorkEvent 1 Item_id =31
55797, CheckSpeItemWorkEvent 1 Item_id =31
55873, CheckSpeItemWorkEvent 1 Item_id =387
56097, CheckSpeItemWorkEvent 1 Item_id =31
56121, CheckSpeItemWorkEvent 1 Item_id =31
56141, CheckSpeItemWorkEvent 1 Item_id =31
56161, CheckSpeItemWorkEvent 1 Item_id =31
56681, CheckSpeItemWorkEvent 1 Item_id =570
56957, CheckSpeItemWorkEvent 1 Item_id =31
60569, CheckSpeItemWorkEvent 1 Item_id =177
60697, CheckSpeItemWorkEvent 1 Item_id =803
60953, CheckSpeItemWorkEvent 1 Item_id =599
61065, CheckSpeItemWorkEvent 1 Item_id =393
61069, CheckSpeItemWorkEvent 1 Item_id =600
61145, CheckSpeItemWorkEvent 1 Item_id =88
61265, CheckSpeItemWorkEvent 1 Item_id =54
61541, CheckSpeItemWorkEvent 1 Item_id =31
61557, CheckSpeItemWorkEvent 1 Item_id =31
61577, CheckSpeItemWorkEvent 1 Item_id =31
61593, CheckSpeItemWorkEvent 1 Item_id =31
61625, CheckSpeItemWorkEvent 1 Item_id =31
61737, CheckSpeItemWorkEvent 1 Item_id =310
61753, CheckSpeItemWorkEvent 1 Item_id =41
61845, CheckSpeItemWorkEvent 1 Item_id =311
62513, CheckSpeItemWorkEvent 1 Item_id =78
63005, CheckSpeItemWorkEvent 1 Item_id =31
63045, CheckSpeItemWorkEvent 1 Item_id =31
63273, CheckSpeItemWorkEvent 1 Item_id =393
63413, CheckSpeItemWorkEvent 1 Item_id =31
63437, CheckSpeItemWorkEvent 1 Item_id =31
63453, CheckSpeItemWorkEvent 1 Item_id =31
63513, CheckSpeItemWorkEvent 1 Item_id =387
63705, CheckSpeItemWorkEvent 1 Item_id =391
63749, CheckSpeItemWorkEvent 1 Item_id =41
63777, CheckSpeItemWorkEvent 1 Item_id =13
63921, CheckSpeItemWorkEvent 1 Item_id =41
64009, CheckSpeItemWorkEvent 1 Item_id =120
64609, CheckSpeItemWorkEvent 1 Item_id =13
64669, CheckSpeItemWorkEvent 1 Item_id =41
64757, CheckSpeItemWorkEvent 1 Item_id =31
64777, CheckSpeItemWorkEvent 1 Item_id =31
64801, CheckSpeItemWorkEvent 1 Item_id =31
64909, CheckSpeItemWorkEvent 1 Item_id =31
64929, CheckSpeItemWorkEvent 1 Item_id =31
64949, CheckSpeItemWorkEvent 1 Item_id =31
65277, CheckSpeItemWorkEvent 1 Item_id =177
65333, CheckSpeItemWorkEvent 1 Item_id =31
65333, CheckSpeItemWorkEvent 1 Item_id =667
65353, CheckSpeItemWorkEvent 1 Item_id =31
65385, CheckSpeItemWorkEvent 1 Item_id =31
65489, CheckSpeItemWorkEvent 1 Item_id =43
66213, CheckSpeItemWorkEvent 1 Item_id =608
66237, CheckSpeItemWorkEvent 1 Item_id =20
66357, CheckSpeItemWorkEvent 1 Item_id =803
66481, CheckSpeItemWorkEvent 1 Item_id =31
66501, CheckSpeItemWorkEvent 1 Item_id =31
66529, CheckSpeItemWorkEvent 1 Item_id =31
66637, CheckSpeItemWorkEvent 1 Item_id =20
66657, CheckSpeItemWorkEvent 1 Item_id =49
67053, CheckSpeItemWorkEvent 1 Item_id =31
67077, CheckSpeItemWorkEvent 1 Item_id =31
67101, CheckSpeItemWorkEvent 1 Item_id =31
67273, CheckSpeItemWorkEvent 1 Item_id =31
68217, CheckSpeItemWorkEvent 1 Item_id =174
68381, CheckSpeItemWorkEvent 1 Item_id =2137
68757, CheckSpeItemWorkEvent 1 Item_id =387
69237, CheckSpeItemWorkEvent 1 Item_id =2137
69345, CheckSpeItemWorkEvent 1 Item_id =361
69709, CheckSpeItemWorkEvent 1 Item_id =803
69897, CheckSpeItemWorkEvent 1 Item_id =391
69925, CheckSpeItemWorkEvent 1 Item_id =358
70361, CheckSpeItemWorkEvent 1 Item_id =309
70477, CheckSpeItemWorkEvent 1 Item_id =310
70505, CheckSpeItemWorkEvent 1 Item_id =192
70593, CheckSpeItemWorkEvent 1 Item_id =311
70697, CheckSpeItemWorkEvent 1 Item_id =312
71113, CheckSpeItemWorkEvent 1 Item_id =166
71509, CheckSpeItemWorkEvent 1 Item_id =31
71529, CheckSpeItemWorkEvent 1 Item_id =31
71801, CheckSpeItemWorkEvent 1 Item_id =393
72337, CheckSpeItemWorkEvent 1 Item_id =13
72581, CheckSpeItemWorkEvent 1 Item_id =2173
72585, CheckSpeItemWorkEvent 1 Item_id =78
72685, CheckSpeItemWorkEvent 1 Item_id =78
72785, CheckSpeItemWorkEvent 1 Item_id =31
72801, CheckSpeItemWorkEvent 1 Item_id =31
72805, CheckSpeItemWorkEvent 1 Item_id =31
72825, CheckSpeItemWorkEvent 1 Item_id =31
72845, CheckSpeItemWorkEvent 1 Item_id =31
72861, CheckSpeItemWorkEvent 1 Item_id =31
72889, CheckSpeItemWorkEvent 1 Item_id =166
72893, CheckSpeItemWorkEvent 1 Item_id =31
72921, CheckSpeItemWorkEvent 1 Item_id =76
72921, CheckSpeItemWorkEvent 1 Item_id =31
73069, CheckSpeItemWorkEvent 1 Item_id =31
73093, CheckSpeItemWorkEvent 1 Item_id =31
73109, CheckSpeItemWorkEvent 1 Item_id =31
73269, CheckSpeItemWorkEvent 1 Item_id =31
73285, CheckSpeItemWorkEvent 1 Item_id =31
73297, CheckSpeItemWorkEvent 1 Item_id =31
73305, CheckSpeItemWorkEvent 1 Item_id =31
73325, CheckSpeItemWorkEvent 1 Item_id =31
73721, CheckSpeItemWorkEvent 1 Item_id =76
74109, CheckSpeItemWorkEvent 1 Item_id =309
74253, CheckSpeItemWorkEvent 1 Item_id =310
74285, CheckSpeItemWorkEvent 1 Item_id =174
74397, CheckSpeItemWorkEvent 1 Item_id =393
74433, CheckSpeItemWorkEvent 1 Item_id =329
74433, CheckSpeItemWorkEvent 1 Item_id =311
75317, CheckSpeItemWorkEvent 1 Item_id =76
75393, CheckSpeItemWorkEvent 1 Item_id =174
75473, CheckSpeItemWorkEvent 1 Item_id =361
75517, CheckSpeItemWorkEvent 1 Item_id =393
75517, CheckSpeItemWorkEvent 1 Item_id =816
75793, CheckSpeItemWorkEvent 1 Item_id =431
75965, CheckSpeItemWorkEvent 1 Item_id =189
76697, CheckSpeItemWorkEvent 1 Item_id =15
76797, CheckSpeItemWorkEvent 1 Item_id =803
76901, CheckSpeItemWorkEvent 1 Item_id =31
76937, CheckSpeItemWorkEvent 1 Item_id =31
76945, CheckSpeItemWorkEvent 1 Item_id =31
76957, CheckSpeItemWorkEvent 1 Item_id =31
76965, CheckSpeItemWorkEvent 1 Item_id =31
76981, CheckSpeItemWorkEvent 1 Item_id =31
76981, CheckSpeItemWorkEvent 1 Item_id =31
77001, CheckSpeItemWorkEvent 1 Item_id =31
77033, CheckSpeItemWorkEvent 1 Item_id =31
77057, CheckSpeItemWorkEvent 1 Item_id =31
77081, CheckSpeItemWorkEvent 1 Item_id =31
77101, CheckSpeItemWorkEvent 1 Item_id =31
77133, CheckSpeItemWorkEvent 1 Item_id =189
77257, CheckSpeItemWorkEvent 1 Item_id =202
77373, CheckSpeItemWorkEvent 1 Item_id =78
77681, CheckSpeItemWorkEvent 1 Item_id =393
77693, CheckSpeItemWorkEvent 1 Item_id =75
78149, CheckSpeItemWorkEvent 1 Item_id =76
78233, CheckSpeItemWorkEvent 1 Item_id =174
78329, CheckSpeItemWorkEvent 1 Item_id =203
78437, CheckSpeItemWorkEvent 1 Item_id =31
78453, CheckSpeItemWorkEvent 1 Item_id =31
78457, CheckSpeItemWorkEvent 1 Item_id =166
78485, CheckSpeItemWorkEvent 1 Item_id =31
78505, CheckSpeItemWorkEvent 1 Item_id =31
78533, CheckSpeItemWorkEvent 1 Item_id =80
78569, CheckSpeItemWorkEvent 1 Item_id =103
78589, CheckSpeItemWorkEvent 1 Item_id =103
78637, CheckSpeItemWorkEvent 1 Item_id =582
78841, CheckSpeItemWorkEvent 1 Item_id =20
79545, CheckSpeItemWorkEvent 1 Item_id =31
79565, CheckSpeItemWorkEvent 1 Item_id =31
79785, CheckSpeItemWorkEvent 1 Item_id =645
80421, CheckSpeItemWorkEvent 1 Item_id =2137
80501, CheckSpeItemWorkEvent 1 Item_id =429
80629, CheckSpeItemWorkEvent 1 Item_id =31
80693, CheckSpeItemWorkEvent 1 Item_id =364
80765, CheckSpeItemWorkEvent 1 Item_id =31
80793, CheckSpeItemWorkEvent 1 Item_id =31
80869, CheckSpeItemWorkEvent 1 Item_id =610
81021, CheckSpeItemWorkEvent 1 Item_id =827
81085, CheckSpeItemWorkEvent 1 Item_id =31
81105, CheckSpeItemWorkEvent 1 Item_id =31
81689, CheckSpeItemWorkEvent 1 Item_id =816
83581, CheckSpeItemWorkEvent 1 Item_id =43
83645, CheckSpeItemWorkEvent 1 Item_id =610
84393, CheckSpeItemWorkEvent 1 Item_id =309
84485, CheckSpeItemWorkEvent 1 Item_id =310
84589, CheckSpeItemWorkEvent 1 Item_id =318
84601, CheckSpeItemWorkEvent 1 Item_id =311
84689, CheckSpeItemWorkEvent 1 Item_id =312
84781, CheckSpeItemWorkEvent 1 Item_id =312
84889, CheckSpeItemWorkEvent 1 Item_id =50
85081, CheckSpeItemWorkEvent 1 Item_id =340
85305, CheckSpeItemWorkEvent 1 Item_id =166
85341, CheckSpeItemWorkEvent 1 Item_id =202
85573, CheckSpeItemWorkEvent 1 Item_id =126
85889, CheckSpeItemWorkEvent 1 Item_id =478
85917, CheckSpeItemWorkEvent 1 Item_id =324
85989, CheckSpeItemWorkEvent 1 Item_id =31
86025, CheckSpeItemWorkEvent 1 Item_id =31
86049, CheckSpeItemWorkEvent 1 Item_id =318
86049, CheckSpeItemWorkEvent 1 Item_id =31
86073, CheckSpeItemWorkEvent 1 Item_id =31
86089, CheckSpeItemWorkEvent 1 Item_id =31
86097, CheckSpeItemWorkEvent 1 Item_id =20
86125, CheckSpeItemWorkEvent 1 Item_id =117
86205, CheckSpeItemWorkEvent 1 Item_id =31
86225, CheckSpeItemWorkEvent 1 Item_id =31
86245, CheckSpeItemWorkEvent 1 Item_id =31
86277, CheckSpeItemWorkEvent 1 Item_id =20
86301, CheckSpeItemWorkEvent 1 Item_id =49
86457, CheckSpeItemWorkEvent 1 Item_id =31
86477, CheckSpeItemWorkEvent 1 Item_id =31
86497, CheckSpeItemWorkEvent 1 Item_id =31
86537, CheckSpeItemWorkEvent 1 Item_id =31
87205, CheckSpeItemWorkEvent 1 Item_id =611
87533, CheckSpeItemWorkEvent 1 Item_id =50
88065, CheckSpeItemWorkEvent 1 Item_id =126
88081, CheckSpeItemWorkEvent 1 Item_id =818
88393, CheckSpeItemWorkEvent 1 Item_id =358
88561, CheckSpeItemWorkEvent 1 Item_id =41
88649, CheckSpeItemWorkEvent 1 Item_id =47
89637, CheckSpeItemWorkEvent 1 Item_id =202
89673, CheckSpeItemWorkEvent 1 Item_id =818
89869, CheckSpeItemWorkEvent 1 Item_id =31
89881, CheckSpeItemWorkEvent 1 Item_id =31
89889, CheckSpeItemWorkEvent 1 Item_id =31
89909, CheckSpeItemWorkEvent 1 Item_id =31
91769, CheckSpeItemWorkEvent 1 Item_id =45
91993, CheckSpeItemWorkEvent 1 Item_id =318
92561, CheckSpeItemWorkEvent 1 Item_id =324
92653, CheckSpeItemWorkEvent 1 Item_id =309
92801, CheckSpeItemWorkEvent 1 Item_id =310
92893, CheckSpeItemWorkEvent 1 Item_id =90
92945, CheckSpeItemWorkEvent 1 Item_id =311
93101, CheckSpeItemWorkEvent 1 Item_id =31
93413, CheckSpeItemWorkEvent 1 Item_id =191
93433, CheckSpeItemWorkEvent 1 Item_id =174
93449, CheckSpeItemWorkEvent 1 Item_id =363
93657, CheckSpeItemWorkEvent 1 Item_id =358
93697, CheckSpeItemWorkEvent 1 Item_id =50
93901, CheckSpeItemWorkEvent 1 Item_id =191
94349, CheckSpeItemWorkEvent 1 Item_id =318
94473, CheckSpeItemWorkEvent 1 Item_id =570
94557, CheckSpeItemWorkEvent 1 Item_id =166
94653, CheckSpeItemWorkEvent 1 Item_id =73
94661, CheckSpeItemWorkEvent 1 Item_id =22
94741, CheckSpeItemWorkEvent 1 Item_id =611
94749, CheckSpeItemWorkEvent 1 Item_id =363
94809, CheckSpeItemWorkEvent 1 Item_id =582
95373, CheckSpeItemWorkEvent 1 Item_id =75
95521, CheckSpeItemWorkEvent 1 Item_id =31
95533, CheckSpeItemWorkEvent 1 Item_id =393
95617, CheckSpeItemWorkEvent 1 Item_id =571
95773, CheckSpeItemWorkEvent 1 Item_id =478
95805, CheckSpeItemWorkEvent 1 Item_id =31
95825, CheckSpeItemWorkEvent 1 Item_id =431
95829, CheckSpeItemWorkEvent 1 Item_id =31
95865, CheckSpeItemWorkEvent 1 Item_id =31
95953, CheckSpeItemWorkEvent 1 Item_id =478
96517, CheckSpeItemWorkEvent 1 Item_id =17
98129, CheckSpeItemWorkEvent 1 Item_id =14
98237, CheckSpeItemWorkEvent 1 Item_id =363
98261, CheckSpeItemWorkEvent 1 Item_id =309
98949, CheckSpeItemWorkEvent 1 Item_id =320
99349, CheckSpeItemWorkEvent 1 Item_id =358
99521, CheckSpeItemWorkEvent 1 Item_id =88
99565, CheckSpeItemWorkEvent 1 Item_id =94
99617, CheckSpeItemWorkEvent 1 Item_id =166
99793, CheckSpeItemWorkEvent 1 Item_id =803
99957, 开始CheckJoinShopSpe  game_time =1699 , past_time=39 , G_Tab.CONTROL_PLAYER_joined[playerid][queue].Enter_time=1660
100001, 开始CheckJoinShopSpe  game_time =1700 , past_time=40 , G_Tab.CONTROL_PLAYER_joined[playerid][queue].Enter_time=1660
100269, CheckSpeItemWorkEvent 1 Item_id =2184
100741, CheckSpeItemWorkEvent 1 Item_id =324
101325, CheckSpeItemWorkEvent 1 Item_id =393
101729, CheckSpeItemWorkEvent 1 Item_id =583
102205, 开始CheckJoinShopSpe  game_time =1737 , past_time=77 , G_Tab.CONTROL_PLAYER_joined[playerid][queue].Enter_time=1660
102329, 开始CheckJoinShopSpe  game_time =1739 , past_time=79 , G_Tab.CONTROL_PLAYER_joined[playerid][queue].Enter_time=1660
102409, CheckSpeItemWorkEvent 1 Item_id =324
102597, CheckSpeItemWorkEvent 1 Item_id =318
102681, CheckSpeItemWorkEvent 1 Item_id =174
102725, CheckSpeItemWorkEvent 1 Item_id =80
103069, CheckSpeItemWorkEvent 1 Item_id =318
103145, CheckSpeItemWorkEvent 1 Item_id =2183
103301, CheckSpeItemWorkEvent 1 Item_id =610
103525, CheckSpeItemWorkEvent 1 Item_id =363
103673, CheckSpeItemWorkEvent 1 Item_id =391
103793, CheckSpeItemWorkEvent 1 Item_id =31
103813, CheckSpeItemWorkEvent 1 Item_id =31
103833, CheckSpeItemWorkEvent 1 Item_id =31
104101, CheckSpeItemWorkEvent 1 Item_id =126
104125, CheckSpeItemWorkEvent 1 Item_id =80
104717, CheckSpeItemWorkEvent 1 Item_id =478
104717, CheckSpeItemWorkEvent 1 Item_id =361
105205, CheckSpeItemWorkEvent 1 Item_id =31
105237, CheckSpeItemWorkEvent 1 Item_id =31
105257, CheckSpeItemWorkEvent 1 Item_id =31
105289, CheckSpeItemWorkEvent 1 Item_id =31
105321, CheckSpeItemWorkEvent 1 Item_id =31
105845, CheckSpeItemWorkEvent 1 Item_id =44
106461, CheckSpeItemWorkEvent 1 Item_id =17
106585, CheckSpeItemWorkEvent 1 Item_id =358
106725, CheckSpeItemWorkEvent 1 Item_id =309
106877, CheckSpeItemWorkEvent 1 Item_id =571
106921, CheckSpeItemWorkEvent 1 Item_id =31
106941, CheckSpeItemWorkEvent 1 Item_id =318
106941, CheckSpeItemWorkEvent 1 Item_id =31
106961, CheckSpeItemWorkEvent 1 Item_id =31
107161, CheckSpeItemWorkEvent 1 Item_id =655
107441, CheckSpeItemWorkEvent 1 Item_id =611
107937, CheckSpeItemWorkEvent 1 Item_id =10
107953, CheckSpeItemWorkEvent 1 Item_id =38
108129, CheckSpeItemWorkEvent 1 Item_id =41
108273, CheckSpeItemWorkEvent 1 Item_id =820
108457, CheckSpeItemWorkEvent 1 Item_id =667
108489, CheckSpeItemWorkEvent 1 Item_id =323
109897, CheckSpeItemWorkEvent 1 Item_id =610
109945, CheckSpeItemWorkEvent 1 Item_id =478
110293, CheckSpeItemWorkEvent 1 Item_id =89
110401, CheckSpeItemWorkEvent 1 Item_id =11
110465, CheckSpeItemWorkEvent 1 Item_id =90
110501, CheckSpeItemWorkEvent 1 Item_id =611
110677, CheckSpeItemWorkEvent 1 Item_id =31
110921, CheckSpeItemWorkEvent 1 Item_id =84
111209, CheckSpeItemWorkEvent 1 Item_id =571
111417, CheckSpeItemWorkEvent 1 Item_id =318
111561, CheckSpeItemWorkEvent 1 Item_id =36
111809, CheckSpeItemWorkEvent 1 Item_id =571
112001, CheckSpeItemWorkEvent 1 Item_id =31
112149, CheckSpeItemWorkEvent 1 Item_id =323
112305, CheckSpeItemWorkEvent 1 Item_id =117
112381, CheckSpeItemWorkEvent 1 Item_id =364
112429, CheckSpeItemWorkEvent 1 Item_id =45
112521, CheckSpeItemWorkEvent 1 Item_id =47
112625, CheckSpeItemWorkEvent 1 Item_id =827
112629, CheckSpeItemWorkEvent 1 Item_id =31
112649, CheckSpeItemWorkEvent 1 Item_id =31
112669, CheckSpeItemWorkEvent 1 Item_id =31
112689, CheckSpeItemWorkEvent 1 Item_id =31
112777, CheckSpeItemWorkEvent 1 Item_id =827
112881, CheckSpeItemWorkEvent 1 Item_id =43
113457, CheckSpeItemWorkEvent 1 Item_id =2172
113589, CheckSpeItemWorkEvent 1 Item_id =637
114137, CheckSpeItemWorkEvent 1 Item_id =478
114329, CheckSpeItemWorkEvent 1 Item_id =2182
114341, CheckSpeItemWorkEvent 1 Item_id =31
114373, CheckSpeItemWorkEvent 1 Item_id =31
114389, CheckSpeItemWorkEvent 1 Item_id =31
114421, CheckSpeItemWorkEvent 1 Item_id =31
114457, CheckSpeItemWorkEvent 1 Item_id =31
115821, CheckSpeItemWorkEvent 1 Item_id =324
116213, CheckSpeItemWorkEvent 1 Item_id =571
116417, CheckSpeItemWorkEvent 1 Item_id =667
116417, CheckSpeItemWorkEvent 1 Item_id =11
116929, CheckSpeItemWorkEvent 1 Item_id =31
117205, CheckSpeItemWorkEvent 1 Item_id =31
117225, CheckSpeItemWorkEvent 1 Item_id =31
117249, CheckSpeItemWorkEvent 1 Item_id =31
117269, CheckSpeItemWorkEvent 1 Item_id =31
117301, CheckSpeItemWorkEvent 1 Item_id =358
117781, CheckSpeItemWorkEvent 1 Item_id =361
117857, CheckSpeItemWorkEvent 1 Item_id =803
117909, CheckSpeItemWorkEvent 1 Item_id =582
119793, CheckSpeItemWorkEvent 1 Item_id =501
120185, CheckSpeItemWorkEvent 1 Item_id =318
120737, CheckSpeItemWorkEvent 1 Item_id =2165
120753, CheckSpeItemWorkEvent 1 Item_id =93
121293, CheckSpeItemWorkEvent 1 Item_id =41
121465, CheckSpeItemWorkEvent 1 Item_id =22
121721, CheckSpeItemWorkEvent 1 Item_id =2144
121933, CheckSpeItemWorkEvent 1 Item_id =582
121981, CheckSpeItemWorkEvent 1 Item_id =318
122109, CheckSpeItemWorkEvent 1 Item_id =80
122253, CheckSpeItemWorkEvent 1 Item_id =89
122629, CheckSpeItemWorkEvent 1 Item_id =108
122749, CheckSpeItemWorkEvent 1 Item_id =39
122765, CheckSpeItemWorkEvent 1 Item_id =34
122793, CheckSpeItemWorkEvent 1 Item_id =100
122809, CheckSpeItemWorkEvent 1 Item_id =124
122957, CheckSpeItemWorkEvent 1 Item_id =42
123077, CheckSpeItemWorkEvent 1 Item_id =827
123157, CheckSpeItemWorkEvent 1 Item_id =407
123185, CheckSpeItemWorkEvent 1 Item_id =417
123233, CheckSpeItemWorkEvent 1 Item_id =31
123341, CheckSpeItemWorkEvent 1 Item_id =45
123393, CheckSpeItemWorkEvent 1 Item_id =651
123405, CheckSpeItemWorkEvent 1 Item_id =2182
123421, CheckSpeItemWorkEvent 1 Item_id =501
123453, CheckSpeItemWorkEvent 1 Item_id =638
123597, CheckSpeItemWorkEvent 1 Item_id =75
123637, CheckSpeItemWorkEvent 1 Item_id =102
123753, CheckSpeItemWorkEvent 1 Item_id =31
123761, CheckSpeItemWorkEvent 1 Item_id =31
123765, CheckSpeItemWorkEvent 1 Item_id =31
123777, CheckSpeItemWorkEvent 1 Item_id =31
123781, CheckSpeItemWorkEvent 1 Item_id =31
123789, CheckSpeItemWorkEvent 1 Item_id =31
123801, CheckSpeItemWorkEvent 1 Item_id =31
123821, CheckSpeItemWorkEvent 1 Item_id =31
124513, CheckSpeItemWorkEvent 1 Item_id =323
124845, CheckSpeItemWorkEvent 1 Item_id =318
125149, CheckSpeItemWorkEvent 1 Item_id =31
125169, CheckSpeItemWorkEvent 1 Item_id =31
125773, CheckSpeItemWorkEvent 1 Item_id =31
125797, CheckSpeItemWorkEvent 1 Item_id =31
125817, CheckSpeItemWorkEvent 1 Item_id =31
125841, CheckSpeItemWorkEvent 1 Item_id =31
125857, CheckSpeItemWorkEvent 1 Item_id =2168
125861, CheckSpeItemWorkEvent 1 Item_id =31
125969, CheckSpeItemWorkEvent 1 Item_id =31
126001, CheckSpeItemWorkEvent 1 Item_id =31
126021, CheckSpeItemWorkEvent 1 Item_id =31
126041, CheckSpeItemWorkEvent 1 Item_id =90
126045, CheckSpeItemWorkEvent 1 Item_id =31
126861, CheckSpeItemWorkEvent 1 Item_id =582
127085, CheckSpeItemWorkEvent 1 Item_id =117
127353, CheckSpeItemWorkEvent 1 Item_id =20
127493, CheckSpeItemWorkEvent 1 Item_id =78
127581, CheckSpeItemWorkEvent 1 Item_id =31
127601, CheckSpeItemWorkEvent 1 Item_id =31
127621, CheckSpeItemWorkEvent 1 Item_id =31
128801, CheckSpeItemWorkEvent 1 Item_id =2165
129117, CheckSpeItemWorkEvent 1 Item_id =637
129229, CheckSpeItemWorkEvent 1 Item_id =31
129249, CheckSpeItemWorkEvent 1 Item_id =31
129273, CheckSpeItemWorkEvent 1 Item_id =31
129341, CheckSpeItemWorkEvent 1 Item_id =31
129397, CheckSpeItemWorkEvent 1 Item_id =31
129417, CheckSpeItemWorkEvent 1 Item_id =31
129437, CheckSpeItemWorkEvent 1 Item_id =31
129557, CheckSpeItemWorkEvent 1 Item_id =2183
129677, CheckSpeItemWorkEvent 1 Item_id =2183
130069, CheckSpeItemWorkEvent 1 Item_id =89
133393, CheckSpeItemWorkEvent 1 Item_id =90
133477, CheckSpeItemWorkEvent 1 Item_id =637
133529, CheckSpeItemWorkEvent 1 Item_id =622
133789, CheckSpeItemWorkEvent 1 Item_id =335
133837, CheckSpeItemWorkEvent 1 Item_id =820
133933, CheckSpeItemWorkEvent 1 Item_id =431
133981, CheckSpeItemWorkEvent 1 Item_id =14
134205, CheckSpeItemWorkEvent 1 Item_id =818
134233, CheckSpeItemWorkEvent 1 Item_id =76
134361, CheckSpeItemWorkEvent 1 Item_id =174
134713, CheckSpeItemWorkEvent 1 Item_id =90
134809, CheckSpeItemWorkEvent 1 Item_id =583
134965, CheckSpeItemWorkEvent 1 Item_id =31
134985, CheckSpeItemWorkEvent 1 Item_id =31
135009, CheckSpeItemWorkEvent 1 Item_id =31
135041, CheckSpeItemWorkEvent 1 Item_id =31
135321, CheckSpeItemWorkEvent 1 Item_id =827
136861, CheckSpeItemWorkEvent 1 Item_id =570
137193, CheckSpeItemWorkEvent 1 Item_id =571
137405, CheckSpeItemWorkEvent 1 Item_id =667
137529, CheckSpeItemWorkEvent 1 Item_id =637
137745, CheckSpeItemWorkEvent 1 Item_id =31
138645, CheckSpeItemWorkEvent 1 Item_id =637
138753, CheckSpeItemWorkEvent 1 Item_id =31
139125, CheckSpeItemWorkEvent 1 Item_id =126
140073, CheckSpeItemWorkEvent 1 Item_id =31
140089, CheckSpeItemWorkEvent 1 Item_id =31
140113, CheckSpeItemWorkEvent 1 Item_id =31
140145, CheckSpeItemWorkEvent 1 Item_id =31
140217, CheckSpeItemWorkEvent 1 Item_id =31
140237, CheckSpeItemWorkEvent 1 Item_id =31
140269, CheckSpeItemWorkEvent 1 Item_id =31
140289, CheckSpeItemWorkEvent 1 Item_id =31
140301, CheckSpeItemWorkEvent 1 Item_id =31
141165, CheckSpeItemWorkEvent 1 Item_id =31
141197, CheckSpeItemWorkEvent 1 Item_id =31
142669, CheckSpeItemWorkEvent 1 Item_id =31
142689, CheckSpeItemWorkEvent 1 Item_id =31
142725, CheckSpeItemWorkEvent 1 Item_id =31
143249, CheckSpeItemWorkEvent 1 Item_id =2142
143317, CheckSpeItemWorkEvent 1 Item_id =31
143337, CheckSpeItemWorkEvent 1 Item_id =31
143353, CheckSpeItemWorkEvent 1 Item_id =31
143925, CheckSpeItemWorkEvent 1 Item_id =2142
145417, CheckSpeItemWorkEvent 1 Item_id =72
145521, CheckSpeItemWorkEvent 1 Item_id =333
145529, CheckSpeItemWorkEvent 1 Item_id =820
147345, CheckSpeItemWorkEvent 1 Item_id =331
148153, CheckSpeItemWorkEvent 1 Item_id =637
148221, CheckSpeItemWorkEvent 1 Item_id =318
148597, CheckSpeItemWorkEvent 1 Item_id =31
148617, CheckSpeItemWorkEvent 1 Item_id =31
148637, CheckSpeItemWorkEvent 1 Item_id =31
148653, CheckSpeItemWorkEvent 1 Item_id =31
148673, CheckSpeItemWorkEvent 1 Item_id =31
148869, CheckSpeItemWorkEvent 1 Item_id =31
148889, CheckSpeItemWorkEvent 1 Item_id =31
148921, CheckSpeItemWorkEvent 1 Item_id =31
148941, CheckSpeItemWorkEvent 1 Item_id =31
149077, CheckSpeItemWorkEvent 1 Item_id =100
149205, CheckSpeItemWorkEvent 1 Item_id =31
149205, CheckSpeItemWorkEvent 1 Item_id =31
149225, CheckSpeItemWorkEvent 1 Item_id =31
149249, CheckSpeItemWorkEvent 1 Item_id =31
149269, CheckSpeItemWorkEvent 1 Item_id =31
149537, CheckSpeItemWorkEvent 1 Item_id =2142
150489, CheckSpeItemWorkEvent 1 Item_id =31
150509, CheckSpeItemWorkEvent 1 Item_id =31
150529, CheckSpeItemWorkEvent 1 Item_id =31
150549, CheckSpeItemWorkEvent 1 Item_id =31
150569, CheckSpeItemWorkEvent 1 Item_id =31
152245, CheckSpeItemWorkEvent 1 Item_id =31
152277, CheckSpeItemWorkEvent 1 Item_id =31
152297, CheckSpeItemWorkEvent 1 Item_id =31
152313, CheckSpeItemWorkEvent 1 Item_id =31
153893, CheckSpeItemWorkEvent 1 Item_id =583
154149, CheckSpeItemWorkEvent 1 Item_id =31
154169, CheckSpeItemWorkEvent 1 Item_id =31
154189, CheckSpeItemWorkEvent 1 Item_id =31
154205, CheckSpeItemWorkEvent 1 Item_id =31
154241, CheckSpeItemWorkEvent 1 Item_id =31
154769, CheckSpeItemWorkEvent 1 Item_id =323
155841, CheckSpeItemWorkEvent 1 Item_id =31
155853, CheckSpeItemWorkEvent 1 Item_id =501
155861, CheckSpeItemWorkEvent 1 Item_id =31
155877, CheckSpeItemWorkEvent 1 Item_id =31
155901, CheckSpeItemWorkEvent 1 Item_id =31
155917, CheckSpeItemWorkEvent 1 Item_id =31
156577, CheckSpeItemWorkEvent 1 Item_id =583
156877, CheckSpeItemWorkEvent 1 Item_id =31
156897, CheckSpeItemWorkEvent 1 Item_id =31
156917, CheckSpeItemWorkEvent 1 Item_id =31
156937, CheckSpeItemWorkEvent 1 Item_id =31
156957, CheckSpeItemWorkEvent 1 Item_id =31
156997, CheckSpeItemWorkEvent 1 Item_id =820
157425, CheckSpeItemWorkEvent 1 Item_id =31
157441, CheckSpeItemWorkEvent 1 Item_id =31
157461, CheckSpeItemWorkEvent 1 Item_id =31
157481, CheckSpeItemWorkEvent 1 Item_id =31
157497, CheckSpeItemWorkEvent 1 Item_id =31
158245, CheckSpeItemWorkEvent 1 Item_id =31
158265, CheckSpeItemWorkEvent 1 Item_id =31
158285, CheckSpeItemWorkEvent 1 Item_id =31
158305, CheckSpeItemWorkEvent 1 Item_id =31
158325, CheckSpeItemWorkEvent 1 Item_id =31
158706, GetSpeItemAdd 没有获胜， control_id=1
158706, GetSpeItemAdd 没有获胜， control_id=2
158706, GetSpeItemAdd 没有获胜， control_id=3
158706, GetSpeItemAdd 不是开局玩家， control_id=4
158706, GetSpeItemAdd 没有获胜， control_id=5
158706, GetSpeItemAdd 没有获胜， control_id=6
158706, GetSpeItemAdd 没有获胜， control_id=7
158706, GetSpeItemAdd 没有获胜， control_id=8
158706, GetSpeItemAdd 没有获胜， control_id=9
158706, GetSpeItemAdd 没有获胜， control_id=10
158706, GetSpeItemAdd 不是开局玩家， control_id=12
