37141, [exp] 50347
37141, [oncepartlist]
37141, [schemeinfo]
37141,   [1]
37141,     [1]
37141,       [1] 0
37141,       [2] 0
37141,       [3] 0
37141,       [4] 0
37141,       [5] 0
37141,       [6] 0
37141,       [7] 0
37141,       [8] 0
37141,       [9] 0
37141,       [10] 0
37141,       [11] 0
37141,       [12] 0
37141,       [13] 0
37141,       [14] 0
37141,       [15] 0
37141,       [16] 0
37141,       [17] 0
37141,       [18] 0
37141,       [19] 0
37141,       [20] 0
37141,       [21] 0
37141,       [22] 0
37141,       [23] 0
37141,       [24] 0
37141,     [2]
37141,       [1] 0
37141,       [2] 0
37141,       [3] 0
37141,       [4] 0
37141,       [5] 0
37141,       [6] 0
37141,       [7] 0
37141,       [8] 0
37141,       [9] 0
37141,       [10] 0
37141,       [11] 0
37141,       [12] 0
37141,     [3]
37141,       [1] 0
37141,       [2] 0
37141,       [3] 0
37141,       [4] 0
37141,       [5] 0
37141,       [6] 0
37141,       [7] 0
37141,       [8] 0
37141,     [4]
37141,       [1] 0
37141,       [2] 0
37141,       [3] 0
37141,       [4] 0
37141,       [5] 0
37141,       [6] 0
37141,     [8]
37141,       [1] 73310105
37141,       [2] 73313944
37141,       [3] 54493689
37141,     [hylist]
37141,       [1] 73313944
37141,       [2] 73310105
37141,       [3] 54493689
37141,   [2]
37141,     [1]
37141,       [1] 0
37141,       [2] 0
37141,       [3] 0
37141,       [4] 0
37141,       [5] 0
37141,       [6] 0
37141,       [7] 0
37141,       [8] 0
37141,       [9] 0
37141,       [10] 0
37141,       [11] 0
37141,       [12] 0
37141,       [13] 0
37141,       [14] 0
37141,       [15] 0
37141,       [16] 0
37141,       [17] 0
37141,       [18] 0
37141,       [19] 0
37141,       [20] 0
37141,       [21] 0
37141,       [22] 0
37141,       [23] 0
37141,       [24] 0
37141,     [2]
37141,       [1] 0
37141,       [2] 0
37141,       [3] 0
37141,       [4] 0
37141,       [5] 0
37141,       [6] 0
37141,       [7] 0
37141,       [8] 0
37141,       [9] 0
37141,       [10] 0
37141,       [11] 0
37141,       [12] 0
37141,     [3]
37141,       [1] 0
37141,       [2] 0
37141,       [3] 0
37141,       [4] 0
37141,       [5] 0
37141,       [6] 0
37141,       [7] 0
37141,       [8] 0
37141,     [4]
37141,       [1] 0
37141,       [2] 0
37141,       [3] 0
37141,       [4] 0
37141,       [5] 0
37141,       [6] 0
37141,     [8]
37141,       [1] 73313938
37141,       [2] 67824739
37141,       [3] 69410534
37141,     [hylist]
37141,       [1] 67824739
37141,       [2] 69410534
37141,       [3] 73313938
37141,   [3]
37141,     [1]
37141,       [1] 0
37141,       [2] 0
37141,       [3] 0
37141,       [4] 0
37141,       [5] 0
37141,       [6] 0
37141,       [7] 0
37141,       [8] 0
37141,       [9] 0
37141,       [10] 0
37141,       [11] 0
37141,       [12] 0
37141,       [13] 0
37141,       [14] 0
37141,       [15] 0
37141,       [16] 0
37141,       [17] 0
37141,       [18] 0
37141,       [19] 0
37141,       [20] 0
37141,       [21] 0
37141,       [22] 0
37141,       [23] 0
37141,       [24] 0
37141,     [2]
37141,       [1] 0
37141,       [2] 0
37141,       [3] 0
37141,       [4] 0
37141,       [5] 0
37141,       [6] 0
37141,       [7] 0
37141,       [8] 0
37141,       [9] 0
37141,       [10] 0
37141,       [11] 0
37141,       [12] 0
37141,     [3]
37141,       [1] 0
37141,       [2] 0
37141,       [3] 0
37141,       [4] 0
37141,       [5] 0
37141,       [6] 0
37141,       [7] 0
37141,       [8] 0
37141,     [4]
37141,       [1] 0
37141,       [2] 0
37141,       [3] 0
37141,       [4] 0
37141,       [5] 0
37141,       [6] 0
37141,     [8]
37141,       [1] 0
37141,       [2] 0
37141,       [3] 0
37141,     [hylist]
37141,   [4]
37141,     [1]
37141,       [1] 0
37141,       [2] 0
37141,       [3] 0
37141,       [4] 0
37141,       [5] 0
37141,       [6] 0
37141,       [7] 0
37141,       [8] 0
37141,       [9] 0
37141,       [10] 0
37141,       [11] 0
37141,       [12] 0
37141,       [13] 0
37141,       [14] 0
37141,       [15] 0
37141,       [16] 0
37141,       [17] 0
37141,       [18] 0
37141,       [19] 0
37141,       [20] 0
37141,       [21] 0
37141,       [22] 0
37141,       [23] 0
37141,       [24] 0
37141,     [2]
37141,       [1] 0
37141,       [2] 0
37141,       [3] 0
37141,       [4] 0
37141,       [5] 0
37141,       [6] 0
37141,       [7] 0
37141,       [8] 0
37141,       [9] 0
37141,       [10] 0
37141,       [11] 0
37141,       [12] 0
37141,     [3]
37141,       [1] 0
37141,       [2] 0
37141,       [3] 0
37141,       [4] 0
37141,       [5] 0
37141,       [6] 0
37141,       [7] 0
37141,       [8] 0
37141,     [4]
37141,       [1] 0
37141,       [2] 0
37141,       [3] 0
37141,       [4] 0
37141,       [5] 0
37141,       [6] 0
37141,     [8]
37141,       [1] 0
37141,       [2] 0
37141,       [3] 0
37141,     [hylist]
37141,   [5]
37141,     [1]
37141,       [1] 0
37141,       [2] 0
37141,       [3] 0
37141,       [4] 0
37141,       [5] 0
37141,       [6] 0
37141,       [7] 0
37141,       [8] 0
37141,       [9] 0
37141,       [10] 0
37141,       [11] 0
37141,       [12] 0
37141,       [13] 0
37141,       [14] 0
37141,       [15] 0
37141,       [16] 0
37141,       [17] 0
37141,       [18] 0
37141,       [19] 0
37141,       [20] 0
37141,       [21] 0
37141,       [22] 0
37141,       [23] 0
37141,       [24] 0
37141,     [2]
37141,       [1] 0
37141,       [2] 0
37141,       [3] 0
37141,       [4] 0
37141,       [5] 0
37141,       [6] 0
37141,       [7] 0
37141,       [8] 0
37141,       [9] 0
37141,       [10] 0
37141,       [11] 0
37141,       [12] 0
37141,     [3]
37141,       [1] 0
37141,       [2] 0
37141,       [3] 0
37141,       [4] 0
37141,       [5] 0
37141,       [6] 0
37141,       [7] 0
37141,       [8] 0
37141,     [4]
37141,       [1] 0
37141,       [2] 0
37141,       [3] 0
37141,       [4] 0
37141,       [5] 0
37141,       [6] 0
37141,     [8]
37141,       [1] 0
37141,       [2] 0
37141,       [3] 0
37141,     [hylist]
37141,   [6]
37141,     [1]
37141,       [1] 0
37141,       [2] 0
37141,       [3] 0
37141,       [4] 0
37141,       [5] 0
37141,       [6] 0
37141,       [7] 0
37141,       [8] 0
37141,       [9] 0
37141,       [10] 0
37141,       [11] 0
37141,       [12] 0
37141,       [13] 0
37141,       [14] 0
37141,       [15] 0
37141,       [16] 0
37141,       [17] 0
37141,       [18] 0
37141,       [19] 0
37141,       [20] 0
37141,       [21] 0
37141,       [22] 0
37141,       [23] 0
37141,       [24] 0
37141,     [2]
37141,       [1] 0
37141,       [2] 0
37141,       [3] 0
37141,       [4] 0
37141,       [5] 0
37141,       [6] 0
37141,       [7] 0
37141,       [8] 0
37141,       [9] 0
37141,       [10] 0
37141,       [11] 0
37141,       [12] 0
37141,     [3]
37141,       [1] 0
37141,       [2] 0
37141,       [3] 0
37141,       [4] 0
37141,       [5] 0
37141,       [6] 0
37141,       [7] 0
37141,       [8] 0
37141,     [4]
37141,       [1] 0
37141,       [2] 0
37141,       [3] 0
37141,       [4] 0
37141,       [5] 0
37141,       [6] 0
37141,     [8]
37141,       [1] 0
37141,       [2] 0
37141,       [3] 0
37141,     [hylist]
37141,   [7]
37141,     [1]
37141,       [1] 0
37141,       [2] 0
37141,       [3] 0
37141,       [4] 0
37141,       [5] 0
37141,       [6] 0
37141,       [7] 0
37141,       [8] 0
37141,       [9] 0
37141,       [10] 0
37141,       [11] 0
37141,       [12] 0
37141,       [13] 0
37141,       [14] 0
37141,       [15] 0
37141,       [16] 0
37141,       [17] 0
37141,       [18] 0
37141,       [19] 0
37141,       [20] 0
37141,       [21] 0
37141,       [22] 0
37141,       [23] 0
37141,       [24] 0
37141,     [2]
37141,       [1] 0
37141,       [2] 0
37141,       [3] 0
37141,       [4] 0
37141,       [5] 0
37141,       [6] 0
37141,       [7] 0
37141,       [8] 0
37141,       [9] 0
37141,       [10] 0
37141,       [11] 0
37141,       [12] 0
37141,     [3]
37141,       [1] 0
37141,       [2] 0
37141,       [3] 0
37141,       [4] 0
37141,       [5] 0
37141,       [6] 0
37141,       [7] 0
37141,       [8] 0
37141,     [4]
37141,       [1] 0
37141,       [2] 0
37141,       [3] 0
37141,       [4] 0
37141,       [5] 0
37141,       [6] 0
37141,     [8]
37141,       [1] 0
37141,       [2] 0
37141,       [3] 0
37141,     [hylist]
37141,   [8]
37141,     [1]
37141,       [1] 0
37141,       [2] 0
37141,       [3] 0
37141,       [4] 0
37141,       [5] 0
37141,       [6] 0
37141,       [7] 0
37141,       [8] 0
37141,       [9] 0
37141,       [10] 0
37141,       [11] 0
37141,       [12] 0
37141,       [13] 0
37141,       [14] 0
37141,       [15] 0
37141,       [16] 0
37141,       [17] 0
37141,       [18] 0
37141,       [19] 0
37141,       [20] 0
37141,       [21] 0
37141,       [22] 0
37141,       [23] 0
37141,       [24] 0
37141,     [2]
37141,       [1] 0
37141,       [2] 0
37141,       [3] 0
37141,       [4] 0
37141,       [5] 0
37141,       [6] 0
37141,       [7] 0
37141,       [8] 0
37141,       [9] 0
37141,       [10] 0
37141,       [11] 0
37141,       [12] 0
37141,     [3]
37141,       [1] 0
37141,       [2] 0
37141,       [3] 0
37141,       [4] 0
37141,       [5] 0
37141,       [6] 0
37141,       [7] 0
37141,       [8] 0
37141,     [4]
37141,       [1] 0
37141,       [2] 0
37141,       [3] 0
37141,       [4] 0
37141,       [5] 0
37141,       [6] 0
37141,     [8]
37141,       [1] 0
37141,       [2] 0
37141,       [3] 0
37141,     [hylist]
37141,   [9]
37141,     [1]
37141,       [1] 0
37141,       [2] 0
37141,       [3] 0
37141,       [4] 0
37141,       [5] 0
37141,       [6] 0
37141,       [7] 0
37141,       [8] 0
37141,       [9] 0
37141,       [10] 0
37141,       [11] 0
37141,       [12] 0
37141,       [13] 0
37141,       [14] 0
37141,       [15] 0
37141,       [16] 0
37141,       [17] 0
37141,       [18] 0
37141,       [19] 0
37141,       [20] 0
37141,       [21] 0
37141,       [22] 0
37141,       [23] 0
37141,       [24] 0
37141,     [2]
37141,       [1] 0
37141,       [2] 0
37141,       [3] 0
37141,       [4] 0
37141,       [5] 0
37141,       [6] 0
37141,       [7] 0
37141,       [8] 0
37141,       [9] 0
37141,       [10] 0
37141,       [11] 0
37141,       [12] 0
37141,     [3]
37141,       [1] 0
37141,       [2] 0
37141,       [3] 0
37141,       [4] 0
37141,       [5] 0
37141,       [6] 0
37141,       [7] 0
37141,       [8] 0
37141,     [4]
37141,       [1] 0
37141,       [2] 0
37141,       [3] 0
37141,       [4] 0
37141,       [5] 0
37141,       [6] 0
37141,     [8]
37141,       [1] 0
37141,       [2] 0
37141,       [3] 0
37141,     [hylist]
37141,   [10]
37141,     [1]
37141,       [1] 0
37141,       [2] 0
37141,       [3] 0
37141,       [4] 0
37141,       [5] 0
37141,       [6] 0
37141,       [7] 0
37141,       [8] 0
37141,       [9] 0
37141,       [10] 0
37141,       [11] 0
37141,       [12] 0
37141,       [13] 0
37141,       [14] 0
37141,       [15] 0
37141,       [16] 0
37141,       [17] 0
37141,       [18] 0
37141,       [19] 0
37141,       [20] 0
37141,       [21] 0
37141,       [22] 0
37141,       [23] 0
37141,       [24] 0
37141,     [2]
37141,       [1] 0
37141,       [2] 0
37141,       [3] 0
37141,       [4] 0
37141,       [5] 0
37141,       [6] 0
37141,       [7] 0
37141,       [8] 0
37141,       [9] 0
37141,       [10] 0
37141,       [11] 0
37141,       [12] 0
37141,     [3]
37141,       [1] 0
37141,       [2] 0
37141,       [3] 0
37141,       [4] 0
37141,       [5] 0
37141,       [6] 0
37141,       [7] 0
37141,       [8] 0
37141,     [4]
37141,       [1] 0
37141,       [2] 0
37141,       [3] 0
37141,       [4] 0
37141,       [5] 0
37141,       [6] 0
37141,     [8]
37141,       [1] 0
37141,       [2] 0
37141,       [3] 0
37141,     [hylist]
37141,   [11]
37141,     [1]
37141,       [1] 0
37141,       [2] 0
37141,       [3] 0
37141,       [4] 0
37141,       [5] 0
37141,       [6] 0
37141,       [7] 0
37141,       [8] 0
37141,       [9] 0
37141,       [10] 0
37141,       [11] 0
37141,       [12] 0
37141,       [13] 0
37141,       [14] 0
37141,       [15] 0
37141,       [16] 0
37141,       [17] 0
37141,       [18] 0
37141,       [19] 0
37141,       [20] 0
37141,       [21] 0
37141,       [22] 0
37141,       [23] 0
37141,       [24] 0
37141,     [2]
37141,       [1] 0
37141,       [2] 0
37141,       [3] 0
37141,       [4] 0
37141,       [5] 0
37141,       [6] 0
37141,       [7] 0
37141,       [8] 0
37141,       [9] 0
37141,       [10] 0
37141,       [11] 0
37141,       [12] 0
37141,     [3]
37141,       [1] 0
37141,       [2] 0
37141,       [3] 0
37141,       [4] 0
37141,       [5] 0
37141,       [6] 0
37141,       [7] 0
37141,       [8] 0
37141,     [4]
37141,       [1] 0
37141,       [2] 0
37141,       [3] 0
37141,       [4] 0
37141,       [5] 0
37141,       [6] 0
37141,     [8]
37141,       [1] 0
37141,       [2] 0
37141,       [3] 0
37141,     [hylist]
37141,   [12]
37141,     [1]
37141,       [1] 0
37141,       [2] 0
37141,       [3] 0
37141,       [4] 0
37141,       [5] 0
37141,       [6] 0
37141,       [7] 0
37141,       [8] 0
37141,       [9] 0
37141,       [10] 0
37141,       [11] 0
37141,       [12] 0
37141,       [13] 0
37141,       [14] 0
37141,       [15] 0
37141,       [16] 0
37141,       [17] 0
37141,       [18] 0
37141,       [19] 0
37141,       [20] 0
37141,       [21] 0
37141,       [22] 0
37141,       [23] 0
37141,       [24] 0
37141,     [2]
37141,       [1] 0
37141,       [2] 0
37141,       [3] 0
37141,       [4] 0
37141,       [5] 0
37141,       [6] 0
37141,       [7] 0
37141,       [8] 0
37141,       [9] 0
37141,       [10] 0
37141,       [11] 0
37141,       [12] 0
37141,     [3]
37141,       [1] 0
37141,       [2] 0
37141,       [3] 0
37141,       [4] 0
37141,       [5] 0
37141,       [6] 0
37141,       [7] 0
37141,       [8] 0
37141,     [4]
37141,       [1] 0
37141,       [2] 0
37141,       [3] 0
37141,       [4] 0
37141,       [5] 0
37141,       [6] 0
37141,     [8]
37141,       [1] 0
37141,       [2] 0
37141,       [3] 0
37141,     [hylist]
37141,   [13]
37141,     [1]
37141,       [1] 0
37141,       [2] 0
37141,       [3] 0
37141,       [4] 0
37141,       [5] 0
37141,       [6] 0
37141,       [7] 0
37141,       [8] 0
37141,       [9] 0
37141,       [10] 0
37141,       [11] 0
37141,       [12] 0
37141,       [13] 0
37141,       [14] 0
37141,       [15] 0
37141,       [16] 0
37141,       [17] 0
37141,       [18] 0
37141,       [19] 0
37141,       [20] 0
37141,       [21] 0
37141,       [22] 0
37141,       [23] 0
37141,       [24] 0
37141,     [2]
37141,       [1] 0
37141,       [2] 0
37141,       [3] 0
37141,       [4] 0
37141,       [5] 0
37141,       [6] 0
37141,       [7] 0
37141,       [8] 0
37141,       [9] 0
37141,       [10] 0
37141,       [11] 0
37141,       [12] 0
37141,     [3]
37141,       [1] 0
37141,       [2] 0
37141,       [3] 0
37141,       [4] 0
37141,       [5] 0
37141,       [6] 0
37141,       [7] 0
37141,       [8] 0
37141,     [4]
37141,       [1] 0
37141,       [2] 0
37141,       [3] 0
37141,       [4] 0
37141,       [5] 0
37141,       [6] 0
37141,     [8]
37141,       [1] 0
37141,       [2] 0
37141,       [3] 0
37141,     [hylist]
37141,   [14]
37141,     [1]
37141,       [1] 0
37141,       [2] 0
37141,       [3] 0
37141,       [4] 0
37141,       [5] 0
37141,       [6] 0
37141,       [7] 0
37141,       [8] 0
37141,       [9] 0
37141,       [10] 0
37141,       [11] 0
37141,       [12] 0
37141,       [13] 0
37141,       [14] 0
37141,       [15] 0
37141,       [16] 0
37141,       [17] 0
37141,       [18] 0
37141,       [19] 0
37141,       [20] 0
37141,       [21] 0
37141,       [22] 0
37141,       [23] 0
37141,       [24] 0
37141,     [2]
37141,       [1] 0
37141,       [2] 0
37141,       [3] 0
37141,       [4] 0
37141,       [5] 0
37141,       [6] 0
37141,       [7] 0
37141,       [8] 0
37141,       [9] 0
37141,       [10] 0
37141,       [11] 0
37141,       [12] 0
37141,     [3]
37141,       [1] 0
37141,       [2] 0
37141,       [3] 0
37141,       [4] 0
37141,       [5] 0
37141,       [6] 0
37141,       [7] 0
37141,       [8] 0
37141,     [4]
37141,       [1] 0
37141,       [2] 0
37141,       [3] 0
37141,       [4] 0
37141,       [5] 0
37141,       [6] 0
37141,     [8]
37141,       [1] 0
37141,       [2] 0
37141,       [3] 0
37141,     [hylist]
37141,   [15]
37141,     [1]
37141,       [1] 0
37141,       [2] 0
37141,       [3] 0
37141,       [4] 0
37141,       [5] 0
37141,       [6] 0
37141,       [7] 0
37141,       [8] 0
37141,       [9] 0
37141,       [10] 0
37141,       [11] 0
37141,       [12] 0
37141,       [13] 0
37141,       [14] 0
37141,       [15] 0
37141,       [16] 0
37141,       [17] 0
37141,       [18] 0
37141,       [19] 0
37141,       [20] 0
37141,       [21] 0
37141,       [22] 0
37141,       [23] 0
37141,       [24] 0
37141,     [2]
37141,       [1] 0
37141,       [2] 0
37141,       [3] 0
37141,       [4] 0
37141,       [5] 0
37141,       [6] 0
37141,       [7] 0
37141,       [8] 0
37141,       [9] 0
37141,       [10] 0
37141,       [11] 0
37141,       [12] 0
37141,     [3]
37141,       [1] 0
37141,       [2] 0
37141,       [3] 0
37141,       [4] 0
37141,       [5] 0
37141,       [6] 0
37141,       [7] 0
37141,       [8] 0
37141,     [4]
37141,       [1] 0
37141,       [2] 0
37141,       [3] 0
37141,       [4] 0
37141,       [5] 0
37141,       [6] 0
37141,     [8]
37141,       [1] 0
37141,       [2] 0
37141,       [3] 0
37141,     [hylist]
37141,   [16]
37141,     [1]
37141,       [1] 0
37141,       [2] 0
37141,       [3] 0
37141,       [4] 0
37141,       [5] 0
37141,       [6] 0
37141,       [7] 0
37141,       [8] 0
37141,       [9] 0
37141,       [10] 0
37141,       [11] 0
37141,       [12] 0
37141,       [13] 0
37141,       [14] 0
37141,       [15] 0
37141,       [16] 0
37141,       [17] 0
37141,       [18] 0
37141,       [19] 0
37141,       [20] 0
37141,       [21] 0
37141,       [22] 0
37141,       [23] 0
37141,       [24] 0
37141,     [2]
37141,       [1] 0
37141,       [2] 0
37141,       [3] 0
37141,       [4] 0
37141,       [5] 0
37141,       [6] 0
37141,       [7] 0
37141,       [8] 0
37141,       [9] 0
37141,       [10] 0
37141,       [11] 0
37141,       [12] 0
37141,     [3]
37141,       [1] 0
37141,       [2] 0
37141,       [3] 0
37141,       [4] 0
37141,       [5] 0
37141,       [6] 0
37141,       [7] 0
37141,       [8] 0
37141,     [4]
37141,       [1] 0
37141,       [2] 0
37141,       [3] 0
37141,       [4] 0
37141,       [5] 0
37141,       [6] 0
37141,     [8]
37141,       [1] 0
37141,       [2] 0
37141,       [3] 0
37141,     [hylist]
37141,   [17]
37141,     [1]
37141,       [1] 0
37141,       [2] 0
37141,       [3] 0
37141,       [4] 0
37141,       [5] 0
37141,       [6] 0
37141,       [7] 0
37141,       [8] 0
37141,       [9] 0
37141,       [10] 0
37141,       [11] 0
37141,       [12] 0
37141,       [13] 0
37141,       [14] 0
37141,       [15] 0
37141,       [16] 0
37141,       [17] 0
37141,       [18] 0
37141,       [19] 0
37141,       [20] 0
37141,       [21] 0
37141,       [22] 0
37141,       [23] 0
37141,       [24] 0
37141,     [2]
37141,       [1] 0
37141,       [2] 0
37141,       [3] 0
37141,       [4] 0
37141,       [5] 0
37141,       [6] 0
37141,       [7] 0
37141,       [8] 0
37141,       [9] 0
37141,       [10] 0
37141,       [11] 0
37141,       [12] 0
37141,     [3]
37141,       [1] 0
37141,       [2] 0
37141,       [3] 0
37141,       [4] 0
37141,       [5] 0
37141,       [6] 0
37141,       [7] 0
37141,       [8] 0
37141,     [4]
37141,       [1] 0
37141,       [2] 0
37141,       [3] 0
37141,       [4] 0
37141,       [5] 0
37141,       [6] 0
37141,     [8]
37141,       [1] 0
37141,       [2] 0
37141,       [3] 0
37141,     [hylist]
37141,   [18]
37141,     [1]
37141,       [1] 0
37141,       [2] 0
37141,       [3] 0
37141,       [4] 0
37141,       [5] 0
37141,       [6] 0
37141,       [7] 0
37141,       [8] 0
37141,       [9] 0
37141,       [10] 0
37141,       [11] 0
37141,       [12] 0
37141,       [13] 0
37141,       [14] 0
37141,       [15] 0
37141,       [16] 0
37141,       [17] 0
37141,       [18] 0
37141,       [19] 0
37141,       [20] 0
37141,       [21] 0
37141,       [22] 0
37141,       [23] 0
37141,       [24] 0
37141,     [2]
37141,       [1] 0
37141,       [2] 0
37141,       [3] 0
37141,       [4] 0
37141,       [5] 0
37141,       [6] 0
37141,       [7] 0
37141,       [8] 0
37141,       [9] 0
37141,       [10] 0
37141,       [11] 0
37141,       [12] 0
37141,     [3]
37141,       [1] 0
37141,       [2] 0
37141,       [3] 0
37141,       [4] 0
37141,       [5] 0
37141,       [6] 0
37141,       [7] 0
37141,       [8] 0
37141,     [4]
37141,       [1] 0
37141,       [2] 0
37141,       [3] 0
37141,       [4] 0
37141,       [5] 0
37141,       [6] 0
37141,     [8]
37141,       [1] 0
37141,       [2] 0
37141,       [3] 0
37141,     [hylist]
37141,   [19]
37141,     [1]
37141,       [1] 0
37141,       [2] 0
37141,       [3] 0
37141,       [4] 0
37141,       [5] 0
37141,       [6] 0
37141,       [7] 0
37141,       [8] 0
37141,       [9] 0
37141,       [10] 0
37141,       [11] 0
37141,       [12] 0
37141,       [13] 0
37141,       [14] 0
37141,       [15] 0
37141,       [16] 0
37141,       [17] 0
37141,       [18] 0
37141,       [19] 0
37141,       [20] 0
37141,       [21] 0
37141,       [22] 0
37141,       [23] 0
37141,       [24] 0
37141,     [2]
37141,       [1] 0
37141,       [2] 0
37141,       [3] 0
37141,       [4] 0
37141,       [5] 0
37141,       [6] 0
37141,       [7] 0
37141,       [8] 0
37141,       [9] 0
37141,       [10] 0
37141,       [11] 0
37141,       [12] 0
37141,     [3]
37141,       [1] 0
37141,       [2] 0
37141,       [3] 0
37141,       [4] 0
37141,       [5] 0
37141,       [6] 0
37141,       [7] 0
37141,       [8] 0
37141,     [4]
37141,       [1] 0
37141,       [2] 0
37141,       [3] 0
37141,       [4] 0
37141,       [5] 0
37141,       [6] 0
37141,     [8]
37141,       [1] 0
37141,       [2] 0
37141,       [3] 0
37141,     [hylist]
37141,   [20]
37141,     [1]
37141,       [1] 0
37141,       [2] 0
37141,       [3] 0
37141,       [4] 0
37141,       [5] 0
37141,       [6] 0
37141,       [7] 0
37141,       [8] 0
37141,       [9] 0
37141,       [10] 0
37141,       [11] 0
37141,       [12] 0
37141,       [13] 0
37141,       [14] 0
37141,       [15] 0
37141,       [16] 0
37141,       [17] 0
37141,       [18] 0
37141,       [19] 0
37141,       [20] 0
37141,       [21] 0
37141,       [22] 0
37141,       [23] 0
37141,       [24] 0
37141,     [2]
37141,       [1] 0
37141,       [2] 0
37141,       [3] 0
37141,       [4] 0
37141,       [5] 0
37141,       [6] 0
37141,       [7] 0
37141,       [8] 0
37141,       [9] 0
37141,       [10] 0
37141,       [11] 0
37141,       [12] 0
37141,     [3]
37141,       [1] 0
37141,       [2] 0
37141,       [3] 0
37141,       [4] 0
37141,       [5] 0
37141,       [6] 0
37141,       [7] 0
37141,       [8] 0
37141,     [4]
37141,       [1] 0
37141,       [2] 0
37141,       [3] 0
37141,       [4] 0
37141,       [5] 0
37141,       [6] 0
37141,     [8]
37141,       [1] 0
37141,       [2] 0
37141,       [3] 0
37141,     [hylist]
37141, [o_slotinfo]
37141,   [1] 1
37141,   [2] 2
37141,   [3] 3
37141,   [4] 4
37141,   [5] 5
37141,   [6] 6
37141,   [7] 7
37141,   [8] 8
37141,   [9] 9
37141,   [10] 10
37141,   [11] 11
37141,   [12] 12
37141,   [13] 13
37141,   [14] 14
37141,   [15] 15
37141,   [16] 16
37141,   [17] 17
37141,   [18] 18
37141,   [19] 19
37141,   [20] 20
37141,   [21] 21
37141,   [22] 22
37141,   [23] 23
37141,   [24] 24
37141, [hysetting]
37141, [datastate]
37141,   [1] 1
37141,   [3] 1
37141, [partlist]
37141, [TaoList]
37141,   [1]
37141,     [3] 3
37141,   [2]
37141,     [2] 2
37141,     [4] 1
37141, [schemename]
37141,   [1] 方案1
37141,   [2] 方案2
37141, [level] 25
37141, [o_hylist]
37141, [skillsetting]
37141,   [1] 0
37141,   [2] 0
37141,   [3] 0
37141,   [4] 0
37141,   [5] 0
37141, [schemesetting] 0
37141, [Buy_PartEx] 0
37141, [HeroList]
37141,   [1]
37141,     [149]
37141,       [1] 1
37141,       [maxNum] 1
37141,     [60]
37141,       [1] 1
37141,       [maxNum] 1
37141,   [2]
37141,     [88]
37141,       [1] 1
37141,       [maxNum] 1
37141,     [221]
37141,       [1] 1
37141,       [maxNum] 1
37141, [o_schemeinfo]
37141,   [1]
37141,   [2]
37141, [partsetting]
37141,   [1] 0
37141,   [2] 0
37141,   [3] 0
37141,   [4] 0
37141,   [5] 0
37141,   [6] 0
37141, [lastpartsetting]
37141,   [1] 0
37141,   [2] 0
37141,   [3] 0
37141,   [4] 0
37141,   [5] 0
37141,   [6] 0
37141, [hylist]
37141,   [73313944]
37141,     [attr]
37141,       [1]
37141,         [valuetype] 1
37141,         [value] 7409
37141,         [effstr] 生命上限
37141,         [id] 123
37141,       [2]
37141,         [valuetype] 1
37141,         [value] 259
37141,         [effstr] 每秒生命恢复
37141,         [id] 126
37141,       [3]
37141,         [valuetype] 2
37141,         [value] 324
37141,         [effstr] 生命上限
37141,         [id] 129
37141,       [4]
37141,         [valuetype] 2
37141,         [value] -1439
37141,         [effstr] 复活时间
37141,         [id] 132
37141,       [5]
37141,         [taoLv] 1
37141,         [taoId] 3
37141,         [valuetype] 2
37141,         [value] 500
37141,         [effstr] 生命上限
37141,         [id] 1010
37141,       [6]
37141,         [valuetype] 1
37141,         [value] 500
37141,         [effstr] 移动速度
37141,         [id] 241
37141,     [basic]
37141,       [attrnum] 6
37141,       [color] 1
37141,       [level] 5
37141,       [taoId] 3
37141,       [name] 0
37141,   [73310105]
37141,     [attr]
37141,       [1]
37141,         [valuetype] 1
37141,         [value] 493
37141,         [effstr] 物理攻击
37141,         [id] 23
37141,       [2]
37141,         [valuetype] 2
37141,         [value] 1296
37141,         [effstr] 暴击伤害
37141,         [id] 28
37141,       [3]
37141,         [valuetype] 1
37141,         [value] 156
37141,         [effstr] 法术抗性
37141,         [id] 125
37141,       [4]
37141,         [valuetype] 1
37141,         [value] 1080
37141,         [effstr] 移动速度
37141,         [id] 130
37141,       [5]
37141,         [taoLv] 1
37141,         [taoId] 3
37141,         [valuetype] 2
37141,         [value] 500
37141,         [effstr] 生命上限
37141,         [id] 1010
37141,       [6]
37141,         [taoLv] 1
37141,         [heroTaoId] 1
37141,         [valuetype] 0
37141,         [value] 0
37141,         [effstr] 0
37141,         [heroId] 149
37141,         [id] 1118
37141,       [7]
37141,         [valuetype] 1
37141,         [value] 7500
37141,         [effstr] 生命上限
37141,         [id] 239
37141,     [basic]
37141,       [heroTaoId] 1
37141,       [attrnum] 7
37141,       [heroId] 149
37141,       [color] 4
37141,       [level] 5
37141,       [taoId] 3
37141,       [name] 0
37141,   [73313938]
37141,     [attr]
37141,       [1]
37141,         [valuetype] 1
37141,         [value] 988
37141,         [effstr] 法术伤害
37141,         [id] 223
37141,       [2]
37141,         [valuetype] 1
37141,         [value] 10368
37141,         [effstr] 法力上限
37141,         [id] 224
37141,       [3]
37141,         [valuetype] 2
37141,         [value] 432
37141,         [effstr] 法术吸血
37141,         [id] 227
37141,       [4]
37141,         [valuetype] 2
37141,         [value] 450
37141,         [effstr] 法术暴击概率
37141,         [id] 231
37141,       [5]
37141,         [taoLv] 1
37141,         [taoId] 4
37141,         [valuetype] 2
37141,         [value] 500
37141,         [effstr] 法术技能伤害
37141,         [id] 1007
37141,       [6]
37141,         [valuetype] 1
37141,         [value] 400
37141,         [effstr] 移动速度
37141,         [id] 237
37141,     [basic]
37141,       [attrnum] 6
37141,       [color] 2
37141,       [level] 5
37141,       [taoId] 4
37141,       [name] 0
37141,   [54493689]
37141,     [attr]
37141,       [1]
37141,         [valuetype] 1
37141,         [value] 493
37141,         [effstr] 物理攻击
37141,         [id] 23
37141,       [2]
37141,         [valuetype] 2
37141,         [value] 360
37141,         [effstr] 基础攻击速度
37141,         [id] 31
37141,       [3]
37141,         [valuetype] 1
37141,         [value] 156
37141,         [effstr] 法术抗性
37141,         [id] 125
37141,       [4]
37141,         [valuetype] 2
37141,         [value] 864
37141,         [effstr] 控制时间减免
37141,         [id] 128
37141,       [5]
37141,         [taoLv] 1
37141,         [taoId] 3
37141,         [valuetype] 2
37141,         [value] 500
37141,         [effstr] 生命上限
37141,         [id] 1010
37141,       [6]
37141,         [taoLv] 1
37141,         [heroTaoId] 1
37141,         [valuetype] 0
37141,         [value] 0
37141,         [effstr] 0
37141,         [heroId] 60
37141,         [id] 1076
37141,       [7]
37141,         [valuetype] 1
37141,         [value] 500
37141,         [effstr] 移动速度
37141,         [id] 234
37141,     [basic]
37141,       [heroTaoId] 1
37141,       [attrnum] 7
37141,       [heroId] 60
37141,       [color] 4
37141,       [level] 5
37141,       [taoId] 3
37141,       [name] 0
37141,   [67824739]
37141,     [attr]
37141,       [1]
37141,         [valuetype] 1
37141,         [value] 104
37141,         [effstr] 护甲穿透
37141,         [id] 25
37141,       [2]
37141,         [valuetype] 2
37141,         [value] 864
37141,         [effstr] 生命偷取
37141,         [id] 27
37141,       [3]
37141,         [valuetype] 2
37141,         [value] 540
37141,         [effstr] 暴击概率
37141,         [id] 30
37141,       [4]
37141,         [valuetype] 1
37141,         [value] 7409
37141,         [effstr] 生命上限
37141,         [id] 123
37141,       [5]
37141,         [taoLv] 1
37141,         [taoId] 2
37141,         [valuetype] 2
37141,         [value] 500
37141,         [effstr] 普通攻击伤害
37141,         [id] 1004
37141,       [6]
37141,         [taoLv] 1
37141,         [heroTaoId] 1
37141,         [valuetype] 0
37141,         [value] 0
37141,         [effstr] 0
37141,         [heroId] 88
37141,         [id] 1145
37141,       [7]
37141,         [valuetype] 1
37141,         [value] 400
37141,         [effstr] 移动速度
37141,         [id] 233
37141,     [basic]
37141,       [heroTaoId] 1
37141,       [attrnum] 7
37141,       [heroId] 88
37141,       [color] 4
37141,       [level] 5
37141,       [taoId] 2
37141,       [name] 0
37141,   [69410534]
37141,     [attr]
37141,       [1]
37141,         [valuetype] 1
37141,         [value] 104
37141,         [effstr] 护甲穿透
37141,         [id] 25
37141,       [2]
37141,         [valuetype] 2
37141,         [value] 360
37141,         [effstr] 基础攻击速度
37141,         [id] 31
37141,       [3]
37141,         [valuetype] 2
37141,         [value] 864
37141,         [effstr] 控制时间减免
37141,         [id] 128
37141,       [4]
37141,         [valuetype] 1
37141,         [value] 988
37141,         [effstr] 法术伤害
37141,         [id] 223
37141,       [5]
37141,         [taoLv] 1
37141,         [taoId] 2
37141,         [valuetype] 2
37141,         [value] 500
37141,         [effstr] 普通攻击伤害
37141,         [id] 1004
37141,       [6]
37141,         [taoLv] 1
37141,         [heroTaoId] 1
37141,         [valuetype] 0
37141,         [value] 0
37141,         [effstr] 0
37141,         [heroId] 221
37141,         [id] 1016
37141,       [7]
37141,         [valuetype] 1
37141,         [value] 500
37141,         [effstr] 移动速度
37141,         [id] 234
37141,     [basic]
37141,       [heroTaoId] 1
37141,       [attrnum] 7
37141,       [heroId] 221
37141,       [color] 4
37141,       [level] 5
37141,       [taoId] 2
37141,       [name] 0
37141, [schemenum] 2
37141, [hysettinginfo]
37141, [slotinfo]
37141,   [1] 1
37141,   [2] 1
37141,   [3] 1
37141,   [4] 1
37141,   [5] 1
37141,   [6] 1
37141,   [7] 1
37141,   [8] 1
37141,   [9] 1
37141,   [10] 1
37141,   [11] 1
37141,   [12] 1
37141,   [13] 1
37141,   [14] 1
37141,   [15] 1
37141,   [16] 1
37141,   [17] 1
37141,   [18] 1
37141,   [19] 1
37141,   [20] 1
37141,   [21] 1
37141,   [22] 1
37141,   [23] 1
37141,   [24] 1
37141, [exp] 50347
37141, [oncepartlist]
37141, [schemeinfo]
37141,   [1]
37141,     [1]
37141,       [1] 0
37141,       [2] 0
37141,       [3] 0
37141,       [4] 0
37141,       [5] 0
37141,       [6] 0
37141,       [7] 0
37141,       [8] 0
37141,       [9] 0
37141,       [10] 0
37141,       [11] 0
37141,       [12] 0
37141,       [13] 0
37141,       [14] 0
37141,       [15] 0
37141,       [16] 0
37141,       [17] 0
37141,       [18] 0
37141,       [19] 0
37141,       [20] 0
37141,       [21] 0
37141,       [22] 0
37141,       [23] 0
37141,       [24] 0
37141,     [2]
37141,       [1] 0
37141,       [2] 0
37141,       [3] 0
37141,       [4] 0
37141,       [5] 0
37141,       [6] 0
37141,       [7] 0
37141,       [8] 0
37141,       [9] 0
37141,       [10] 0
37141,       [11] 0
37141,       [12] 0
37141,     [3]
37141,       [1] 0
37141,       [2] 0
37141,       [3] 0
37141,       [4] 0
37141,       [5] 0
37141,       [6] 0
37141,       [7] 0
37141,       [8] 0
37141,     [4]
37141,       [1] 0
37141,       [2] 0
37141,       [3] 0
37141,       [4] 0
37141,       [5] 0
37141,       [6] 0
37141,     [8]
37141,       [1] 73310105
37141,       [2] 73313944
37141,       [3] 54493689
37141,     [hylist]
37141,       [1] 73313944
37141,       [2] 73310105
37141,       [3] 54493689
37141,   [2]
37141,     [1]
37141,       [1] 0
37141,       [2] 0
37141,       [3] 0
37141,       [4] 0
37141,       [5] 0
37141,       [6] 0
37141,       [7] 0
37141,       [8] 0
37141,       [9] 0
37141,       [10] 0
37141,       [11] 0
37141,       [12] 0
37141,       [13] 0
37141,       [14] 0
37141,       [15] 0
37141,       [16] 0
37141,       [17] 0
37141,       [18] 0
37141,       [19] 0
37141,       [20] 0
37141,       [21] 0
37141,       [22] 0
37141,       [23] 0
37141,       [24] 0
37141,     [2]
37141,       [1] 0
37141,       [2] 0
37141,       [3] 0
37141,       [4] 0
37141,       [5] 0
37141,       [6] 0
37141,       [7] 0
37141,       [8] 0
37141,       [9] 0
37141,       [10] 0
37141,       [11] 0
37141,       [12] 0
37141,     [3]
37141,       [1] 0
37141,       [2] 0
37141,       [3] 0
37141,       [4] 0
37141,       [5] 0
37141,       [6] 0
37141,       [7] 0
37141,       [8] 0
37141,     [4]
37141,       [1] 0
37141,       [2] 0
37141,       [3] 0
37141,       [4] 0
37141,       [5] 0
37141,       [6] 0
37141,     [8]
37141,       [1] 73313938
37141,       [2] 67824739
37141,       [3] 69410534
37141,     [hylist]
37141,       [1] 67824739
37141,       [2] 69410534
37141,       [3] 73313938
37141,   [3]
37141,     [1]
37141,       [1] 0
37141,       [2] 0
37141,       [3] 0
37141,       [4] 0
37141,       [5] 0
37141,       [6] 0
37141,       [7] 0
37141,       [8] 0
37141,       [9] 0
37141,       [10] 0
37141,       [11] 0
37141,       [12] 0
37141,       [13] 0
37141,       [14] 0
37141,       [15] 0
37141,       [16] 0
37141,       [17] 0
37141,       [18] 0
37141,       [19] 0
37141,       [20] 0
37141,       [21] 0
37141,       [22] 0
37141,       [23] 0
37141,       [24] 0
37141,     [2]
37141,       [1] 0
37141,       [2] 0
37141,       [3] 0
37141,       [4] 0
37141,       [5] 0
37141,       [6] 0
37141,       [7] 0
37141,       [8] 0
37141,       [9] 0
37141,       [10] 0
37141,       [11] 0
37141,       [12] 0
37141,     [3]
37141,       [1] 0
37141,       [2] 0
37141,       [3] 0
37141,       [4] 0
37141,       [5] 0
37141,       [6] 0
37141,       [7] 0
37141,       [8] 0
37141,     [4]
37141,       [1] 0
37141,       [2] 0
37141,       [3] 0
37141,       [4] 0
37141,       [5] 0
37141,       [6] 0
37141,     [8]
37141,       [1] 0
37141,       [2] 0
37141,       [3] 0
37141,     [hylist]
37141,   [4]
37141,     [1]
37141,       [1] 0
37141,       [2] 0
37141,       [3] 0
37141,       [4] 0
37141,       [5] 0
37141,       [6] 0
37141,       [7] 0
37141,       [8] 0
37141,       [9] 0
37141,       [10] 0
37141,       [11] 0
37141,       [12] 0
37141,       [13] 0
37141,       [14] 0
37141,       [15] 0
37141,       [16] 0
37141,       [17] 0
37141,       [18] 0
37141,       [19] 0
37141,       [20] 0
37141,       [21] 0
37141,       [22] 0
37141,       [23] 0
37141,       [24] 0
37141,     [2]
37141,       [1] 0
37141,       [2] 0
37141,       [3] 0
37141,       [4] 0
37141,       [5] 0
37141,       [6] 0
37141,       [7] 0
37141,       [8] 0
37141,       [9] 0
37141,       [10] 0
37141,       [11] 0
37141,       [12] 0
37141,     [3]
37141,       [1] 0
37141,       [2] 0
37141,       [3] 0
37141,       [4] 0
37141,       [5] 0
37141,       [6] 0
37141,       [7] 0
37141,       [8] 0
37141,     [4]
37141,       [1] 0
37141,       [2] 0
37141,       [3] 0
37141,       [4] 0
37141,       [5] 0
37141,       [6] 0
37141,     [8]
37141,       [1] 0
37141,       [2] 0
37141,       [3] 0
37141,     [hylist]
37141,   [5]
37141,     [1]
37141,       [1] 0
37141,       [2] 0
37141,       [3] 0
37141,       [4] 0
37141,       [5] 0
37141,       [6] 0
37141,       [7] 0
37141,       [8] 0
37141,       [9] 0
37141,       [10] 0
37141,       [11] 0
37141,       [12] 0
37141,       [13] 0
37141,       [14] 0
37141,       [15] 0
37141,       [16] 0
37141,       [17] 0
37141,       [18] 0
37141,       [19] 0
37141,       [20] 0
37141,       [21] 0
37141,       [22] 0
37141,       [23] 0
37141,       [24] 0
37141,     [2]
37141,       [1] 0
37141,       [2] 0
37141,       [3] 0
37141,       [4] 0
37141,       [5] 0
37141,       [6] 0
37141,       [7] 0
37141,       [8] 0
37141,       [9] 0
37141,       [10] 0
37141,       [11] 0
37141,       [12] 0
37141,     [3]
37141,       [1] 0
37141,       [2] 0
37141,       [3] 0
37141,       [4] 0
37141,       [5] 0
37141,       [6] 0
37141,       [7] 0
37141,       [8] 0
37141,     [4]
37141,       [1] 0
37141,       [2] 0
37141,       [3] 0
37141,       [4] 0
37141,       [5] 0
37141,       [6] 0
37141,     [8]
37141,       [1] 0
37141,       [2] 0
37141,       [3] 0
37141,     [hylist]
37141,   [6]
37141,     [1]
37141,       [1] 0
37141,       [2] 0
37141,       [3] 0
37141,       [4] 0
37141,       [5] 0
37141,       [6] 0
37141,       [7] 0
37141,       [8] 0
37141,       [9] 0
37141,       [10] 0
37141,       [11] 0
37141,       [12] 0
37141,       [13] 0
37141,       [14] 0
37141,       [15] 0
37141,       [16] 0
37141,       [17] 0
37141,       [18] 0
37141,       [19] 0
37141,       [20] 0
37141,       [21] 0
37141,       [22] 0
37141,       [23] 0
37141,       [24] 0
37141,     [2]
37141,       [1] 0
37141,       [2] 0
37141,       [3] 0
37141,       [4] 0
37141,       [5] 0
37141,       [6] 0
37141,       [7] 0
37141,       [8] 0
37141,       [9] 0
37141,       [10] 0
37141,       [11] 0
37141,       [12] 0
37141,     [3]
37141,       [1] 0
37141,       [2] 0
37141,       [3] 0
37141,       [4] 0
37141,       [5] 0
37141,       [6] 0
37141,       [7] 0
37141,       [8] 0
37141,     [4]
37141,       [1] 0
37141,       [2] 0
37141,       [3] 0
37141,       [4] 0
37141,       [5] 0
37141,       [6] 0
37141,     [8]
37141,       [1] 0
37141,       [2] 0
37141,       [3] 0
37141,     [hylist]
37141,   [7]
37141,     [1]
37141,       [1] 0
37141,       [2] 0
37141,       [3] 0
37141,       [4] 0
37141,       [5] 0
37141,       [6] 0
37141,       [7] 0
37141,       [8] 0
37141,       [9] 0
37141,       [10] 0
37141,       [11] 0
37141,       [12] 0
37141,       [13] 0
37141,       [14] 0
37141,       [15] 0
37141,       [16] 0
37141,       [17] 0
37141,       [18] 0
37141,       [19] 0
37141,       [20] 0
37141,       [21] 0
37141,       [22] 0
37141,       [23] 0
37141,       [24] 0
37141,     [2]
37141,       [1] 0
37141,       [2] 0
37141,       [3] 0
37141,       [4] 0
37141,       [5] 0
37141,       [6] 0
37141,       [7] 0
37141,       [8] 0
37141,       [9] 0
37141,       [10] 0
37141,       [11] 0
37141,       [12] 0
37141,     [3]
37141,       [1] 0
37141,       [2] 0
37141,       [3] 0
37141,       [4] 0
37141,       [5] 0
37141,       [6] 0
37141,       [7] 0
37141,       [8] 0
37141,     [4]
37141,       [1] 0
37141,       [2] 0
37141,       [3] 0
37141,       [4] 0
37141,       [5] 0
37141,       [6] 0
37141,     [8]
37141,       [1] 0
37141,       [2] 0
37141,       [3] 0
37141,     [hylist]
37141,   [8]
37141,     [1]
37141,       [1] 0
37141,       [2] 0
37141,       [3] 0
37141,       [4] 0
37141,       [5] 0
37141,       [6] 0
37141,       [7] 0
37141,       [8] 0
37141,       [9] 0
37141,       [10] 0
37141,       [11] 0
37141,       [12] 0
37141,       [13] 0
37141,       [14] 0
37141,       [15] 0
37141,       [16] 0
37141,       [17] 0
37141,       [18] 0
37141,       [19] 0
37141,       [20] 0
37141,       [21] 0
37141,       [22] 0
37141,       [23] 0
37141,       [24] 0
37141,     [2]
37141,       [1] 0
37141,       [2] 0
37141,       [3] 0
37141,       [4] 0
37141,       [5] 0
37141,       [6] 0
37141,       [7] 0
37141,       [8] 0
37141,       [9] 0
37141,       [10] 0
37141,       [11] 0
37141,       [12] 0
37141,     [3]
37141,       [1] 0
37141,       [2] 0
37141,       [3] 0
37141,       [4] 0
37141,       [5] 0
37141,       [6] 0
37141,       [7] 0
37141,       [8] 0
37141,     [4]
37141,       [1] 0
37141,       [2] 0
37141,       [3] 0
37141,       [4] 0
37141,       [5] 0
37141,       [6] 0
37141,     [8]
37141,       [1] 0
37141,       [2] 0
37141,       [3] 0
37141,     [hylist]
37141,   [9]
37141,     [1]
37141,       [1] 0
37141,       [2] 0
37141,       [3] 0
37141,       [4] 0
37141,       [5] 0
37141,       [6] 0
37141,       [7] 0
37141,       [8] 0
37141,       [9] 0
37141,       [10] 0
37141,       [11] 0
37141,       [12] 0
37141,       [13] 0
37141,       [14] 0
37141,       [15] 0
37141,       [16] 0
37141,       [17] 0
37141,       [18] 0
37141,       [19] 0
37141,       [20] 0
37141,       [21] 0
37141,       [22] 0
37141,       [23] 0
37141,       [24] 0
37141,     [2]
37141,       [1] 0
37141,       [2] 0
37141,       [3] 0
37141,       [4] 0
37141,       [5] 0
37141,       [6] 0
37141,       [7] 0
37141,       [8] 0
37141,       [9] 0
37141,       [10] 0
37141,       [11] 0
37141,       [12] 0
37141,     [3]
37141,       [1] 0
37141,       [2] 0
37141,       [3] 0
37141,       [4] 0
37141,       [5] 0
37141,       [6] 0
37141,       [7] 0
37141,       [8] 0
37141,     [4]
37141,       [1] 0
37141,       [2] 0
37141,       [3] 0
37141,       [4] 0
37141,       [5] 0
37141,       [6] 0
37141,     [8]
37141,       [1] 0
37141,       [2] 0
37141,       [3] 0
37141,     [hylist]
37141,   [10]
37141,     [1]
37141,       [1] 0
37141,       [2] 0
37141,       [3] 0
37141,       [4] 0
37141,       [5] 0
37141,       [6] 0
37141,       [7] 0
37141,       [8] 0
37141,       [9] 0
37141,       [10] 0
37141,       [11] 0
37141,       [12] 0
37141,       [13] 0
37141,       [14] 0
37141,       [15] 0
37141,       [16] 0
37141,       [17] 0
37141,       [18] 0
37141,       [19] 0
37141,       [20] 0
37141,       [21] 0
37141,       [22] 0
37141,       [23] 0
37141,       [24] 0
37141,     [2]
37141,       [1] 0
37141,       [2] 0
37141,       [3] 0
37141,       [4] 0
37141,       [5] 0
37141,       [6] 0
37141,       [7] 0
37141,       [8] 0
37141,       [9] 0
37141,       [10] 0
37141,       [11] 0
37141,       [12] 0
37141,     [3]
37141,       [1] 0
37141,       [2] 0
37141,       [3] 0
37141,       [4] 0
37141,       [5] 0
37141,       [6] 0
37141,       [7] 0
37141,       [8] 0
37141,     [4]
37141,       [1] 0
37141,       [2] 0
37141,       [3] 0
37141,       [4] 0
37141,       [5] 0
37141,       [6] 0
37141,     [8]
37141,       [1] 0
37141,       [2] 0
37141,       [3] 0
37141,     [hylist]
37141,   [11]
37141,     [1]
37141,       [1] 0
37141,       [2] 0
37141,       [3] 0
37141,       [4] 0
37141,       [5] 0
37141,       [6] 0
37141,       [7] 0
37141,       [8] 0
37141,       [9] 0
37141,       [10] 0
37141,       [11] 0
37141,       [12] 0
37141,       [13] 0
37141,       [14] 0
37141,       [15] 0
37141,       [16] 0
37141,       [17] 0
37141,       [18] 0
37141,       [19] 0
37141,       [20] 0
37141,       [21] 0
37141,       [22] 0
37141,       [23] 0
37141,       [24] 0
37141,     [2]
37141,       [1] 0
37141,       [2] 0
37141,       [3] 0
37141,       [4] 0
37141,       [5] 0
37141,       [6] 0
37141,       [7] 0
37141,       [8] 0
37141,       [9] 0
37141,       [10] 0
37141,       [11] 0
37141,       [12] 0
37141,     [3]
37141,       [1] 0
37141,       [2] 0
37141,       [3] 0
37141,       [4] 0
37141,       [5] 0
37141,       [6] 0
37141,       [7] 0
37141,       [8] 0
37141,     [4]
37141,       [1] 0
37141,       [2] 0
37141,       [3] 0
37141,       [4] 0
37141,       [5] 0
37141,       [6] 0
37141,     [8]
37141,       [1] 0
37141,       [2] 0
37141,       [3] 0
37141,     [hylist]
37141,   [12]
37141,     [1]
37141,       [1] 0
37141,       [2] 0
37141,       [3] 0
37141,       [4] 0
37141,       [5] 0
37141,       [6] 0
37141,       [7] 0
37141,       [8] 0
37141,       [9] 0
37141,       [10] 0
37141,       [11] 0
37141,       [12] 0
37141,       [13] 0
37141,       [14] 0
37141,       [15] 0
37141,       [16] 0
37141,       [17] 0
37141,       [18] 0
37141,       [19] 0
37141,       [20] 0
37141,       [21] 0
37141,       [22] 0
37141,       [23] 0
37141,       [24] 0
37141,     [2]
37141,       [1] 0
37141,       [2] 0
37141,       [3] 0
37141,       [4] 0
37141,       [5] 0
37141,       [6] 0
37141,       [7] 0
37141,       [8] 0
37141,       [9] 0
37141,       [10] 0
37141,       [11] 0
37141,       [12] 0
37141,     [3]
37141,       [1] 0
37141,       [2] 0
37141,       [3] 0
37141,       [4] 0
37141,       [5] 0
37141,       [6] 0
37141,       [7] 0
37141,       [8] 0
37141,     [4]
37141,       [1] 0
37141,       [2] 0
37141,       [3] 0
37141,       [4] 0
37141,       [5] 0
37141,       [6] 0
37141,     [8]
37141,       [1] 0
37141,       [2] 0
37141,       [3] 0
37141,     [hylist]
37141,   [13]
37141,     [1]
37141,       [1] 0
37141,       [2] 0
37141,       [3] 0
37141,       [4] 0
37141,       [5] 0
37141,       [6] 0
37141,       [7] 0
37141,       [8] 0
37141,       [9] 0
37141,       [10] 0
37141,       [11] 0
37141,       [12] 0
37141,       [13] 0
37141,       [14] 0
37141,       [15] 0
37141,       [16] 0
37141,       [17] 0
37141,       [18] 0
37141,       [19] 0
37141,       [20] 0
37141,       [21] 0
37141,       [22] 0
37141,       [23] 0
37141,       [24] 0
37141,     [2]
37141,       [1] 0
37141,       [2] 0
37141,       [3] 0
37141,       [4] 0
37141,       [5] 0
37141,       [6] 0
37141,       [7] 0
37141,       [8] 0
37141,       [9] 0
37141,       [10] 0
37141,       [11] 0
37141,       [12] 0
37141,     [3]
37141,       [1] 0
37141,       [2] 0
37141,       [3] 0
37141,       [4] 0
37141,       [5] 0
37141,       [6] 0
37141,       [7] 0
37141,       [8] 0
37141,     [4]
37141,       [1] 0
37141,       [2] 0
37141,       [3] 0
37141,       [4] 0
37141,       [5] 0
37141,       [6] 0
37141,     [8]
37141,       [1] 0
37141,       [2] 0
37141,       [3] 0
37141,     [hylist]
37141,   [14]
37141,     [1]
37141,       [1] 0
37141,       [2] 0
37141,       [3] 0
37141,       [4] 0
37141,       [5] 0
37141,       [6] 0
37141,       [7] 0
37141,       [8] 0
37141,       [9] 0
37141,       [10] 0
37141,       [11] 0
37141,       [12] 0
37141,       [13] 0
37141,       [14] 0
37141,       [15] 0
37141,       [16] 0
37141,       [17] 0
37141,       [18] 0
37141,       [19] 0
37141,       [20] 0
37141,       [21] 0
37141,       [22] 0
37141,       [23] 0
37141,       [24] 0
37141,     [2]
37141,       [1] 0
37141,       [2] 0
37141,       [3] 0
37141,       [4] 0
37141,       [5] 0
37141,       [6] 0
37141,       [7] 0
37141,       [8] 0
37141,       [9] 0
37141,       [10] 0
37141,       [11] 0
37141,       [12] 0
37141,     [3]
37141,       [1] 0
37141,       [2] 0
37141,       [3] 0
37141,       [4] 0
37141,       [5] 0
37141,       [6] 0
37141,       [7] 0
37141,       [8] 0
37141,     [4]
37141,       [1] 0
37141,       [2] 0
37141,       [3] 0
37141,       [4] 0
37141,       [5] 0
37141,       [6] 0
37141,     [8]
37141,       [1] 0
37141,       [2] 0
37141,       [3] 0
37141,     [hylist]
37141,   [15]
37141,     [1]
37141,       [1] 0
37141,       [2] 0
37141,       [3] 0
37141,       [4] 0
37141,       [5] 0
37141,       [6] 0
37141,       [7] 0
37141,       [8] 0
37141,       [9] 0
37141,       [10] 0
37141,       [11] 0
37141,       [12] 0
37141,       [13] 0
37141,       [14] 0
37141,       [15] 0
37141,       [16] 0
37141,       [17] 0
37141,       [18] 0
37141,       [19] 0
37141,       [20] 0
37141,       [21] 0
37141,       [22] 0
37141,       [23] 0
37141,       [24] 0
37141,     [2]
37141,       [1] 0
37141,       [2] 0
37141,       [3] 0
37141,       [4] 0
37141,       [5] 0
37141,       [6] 0
37141,       [7] 0
37141,       [8] 0
37141,       [9] 0
37141,       [10] 0
37141,       [11] 0
37141,       [12] 0
37141,     [3]
37141,       [1] 0
37141,       [2] 0
37141,       [3] 0
37141,       [4] 0
37141,       [5] 0
37141,       [6] 0
37141,       [7] 0
37141,       [8] 0
37141,     [4]
37141,       [1] 0
37141,       [2] 0
37141,       [3] 0
37141,       [4] 0
37141,       [5] 0
37141,       [6] 0
37141,     [8]
37141,       [1] 0
37141,       [2] 0
37141,       [3] 0
37141,     [hylist]
37141,   [16]
37141,     [1]
37141,       [1] 0
37141,       [2] 0
37141,       [3] 0
37141,       [4] 0
37141,       [5] 0
37141,       [6] 0
37141,       [7] 0
37141,       [8] 0
37141,       [9] 0
37141,       [10] 0
37141,       [11] 0
37141,       [12] 0
37141,       [13] 0
37141,       [14] 0
37141,       [15] 0
37141,       [16] 0
37141,       [17] 0
37141,       [18] 0
37141,       [19] 0
37141,       [20] 0
37141,       [21] 0
37141,       [22] 0
37141,       [23] 0
37141,       [24] 0
37141,     [2]
37141,       [1] 0
37141,       [2] 0
37141,       [3] 0
37141,       [4] 0
37141,       [5] 0
37141,       [6] 0
37141,       [7] 0
37141,       [8] 0
37141,       [9] 0
37141,       [10] 0
37141,       [11] 0
37141,       [12] 0
37141,     [3]
37141,       [1] 0
37141,       [2] 0
37141,       [3] 0
37141,       [4] 0
37141,       [5] 0
37141,       [6] 0
37141,       [7] 0
37141,       [8] 0
37141,     [4]
37141,       [1] 0
37141,       [2] 0
37141,       [3] 0
37141,       [4] 0
37141,       [5] 0
37141,       [6] 0
37141,     [8]
37141,       [1] 0
37141,       [2] 0
37141,       [3] 0
37141,     [hylist]
37141,   [17]
37141,     [1]
37141,       [1] 0
37141,       [2] 0
37141,       [3] 0
37141,       [4] 0
37141,       [5] 0
37141,       [6] 0
37141,       [7] 0
37141,       [8] 0
37141,       [9] 0
37141,       [10] 0
37141,       [11] 0
37141,       [12] 0
37141,       [13] 0
37141,       [14] 0
37141,       [15] 0
37141,       [16] 0
37141,       [17] 0
37141,       [18] 0
37141,       [19] 0
37141,       [20] 0
37141,       [21] 0
37141,       [22] 0
37141,       [23] 0
37141,       [24] 0
37141,     [2]
37141,       [1] 0
37141,       [2] 0
37141,       [3] 0
37141,       [4] 0
37141,       [5] 0
37141,       [6] 0
37141,       [7] 0
37141,       [8] 0
37141,       [9] 0
37141,       [10] 0
37141,       [11] 0
37141,       [12] 0
37141,     [3]
37141,       [1] 0
37141,       [2] 0
37141,       [3] 0
37141,       [4] 0
37141,       [5] 0
37141,       [6] 0
37141,       [7] 0
37141,       [8] 0
37141,     [4]
37141,       [1] 0
37141,       [2] 0
37141,       [3] 0
37141,       [4] 0
37141,       [5] 0
37141,       [6] 0
37141,     [8]
37141,       [1] 0
37141,       [2] 0
37141,       [3] 0
37141,     [hylist]
37141,   [18]
37141,     [1]
37141,       [1] 0
37141,       [2] 0
37141,       [3] 0
37141,       [4] 0
37141,       [5] 0
37141,       [6] 0
37141,       [7] 0
37141,       [8] 0
37141,       [9] 0
37141,       [10] 0
37141,       [11] 0
37141,       [12] 0
37141,       [13] 0
37141,       [14] 0
37141,       [15] 0
37141,       [16] 0
37141,       [17] 0
37141,       [18] 0
37141,       [19] 0
37141,       [20] 0
37141,       [21] 0
37141,       [22] 0
37141,       [23] 0
37141,       [24] 0
37141,     [2]
37141,       [1] 0
37141,       [2] 0
37141,       [3] 0
37141,       [4] 0
37141,       [5] 0
37141,       [6] 0
37141,       [7] 0
37141,       [8] 0
37141,       [9] 0
37141,       [10] 0
37141,       [11] 0
37141,       [12] 0
37141,     [3]
37141,       [1] 0
37141,       [2] 0
37141,       [3] 0
37141,       [4] 0
37141,       [5] 0
37141,       [6] 0
37141,       [7] 0
37141,       [8] 0
37141,     [4]
37141,       [1] 0
37141,       [2] 0
37141,       [3] 0
37141,       [4] 0
37141,       [5] 0
37141,       [6] 0
37141,     [8]
37141,       [1] 0
37141,       [2] 0
37141,       [3] 0
37141,     [hylist]
37141,   [19]
37141,     [1]
37141,       [1] 0
37141,       [2] 0
37141,       [3] 0
37141,       [4] 0
37141,       [5] 0
37141,       [6] 0
37141,       [7] 0
37141,       [8] 0
37141,       [9] 0
37141,       [10] 0
37141,       [11] 0
37141,       [12] 0
37141,       [13] 0
37141,       [14] 0
37141,       [15] 0
37141,       [16] 0
37141,       [17] 0
37141,       [18] 0
37141,       [19] 0
37141,       [20] 0
37141,       [21] 0
37141,       [22] 0
37141,       [23] 0
37141,       [24] 0
37141,     [2]
37141,       [1] 0
37141,       [2] 0
37141,       [3] 0
37141,       [4] 0
37141,       [5] 0
37141,       [6] 0
37141,       [7] 0
37141,       [8] 0
37141,       [9] 0
37141,       [10] 0
37141,       [11] 0
37141,       [12] 0
37141,     [3]
37141,       [1] 0
37141,       [2] 0
37141,       [3] 0
37141,       [4] 0
37141,       [5] 0
37141,       [6] 0
37141,       [7] 0
37141,       [8] 0
37141,     [4]
37141,       [1] 0
37141,       [2] 0
37141,       [3] 0
37141,       [4] 0
37141,       [5] 0
37141,       [6] 0
37141,     [8]
37141,       [1] 0
37141,       [2] 0
37141,       [3] 0
37141,     [hylist]
37141,   [20]
37141,     [1]
37141,       [1] 0
37141,       [2] 0
37141,       [3] 0
37141,       [4] 0
37141,       [5] 0
37141,       [6] 0
37141,       [7] 0
37141,       [8] 0
37141,       [9] 0
37141,       [10] 0
37141,       [11] 0
37141,       [12] 0
37141,       [13] 0
37141,       [14] 0
37141,       [15] 0
37141,       [16] 0
37141,       [17] 0
37141,       [18] 0
37141,       [19] 0
37141,       [20] 0
37141,       [21] 0
37141,       [22] 0
37141,       [23] 0
37141,       [24] 0
37141,     [2]
37141,       [1] 0
37141,       [2] 0
37141,       [3] 0
37141,       [4] 0
37141,       [5] 0
37141,       [6] 0
37141,       [7] 0
37141,       [8] 0
37141,       [9] 0
37141,       [10] 0
37141,       [11] 0
37141,       [12] 0
37141,     [3]
37141,       [1] 0
37141,       [2] 0
37141,       [3] 0
37141,       [4] 0
37141,       [5] 0
37141,       [6] 0
37141,       [7] 0
37141,       [8] 0
37141,     [4]
37141,       [1] 0
37141,       [2] 0
37141,       [3] 0
37141,       [4] 0
37141,       [5] 0
37141,       [6] 0
37141,     [8]
37141,       [1] 0
37141,       [2] 0
37141,       [3] 0
37141,     [hylist]
37141, [o_slotinfo]
37141,   [1] 1
37141,   [2] 2
37141,   [3] 3
37141,   [4] 4
37141,   [5] 5
37141,   [6] 6
37141,   [7] 7
37141,   [8] 8
37141,   [9] 9
37141,   [10] 10
37141,   [11] 11
37141,   [12] 12
37141,   [13] 13
37141,   [14] 14
37141,   [15] 15
37141,   [16] 16
37141,   [17] 17
37141,   [18] 18
37141,   [19] 19
37141,   [20] 20
37141,   [21] 21
37141,   [22] 22
37141,   [23] 23
37141,   [24] 24
37141, [hysetting]
37141, [datastate]
37141,   [1] 1
37141,   [3] 1
37141, [partlist]
37141, [TaoList]
37141,   [1]
37141,     [3] 3
37141,   [2]
37141,     [2] 2
37141,     [4] 1
37141, [schemename]
37141,   [1] 方案1
37141,   [2] 方案2
37141, [level] 25
37141, [o_hylist]
37141, [skillsetting]
37141,   [1] 0
37141,   [2] 0
37141,   [3] 0
37141,   [4] 0
37141,   [5] 0
37141, [schemesetting] 0
37141, [Buy_PartEx] 0
37141, [HeroList]
37141,   [1]
37141,     [149]
37141,       [1] 1
37141,       [maxNum] 1
37141,     [60]
37141,       [1] 1
37141,       [maxNum] 1
37141,   [2]
37141,     [88]
37141,       [1] 1
37141,       [maxNum] 1
37141,     [221]
37141,       [1] 1
37141,       [maxNum] 1
37141, [o_schemeinfo]
37141,   [1]
37141,   [2]
37141, [partsetting]
37141,   [1] 0
37141,   [2] 0
37141,   [3] 0
37141,   [4] 0
37141,   [5] 0
37141,   [6] 0
37141, [lastpartsetting]
37141,   [1] 0
37141,   [2] 0
37141,   [3] 0
37141,   [4] 0
37141,   [5] 0
37141,   [6] 0
37141, [hylist]
37141,   [73313944]
37141,     [attr]
37141,       [1]
37141,         [valuetype] 1
37141,         [value] 7409
37141,         [effstr] 生命上限
37141,         [id] 123
37141,       [2]
37141,         [valuetype] 1
37141,         [value] 259
37141,         [effstr] 每秒生命恢复
37141,         [id] 126
37141,       [3]
37141,         [valuetype] 2
37141,         [value] 324
37141,         [effstr] 生命上限
37141,         [id] 129
37141,       [4]
37141,         [valuetype] 2
37141,         [value] -1439
37141,         [effstr] 复活时间
37141,         [id] 132
37141,       [5]
37141,         [taoLv] 1
37141,         [taoId] 3
37141,         [valuetype] 2
37141,         [value] 500
37141,         [effstr] 生命上限
37141,         [id] 1010
37141,       [6]
37141,         [valuetype] 1
37141,         [value] 500
37141,         [effstr] 移动速度
37141,         [id] 241
37141,     [basic]
37141,       [attrnum] 6
37141,       [color] 1
37141,       [level] 5
37141,       [taoId] 3
37141,       [name] 0
37141,   [73310105]
37141,     [attr]
37141,       [1]
37141,         [valuetype] 1
37141,         [value] 493
37141,         [effstr] 物理攻击
37141,         [id] 23
37141,       [2]
37141,         [valuetype] 2
37141,         [value] 1296
37141,         [effstr] 暴击伤害
37141,         [id] 28
37141,       [3]
37141,         [valuetype] 1
37141,         [value] 156
37141,         [effstr] 法术抗性
37141,         [id] 125
37141,       [4]
37141,         [valuetype] 1
37141,         [value] 1080
37141,         [effstr] 移动速度
37141,         [id] 130
37141,       [5]
37141,         [taoLv] 1
37141,         [taoId] 3
37141,         [valuetype] 2
37141,         [value] 500
37141,         [effstr] 生命上限
37141,         [id] 1010
37141,       [6]
37141,         [taoLv] 1
37141,         [heroTaoId] 1
37141,         [valuetype] 0
37141,         [value] 0
37141,         [effstr] 0
37141,         [heroId] 149
37141,         [id] 1118
37141,       [7]
37141,         [valuetype] 1
37141,         [value] 7500
37141,         [effstr] 生命上限
37141,         [id] 239
37141,     [basic]
37141,       [heroTaoId] 1
37141,       [attrnum] 7
37141,       [heroId] 149
37141,       [color] 4
37141,       [level] 5
37141,       [taoId] 3
37141,       [name] 0
37141,   [73313938]
37141,     [attr]
37141,       [1]
37141,         [valuetype] 1
37141,         [value] 988
37141,         [effstr] 法术伤害
37141,         [id] 223
37141,       [2]
37141,         [valuetype] 1
37141,         [value] 10368
37141,         [effstr] 法力上限
37141,         [id] 224
37141,       [3]
37141,         [valuetype] 2
37141,         [value] 432
37141,         [effstr] 法术吸血
37141,         [id] 227
37141,       [4]
37141,         [valuetype] 2
37141,         [value] 450
37141,         [effstr] 法术暴击概率
37141,         [id] 231
37141,       [5]
37141,         [taoLv] 1
37141,         [taoId] 4
37141,         [valuetype] 2
37141,         [value] 500
37141,         [effstr] 法术技能伤害
37141,         [id] 1007
37141,       [6]
37141,         [valuetype] 1
37141,         [value] 400
37141,         [effstr] 移动速度
37141,         [id] 237
37141,     [basic]
37141,       [attrnum] 6
37141,       [color] 2
37141,       [level] 5
37141,       [taoId] 4
37141,       [name] 0
37141,   [54493689]
37141,     [attr]
37141,       [1]
37141,         [valuetype] 1
37141,         [value] 493
37141,         [effstr] 物理攻击
37141,         [id] 23
37141,       [2]
37141,         [valuetype] 2
37141,         [value] 360
37141,         [effstr] 基础攻击速度
37141,         [id] 31
37141,       [3]
37141,         [valuetype] 1
37141,         [value] 156
37141,         [effstr] 法术抗性
37141,         [id] 125
37141,       [4]
37141,         [valuetype] 2
37141,         [value] 864
37141,         [effstr] 控制时间减免
37141,         [id] 128
37141,       [5]
37141,         [taoLv] 1
37141,         [taoId] 3
37141,         [valuetype] 2
37141,         [value] 500
37141,         [effstr] 生命上限
37141,         [id] 1010
37141,       [6]
37141,         [taoLv] 1
37141,         [heroTaoId] 1
37141,         [valuetype] 0
37141,         [value] 0
37141,         [effstr] 0
37141,         [heroId] 60
37141,         [id] 1076
37141,       [7]
37141,         [valuetype] 1
37141,         [value] 500
37141,         [effstr] 移动速度
37141,         [id] 234
37141,     [basic]
37141,       [heroTaoId] 1
37141,       [attrnum] 7
37141,       [heroId] 60
37141,       [color] 4
37141,       [level] 5
37141,       [taoId] 3
37141,       [name] 0
37141,   [67824739]
37141,     [attr]
37141,       [1]
37141,         [valuetype] 1
37141,         [value] 104
37141,         [effstr] 护甲穿透
37141,         [id] 25
37141,       [2]
37141,         [valuetype] 2
37141,         [value] 864
37141,         [effstr] 生命偷取
37141,         [id] 27
37141,       [3]
37141,         [valuetype] 2
37141,         [value] 540
37141,         [effstr] 暴击概率
37141,         [id] 30
37141,       [4]
37141,         [valuetype] 1
37141,         [value] 7409
37141,         [effstr] 生命上限
37141,         [id] 123
37141,       [5]
37141,         [taoLv] 1
37141,         [taoId] 2
37141,         [valuetype] 2
37141,         [value] 500
37141,         [effstr] 普通攻击伤害
37141,         [id] 1004
37141,       [6]
37141,         [taoLv] 1
37141,         [heroTaoId] 1
37141,         [valuetype] 0
37141,         [value] 0
37141,         [effstr] 0
37141,         [heroId] 88
37141,         [id] 1145
37141,       [7]
37141,         [valuetype] 1
37141,         [value] 400
37141,         [effstr] 移动速度
37141,         [id] 233
37141,     [basic]
37141,       [heroTaoId] 1
37141,       [attrnum] 7
37141,       [heroId] 88
37141,       [color] 4
37141,       [level] 5
37141,       [taoId] 2
37141,       [name] 0
37141,   [69410534]
37141,     [attr]
37141,       [1]
37141,         [valuetype] 1
37141,         [value] 104
37141,         [effstr] 护甲穿透
37141,         [id] 25
37141,       [2]
37141,         [valuetype] 2
37141,         [value] 360
37141,         [effstr] 基础攻击速度
37141,         [id] 31
37141,       [3]
37141,         [valuetype] 2
37141,         [value] 864
37141,         [effstr] 控制时间减免
37141,         [id] 128
37141,       [4]
37141,         [valuetype] 1
37141,         [value] 988
37141,         [effstr] 法术伤害
37141,         [id] 223
37141,       [5]
37141,         [taoLv] 1
37141,         [taoId] 2
37141,         [valuetype] 2
37141,         [value] 500
37141,         [effstr] 普通攻击伤害
37141,         [id] 1004
37141,       [6]
37141,         [taoLv] 1
37141,         [heroTaoId] 1
37141,         [valuetype] 0
37141,         [value] 0
37141,         [effstr] 0
37141,         [heroId] 221
37141,         [id] 1016
37141,       [7]
37141,         [valuetype] 1
37141,         [value] 500
37141,         [effstr] 移动速度
37141,         [id] 234
37141,     [basic]
37141,       [heroTaoId] 1
37141,       [attrnum] 7
37141,       [heroId] 221
37141,       [color] 4
37141,       [level] 5
37141,       [taoId] 2
37141,       [name] 0
37141, [schemenum] 2
37141, [hysettinginfo]
37141, [slotinfo]
37141,   [1] 1
37141,   [2] 1
37141,   [3] 1
37141,   [4] 1
37141,   [5] 1
37141,   [6] 1
37141,   [7] 1
37141,   [8] 1
37141,   [9] 1
37141,   [10] 1
37141,   [11] 1
37141,   [12] 1
37141,   [13] 1
37141,   [14] 1
37141,   [15] 1
37141,   [16] 1
37141,   [17] 1
37141,   [18] 1
37141,   [19] 1
37141,   [20] 1
37141,   [21] 1
37141,   [22] 1
37141,   [23] 1
37141,   [24] 1
