5641, 2/101
5641, result=true
5997, 2/99
5997, result=true
6100, 10/97
6100, result=true
6214, 20/87
6214, result=true
31911, 1/67
31911, result=true
31996, 5/66
31996, result=true
32085, 10/61
32085, result=true
45302, 1/51
45302, result=true
45396, 5/50
45396, result=true
61057, 2/45
61057, result=true
61160, 10/43
61160, result=true
62599, 2/33
62599, result=true
69216, 2/31
69216, result=true
75875, 2/29
75875, result=true
78482, 2/27
78482, result=true
78572, 10/25
78572, result=true
87430, 2/15
87430, result=true
91651, 2/13
91651, result=true
91738, 10/11
91738, result=true
