158411, ===[1][心境比较平淡][曹丕]===
158411, 0
158411, 0
158411, 0
158411, --------
158411, 司马懿 精忠 ★
158411, 魏延 精忠 ★
158411, 张角 精忠 ★
158411, 朱雀 ★ ★ ★
158411, 护甲穿透 + 1.04
158411, 复活时间 + -14.39％
158411, 法术伤害 + 29.64
158411, 法术暴击伤害 + 6.48％
158411, 移动速度 + 20.8
158411, 法术穿透 + 1.82
158411, 法术伤害 + 2.59％
158411, 冷却缩减 + 6.3％
158411, 法术吸血 + 4.32％
158411, 生命上限 + 75
158411, ===[2][找偷情少妇][马超]===
158411, 0
158411, 0
158411, 0
158411, --------
158411, 马超 精忠 ★ ★ ★
158411, 白虎 ★
158411, 玄武 ★ ★
158411, 物理攻击 + 14.79
158411, 暴击伤害 + 38.88％
158411, 暴击概率 + 5.4％
158411, 物理防御 + 1.56
158411, 移动速度 + 19.8
158411, 攻击速度 + 25.92％
158411, 复活时间 + -14.39％
158411, 生命上限 + 75
158411, ===[3][包子没有腰丶][贾诩]===
158411, 0
158411, 0
158411, 0
158411, 0
158411, 0
158411, 0
158411, --------
158411, 生命上限 + 164.64
158411, 法术抗性 + 2.58
158411, 控制时间减免 + 4.8％
158411, 移动速度 + 36
158411, 生命上限 + 3.6％
158411, 每秒生命恢复 + 1.44
158411, 物理攻击 + 5.48
158411, 击中生命恢复 + 28.8
158411, 暴击伤害 + 14.4％
158411, 每秒获得金钱 + 0.36
158411, ===[4][爽儿亲亲][鲁肃]===
158411, 0
158411, 0
158411, 0
158411, --------
158411, 马超 精忠 ★
158411, 赵云 精忠 ★
158411, 玄武 ★ ★ ★
158411, 生命上限 + 149.09
158411, 每秒生命恢复 + 2.59
158411, 生命上限 + 3.24％
158411, 复活时间 + -14.39％
158411, 移动速度 + 20.8
158411, 物理攻击 + 9.86
158411, 暴击伤害 + 12.96％
158411, 法术抗性 + 3.12
158411, 基础攻击速度 + 3.6％
158411, 控制时间减免 + 8.64％
158411, ===[5][小黄啊啊啊啊123][赵云]===
158411, 0
158411, 0
158411, 0
158411, 0
158411, 0
158411, 0
158411, --------
158411, 孙策 精忠 ★
158411, 白虎 ★
158411, 护甲穿透 + 1.04
158411, 物理攻击 + 13.12％
158411, 护甲穿透 + 4.5％
158411, 生命上限 + 95.09
158411, 移动速度 + 3
158411, 物理攻击 + 9.4
158411, 击中生命恢复 + 52.8
158411, 基础攻击速度 + 4％
158411, 攻击速度 + 5％
158411, ===[6][再续那温柔][夏侯恩]===
158411, 0
158411, 0
158411, 0
158411, --------
158411, 夏侯恩 精忠 ★ ★
158411, 马岱 精忠 ★
158411, 白虎 ★ ★
158411, 玄武 ★
158411, 物理攻击 + 14.79
158411, 护甲穿透 + 2.08
158411, 暴击伤害 + 25.92％
158411, 移动速度 + 32.4
158411, 生命上限 + 225
158411, 物理攻击 + 4.32％
158411, 攻击速度 + 12.96％
158411, ===[7][消逝地承诺][孙权]===
158411, 0
158411, 0
158411, 0
158411, --------
158411, 黄月英 精忠 ★ ★
158411, 祝融夫人 精忠 ★
158411, 朱雀 ★ ★ ★
158411, 移动速度 + 24.6
158411, 法术伤害 + 29.64
158411, 法术穿透 + 2.73
158411, 法术暴击伤害 + 19.44％
158411, 生命上限 + 150
158411, 法术穿透 + 4.5％
158411, ===[8][hejiting][高顺]===
158411, 0
158411, 0
158411, 0
158411, --------
158411, 赵云 精忠 ★ ★ ★
158411, 青龙 ★ ★ ★
158411, 物理攻击 + 9.86
158411, 护甲穿透 + 2.08
158411, 暴击概率 + 10.8％
158411, 法术伤害 + 7.77％
158411, 移动速度 + 12
158411, 生命上限 + 74.09
158411, 法术抗性 + 1.56
158411, 伤害减免 + 2.7％
158411, ===[9][q421628632][郭嘉]===
158411, 0
158411, 0
158411, 0
158411, --------
158411, 青龙 ★
158411, 白虎 ★ ★
158411, 生命上限 + 297.27
158411, 每秒生命恢复 + 5.18
158411, 每秒获得金钱 + 1.3
158411, 复活时间 + -28.78％
158411, 移动速度 + 20.8
158411, 物理防御 + 1.56
158411, 控制时间减免 + 8.64％
158411, ===[10][右耳钉丶残恋][司马懿]===
158411, 0
158411, 0
158411, 0
158411, --------
158411, 孙策 精忠 ★
158411, 鲁肃 精忠 ★
158411, 李典 精忠 ★
158411, 朱雀 ★ ★ ★
158411, 法术伤害 + 29.64
158411, 法术穿透 + 1.82
158411, 法术暴击伤害 + 12.96％
158411, 冷却缩减 + 6.3％
158411, 移动速度 + 13
158411, 暴击伤害 + 12.96％
158411, 法术暴击概率 + 4.5％
158411, 击中生命恢复 + 25.92
158411, 暴击概率 + 5.4％
158411, ===[11][手指太阳说丨曰][孙尚香]===
158411, 0
158411, 0
158411, 0
158411, --------
158411, 关羽 精忠 ★
158411, 玄武 ★
158411, 朱雀 ★ ★
158411, 物理攻击 + 14.79
158411, 攻击速度 + 25.92％
158411, 物理攻击 + 8.64％
158411, 护甲穿透 + 4.5％
158411, 移动速度 + 12
158411, 暴击概率 + 5.4％
158411, 每秒生命恢复 + 2.59
158411, 生命上限 + 3.24％
158411, 基础攻击速度 + 3.6％
158411, ===[12][天下无双灬独眼][曹洪]===
158411, 0
158411, 0
158411, 0
158411, 0
158411, 0
158411, 0
158411, --------
158411, 攻击速度 + 7.2％
158411, 生命上限 + 123.48
158411, 控制时间减免 + 4.8％
158411, 伤害减免 + 1.5％
158411, 物理攻击 + 4.8％
158411, 复活时间 + -16％
158411, 法术伤害 + 5.49
158411, 法术穿透 + 1
158411, 物理攻击 + 5.48
158411, 基础攻击速度 + 6％
158411, 法术抗性 + 0.86
158411, 法术伤害 + 1.44％
158411, 物理防御 + 1.72
158411, 生命上限 + 1.8％
158411, 暴击伤害 + 7.2％
158411, ===[13][威芬520][马岱]===
158411, 0
158411, 0
158411, 0
158411, --------
158411, 蒋钦 精忠 ★
158411, 青龙 ★ ★
158411, 朱雀 ★
158411, 物理攻击 + 9.86
158411, 护甲穿透 + 2.08
158411, 物理攻击 + 4.32％
158411, 移动速度 + 32.4
158411, 生命上限 + 299.09
158411, 法术抗性 + 1.56
158411, 控制时间减免 + 8.64％
158411, 暴击伤害 + 12.96％
158411, ===[14][把莪遗忘][邓艾]===
158411, 0
158411, 0
158411, 0
158411, 0
158411, --------
158411, 祝融夫人 精忠 ★ ★
158411, 玄武 ★
158411, 白虎 ★
158411, 生命上限 + 115.25
158411, 物理防御 + 1.56
158411, 控制时间减免 + 8.64％
158411, 伤害减免 + 2.7％
158411, 移动速度 + 14
158411, 法术抗性 + 0.86
158411, 每秒获得金钱 + 0.36
158411, 物理攻击 + 7.67
158411, 护甲穿透 + 1.62
158411, 生命偷取 + 13.44％
158411, 暴击概率 + 5.4％
158411, 基础攻击速度 + 2％
158411, ===[15][txp000][蒋琬]===
158411, 0
158411, 0
158411, 0
158411, --------
158411, 周瑜 精忠 ★ ★ ★
158411, 青龙 ★ ★ ★
158411, 物理攻击 + 14.79
158411, 击中生命恢复 + 77.76
158411, 物理攻击 + 12.96％
158411, 冷却缩减 + 6.3％
158411, 移动速度 + 26.6
158411, 生命上限 + 150
158411, ===[16][新手三百三][法正]===
158411, 0
158411, 0
158411, 0
158411, --------
158411, 马云禄 精忠 ★
158411, 马岱 精忠 ★
158411, 吕布 精忠 ★
158411, 白虎 ★ ★
158411, 玄武 ★
158411, 物理攻击 + 14.79
158411, 物理攻击 + 4.32％
158411, 暴击概率 + 5.4％
158411, 物理防御 + 1.56
158411, 移动速度 + 19.8
158411, 护甲穿透 + 1.04
158411, 暴击伤害 + 12.96％
158411, 生命上限 + 75
158411, 基础攻击速度 + 3.6％
158411, 每秒生命恢复 + 2.59
158411, 法术吸血 + 4.32％
158411, ===[17][珉昊2][祝融夫人]===
158411, 0
158411, 0
158411, 0
158411, --------
158411, 小乔 精忠 ★ ★ ★
158411, 青龙 ★ ★ ★
158411, 物理攻击 + 14.79
158411, 攻击速度 + 38.88％
158411, 暴击伤害 + 12.96％
158411, 冷却缩减 + 6.3％
158411, 移动速度 + 13
158411, 基础攻击速度 + 3.6％
158411, 法术吸血 + 4.32％
158411, 护甲穿透 + 4.5％
158411, 控制时间减免 + 8.64％
158411, ===[18][大猛子3][甘宁]===
158411, 0
158411, 0
158411, 0
158411, --------
158411, 马超 精忠 ★
158411, 许褚 精忠 ★
158411, 祝融夫人 精忠 ★
158411, 玄武 ★ ★ ★
158411, 生命上限 + 373.18
158411, 物理防御 + 1.56
158411, 生命上限 + 3.24％
158411, 移动速度 + 32.4
158411, 暴击伤害 + 12.96％
158411, 每秒法力恢复 + 0.52
158411, 物理攻击 + 4.93
158411, 护甲穿透 + 1.04
158411, 每秒获得金钱 + 0.65
158411, ===[19][一级就被杀][张A]===
158411, 0
158411, 0
158411, 0
158411, --------
158411, 马岱 精忠 ★ ★ ★
158411, 白虎 ★ ★ ★
158411, 物理攻击 + 14.79
158411, 护甲穿透 + 3.12
158411, 暴击伤害 + 38.88％
158411, 暴击概率 + 10.8％
158411, 移动速度 + 12
158411, 伤害减免 + 2.7％
158411, ===[20][我的懿宝][典韦]===
158411, 0
158411, 0
158411, 0
158411, --------
158411, 青龙 ★ ★
158411, 白虎 ★
158411, 物理攻击 + 14.79
158411, 攻击速度 + 38.88％
158411, 暴击伤害 + 25.92％
158411, 移动速度 + 32.4
158411, 生命上限 + 225
158411, 生命偷取 + 8.64％
