4533, 存储数据, 玩家4,w0426251,1项画质: 1	数据长度是1	数据类型为number
4533, 存储数据, 玩家4,w0426251,2项滚屏速度: 20	数据长度是8	数据类型为number
4533, 存储数据, 玩家4,w0426251,3项更新内容面板开关: 0	数据长度是1	数据类型为number
4533, 存储数据, 玩家4,w0426251,4项游戏版本号: 1696	数据长度是16	数据类型为number
4533, 存储数据, 玩家4,w0426251,5项语音: 0	数据长度是1	数据类型为number
4533, 存储数据, 玩家4,w0426251,6项音响: 0	数据长度是1	数据类型为number
4533, 存储数据, 玩家4,w0426251,7项麦克风: 0	数据长度是1	数据类型为number
4533, 存储数据, 玩家4,w0426251,8项音响大小: 0	数据长度是8	数据类型为number
4533, 存储数据, 玩家4,w0426251,9项麦克风大小: 0	数据长度是8	数据类型为number
4533, 存储数据, 玩家4,w0426251,10项未知: 1	数据长度是1	数据类型为number
4533, 存储数据, 玩家4,w0426251,11项光照: 99	数据长度是8	数据类型为number
4533, 存储数据, 玩家4,w0426251,12项新F11面板模式: 1	数据长度是1	数据类型为number
4533, 存储数据, 玩家4,w0426251,13项血条区分敌我: 1	数据长度是1	数据类型为number
4533, 存储数据, 玩家4,w0426251,14项快捷键1: 41	数据长度是16	数据类型为number
4533, 存储数据, 玩家4,w0426251,15项快捷键2: 43	数据长度是16	数据类型为number
4533, 存储数据, 玩家4,w0426251,16项快捷键3: 61	数据长度是16	数据类型为number
4533, 存储数据, 玩家4,w0426251,17项快捷键4: 42	数据长度是16	数据类型为number
4533, 存储数据, 玩家4,w0426251,18项快捷键5: 56	数据长度是16	数据类型为number
4533, 存储数据, 玩家4,w0426251,19项快捷键6: 53	数据长度是16	数据类型为number
4533, 存储数据, 玩家4,w0426251,20项快捷键7: 541	数据长度是16	数据类型为number
4533, 存储数据, 玩家4,w0426251,21项快捷键8: 542	数据长度是16	数据类型为number
4533, 存储数据, 玩家4,w0426251,22项快捷键9: 543	数据长度是16	数据类型为number
4533, 存储数据, 玩家4,w0426251,23项快捷键10: 544	数据长度是16	数据类型为number
4533, 存储数据, 玩家4,w0426251,24项快捷键11: 545	数据长度是16	数据类型为number
4533, 存储数据, 玩家4,w0426251,25项快捷键12: 546	数据长度是16	数据类型为number
4533, 存储数据, 玩家4,w0426251,26项快捷键13: 547	数据长度是16	数据类型为number
4533, 存储数据, 玩家4,w0426251,27项快捷键14: 548	数据长度是16	数据类型为number
4533, 存储数据, 玩家4,w0426251,28项快捷键15: 549	数据长度是16	数据类型为number
4533, 存储数据, 玩家4,w0426251,29项快捷键16: 573	数据长度是16	数据类型为number
4533, 存储数据, 玩家4,w0426251,30项快捷键17: 555	数据长度是16	数据类型为number
4533, 存储数据, 玩家4,w0426251,31项快捷键18: 568	数据长度是16	数据类型为number
4533, 存储数据, 玩家4,w0426251,32项是否显示刀光: 1	数据长度是1	数据类型为number
4533, 存储数据, 玩家4,w0426251,33项显示刀光编号: 1	数据长度是8	数据类型为number
4533, 存储数据, 玩家4,w0426251,34项不显示翅膀: 1	数据长度是1	数据类型为number
4533, 存储数据, 玩家4,w0426251,35项显示翅膀编号: 0	数据长度是8	数据类型为number
4533, 存储数据, 玩家4,w0426251,36项孔明灯: 0	数据长度是8	数据类型为number
4533, 存储数据, 玩家4,w0426251,37项免控表现: 0	数据长度是8	数据类型为number
4533, 存储数据, 玩家4,w0426251,38项窗口锁定: 0	数据长度是8	数据类型为number
4533, 存储数据, 玩家4,w0426251,39项打孔明灯: 0	数据长度是8	数据类型为number
4533, 存储数据, 玩家4,w0426251,40项小地图头像: 0	数据长度是8	数据类型为number
4533, 存储数据, 玩家4,w0426251,41项画笔库6: 0	数据长度是8	数据类型为number
4533, 存储数据, 玩家4,w0426251,42项画笔库7: 0	数据长度是8	数据类型为number
4533, 存储数据, 玩家4,w0426251,43项画笔库8: 0	数据长度是8	数据类型为number
4533, 存储数据, 玩家4,w0426251,44项会员功能1: 1	数据长度是1	数据类型为number
4533, 存储数据, 玩家4,w0426251,45项会员功能2: 1	数据长度是1	数据类型为number
4533, 存储数据, 玩家4,w0426251,46项会员功能3: 1	数据长度是1	数据类型为number
4533, 存储数据, 玩家4,w0426251,47项会员功能4: 1	数据长度是1	数据类型为number
4533, 存储数据, 玩家4,w0426251,48项会员功能5: 1	数据长度是1	数据类型为number
4533, 存储数据, 玩家4,w0426251,49项会员功能6: 1	数据长度是1	数据类型为number
4533, 存储数据, 玩家4,w0426251,50项会员功能7: 1	数据长度是1	数据类型为number
4533, 存储数据, 玩家4,w0426251,51项会员功能8: 1	数据长度是1	数据类型为number
4533, 存储数据, 玩家4,w0426251,52项新商店左侧扩展面板: 1	数据长度是1	数据类型为number
4533, 存储数据, 玩家4,w0426251,53项新商店上部扩展面板: 1	数据长度是1	数据类型为number
4533, 存储数据, 玩家4,w0426251,54项新商店购买方式: 0	数据长度是1	数据类型为number
4533, 存储数据, 玩家4,w0426251,55项新商店商店模式: 1	数据长度是1	数据类型为number
4533, 存储数据, 玩家4,w0426251,56项预扣血模式: 0	数据长度是1	数据类型为number
4533, 存储数据, 玩家4,w0426251,57项回城特效: 0	数据长度是8	数据类型为number
17545, 存储数据, 玩家12,哥不是软柿子,1项画质: 1	数据长度是1	数据类型为number
17545, 存储数据, 玩家12,哥不是软柿子,2项滚屏速度: 12	数据长度是8	数据类型为number
17545, 存储数据, 玩家12,哥不是软柿子,3项更新内容面板开关: 0	数据长度是1	数据类型为number
17545, 存储数据, 玩家12,哥不是软柿子,4项游戏版本号: 1696	数据长度是16	数据类型为number
17545, 存储数据, 玩家12,哥不是软柿子,5项语音: 0	数据长度是1	数据类型为number
17545, 存储数据, 玩家12,哥不是软柿子,6项音响: 0	数据长度是1	数据类型为number
17545, 存储数据, 玩家12,哥不是软柿子,7项麦克风: 0	数据长度是1	数据类型为number
17545, 存储数据, 玩家12,哥不是软柿子,8项音响大小: 0	数据长度是8	数据类型为number
17545, 存储数据, 玩家12,哥不是软柿子,9项麦克风大小: 51	数据长度是8	数据类型为number
17545, 存储数据, 玩家12,哥不是软柿子,10项未知: 1	数据长度是1	数据类型为number
17545, 存储数据, 玩家12,哥不是软柿子,11项光照: 99	数据长度是8	数据类型为number
17545, 存储数据, 玩家12,哥不是软柿子,12项新F11面板模式: 1	数据长度是1	数据类型为number
17545, 存储数据, 玩家12,哥不是软柿子,13项血条区分敌我: 1	数据长度是1	数据类型为number
17545, 存储数据, 玩家12,哥不是软柿子,14项快捷键1: 41	数据长度是16	数据类型为number
17545, 存储数据, 玩家12,哥不是软柿子,15项快捷键2: 43	数据长度是16	数据类型为number
17545, 存储数据, 玩家12,哥不是软柿子,16项快捷键3: 61	数据长度是16	数据类型为number
17545, 存储数据, 玩家12,哥不是软柿子,17项快捷键4: 42	数据长度是16	数据类型为number
17545, 存储数据, 玩家12,哥不是软柿子,18项快捷键5: 56	数据长度是16	数据类型为number
17545, 存储数据, 玩家12,哥不是软柿子,19项快捷键6: 53	数据长度是16	数据类型为number
17545, 存储数据, 玩家12,哥不是软柿子,20项快捷键7: 541	数据长度是16	数据类型为number
17545, 存储数据, 玩家12,哥不是软柿子,21项快捷键8: 542	数据长度是16	数据类型为number
17545, 存储数据, 玩家12,哥不是软柿子,22项快捷键9: 543	数据长度是16	数据类型为number
17545, 存储数据, 玩家12,哥不是软柿子,23项快捷键10: 544	数据长度是16	数据类型为number
17545, 存储数据, 玩家12,哥不是软柿子,24项快捷键11: 545	数据长度是16	数据类型为number
17545, 存储数据, 玩家12,哥不是软柿子,25项快捷键12: 546	数据长度是16	数据类型为number
17545, 存储数据, 玩家12,哥不是软柿子,26项快捷键13: 64	数据长度是16	数据类型为number
17545, 存储数据, 玩家12,哥不是软柿子,27项快捷键14: 548	数据长度是16	数据类型为number
17545, 存储数据, 玩家12,哥不是软柿子,28项快捷键15: 44	数据长度是16	数据类型为number
17545, 存储数据, 玩家12,哥不是软柿子,29项快捷键16: 567	数据长度是16	数据类型为number
17545, 存储数据, 玩家12,哥不是软柿子,30项快捷键17: 555	数据长度是16	数据类型为number
17545, 存储数据, 玩家12,哥不是软柿子,31项快捷键18: 568	数据长度是16	数据类型为number
17545, 存储数据, 玩家12,哥不是软柿子,32项是否显示刀光: 1	数据长度是1	数据类型为number
17545, 存储数据, 玩家12,哥不是软柿子,33项显示刀光编号: 8	数据长度是8	数据类型为number
17545, 存储数据, 玩家12,哥不是软柿子,34项不显示翅膀: 0	数据长度是1	数据类型为number
17545, 存储数据, 玩家12,哥不是软柿子,35项显示翅膀编号: 1	数据长度是8	数据类型为number
17545, 存储数据, 玩家12,哥不是软柿子,36项孔明灯: 0	数据长度是8	数据类型为number
17545, 存储数据, 玩家12,哥不是软柿子,37项免控表现: 0	数据长度是8	数据类型为number
17545, 存储数据, 玩家12,哥不是软柿子,38项窗口锁定: 0	数据长度是8	数据类型为number
17545, 存储数据, 玩家12,哥不是软柿子,39项打孔明灯: 0	数据长度是8	数据类型为number
17545, 存储数据, 玩家12,哥不是软柿子,40项小地图头像: 1	数据长度是8	数据类型为number
17545, 存储数据, 玩家12,哥不是软柿子,41项画笔库6: 0	数据长度是8	数据类型为number
17545, 存储数据, 玩家12,哥不是软柿子,42项画笔库7: 0	数据长度是8	数据类型为number
17545, 存储数据, 玩家12,哥不是软柿子,43项画笔库8: 0	数据长度是8	数据类型为number
17545, 存储数据, 玩家12,哥不是软柿子,44项会员功能1: 1	数据长度是1	数据类型为number
17545, 存储数据, 玩家12,哥不是软柿子,45项会员功能2: 1	数据长度是1	数据类型为number
17545, 存储数据, 玩家12,哥不是软柿子,46项会员功能3: 0	数据长度是1	数据类型为number
17545, 存储数据, 玩家12,哥不是软柿子,47项会员功能4: 1	数据长度是1	数据类型为number
17545, 存储数据, 玩家12,哥不是软柿子,48项会员功能5: 1	数据长度是1	数据类型为number
17545, 存储数据, 玩家12,哥不是软柿子,49项会员功能6: 1	数据长度是1	数据类型为number
17545, 存储数据, 玩家12,哥不是软柿子,50项会员功能7: 1	数据长度是1	数据类型为number
17545, 存储数据, 玩家12,哥不是软柿子,51项会员功能8: 1	数据长度是1	数据类型为number
17545, 存储数据, 玩家12,哥不是软柿子,52项新商店左侧扩展面板: 1	数据长度是1	数据类型为number
17545, 存储数据, 玩家12,哥不是软柿子,53项新商店上部扩展面板: 1	数据长度是1	数据类型为number
17545, 存储数据, 玩家12,哥不是软柿子,54项新商店购买方式: 0	数据长度是1	数据类型为number
17545, 存储数据, 玩家12,哥不是软柿子,55项新商店商店模式: 1	数据长度是1	数据类型为number
17545, 存储数据, 玩家12,哥不是软柿子,56项预扣血模式: 1	数据长度是1	数据类型为number
17545, 存储数据, 玩家12,哥不是软柿子,57项回城特效: 0	数据长度是8	数据类型为number
158706, 存储数据, 玩家1,心境比较平淡,1项画质: 1	数据长度是1	数据类型为number
158706, 存储数据, 玩家1,心境比较平淡,2项滚屏速度: 20	数据长度是8	数据类型为number
158706, 存储数据, 玩家1,心境比较平淡,3项更新内容面板开关: 0	数据长度是1	数据类型为number
158706, 存储数据, 玩家1,心境比较平淡,4项游戏版本号: 1696	数据长度是16	数据类型为number
158706, 存储数据, 玩家1,心境比较平淡,5项语音: 0	数据长度是1	数据类型为number
158706, 存储数据, 玩家1,心境比较平淡,6项音响: 0	数据长度是1	数据类型为number
158706, 存储数据, 玩家1,心境比较平淡,7项麦克风: 0	数据长度是1	数据类型为number
158706, 存储数据, 玩家1,心境比较平淡,8项音响大小: 0	数据长度是8	数据类型为number
158706, 存储数据, 玩家1,心境比较平淡,9项麦克风大小: 0	数据长度是8	数据类型为number
158706, 存储数据, 玩家1,心境比较平淡,10项未知: 1	数据长度是1	数据类型为number
158706, 存储数据, 玩家1,心境比较平淡,11项光照: 99	数据长度是8	数据类型为number
158706, 存储数据, 玩家1,心境比较平淡,12项新F11面板模式: 1	数据长度是1	数据类型为number
158706, 存储数据, 玩家1,心境比较平淡,13项血条区分敌我: 1	数据长度是1	数据类型为number
158706, 存储数据, 玩家1,心境比较平淡,14项快捷键1: 41	数据长度是16	数据类型为number
158706, 存储数据, 玩家1,心境比较平淡,15项快捷键2: 43	数据长度是16	数据类型为number
158706, 存储数据, 玩家1,心境比较平淡,16项快捷键3: 61	数据长度是16	数据类型为number
158706, 存储数据, 玩家1,心境比较平淡,17项快捷键4: 42	数据长度是16	数据类型为number
158706, 存储数据, 玩家1,心境比较平淡,18项快捷键5: 56	数据长度是16	数据类型为number
158706, 存储数据, 玩家1,心境比较平淡,19项快捷键6: 53	数据长度是16	数据类型为number
158706, 存储数据, 玩家1,心境比较平淡,20项快捷键7: 541	数据长度是16	数据类型为number
158706, 存储数据, 玩家1,心境比较平淡,21项快捷键8: 542	数据长度是16	数据类型为number
158706, 存储数据, 玩家1,心境比较平淡,22项快捷键9: 543	数据长度是16	数据类型为number
158706, 存储数据, 玩家1,心境比较平淡,23项快捷键10: 544	数据长度是16	数据类型为number
158706, 存储数据, 玩家1,心境比较平淡,24项快捷键11: 545	数据长度是16	数据类型为number
158706, 存储数据, 玩家1,心境比较平淡,25项快捷键12: 546	数据长度是16	数据类型为number
158706, 存储数据, 玩家1,心境比较平淡,26项快捷键13: 547	数据长度是16	数据类型为number
158706, 存储数据, 玩家1,心境比较平淡,27项快捷键14: 548	数据长度是16	数据类型为number
158706, 存储数据, 玩家1,心境比较平淡,28项快捷键15: 549	数据长度是16	数据类型为number
158706, 存储数据, 玩家1,心境比较平淡,29项快捷键16: 573	数据长度是16	数据类型为number
158706, 存储数据, 玩家1,心境比较平淡,30项快捷键17: 555	数据长度是16	数据类型为number
158706, 存储数据, 玩家1,心境比较平淡,31项快捷键18: 568	数据长度是16	数据类型为number
158706, 存储数据, 玩家1,心境比较平淡,32项是否显示刀光: 1	数据长度是1	数据类型为number
158706, 存储数据, 玩家1,心境比较平淡,33项显示刀光编号: 14	数据长度是8	数据类型为number
158706, 存储数据, 玩家1,心境比较平淡,34项不显示翅膀: 0	数据长度是1	数据类型为number
158706, 存储数据, 玩家1,心境比较平淡,35项显示翅膀编号: 3	数据长度是8	数据类型为number
158706, 存储数据, 玩家1,心境比较平淡,36项孔明灯: 6	数据长度是8	数据类型为number
158706, 存储数据, 玩家1,心境比较平淡,37项免控表现: 0	数据长度是8	数据类型为number
158706, 存储数据, 玩家1,心境比较平淡,38项窗口锁定: 0	数据长度是8	数据类型为number
158706, 存储数据, 玩家1,心境比较平淡,39项打孔明灯: 0	数据长度是8	数据类型为number
158706, 存储数据, 玩家1,心境比较平淡,40项小地图头像: 0	数据长度是8	数据类型为number
158706, 存储数据, 玩家1,心境比较平淡,41项画笔库6: 0	数据长度是8	数据类型为number
158706, 存储数据, 玩家1,心境比较平淡,42项画笔库7: 0	数据长度是8	数据类型为number
158706, 存储数据, 玩家1,心境比较平淡,43项画笔库8: 0	数据长度是8	数据类型为number
158706, 存储数据, 玩家1,心境比较平淡,44项会员功能1: 1	数据长度是1	数据类型为number
158706, 存储数据, 玩家1,心境比较平淡,45项会员功能2: 1	数据长度是1	数据类型为number
158706, 存储数据, 玩家1,心境比较平淡,46项会员功能3: 1	数据长度是1	数据类型为number
158706, 存储数据, 玩家1,心境比较平淡,47项会员功能4: 1	数据长度是1	数据类型为number
158706, 存储数据, 玩家1,心境比较平淡,48项会员功能5: 1	数据长度是1	数据类型为number
158706, 存储数据, 玩家1,心境比较平淡,49项会员功能6: 1	数据长度是1	数据类型为number
158706, 存储数据, 玩家1,心境比较平淡,50项会员功能7: 1	数据长度是1	数据类型为number
158706, 存储数据, 玩家1,心境比较平淡,51项会员功能8: 1	数据长度是1	数据类型为number
158706, 存储数据, 玩家1,心境比较平淡,52项新商店左侧扩展面板: 1	数据长度是1	数据类型为number
158706, 存储数据, 玩家1,心境比较平淡,53项新商店上部扩展面板: 1	数据长度是1	数据类型为number
158706, 存储数据, 玩家1,心境比较平淡,54项新商店购买方式: 0	数据长度是1	数据类型为number
158706, 存储数据, 玩家1,心境比较平淡,55项新商店商店模式: 0	数据长度是1	数据类型为number
158706, 存储数据, 玩家1,心境比较平淡,56项预扣血模式: 0	数据长度是1	数据类型为number
158706, 存储数据, 玩家1,心境比较平淡,57项回城特效: 4	数据长度是8	数据类型为number
158706, 存储数据, 玩家2,找偷情少妇,1项画质: 1	数据长度是1	数据类型为number
158706, 存储数据, 玩家2,找偷情少妇,2项滚屏速度: 14	数据长度是8	数据类型为number
158706, 存储数据, 玩家2,找偷情少妇,3项更新内容面板开关: 0	数据长度是1	数据类型为number
158706, 存储数据, 玩家2,找偷情少妇,4项游戏版本号: 1696	数据长度是16	数据类型为number
158706, 存储数据, 玩家2,找偷情少妇,5项语音: 0	数据长度是1	数据类型为number
158706, 存储数据, 玩家2,找偷情少妇,6项音响: 0	数据长度是1	数据类型为number
158706, 存储数据, 玩家2,找偷情少妇,7项麦克风: 0	数据长度是1	数据类型为number
158706, 存储数据, 玩家2,找偷情少妇,8项音响大小: 0	数据长度是8	数据类型为number
158706, 存储数据, 玩家2,找偷情少妇,9项麦克风大小: 0	数据长度是8	数据类型为number
158706, 存储数据, 玩家2,找偷情少妇,10项未知: 1	数据长度是1	数据类型为number
158706, 存储数据, 玩家2,找偷情少妇,11项光照: 99	数据长度是8	数据类型为number
158706, 存储数据, 玩家2,找偷情少妇,12项新F11面板模式: 1	数据长度是1	数据类型为number
158706, 存储数据, 玩家2,找偷情少妇,13项血条区分敌我: 1	数据长度是1	数据类型为number
158706, 存储数据, 玩家2,找偷情少妇,14项快捷键1: 41	数据长度是16	数据类型为number
158706, 存储数据, 玩家2,找偷情少妇,15项快捷键2: 43	数据长度是16	数据类型为number
158706, 存储数据, 玩家2,找偷情少妇,16项快捷键3: 61	数据长度是16	数据类型为number
158706, 存储数据, 玩家2,找偷情少妇,17项快捷键4: 42	数据长度是16	数据类型为number
158706, 存储数据, 玩家2,找偷情少妇,18项快捷键5: 56	数据长度是16	数据类型为number
158706, 存储数据, 玩家2,找偷情少妇,19项快捷键6: 53	数据长度是16	数据类型为number
158706, 存储数据, 玩家2,找偷情少妇,20项快捷键7: 541	数据长度是16	数据类型为number
158706, 存储数据, 玩家2,找偷情少妇,21项快捷键8: 542	数据长度是16	数据类型为number
158706, 存储数据, 玩家2,找偷情少妇,22项快捷键9: 543	数据长度是16	数据类型为number
158706, 存储数据, 玩家2,找偷情少妇,23项快捷键10: 544	数据长度是16	数据类型为number
158706, 存储数据, 玩家2,找偷情少妇,24项快捷键11: 545	数据长度是16	数据类型为number
158706, 存储数据, 玩家2,找偷情少妇,25项快捷键12: 546	数据长度是16	数据类型为number
158706, 存储数据, 玩家2,找偷情少妇,26项快捷键13: 547	数据长度是16	数据类型为number
158706, 存储数据, 玩家2,找偷情少妇,27项快捷键14: 548	数据长度是16	数据类型为number
158706, 存储数据, 玩家2,找偷情少妇,28项快捷键15: 549	数据长度是16	数据类型为number
158706, 存储数据, 玩家2,找偷情少妇,29项快捷键16: 573	数据长度是16	数据类型为number
158706, 存储数据, 玩家2,找偷情少妇,30项快捷键17: 555	数据长度是16	数据类型为number
158706, 存储数据, 玩家2,找偷情少妇,31项快捷键18: 568	数据长度是16	数据类型为number
158706, 存储数据, 玩家2,找偷情少妇,32项是否显示刀光: 1	数据长度是1	数据类型为number
158706, 存储数据, 玩家2,找偷情少妇,33项显示刀光编号: 10	数据长度是8	数据类型为number
158706, 存储数据, 玩家2,找偷情少妇,34项不显示翅膀: 0	数据长度是1	数据类型为number
158706, 存储数据, 玩家2,找偷情少妇,35项显示翅膀编号: 5	数据长度是8	数据类型为number
158706, 存储数据, 玩家2,找偷情少妇,36项孔明灯: 0	数据长度是8	数据类型为number
158706, 存储数据, 玩家2,找偷情少妇,37项免控表现: 0	数据长度是8	数据类型为number
158706, 存储数据, 玩家2,找偷情少妇,38项窗口锁定: 0	数据长度是8	数据类型为number
158706, 存储数据, 玩家2,找偷情少妇,39项打孔明灯: 0	数据长度是8	数据类型为number
158706, 存储数据, 玩家2,找偷情少妇,40项小地图头像: 0	数据长度是8	数据类型为number
158706, 存储数据, 玩家2,找偷情少妇,41项画笔库6: 0	数据长度是8	数据类型为number
158706, 存储数据, 玩家2,找偷情少妇,42项画笔库7: 0	数据长度是8	数据类型为number
158706, 存储数据, 玩家2,找偷情少妇,43项画笔库8: 0	数据长度是8	数据类型为number
158706, 存储数据, 玩家2,找偷情少妇,44项会员功能1: 0	数据长度是1	数据类型为number
158706, 存储数据, 玩家2,找偷情少妇,45项会员功能2: 0	数据长度是1	数据类型为number
158706, 存储数据, 玩家2,找偷情少妇,46项会员功能3: 1	数据长度是1	数据类型为number
158706, 存储数据, 玩家2,找偷情少妇,47项会员功能4: 0	数据长度是1	数据类型为number
158706, 存储数据, 玩家2,找偷情少妇,48项会员功能5: 0	数据长度是1	数据类型为number
158706, 存储数据, 玩家2,找偷情少妇,49项会员功能6: 0	数据长度是1	数据类型为number
158706, 存储数据, 玩家2,找偷情少妇,50项会员功能7: 1	数据长度是1	数据类型为number
158706, 存储数据, 玩家2,找偷情少妇,51项会员功能8: 1	数据长度是1	数据类型为number
158706, 存储数据, 玩家2,找偷情少妇,52项新商店左侧扩展面板: 1	数据长度是1	数据类型为number
158706, 存储数据, 玩家2,找偷情少妇,53项新商店上部扩展面板: 1	数据长度是1	数据类型为number
158706, 存储数据, 玩家2,找偷情少妇,54项新商店购买方式: 0	数据长度是1	数据类型为number
158706, 存储数据, 玩家2,找偷情少妇,55项新商店商店模式: 0	数据长度是1	数据类型为number
158706, 存储数据, 玩家2,找偷情少妇,56项预扣血模式: 1	数据长度是1	数据类型为number
158706, 存储数据, 玩家2,找偷情少妇,57项回城特效: 0	数据长度是8	数据类型为number
158706, 存储数据, 玩家3,包子没有腰丶,1项画质: 1	数据长度是1	数据类型为number
158706, 存储数据, 玩家3,包子没有腰丶,2项滚屏速度: 20	数据长度是8	数据类型为number
158706, 存储数据, 玩家3,包子没有腰丶,3项更新内容面板开关: 0	数据长度是1	数据类型为number
158706, 存储数据, 玩家3,包子没有腰丶,4项游戏版本号: 1696	数据长度是16	数据类型为number
158706, 存储数据, 玩家3,包子没有腰丶,5项语音: 0	数据长度是1	数据类型为number
158706, 存储数据, 玩家3,包子没有腰丶,6项音响: 0	数据长度是1	数据类型为number
158706, 存储数据, 玩家3,包子没有腰丶,7项麦克风: 0	数据长度是1	数据类型为number
158706, 存储数据, 玩家3,包子没有腰丶,8项音响大小: 0	数据长度是8	数据类型为number
158706, 存储数据, 玩家3,包子没有腰丶,9项麦克风大小: 0	数据长度是8	数据类型为number
158706, 存储数据, 玩家3,包子没有腰丶,10项未知: 1	数据长度是1	数据类型为number
158706, 存储数据, 玩家3,包子没有腰丶,11项光照: 99	数据长度是8	数据类型为number
158706, 存储数据, 玩家3,包子没有腰丶,12项新F11面板模式: 1	数据长度是1	数据类型为number
158706, 存储数据, 玩家3,包子没有腰丶,13项血条区分敌我: 1	数据长度是1	数据类型为number
158706, 存储数据, 玩家3,包子没有腰丶,14项快捷键1: 41	数据长度是16	数据类型为number
158706, 存储数据, 玩家3,包子没有腰丶,15项快捷键2: 43	数据长度是16	数据类型为number
158706, 存储数据, 玩家3,包子没有腰丶,16项快捷键3: 61	数据长度是16	数据类型为number
158706, 存储数据, 玩家3,包子没有腰丶,17项快捷键4: 42	数据长度是16	数据类型为number
158706, 存储数据, 玩家3,包子没有腰丶,18项快捷键5: 0	数据长度是16	数据类型为number
158706, 存储数据, 玩家3,包子没有腰丶,19项快捷键6: 53	数据长度是16	数据类型为number
158706, 存储数据, 玩家3,包子没有腰丶,20项快捷键7: 541	数据长度是16	数据类型为number
158706, 存储数据, 玩家3,包子没有腰丶,21项快捷键8: 542	数据长度是16	数据类型为number
158706, 存储数据, 玩家3,包子没有腰丶,22项快捷键9: 56	数据长度是16	数据类型为number
158706, 存储数据, 玩家3,包子没有腰丶,23项快捷键10: 544	数据长度是16	数据类型为number
158706, 存储数据, 玩家3,包子没有腰丶,24项快捷键11: 545	数据长度是16	数据类型为number
158706, 存储数据, 玩家3,包子没有腰丶,25项快捷键12: 546	数据长度是16	数据类型为number
158706, 存储数据, 玩家3,包子没有腰丶,26项快捷键13: 547	数据长度是16	数据类型为number
158706, 存储数据, 玩家3,包子没有腰丶,27项快捷键14: 548	数据长度是16	数据类型为number
158706, 存储数据, 玩家3,包子没有腰丶,28项快捷键15: 549	数据长度是16	数据类型为number
158706, 存储数据, 玩家3,包子没有腰丶,29项快捷键16: 44	数据长度是16	数据类型为number
158706, 存储数据, 玩家3,包子没有腰丶,30项快捷键17: 555	数据长度是16	数据类型为number
158706, 存储数据, 玩家3,包子没有腰丶,31项快捷键18: 568	数据长度是16	数据类型为number
158706, 存储数据, 玩家3,包子没有腰丶,32项是否显示刀光: 1	数据长度是1	数据类型为number
158706, 存储数据, 玩家3,包子没有腰丶,33项显示刀光编号: 13	数据长度是8	数据类型为number
158706, 存储数据, 玩家3,包子没有腰丶,34项不显示翅膀: 0	数据长度是1	数据类型为number
158706, 存储数据, 玩家3,包子没有腰丶,35项显示翅膀编号: 2	数据长度是8	数据类型为number
158706, 存储数据, 玩家3,包子没有腰丶,36项孔明灯: 0	数据长度是8	数据类型为number
158706, 存储数据, 玩家3,包子没有腰丶,37项免控表现: 0	数据长度是8	数据类型为number
158706, 存储数据, 玩家3,包子没有腰丶,38项窗口锁定: 0	数据长度是8	数据类型为number
158706, 存储数据, 玩家3,包子没有腰丶,39项打孔明灯: 0	数据长度是8	数据类型为number
158706, 存储数据, 玩家3,包子没有腰丶,40项小地图头像: 0	数据长度是8	数据类型为number
158706, 存储数据, 玩家3,包子没有腰丶,41项画笔库6: 0	数据长度是8	数据类型为number
158706, 存储数据, 玩家3,包子没有腰丶,42项画笔库7: 0	数据长度是8	数据类型为number
158706, 存储数据, 玩家3,包子没有腰丶,43项画笔库8: 0	数据长度是8	数据类型为number
158706, 存储数据, 玩家3,包子没有腰丶,44项会员功能1: 1	数据长度是1	数据类型为number
158706, 存储数据, 玩家3,包子没有腰丶,45项会员功能2: 1	数据长度是1	数据类型为number
158706, 存储数据, 玩家3,包子没有腰丶,46项会员功能3: 0	数据长度是1	数据类型为number
158706, 存储数据, 玩家3,包子没有腰丶,47项会员功能4: 1	数据长度是1	数据类型为number
158706, 存储数据, 玩家3,包子没有腰丶,48项会员功能5: 1	数据长度是1	数据类型为number
158706, 存储数据, 玩家3,包子没有腰丶,49项会员功能6: 1	数据长度是1	数据类型为number
158706, 存储数据, 玩家3,包子没有腰丶,50项会员功能7: 1	数据长度是1	数据类型为number
158706, 存储数据, 玩家3,包子没有腰丶,51项会员功能8: 1	数据长度是1	数据类型为number
158706, 存储数据, 玩家3,包子没有腰丶,52项新商店左侧扩展面板: 1	数据长度是1	数据类型为number
158706, 存储数据, 玩家3,包子没有腰丶,53项新商店上部扩展面板: 1	数据长度是1	数据类型为number
158706, 存储数据, 玩家3,包子没有腰丶,54项新商店购买方式: 0	数据长度是1	数据类型为number
158706, 存储数据, 玩家3,包子没有腰丶,55项新商店商店模式: 1	数据长度是1	数据类型为number
158706, 存储数据, 玩家3,包子没有腰丶,56项预扣血模式: 0	数据长度是1	数据类型为number
158706, 存储数据, 玩家3,包子没有腰丶,57项回城特效: 7	数据长度是8	数据类型为number
158706, 存储数据, 玩家4,爽儿亲亲,1项画质: 1	数据长度是1	数据类型为number
158706, 存储数据, 玩家4,爽儿亲亲,2项滚屏速度: 19	数据长度是8	数据类型为number
158706, 存储数据, 玩家4,爽儿亲亲,3项更新内容面板开关: 0	数据长度是1	数据类型为number
158706, 存储数据, 玩家4,爽儿亲亲,4项游戏版本号: 1696	数据长度是16	数据类型为number
158706, 存储数据, 玩家4,爽儿亲亲,5项语音: 0	数据长度是1	数据类型为number
158706, 存储数据, 玩家4,爽儿亲亲,6项音响: 0	数据长度是1	数据类型为number
158706, 存储数据, 玩家4,爽儿亲亲,7项麦克风: 0	数据长度是1	数据类型为number
158706, 存储数据, 玩家4,爽儿亲亲,8项音响大小: 0	数据长度是8	数据类型为number
158706, 存储数据, 玩家4,爽儿亲亲,9项麦克风大小: 0	数据长度是8	数据类型为number
158706, 存储数据, 玩家4,爽儿亲亲,10项未知: 1	数据长度是1	数据类型为number
158706, 存储数据, 玩家4,爽儿亲亲,11项光照: 99	数据长度是8	数据类型为number
158706, 存储数据, 玩家4,爽儿亲亲,12项新F11面板模式: 1	数据长度是1	数据类型为number
158706, 存储数据, 玩家4,爽儿亲亲,13项血条区分敌我: 1	数据长度是1	数据类型为number
158706, 存储数据, 玩家4,爽儿亲亲,14项快捷键1: 41	数据长度是16	数据类型为number
158706, 存储数据, 玩家4,爽儿亲亲,15项快捷键2: 43	数据长度是16	数据类型为number
158706, 存储数据, 玩家4,爽儿亲亲,16项快捷键3: 61	数据长度是16	数据类型为number
158706, 存储数据, 玩家4,爽儿亲亲,17项快捷键4: 42	数据长度是16	数据类型为number
158706, 存储数据, 玩家4,爽儿亲亲,18项快捷键5: 56	数据长度是16	数据类型为number
158706, 存储数据, 玩家4,爽儿亲亲,19项快捷键6: 53	数据长度是16	数据类型为number
158706, 存储数据, 玩家4,爽儿亲亲,20项快捷键7: 541	数据长度是16	数据类型为number
158706, 存储数据, 玩家4,爽儿亲亲,21项快捷键8: 542	数据长度是16	数据类型为number
158706, 存储数据, 玩家4,爽儿亲亲,22项快捷键9: 543	数据长度是16	数据类型为number
158706, 存储数据, 玩家4,爽儿亲亲,23项快捷键10: 544	数据长度是16	数据类型为number
158706, 存储数据, 玩家4,爽儿亲亲,24项快捷键11: 545	数据长度是16	数据类型为number
158706, 存储数据, 玩家4,爽儿亲亲,25项快捷键12: 546	数据长度是16	数据类型为number
158706, 存储数据, 玩家4,爽儿亲亲,26项快捷键13: 547	数据长度是16	数据类型为number
158706, 存储数据, 玩家4,爽儿亲亲,27项快捷键14: 548	数据长度是16	数据类型为number
158706, 存储数据, 玩家4,爽儿亲亲,28项快捷键15: 549	数据长度是16	数据类型为number
158706, 存储数据, 玩家4,爽儿亲亲,29项快捷键16: 573	数据长度是16	数据类型为number
158706, 存储数据, 玩家4,爽儿亲亲,30项快捷键17: 555	数据长度是16	数据类型为number
158706, 存储数据, 玩家4,爽儿亲亲,31项快捷键18: 568	数据长度是16	数据类型为number
158706, 存储数据, 玩家4,爽儿亲亲,32项是否显示刀光: 1	数据长度是1	数据类型为number
158706, 存储数据, 玩家4,爽儿亲亲,33项显示刀光编号: 17	数据长度是8	数据类型为number
158706, 存储数据, 玩家4,爽儿亲亲,34项不显示翅膀: 0	数据长度是1	数据类型为number
158706, 存储数据, 玩家4,爽儿亲亲,35项显示翅膀编号: 5	数据长度是8	数据类型为number
158706, 存储数据, 玩家4,爽儿亲亲,36项孔明灯: 0	数据长度是8	数据类型为number
158706, 存储数据, 玩家4,爽儿亲亲,37项免控表现: 0	数据长度是8	数据类型为number
158706, 存储数据, 玩家4,爽儿亲亲,38项窗口锁定: 0	数据长度是8	数据类型为number
158706, 存储数据, 玩家4,爽儿亲亲,39项打孔明灯: 0	数据长度是8	数据类型为number
158706, 存储数据, 玩家4,爽儿亲亲,40项小地图头像: 0	数据长度是8	数据类型为number
158706, 存储数据, 玩家4,爽儿亲亲,41项画笔库6: 0	数据长度是8	数据类型为number
158706, 存储数据, 玩家4,爽儿亲亲,42项画笔库7: 0	数据长度是8	数据类型为number
158706, 存储数据, 玩家4,爽儿亲亲,43项画笔库8: 0	数据长度是8	数据类型为number
158706, 存储数据, 玩家4,爽儿亲亲,44项会员功能1: 1	数据长度是1	数据类型为number
158706, 存储数据, 玩家4,爽儿亲亲,45项会员功能2: 1	数据长度是1	数据类型为number
158706, 存储数据, 玩家4,爽儿亲亲,46项会员功能3: 0	数据长度是1	数据类型为number
158706, 存储数据, 玩家4,爽儿亲亲,47项会员功能4: 1	数据长度是1	数据类型为number
158706, 存储数据, 玩家4,爽儿亲亲,48项会员功能5: 1	数据长度是1	数据类型为number
158706, 存储数据, 玩家4,爽儿亲亲,49项会员功能6: 1	数据长度是1	数据类型为number
158706, 存储数据, 玩家4,爽儿亲亲,50项会员功能7: 1	数据长度是1	数据类型为number
158706, 存储数据, 玩家4,爽儿亲亲,51项会员功能8: 1	数据长度是1	数据类型为number
158706, 存储数据, 玩家4,爽儿亲亲,52项新商店左侧扩展面板: 1	数据长度是1	数据类型为number
158706, 存储数据, 玩家4,爽儿亲亲,53项新商店上部扩展面板: 1	数据长度是1	数据类型为number
158706, 存储数据, 玩家4,爽儿亲亲,54项新商店购买方式: 0	数据长度是1	数据类型为number
158706, 存储数据, 玩家4,爽儿亲亲,55项新商店商店模式: 0	数据长度是1	数据类型为number
158706, 存储数据, 玩家4,爽儿亲亲,56项预扣血模式: 1	数据长度是1	数据类型为number
158706, 存储数据, 玩家4,爽儿亲亲,57项回城特效: 0	数据长度是8	数据类型为number
158706, 存储数据, 玩家5,小黄啊啊啊啊123,1项画质: 1	数据长度是1	数据类型为number
158706, 存储数据, 玩家5,小黄啊啊啊啊123,2项滚屏速度: 12	数据长度是8	数据类型为number
158706, 存储数据, 玩家5,小黄啊啊啊啊123,3项更新内容面板开关: 0	数据长度是1	数据类型为number
158706, 存储数据, 玩家5,小黄啊啊啊啊123,4项游戏版本号: 1696	数据长度是16	数据类型为number
158706, 存储数据, 玩家5,小黄啊啊啊啊123,5项语音: 0	数据长度是1	数据类型为number
158706, 存储数据, 玩家5,小黄啊啊啊啊123,6项音响: 0	数据长度是1	数据类型为number
158706, 存储数据, 玩家5,小黄啊啊啊啊123,7项麦克风: 0	数据长度是1	数据类型为number
158706, 存储数据, 玩家5,小黄啊啊啊啊123,8项音响大小: 0	数据长度是8	数据类型为number
158706, 存储数据, 玩家5,小黄啊啊啊啊123,9项麦克风大小: 0	数据长度是8	数据类型为number
158706, 存储数据, 玩家5,小黄啊啊啊啊123,10项未知: 1	数据长度是1	数据类型为number
158706, 存储数据, 玩家5,小黄啊啊啊啊123,11项光照: 96	数据长度是8	数据类型为number
158706, 存储数据, 玩家5,小黄啊啊啊啊123,12项新F11面板模式: 1	数据长度是1	数据类型为number
158706, 存储数据, 玩家5,小黄啊啊啊啊123,13项血条区分敌我: 1	数据长度是1	数据类型为number
158706, 存储数据, 玩家5,小黄啊啊啊啊123,14项快捷键1: 41	数据长度是16	数据类型为number
158706, 存储数据, 玩家5,小黄啊啊啊啊123,15项快捷键2: 43	数据长度是16	数据类型为number
158706, 存储数据, 玩家5,小黄啊啊啊啊123,16项快捷键3: 61	数据长度是16	数据类型为number
158706, 存储数据, 玩家5,小黄啊啊啊啊123,17项快捷键4: 42	数据长度是16	数据类型为number
158706, 存储数据, 玩家5,小黄啊啊啊啊123,18项快捷键5: 0	数据长度是16	数据类型为number
158706, 存储数据, 玩家5,小黄啊啊啊啊123,19项快捷键6: 53	数据长度是16	数据类型为number
158706, 存储数据, 玩家5,小黄啊啊啊啊123,20项快捷键7: 541	数据长度是16	数据类型为number
158706, 存储数据, 玩家5,小黄啊啊啊啊123,21项快捷键8: 542	数据长度是16	数据类型为number
158706, 存储数据, 玩家5,小黄啊啊啊啊123,22项快捷键9: 543	数据长度是16	数据类型为number
158706, 存储数据, 玩家5,小黄啊啊啊啊123,23项快捷键10: 56	数据长度是16	数据类型为number
158706, 存储数据, 玩家5,小黄啊啊啊啊123,24项快捷键11: 44	数据长度是16	数据类型为number
158706, 存储数据, 玩家5,小黄啊啊啊啊123,25项快捷键12: 34	数据长度是16	数据类型为number
158706, 存储数据, 玩家5,小黄啊啊啊啊123,26项快捷键13: 64	数据长度是16	数据类型为number
158706, 存储数据, 玩家5,小黄啊啊啊啊123,27项快捷键14: 548	数据长度是16	数据类型为number
158706, 存储数据, 玩家5,小黄啊啊啊啊123,28项快捷键15: 0	数据长度是16	数据类型为number
158706, 存储数据, 玩家5,小黄啊啊啊啊123,29项快捷键16: 573	数据长度是16	数据类型为number
158706, 存储数据, 玩家5,小黄啊啊啊啊123,30项快捷键17: 567	数据长度是16	数据类型为number
158706, 存储数据, 玩家5,小黄啊啊啊啊123,31项快捷键18: 0	数据长度是16	数据类型为number
158706, 存储数据, 玩家5,小黄啊啊啊啊123,32项是否显示刀光: 1	数据长度是1	数据类型为number
158706, 存储数据, 玩家5,小黄啊啊啊啊123,33项显示刀光编号: 1	数据长度是8	数据类型为number
158706, 存储数据, 玩家5,小黄啊啊啊啊123,34项不显示翅膀: 1	数据长度是1	数据类型为number
158706, 存储数据, 玩家5,小黄啊啊啊啊123,35项显示翅膀编号: 0	数据长度是8	数据类型为number
158706, 存储数据, 玩家5,小黄啊啊啊啊123,36项孔明灯: 0	数据长度是8	数据类型为number
158706, 存储数据, 玩家5,小黄啊啊啊啊123,37项免控表现: 1	数据长度是8	数据类型为number
158706, 存储数据, 玩家5,小黄啊啊啊啊123,38项窗口锁定: 1	数据长度是8	数据类型为number
158706, 存储数据, 玩家5,小黄啊啊啊啊123,39项打孔明灯: 0	数据长度是8	数据类型为number
158706, 存储数据, 玩家5,小黄啊啊啊啊123,40项小地图头像: 0	数据长度是8	数据类型为number
158706, 存储数据, 玩家5,小黄啊啊啊啊123,41项画笔库6: 0	数据长度是8	数据类型为number
158706, 存储数据, 玩家5,小黄啊啊啊啊123,42项画笔库7: 0	数据长度是8	数据类型为number
158706, 存储数据, 玩家5,小黄啊啊啊啊123,43项画笔库8: 0	数据长度是8	数据类型为number
158706, 存储数据, 玩家5,小黄啊啊啊啊123,44项会员功能1: 1	数据长度是1	数据类型为number
158706, 存储数据, 玩家5,小黄啊啊啊啊123,45项会员功能2: 0	数据长度是1	数据类型为number
158706, 存储数据, 玩家5,小黄啊啊啊啊123,46项会员功能3: 1	数据长度是1	数据类型为number
158706, 存储数据, 玩家5,小黄啊啊啊啊123,47项会员功能4: 1	数据长度是1	数据类型为number
158706, 存储数据, 玩家5,小黄啊啊啊啊123,48项会员功能5: 1	数据长度是1	数据类型为number
158706, 存储数据, 玩家5,小黄啊啊啊啊123,49项会员功能6: 1	数据长度是1	数据类型为number
158706, 存储数据, 玩家5,小黄啊啊啊啊123,50项会员功能7: 1	数据长度是1	数据类型为number
158706, 存储数据, 玩家5,小黄啊啊啊啊123,51项会员功能8: 1	数据长度是1	数据类型为number
158706, 存储数据, 玩家5,小黄啊啊啊啊123,52项新商店左侧扩展面板: 1	数据长度是1	数据类型为number
158706, 存储数据, 玩家5,小黄啊啊啊啊123,53项新商店上部扩展面板: 1	数据长度是1	数据类型为number
158706, 存储数据, 玩家5,小黄啊啊啊啊123,54项新商店购买方式: 0	数据长度是1	数据类型为number
158706, 存储数据, 玩家5,小黄啊啊啊啊123,55项新商店商店模式: 0	数据长度是1	数据类型为number
158706, 存储数据, 玩家5,小黄啊啊啊啊123,56项预扣血模式: 0	数据长度是1	数据类型为number
158706, 存储数据, 玩家5,小黄啊啊啊啊123,57项回城特效: 11	数据长度是8	数据类型为number
158706, 存储数据, 玩家6,再续那温柔,1项画质: 1	数据长度是1	数据类型为number
158706, 存储数据, 玩家6,再续那温柔,2项滚屏速度: 25	数据长度是8	数据类型为number
158706, 存储数据, 玩家6,再续那温柔,3项更新内容面板开关: 0	数据长度是1	数据类型为number
158706, 存储数据, 玩家6,再续那温柔,4项游戏版本号: 1696	数据长度是16	数据类型为number
158706, 存储数据, 玩家6,再续那温柔,5项语音: 0	数据长度是1	数据类型为number
158706, 存储数据, 玩家6,再续那温柔,6项音响: 0	数据长度是1	数据类型为number
158706, 存储数据, 玩家6,再续那温柔,7项麦克风: 0	数据长度是1	数据类型为number
158706, 存储数据, 玩家6,再续那温柔,8项音响大小: 0	数据长度是8	数据类型为number
158706, 存储数据, 玩家6,再续那温柔,9项麦克风大小: 0	数据长度是8	数据类型为number
158706, 存储数据, 玩家6,再续那温柔,10项未知: 1	数据长度是1	数据类型为number
158706, 存储数据, 玩家6,再续那温柔,11项光照: 99	数据长度是8	数据类型为number
158706, 存储数据, 玩家6,再续那温柔,12项新F11面板模式: 0	数据长度是1	数据类型为number
158706, 存储数据, 玩家6,再续那温柔,13项血条区分敌我: 1	数据长度是1	数据类型为number
158706, 存储数据, 玩家6,再续那温柔,14项快捷键1: 41	数据长度是16	数据类型为number
158706, 存储数据, 玩家6,再续那温柔,15项快捷键2: 43	数据长度是16	数据类型为number
158706, 存储数据, 玩家6,再续那温柔,16项快捷键3: 61	数据长度是16	数据类型为number
158706, 存储数据, 玩家6,再续那温柔,17项快捷键4: 42	数据长度是16	数据类型为number
158706, 存储数据, 玩家6,再续那温柔,18项快捷键5: 56	数据长度是16	数据类型为number
158706, 存储数据, 玩家6,再续那温柔,19项快捷键6: 44	数据长度是16	数据类型为number
158706, 存储数据, 玩家6,再续那温柔,20项快捷键7: 541	数据长度是16	数据类型为number
158706, 存储数据, 玩家6,再续那温柔,21项快捷键8: 542	数据长度是16	数据类型为number
158706, 存储数据, 玩家6,再续那温柔,22项快捷键9: 543	数据长度是16	数据类型为number
158706, 存储数据, 玩家6,再续那温柔,23项快捷键10: 29	数据长度是16	数据类型为number
158706, 存储数据, 玩家6,再续那温柔,24项快捷键11: 30	数据长度是16	数据类型为number
158706, 存储数据, 玩家6,再续那温柔,25项快捷键12: 31	数据长度是16	数据类型为number
158706, 存储数据, 玩家6,再续那温柔,26项快捷键13: 64	数据长度是16	数据类型为number
158706, 存储数据, 玩家6,再续那温柔,27项快捷键14: 62	数据长度是16	数据类型为number
158706, 存储数据, 玩家6,再续那温柔,28项快捷键15: 32	数据长度是16	数据类型为number
158706, 存储数据, 玩家6,再续那温柔,29项快捷键16: 573	数据长度是16	数据类型为number
158706, 存储数据, 玩家6,再续那温柔,30项快捷键17: 555	数据长度是16	数据类型为number
158706, 存储数据, 玩家6,再续那温柔,31项快捷键18: 553	数据长度是16	数据类型为number
158706, 存储数据, 玩家6,再续那温柔,32项是否显示刀光: 1	数据长度是1	数据类型为number
158706, 存储数据, 玩家6,再续那温柔,33项显示刀光编号: 14	数据长度是8	数据类型为number
158706, 存储数据, 玩家6,再续那温柔,34项不显示翅膀: 1	数据长度是1	数据类型为number
158706, 存储数据, 玩家6,再续那温柔,35项显示翅膀编号: 0	数据长度是8	数据类型为number
158706, 存储数据, 玩家6,再续那温柔,36项孔明灯: 0	数据长度是8	数据类型为number
158706, 存储数据, 玩家6,再续那温柔,37项免控表现: 0	数据长度是8	数据类型为number
158706, 存储数据, 玩家6,再续那温柔,38项窗口锁定: 0	数据长度是8	数据类型为number
158706, 存储数据, 玩家6,再续那温柔,39项打孔明灯: 0	数据长度是8	数据类型为number
158706, 存储数据, 玩家6,再续那温柔,40项小地图头像: 0	数据长度是8	数据类型为number
158706, 存储数据, 玩家6,再续那温柔,41项画笔库6: 0	数据长度是8	数据类型为number
158706, 存储数据, 玩家6,再续那温柔,42项画笔库7: 0	数据长度是8	数据类型为number
158706, 存储数据, 玩家6,再续那温柔,43项画笔库8: 0	数据长度是8	数据类型为number
158706, 存储数据, 玩家6,再续那温柔,44项会员功能1: 1	数据长度是1	数据类型为number
158706, 存储数据, 玩家6,再续那温柔,45项会员功能2: 0	数据长度是1	数据类型为number
158706, 存储数据, 玩家6,再续那温柔,46项会员功能3: 1	数据长度是1	数据类型为number
158706, 存储数据, 玩家6,再续那温柔,47项会员功能4: 1	数据长度是1	数据类型为number
158706, 存储数据, 玩家6,再续那温柔,48项会员功能5: 1	数据长度是1	数据类型为number
158706, 存储数据, 玩家6,再续那温柔,49项会员功能6: 1	数据长度是1	数据类型为number
158706, 存储数据, 玩家6,再续那温柔,50项会员功能7: 1	数据长度是1	数据类型为number
158706, 存储数据, 玩家6,再续那温柔,51项会员功能8: 1	数据长度是1	数据类型为number
158706, 存储数据, 玩家6,再续那温柔,52项新商店左侧扩展面板: 1	数据长度是1	数据类型为number
158706, 存储数据, 玩家6,再续那温柔,53项新商店上部扩展面板: 1	数据长度是1	数据类型为number
158706, 存储数据, 玩家6,再续那温柔,54项新商店购买方式: 0	数据长度是1	数据类型为number
158706, 存储数据, 玩家6,再续那温柔,55项新商店商店模式: 1	数据长度是1	数据类型为number
158706, 存储数据, 玩家6,再续那温柔,56项预扣血模式: 0	数据长度是1	数据类型为number
158706, 存储数据, 玩家6,再续那温柔,57项回城特效: 0	数据长度是8	数据类型为number
158706, 存储数据, 玩家7,消逝地承诺,1项画质: 1	数据长度是1	数据类型为number
158706, 存储数据, 玩家7,消逝地承诺,2项滚屏速度: 20	数据长度是8	数据类型为number
158706, 存储数据, 玩家7,消逝地承诺,3项更新内容面板开关: 0	数据长度是1	数据类型为number
158706, 存储数据, 玩家7,消逝地承诺,4项游戏版本号: 1696	数据长度是16	数据类型为number
158706, 存储数据, 玩家7,消逝地承诺,5项语音: 0	数据长度是1	数据类型为number
158706, 存储数据, 玩家7,消逝地承诺,6项音响: 0	数据长度是1	数据类型为number
158706, 存储数据, 玩家7,消逝地承诺,7项麦克风: 0	数据长度是1	数据类型为number
158706, 存储数据, 玩家7,消逝地承诺,8项音响大小: 0	数据长度是8	数据类型为number
158706, 存储数据, 玩家7,消逝地承诺,9项麦克风大小: 0	数据长度是8	数据类型为number
158706, 存储数据, 玩家7,消逝地承诺,10项未知: 1	数据长度是1	数据类型为number
158706, 存储数据, 玩家7,消逝地承诺,11项光照: 100	数据长度是8	数据类型为number
158706, 存储数据, 玩家7,消逝地承诺,12项新F11面板模式: 1	数据长度是1	数据类型为number
158706, 存储数据, 玩家7,消逝地承诺,13项血条区分敌我: 1	数据长度是1	数据类型为number
158706, 存储数据, 玩家7,消逝地承诺,14项快捷键1: 41	数据长度是16	数据类型为number
158706, 存储数据, 玩家7,消逝地承诺,15项快捷键2: 43	数据长度是16	数据类型为number
158706, 存储数据, 玩家7,消逝地承诺,16项快捷键3: 61	数据长度是16	数据类型为number
158706, 存储数据, 玩家7,消逝地承诺,17项快捷键4: 42	数据长度是16	数据类型为number
158706, 存储数据, 玩家7,消逝地承诺,18项快捷键5: 0	数据长度是16	数据类型为number
158706, 存储数据, 玩家7,消逝地承诺,19项快捷键6: 53	数据长度是16	数据类型为number
158706, 存储数据, 玩家7,消逝地承诺,20项快捷键7: 541	数据长度是16	数据类型为number
158706, 存储数据, 玩家7,消逝地承诺,21项快捷键8: 542	数据长度是16	数据类型为number
158706, 存储数据, 玩家7,消逝地承诺,22项快捷键9: 543	数据长度是16	数据类型为number
158706, 存储数据, 玩家7,消逝地承诺,23项快捷键10: 544	数据长度是16	数据类型为number
158706, 存储数据, 玩家7,消逝地承诺,24项快捷键11: 567	数据长度是16	数据类型为number
158706, 存储数据, 玩家7,消逝地承诺,25项快捷键12: 55	数据长度是16	数据类型为number
158706, 存储数据, 玩家7,消逝地承诺,26项快捷键13: 56	数据长度是16	数据类型为number
158706, 存储数据, 玩家7,消逝地承诺,27项快捷键14: 548	数据长度是16	数据类型为number
158706, 存储数据, 玩家7,消逝地承诺,28项快捷键15: 549	数据长度是16	数据类型为number
158706, 存储数据, 玩家7,消逝地承诺,29项快捷键16: 568	数据长度是16	数据类型为number
158706, 存储数据, 玩家7,消逝地承诺,30项快捷键17: 555	数据长度是16	数据类型为number
158706, 存储数据, 玩家7,消逝地承诺,31项快捷键18: 0	数据长度是16	数据类型为number
158706, 存储数据, 玩家7,消逝地承诺,32项是否显示刀光: 1	数据长度是1	数据类型为number
158706, 存储数据, 玩家7,消逝地承诺,33项显示刀光编号: 7	数据长度是8	数据类型为number
158706, 存储数据, 玩家7,消逝地承诺,34项不显示翅膀: 1	数据长度是1	数据类型为number
158706, 存储数据, 玩家7,消逝地承诺,35项显示翅膀编号: 0	数据长度是8	数据类型为number
158706, 存储数据, 玩家7,消逝地承诺,36项孔明灯: 0	数据长度是8	数据类型为number
158706, 存储数据, 玩家7,消逝地承诺,37项免控表现: 0	数据长度是8	数据类型为number
158706, 存储数据, 玩家7,消逝地承诺,38项窗口锁定: 0	数据长度是8	数据类型为number
158706, 存储数据, 玩家7,消逝地承诺,39项打孔明灯: 0	数据长度是8	数据类型为number
158706, 存储数据, 玩家7,消逝地承诺,40项小地图头像: 0	数据长度是8	数据类型为number
158706, 存储数据, 玩家7,消逝地承诺,41项画笔库6: 0	数据长度是8	数据类型为number
158706, 存储数据, 玩家7,消逝地承诺,42项画笔库7: 0	数据长度是8	数据类型为number
158706, 存储数据, 玩家7,消逝地承诺,43项画笔库8: 0	数据长度是8	数据类型为number
158706, 存储数据, 玩家7,消逝地承诺,44项会员功能1: 1	数据长度是1	数据类型为number
158706, 存储数据, 玩家7,消逝地承诺,45项会员功能2: 1	数据长度是1	数据类型为number
158706, 存储数据, 玩家7,消逝地承诺,46项会员功能3: 1	数据长度是1	数据类型为number
158706, 存储数据, 玩家7,消逝地承诺,47项会员功能4: 1	数据长度是1	数据类型为number
158706, 存储数据, 玩家7,消逝地承诺,48项会员功能5: 1	数据长度是1	数据类型为number
158706, 存储数据, 玩家7,消逝地承诺,49项会员功能6: 1	数据长度是1	数据类型为number
158706, 存储数据, 玩家7,消逝地承诺,50项会员功能7: 1	数据长度是1	数据类型为number
158706, 存储数据, 玩家7,消逝地承诺,51项会员功能8: 1	数据长度是1	数据类型为number
158706, 存储数据, 玩家7,消逝地承诺,52项新商店左侧扩展面板: 1	数据长度是1	数据类型为number
158706, 存储数据, 玩家7,消逝地承诺,53项新商店上部扩展面板: 1	数据长度是1	数据类型为number
158706, 存储数据, 玩家7,消逝地承诺,54项新商店购买方式: 0	数据长度是1	数据类型为number
158706, 存储数据, 玩家7,消逝地承诺,55项新商店商店模式: 1	数据长度是1	数据类型为number
158706, 存储数据, 玩家7,消逝地承诺,56项预扣血模式: 1	数据长度是1	数据类型为number
158706, 存储数据, 玩家7,消逝地承诺,57项回城特效: 0	数据长度是8	数据类型为number
158706, 存储数据, 玩家8,hejiting,1项画质: 1	数据长度是1	数据类型为number
158706, 存储数据, 玩家8,hejiting,2项滚屏速度: 46	数据长度是8	数据类型为number
158706, 存储数据, 玩家8,hejiting,3项更新内容面板开关: 0	数据长度是1	数据类型为number
158706, 存储数据, 玩家8,hejiting,4项游戏版本号: 1696	数据长度是16	数据类型为number
158706, 存储数据, 玩家8,hejiting,5项语音: 0	数据长度是1	数据类型为number
158706, 存储数据, 玩家8,hejiting,6项音响: 0	数据长度是1	数据类型为number
158706, 存储数据, 玩家8,hejiting,7项麦克风: 0	数据长度是1	数据类型为number
158706, 存储数据, 玩家8,hejiting,8项音响大小: 0	数据长度是8	数据类型为number
158706, 存储数据, 玩家8,hejiting,9项麦克风大小: 0	数据长度是8	数据类型为number
158706, 存储数据, 玩家8,hejiting,10项未知: 1	数据长度是1	数据类型为number
158706, 存储数据, 玩家8,hejiting,11项光照: 84	数据长度是8	数据类型为number
158706, 存储数据, 玩家8,hejiting,12项新F11面板模式: 1	数据长度是1	数据类型为number
158706, 存储数据, 玩家8,hejiting,13项血条区分敌我: 1	数据长度是1	数据类型为number
158706, 存储数据, 玩家8,hejiting,14项快捷键1: 41	数据长度是16	数据类型为number
158706, 存储数据, 玩家8,hejiting,15项快捷键2: 43	数据长度是16	数据类型为number
158706, 存储数据, 玩家8,hejiting,16项快捷键3: 61	数据长度是16	数据类型为number
158706, 存储数据, 玩家8,hejiting,17项快捷键4: 42	数据长度是16	数据类型为number
158706, 存储数据, 玩家8,hejiting,18项快捷键5: 56	数据长度是16	数据类型为number
158706, 存储数据, 玩家8,hejiting,19项快捷键6: 53	数据长度是16	数据类型为number
158706, 存储数据, 玩家8,hejiting,20项快捷键7: 541	数据长度是16	数据类型为number
158706, 存储数据, 玩家8,hejiting,21项快捷键8: 542	数据长度是16	数据类型为number
158706, 存储数据, 玩家8,hejiting,22项快捷键9: 543	数据长度是16	数据类型为number
158706, 存储数据, 玩家8,hejiting,23项快捷键10: 544	数据长度是16	数据类型为number
158706, 存储数据, 玩家8,hejiting,24项快捷键11: 545	数据长度是16	数据类型为number
158706, 存储数据, 玩家8,hejiting,25项快捷键12: 546	数据长度是16	数据类型为number
158706, 存储数据, 玩家8,hejiting,26项快捷键13: 547	数据长度是16	数据类型为number
158706, 存储数据, 玩家8,hejiting,27项快捷键14: 548	数据长度是16	数据类型为number
158706, 存储数据, 玩家8,hejiting,28项快捷键15: 549	数据长度是16	数据类型为number
158706, 存储数据, 玩家8,hejiting,29项快捷键16: 573	数据长度是16	数据类型为number
158706, 存储数据, 玩家8,hejiting,30项快捷键17: 555	数据长度是16	数据类型为number
158706, 存储数据, 玩家8,hejiting,31项快捷键18: 568	数据长度是16	数据类型为number
158706, 存储数据, 玩家8,hejiting,32项是否显示刀光: 1	数据长度是1	数据类型为number
158706, 存储数据, 玩家8,hejiting,33项显示刀光编号: 13	数据长度是8	数据类型为number
158706, 存储数据, 玩家8,hejiting,34项不显示翅膀: 0	数据长度是1	数据类型为number
158706, 存储数据, 玩家8,hejiting,35项显示翅膀编号: 4	数据长度是8	数据类型为number
158706, 存储数据, 玩家8,hejiting,36项孔明灯: 9	数据长度是8	数据类型为number
158706, 存储数据, 玩家8,hejiting,37项免控表现: 0	数据长度是8	数据类型为number
158706, 存储数据, 玩家8,hejiting,38项窗口锁定: 0	数据长度是8	数据类型为number
158706, 存储数据, 玩家8,hejiting,39项打孔明灯: 0	数据长度是8	数据类型为number
158706, 存储数据, 玩家8,hejiting,40项小地图头像: 3	数据长度是8	数据类型为number
158706, 存储数据, 玩家8,hejiting,41项画笔库6: 0	数据长度是8	数据类型为number
158706, 存储数据, 玩家8,hejiting,42项画笔库7: 0	数据长度是8	数据类型为number
158706, 存储数据, 玩家8,hejiting,43项画笔库8: 0	数据长度是8	数据类型为number
158706, 存储数据, 玩家8,hejiting,44项会员功能1: 1	数据长度是1	数据类型为number
158706, 存储数据, 玩家8,hejiting,45项会员功能2: 1	数据长度是1	数据类型为number
158706, 存储数据, 玩家8,hejiting,46项会员功能3: 1	数据长度是1	数据类型为number
158706, 存储数据, 玩家8,hejiting,47项会员功能4: 1	数据长度是1	数据类型为number
158706, 存储数据, 玩家8,hejiting,48项会员功能5: 1	数据长度是1	数据类型为number
158706, 存储数据, 玩家8,hejiting,49项会员功能6: 1	数据长度是1	数据类型为number
158706, 存储数据, 玩家8,hejiting,50项会员功能7: 1	数据长度是1	数据类型为number
158706, 存储数据, 玩家8,hejiting,51项会员功能8: 1	数据长度是1	数据类型为number
158706, 存储数据, 玩家8,hejiting,52项新商店左侧扩展面板: 1	数据长度是1	数据类型为number
158706, 存储数据, 玩家8,hejiting,53项新商店上部扩展面板: 1	数据长度是1	数据类型为number
158706, 存储数据, 玩家8,hejiting,54项新商店购买方式: 0	数据长度是1	数据类型为number
158706, 存储数据, 玩家8,hejiting,55项新商店商店模式: 1	数据长度是1	数据类型为number
158706, 存储数据, 玩家8,hejiting,56项预扣血模式: 0	数据长度是1	数据类型为number
158706, 存储数据, 玩家8,hejiting,57项回城特效: 14	数据长度是8	数据类型为number
158706, 存储数据, 玩家9,q421628632,1项画质: 1	数据长度是1	数据类型为number
158706, 存储数据, 玩家9,q421628632,2项滚屏速度: 12	数据长度是8	数据类型为number
158706, 存储数据, 玩家9,q421628632,3项更新内容面板开关: 0	数据长度是1	数据类型为number
158706, 存储数据, 玩家9,q421628632,4项游戏版本号: 1696	数据长度是16	数据类型为number
158706, 存储数据, 玩家9,q421628632,5项语音: 0	数据长度是1	数据类型为number
158706, 存储数据, 玩家9,q421628632,6项音响: 0	数据长度是1	数据类型为number
158706, 存储数据, 玩家9,q421628632,7项麦克风: 0	数据长度是1	数据类型为number
158706, 存储数据, 玩家9,q421628632,8项音响大小: 54	数据长度是8	数据类型为number
158706, 存储数据, 玩家9,q421628632,9项麦克风大小: 30	数据长度是8	数据类型为number
158706, 存储数据, 玩家9,q421628632,10项未知: 1	数据长度是1	数据类型为number
158706, 存储数据, 玩家9,q421628632,11项光照: 74	数据长度是8	数据类型为number
158706, 存储数据, 玩家9,q421628632,12项新F11面板模式: 1	数据长度是1	数据类型为number
158706, 存储数据, 玩家9,q421628632,13项血条区分敌我: 1	数据长度是1	数据类型为number
158706, 存储数据, 玩家9,q421628632,14项快捷键1: 41	数据长度是16	数据类型为number
158706, 存储数据, 玩家9,q421628632,15项快捷键2: 43	数据长度是16	数据类型为number
158706, 存储数据, 玩家9,q421628632,16项快捷键3: 61	数据长度是16	数据类型为number
158706, 存储数据, 玩家9,q421628632,17项快捷键4: 42	数据长度是16	数据类型为number
158706, 存储数据, 玩家9,q421628632,18项快捷键5: 0	数据长度是16	数据类型为number
158706, 存储数据, 玩家9,q421628632,19项快捷键6: 53	数据长度是16	数据类型为number
158706, 存储数据, 玩家9,q421628632,20项快捷键7: 0	数据长度是16	数据类型为number
158706, 存储数据, 玩家9,q421628632,21项快捷键8: 56	数据长度是16	数据类型为number
158706, 存储数据, 玩家9,q421628632,22项快捷键9: 543	数据长度是16	数据类型为number
158706, 存储数据, 玩家9,q421628632,23项快捷键10: 544	数据长度是16	数据类型为number
158706, 存储数据, 玩家9,q421628632,24项快捷键11: 545	数据长度是16	数据类型为number
158706, 存储数据, 玩家9,q421628632,25项快捷键12: 546	数据长度是16	数据类型为number
158706, 存储数据, 玩家9,q421628632,26项快捷键13: 547	数据长度是16	数据类型为number
158706, 存储数据, 玩家9,q421628632,27项快捷键14: 548	数据长度是16	数据类型为number
158706, 存储数据, 玩家9,q421628632,28项快捷键15: 549	数据长度是16	数据类型为number
158706, 存储数据, 玩家9,q421628632,29项快捷键16: 573	数据长度是16	数据类型为number
158706, 存储数据, 玩家9,q421628632,30项快捷键17: 555	数据长度是16	数据类型为number
158706, 存储数据, 玩家9,q421628632,31项快捷键18: 568	数据长度是16	数据类型为number
158706, 存储数据, 玩家9,q421628632,32项是否显示刀光: 1	数据长度是1	数据类型为number
158706, 存储数据, 玩家9,q421628632,33项显示刀光编号: 7	数据长度是8	数据类型为number
158706, 存储数据, 玩家9,q421628632,34项不显示翅膀: 0	数据长度是1	数据类型为number
158706, 存储数据, 玩家9,q421628632,35项显示翅膀编号: 4	数据长度是8	数据类型为number
158706, 存储数据, 玩家9,q421628632,36项孔明灯: 0	数据长度是8	数据类型为number
158706, 存储数据, 玩家9,q421628632,37项免控表现: 1	数据长度是8	数据类型为number
158706, 存储数据, 玩家9,q421628632,38项窗口锁定: 0	数据长度是8	数据类型为number
158706, 存储数据, 玩家9,q421628632,39项打孔明灯: 0	数据长度是8	数据类型为number
158706, 存储数据, 玩家9,q421628632,40项小地图头像: 0	数据长度是8	数据类型为number
158706, 存储数据, 玩家9,q421628632,41项画笔库6: 0	数据长度是8	数据类型为number
158706, 存储数据, 玩家9,q421628632,42项画笔库7: 0	数据长度是8	数据类型为number
158706, 存储数据, 玩家9,q421628632,43项画笔库8: 0	数据长度是8	数据类型为number
158706, 存储数据, 玩家9,q421628632,44项会员功能1: 1	数据长度是1	数据类型为number
158706, 存储数据, 玩家9,q421628632,45项会员功能2: 1	数据长度是1	数据类型为number
158706, 存储数据, 玩家9,q421628632,46项会员功能3: 1	数据长度是1	数据类型为number
158706, 存储数据, 玩家9,q421628632,47项会员功能4: 1	数据长度是1	数据类型为number
158706, 存储数据, 玩家9,q421628632,48项会员功能5: 1	数据长度是1	数据类型为number
158706, 存储数据, 玩家9,q421628632,49项会员功能6: 1	数据长度是1	数据类型为number
158706, 存储数据, 玩家9,q421628632,50项会员功能7: 1	数据长度是1	数据类型为number
158706, 存储数据, 玩家9,q421628632,51项会员功能8: 1	数据长度是1	数据类型为number
158706, 存储数据, 玩家9,q421628632,52项新商店左侧扩展面板: 1	数据长度是1	数据类型为number
158706, 存储数据, 玩家9,q421628632,53项新商店上部扩展面板: 1	数据长度是1	数据类型为number
158706, 存储数据, 玩家9,q421628632,54项新商店购买方式: 0	数据长度是1	数据类型为number
158706, 存储数据, 玩家9,q421628632,55项新商店商店模式: 1	数据长度是1	数据类型为number
158706, 存储数据, 玩家9,q421628632,56项预扣血模式: 0	数据长度是1	数据类型为number
158706, 存储数据, 玩家9,q421628632,57项回城特效: 0	数据长度是8	数据类型为number
158706, 存储数据, 玩家10,右耳钉丶残恋,1项画质: 1	数据长度是1	数据类型为number
158706, 存储数据, 玩家10,右耳钉丶残恋,2项滚屏速度: 12	数据长度是8	数据类型为number
158706, 存储数据, 玩家10,右耳钉丶残恋,3项更新内容面板开关: 0	数据长度是1	数据类型为number
158706, 存储数据, 玩家10,右耳钉丶残恋,4项游戏版本号: 1696	数据长度是16	数据类型为number
158706, 存储数据, 玩家10,右耳钉丶残恋,5项语音: 0	数据长度是1	数据类型为number
158706, 存储数据, 玩家10,右耳钉丶残恋,6项音响: 0	数据长度是1	数据类型为number
158706, 存储数据, 玩家10,右耳钉丶残恋,7项麦克风: 0	数据长度是1	数据类型为number
158706, 存储数据, 玩家10,右耳钉丶残恋,8项音响大小: 0	数据长度是8	数据类型为number
158706, 存储数据, 玩家10,右耳钉丶残恋,9项麦克风大小: 0	数据长度是8	数据类型为number
158706, 存储数据, 玩家10,右耳钉丶残恋,10项未知: 1	数据长度是1	数据类型为number
158706, 存储数据, 玩家10,右耳钉丶残恋,11项光照: 100	数据长度是8	数据类型为number
158706, 存储数据, 玩家10,右耳钉丶残恋,12项新F11面板模式: 0	数据长度是1	数据类型为number
158706, 存储数据, 玩家10,右耳钉丶残恋,13项血条区分敌我: 1	数据长度是1	数据类型为number
158706, 存储数据, 玩家10,右耳钉丶残恋,14项快捷键1: 41	数据长度是16	数据类型为number
158706, 存储数据, 玩家10,右耳钉丶残恋,15项快捷键2: 43	数据长度是16	数据类型为number
158706, 存储数据, 玩家10,右耳钉丶残恋,16项快捷键3: 61	数据长度是16	数据类型为number
158706, 存储数据, 玩家10,右耳钉丶残恋,17项快捷键4: 42	数据长度是16	数据类型为number
158706, 存储数据, 玩家10,右耳钉丶残恋,18项快捷键5: 56	数据长度是16	数据类型为number
158706, 存储数据, 玩家10,右耳钉丶残恋,19项快捷键6: 53	数据长度是16	数据类型为number
158706, 存储数据, 玩家10,右耳钉丶残恋,20项快捷键7: 541	数据长度是16	数据类型为number
158706, 存储数据, 玩家10,右耳钉丶残恋,21项快捷键8: 542	数据长度是16	数据类型为number
158706, 存储数据, 玩家10,右耳钉丶残恋,22项快捷键9: 543	数据长度是16	数据类型为number
158706, 存储数据, 玩家10,右耳钉丶残恋,23项快捷键10: 544	数据长度是16	数据类型为number
158706, 存储数据, 玩家10,右耳钉丶残恋,24项快捷键11: 545	数据长度是16	数据类型为number
158706, 存储数据, 玩家10,右耳钉丶残恋,25项快捷键12: 44	数据长度是16	数据类型为number
158706, 存储数据, 玩家10,右耳钉丶残恋,26项快捷键13: 55	数据长度是16	数据类型为number
158706, 存储数据, 玩家10,右耳钉丶残恋,27项快捷键14: 62	数据长度是16	数据类型为number
158706, 存储数据, 玩家10,右耳钉丶残恋,28项快捷键15: 64	数据长度是16	数据类型为number
158706, 存储数据, 玩家10,右耳钉丶残恋,29项快捷键16: 573	数据长度是16	数据类型为number
158706, 存储数据, 玩家10,右耳钉丶残恋,30项快捷键17: 555	数据长度是16	数据类型为number
158706, 存储数据, 玩家10,右耳钉丶残恋,31项快捷键18: 568	数据长度是16	数据类型为number
158706, 存储数据, 玩家10,右耳钉丶残恋,32项是否显示刀光: 1	数据长度是1	数据类型为number
158706, 存储数据, 玩家10,右耳钉丶残恋,33项显示刀光编号: 8	数据长度是8	数据类型为number
158706, 存储数据, 玩家10,右耳钉丶残恋,34项不显示翅膀: 1	数据长度是1	数据类型为number
158706, 存储数据, 玩家10,右耳钉丶残恋,35项显示翅膀编号: 0	数据长度是8	数据类型为number
158706, 存储数据, 玩家10,右耳钉丶残恋,36项孔明灯: 0	数据长度是8	数据类型为number
158706, 存储数据, 玩家10,右耳钉丶残恋,37项免控表现: 0	数据长度是8	数据类型为number
158706, 存储数据, 玩家10,右耳钉丶残恋,38项窗口锁定: 0	数据长度是8	数据类型为number
158706, 存储数据, 玩家10,右耳钉丶残恋,39项打孔明灯: 0	数据长度是8	数据类型为number
158706, 存储数据, 玩家10,右耳钉丶残恋,40项小地图头像: 0	数据长度是8	数据类型为number
158706, 存储数据, 玩家10,右耳钉丶残恋,41项画笔库6: 0	数据长度是8	数据类型为number
158706, 存储数据, 玩家10,右耳钉丶残恋,42项画笔库7: 0	数据长度是8	数据类型为number
158706, 存储数据, 玩家10,右耳钉丶残恋,43项画笔库8: 0	数据长度是8	数据类型为number
158706, 存储数据, 玩家10,右耳钉丶残恋,44项会员功能1: 1	数据长度是1	数据类型为number
158706, 存储数据, 玩家10,右耳钉丶残恋,45项会员功能2: 1	数据长度是1	数据类型为number
158706, 存储数据, 玩家10,右耳钉丶残恋,46项会员功能3: 0	数据长度是1	数据类型为number
158706, 存储数据, 玩家10,右耳钉丶残恋,47项会员功能4: 1	数据长度是1	数据类型为number
158706, 存储数据, 玩家10,右耳钉丶残恋,48项会员功能5: 1	数据长度是1	数据类型为number
158706, 存储数据, 玩家10,右耳钉丶残恋,49项会员功能6: 1	数据长度是1	数据类型为number
158706, 存储数据, 玩家10,右耳钉丶残恋,50项会员功能7: 1	数据长度是1	数据类型为number
158706, 存储数据, 玩家10,右耳钉丶残恋,51项会员功能8: 1	数据长度是1	数据类型为number
158706, 存储数据, 玩家10,右耳钉丶残恋,52项新商店左侧扩展面板: 1	数据长度是1	数据类型为number
158706, 存储数据, 玩家10,右耳钉丶残恋,53项新商店上部扩展面板: 1	数据长度是1	数据类型为number
158706, 存储数据, 玩家10,右耳钉丶残恋,54项新商店购买方式: 0	数据长度是1	数据类型为number
158706, 存储数据, 玩家10,右耳钉丶残恋,55项新商店商店模式: 1	数据长度是1	数据类型为number
158706, 存储数据, 玩家10,右耳钉丶残恋,56项预扣血模式: 1	数据长度是1	数据类型为number
158706, 存储数据, 玩家10,右耳钉丶残恋,57项回城特效: 0	数据长度是8	数据类型为number
158706, 存储数据, 玩家11,手指太阳说丨曰,1项画质: 1	数据长度是1	数据类型为number
158706, 存储数据, 玩家11,手指太阳说丨曰,2项滚屏速度: 9	数据长度是8	数据类型为number
158706, 存储数据, 玩家11,手指太阳说丨曰,3项更新内容面板开关: 0	数据长度是1	数据类型为number
158706, 存储数据, 玩家11,手指太阳说丨曰,4项游戏版本号: 1696	数据长度是16	数据类型为number
158706, 存储数据, 玩家11,手指太阳说丨曰,5项语音: 0	数据长度是1	数据类型为number
158706, 存储数据, 玩家11,手指太阳说丨曰,6项音响: 0	数据长度是1	数据类型为number
158706, 存储数据, 玩家11,手指太阳说丨曰,7项麦克风: 0	数据长度是1	数据类型为number
158706, 存储数据, 玩家11,手指太阳说丨曰,8项音响大小: 4	数据长度是8	数据类型为number
158706, 存储数据, 玩家11,手指太阳说丨曰,9项麦克风大小: 0	数据长度是8	数据类型为number
158706, 存储数据, 玩家11,手指太阳说丨曰,10项未知: 1	数据长度是1	数据类型为number
158706, 存储数据, 玩家11,手指太阳说丨曰,11项光照: 99	数据长度是8	数据类型为number
158706, 存储数据, 玩家11,手指太阳说丨曰,12项新F11面板模式: 1	数据长度是1	数据类型为number
158706, 存储数据, 玩家11,手指太阳说丨曰,13项血条区分敌我: 1	数据长度是1	数据类型为number
158706, 存储数据, 玩家11,手指太阳说丨曰,14项快捷键1: 41	数据长度是16	数据类型为number
158706, 存储数据, 玩家11,手指太阳说丨曰,15项快捷键2: 43	数据长度是16	数据类型为number
158706, 存储数据, 玩家11,手指太阳说丨曰,16项快捷键3: 61	数据长度是16	数据类型为number
158706, 存储数据, 玩家11,手指太阳说丨曰,17项快捷键4: 42	数据长度是16	数据类型为number
158706, 存储数据, 玩家11,手指太阳说丨曰,18项快捷键5: 56	数据长度是16	数据类型为number
158706, 存储数据, 玩家11,手指太阳说丨曰,19项快捷键6: 53	数据长度是16	数据类型为number
158706, 存储数据, 玩家11,手指太阳说丨曰,20项快捷键7: 541	数据长度是16	数据类型为number
158706, 存储数据, 玩家11,手指太阳说丨曰,21项快捷键8: 542	数据长度是16	数据类型为number
158706, 存储数据, 玩家11,手指太阳说丨曰,22项快捷键9: 543	数据长度是16	数据类型为number
158706, 存储数据, 玩家11,手指太阳说丨曰,23项快捷键10: 544	数据长度是16	数据类型为number
158706, 存储数据, 玩家11,手指太阳说丨曰,24项快捷键11: 545	数据长度是16	数据类型为number
158706, 存储数据, 玩家11,手指太阳说丨曰,25项快捷键12: 546	数据长度是16	数据类型为number
158706, 存储数据, 玩家11,手指太阳说丨曰,26项快捷键13: 547	数据长度是16	数据类型为number
158706, 存储数据, 玩家11,手指太阳说丨曰,27项快捷键14: 44	数据长度是16	数据类型为number
158706, 存储数据, 玩家11,手指太阳说丨曰,28项快捷键15: 45	数据长度是16	数据类型为number
158706, 存储数据, 玩家11,手指太阳说丨曰,29项快捷键16: 62	数据长度是16	数据类型为number
158706, 存储数据, 玩家11,手指太阳说丨曰,30项快捷键17: 64	数据长度是16	数据类型为number
158706, 存储数据, 玩家11,手指太阳说丨曰,31项快捷键18: 568	数据长度是16	数据类型为number
158706, 存储数据, 玩家11,手指太阳说丨曰,32项是否显示刀光: 1	数据长度是1	数据类型为number
158706, 存储数据, 玩家11,手指太阳说丨曰,33项显示刀光编号: 12	数据长度是8	数据类型为number
158706, 存储数据, 玩家11,手指太阳说丨曰,34项不显示翅膀: 0	数据长度是1	数据类型为number
158706, 存储数据, 玩家11,手指太阳说丨曰,35项显示翅膀编号: 4	数据长度是8	数据类型为number
158706, 存储数据, 玩家11,手指太阳说丨曰,36项孔明灯: 0	数据长度是8	数据类型为number
158706, 存储数据, 玩家11,手指太阳说丨曰,37项免控表现: 0	数据长度是8	数据类型为number
158706, 存储数据, 玩家11,手指太阳说丨曰,38项窗口锁定: 0	数据长度是8	数据类型为number
158706, 存储数据, 玩家11,手指太阳说丨曰,39项打孔明灯: 0	数据长度是8	数据类型为number
158706, 存储数据, 玩家11,手指太阳说丨曰,40项小地图头像: 0	数据长度是8	数据类型为number
158706, 存储数据, 玩家11,手指太阳说丨曰,41项画笔库6: 0	数据长度是8	数据类型为number
158706, 存储数据, 玩家11,手指太阳说丨曰,42项画笔库7: 0	数据长度是8	数据类型为number
158706, 存储数据, 玩家11,手指太阳说丨曰,43项画笔库8: 0	数据长度是8	数据类型为number
158706, 存储数据, 玩家11,手指太阳说丨曰,44项会员功能1: 1	数据长度是1	数据类型为number
158706, 存储数据, 玩家11,手指太阳说丨曰,45项会员功能2: 1	数据长度是1	数据类型为number
158706, 存储数据, 玩家11,手指太阳说丨曰,46项会员功能3: 1	数据长度是1	数据类型为number
158706, 存储数据, 玩家11,手指太阳说丨曰,47项会员功能4: 1	数据长度是1	数据类型为number
158706, 存储数据, 玩家11,手指太阳说丨曰,48项会员功能5: 1	数据长度是1	数据类型为number
158706, 存储数据, 玩家11,手指太阳说丨曰,49项会员功能6: 1	数据长度是1	数据类型为number
158706, 存储数据, 玩家11,手指太阳说丨曰,50项会员功能7: 1	数据长度是1	数据类型为number
158706, 存储数据, 玩家11,手指太阳说丨曰,51项会员功能8: 1	数据长度是1	数据类型为number
158706, 存储数据, 玩家11,手指太阳说丨曰,52项新商店左侧扩展面板: 1	数据长度是1	数据类型为number
158706, 存储数据, 玩家11,手指太阳说丨曰,53项新商店上部扩展面板: 1	数据长度是1	数据类型为number
158706, 存储数据, 玩家11,手指太阳说丨曰,54项新商店购买方式: 0	数据长度是1	数据类型为number
158706, 存储数据, 玩家11,手指太阳说丨曰,55项新商店商店模式: 1	数据长度是1	数据类型为number
158706, 存储数据, 玩家11,手指太阳说丨曰,56项预扣血模式: 0	数据长度是1	数据类型为number
158706, 存储数据, 玩家11,手指太阳说丨曰,57项回城特效: 14	数据长度是8	数据类型为number
158706, 存储数据, 玩家12,天下无双灬独眼,1项画质: 1	数据长度是1	数据类型为number
158706, 存储数据, 玩家12,天下无双灬独眼,2项滚屏速度: 29	数据长度是8	数据类型为number
158706, 存储数据, 玩家12,天下无双灬独眼,3项更新内容面板开关: 1	数据长度是1	数据类型为number
158706, 存储数据, 玩家12,天下无双灬独眼,4项游戏版本号: 1696	数据长度是16	数据类型为number
158706, 存储数据, 玩家12,天下无双灬独眼,5项语音: 0	数据长度是1	数据类型为number
158706, 存储数据, 玩家12,天下无双灬独眼,6项音响: 0	数据长度是1	数据类型为number
158706, 存储数据, 玩家12,天下无双灬独眼,7项麦克风: 0	数据长度是1	数据类型为number
158706, 存储数据, 玩家12,天下无双灬独眼,8项音响大小: 0	数据长度是8	数据类型为number
158706, 存储数据, 玩家12,天下无双灬独眼,9项麦克风大小: 0	数据长度是8	数据类型为number
158706, 存储数据, 玩家12,天下无双灬独眼,10项未知: 1	数据长度是1	数据类型为number
158706, 存储数据, 玩家12,天下无双灬独眼,11项光照: 100	数据长度是8	数据类型为number
158706, 存储数据, 玩家12,天下无双灬独眼,12项新F11面板模式: 1	数据长度是1	数据类型为number
158706, 存储数据, 玩家12,天下无双灬独眼,13项血条区分敌我: 1	数据长度是1	数据类型为number
158706, 存储数据, 玩家12,天下无双灬独眼,14项快捷键1: 41	数据长度是16	数据类型为number
158706, 存储数据, 玩家12,天下无双灬独眼,15项快捷键2: 43	数据长度是16	数据类型为number
158706, 存储数据, 玩家12,天下无双灬独眼,16项快捷键3: 61	数据长度是16	数据类型为number
158706, 存储数据, 玩家12,天下无双灬独眼,17项快捷键4: 42	数据长度是16	数据类型为number
158706, 存储数据, 玩家12,天下无双灬独眼,18项快捷键5: 56	数据长度是16	数据类型为number
158706, 存储数据, 玩家12,天下无双灬独眼,19项快捷键6: 53	数据长度是16	数据类型为number
158706, 存储数据, 玩家12,天下无双灬独眼,20项快捷键7: 541	数据长度是16	数据类型为number
158706, 存储数据, 玩家12,天下无双灬独眼,21项快捷键8: 542	数据长度是16	数据类型为number
158706, 存储数据, 玩家12,天下无双灬独眼,22项快捷键9: 543	数据长度是16	数据类型为number
158706, 存储数据, 玩家12,天下无双灬独眼,23项快捷键10: 44	数据长度是16	数据类型为number
158706, 存储数据, 玩家12,天下无双灬独眼,24项快捷键11: 45	数据长度是16	数据类型为number
158706, 存储数据, 玩家12,天下无双灬独眼,25项快捷键12: 64	数据长度是16	数据类型为number
158706, 存储数据, 玩家12,天下无双灬独眼,26项快捷键13: 547	数据长度是16	数据类型为number
158706, 存储数据, 玩家12,天下无双灬独眼,27项快捷键14: 548	数据长度是16	数据类型为number
158706, 存储数据, 玩家12,天下无双灬独眼,28项快捷键15: 549	数据长度是16	数据类型为number
158706, 存储数据, 玩家12,天下无双灬独眼,29项快捷键16: 557	数据长度是16	数据类型为number
158706, 存储数据, 玩家12,天下无双灬独眼,30项快捷键17: 556	数据长度是16	数据类型为number
158706, 存储数据, 玩家12,天下无双灬独眼,31项快捷键18: 568	数据长度是16	数据类型为number
158706, 存储数据, 玩家12,天下无双灬独眼,32项是否显示刀光: 1	数据长度是1	数据类型为number
158706, 存储数据, 玩家12,天下无双灬独眼,33项显示刀光编号: 8	数据长度是8	数据类型为number
158706, 存储数据, 玩家12,天下无双灬独眼,34项不显示翅膀: 0	数据长度是1	数据类型为number
158706, 存储数据, 玩家12,天下无双灬独眼,35项显示翅膀编号: 1	数据长度是8	数据类型为number
158706, 存储数据, 玩家12,天下无双灬独眼,36项孔明灯: 0	数据长度是8	数据类型为number
158706, 存储数据, 玩家12,天下无双灬独眼,37项免控表现: 0	数据长度是8	数据类型为number
158706, 存储数据, 玩家12,天下无双灬独眼,38项窗口锁定: 0	数据长度是8	数据类型为number
158706, 存储数据, 玩家12,天下无双灬独眼,39项打孔明灯: 0	数据长度是8	数据类型为number
158706, 存储数据, 玩家12,天下无双灬独眼,40项小地图头像: 0	数据长度是8	数据类型为number
158706, 存储数据, 玩家12,天下无双灬独眼,41项画笔库6: 0	数据长度是8	数据类型为number
158706, 存储数据, 玩家12,天下无双灬独眼,42项画笔库7: 0	数据长度是8	数据类型为number
158706, 存储数据, 玩家12,天下无双灬独眼,43项画笔库8: 0	数据长度是8	数据类型为number
158706, 存储数据, 玩家12,天下无双灬独眼,44项会员功能1: 1	数据长度是1	数据类型为number
158706, 存储数据, 玩家12,天下无双灬独眼,45项会员功能2: 1	数据长度是1	数据类型为number
158706, 存储数据, 玩家12,天下无双灬独眼,46项会员功能3: 1	数据长度是1	数据类型为number
158706, 存储数据, 玩家12,天下无双灬独眼,47项会员功能4: 1	数据长度是1	数据类型为number
158706, 存储数据, 玩家12,天下无双灬独眼,48项会员功能5: 1	数据长度是1	数据类型为number
158706, 存储数据, 玩家12,天下无双灬独眼,49项会员功能6: 1	数据长度是1	数据类型为number
158706, 存储数据, 玩家12,天下无双灬独眼,50项会员功能7: 1	数据长度是1	数据类型为number
158706, 存储数据, 玩家12,天下无双灬独眼,51项会员功能8: 1	数据长度是1	数据类型为number
158706, 存储数据, 玩家12,天下无双灬独眼,52项新商店左侧扩展面板: 1	数据长度是1	数据类型为number
158706, 存储数据, 玩家12,天下无双灬独眼,53项新商店上部扩展面板: 1	数据长度是1	数据类型为number
158706, 存储数据, 玩家12,天下无双灬独眼,54项新商店购买方式: 1	数据长度是1	数据类型为number
158706, 存储数据, 玩家12,天下无双灬独眼,55项新商店商店模式: 0	数据长度是1	数据类型为number
158706, 存储数据, 玩家12,天下无双灬独眼,56项预扣血模式: 0	数据长度是1	数据类型为number
158706, 存储数据, 玩家12,天下无双灬独眼,57项回城特效: 0	数据长度是8	数据类型为number
158706, 存储数据, 玩家13,威芬520,1项画质: 1	数据长度是1	数据类型为number
158706, 存储数据, 玩家13,威芬520,2项滚屏速度: 8	数据长度是8	数据类型为number
158706, 存储数据, 玩家13,威芬520,3项更新内容面板开关: 0	数据长度是1	数据类型为number
158706, 存储数据, 玩家13,威芬520,4项游戏版本号: 1696	数据长度是16	数据类型为number
158706, 存储数据, 玩家13,威芬520,5项语音: 0	数据长度是1	数据类型为number
158706, 存储数据, 玩家13,威芬520,6项音响: 0	数据长度是1	数据类型为number
158706, 存储数据, 玩家13,威芬520,7项麦克风: 0	数据长度是1	数据类型为number
158706, 存储数据, 玩家13,威芬520,8项音响大小: 0	数据长度是8	数据类型为number
158706, 存储数据, 玩家13,威芬520,9项麦克风大小: 0	数据长度是8	数据类型为number
158706, 存储数据, 玩家13,威芬520,10项未知: 1	数据长度是1	数据类型为number
158706, 存储数据, 玩家13,威芬520,11项光照: 88	数据长度是8	数据类型为number
158706, 存储数据, 玩家13,威芬520,12项新F11面板模式: 1	数据长度是1	数据类型为number
158706, 存储数据, 玩家13,威芬520,13项血条区分敌我: 1	数据长度是1	数据类型为number
158706, 存储数据, 玩家13,威芬520,14项快捷键1: 41	数据长度是16	数据类型为number
158706, 存储数据, 玩家13,威芬520,15项快捷键2: 43	数据长度是16	数据类型为number
158706, 存储数据, 玩家13,威芬520,16项快捷键3: 61	数据长度是16	数据类型为number
158706, 存储数据, 玩家13,威芬520,17项快捷键4: 42	数据长度是16	数据类型为number
158706, 存储数据, 玩家13,威芬520,18项快捷键5: 56	数据长度是16	数据类型为number
158706, 存储数据, 玩家13,威芬520,19项快捷键6: 53	数据长度是16	数据类型为number
158706, 存储数据, 玩家13,威芬520,20项快捷键7: 541	数据长度是16	数据类型为number
158706, 存储数据, 玩家13,威芬520,21项快捷键8: 542	数据长度是16	数据类型为number
158706, 存储数据, 玩家13,威芬520,22项快捷键9: 543	数据长度是16	数据类型为number
158706, 存储数据, 玩家13,威芬520,23项快捷键10: 544	数据长度是16	数据类型为number
158706, 存储数据, 玩家13,威芬520,24项快捷键11: 545	数据长度是16	数据类型为number
158706, 存储数据, 玩家13,威芬520,25项快捷键12: 546	数据长度是16	数据类型为number
158706, 存储数据, 玩家13,威芬520,26项快捷键13: 44	数据长度是16	数据类型为number
158706, 存储数据, 玩家13,威芬520,27项快捷键14: 548	数据长度是16	数据类型为number
158706, 存储数据, 玩家13,威芬520,28项快捷键15: 549	数据长度是16	数据类型为number
158706, 存储数据, 玩家13,威芬520,29项快捷键16: 567	数据长度是16	数据类型为number
158706, 存储数据, 玩家13,威芬520,30项快捷键17: 555	数据长度是16	数据类型为number
158706, 存储数据, 玩家13,威芬520,31项快捷键18: 568	数据长度是16	数据类型为number
158706, 存储数据, 玩家13,威芬520,32项是否显示刀光: 1	数据长度是1	数据类型为number
158706, 存储数据, 玩家13,威芬520,33项显示刀光编号: 3	数据长度是8	数据类型为number
158706, 存储数据, 玩家13,威芬520,34项不显示翅膀: 0	数据长度是1	数据类型为number
158706, 存储数据, 玩家13,威芬520,35项显示翅膀编号: 5	数据长度是8	数据类型为number
158706, 存储数据, 玩家13,威芬520,36项孔明灯: 0	数据长度是8	数据类型为number
158706, 存储数据, 玩家13,威芬520,37项免控表现: 0	数据长度是8	数据类型为number
158706, 存储数据, 玩家13,威芬520,38项窗口锁定: 0	数据长度是8	数据类型为number
158706, 存储数据, 玩家13,威芬520,39项打孔明灯: 0	数据长度是8	数据类型为number
158706, 存储数据, 玩家13,威芬520,40项小地图头像: 0	数据长度是8	数据类型为number
158706, 存储数据, 玩家13,威芬520,41项画笔库6: 0	数据长度是8	数据类型为number
158706, 存储数据, 玩家13,威芬520,42项画笔库7: 0	数据长度是8	数据类型为number
158706, 存储数据, 玩家13,威芬520,43项画笔库8: 0	数据长度是8	数据类型为number
158706, 存储数据, 玩家13,威芬520,44项会员功能1: 1	数据长度是1	数据类型为number
158706, 存储数据, 玩家13,威芬520,45项会员功能2: 1	数据长度是1	数据类型为number
158706, 存储数据, 玩家13,威芬520,46项会员功能3: 1	数据长度是1	数据类型为number
158706, 存储数据, 玩家13,威芬520,47项会员功能4: 1	数据长度是1	数据类型为number
158706, 存储数据, 玩家13,威芬520,48项会员功能5: 1	数据长度是1	数据类型为number
158706, 存储数据, 玩家13,威芬520,49项会员功能6: 1	数据长度是1	数据类型为number
158706, 存储数据, 玩家13,威芬520,50项会员功能7: 1	数据长度是1	数据类型为number
158706, 存储数据, 玩家13,威芬520,51项会员功能8: 1	数据长度是1	数据类型为number
158706, 存储数据, 玩家13,威芬520,52项新商店左侧扩展面板: 1	数据长度是1	数据类型为number
158706, 存储数据, 玩家13,威芬520,53项新商店上部扩展面板: 1	数据长度是1	数据类型为number
158706, 存储数据, 玩家13,威芬520,54项新商店购买方式: 0	数据长度是1	数据类型为number
158706, 存储数据, 玩家13,威芬520,55项新商店商店模式: 0	数据长度是1	数据类型为number
158706, 存储数据, 玩家13,威芬520,56项预扣血模式: 0	数据长度是1	数据类型为number
158706, 存储数据, 玩家13,威芬520,57项回城特效: 10	数据长度是8	数据类型为number
158706, 存储数据, 玩家14,把莪遗忘,1项画质: 1	数据长度是1	数据类型为number
158706, 存储数据, 玩家14,把莪遗忘,2项滚屏速度: 11	数据长度是8	数据类型为number
158706, 存储数据, 玩家14,把莪遗忘,3项更新内容面板开关: 0	数据长度是1	数据类型为number
158706, 存储数据, 玩家14,把莪遗忘,4项游戏版本号: 1696	数据长度是16	数据类型为number
158706, 存储数据, 玩家14,把莪遗忘,5项语音: 0	数据长度是1	数据类型为number
158706, 存储数据, 玩家14,把莪遗忘,6项音响: 0	数据长度是1	数据类型为number
158706, 存储数据, 玩家14,把莪遗忘,7项麦克风: 0	数据长度是1	数据类型为number
158706, 存储数据, 玩家14,把莪遗忘,8项音响大小: 0	数据长度是8	数据类型为number
158706, 存储数据, 玩家14,把莪遗忘,9项麦克风大小: 0	数据长度是8	数据类型为number
158706, 存储数据, 玩家14,把莪遗忘,10项未知: 1	数据长度是1	数据类型为number
158706, 存储数据, 玩家14,把莪遗忘,11项光照: 99	数据长度是8	数据类型为number
158706, 存储数据, 玩家14,把莪遗忘,12项新F11面板模式: 0	数据长度是1	数据类型为number
158706, 存储数据, 玩家14,把莪遗忘,13项血条区分敌我: 0	数据长度是1	数据类型为number
158706, 存储数据, 玩家14,把莪遗忘,14项快捷键1: 41	数据长度是16	数据类型为number
158706, 存储数据, 玩家14,把莪遗忘,15项快捷键2: 43	数据长度是16	数据类型为number
158706, 存储数据, 玩家14,把莪遗忘,16项快捷键3: 61	数据长度是16	数据类型为number
158706, 存储数据, 玩家14,把莪遗忘,17项快捷键4: 42	数据长度是16	数据类型为number
158706, 存储数据, 玩家14,把莪遗忘,18项快捷键5: 62	数据长度是16	数据类型为number
158706, 存储数据, 玩家14,把莪遗忘,19项快捷键6: 0	数据长度是16	数据类型为number
158706, 存储数据, 玩家14,把莪遗忘,20项快捷键7: 541	数据长度是16	数据类型为number
158706, 存储数据, 玩家14,把莪遗忘,21项快捷键8: 542	数据长度是16	数据类型为number
158706, 存储数据, 玩家14,把莪遗忘,22项快捷键9: 543	数据长度是16	数据类型为number
158706, 存储数据, 玩家14,把莪遗忘,23项快捷键10: 44	数据长度是16	数据类型为number
158706, 存储数据, 玩家14,把莪遗忘,24项快捷键11: 45	数据长度是16	数据类型为number
158706, 存储数据, 玩家14,把莪遗忘,25项快捷键12: 546	数据长度是16	数据类型为number
158706, 存储数据, 玩家14,把莪遗忘,26项快捷键13: 547	数据长度是16	数据类型为number
158706, 存储数据, 玩家14,把莪遗忘,27项快捷键14: 64	数据长度是16	数据类型为number
158706, 存储数据, 玩家14,把莪遗忘,28项快捷键15: 549	数据长度是16	数据类型为number
158706, 存储数据, 玩家14,把莪遗忘,29项快捷键16: 573	数据长度是16	数据类型为number
158706, 存储数据, 玩家14,把莪遗忘,30项快捷键17: 555	数据长度是16	数据类型为number
158706, 存储数据, 玩家14,把莪遗忘,31项快捷键18: 568	数据长度是16	数据类型为number
158706, 存储数据, 玩家14,把莪遗忘,32项是否显示刀光: 1	数据长度是1	数据类型为number
158706, 存储数据, 玩家14,把莪遗忘,33项显示刀光编号: 20	数据长度是8	数据类型为number
158706, 存储数据, 玩家14,把莪遗忘,34项不显示翅膀: 0	数据长度是1	数据类型为number
158706, 存储数据, 玩家14,把莪遗忘,35项显示翅膀编号: 4	数据长度是8	数据类型为number
158706, 存储数据, 玩家14,把莪遗忘,36项孔明灯: 0	数据长度是8	数据类型为number
158706, 存储数据, 玩家14,把莪遗忘,37项免控表现: 0	数据长度是8	数据类型为number
158706, 存储数据, 玩家14,把莪遗忘,38项窗口锁定: 0	数据长度是8	数据类型为number
158706, 存储数据, 玩家14,把莪遗忘,39项打孔明灯: 0	数据长度是8	数据类型为number
158706, 存储数据, 玩家14,把莪遗忘,40项小地图头像: 0	数据长度是8	数据类型为number
158706, 存储数据, 玩家14,把莪遗忘,41项画笔库6: 0	数据长度是8	数据类型为number
158706, 存储数据, 玩家14,把莪遗忘,42项画笔库7: 0	数据长度是8	数据类型为number
158706, 存储数据, 玩家14,把莪遗忘,43项画笔库8: 0	数据长度是8	数据类型为number
158706, 存储数据, 玩家14,把莪遗忘,44项会员功能1: 1	数据长度是1	数据类型为number
158706, 存储数据, 玩家14,把莪遗忘,45项会员功能2: 1	数据长度是1	数据类型为number
158706, 存储数据, 玩家14,把莪遗忘,46项会员功能3: 1	数据长度是1	数据类型为number
158706, 存储数据, 玩家14,把莪遗忘,47项会员功能4: 1	数据长度是1	数据类型为number
158706, 存储数据, 玩家14,把莪遗忘,48项会员功能5: 1	数据长度是1	数据类型为number
158706, 存储数据, 玩家14,把莪遗忘,49项会员功能6: 1	数据长度是1	数据类型为number
158706, 存储数据, 玩家14,把莪遗忘,50项会员功能7: 1	数据长度是1	数据类型为number
158706, 存储数据, 玩家14,把莪遗忘,51项会员功能8: 1	数据长度是1	数据类型为number
158706, 存储数据, 玩家14,把莪遗忘,52项新商店左侧扩展面板: 1	数据长度是1	数据类型为number
158706, 存储数据, 玩家14,把莪遗忘,53项新商店上部扩展面板: 1	数据长度是1	数据类型为number
158706, 存储数据, 玩家14,把莪遗忘,54项新商店购买方式: 0	数据长度是1	数据类型为number
158706, 存储数据, 玩家14,把莪遗忘,55项新商店商店模式: 1	数据长度是1	数据类型为number
158706, 存储数据, 玩家14,把莪遗忘,56项预扣血模式: 0	数据长度是1	数据类型为number
158706, 存储数据, 玩家14,把莪遗忘,57项回城特效: 5	数据长度是8	数据类型为number
158706, 存储数据, 玩家15,txp000,1项画质: 1	数据长度是1	数据类型为number
158706, 存储数据, 玩家15,txp000,2项滚屏速度: 27	数据长度是8	数据类型为number
158706, 存储数据, 玩家15,txp000,3项更新内容面板开关: 0	数据长度是1	数据类型为number
158706, 存储数据, 玩家15,txp000,4项游戏版本号: 1696	数据长度是16	数据类型为number
158706, 存储数据, 玩家15,txp000,5项语音: 0	数据长度是1	数据类型为number
158706, 存储数据, 玩家15,txp000,6项音响: 0	数据长度是1	数据类型为number
158706, 存储数据, 玩家15,txp000,7项麦克风: 0	数据长度是1	数据类型为number
158706, 存储数据, 玩家15,txp000,8项音响大小: 0	数据长度是8	数据类型为number
158706, 存储数据, 玩家15,txp000,9项麦克风大小: 0	数据长度是8	数据类型为number
158706, 存储数据, 玩家15,txp000,10项未知: 1	数据长度是1	数据类型为number
158706, 存储数据, 玩家15,txp000,11项光照: 99	数据长度是8	数据类型为number
158706, 存储数据, 玩家15,txp000,12项新F11面板模式: 1	数据长度是1	数据类型为number
158706, 存储数据, 玩家15,txp000,13项血条区分敌我: 1	数据长度是1	数据类型为number
158706, 存储数据, 玩家15,txp000,14项快捷键1: 41	数据长度是16	数据类型为number
158706, 存储数据, 玩家15,txp000,15项快捷键2: 44	数据长度是16	数据类型为number
158706, 存储数据, 玩家15,txp000,16项快捷键3: 61	数据长度是16	数据类型为number
158706, 存储数据, 玩家15,txp000,17项快捷键4: 45	数据长度是16	数据类型为number
158706, 存储数据, 玩家15,txp000,18项快捷键5: 0	数据长度是16	数据类型为number
158706, 存储数据, 玩家15,txp000,19项快捷键6: 53	数据长度是16	数据类型为number
158706, 存储数据, 玩家15,txp000,20项快捷键7: 40	数据长度是16	数据类型为number
158706, 存储数据, 玩家15,txp000,21项快捷键8: 52	数据长度是16	数据类型为number
158706, 存储数据, 玩家15,txp000,22项快捷键9: 56	数据长度是16	数据类型为number
158706, 存储数据, 玩家15,txp000,23项快捷键10: 0	数据长度是16	数据类型为number
158706, 存储数据, 玩家15,txp000,24项快捷键11: 545	数据长度是16	数据类型为number
158706, 存储数据, 玩家15,txp000,25项快捷键12: 546	数据长度是16	数据类型为number
158706, 存储数据, 玩家15,txp000,26项快捷键13: 547	数据长度是16	数据类型为number
158706, 存储数据, 玩家15,txp000,27项快捷键14: 548	数据长度是16	数据类型为number
158706, 存储数据, 玩家15,txp000,28项快捷键15: 549	数据长度是16	数据类型为number
158706, 存储数据, 玩家15,txp000,29项快捷键16: 573	数据长度是16	数据类型为number
158706, 存储数据, 玩家15,txp000,30项快捷键17: 555	数据长度是16	数据类型为number
158706, 存储数据, 玩家15,txp000,31项快捷键18: 568	数据长度是16	数据类型为number
158706, 存储数据, 玩家15,txp000,32项是否显示刀光: 1	数据长度是1	数据类型为number
158706, 存储数据, 玩家15,txp000,33项显示刀光编号: 25	数据长度是8	数据类型为number
158706, 存储数据, 玩家15,txp000,34项不显示翅膀: 0	数据长度是1	数据类型为number
158706, 存储数据, 玩家15,txp000,35项显示翅膀编号: 8	数据长度是8	数据类型为number
158706, 存储数据, 玩家15,txp000,36项孔明灯: 0	数据长度是8	数据类型为number
158706, 存储数据, 玩家15,txp000,37项免控表现: 0	数据长度是8	数据类型为number
158706, 存储数据, 玩家15,txp000,38项窗口锁定: 0	数据长度是8	数据类型为number
158706, 存储数据, 玩家15,txp000,39项打孔明灯: 0	数据长度是8	数据类型为number
158706, 存储数据, 玩家15,txp000,40项小地图头像: 3	数据长度是8	数据类型为number
158706, 存储数据, 玩家15,txp000,41项画笔库6: 0	数据长度是8	数据类型为number
158706, 存储数据, 玩家15,txp000,42项画笔库7: 0	数据长度是8	数据类型为number
158706, 存储数据, 玩家15,txp000,43项画笔库8: 0	数据长度是8	数据类型为number
158706, 存储数据, 玩家15,txp000,44项会员功能1: 1	数据长度是1	数据类型为number
158706, 存储数据, 玩家15,txp000,45项会员功能2: 1	数据长度是1	数据类型为number
158706, 存储数据, 玩家15,txp000,46项会员功能3: 1	数据长度是1	数据类型为number
158706, 存储数据, 玩家15,txp000,47项会员功能4: 1	数据长度是1	数据类型为number
158706, 存储数据, 玩家15,txp000,48项会员功能5: 1	数据长度是1	数据类型为number
158706, 存储数据, 玩家15,txp000,49项会员功能6: 1	数据长度是1	数据类型为number
158706, 存储数据, 玩家15,txp000,50项会员功能7: 1	数据长度是1	数据类型为number
158706, 存储数据, 玩家15,txp000,51项会员功能8: 1	数据长度是1	数据类型为number
158706, 存储数据, 玩家15,txp000,52项新商店左侧扩展面板: 1	数据长度是1	数据类型为number
158706, 存储数据, 玩家15,txp000,53项新商店上部扩展面板: 1	数据长度是1	数据类型为number
158706, 存储数据, 玩家15,txp000,54项新商店购买方式: 0	数据长度是1	数据类型为number
158706, 存储数据, 玩家15,txp000,55项新商店商店模式: 1	数据长度是1	数据类型为number
158706, 存储数据, 玩家15,txp000,56项预扣血模式: 0	数据长度是1	数据类型为number
158706, 存储数据, 玩家15,txp000,57项回城特效: 0	数据长度是8	数据类型为number
158706, 存储数据, 玩家16,新手三百三,1项画质: 1	数据长度是1	数据类型为number
158706, 存储数据, 玩家16,新手三百三,2项滚屏速度: 24	数据长度是8	数据类型为number
158706, 存储数据, 玩家16,新手三百三,3项更新内容面板开关: 0	数据长度是1	数据类型为number
158706, 存储数据, 玩家16,新手三百三,4项游戏版本号: 1696	数据长度是16	数据类型为number
158706, 存储数据, 玩家16,新手三百三,5项语音: 0	数据长度是1	数据类型为number
158706, 存储数据, 玩家16,新手三百三,6项音响: 0	数据长度是1	数据类型为number
158706, 存储数据, 玩家16,新手三百三,7项麦克风: 0	数据长度是1	数据类型为number
158706, 存储数据, 玩家16,新手三百三,8项音响大小: 0	数据长度是8	数据类型为number
158706, 存储数据, 玩家16,新手三百三,9项麦克风大小: 0	数据长度是8	数据类型为number
158706, 存储数据, 玩家16,新手三百三,10项未知: 1	数据长度是1	数据类型为number
158706, 存储数据, 玩家16,新手三百三,11项光照: 99	数据长度是8	数据类型为number
158706, 存储数据, 玩家16,新手三百三,12项新F11面板模式: 1	数据长度是1	数据类型为number
158706, 存储数据, 玩家16,新手三百三,13项血条区分敌我: 1	数据长度是1	数据类型为number
158706, 存储数据, 玩家16,新手三百三,14项快捷键1: 41	数据长度是16	数据类型为number
158706, 存储数据, 玩家16,新手三百三,15项快捷键2: 43	数据长度是16	数据类型为number
158706, 存储数据, 玩家16,新手三百三,16项快捷键3: 61	数据长度是16	数据类型为number
158706, 存储数据, 玩家16,新手三百三,17项快捷键4: 42	数据长度是16	数据类型为number
158706, 存储数据, 玩家16,新手三百三,18项快捷键5: 56	数据长度是16	数据类型为number
158706, 存储数据, 玩家16,新手三百三,19项快捷键6: 53	数据长度是16	数据类型为number
158706, 存储数据, 玩家16,新手三百三,20项快捷键7: 541	数据长度是16	数据类型为number
158706, 存储数据, 玩家16,新手三百三,21项快捷键8: 542	数据长度是16	数据类型为number
158706, 存储数据, 玩家16,新手三百三,22项快捷键9: 543	数据长度是16	数据类型为number
158706, 存储数据, 玩家16,新手三百三,23项快捷键10: 544	数据长度是16	数据类型为number
158706, 存储数据, 玩家16,新手三百三,24项快捷键11: 545	数据长度是16	数据类型为number
158706, 存储数据, 玩家16,新手三百三,25项快捷键12: 546	数据长度是16	数据类型为number
158706, 存储数据, 玩家16,新手三百三,26项快捷键13: 547	数据长度是16	数据类型为number
158706, 存储数据, 玩家16,新手三百三,27项快捷键14: 548	数据长度是16	数据类型为number
158706, 存储数据, 玩家16,新手三百三,28项快捷键15: 549	数据长度是16	数据类型为number
158706, 存储数据, 玩家16,新手三百三,29项快捷键16: 573	数据长度是16	数据类型为number
158706, 存储数据, 玩家16,新手三百三,30项快捷键17: 555	数据长度是16	数据类型为number
158706, 存储数据, 玩家16,新手三百三,31项快捷键18: 568	数据长度是16	数据类型为number
158706, 存储数据, 玩家16,新手三百三,32项是否显示刀光: 1	数据长度是1	数据类型为number
158706, 存储数据, 玩家16,新手三百三,33项显示刀光编号: 14	数据长度是8	数据类型为number
158706, 存储数据, 玩家16,新手三百三,34项不显示翅膀: 0	数据长度是1	数据类型为number
158706, 存储数据, 玩家16,新手三百三,35项显示翅膀编号: 5	数据长度是8	数据类型为number
158706, 存储数据, 玩家16,新手三百三,36项孔明灯: 0	数据长度是8	数据类型为number
158706, 存储数据, 玩家16,新手三百三,37项免控表现: 0	数据长度是8	数据类型为number
158706, 存储数据, 玩家16,新手三百三,38项窗口锁定: 0	数据长度是8	数据类型为number
158706, 存储数据, 玩家16,新手三百三,39项打孔明灯: 0	数据长度是8	数据类型为number
158706, 存储数据, 玩家16,新手三百三,40项小地图头像: 0	数据长度是8	数据类型为number
158706, 存储数据, 玩家16,新手三百三,41项画笔库6: 0	数据长度是8	数据类型为number
158706, 存储数据, 玩家16,新手三百三,42项画笔库7: 0	数据长度是8	数据类型为number
158706, 存储数据, 玩家16,新手三百三,43项画笔库8: 0	数据长度是8	数据类型为number
158706, 存储数据, 玩家16,新手三百三,44项会员功能1: 1	数据长度是1	数据类型为number
158706, 存储数据, 玩家16,新手三百三,45项会员功能2: 1	数据长度是1	数据类型为number
158706, 存储数据, 玩家16,新手三百三,46项会员功能3: 1	数据长度是1	数据类型为number
158706, 存储数据, 玩家16,新手三百三,47项会员功能4: 1	数据长度是1	数据类型为number
158706, 存储数据, 玩家16,新手三百三,48项会员功能5: 1	数据长度是1	数据类型为number
158706, 存储数据, 玩家16,新手三百三,49项会员功能6: 1	数据长度是1	数据类型为number
158706, 存储数据, 玩家16,新手三百三,50项会员功能7: 1	数据长度是1	数据类型为number
158706, 存储数据, 玩家16,新手三百三,51项会员功能8: 1	数据长度是1	数据类型为number
158706, 存储数据, 玩家16,新手三百三,52项新商店左侧扩展面板: 1	数据长度是1	数据类型为number
158706, 存储数据, 玩家16,新手三百三,53项新商店上部扩展面板: 1	数据长度是1	数据类型为number
158706, 存储数据, 玩家16,新手三百三,54项新商店购买方式: 0	数据长度是1	数据类型为number
158706, 存储数据, 玩家16,新手三百三,55项新商店商店模式: 0	数据长度是1	数据类型为number
158706, 存储数据, 玩家16,新手三百三,56项预扣血模式: 0	数据长度是1	数据类型为number
158706, 存储数据, 玩家16,新手三百三,57项回城特效: 5	数据长度是8	数据类型为number
158706, 存储数据, 玩家17,珉昊2,1项画质: 1	数据长度是1	数据类型为number
158706, 存储数据, 玩家17,珉昊2,2项滚屏速度: 20	数据长度是8	数据类型为number
158706, 存储数据, 玩家17,珉昊2,3项更新内容面板开关: 0	数据长度是1	数据类型为number
158706, 存储数据, 玩家17,珉昊2,4项游戏版本号: 1696	数据长度是16	数据类型为number
158706, 存储数据, 玩家17,珉昊2,5项语音: 0	数据长度是1	数据类型为number
158706, 存储数据, 玩家17,珉昊2,6项音响: 0	数据长度是1	数据类型为number
158706, 存储数据, 玩家17,珉昊2,7项麦克风: 0	数据长度是1	数据类型为number
158706, 存储数据, 玩家17,珉昊2,8项音响大小: 0	数据长度是8	数据类型为number
158706, 存储数据, 玩家17,珉昊2,9项麦克风大小: 0	数据长度是8	数据类型为number
158706, 存储数据, 玩家17,珉昊2,10项未知: 1	数据长度是1	数据类型为number
158706, 存储数据, 玩家17,珉昊2,11项光照: 99	数据长度是8	数据类型为number
158706, 存储数据, 玩家17,珉昊2,12项新F11面板模式: 1	数据长度是1	数据类型为number
158706, 存储数据, 玩家17,珉昊2,13项血条区分敌我: 1	数据长度是1	数据类型为number
158706, 存储数据, 玩家17,珉昊2,14项快捷键1: 41	数据长度是16	数据类型为number
158706, 存储数据, 玩家17,珉昊2,15项快捷键2: 43	数据长度是16	数据类型为number
158706, 存储数据, 玩家17,珉昊2,16项快捷键3: 61	数据长度是16	数据类型为number
158706, 存储数据, 玩家17,珉昊2,17项快捷键4: 42	数据长度是16	数据类型为number
158706, 存储数据, 玩家17,珉昊2,18项快捷键5: 56	数据长度是16	数据类型为number
158706, 存储数据, 玩家17,珉昊2,19项快捷键6: 53	数据长度是16	数据类型为number
158706, 存储数据, 玩家17,珉昊2,20项快捷键7: 541	数据长度是16	数据类型为number
158706, 存储数据, 玩家17,珉昊2,21项快捷键8: 542	数据长度是16	数据类型为number
158706, 存储数据, 玩家17,珉昊2,22项快捷键9: 543	数据长度是16	数据类型为number
158706, 存储数据, 玩家17,珉昊2,23项快捷键10: 544	数据长度是16	数据类型为number
158706, 存储数据, 玩家17,珉昊2,24项快捷键11: 545	数据长度是16	数据类型为number
158706, 存储数据, 玩家17,珉昊2,25项快捷键12: 546	数据长度是16	数据类型为number
158706, 存储数据, 玩家17,珉昊2,26项快捷键13: 547	数据长度是16	数据类型为number
158706, 存储数据, 玩家17,珉昊2,27项快捷键14: 548	数据长度是16	数据类型为number
158706, 存储数据, 玩家17,珉昊2,28项快捷键15: 549	数据长度是16	数据类型为number
158706, 存储数据, 玩家17,珉昊2,29项快捷键16: 573	数据长度是16	数据类型为number
158706, 存储数据, 玩家17,珉昊2,30项快捷键17: 555	数据长度是16	数据类型为number
158706, 存储数据, 玩家17,珉昊2,31项快捷键18: 568	数据长度是16	数据类型为number
158706, 存储数据, 玩家17,珉昊2,32项是否显示刀光: 1	数据长度是1	数据类型为number
158706, 存储数据, 玩家17,珉昊2,33项显示刀光编号: 1	数据长度是8	数据类型为number
158706, 存储数据, 玩家17,珉昊2,34项不显示翅膀: 0	数据长度是1	数据类型为number
158706, 存储数据, 玩家17,珉昊2,35项显示翅膀编号: 1	数据长度是8	数据类型为number
158706, 存储数据, 玩家17,珉昊2,36项孔明灯: 0	数据长度是8	数据类型为number
158706, 存储数据, 玩家17,珉昊2,37项免控表现: 1	数据长度是8	数据类型为number
158706, 存储数据, 玩家17,珉昊2,38项窗口锁定: 0	数据长度是8	数据类型为number
158706, 存储数据, 玩家17,珉昊2,39项打孔明灯: 0	数据长度是8	数据类型为number
158706, 存储数据, 玩家17,珉昊2,40项小地图头像: 1	数据长度是8	数据类型为number
158706, 存储数据, 玩家17,珉昊2,41项画笔库6: 0	数据长度是8	数据类型为number
158706, 存储数据, 玩家17,珉昊2,42项画笔库7: 0	数据长度是8	数据类型为number
158706, 存储数据, 玩家17,珉昊2,43项画笔库8: 0	数据长度是8	数据类型为number
158706, 存储数据, 玩家17,珉昊2,44项会员功能1: 1	数据长度是1	数据类型为number
158706, 存储数据, 玩家17,珉昊2,45项会员功能2: 1	数据长度是1	数据类型为number
158706, 存储数据, 玩家17,珉昊2,46项会员功能3: 1	数据长度是1	数据类型为number
158706, 存储数据, 玩家17,珉昊2,47项会员功能4: 1	数据长度是1	数据类型为number
158706, 存储数据, 玩家17,珉昊2,48项会员功能5: 1	数据长度是1	数据类型为number
158706, 存储数据, 玩家17,珉昊2,49项会员功能6: 1	数据长度是1	数据类型为number
158706, 存储数据, 玩家17,珉昊2,50项会员功能7: 1	数据长度是1	数据类型为number
158706, 存储数据, 玩家17,珉昊2,51项会员功能8: 1	数据长度是1	数据类型为number
158706, 存储数据, 玩家17,珉昊2,52项新商店左侧扩展面板: 1	数据长度是1	数据类型为number
158706, 存储数据, 玩家17,珉昊2,53项新商店上部扩展面板: 1	数据长度是1	数据类型为number
158706, 存储数据, 玩家17,珉昊2,54项新商店购买方式: 0	数据长度是1	数据类型为number
158706, 存储数据, 玩家17,珉昊2,55项新商店商店模式: 1	数据长度是1	数据类型为number
158706, 存储数据, 玩家17,珉昊2,56项预扣血模式: 0	数据长度是1	数据类型为number
158706, 存储数据, 玩家17,珉昊2,57项回城特效: 0	数据长度是8	数据类型为number
158706, 存储数据, 玩家18,大猛子3,1项画质: 1	数据长度是1	数据类型为number
158706, 存储数据, 玩家18,大猛子3,2项滚屏速度: 20	数据长度是8	数据类型为number
158706, 存储数据, 玩家18,大猛子3,3项更新内容面板开关: 0	数据长度是1	数据类型为number
158706, 存储数据, 玩家18,大猛子3,4项游戏版本号: 1696	数据长度是16	数据类型为number
158706, 存储数据, 玩家18,大猛子3,5项语音: 0	数据长度是1	数据类型为number
158706, 存储数据, 玩家18,大猛子3,6项音响: 0	数据长度是1	数据类型为number
158706, 存储数据, 玩家18,大猛子3,7项麦克风: 0	数据长度是1	数据类型为number
158706, 存储数据, 玩家18,大猛子3,8项音响大小: 0	数据长度是8	数据类型为number
158706, 存储数据, 玩家18,大猛子3,9项麦克风大小: 0	数据长度是8	数据类型为number
158706, 存储数据, 玩家18,大猛子3,10项未知: 1	数据长度是1	数据类型为number
158706, 存储数据, 玩家18,大猛子3,11项光照: 99	数据长度是8	数据类型为number
158706, 存储数据, 玩家18,大猛子3,12项新F11面板模式: 1	数据长度是1	数据类型为number
158706, 存储数据, 玩家18,大猛子3,13项血条区分敌我: 1	数据长度是1	数据类型为number
158706, 存储数据, 玩家18,大猛子3,14项快捷键1: 41	数据长度是16	数据类型为number
158706, 存储数据, 玩家18,大猛子3,15项快捷键2: 43	数据长度是16	数据类型为number
158706, 存储数据, 玩家18,大猛子3,16项快捷键3: 61	数据长度是16	数据类型为number
158706, 存储数据, 玩家18,大猛子3,17项快捷键4: 42	数据长度是16	数据类型为number
158706, 存储数据, 玩家18,大猛子3,18项快捷键5: 56	数据长度是16	数据类型为number
158706, 存储数据, 玩家18,大猛子3,19项快捷键6: 53	数据长度是16	数据类型为number
158706, 存储数据, 玩家18,大猛子3,20项快捷键7: 541	数据长度是16	数据类型为number
158706, 存储数据, 玩家18,大猛子3,21项快捷键8: 542	数据长度是16	数据类型为number
158706, 存储数据, 玩家18,大猛子3,22项快捷键9: 543	数据长度是16	数据类型为number
158706, 存储数据, 玩家18,大猛子3,23项快捷键10: 544	数据长度是16	数据类型为number
158706, 存储数据, 玩家18,大猛子3,24项快捷键11: 545	数据长度是16	数据类型为number
158706, 存储数据, 玩家18,大猛子3,25项快捷键12: 546	数据长度是16	数据类型为number
158706, 存储数据, 玩家18,大猛子3,26项快捷键13: 547	数据长度是16	数据类型为number
158706, 存储数据, 玩家18,大猛子3,27项快捷键14: 548	数据长度是16	数据类型为number
158706, 存储数据, 玩家18,大猛子3,28项快捷键15: 549	数据长度是16	数据类型为number
158706, 存储数据, 玩家18,大猛子3,29项快捷键16: 573	数据长度是16	数据类型为number
158706, 存储数据, 玩家18,大猛子3,30项快捷键17: 555	数据长度是16	数据类型为number
158706, 存储数据, 玩家18,大猛子3,31项快捷键18: 568	数据长度是16	数据类型为number
158706, 存储数据, 玩家18,大猛子3,32项是否显示刀光: 1	数据长度是1	数据类型为number
158706, 存储数据, 玩家18,大猛子3,33项显示刀光编号: 13	数据长度是8	数据类型为number
158706, 存储数据, 玩家18,大猛子3,34项不显示翅膀: 1	数据长度是1	数据类型为number
158706, 存储数据, 玩家18,大猛子3,35项显示翅膀编号: 0	数据长度是8	数据类型为number
158706, 存储数据, 玩家18,大猛子3,36项孔明灯: 0	数据长度是8	数据类型为number
158706, 存储数据, 玩家18,大猛子3,37项免控表现: 0	数据长度是8	数据类型为number
158706, 存储数据, 玩家18,大猛子3,38项窗口锁定: 0	数据长度是8	数据类型为number
158706, 存储数据, 玩家18,大猛子3,39项打孔明灯: 0	数据长度是8	数据类型为number
158706, 存储数据, 玩家18,大猛子3,40项小地图头像: 3	数据长度是8	数据类型为number
158706, 存储数据, 玩家18,大猛子3,41项画笔库6: 0	数据长度是8	数据类型为number
158706, 存储数据, 玩家18,大猛子3,42项画笔库7: 0	数据长度是8	数据类型为number
158706, 存储数据, 玩家18,大猛子3,43项画笔库8: 0	数据长度是8	数据类型为number
158706, 存储数据, 玩家18,大猛子3,44项会员功能1: 1	数据长度是1	数据类型为number
158706, 存储数据, 玩家18,大猛子3,45项会员功能2: 1	数据长度是1	数据类型为number
158706, 存储数据, 玩家18,大猛子3,46项会员功能3: 1	数据长度是1	数据类型为number
158706, 存储数据, 玩家18,大猛子3,47项会员功能4: 1	数据长度是1	数据类型为number
158706, 存储数据, 玩家18,大猛子3,48项会员功能5: 1	数据长度是1	数据类型为number
158706, 存储数据, 玩家18,大猛子3,49项会员功能6: 1	数据长度是1	数据类型为number
158706, 存储数据, 玩家18,大猛子3,50项会员功能7: 1	数据长度是1	数据类型为number
158706, 存储数据, 玩家18,大猛子3,51项会员功能8: 1	数据长度是1	数据类型为number
158706, 存储数据, 玩家18,大猛子3,52项新商店左侧扩展面板: 1	数据长度是1	数据类型为number
158706, 存储数据, 玩家18,大猛子3,53项新商店上部扩展面板: 1	数据长度是1	数据类型为number
158706, 存储数据, 玩家18,大猛子3,54项新商店购买方式: 0	数据长度是1	数据类型为number
158706, 存储数据, 玩家18,大猛子3,55项新商店商店模式: 0	数据长度是1	数据类型为number
158706, 存储数据, 玩家18,大猛子3,56项预扣血模式: 0	数据长度是1	数据类型为number
158706, 存储数据, 玩家18,大猛子3,57项回城特效: 0	数据长度是8	数据类型为number
158706, 存储数据, 玩家19,一级就被杀,1项画质: 1	数据长度是1	数据类型为number
158706, 存储数据, 玩家19,一级就被杀,2项滚屏速度: 20	数据长度是8	数据类型为number
158706, 存储数据, 玩家19,一级就被杀,3项更新内容面板开关: 0	数据长度是1	数据类型为number
158706, 存储数据, 玩家19,一级就被杀,4项游戏版本号: 1696	数据长度是16	数据类型为number
158706, 存储数据, 玩家19,一级就被杀,5项语音: 0	数据长度是1	数据类型为number
158706, 存储数据, 玩家19,一级就被杀,6项音响: 0	数据长度是1	数据类型为number
158706, 存储数据, 玩家19,一级就被杀,7项麦克风: 0	数据长度是1	数据类型为number
158706, 存储数据, 玩家19,一级就被杀,8项音响大小: 0	数据长度是8	数据类型为number
158706, 存储数据, 玩家19,一级就被杀,9项麦克风大小: 0	数据长度是8	数据类型为number
158706, 存储数据, 玩家19,一级就被杀,10项未知: 1	数据长度是1	数据类型为number
158706, 存储数据, 玩家19,一级就被杀,11项光照: 97	数据长度是8	数据类型为number
158706, 存储数据, 玩家19,一级就被杀,12项新F11面板模式: 1	数据长度是1	数据类型为number
158706, 存储数据, 玩家19,一级就被杀,13项血条区分敌我: 1	数据长度是1	数据类型为number
158706, 存储数据, 玩家19,一级就被杀,14项快捷键1: 41	数据长度是16	数据类型为number
158706, 存储数据, 玩家19,一级就被杀,15项快捷键2: 43	数据长度是16	数据类型为number
158706, 存储数据, 玩家19,一级就被杀,16项快捷键3: 61	数据长度是16	数据类型为number
158706, 存储数据, 玩家19,一级就被杀,17项快捷键4: 42	数据长度是16	数据类型为number
158706, 存储数据, 玩家19,一级就被杀,18项快捷键5: 56	数据长度是16	数据类型为number
158706, 存储数据, 玩家19,一级就被杀,19项快捷键6: 53	数据长度是16	数据类型为number
158706, 存储数据, 玩家19,一级就被杀,20项快捷键7: 541	数据长度是16	数据类型为number
158706, 存储数据, 玩家19,一级就被杀,21项快捷键8: 542	数据长度是16	数据类型为number
158706, 存储数据, 玩家19,一级就被杀,22项快捷键9: 543	数据长度是16	数据类型为number
158706, 存储数据, 玩家19,一级就被杀,23项快捷键10: 544	数据长度是16	数据类型为number
158706, 存储数据, 玩家19,一级就被杀,24项快捷键11: 545	数据长度是16	数据类型为number
158706, 存储数据, 玩家19,一级就被杀,25项快捷键12: 546	数据长度是16	数据类型为number
158706, 存储数据, 玩家19,一级就被杀,26项快捷键13: 547	数据长度是16	数据类型为number
158706, 存储数据, 玩家19,一级就被杀,27项快捷键14: 548	数据长度是16	数据类型为number
158706, 存储数据, 玩家19,一级就被杀,28项快捷键15: 549	数据长度是16	数据类型为number
158706, 存储数据, 玩家19,一级就被杀,29项快捷键16: 573	数据长度是16	数据类型为number
158706, 存储数据, 玩家19,一级就被杀,30项快捷键17: 555	数据长度是16	数据类型为number
158706, 存储数据, 玩家19,一级就被杀,31项快捷键18: 568	数据长度是16	数据类型为number
158706, 存储数据, 玩家19,一级就被杀,32项是否显示刀光: 1	数据长度是1	数据类型为number
158706, 存储数据, 玩家19,一级就被杀,33项显示刀光编号: 1	数据长度是8	数据类型为number
158706, 存储数据, 玩家19,一级就被杀,34项不显示翅膀: 1	数据长度是1	数据类型为number
158706, 存储数据, 玩家19,一级就被杀,35项显示翅膀编号: 0	数据长度是8	数据类型为number
158706, 存储数据, 玩家19,一级就被杀,36项孔明灯: 0	数据长度是8	数据类型为number
158706, 存储数据, 玩家19,一级就被杀,37项免控表现: 0	数据长度是8	数据类型为number
158706, 存储数据, 玩家19,一级就被杀,38项窗口锁定: 0	数据长度是8	数据类型为number
158706, 存储数据, 玩家19,一级就被杀,39项打孔明灯: 0	数据长度是8	数据类型为number
158706, 存储数据, 玩家19,一级就被杀,40项小地图头像: 3	数据长度是8	数据类型为number
158706, 存储数据, 玩家19,一级就被杀,41项画笔库6: 0	数据长度是8	数据类型为number
158706, 存储数据, 玩家19,一级就被杀,42项画笔库7: 0	数据长度是8	数据类型为number
158706, 存储数据, 玩家19,一级就被杀,43项画笔库8: 0	数据长度是8	数据类型为number
158706, 存储数据, 玩家19,一级就被杀,44项会员功能1: 1	数据长度是1	数据类型为number
158706, 存储数据, 玩家19,一级就被杀,45项会员功能2: 1	数据长度是1	数据类型为number
158706, 存储数据, 玩家19,一级就被杀,46项会员功能3: 1	数据长度是1	数据类型为number
158706, 存储数据, 玩家19,一级就被杀,47项会员功能4: 1	数据长度是1	数据类型为number
158706, 存储数据, 玩家19,一级就被杀,48项会员功能5: 1	数据长度是1	数据类型为number
158706, 存储数据, 玩家19,一级就被杀,49项会员功能6: 1	数据长度是1	数据类型为number
158706, 存储数据, 玩家19,一级就被杀,50项会员功能7: 1	数据长度是1	数据类型为number
158706, 存储数据, 玩家19,一级就被杀,51项会员功能8: 1	数据长度是1	数据类型为number
158706, 存储数据, 玩家19,一级就被杀,52项新商店左侧扩展面板: 1	数据长度是1	数据类型为number
158706, 存储数据, 玩家19,一级就被杀,53项新商店上部扩展面板: 1	数据长度是1	数据类型为number
158706, 存储数据, 玩家19,一级就被杀,54项新商店购买方式: 0	数据长度是1	数据类型为number
158706, 存储数据, 玩家19,一级就被杀,55项新商店商店模式: 1	数据长度是1	数据类型为number
158706, 存储数据, 玩家19,一级就被杀,56项预扣血模式: 0	数据长度是1	数据类型为number
158706, 存储数据, 玩家19,一级就被杀,57项回城特效: 0	数据长度是8	数据类型为number
158706, 存储数据, 玩家20,我的懿宝,1项画质: 1	数据长度是1	数据类型为number
158706, 存储数据, 玩家20,我的懿宝,2项滚屏速度: 15	数据长度是8	数据类型为number
158706, 存储数据, 玩家20,我的懿宝,3项更新内容面板开关: 0	数据长度是1	数据类型为number
158706, 存储数据, 玩家20,我的懿宝,4项游戏版本号: 1696	数据长度是16	数据类型为number
158706, 存储数据, 玩家20,我的懿宝,5项语音: 1	数据长度是1	数据类型为number
158706, 存储数据, 玩家20,我的懿宝,6项音响: 0	数据长度是1	数据类型为number
158706, 存储数据, 玩家20,我的懿宝,7项麦克风: 1	数据长度是1	数据类型为number
158706, 存储数据, 玩家20,我的懿宝,8项音响大小: 0	数据长度是8	数据类型为number
158706, 存储数据, 玩家20,我的懿宝,9项麦克风大小: 0	数据长度是8	数据类型为number
158706, 存储数据, 玩家20,我的懿宝,10项未知: 1	数据长度是1	数据类型为number
158706, 存储数据, 玩家20,我的懿宝,11项光照: 99	数据长度是8	数据类型为number
158706, 存储数据, 玩家20,我的懿宝,12项新F11面板模式: 1	数据长度是1	数据类型为number
158706, 存储数据, 玩家20,我的懿宝,13项血条区分敌我: 1	数据长度是1	数据类型为number
158706, 存储数据, 玩家20,我的懿宝,14项快捷键1: 41	数据长度是16	数据类型为number
158706, 存储数据, 玩家20,我的懿宝,15项快捷键2: 43	数据长度是16	数据类型为number
158706, 存储数据, 玩家20,我的懿宝,16项快捷键3: 0	数据长度是16	数据类型为number
158706, 存储数据, 玩家20,我的懿宝,17项快捷键4: 42	数据长度是16	数据类型为number
158706, 存储数据, 玩家20,我的懿宝,18项快捷键5: 56	数据长度是16	数据类型为number
158706, 存储数据, 玩家20,我的懿宝,19项快捷键6: 53	数据长度是16	数据类型为number
158706, 存储数据, 玩家20,我的懿宝,20项快捷键7: 61	数据长度是16	数据类型为number
158706, 存储数据, 玩家20,我的懿宝,21项快捷键8: 542	数据长度是16	数据类型为number
158706, 存储数据, 玩家20,我的懿宝,22项快捷键9: 543	数据长度是16	数据类型为number
158706, 存储数据, 玩家20,我的懿宝,23项快捷键10: 544	数据长度是16	数据类型为number
158706, 存储数据, 玩家20,我的懿宝,24项快捷键11: 545	数据长度是16	数据类型为number
158706, 存储数据, 玩家20,我的懿宝,25项快捷键12: 546	数据长度是16	数据类型为number
158706, 存储数据, 玩家20,我的懿宝,26项快捷键13: 547	数据长度是16	数据类型为number
158706, 存储数据, 玩家20,我的懿宝,27项快捷键14: 548	数据长度是16	数据类型为number
158706, 存储数据, 玩家20,我的懿宝,28项快捷键15: 549	数据长度是16	数据类型为number
158706, 存储数据, 玩家20,我的懿宝,29项快捷键16: 573	数据长度是16	数据类型为number
158706, 存储数据, 玩家20,我的懿宝,30项快捷键17: 555	数据长度是16	数据类型为number
158706, 存储数据, 玩家20,我的懿宝,31项快捷键18: 568	数据长度是16	数据类型为number
158706, 存储数据, 玩家20,我的懿宝,32项是否显示刀光: 1	数据长度是1	数据类型为number
158706, 存储数据, 玩家20,我的懿宝,33项显示刀光编号: 14	数据长度是8	数据类型为number
158706, 存储数据, 玩家20,我的懿宝,34项不显示翅膀: 0	数据长度是1	数据类型为number
158706, 存储数据, 玩家20,我的懿宝,35项显示翅膀编号: 1	数据长度是8	数据类型为number
158706, 存储数据, 玩家20,我的懿宝,36项孔明灯: 0	数据长度是8	数据类型为number
158706, 存储数据, 玩家20,我的懿宝,37项免控表现: 0	数据长度是8	数据类型为number
158706, 存储数据, 玩家20,我的懿宝,38项窗口锁定: 0	数据长度是8	数据类型为number
158706, 存储数据, 玩家20,我的懿宝,39项打孔明灯: 0	数据长度是8	数据类型为number
158706, 存储数据, 玩家20,我的懿宝,40项小地图头像: 3	数据长度是8	数据类型为number
158706, 存储数据, 玩家20,我的懿宝,41项画笔库6: 0	数据长度是8	数据类型为number
158706, 存储数据, 玩家20,我的懿宝,42项画笔库7: 0	数据长度是8	数据类型为number
158706, 存储数据, 玩家20,我的懿宝,43项画笔库8: 0	数据长度是8	数据类型为number
158706, 存储数据, 玩家20,我的懿宝,44项会员功能1: 1	数据长度是1	数据类型为number
158706, 存储数据, 玩家20,我的懿宝,45项会员功能2: 1	数据长度是1	数据类型为number
158706, 存储数据, 玩家20,我的懿宝,46项会员功能3: 0	数据长度是1	数据类型为number
158706, 存储数据, 玩家20,我的懿宝,47项会员功能4: 1	数据长度是1	数据类型为number
158706, 存储数据, 玩家20,我的懿宝,48项会员功能5: 1	数据长度是1	数据类型为number
158706, 存储数据, 玩家20,我的懿宝,49项会员功能6: 1	数据长度是1	数据类型为number
158706, 存储数据, 玩家20,我的懿宝,50项会员功能7: 1	数据长度是1	数据类型为number
158706, 存储数据, 玩家20,我的懿宝,51项会员功能8: 1	数据长度是1	数据类型为number
158706, 存储数据, 玩家20,我的懿宝,52项新商店左侧扩展面板: 1	数据长度是1	数据类型为number
158706, 存储数据, 玩家20,我的懿宝,53项新商店上部扩展面板: 1	数据长度是1	数据类型为number
158706, 存储数据, 玩家20,我的懿宝,54项新商店购买方式: 0	数据长度是1	数据类型为number
158706, 存储数据, 玩家20,我的懿宝,55项新商店商店模式: 0	数据长度是1	数据类型为number
158706, 存储数据, 玩家20,我的懿宝,56项预扣血模式: 1	数据长度是1	数据类型为number
158706, 存储数据, 玩家20,我的懿宝,57项回城特效: 8	数据长度是8	数据类型为number
158706, 存储数据, 玩家21,蜀国,1项画质: 1	数据长度是1	数据类型为number
158706, 存储数据, 玩家21,蜀国,2项滚屏速度: 20	数据长度是8	数据类型为number
158706, 存储数据, 玩家21,蜀国,3项更新内容面板开关: 0	数据长度是1	数据类型为number
158706, 存储数据, 玩家21,蜀国,4项游戏版本号: 0	数据长度是16	数据类型为number
158706, 存储数据, 玩家21,蜀国,5项语音: 0	数据长度是1	数据类型为number
158706, 存储数据, 玩家21,蜀国,6项音响: 0	数据长度是1	数据类型为number
158706, 存储数据, 玩家21,蜀国,7项麦克风: 0	数据长度是1	数据类型为number
158706, 存储数据, 玩家21,蜀国,8项音响大小: 0	数据长度是8	数据类型为number
158706, 存储数据, 玩家21,蜀国,9项麦克风大小: 0	数据长度是8	数据类型为number
158706, 存储数据, 玩家21,蜀国,10项未知: 0	数据长度是1	数据类型为number
158706, 存储数据, 玩家21,蜀国,11项光照: 99	数据长度是8	数据类型为number
158706, 存储数据, 玩家21,蜀国,12项新F11面板模式: 1	数据长度是1	数据类型为number
158706, 存储数据, 玩家21,蜀国,13项血条区分敌我: 1	数据长度是1	数据类型为number
158706, 存储数据, 玩家21,蜀国,14项快捷键1: 41	数据长度是16	数据类型为number
158706, 存储数据, 玩家21,蜀国,15项快捷键2: 43	数据长度是16	数据类型为number
158706, 存储数据, 玩家21,蜀国,16项快捷键3: 61	数据长度是16	数据类型为number
158706, 存储数据, 玩家21,蜀国,17项快捷键4: 42	数据长度是16	数据类型为number
158706, 存储数据, 玩家21,蜀国,18项快捷键5: 56	数据长度是16	数据类型为number
158706, 存储数据, 玩家21,蜀国,19项快捷键6: 53	数据长度是16	数据类型为number
158706, 存储数据, 玩家21,蜀国,20项快捷键7: 541	数据长度是16	数据类型为number
158706, 存储数据, 玩家21,蜀国,21项快捷键8: 542	数据长度是16	数据类型为number
158706, 存储数据, 玩家21,蜀国,22项快捷键9: 543	数据长度是16	数据类型为number
158706, 存储数据, 玩家21,蜀国,23项快捷键10: 544	数据长度是16	数据类型为number
158706, 存储数据, 玩家21,蜀国,24项快捷键11: 545	数据长度是16	数据类型为number
158706, 存储数据, 玩家21,蜀国,25项快捷键12: 546	数据长度是16	数据类型为number
158706, 存储数据, 玩家21,蜀国,26项快捷键13: 547	数据长度是16	数据类型为number
158706, 存储数据, 玩家21,蜀国,27项快捷键14: 548	数据长度是16	数据类型为number
158706, 存储数据, 玩家21,蜀国,28项快捷键15: 549	数据长度是16	数据类型为number
158706, 存储数据, 玩家21,蜀国,29项快捷键16: 573	数据长度是16	数据类型为number
158706, 存储数据, 玩家21,蜀国,30项快捷键17: 555	数据长度是16	数据类型为number
158706, 存储数据, 玩家21,蜀国,31项快捷键18: 568	数据长度是16	数据类型为number
158706, 存储数据, 玩家21,蜀国,32项是否显示刀光: 1	数据长度是1	数据类型为number
158706, 存储数据, 玩家21,蜀国,33项显示刀光编号: 1	数据长度是8	数据类型为number
158706, 存储数据, 玩家21,蜀国,34项不显示翅膀: 0	数据长度是1	数据类型为number
158706, 存储数据, 玩家21,蜀国,35项显示翅膀编号: 0	数据长度是8	数据类型为number
158706, 存储数据, 玩家21,蜀国,36项孔明灯: 0	数据长度是8	数据类型为number
158706, 存储数据, 玩家21,蜀国,37项免控表现: 1	数据长度是8	数据类型为number
158706, 存储数据, 玩家21,蜀国,38项窗口锁定: 0	数据长度是8	数据类型为number
158706, 存储数据, 玩家21,蜀国,39项打孔明灯: 0	数据长度是8	数据类型为number
158706, 存储数据, 玩家21,蜀国,40项小地图头像: 1	数据长度是8	数据类型为number
158706, 存储数据, 玩家21,蜀国,41项画笔库6: 0	数据长度是8	数据类型为number
158706, 存储数据, 玩家21,蜀国,42项画笔库7: 0	数据长度是8	数据类型为number
158706, 存储数据, 玩家21,蜀国,43项画笔库8: 0	数据长度是8	数据类型为number
158706, 存储数据, 玩家21,蜀国,44项会员功能1: 1	数据长度是1	数据类型为number
158706, 存储数据, 玩家21,蜀国,45项会员功能2: 1	数据长度是1	数据类型为number
158706, 存储数据, 玩家21,蜀国,46项会员功能3: 1	数据长度是1	数据类型为number
158706, 存储数据, 玩家21,蜀国,47项会员功能4: 1	数据长度是1	数据类型为number
158706, 存储数据, 玩家21,蜀国,48项会员功能5: 1	数据长度是1	数据类型为number
158706, 存储数据, 玩家21,蜀国,49项会员功能6: 1	数据长度是1	数据类型为number
158706, 存储数据, 玩家21,蜀国,50项会员功能7: 1	数据长度是1	数据类型为number
158706, 存储数据, 玩家21,蜀国,51项会员功能8: 1	数据长度是1	数据类型为number
158706, 存储数据, 玩家21,蜀国,52项新商店左侧扩展面板: 1	数据长度是1	数据类型为number
158706, 存储数据, 玩家21,蜀国,53项新商店上部扩展面板: 1	数据长度是1	数据类型为number
158706, 存储数据, 玩家21,蜀国,54项新商店购买方式: 0	数据长度是1	数据类型为number
158706, 存储数据, 玩家21,蜀国,55项新商店商店模式: 0	数据长度是1	数据类型为number
158706, 存储数据, 玩家21,蜀国,56项预扣血模式: 0	数据长度是1	数据类型为number
158706, 存储数据, 玩家21,蜀国,57项回城特效: 0	数据长度是8	数据类型为number
158706, 存储数据, 玩家22,魏国,1项画质: 1	数据长度是1	数据类型为number
158706, 存储数据, 玩家22,魏国,2项滚屏速度: 20	数据长度是8	数据类型为number
158706, 存储数据, 玩家22,魏国,3项更新内容面板开关: 0	数据长度是1	数据类型为number
158706, 存储数据, 玩家22,魏国,4项游戏版本号: 0	数据长度是16	数据类型为number
158706, 存储数据, 玩家22,魏国,5项语音: 0	数据长度是1	数据类型为number
158706, 存储数据, 玩家22,魏国,6项音响: 0	数据长度是1	数据类型为number
158706, 存储数据, 玩家22,魏国,7项麦克风: 0	数据长度是1	数据类型为number
158706, 存储数据, 玩家22,魏国,8项音响大小: 0	数据长度是8	数据类型为number
158706, 存储数据, 玩家22,魏国,9项麦克风大小: 0	数据长度是8	数据类型为number
158706, 存储数据, 玩家22,魏国,10项未知: 0	数据长度是1	数据类型为number
158706, 存储数据, 玩家22,魏国,11项光照: 99	数据长度是8	数据类型为number
158706, 存储数据, 玩家22,魏国,12项新F11面板模式: 1	数据长度是1	数据类型为number
158706, 存储数据, 玩家22,魏国,13项血条区分敌我: 1	数据长度是1	数据类型为number
158706, 存储数据, 玩家22,魏国,14项快捷键1: 41	数据长度是16	数据类型为number
158706, 存储数据, 玩家22,魏国,15项快捷键2: 43	数据长度是16	数据类型为number
158706, 存储数据, 玩家22,魏国,16项快捷键3: 61	数据长度是16	数据类型为number
158706, 存储数据, 玩家22,魏国,17项快捷键4: 42	数据长度是16	数据类型为number
158706, 存储数据, 玩家22,魏国,18项快捷键5: 56	数据长度是16	数据类型为number
158706, 存储数据, 玩家22,魏国,19项快捷键6: 53	数据长度是16	数据类型为number
158706, 存储数据, 玩家22,魏国,20项快捷键7: 541	数据长度是16	数据类型为number
158706, 存储数据, 玩家22,魏国,21项快捷键8: 542	数据长度是16	数据类型为number
158706, 存储数据, 玩家22,魏国,22项快捷键9: 543	数据长度是16	数据类型为number
158706, 存储数据, 玩家22,魏国,23项快捷键10: 544	数据长度是16	数据类型为number
158706, 存储数据, 玩家22,魏国,24项快捷键11: 545	数据长度是16	数据类型为number
158706, 存储数据, 玩家22,魏国,25项快捷键12: 546	数据长度是16	数据类型为number
158706, 存储数据, 玩家22,魏国,26项快捷键13: 547	数据长度是16	数据类型为number
158706, 存储数据, 玩家22,魏国,27项快捷键14: 548	数据长度是16	数据类型为number
158706, 存储数据, 玩家22,魏国,28项快捷键15: 549	数据长度是16	数据类型为number
158706, 存储数据, 玩家22,魏国,29项快捷键16: 573	数据长度是16	数据类型为number
158706, 存储数据, 玩家22,魏国,30项快捷键17: 555	数据长度是16	数据类型为number
158706, 存储数据, 玩家22,魏国,31项快捷键18: 568	数据长度是16	数据类型为number
158706, 存储数据, 玩家22,魏国,32项是否显示刀光: 1	数据长度是1	数据类型为number
158706, 存储数据, 玩家22,魏国,33项显示刀光编号: 1	数据长度是8	数据类型为number
158706, 存储数据, 玩家22,魏国,34项不显示翅膀: 0	数据长度是1	数据类型为number
158706, 存储数据, 玩家22,魏国,35项显示翅膀编号: 0	数据长度是8	数据类型为number
158706, 存储数据, 玩家22,魏国,36项孔明灯: 0	数据长度是8	数据类型为number
158706, 存储数据, 玩家22,魏国,37项免控表现: 1	数据长度是8	数据类型为number
158706, 存储数据, 玩家22,魏国,38项窗口锁定: 0	数据长度是8	数据类型为number
158706, 存储数据, 玩家22,魏国,39项打孔明灯: 0	数据长度是8	数据类型为number
158706, 存储数据, 玩家22,魏国,40项小地图头像: 1	数据长度是8	数据类型为number
158706, 存储数据, 玩家22,魏国,41项画笔库6: 0	数据长度是8	数据类型为number
158706, 存储数据, 玩家22,魏国,42项画笔库7: 0	数据长度是8	数据类型为number
158706, 存储数据, 玩家22,魏国,43项画笔库8: 0	数据长度是8	数据类型为number
158706, 存储数据, 玩家22,魏国,44项会员功能1: 1	数据长度是1	数据类型为number
158706, 存储数据, 玩家22,魏国,45项会员功能2: 1	数据长度是1	数据类型为number
158706, 存储数据, 玩家22,魏国,46项会员功能3: 1	数据长度是1	数据类型为number
158706, 存储数据, 玩家22,魏国,47项会员功能4: 1	数据长度是1	数据类型为number
158706, 存储数据, 玩家22,魏国,48项会员功能5: 1	数据长度是1	数据类型为number
158706, 存储数据, 玩家22,魏国,49项会员功能6: 1	数据长度是1	数据类型为number
158706, 存储数据, 玩家22,魏国,50项会员功能7: 1	数据长度是1	数据类型为number
158706, 存储数据, 玩家22,魏国,51项会员功能8: 1	数据长度是1	数据类型为number
158706, 存储数据, 玩家22,魏国,52项新商店左侧扩展面板: 1	数据长度是1	数据类型为number
158706, 存储数据, 玩家22,魏国,53项新商店上部扩展面板: 1	数据长度是1	数据类型为number
158706, 存储数据, 玩家22,魏国,54项新商店购买方式: 0	数据长度是1	数据类型为number
158706, 存储数据, 玩家22,魏国,55项新商店商店模式: 0	数据长度是1	数据类型为number
158706, 存储数据, 玩家22,魏国,56项预扣血模式: 0	数据长度是1	数据类型为number
158706, 存储数据, 玩家22,魏国,57项回城特效: 0	数据长度是8	数据类型为number
158706, 存储数据, 玩家23,中立敌对,1项画质: 1	数据长度是1	数据类型为number
158706, 存储数据, 玩家23,中立敌对,2项滚屏速度: 20	数据长度是8	数据类型为number
158706, 存储数据, 玩家23,中立敌对,3项更新内容面板开关: 0	数据长度是1	数据类型为number
158706, 存储数据, 玩家23,中立敌对,4项游戏版本号: 0	数据长度是16	数据类型为number
158706, 存储数据, 玩家23,中立敌对,5项语音: 0	数据长度是1	数据类型为number
158706, 存储数据, 玩家23,中立敌对,6项音响: 0	数据长度是1	数据类型为number
158706, 存储数据, 玩家23,中立敌对,7项麦克风: 0	数据长度是1	数据类型为number
158706, 存储数据, 玩家23,中立敌对,8项音响大小: 0	数据长度是8	数据类型为number
158706, 存储数据, 玩家23,中立敌对,9项麦克风大小: 0	数据长度是8	数据类型为number
158706, 存储数据, 玩家23,中立敌对,10项未知: 0	数据长度是1	数据类型为number
158706, 存储数据, 玩家23,中立敌对,11项光照: 99	数据长度是8	数据类型为number
158706, 存储数据, 玩家23,中立敌对,12项新F11面板模式: 1	数据长度是1	数据类型为number
158706, 存储数据, 玩家23,中立敌对,13项血条区分敌我: 1	数据长度是1	数据类型为number
158706, 存储数据, 玩家23,中立敌对,14项快捷键1: 41	数据长度是16	数据类型为number
158706, 存储数据, 玩家23,中立敌对,15项快捷键2: 43	数据长度是16	数据类型为number
158706, 存储数据, 玩家23,中立敌对,16项快捷键3: 61	数据长度是16	数据类型为number
158706, 存储数据, 玩家23,中立敌对,17项快捷键4: 42	数据长度是16	数据类型为number
158706, 存储数据, 玩家23,中立敌对,18项快捷键5: 56	数据长度是16	数据类型为number
158706, 存储数据, 玩家23,中立敌对,19项快捷键6: 53	数据长度是16	数据类型为number
158706, 存储数据, 玩家23,中立敌对,20项快捷键7: 541	数据长度是16	数据类型为number
158706, 存储数据, 玩家23,中立敌对,21项快捷键8: 542	数据长度是16	数据类型为number
158706, 存储数据, 玩家23,中立敌对,22项快捷键9: 543	数据长度是16	数据类型为number
158706, 存储数据, 玩家23,中立敌对,23项快捷键10: 544	数据长度是16	数据类型为number
158706, 存储数据, 玩家23,中立敌对,24项快捷键11: 545	数据长度是16	数据类型为number
158706, 存储数据, 玩家23,中立敌对,25项快捷键12: 546	数据长度是16	数据类型为number
158706, 存储数据, 玩家23,中立敌对,26项快捷键13: 547	数据长度是16	数据类型为number
158706, 存储数据, 玩家23,中立敌对,27项快捷键14: 548	数据长度是16	数据类型为number
158706, 存储数据, 玩家23,中立敌对,28项快捷键15: 549	数据长度是16	数据类型为number
158706, 存储数据, 玩家23,中立敌对,29项快捷键16: 573	数据长度是16	数据类型为number
158706, 存储数据, 玩家23,中立敌对,30项快捷键17: 555	数据长度是16	数据类型为number
158706, 存储数据, 玩家23,中立敌对,31项快捷键18: 568	数据长度是16	数据类型为number
158706, 存储数据, 玩家23,中立敌对,32项是否显示刀光: 1	数据长度是1	数据类型为number
158706, 存储数据, 玩家23,中立敌对,33项显示刀光编号: 1	数据长度是8	数据类型为number
158706, 存储数据, 玩家23,中立敌对,34项不显示翅膀: 0	数据长度是1	数据类型为number
158706, 存储数据, 玩家23,中立敌对,35项显示翅膀编号: 0	数据长度是8	数据类型为number
158706, 存储数据, 玩家23,中立敌对,36项孔明灯: 0	数据长度是8	数据类型为number
158706, 存储数据, 玩家23,中立敌对,37项免控表现: 1	数据长度是8	数据类型为number
158706, 存储数据, 玩家23,中立敌对,38项窗口锁定: 0	数据长度是8	数据类型为number
158706, 存储数据, 玩家23,中立敌对,39项打孔明灯: 0	数据长度是8	数据类型为number
158706, 存储数据, 玩家23,中立敌对,40项小地图头像: 1	数据长度是8	数据类型为number
158706, 存储数据, 玩家23,中立敌对,41项画笔库6: 0	数据长度是8	数据类型为number
158706, 存储数据, 玩家23,中立敌对,42项画笔库7: 0	数据长度是8	数据类型为number
158706, 存储数据, 玩家23,中立敌对,43项画笔库8: 0	数据长度是8	数据类型为number
158706, 存储数据, 玩家23,中立敌对,44项会员功能1: 1	数据长度是1	数据类型为number
158706, 存储数据, 玩家23,中立敌对,45项会员功能2: 1	数据长度是1	数据类型为number
158706, 存储数据, 玩家23,中立敌对,46项会员功能3: 1	数据长度是1	数据类型为number
158706, 存储数据, 玩家23,中立敌对,47项会员功能4: 1	数据长度是1	数据类型为number
158706, 存储数据, 玩家23,中立敌对,48项会员功能5: 1	数据长度是1	数据类型为number
158706, 存储数据, 玩家23,中立敌对,49项会员功能6: 1	数据长度是1	数据类型为number
158706, 存储数据, 玩家23,中立敌对,50项会员功能7: 1	数据长度是1	数据类型为number
158706, 存储数据, 玩家23,中立敌对,51项会员功能8: 1	数据长度是1	数据类型为number
158706, 存储数据, 玩家23,中立敌对,52项新商店左侧扩展面板: 1	数据长度是1	数据类型为number
158706, 存储数据, 玩家23,中立敌对,53项新商店上部扩展面板: 1	数据长度是1	数据类型为number
158706, 存储数据, 玩家23,中立敌对,54项新商店购买方式: 0	数据长度是1	数据类型为number
158706, 存储数据, 玩家23,中立敌对,55项新商店商店模式: 0	数据长度是1	数据类型为number
158706, 存储数据, 玩家23,中立敌对,56项预扣血模式: 0	数据长度是1	数据类型为number
158706, 存储数据, 玩家23,中立敌对,57项回城特效: 0	数据长度是8	数据类型为number
158706, 存储数据, 玩家24,中立无敌意,1项画质: 1	数据长度是1	数据类型为number
158706, 存储数据, 玩家24,中立无敌意,2项滚屏速度: 20	数据长度是8	数据类型为number
158706, 存储数据, 玩家24,中立无敌意,3项更新内容面板开关: 0	数据长度是1	数据类型为number
158706, 存储数据, 玩家24,中立无敌意,4项游戏版本号: 0	数据长度是16	数据类型为number
158706, 存储数据, 玩家24,中立无敌意,5项语音: 0	数据长度是1	数据类型为number
158706, 存储数据, 玩家24,中立无敌意,6项音响: 0	数据长度是1	数据类型为number
158706, 存储数据, 玩家24,中立无敌意,7项麦克风: 0	数据长度是1	数据类型为number
158706, 存储数据, 玩家24,中立无敌意,8项音响大小: 0	数据长度是8	数据类型为number
158706, 存储数据, 玩家24,中立无敌意,9项麦克风大小: 0	数据长度是8	数据类型为number
158706, 存储数据, 玩家24,中立无敌意,10项未知: 0	数据长度是1	数据类型为number
158706, 存储数据, 玩家24,中立无敌意,11项光照: 99	数据长度是8	数据类型为number
158706, 存储数据, 玩家24,中立无敌意,12项新F11面板模式: 1	数据长度是1	数据类型为number
158706, 存储数据, 玩家24,中立无敌意,13项血条区分敌我: 1	数据长度是1	数据类型为number
158706, 存储数据, 玩家24,中立无敌意,14项快捷键1: 41	数据长度是16	数据类型为number
158706, 存储数据, 玩家24,中立无敌意,15项快捷键2: 43	数据长度是16	数据类型为number
158706, 存储数据, 玩家24,中立无敌意,16项快捷键3: 61	数据长度是16	数据类型为number
158706, 存储数据, 玩家24,中立无敌意,17项快捷键4: 42	数据长度是16	数据类型为number
158706, 存储数据, 玩家24,中立无敌意,18项快捷键5: 56	数据长度是16	数据类型为number
158706, 存储数据, 玩家24,中立无敌意,19项快捷键6: 53	数据长度是16	数据类型为number
158706, 存储数据, 玩家24,中立无敌意,20项快捷键7: 541	数据长度是16	数据类型为number
158706, 存储数据, 玩家24,中立无敌意,21项快捷键8: 542	数据长度是16	数据类型为number
158706, 存储数据, 玩家24,中立无敌意,22项快捷键9: 543	数据长度是16	数据类型为number
158706, 存储数据, 玩家24,中立无敌意,23项快捷键10: 544	数据长度是16	数据类型为number
158706, 存储数据, 玩家24,中立无敌意,24项快捷键11: 545	数据长度是16	数据类型为number
158706, 存储数据, 玩家24,中立无敌意,25项快捷键12: 546	数据长度是16	数据类型为number
158706, 存储数据, 玩家24,中立无敌意,26项快捷键13: 547	数据长度是16	数据类型为number
158706, 存储数据, 玩家24,中立无敌意,27项快捷键14: 548	数据长度是16	数据类型为number
158706, 存储数据, 玩家24,中立无敌意,28项快捷键15: 549	数据长度是16	数据类型为number
158706, 存储数据, 玩家24,中立无敌意,29项快捷键16: 573	数据长度是16	数据类型为number
158706, 存储数据, 玩家24,中立无敌意,30项快捷键17: 555	数据长度是16	数据类型为number
158706, 存储数据, 玩家24,中立无敌意,31项快捷键18: 568	数据长度是16	数据类型为number
158706, 存储数据, 玩家24,中立无敌意,32项是否显示刀光: 1	数据长度是1	数据类型为number
158706, 存储数据, 玩家24,中立无敌意,33项显示刀光编号: 1	数据长度是8	数据类型为number
158706, 存储数据, 玩家24,中立无敌意,34项不显示翅膀: 0	数据长度是1	数据类型为number
158706, 存储数据, 玩家24,中立无敌意,35项显示翅膀编号: 0	数据长度是8	数据类型为number
158706, 存储数据, 玩家24,中立无敌意,36项孔明灯: 0	数据长度是8	数据类型为number
158706, 存储数据, 玩家24,中立无敌意,37项免控表现: 1	数据长度是8	数据类型为number
158706, 存储数据, 玩家24,中立无敌意,38项窗口锁定: 0	数据长度是8	数据类型为number
158706, 存储数据, 玩家24,中立无敌意,39项打孔明灯: 0	数据长度是8	数据类型为number
158706, 存储数据, 玩家24,中立无敌意,40项小地图头像: 1	数据长度是8	数据类型为number
158706, 存储数据, 玩家24,中立无敌意,41项画笔库6: 0	数据长度是8	数据类型为number
158706, 存储数据, 玩家24,中立无敌意,42项画笔库7: 0	数据长度是8	数据类型为number
158706, 存储数据, 玩家24,中立无敌意,43项画笔库8: 0	数据长度是8	数据类型为number
158706, 存储数据, 玩家24,中立无敌意,44项会员功能1: 1	数据长度是1	数据类型为number
158706, 存储数据, 玩家24,中立无敌意,45项会员功能2: 1	数据长度是1	数据类型为number
158706, 存储数据, 玩家24,中立无敌意,46项会员功能3: 1	数据长度是1	数据类型为number
158706, 存储数据, 玩家24,中立无敌意,47项会员功能4: 1	数据长度是1	数据类型为number
158706, 存储数据, 玩家24,中立无敌意,48项会员功能5: 1	数据长度是1	数据类型为number
158706, 存储数据, 玩家24,中立无敌意,49项会员功能6: 1	数据长度是1	数据类型为number
158706, 存储数据, 玩家24,中立无敌意,50项会员功能7: 1	数据长度是1	数据类型为number
158706, 存储数据, 玩家24,中立无敌意,51项会员功能8: 1	数据长度是1	数据类型为number
158706, 存储数据, 玩家24,中立无敌意,52项新商店左侧扩展面板: 1	数据长度是1	数据类型为number
158706, 存储数据, 玩家24,中立无敌意,53项新商店上部扩展面板: 1	数据长度是1	数据类型为number
158706, 存储数据, 玩家24,中立无敌意,54项新商店购买方式: 0	数据长度是1	数据类型为number
158706, 存储数据, 玩家24,中立无敌意,55项新商店商店模式: 0	数据长度是1	数据类型为number
158706, 存储数据, 玩家24,中立无敌意,56项预扣血模式: 0	数据长度是1	数据类型为number
158706, 存储数据, 玩家24,中立无敌意,57项回城特效: 0	数据长度是8	数据类型为number
