158706, {
158706, 	[1] = 6,
158706, 	[2] = 6.6103483280669e+018,
158706, 	[3] = 0,
158706, 	[4] = '手指太阳说丨曰',
158706, 	[5] = 22,
158706, 	[6] = 47,
158706, 	[7] = '群雄逐鹿10v10',
158706, 	[8] = 7,
158706, 	[9] = 22,
158706, 	[10] = '2762-6-1539091656',
158706, 	[11] = 4,
158706, 	[12] = 2,
158706, 	[13] = 10,
158706, 	[14] = 10,
158706, 	[15] = 391,
158706, 	[16] = 20,
158706, 	[17] = 81,
158706, 	[18] = 32,
158706, 	[19] = 12,
158706, 	[20] = 3,
158706, 	[21] = 0,
158706, 	[22] = 0,
158706, 	[23] = 0,
158706, 	[24] = 0,
158706, 	[25] = 20,
158706, 	[26] = 0,
158706, 	[27] = 261,
158706, 	[28] = 300,
158706, 	[29] = 168,
158706, 	[30] = 166,
158706, 	[31] = 2698,
158706, 	[32] = 3,
158706, },
158706, 
