2018-10-07 22:20:37:180 PID:8732 FM:     0  ReplayName = D:\起凡\7fgame\replay\MyGame\AutoSave\my_replays0130.7fr  
2018-10-07 22:20:37:180 PID:8732 FM:     0  自动保存的平台路径：/replay="D:\起凡\7fgame\replay\MyGame\AutoSave\my_replays0130.7fr"  
2018-10-07 22:20:37:181 PID:8732 FM:     0   ReplayName2 = D:\起凡\7fgame\replay\MyGame  
2018-10-07 22:20:37:181 PID:8732 FM:     0  玩家保存的平台路径：/replaypath="D:\起凡\7fgame\replay\MyGame\"  
2018-10-07 22:20:45:537 PID:8732 FM:     0  TRUN_VASL[4] 
2018-10-07 22:20:55:877 PID:8732 FM:     0  载人中途加入数据[25692] Length[2903593] 
2018-10-07 22:21:18:291 PID:8732 FM:104877  保存录像[2062515] FM[104877] [ ] 
2018-10-07 22:21:18:293 PID:8732 FM:104877  压缩文件[.\core\hct.o]成功。(.\core\hct.o.zip) 
2018-10-07 22:21:18:301 PID:8732 FM:104877  FILES 0 11253 .\core\hct.o  
2018-10-07 22:21:18:301 PID:8732 FM:104877  删除临时文件[1] [.\core\hct.o.zip]  
2018-10-07 22:21:53:804 PID:8732 FM:106969  保存录像[2098015] FM[106969] [ ] 
2018-10-07 22:22:32:259 PID:8732 FM:109241  保存录像[2136484] FM[109241] [ ] 
2018-10-07 22:23:08:275 PID:8732 FM:111365  保存录像[2172500] FM[111365] [ ] 
2018-10-07 22:23:43:994 PID:8732 FM:113473  保存录像[2208218] FM[113473] [ ] 
2018-10-07 22:24:20:075 PID:8732 FM:115601  保存录像[2244296] FM[115601] [ ] 
2018-10-07 22:24:55:638 PID:8732 FM:117697  保存录像[2279859] FM[117697] [ ] 
2018-10-07 22:25:31:244 PID:8732 FM:119793  保存录像[2315468] FM[119793] [ ] 
2018-10-07 22:26:10:260 PID:8732 FM:122101  保存录像[2354484] FM[122101] [ ] 
2018-10-07 22:26:46:009 PID:8732 FM:124209  保存录像[2390234] FM[124209] [ ] 
2018-10-07 22:27:22:213 PID:8732 FM:126349  保存录像[2426437] FM[126349] [ ] 
2018-10-07 22:27:59:417 PID:8732 FM:128541  保存录像[2463640] FM[128541] [ ] 
2018-10-07 22:28:15:530 PID:8732 FM:129411  填充脚本自定义数据[2479750] FM[129411] LEN[11133] 
2018-10-07 22:28:15:530 PID:8732 FM:129411  ONOVERVIDEOSYS [] 
2018-10-07 22:28:15:530 PID:8732 FM:129411  保存录像[2479750] FM[129411] [ ] 
2018-10-07 22:28:15:531 PID:8732 FM:129411  游戏结束保存录像 [1] 
2018-10-07 22:28:15:537 PID:8732 FM:129411  SAVEAS[2479750] [OK] LOCAL [log8732-2018.10.07-22.20.37/replay8732.7fr] Error[0] 
2018-10-07 22:28:15:537 PID:8732 FM:129411  SAVEAS[2479750] [OK] TARGET[D:\起凡\7fgame\replay\MyGame\AutoSave\my_replays0130.7fr] Error[0] 
2018-10-07 22:28:15:537 PID:8732 FM:129411  退出游戏(结束), code 1
 
2018-10-07 22:28:15:537 PID:8732 FM:129411  向服务器发送录像信息(无请求) 
