129411, mvp_value =340, famous_point = 0, famous_point_per = 10
129411, result_per = 0.6, time_per = 0.75, num_per = 1
129411, 计算经验值为153
129411, 需刷新,疲劳度为200
129411, 计算经验值为306
129411, mvp_value =196, famous_point = 1, famous_point_per = 10
129411, result_per = 0.6, time_per = 0.75, num_per = 1
129411, 计算经验值为93
129411, 需刷新,疲劳度为200
129411, 计算经验值为186
129411, mvp_value =310, famous_point = 0, famous_point_per = 10
129411, result_per = 0.6, time_per = 0.75, num_per = 1
129411, 计算经验值为140
129411, 需刷新,疲劳度为200
129411, 计算经验值为280
129411, mvp_value =218, famous_point = 0, famous_point_per = 10
129411, result_per = 0.6, time_per = 0.75, num_per = 1
129411, 计算经验值为98
129411, 需刷新,疲劳度为200
129411, 计算经验值为196
129411, mvp_value =279, famous_point = 0, famous_point_per = 10
129411, result_per = 0.6, time_per = 0.75, num_per = 1
129411, 计算经验值为126
129411, 需刷新,疲劳度为200
129411, 计算经验值为252
129411, mvp_value =192, famous_point = 0, famous_point_per = 10
129411, result_per = 0.6, time_per = 0.75, num_per = 1
129411, 计算经验值为86
129411, 需刷新,疲劳度为200
129411, 计算经验值为172
129411, mvp_value =283, famous_point = 0, famous_point_per = 10
129411, result_per = 0.6, time_per = 0.75, num_per = 1
129411, 计算经验值为127
129411, 需刷新,疲劳度为200
129411, 计算经验值为254
129411, mvp_value =262, famous_point = 0, famous_point_per = 10
129411, result_per = 0.6, time_per = 0.75, num_per = 1
129411, 计算经验值为118
129411, 需刷新,疲劳度为200
129411, 计算经验值为236
129411, mvp_value =360, famous_point = 3, famous_point_per = 10
129411, result_per = 0.6, time_per = 0.75, num_per = 1
129411, 计算经验值为176
129411, 需刷新,疲劳度为200
129411, 计算经验值为352
129411, mvp_value =351, famous_point = 0, famous_point_per = 10
129411, result_per = 0.6, time_per = 0.75, num_per = 1
129411, 计算经验值为158
129411, 需刷新,疲劳度为200
129411, 计算经验值为316
129411, mvp_value =496, famous_point = 3, famous_point_per = 10
129411, result_per = 1, time_per = 0.75, num_per = 1
129411, 计算经验值为395
129411, 需刷新,疲劳度为200
129411, 计算经验值为790
129411, mvp_value =318, famous_point = 0, famous_point_per = 10
129411, result_per = 1, time_per = 0.75, num_per = 1
129411, 计算经验值为239
129411, 需刷新,疲劳度为200
129411, 计算经验值为478
129411, mvp_value =259, famous_point = 0, famous_point_per = 10
129411, result_per = 1, time_per = 0.75, num_per = 1
129411, 计算经验值为194
129411, 需刷新,疲劳度为200
129411, 计算经验值为388
129411, mvp_value =322, famous_point = 0, famous_point_per = 10
129411, result_per = 1, time_per = 0.75, num_per = 1
129411, 计算经验值为242
129411, 需刷新,疲劳度为200
129411, 计算经验值为484
129411, mvp_value =500, famous_point = 7, famous_point_per = 10
129411, result_per = 1, time_per = 0.75, num_per = 1
129411, 计算经验值为428
129411, 需刷新,疲劳度为200
129411, 计算经验值为856
129411, mvp_value =475, famous_point = 2, famous_point_per = 10
129411, result_per = 1, time_per = 0.75, num_per = 1
129411, 计算经验值为371
129411, 需刷新,疲劳度为200
129411, 计算经验值为742
129411, mvp_value =180, famous_point = 0, famous_point_per = 10
129411, result_per = 1, time_per = 0.75, num_per = 1
129411, 计算经验值为135
129411, 需刷新,疲劳度为200
129411, 计算经验值为270
129411, mvp_value =392, famous_point = 0, famous_point_per = 10
129411, result_per = 1, time_per = 0.75, num_per = 1
129411, 计算经验值为294
129411, 需刷新,疲劳度为200
129411, 计算经验值为588
129411, mvp_value =293, famous_point = 0, famous_point_per = 10
129411, result_per = 1, time_per = 0.75, num_per = 1
129411, 计算经验值为220
129411, 需刷新,疲劳度为200
129411, 计算经验值为440
129411, mvp_value =463, famous_point = 1, famous_point_per = 10
129411, result_per = 1, time_per = 0.75, num_per = 1
129411, 计算经验值为355
129411, 需刷新,疲劳度为200
129411, 计算经验值为710
