129411, p_control_id = 1
129411, Old_Point = 779
129411, Add_Point = -13
129411, New_Point_Real = 766
129411, G_Tab.ELOpoint[p_control_id][ELOkind + 2] = 4621
129411, p_control_id = 2
129411, Old_Point = 584
129411, Add_Point = -11
129411, New_Point_Real = 573
129411, G_Tab.ELOpoint[p_control_id][ELOkind + 2] = 634
129411, p_control_id = 3
129411, Old_Point = 769
129411, Add_Point = -19
129411, New_Point_Real = 750
129411, G_Tab.ELOpoint[p_control_id][ELOkind + 2] = 5566
129411, p_control_id = 4
129411, Old_Point = 819
129411, Add_Point = -21
129411, New_Point_Real = 798
129411, G_Tab.ELOpoint[p_control_id][ELOkind + 2] = 2483
129411, p_control_id = 5
129411, Old_Point = 723
129411, Add_Point = -17
129411, New_Point_Real = 706
129411, G_Tab.ELOpoint[p_control_id][ELOkind + 2] = 4641
129411, p_control_id = 6
129411, Old_Point = 787
129411, Add_Point = -20
129411, New_Point_Real = 767
129411, G_Tab.ELOpoint[p_control_id][ELOkind + 2] = 4068
129411, p_control_id = 7
129411, Old_Point = 694
129411, Add_Point = -15
129411, New_Point_Real = 679
129411, G_Tab.ELOpoint[p_control_id][ELOkind + 2] = 3022
129411, p_control_id = 8
129411, Old_Point = 788
129411, Add_Point = -20
129411, New_Point_Real = 768
129411, G_Tab.ELOpoint[p_control_id][ELOkind + 2] = 5040
129411, p_control_id = 9
129411, Old_Point = 739
129411, Add_Point = -9
129411, New_Point_Real = 730
129411, G_Tab.ELOpoint[p_control_id][ELOkind + 2] = 157
129411, p_control_id = 10
129411, Old_Point = 617
129411, Add_Point = -7
129411, New_Point_Real = 610
129411, G_Tab.ELOpoint[p_control_id][ELOkind + 2] = 1884
129411, p_control_id = 11
129411, Old_Point = 737
129411, Add_Point = 24
129411, New_Point_Real = 761
129411, G_Tab.ELOpoint[p_control_id][ELOkind + 2] = 5565
129411, p_control_id = 12
129411, Old_Point = 770
129411, Add_Point = 14
129411, New_Point_Real = 784
129411, G_Tab.ELOpoint[p_control_id][ELOkind + 2] = 2480
129411, p_control_id = 13
129411, Old_Point = 587
129411, Add_Point = 22
129411, New_Point_Real = 609
129411, G_Tab.ELOpoint[p_control_id][ELOkind + 2] = 2763
129411, p_control_id = 14
129411, Old_Point = 668
129411, Add_Point = 19
129411, New_Point_Real = 687
129411, G_Tab.ELOpoint[p_control_id][ELOkind + 2] = 1180
129411, p_control_id = 15
129411, Old_Point = 743
129411, Add_Point = 31
129411, New_Point_Real = 774
129411, G_Tab.ELOpoint[p_control_id][ELOkind + 2] = 686
129411, p_control_id = 16
129411, Old_Point = 724
129411, Add_Point = 20
129411, New_Point_Real = 744
129411, G_Tab.ELOpoint[p_control_id][ELOkind + 2] = 2716
129411, p_control_id = 17
129411, Old_Point = 713
129411, Add_Point = 17
129411, New_Point_Real = 730
129411, G_Tab.ELOpoint[p_control_id][ELOkind + 2] = 632
129411, p_control_id = 18
129411, Old_Point = 686
129411, Add_Point = 18
129411, New_Point_Real = 704
129411, G_Tab.ELOpoint[p_control_id][ELOkind + 2] = 1197
129411, p_control_id = 19
129411, Old_Point = 740
129411, Add_Point = 16
129411, New_Point_Real = 756
129411, G_Tab.ELOpoint[p_control_id][ELOkind + 2] = 4010
129411, p_control_id = 20
129411, Old_Point = 705
129411, Add_Point = 17
129411, New_Point_Real = 722
129411, G_Tab.ELOpoint[p_control_id][ELOkind + 2] = 8433
