129411, 	玩家名	controlid	天梯10V10竞技积分	普通匹配10V10竞技积分	天梯10V10局数	普通10V10局数	天梯10V10竞技加分	普通匹配10V10竞技加分	表现系数	波动系数	高分系数	当局MVP	消费信息
129411, 	狼冤	1	639	779	35	4621	-8	-13	0.7	1	1	340	875
129411, 	一叶丶枫落	2	583	584	10	634	-12	-11	1	1	1	196	812
129411, 	疯狂释战魂	3	616	769	218	5566	-12	-19	1	1	1	310	363
129411, 	xiao小是	4	630	819	110	2483	-12	-21	1	1	1	218	891
129411, 	狂霸王12	5	565	723	231	4641	-12	-17	1	1	1	279	466
129411, 	纯属Diane猥琐	6	686	787	57	4068	-11	-20	1	1	1	192	539
129411, 	爱你一场梦	7	600	694	158	3022	-12	-15	1	1	1	283	509
129411, 	Goodbye深爱的	8	650	788	162	5040	-12	-20	1	1	1	262	493
129411, 	RoyalMM单挑	9	606	739	54	157	-5	-9	0.5	1	1	360	567
129411, 	酒醉天涯	10	750	617	282	1884	0	-7	0.6	1	1	351	1
129411, 	快乐小伟丶	11	649	737	31	5565	1	24	1.5	1	1	496	1649
129411, 	哥灬孤霜	12	823	770	108	2480	11	14	1	1	1	318	466
129411, 	Ta跌	13	627	587	6	2763	29	22	1	1	1	259	1053
129411, 	惹火大少爷	14	563	668	106	1180	13	19	1	1	1	322	389
129411, 	混沌值丶	15	571	743	1	686	106	31	2	1	1	721	1189
129411, 	q俺是新手你咋滴	16	564	724	189	2716	16	20	1.2	1	1	475	519
129411, 	右耳钉丶残恋	17	583	713	60	632	13	17	1	1	1	180	590
129411, 	丶乖乖小桐	18	563	686	308	1197	13	18	1	1	1	392	537
129411, 	世界如此灬残酷	19	621	740	65	4010	12	16	1	1	1	293	548
129411, 	转角遇到你小妹	20	559	705	287	8433	13	17	1	1	1	463	724
129411, ***************以下是开局时的匹配信息****************
129411, 	玩家名	controlid	天梯10V10竞技积分	普通匹配10V10竞技积分	天梯10V10局数	普通10V10局数	组队系数	组队后匹配信息	消费信息	局质量
129411, 	狼牙将士;font=175289816;a=255;r=138;g=133;b=78;|return=5|;|text=狼冤	1	639	779	35	4621	1	639	916	85
129411, 	狼牙将士;font=175289816;a=255;r=138;g=133;b=78;|return=5|;|text=一叶丶枫落	2	583	584	10	634	1	583	882	85
129411, 	狼牙将士;font=175289816;a=255;r=138;g=133;b=78;|return=5|;|text=疯狂释战魂	3	616	769	218	5566	1	616	291	85
129411, 	狼牙将士;font=175289816;a=255;r=138;g=133;b=78;|return=5|;|text=xiao小是	4	630	819	110	2483	1	630	806	85
129411, 	狼牙将士;font=175289816;a=255;r=138;g=133;b=78;|return=5|;|text=狂霸王12	5	565	723	231	4641	1	565	491	85
129411, 	狼牙将士;font=175289816;a=255;r=138;g=133;b=78;|return=5|;|text=纯属Diane猥琐	6	686	787	57	4068	1	686	527	85
129411, 	狼牙将士;font=175289816;a=255;r=138;g=133;b=78;|return=5|;|text=爱你一场梦	7	600	694	158	3022	1	600	506	85
129411, 	狼牙将士;font=175289816;a=255;r=138;g=133;b=78;|return=5|;|text=Goodbye深爱的	8	650	788	162	5040	1	650	533	85
129411, 	狼牙将士;font=175289816;a=255;r=138;g=133;b=78;|return=5|;|text=RoyalMM单挑	9	606	739	54	157	1	606	529	85
129411, 	番茄爱手机	10	605	715	31	5023	1	605	547	85
129411, 	狼牙将士;font=175289816;a=255;r=138;g=133;b=78;|return=5|;|text=快乐小伟丶	11	649	737	31	5565	1	649	1335	85
129411, 	0	12	0	0	0	0	1	0	0	85
129411, 	Ta跌	13	627	587	6	2763	1	627	948	85
129411, 	狼牙将士;font=175289816;a=255;r=138;g=133;b=78;|return=5|;|text=惹火大少爷	14	563	668	106	1180	1	563	453	85
129411, 	混沌值丶	15	571	743	1	686	1	571	949	85
129411, 	狼牙将士;font=175289816;a=255;r=138;g=133;b=78;|return=5|;|text=q俺是新手你咋滴	16	564	724	189	2716	1	564	531	85
129411, 	狼牙将士;font=175289816;a=255;r=138;g=133;b=78;|return=5|;|text=右耳钉丶残恋	17	583	713	60	632	1	583	713	85
129411, 	狼牙将士;font=175289816;a=255;r=138;g=133;b=78;|return=5|;|text=丶乖乖小桐	18	563	686	308	1197	1	563	610	85
129411, 	狼牙将士;font=175289816;a=255;r=138;g=133;b=78;|return=5|;|text=世界如此灬残酷	19	621	740	65	4010	1	621	565	85
129411, 	狼牙将士;font=175289816;a=255;r=138;g=133;b=78;|return=5|;|text=转角遇到你小妹	20	559	705	287	8433	1	559	652	85
129411, 更详细的记录在eloScore
