129411, control_id = 1
129411, MyMVP = 340
129411, Midmvp = 279
129411, iswin = 0
129411, control_id = 1
129411, MyMVP = 340
129411, Midmvp = 279
129411, iswin = 0
129411, control_id = 2
129411, MyMVP = 196
129411, Midmvp = 279
129411, iswin = 0
129411, control_id = 2
129411, MyMVP = 196
129411, Midmvp = 279
129411, iswin = 0
129411, control_id = 3
129411, MyMVP = 310
129411, Midmvp = 279
129411, iswin = 0
129411, control_id = 3
129411, MyMVP = 310
129411, Midmvp = 279
129411, iswin = 0
129411, control_id = 4
129411, MyMVP = 218
129411, Midmvp = 279
129411, iswin = 0
129411, control_id = 4
129411, MyMVP = 218
129411, Midmvp = 279
129411, iswin = 0
129411, control_id = 5
129411, MyMVP = 279
129411, Midmvp = 279
129411, iswin = 0
129411, control_id = 5
129411, MyMVP = 279
129411, Midmvp = 279
129411, iswin = 0
129411, control_id = 6
129411, MyMVP = 192
129411, Midmvp = 279
129411, iswin = 0
129411, control_id = 6
129411, MyMVP = 192
129411, Midmvp = 279
129411, iswin = 0
129411, control_id = 7
129411, MyMVP = 283
129411, Midmvp = 279
129411, iswin = 0
129411, control_id = 7
129411, MyMVP = 283
129411, Midmvp = 279
129411, iswin = 0
129411, control_id = 8
129411, MyMVP = 262
129411, Midmvp = 279
129411, iswin = 0
129411, control_id = 8
129411, MyMVP = 262
129411, Midmvp = 279
129411, iswin = 0
129411, control_id = 9
129411, MyMVP = 360
129411, Midmvp = 279
129411, iswin = 0
129411, control_id = 9
129411, MyMVP = 360
129411, Midmvp = 279
129411, iswin = 0
129411, control_id = 10
129411, MyMVP = 351
129411, Midmvp = 279
129411, iswin = 0
129411, control_id = 10
129411, MyMVP = 351
129411, Midmvp = 279
129411, iswin = 0
129411, control_id = 11
129411, MyMVP = 496
129411, Midmvp = 322
129411, iswin = 1
129411, control_id = 11
129411, MyMVP = 496
129411, Midmvp = 322
129411, iswin = 1
129411, control_id = 12
129411, MyMVP = 318
129411, Midmvp = 322
129411, iswin = 1
129411, control_id = 12
129411, MyMVP = 318
129411, Midmvp = 322
129411, iswin = 1
129411, control_id = 13
129411, MyMVP = 259
129411, Midmvp = 322
129411, iswin = 1
129411, control_id = 13
129411, MyMVP = 259
129411, Midmvp = 322
129411, iswin = 1
129411, control_id = 14
129411, MyMVP = 322
129411, Midmvp = 322
129411, iswin = 1
129411, control_id = 14
129411, MyMVP = 322
129411, Midmvp = 322
129411, iswin = 1
129411, control_id = 15
129411, MyMVP = 721
129411, Midmvp = 322
129411, iswin = 1
129411, control_id = 15
129411, MyMVP = 721
129411, Midmvp = 322
129411, iswin = 1
129411, control_id = 16
129411, MyMVP = 475
129411, Midmvp = 322
129411, iswin = 1
129411, control_id = 16
129411, MyMVP = 475
129411, Midmvp = 322
129411, iswin = 1
129411, control_id = 17
129411, MyMVP = 180
129411, Midmvp = 322
129411, iswin = 1
129411, control_id = 17
129411, MyMVP = 180
129411, Midmvp = 322
129411, iswin = 1
129411, control_id = 18
129411, MyMVP = 392
129411, Midmvp = 322
129411, iswin = 1
129411, control_id = 18
129411, MyMVP = 392
129411, Midmvp = 322
129411, iswin = 1
129411, control_id = 19
129411, MyMVP = 293
129411, Midmvp = 322
129411, iswin = 1
129411, control_id = 19
129411, MyMVP = 293
129411, Midmvp = 322
129411, iswin = 1
129411, control_id = 20
129411, MyMVP = 463
129411, Midmvp = 322
129411, iswin = 1
129411, control_id = 20
129411, MyMVP = 463
129411, Midmvp = 322
129411, iswin = 1
