102965, ***************开局查询积分**********************
102965, 玩家名：狼牙将士;font=175289816;a=255;r=138;g=133;b=78;|return=5|;|text=右耳钉丶残恋
102965, 天梯10V10竞技积分 = 583
102965, 普通匹配10V10竞技积分 = 713
102965, 天梯10V10局数 = 60
102965, 普通10V10局数 = 632
102965, 预留 = 66
102965, 段位 =  兵卒四等
103593, ***************开局查询积分**********************
103593, 玩家名：狼牙将士;font=175289816;a=255;r=138;g=133;b=78;|return=5|;|text=右耳钉丶残恋
103593, 天梯10V10竞技积分 = 583
103593, 普通匹配10V10竞技积分 = 713
103593, 天梯10V10局数 = 60
103593, 普通10V10局数 = 632
103593, 预留 = 66
103593, 段位 =  兵卒四等
129129, ***************开局查询积分**********************
129129, 玩家名：狼牙将士;font=175289816;a=255;r=138;g=133;b=78;|return=5|;|text=q俺是新手你咋滴
129129, 天梯10V10竞技积分 = 564
129129, 普通匹配10V10竞技积分 = 724
129129, 天梯10V10局数 = 189
129129, 普通10V10局数 = 2716
129129, 预留 = 28
129129, 段位 =  兵卒四等
129133, ***************开局查询积分**********************
129133, 玩家名：狼牙将士;font=175289816;a=255;r=138;g=133;b=78;|return=5|;|text=惹火大少爷
129133, 天梯10V10竞技积分 = 563
129133, 普通匹配10V10竞技积分 = 668
129133, 天梯10V10局数 = 106
129133, 普通10V10局数 = 1180
129133, 预留 = 26
129133, 段位 =  兵卒四等
129133, ***************开局查询积分**********************
129133, 玩家名：狼牙将士;font=175289816;a=255;r=138;g=133;b=78;|return=5|;|text=RoyalMM单挑
129133, 天梯10V10竞技积分 = 606
129133, 普通匹配10V10竞技积分 = 739
129133, 天梯10V10局数 = 54
129133, 普通10V10局数 = 157
129133, 预留 = 12
129133, 段位 =  兵卒三等
129133, ***************开局查询积分**********************
129133, 玩家名：狼牙将士;font=175289816;a=255;r=138;g=133;b=78;|return=5|;|text=一叶丶枫落
129133, 天梯10V10竞技积分 = 583
129133, 普通匹配10V10竞技积分 = 584
129133, 天梯10V10局数 = 10
129133, 普通10V10局数 = 634
129133, 预留 = 86
129133, 段位 =  兵卒四等
129133, ***************开局查询积分**********************
129133, 玩家名：狼牙将士;font=175289816;a=255;r=138;g=133;b=78;|return=5|;|text=xiao小是
129133, 天梯10V10竞技积分 = 630
129133, 普通匹配10V10竞技积分 = 819
129133, 天梯10V10局数 = 110
129133, 普通10V10局数 = 2483
129133, 预留 = 60
129133, 段位 =  兵卒三等
129137, ***************开局查询积分**********************
129137, 玩家名：混沌值丶
129137, 天梯10V10竞技积分 = 571
129137, 普通匹配10V10竞技积分 = 743
129137, 天梯10V10局数 = 1
129137, 普通10V10局数 = 686
129137, 预留 = 65
129137, 段位 =  兵卒四等
129137, ***************开局查询积分**********************
129137, 玩家名：狼牙将士;font=175289816;a=255;r=138;g=133;b=78;|return=5|;|text=纯属Diane猥琐
129137, 天梯10V10竞技积分 = 686
129137, 普通匹配10V10竞技积分 = 787
129137, 天梯10V10局数 = 57
129137, 普通10V10局数 = 4068
129137, 预留 = 72
129137, 段位 =  兵卒二等
129137, ***************开局查询积分**********************
129137, 玩家名：驰狼都尉;font=175289816;a=255;r=138;g=133;b=78;|return=5|;|text=哥灬孤霜
129137, 天梯10V10竞技积分 = 823
129137, 普通匹配10V10竞技积分 = 770
129137, 天梯10V10局数 = 108
129137, 普通10V10局数 = 2480
129137, 预留 = 46
129137, 段位 =  伍长四等
129137, ***************开局查询积分**********************
129137, 玩家名：Ta跌
129137, 天梯10V10竞技积分 = 627
129137, 普通匹配10V10竞技积分 = 587
129137, 天梯10V10局数 = 6
129137, 普通10V10局数 = 2763
129137, 预留 = 63
129137, 段位 =  兵卒三等
129137, ***************开局查询积分**********************
129137, 玩家名：狼牙将士;font=175289816;a=255;r=138;g=133;b=78;|return=5|;|text=右耳钉丶残恋
129137, 天梯10V10竞技积分 = 583
129137, 普通匹配10V10竞技积分 = 713
129137, 天梯10V10局数 = 60
129137, 普通10V10局数 = 632
129137, 预留 = 66
129137, 段位 =  兵卒四等
129137, ***************开局查询积分**********************
129137, 玩家名：狼牙将士;font=175289816;a=255;r=138;g=133;b=78;|return=5|;|text=丶乖乖小桐
129137, 天梯10V10竞技积分 = 563
129137, 普通匹配10V10竞技积分 = 686
129137, 天梯10V10局数 = 308
129137, 普通10V10局数 = 1197
129137, 预留 = 26
129137, 段位 =  兵卒四等
129137, ***************开局查询积分**********************
129137, 玩家名：狼牙将士;font=175289816;a=255;r=138;g=133;b=78;|return=5|;|text=转角遇到你小妹
129137, 天梯10V10竞技积分 = 559
129137, 普通匹配10V10竞技积分 = 705
129137, 天梯10V10局数 = 287
129137, 普通10V10局数 = 8433
129137, 预留 = 18
129137, 段位 =  兵卒四等
129137, ***************开局查询积分**********************
129137, 玩家名：酒醉天涯
129137, 天梯10V10竞技积分 = 750
129137, 普通匹配10V10竞技积分 = 617
129137, 天梯10V10局数 = 282
129137, 普通10V10局数 = 1884
129137, 预留 = 100
129137, 段位 =  兵卒一等
129137, ***************开局查询积分**********************
129137, 玩家名：狼牙将士;font=175289816;a=255;r=138;g=133;b=78;|return=5|;|text=爱你一场梦
129137, 天梯10V10竞技积分 = 600
129137, 普通匹配10V10竞技积分 = 694
129137, 天梯10V10局数 = 158
129137, 普通10V10局数 = 3022
129137, 预留 = 100
129137, 段位 =  兵卒四等
129137, ***************开局查询积分**********************
129137, 玩家名：狼牙将士;font=175289816;a=255;r=138;g=133;b=78;|return=5|;|text=快乐小伟丶
129137, 天梯10V10竞技积分 = 649
129137, 普通匹配10V10竞技积分 = 737
129137, 天梯10V10局数 = 31
129137, 普通10V10局数 = 5565
129137, 预留 = 98
129137, 段位 =  兵卒三等
129137, ***************开局查询积分**********************
129137, 玩家名：狼牙将士;font=175289816;a=255;r=138;g=133;b=78;|return=5|;|text=世界如此灬残酷
129137, 天梯10V10竞技积分 = 621
129137, 普通匹配10V10竞技积分 = 740
129137, 天梯10V10局数 = 65
129137, 普通10V10局数 = 4010
129137, 预留 = 42
129137, 段位 =  兵卒三等
129141, ***************开局查询积分**********************
129141, 玩家名：狼牙将士;font=175289816;a=255;r=138;g=133;b=78;|return=5|;|text=狂霸王12
129141, 天梯10V10竞技积分 = 565
129141, 普通匹配10V10竞技积分 = 723
129141, 天梯10V10局数 = 231
129141, 普通10V10局数 = 4641
129141, 预留 = 30
129141, 段位 =  兵卒四等
129145, ***************开局查询积分**********************
129145, 玩家名：狼牙将士;font=175289816;a=255;r=138;g=133;b=78;|return=5|;|text=Goodbye深爱的
129145, 天梯10V10竞技积分 = 650
129145, 普通匹配10V10竞技积分 = 788
129145, 天梯10V10局数 = 162
129145, 普通10V10局数 = 5040
129145, 预留 = 100
129145, 段位 =  兵卒三等
129157, ***************开局查询积分**********************
129157, 玩家名：狼牙将士;font=175289816;a=255;r=138;g=133;b=78;|return=5|;|text=狼冤
129157, 天梯10V10竞技积分 = 639
129157, 普通匹配10V10竞技积分 = 779
129157, 天梯10V10局数 = 35
129157, 普通10V10局数 = 4621
129157, 预留 = 78
129157, 段位 =  兵卒三等
129169, ***************开局查询积分**********************
129169, 玩家名：狼牙将士;font=175289816;a=255;r=138;g=133;b=78;|return=5|;|text=疯狂释战魂
129169, 天梯10V10竞技积分 = 616
129169, 普通匹配10V10竞技积分 = 769
129169, 天梯10V10局数 = 218
129169, 普通10V10局数 = 5566
129169, 预留 = 32
129169, 段位 =  兵卒三等
129411, 消费信息 = 875
129411, ***************整理正常玩家信息**********************
129411, 玩家名：狼牙将士;font=175289816;a=255;r=138;g=133;b=78;|return=5|;|text=狼冤
129411, ELOSwitch = 1
129411, ELOkind = 2
129411, Add_Point = -13
129411, 天梯10V10竞技积分 = -8
129411, 普通匹配10V10竞技积分 = -13
129411, 天梯10V10局数 = 1
129411, 普通10V10局数 = 1
129411, 表现系数 = 1
129411, 波动系数 = 1
129411, 高分系数 = 1
129411, 消费信息 = 812
129411, ***************整理正常玩家信息**********************
129411, 玩家名：狼牙将士;font=175289816;a=255;r=138;g=133;b=78;|return=5|;|text=一叶丶枫落
129411, ELOSwitch = 1
129411, ELOkind = 2
129411, Add_Point = -11
129411, 天梯10V10竞技积分 = -12
129411, 普通匹配10V10竞技积分 = -11
129411, 天梯10V10局数 = 1
129411, 普通10V10局数 = 1
129411, 表现系数 = 1
129411, 波动系数 = 1
129411, 高分系数 = 1
129411, 消费信息 = 363
129411, ***************整理正常玩家信息**********************
129411, 玩家名：狼牙将士;font=175289816;a=255;r=138;g=133;b=78;|return=5|;|text=疯狂释战魂
129411, ELOSwitch = 1
129411, ELOkind = 2
129411, Add_Point = -19
129411, 天梯10V10竞技积分 = -12
129411, 普通匹配10V10竞技积分 = -19
129411, 天梯10V10局数 = 1
129411, 普通10V10局数 = 1
129411, 表现系数 = 1
129411, 波动系数 = 1
129411, 高分系数 = 1
129411, 消费信息 = 891
129411, ***************整理正常玩家信息**********************
129411, 玩家名：狼牙将士;font=175289816;a=255;r=138;g=133;b=78;|return=5|;|text=xiao小是
129411, ELOSwitch = 1
129411, ELOkind = 2
129411, Add_Point = -21
129411, 天梯10V10竞技积分 = -12
129411, 普通匹配10V10竞技积分 = -21
129411, 天梯10V10局数 = 1
129411, 普通10V10局数 = 1
129411, 表现系数 = 1
129411, 波动系数 = 1
129411, 高分系数 = 1
129411, 消费信息 = 466
129411, ***************整理正常玩家信息**********************
129411, 玩家名：狼牙将士;font=175289816;a=255;r=138;g=133;b=78;|return=5|;|text=狂霸王12
129411, ELOSwitch = 1
129411, ELOkind = 2
129411, Add_Point = -17
129411, 天梯10V10竞技积分 = -12
129411, 普通匹配10V10竞技积分 = -17
129411, 天梯10V10局数 = 1
129411, 普通10V10局数 = 1
129411, 表现系数 = 1
129411, 波动系数 = 1
129411, 高分系数 = 1
129411, 消费信息 = 539
129411, ***************整理正常玩家信息**********************
129411, 玩家名：狼牙将士;font=175289816;a=255;r=138;g=133;b=78;|return=5|;|text=纯属Diane猥琐
129411, ELOSwitch = 1
129411, ELOkind = 2
129411, Add_Point = -20
129411, 天梯10V10竞技积分 = -11
129411, 普通匹配10V10竞技积分 = -20
129411, 天梯10V10局数 = 1
129411, 普通10V10局数 = 1
129411, 表现系数 = 1
129411, 波动系数 = 1
129411, 高分系数 = 1
129411, 消费信息 = 509
129411, ***************整理正常玩家信息**********************
129411, 玩家名：狼牙将士;font=175289816;a=255;r=138;g=133;b=78;|return=5|;|text=爱你一场梦
129411, ELOSwitch = 1
129411, ELOkind = 2
129411, Add_Point = -15
129411, 天梯10V10竞技积分 = -12
129411, 普通匹配10V10竞技积分 = -15
129411, 天梯10V10局数 = 1
129411, 普通10V10局数 = 1
129411, 表现系数 = 1
129411, 波动系数 = 1
129411, 高分系数 = 1
129411, 消费信息 = 493
129411, ***************整理正常玩家信息**********************
129411, 玩家名：狼牙将士;font=175289816;a=255;r=138;g=133;b=78;|return=5|;|text=Goodbye深爱的
129411, ELOSwitch = 1
129411, ELOkind = 2
129411, Add_Point = -20
129411, 天梯10V10竞技积分 = -12
129411, 普通匹配10V10竞技积分 = -20
129411, 天梯10V10局数 = 1
129411, 普通10V10局数 = 1
129411, 表现系数 = 1
129411, 波动系数 = 1
129411, 高分系数 = 1
129411, 消费信息 = 567
129411, ***************整理正常玩家信息**********************
129411, 玩家名：狼牙将士;font=175289816;a=255;r=138;g=133;b=78;|return=5|;|text=RoyalMM单挑
129411, ELOSwitch = 1
129411, ELOkind = 2
129411, Add_Point = -9
129411, 天梯10V10竞技积分 = -5
129411, 普通匹配10V10竞技积分 = -9
129411, 天梯10V10局数 = 1
129411, 普通10V10局数 = 1
129411, 表现系数 = 1
129411, 波动系数 = 1
129411, 高分系数 = 1
129411, 消费信息 = 1
129411, ***************整理正常玩家信息**********************
129411, 玩家名：酒醉天涯
129411, ELOSwitch = 1
129411, ELOkind = 2
129411, Add_Point = -7
129411, 天梯10V10竞技积分 = 0
129411, 普通匹配10V10竞技积分 = -7
129411, 天梯10V10局数 = 1
129411, 普通10V10局数 = 1
129411, 表现系数 = 1
129411, 波动系数 = 1
129411, 高分系数 = 1
129411, 消费信息 = 1649
129411, ***************整理正常玩家信息**********************
129411, 玩家名：狼牙将士;font=175289816;a=255;r=138;g=133;b=78;|return=5|;|text=快乐小伟丶
129411, ELOSwitch = 1
129411, ELOkind = 2
129411, Add_Point = 24
129411, 天梯10V10竞技积分 = 1
129411, 普通匹配10V10竞技积分 = 24
129411, 天梯10V10局数 = 1
129411, 普通10V10局数 = 1
129411, 表现系数 = 1
129411, 波动系数 = 1
129411, 高分系数 = 1
129411, 消费信息 = 466
129411, ***************整理正常玩家信息**********************
129411, 玩家名：驰狼都尉;font=175289816;a=255;r=138;g=133;b=78;|return=5|;|text=哥灬孤霜
129411, ELOSwitch = 1
129411, ELOkind = 2
129411, Add_Point = 14
129411, 天梯10V10竞技积分 = 11
129411, 普通匹配10V10竞技积分 = 14
129411, 天梯10V10局数 = 1
129411, 普通10V10局数 = 1
129411, 表现系数 = 1
129411, 波动系数 = 1
129411, 高分系数 = 1
129411, 消费信息 = 1053
129411, ***************整理正常玩家信息**********************
129411, 玩家名：Ta跌
129411, ELOSwitch = 1
129411, ELOkind = 2
129411, Add_Point = 22
129411, 天梯10V10竞技积分 = 29
129411, 普通匹配10V10竞技积分 = 22
129411, 天梯10V10局数 = 1
129411, 普通10V10局数 = 1
129411, 表现系数 = 1
129411, 波动系数 = 1
129411, 高分系数 = 1
129411, 消费信息 = 389
129411, ***************整理正常玩家信息**********************
129411, 玩家名：狼牙将士;font=175289816;a=255;r=138;g=133;b=78;|return=5|;|text=惹火大少爷
129411, ELOSwitch = 1
129411, ELOkind = 2
129411, Add_Point = 19
129411, 天梯10V10竞技积分 = 13
129411, 普通匹配10V10竞技积分 = 19
129411, 天梯10V10局数 = 1
129411, 普通10V10局数 = 1
129411, 表现系数 = 1
129411, 波动系数 = 1
129411, 高分系数 = 1
129411, 消费信息 = 1189
129411, ***************整理正常玩家信息**********************
129411, 玩家名：混沌值丶
129411, ELOSwitch = 1
129411, ELOkind = 2
129411, Add_Point = 31
129411, 天梯10V10竞技积分 = 106
129411, 普通匹配10V10竞技积分 = 31
129411, 天梯10V10局数 = 1
129411, 普通10V10局数 = 1
129411, 表现系数 = 1
129411, 波动系数 = 1
129411, 高分系数 = 1
129411, 消费信息 = 519
129411, ***************整理正常玩家信息**********************
129411, 玩家名：狼牙将士;font=175289816;a=255;r=138;g=133;b=78;|return=5|;|text=q俺是新手你咋滴
129411, ELOSwitch = 1
129411, ELOkind = 2
129411, Add_Point = 20
129411, 天梯10V10竞技积分 = 16
129411, 普通匹配10V10竞技积分 = 20
129411, 天梯10V10局数 = 1
129411, 普通10V10局数 = 1
129411, 表现系数 = 1
129411, 波动系数 = 1
129411, 高分系数 = 1
129411, 消费信息 = 590
129411, ***************整理正常玩家信息**********************
129411, 玩家名：狼牙将士;font=175289816;a=255;r=138;g=133;b=78;|return=5|;|text=右耳钉丶残恋
129411, ELOSwitch = 1
129411, ELOkind = 2
129411, Add_Point = 17
129411, 天梯10V10竞技积分 = 13
129411, 普通匹配10V10竞技积分 = 17
129411, 天梯10V10局数 = 1
129411, 普通10V10局数 = 1
129411, 表现系数 = 1
129411, 波动系数 = 1
129411, 高分系数 = 1
129411, 消费信息 = 537
129411, ***************整理正常玩家信息**********************
129411, 玩家名：狼牙将士;font=175289816;a=255;r=138;g=133;b=78;|return=5|;|text=丶乖乖小桐
129411, ELOSwitch = 1
129411, ELOkind = 2
129411, Add_Point = 18
129411, 天梯10V10竞技积分 = 13
129411, 普通匹配10V10竞技积分 = 18
129411, 天梯10V10局数 = 1
129411, 普通10V10局数 = 1
129411, 表现系数 = 1
129411, 波动系数 = 1
129411, 高分系数 = 1
129411, 消费信息 = 548
129411, ***************整理正常玩家信息**********************
129411, 玩家名：狼牙将士;font=175289816;a=255;r=138;g=133;b=78;|return=5|;|text=世界如此灬残酷
129411, ELOSwitch = 1
129411, ELOkind = 2
129411, Add_Point = 16
129411, 天梯10V10竞技积分 = 12
129411, 普通匹配10V10竞技积分 = 16
129411, 天梯10V10局数 = 1
129411, 普通10V10局数 = 1
129411, 表现系数 = 1
129411, 波动系数 = 1
129411, 高分系数 = 1
129411, 消费信息 = 724
129411, ***************整理正常玩家信息**********************
129411, 玩家名：狼牙将士;font=175289816;a=255;r=138;g=133;b=78;|return=5|;|text=转角遇到你小妹
129411, ELOSwitch = 1
129411, ELOkind = 2
129411, Add_Point = 17
129411, 天梯10V10竞技积分 = 13
129411, 普通匹配10V10竞技积分 = 17
129411, 天梯10V10局数 = 1
129411, 普通10V10局数 = 1
129411, 表现系数 = 1
129411, 波动系数 = 1
129411, 高分系数 = 1
129411, ***************整理正常玩家信息**********************
129411, 玩家名：蜀国
129411, ELOSwitch = 1
129411, ELOkind = 1
129411, Add_Point = 0
129411, 天梯10V10竞技积分 = 0
129411, 普通匹配10V10竞技积分 = 0
129411, 天梯10V10局数 = 1
129411, 普通10V10局数 = 0
129411, 表现系数 = 1
129411, 波动系数 = 1
129411, 高分系数 = 1
129411, ***************整理正常玩家信息**********************
129411, 玩家名：魏国
129411, ELOSwitch = 1
129411, ELOkind = 1
129411, Add_Point = 0
129411, 天梯10V10竞技积分 = 0
129411, 普通匹配10V10竞技积分 = 0
129411, 天梯10V10局数 = 1
129411, 普通10V10局数 = 0
129411, 表现系数 = 1
129411, 波动系数 = 1
129411, 高分系数 = 1
129411, ***************整理正常玩家信息**********************
129411, 玩家名：中立敌对
129411, ELOSwitch = 1
129411, ELOkind = 1
129411, Add_Point = 0
129411, 天梯10V10竞技积分 = 0
129411, 普通匹配10V10竞技积分 = 0
129411, 天梯10V10局数 = 1
129411, 普通10V10局数 = 0
129411, 表现系数 = 1
129411, 波动系数 = 1
129411, 高分系数 = 1
129411, ***************整理正常玩家信息**********************
129411, 玩家名：中立无敌意
129411, ELOSwitch = 1
129411, ELOkind = 1
129411, Add_Point = 0
129411, 天梯10V10竞技积分 = 0
129411, 普通匹配10V10竞技积分 = 0
129411, 天梯10V10局数 = 1
129411, 普通10V10局数 = 0
129411, 表现系数 = 1
129411, 波动系数 = 1
129411, 高分系数 = 1
