102965, 查询到的结果4
102965, 付费积分 = 713
103593, 查询到的结果4
103593, 付费积分 = 713
129129, 查询到的结果5
129129, 付费积分 = 531
129133, 查询到的结果0
129133, 付费积分 = 453
129133, 查询到的结果0
129133, 付费积分 = 529
129133, 查询到的结果5
129133, 付费积分 = 882
129133, 查询到的结果0
129133, 付费积分 = 806
129137, 查询到的结果5
129137, 付费积分 = 949
129137, 查询到的结果0
129137, 付费积分 = 527
129137, 查询到的结果0
129137, 付费积分 = 473
129137, 查询到的结果0
129137, 付费积分 = 948
129137, 查询到的结果4
129137, 付费积分 = 713
129137, 查询到的结果5
129137, 付费积分 = 610
129137, 查询到的结果0
129137, 付费积分 = 652
129137, 查询到的结果0
129137, 付费积分 = 1
129137, 查询到的结果0
129137, 付费积分 = 506
129137, 查询到的结果0
129137, 付费积分 = 1335
129137, 查询到的结果0
129137, 付费积分 = 565
129141, 查询到的结果0
129141, 付费积分 = 491
129145, 查询到的结果0
129145, 付费积分 = 533
129157, 查询到的结果0
129157, 付费积分 = 916
129169, 查询到的结果5
129169, 付费积分 = 291
129411, uploadScore       in
129411, uploadScore      in score2
129411, pcs;126;17;80;240;52;236;146;63;141;218;246;89;232;135;166;115
129411, uploadScore       return
129411, uploadScore       done
