103521, tab[4]  总的局数 = 60
103521, tab[5]  赢 = 29
103521, tab[6]  输 = 30
103521, tab[7]  异常 = 1
103521, tab[8]  断线 = 2
103521, tab[9]  游戏的时间 = 2315
103521, tab[10]  游戏经验值 = 0
103521, tab[11]  名将 = 42
103521, tab[12]  MVP = 1
103521, tab[13]  破敌 = 1
103521, tab[14]  偏将 = 4
103521, tab[15]  军医 = 2
103521, tab[16]  牺牲 = 8
103521, tab[17]  破营 = 1
103521, tab[18]  富豪 = 2
103521, tab[19]  英魂 = 2
103521, tab[20]  歼灭英雄数 = 822
103521, tab[21]  消灭普通单位 = 5091
103521, tab[22]  摧毁建筑数 = 43
103521, tab[23]  死亡数 = 964
103521, tab[24]  MVP值 = 22371
103521, tab[25]  伤害输出 = 5223616
103521, tab[26]  治疗输出 = 90242
103521, tab[27]  承受伤害 = 7570866
103521, tab[28]  金钱 = 5404496
103521, tab[29]  助攻数 = 1443
103521, tab[30]  对建筑造成的伤害值 = 267526
103521, tab[31]  斥候 = 0
