129116, ===[1][狼冤][徐盛]===
129116, 0
129116, 0
129116, 0
129116, --------
129116, 陈宫 精忠 ★ ★
129116, 司马懿 精忠 ★
129116, 朱雀 ★ ★ ★
129116, 攻击速度 + 12.96％
129116, 移动速度 + 25.6
129116, 法术伤害 + 19.76
129116, 法术暴击伤害 + 12.96％
129116, 生命上限 + 224.09
129116, 每秒生命恢复 + 2.59
129116, 控制时间减免 + 8.64％
129116, 法术穿透 + 0.91
129116, 法术暴击概率 + 4.5％
129116, ===[2][一叶丶枫落][蒋钦]===
129116, 0
129116, 0
129116, 0
129116, 0
129116, --------
129116, 马超 精忠 ★ ★
129116, 白虎 ★ ★
129116, 物理攻击 + 15.34
129116, 护甲穿透 + 1.16
129116, 暴击伤害 + 7.2％
129116, 基础攻击速度 + 5.6％
129116, 物理攻击 + 6.72％
129116, 暴击概率 + 8.4％
129116, 击中生命恢复 + 25.92
129116, 移动速度 + 9
129116, 物理防御 + 1.56
129116, 控制时间减免 + 8.64％
129116, ===[3][疯狂释战魂][马超]===
129116, 0
129116, 0
129116, 0
129116, --------
129116, 许褚 精忠 ★
129116, 太史慈 精忠 ★
129116, 祝融夫人 精忠 ★
129116, 青龙 ★ ★
129116, 白虎 ★
129116, 物理攻击 + 14.79
129116, 护甲穿透 + 3.12
129116, 暴击伤害 + 12.96％
129116, 暴击概率 + 5.4％
129116, 移动速度 + 12
129116, 生命上限 + 3.24％
129116, 冷却缩减 + 6.3％
129116, 生命偷取 + 8.64％
129116, 护甲穿透 + 4.5％
129116, ===[4][xiao小是][邓艾]===
129116, 0
129116, 0
129116, 0
129116, --------
129116, 孙策 精忠 ★
129116, 祝融夫人 精忠 ★
129116, 黄月英 精忠 ★
129116, 白虎 ★ ★ ★
129116, 物理攻击 + 14.79
129116, 护甲穿透 + 2.08
129116, 暴击伤害 + 12.96％
129116, 暴击概率 + 10.8％
129116, 移动速度 + 13
129116, 攻击速度 + 12.96％
129116, 物理攻击 + 8.64％
129116, 冷却缩减 + 6.3％
129116, ===[5][狂霸王12][赵云]===
129116, 0
129116, 0
129116, 0
129116, --------
129116, 孙策 精忠 ★
129116, 青龙 ★ ★
129116, 白虎 ★
129116, 物理攻击 + 14.79
129116, 击中生命恢复 + 51.84
129116, 生命偷取 + 17.28％
129116, 基础攻击速度 + 7.2％
129116, 移动速度 + 14
129116, 攻击速度 + 12.96％
129116, 物理攻击 + 4.32％
129116, 暴击概率 + 5.4％
129116, ===[6][纯属Diane猥琐][曹丕]===
129116, 0
129116, 0
129116, --------
129116, 法正 精忠 ★
129116, 玄武 ★ ★
129116, 移动速度 + 21.6
129116, 法术伤害 + 9.88
129116, 每秒法力恢复 + 0.52
129116, 法术吸血 + 4.32％
129116, 生命上限 + 150
129116, 物理攻击 + 4.93
129116, 攻击速度 + 12.96％
129116, 暴击伤害 + 12.96％
129116, ===[7][爱你一场梦][曹操]===
129116, 0
129116, 0
129116, 0
129116, --------
129116, 司马懿 精忠 ★ ★ ★
129116, 朱雀 ★ ★
129116, 玄武 ★
129116, 复活时间 + -14.39％
129116, 法术伤害 + 19.76
129116, 法术穿透 + 0.91
129116, 法术暴击伤害 + 6.48％
129116, 移动速度 + 13
129116, 护甲穿透 + 4.5％
129116, 生命上限 + 74.09
129116, 物理防御 + 1.56
129116, 每秒获得金钱 + 1.3
129116, 基础攻击速度 + 3.6％
129116, 法力上限 + 103.68
129116, ===[8][Goodbye深爱的][周瑜]===
129116, 0
129116, 0
129116, 0
129116, --------
129116, 周瑜 精忠 ★
129116, 法正 精忠 ★
129116, 朱雀 ★ ★ ★
129116, 控制时间减免 + 8.64％
129116, 复活时间 + -14.39％
129116, 法术伤害 + 29.64
129116, 法术穿透 + 2.73
129116, 移动速度 + 11
129116, 法术伤害 + 5.18％
129116, 法术穿透 + 9％
129116, ===[9][RoyalMM单挑][华佗]===
129116, 0
129116, 0
129116, 0
129116, --------
129116, 凌统 精忠 ★
129116, 诸葛亮 精忠 ★
129116, 鲁肃 精忠 ★
129116, 玄武 ★ ★ ★
129116, 每秒生命恢复 + 5.18
129116, 控制时间减免 + 25.92％
129116, 伤害减免 + 8.1％
129116, 法术伤害 + 29.64
129116, 移动速度 + 12
129116, 击中生命恢复 + 25.92
129116, ===[10][酒醉天涯][黄盖]===
129116, 0
129116, 0
129116, 0
129116, --------
129116, 马云禄 精忠 ★
129116, 夏侯恩 精忠 ★
129116, 姜维 精忠 ★
129116, 白虎 ★ ★ ★
129116, 物理攻击 + 9.86
129116, 护甲穿透 + 2.08
129116, 暴击伤害 + 25.92％
129116, 移动速度 + 16.8
129116, 生命上限 + 149.09
129116, 护甲穿透 + 9％
129116, 物理攻击 + 4.32％
129116, 物理防御 + 1.56
129116, ===[11][快乐小伟丶][邓芝]===
129116, 0
129116, 0
129116, 0
129116, --------
129116, 荀攸 精忠 ★
129116, 曹丕 精忠 ★
129116, 朱雀 ★ ★ ★
129116, 物理攻击 + 9.86
129116, 暴击伤害 + 12.96％
129116, 移动速度 + 20.8
129116, 法术穿透 + 0.91
129116, 生命上限 + 75
129116, 复活时间 + -14.39％
129116, 每秒法力恢复 + 0.52
129116, 法术暴击伤害 + 12.96％
129116, 基础攻击速度 + 3.6％
129116, 法术伤害 + 9.88
129116, 法力上限 + 103.68
129116, ===[12][哥灬孤霜][曹休]===
129116, 0
129116, 0
129116, 0
129116, --------
129116, 凌统 精忠 ★
129116, 马岱 精忠 ★ ★
129116, 白虎 ★ ★ ★
129116, 物理攻击 + 14.79
129116, 攻击速度 + 38.88％
129116, 物理攻击 + 12.96％
129116, 护甲穿透 + 9％
129116, 移动速度 + 10
129116, 暴击概率 + 5.4％
129116, ===[13][Ta跌][马谡]===
129116, 0
129116, 0
129116, 0
129116, --------
129116, 蒋琬 精忠 ★
129116, 法正 精忠 ★
129116, 玄武 ★
129116, 白虎 ★ ★
129116, 暴击伤害 + 25.92％
129116, 暴击概率 + 5.4％
129116, 法术伤害 + 29.64
129116, 法术穿透 + 1.82
129116, 移动速度 + 13
129116, 法术暴击伤害 + 6.48％
129116, 法术暴击概率 + 4.5％
129116, 法力上限 + 103.68
129116, 冷却缩减 + 6.3％
129116, ===[14][惹火大少爷][贾诩]===
129116, 0
129116, 0
129116, 0
129116, --------
129116, 贾诩 精忠 ★ ★ ★
129116, 朱雀 ★ ★ ★
129116, 暴击概率 + 10.8％
129116, 生命上限 + 74.09
129116, 法术穿透 + 1.82
129116, 法术暴击伤害 + 6.48％
129116, 移动速度 + 13
129116, 法术伤害 + 19.76
129116, 法术伤害 + 5.18％
129116, 冷却缩减 + 6.3％
129116, 击中生命恢复 + 25.92
129116, ===[15][混沌值丶][祝融夫人]===
129116, 0
129116, 0
129116, 0
129116, 0
129116, --------
129116, 周泰 精忠 ★
129116, 白虎 ★
129116, 玄武 ★
129116, 物理攻击 + 15.34
129116, 护甲穿透 + 3.24
129116, 物理攻击 + 4.32％
129116, 移动速度 + 20.8
129116, 生命上限 + 75
129116, 暴击伤害 + 14.4％
129116, 法术暴击概率 + 2.5％
129116, 暴击概率 + 5.4％
129116, 控制时间减免 + 8.64％
129116, ===[16][q俺是新手你咋滴][李典]===
129116, 0
129116, 0
129116, 0
129116, --------
129116, 甘宁 精忠 ★ ★ ★
129116, 青龙 ★
129116, 玄武 ★ ★
129116, 击中生命恢复 + 25.92
129116, 生命上限 + 297.27
129116, 每秒获得金钱 + 0.65
129116, 伤害减免 + 2.7％
129116, 移动速度 + 17.8
129116, 护甲穿透 + 4.5％
129116, 法术抗性 + 1.56
129116, 法术伤害 + 2.59％
129116, 每秒生命恢复 + 2.59
129116, 控制时间减免 + 8.64％
129116, ===[17][右耳钉丶残恋][司马懿]===
129116, 0
129116, 0
129116, 0
129116, --------
129116, 孙策 精忠 ★
129116, 鲁肃 精忠 ★
129116, 李典 精忠 ★
129116, 朱雀 ★ ★ ★
129116, 法术伤害 + 29.64
129116, 法术穿透 + 1.82
129116, 法术暴击伤害 + 12.96％
129116, 冷却缩减 + 6.3％
129116, 移动速度 + 13
129116, 暴击伤害 + 12.96％
129116, 法术暴击概率 + 4.5％
129116, 击中生命恢复 + 25.92
129116, 暴击概率 + 5.4％
129116, ===[18][丶乖乖小桐][法正]===
129116, 0
129116, 0
129116, 0
129116, --------
129116, 徐庶 精忠 ★
129116, 曹丕 精忠 ★
129116, 郭嘉 精忠 ★
129116, 朱雀 ★ ★ ★
129116, 法术伤害 + 29.64
129116, 法术穿透 + 2.73
129116, 法术暴击伤害 + 12.96％
129116, 法术穿透 + 4.5％
129116, 移动速度 + 24.6
129116, 法术吸血 + 4.32％
129116, 生命上限 + 150
129116, ===[19][世界如此灬残酷][甄姬]===
129116, 0
129116, 0
129116, 0
129116, --------
129116, 法正 精忠 ★ ★ ★
129116, 朱雀 ★ ★ ★
129116, 控制时间减免 + 8.64％
129116, 法术伤害 + 29.64
129116, 法力上限 + 103.68
129116, 法术暴击概率 + 4.5％
129116, 移动速度 + 13
129116, 护甲穿透 + 1.04
129116, 法术暴击伤害 + 6.48％
129116, 冷却缩减 + 6.3％
129116, 伤害减免 + 2.7％
129116, 法术穿透 + 0.91
129116, 法术伤害 + 2.59％
129116, ===[20][转角遇到你小妹][马岱]===
129116, 0
129116, 0
129116, 0
129116, --------
129116, 马岱 精忠 ★ ★
129116, 白虎 ★ ★ ★
129116, 物理攻击 + 14.79
129116, 攻击速度 + 12.96％
129116, 暴击伤害 + 25.92％
129116, 暴击概率 + 5.4％
129116, 移动速度 + 19.8
129116, 护甲穿透 + 2.08
129116, 生命偷取 + 8.64％
129116, 生命上限 + 75
129116, 基础攻击速度 + 3.6％
