compilation time: Sep 19 2018 23:13:18
pid 8732
/pipe=GAME_XQYFZ_CHS_123456 /mapfile=100906 /mode=1 /replay="D:\起凡\7fgame\replay\MyGame\AutoSave\my_replays0130.7fr" /replaypath="D:\起凡\7fgame\replay\MyGame\" /partner=0 /vfs=sanguo(off) /enc=(3e3641d1e5f1,7facd8ad33754725387c95142daf5fabc57a5df9c33317d65b893380fdc45ca990400b65a3c204906c633af3bbe414fa),(86b32e7fb0dc,b1acd99fd54f877b876ae65018be833f30ffc4f51b222c1be4c753d169a051a5d5c03199b57a047d844842479edc4903),(048b28131033,b25fcaa3417555f09a7ff283b593927eed9c68f7ba052e117af2c3e03376224daab9834fe849f195f3765589d9eb9a4c)
/pipe=GAME_XQYFZ_CHS_123456
/mapfile=100906
/mode=1
2018-10-07 22:20:37:180 PID:8732 FM:     0  自动保存的平台路径：/replay="D:\起凡\7fgame\replay\MyGame\AutoSave\my_replays0130.7fr"  
2018-10-07 22:20:37:181 PID:8732 FM:     0  玩家保存的平台路径：/replaypath="D:\起凡\7fgame\replay\MyGame\"  
vertxt:D:\起凡\7fgame\game


-----------------------------------------------------------------
游戏开始启动, 首先获取机器配置信息
-----------------------------------------------------------------

一。操作系统:
Windows  Vista以上版本
版本号: 6,2, Build 9200
运行模式:normal mode.
系统语言: 中文简体

三。CPU:
8 个 CPU:
CPU:
  Intel(R) Core(TM) i5-8250U CPU @ 1.60GHz
VendorIdentifier:
  GenuineIntel
Identifier:
  Intel64 Family 6 Model 142 Stepping 10

四。内存:
MemoryLoad:29,
  TotalPhys:2047M, AvailPhys:2047M,
  AvailPageFile:2549M, TotalPageFile:4095M,
  AvailVirtual:1869M,TotalVirtual:2047M

五。显卡:
D3D Driver: nvldumd.dll
Description: NVIDIA GeForce MX150
Version: 23.21.13.8873

六。显示模式:
Enum displaymode: 640 x 400, 32
Enum displaymode: 640 x 480, 32
Enum displaymode: 800 x 600, 32
Enum displaymode: 1024 x 768, 32
Enum displaymode: 1152 x 864, 32
Enum displaymode: 1280 x 600, 32
Enum displaymode: 1280 x 720, 32
Enum displaymode: 1280 x 768, 32
Enum displaymode: 1280 x 800, 32
Enum displaymode: 1280 x 960, 32
Enum displaymode: 1280 x 1024, 32
Enum displaymode: 1360 x 768, 32
Enum displaymode: 1366 x 768, 32
Enum displaymode: 1400 x 1050, 32
Enum displaymode: 1440 x 900, 32
Enum displaymode: 1600 x 900, 32
Enum displaymode: 1680 x 1050, 32
Enum displaymode: 1920 x 1080, 32
Receive displaymode: 800 x 600
Receive displaymode: 1024 x 768
Receive displaymode: 1152 x 864
Receive displaymode: 1280 x 600
Receive displaymode: 1280 x 720
Receive displaymode: 1280 x 768
Receive displaymode: 1280 x 800
Receive displaymode: 1280 x 960
Receive displaymode: 1280 x 1024
Receive displaymode: 1360 x 768
Receive displaymode: 1366 x 768
Receive displaymode: 1400 x 1050
Receive displaymode: 1440 x 900
Receive displaymode: 1600 x 900
Receive displaymode: 1680 x 1050
Receive displaymode: 1920 x 1080

七。显存:
未知的显存!


八。当前路径:
D:\起凡\7fgame\game
启动时分辨率为(1920 X 1080)，对应窗口调整为(1920 X 1080)
启动时为全屏模式!
设置完窗口位置和大小之后, 客户区尺寸取出来为[1920 1080]
传入给D3D设备的窗口尺寸为[1920 1080], fullscreen = 0
启动脚本游戏平台!


// 游戏设置:
Game Screen:
  1920 X 1080
VS_1.0 Support:
  true
dot3 Support:
 true

2018-10-07 22:20:40:993 PID:8732 FM:     0  声卡驱动： 
2018-10-07 22:20:40:993 PID:8732 FM:     0  1  主声音驱动程序  
2018-10-07 22:20:40:993 PID:8732 FM:     0  2  扬声器 (Realtek High Definition Audio)  
2018-10-07 22:20:41:005 PID:8732 FM:     0  使用 主声音驱动程序  
2018-10-07 22:20:41:007 PID:8732 FM:     0  音效系统 初始化成功! 
2018-10-07 22:20:41:086 PID:8732 FM:     0  音乐系统 初始化成功! 
2018-10-07 22:20:41:107 PID:8732 FM:     0  pipe data init Success。 
设置读取地图名[sanguo_b]


调用GameInit, game logic frame 清0
启动脚本游戏平台!
do [core/gpi.o] ok!
读取地图表格, 加载地图相关脚本!
do [map/sanguo_b/sanguo_b.o] ok!
D:\起凡\7fgame\game\core\..\..\7fChatMsgFilter.dll
版本 980502003-001945-090090-sanguo:000001
[MPRender::BeginRender()]!
GameEventJoinGame[sanguo_b, 群雄逐鹿]

加载.\core\hct.o!
SetSessionInfo // 通知客户端服务器端脚本信息
LoadMap[0] = 0 
[0] begin load map[sanguo_b]
Scene : LoadMap, CreateUICha, CreateShadeArray! OK!
LoadMap[1] = 44 
LoadMap[2] = 0 
设置角色光[0.67 0.67 1.00]
[0] 成功执行map_init
[0] 下一步:生成动态障碍信息
LoadMap [3]= 711 (map_init)  
LoadMap[4] = 3558 
enableb 0

roleinit_after_loadmap函数定义不存在, map=[sanguo_b]

[0] GameEvent_MapInit() ok!
LoadMap[5] = 5456 
[0] load snap ok!
LoadMap[6] = 45 
0, *,6,0
7fxp path: core\7fxp.dll
7fxp.dll Not Found
LoadMap[7] = 35 
Loading end。  21808 
103549, *,17,0
103549, HUS,1
103549, HNSC_OPEN,1
103549, HTS_OPEN,0
103549, HPS_OPEN,1
103549, HSS_OPEN,1
103549, HES_OPEN,1
103549, 982010
103549, 991755
103549, 982010
103549, 985745
103549, 982010
103549, 51002
103549, 17,30
