103045, 普通玩家 1 第1次重转 金 宝箱，重转价格：10，G_Var.NormalPlayerPayment = 14675
103325, 普通玩家 1 第1次重转 金 宝箱，重转价格：10，G_Var.NormalPlayerPayment = 14685
103425, 普通玩家 1 第2次重转 金 宝箱，重转价格：50，G_Var.NormalPlayerPayment = 14735
103529, 普通玩家 1 第3次重转 金 宝箱，重转价格：100，G_Var.NormalPlayerPayment = 14835
103633, 普通玩家 1 第4次重转 金 宝箱，重转价格：100，G_Var.NormalPlayerPayment = 14935
103733, 普通玩家 9 第1次重转 金 宝箱，重转价格：10，G_Var.NormalPlayerPayment = 14945
103817, 普通玩家 20 第1次重转 金 宝箱，重转价格：10，G_Var.NormalPlayerPayment = 14955
103845, 普通玩家 9 第2次重转 金 宝箱，重转价格：50，G_Var.NormalPlayerPayment = 15005
103845, 普通玩家 11 第1次重转 金 宝箱，重转价格：10，G_Var.NormalPlayerPayment = 15015
103917, 普通玩家 11 第2次重转 金 宝箱，重转价格：50，G_Var.NormalPlayerPayment = 15065
103929, 普通玩家 1 第1次重转 金 宝箱，重转价格：10，G_Var.NormalPlayerPayment = 15075
104089, 普通玩家 11 第3次重转 金 宝箱，重转价格：100，G_Var.NormalPlayerPayment = 15175
104133, 普通玩家 9 第1次重转 金 宝箱，重转价格：10，G_Var.NormalPlayerPayment = 15185
104145, 普通玩家 15 第1次重转 金 宝箱，重转价格：10，G_Var.NormalPlayerPayment = 15195
104149, 普通玩家 8 第1次重转 金 宝箱，重转价格：10，G_Var.NormalPlayerPayment = 15205
104169, 普通玩家 20 第1次重转 金 宝箱，重转价格：10，G_Var.NormalPlayerPayment = 15215
104221, 普通玩家 15 第2次重转 金 宝箱，重转价格：50，G_Var.NormalPlayerPayment = 15265
104329, 普通玩家 15 第3次重转 金 宝箱，重转价格：100，G_Var.NormalPlayerPayment = 15365
104413, 普通玩家 11 第4次重转 金 宝箱，重转价格：100，G_Var.NormalPlayerPayment = 15465
104429, 普通玩家 15 第4次重转 金 宝箱，重转价格：100，G_Var.NormalPlayerPayment = 15565
104489, 普通玩家 9 第1次重转 金 宝箱，重转价格：10，G_Var.NormalPlayerPayment = 15575
104593, 普通玩家 8 第1次重转 金 宝箱，重转价格：10，G_Var.NormalPlayerPayment = 15585
104733, 普通玩家 11 第1次重转 金 宝箱，重转价格：10，G_Var.NormalPlayerPayment = 15595
104813, 普通玩家 11 第2次重转 金 宝箱，重转价格：50，G_Var.NormalPlayerPayment = 15645
104877, 普通玩家 12 第1次重转 金 宝箱，重转价格：10，G_Var.NormalPlayerPayment = 15655
104981, 普通玩家 12 第2次重转 金 宝箱，重转价格：50，G_Var.NormalPlayerPayment = 15705
105065, 普通玩家 12 第3次重转 金 宝箱，重转价格：100，G_Var.NormalPlayerPayment = 15805
105301, 普通玩家 4 第1次重转 金 宝箱，重转价格：10，G_Var.NormalPlayerPayment = 15815
105413, 普通玩家 5 第1次重转 金 宝箱，重转价格：10，G_Var.NormalPlayerPayment = 15825
105589, 普通玩家 4 第1次重转 金 宝箱，重转价格：10，G_Var.NormalPlayerPayment = 15835
106861, 普通玩家 14 第1次重转 金 宝箱，重转价格：10，G_Var.NormalPlayerPayment = 15845
107141, 普通玩家 14 第1次重转 金 宝箱，重转价格：10，G_Var.NormalPlayerPayment = 15855
107361, 普通玩家 9 第1次重转 金 宝箱，重转价格：10，G_Var.NormalPlayerPayment = 15865
107393, 普通玩家 7 第1次重转 金 宝箱，重转价格：10，G_Var.NormalPlayerPayment = 15875
107777, 普通玩家 2 第1次重转 金 宝箱，重转价格：10，G_Var.NormalPlayerPayment = 15885
107809, 普通玩家 15 第1次重转 金 宝箱，重转价格：10，G_Var.NormalPlayerPayment = 15895
107897, 普通玩家 15 第2次重转 金 宝箱，重转价格：50，G_Var.NormalPlayerPayment = 15945
107993, 普通玩家 15 第3次重转 金 宝箱，重转价格：100，G_Var.NormalPlayerPayment = 16045
110581, 普通玩家 20 第1次重转 金 宝箱，重转价格：10，G_Var.NormalPlayerPayment = 16055
110733, 普通玩家 14 第1次重转 金 宝箱，重转价格：10，G_Var.NormalPlayerPayment = 16065
112397, 普通玩家 12 第1次重转 金 宝箱，重转价格：10，G_Var.NormalPlayerPayment = 16075
112513, 普通玩家 12 第2次重转 金 宝箱，重转价格：50，G_Var.NormalPlayerPayment = 16125
112877, 普通玩家 13 第1次重转 金 宝箱，重转价格：10，G_Var.NormalPlayerPayment = 16135
113013, 普通玩家 13 第2次重转 金 宝箱，重转价格：50，G_Var.NormalPlayerPayment = 16185
113093, 普通玩家 13 第3次重转 金 宝箱，重转价格：100，G_Var.NormalPlayerPayment = 16285
114701, 普通玩家 11 第1次重转 金 宝箱，重转价格：10，G_Var.NormalPlayerPayment = 16295
114809, 普通玩家 11 第2次重转 金 宝箱，重转价格：50，G_Var.NormalPlayerPayment = 16345
114921, 普通玩家 11 第3次重转 金 宝箱，重转价格：100，G_Var.NormalPlayerPayment = 16445
115009, 普通玩家 4 第1次重转 金 宝箱，重转价格：10，G_Var.NormalPlayerPayment = 16455
115017, 普通玩家 11 第4次重转 金 宝箱，重转价格：100，G_Var.NormalPlayerPayment = 16555
115097, 普通玩家 11 第4次重转 金 宝箱，重转价格：100，G_Var.NormalPlayerPayment = 16655
115101, 普通玩家 15 第1次重转 金 宝箱，重转价格：10，G_Var.NormalPlayerPayment = 16665
115125, 普通玩家 4 第2次重转 金 宝箱，重转价格：50，G_Var.NormalPlayerPayment = 16715
115177, 普通玩家 11 第4次重转 金 宝箱，重转价格：100，G_Var.NormalPlayerPayment = 16815
115185, 普通玩家 15 第2次重转 金 宝箱，重转价格：50，G_Var.NormalPlayerPayment = 16865
115261, 普通玩家 11 第4次重转 金 宝箱，重转价格：100，G_Var.NormalPlayerPayment = 16965
115281, 普通玩家 15 第3次重转 金 宝箱，重转价格：100，G_Var.NormalPlayerPayment = 17065
115313, 普通玩家 11 第4次重转 金 宝箱，重转价格：100，G_Var.NormalPlayerPayment = 17165
115821, 普通玩家 11 第4次重转 金 宝箱，重转价格：100，G_Var.NormalPlayerPayment = 17265
116057, 普通玩家 4 第1次重转 金 宝箱，重转价格：10，G_Var.NormalPlayerPayment = 17275
116369, 普通玩家 4 第1次重转 金 宝箱，重转价格：10，G_Var.NormalPlayerPayment = 17285
117017, 普通玩家 20 第1次重转 金 宝箱，重转价格：10，G_Var.NormalPlayerPayment = 17295
117161, 普通玩家 20 第2次重转 金 宝箱，重转价格：50，G_Var.NormalPlayerPayment = 17345
118229, 普通玩家 12 第1次重转 金 宝箱，重转价格：10，G_Var.NormalPlayerPayment = 17355
119565, 普通玩家 2 第1次重转 金 宝箱，重转价格：10，G_Var.NormalPlayerPayment = 17365
119701, 普通玩家 4 第1次重转 金 宝箱，重转价格：10，G_Var.NormalPlayerPayment = 17375
121177, 普通玩家 15 第1次重转 金 宝箱，重转价格：10，G_Var.NormalPlayerPayment = 17385
121249, 普通玩家 15 第2次重转 金 宝箱，重转价格：50，G_Var.NormalPlayerPayment = 17435
121585, 普通玩家 13 第1次重转 金 宝箱，重转价格：10，G_Var.NormalPlayerPayment = 17445
121669, 普通玩家 13 第2次重转 金 宝箱，重转价格：50，G_Var.NormalPlayerPayment = 17495
121757, 普通玩家 13 第3次重转 金 宝箱，重转价格：100，G_Var.NormalPlayerPayment = 17595
126489, 普通玩家 20 第1次重转 金 宝箱，重转价格：10，G_Var.NormalPlayerPayment = 17605
129033, 普通玩家 15 第1次重转 金 宝箱，重转价格：10，G_Var.NormalPlayerPayment = 17615
129137, 普通玩家 15 第2次重转 金 宝箱，重转价格：50，G_Var.NormalPlayerPayment = 17665
129411, 11 G_Tab.JJCI[p_control_id].uid=33091360,G_Tab.CONTROL_PLAYER_joined[p_control_id][1].user_id=33091360,p_control_id=1 , last_leavequeue=0
129411, 112 G_Tab.JJCI[p_control_id].jjc=0,p_control_id=1
129411, 11 G_Tab.JJCI[p_control_id].uid=97513424,G_Tab.CONTROL_PLAYER_joined[p_control_id][1].user_id=97513424,p_control_id=2 , last_leavequeue=0
129411, 112 G_Tab.JJCI[p_control_id].jjc=0,p_control_id=2
129411, 11 G_Tab.JJCI[p_control_id].uid=99787459,G_Tab.CONTROL_PLAYER_joined[p_control_id][1].user_id=99787459,p_control_id=3 , last_leavequeue=0
129411, 112 G_Tab.JJCI[p_control_id].jjc=0,p_control_id=3
129411, 11 G_Tab.JJCI[p_control_id].uid=47284789,G_Tab.CONTROL_PLAYER_joined[p_control_id][1].user_id=47284789,p_control_id=4 , last_leavequeue=0
129411, 112 G_Tab.JJCI[p_control_id].jjc=0,p_control_id=4
129411, 11 G_Tab.JJCI[p_control_id].uid=114627666,G_Tab.CONTROL_PLAYER_joined[p_control_id][1].user_id=114627666,p_control_id=5 , last_leavequeue=0
129411, 112 G_Tab.JJCI[p_control_id].jjc=0,p_control_id=5
129411, 11 G_Tab.JJCI[p_control_id].uid=30362660,G_Tab.CONTROL_PLAYER_joined[p_control_id][1].user_id=30362660,p_control_id=6 , last_leavequeue=0
129411, 112 G_Tab.JJCI[p_control_id].jjc=0,p_control_id=6
129411, 11 G_Tab.JJCI[p_control_id].uid=34448098,G_Tab.CONTROL_PLAYER_joined[p_control_id][1].user_id=34448098,p_control_id=7 , last_leavequeue=0
129411, 112 G_Tab.JJCI[p_control_id].jjc=0,p_control_id=7
129411, 11 G_Tab.JJCI[p_control_id].uid=57287033,G_Tab.CONTROL_PLAYER_joined[p_control_id][1].user_id=57287033,p_control_id=8 , last_leavequeue=0
129411, 112 G_Tab.JJCI[p_control_id].jjc=0,p_control_id=8
129411, 11 G_Tab.JJCI[p_control_id].uid=124356257,G_Tab.CONTROL_PLAYER_joined[p_control_id][1].user_id=124356257,p_control_id=9 , last_leavequeue=0
129411, 112 G_Tab.JJCI[p_control_id].jjc=0,p_control_id=9
129411, 11 G_Tab.JJCI[p_control_id].uid=111370991,G_Tab.CONTROL_PLAYER_joined[p_control_id][1].user_id=111370991,p_control_id=10 , last_leavequeue=1
129411, 11 G_Tab.JJCI[p_control_id].uid=96087497,G_Tab.CONTROL_PLAYER_joined[p_control_id][1].user_id=96087497,p_control_id=11 , last_leavequeue=0
129411, 112 G_Tab.JJCI[p_control_id].jjc=0,p_control_id=11
129411, 11 G_Tab.JJCI[p_control_id].uid=116096157,G_Tab.CONTROL_PLAYER_joined[p_control_id][1].user_id=116096157,p_control_id=13 , last_leavequeue=0
129411, 112 G_Tab.JJCI[p_control_id].jjc=0,p_control_id=13
129411, 11 G_Tab.JJCI[p_control_id].uid=96246134,G_Tab.CONTROL_PLAYER_joined[p_control_id][1].user_id=96246134,p_control_id=14 , last_leavequeue=0
129411, 112 G_Tab.JJCI[p_control_id].jjc=0,p_control_id=14
129411, 11 G_Tab.JJCI[p_control_id].uid=92696166,G_Tab.CONTROL_PLAYER_joined[p_control_id][1].user_id=92696166,p_control_id=15 , last_leavequeue=0
129411, 112 G_Tab.JJCI[p_control_id].jjc=0,p_control_id=15
129411, 11 G_Tab.JJCI[p_control_id].uid=121521743,G_Tab.CONTROL_PLAYER_joined[p_control_id][1].user_id=121521743,p_control_id=16 , last_leavequeue=0
129411, 112 G_Tab.JJCI[p_control_id].jjc=0,p_control_id=16
129411, 11 G_Tab.JJCI[p_control_id].uid=109175625,G_Tab.CONTROL_PLAYER_joined[p_control_id][1].user_id=109175625,p_control_id=17 , last_leavequeue=2
129411, 11 G_Tab.JJCI[p_control_id].jjc=0,p_control_id=17
129411, 11 G_Tab.JJCI[p_control_id].uid=109156839,G_Tab.CONTROL_PLAYER_joined[p_control_id][1].user_id=109156839,p_control_id=18 , last_leavequeue=0
129411, 112 G_Tab.JJCI[p_control_id].jjc=0,p_control_id=18
129411, 11 G_Tab.JJCI[p_control_id].uid=96261584,G_Tab.CONTROL_PLAYER_joined[p_control_id][1].user_id=96261584,p_control_id=19 , last_leavequeue=0
129411, 112 G_Tab.JJCI[p_control_id].jjc=0,p_control_id=19
129411, 11 G_Tab.JJCI[p_control_id].uid=45780313,G_Tab.CONTROL_PLAYER_joined[p_control_id][1].user_id=45780313,p_control_id=20 , last_leavequeue=0
129411, 112 G_Tab.JJCI[p_control_id].jjc=0,p_control_id=20
129411, 33 G_Tab.JJCI[p_control_id].uid=33091360,G_Tab.CONTROL_PLAYER_joined[p_control_id][1].user_id=33091360 , p_control_id=1
129411, 332 G_Tab.JJCI[p_control_id].jjc=0,p_control_id=1
129411, 33 G_Tab.JJCI[p_control_id].uid=97513424,G_Tab.CONTROL_PLAYER_joined[p_control_id][1].user_id=97513424 , p_control_id=2
129411, 332 G_Tab.JJCI[p_control_id].jjc=0,p_control_id=2
129411, 33 G_Tab.JJCI[p_control_id].uid=99787459,G_Tab.CONTROL_PLAYER_joined[p_control_id][1].user_id=99787459 , p_control_id=3
129411, 332 G_Tab.JJCI[p_control_id].jjc=0,p_control_id=3
129411, 33 G_Tab.JJCI[p_control_id].uid=47284789,G_Tab.CONTROL_PLAYER_joined[p_control_id][1].user_id=47284789 , p_control_id=4
129411, 332 G_Tab.JJCI[p_control_id].jjc=0,p_control_id=4
129411, 33 G_Tab.JJCI[p_control_id].uid=114627666,G_Tab.CONTROL_PLAYER_joined[p_control_id][1].user_id=114627666 , p_control_id=5
129411, 332 G_Tab.JJCI[p_control_id].jjc=0,p_control_id=5
129411, 33 G_Tab.JJCI[p_control_id].uid=30362660,G_Tab.CONTROL_PLAYER_joined[p_control_id][1].user_id=30362660 , p_control_id=6
129411, 332 G_Tab.JJCI[p_control_id].jjc=0,p_control_id=6
129411, 33 G_Tab.JJCI[p_control_id].uid=34448098,G_Tab.CONTROL_PLAYER_joined[p_control_id][1].user_id=34448098 , p_control_id=7
129411, 332 G_Tab.JJCI[p_control_id].jjc=0,p_control_id=7
129411, 33 G_Tab.JJCI[p_control_id].uid=57287033,G_Tab.CONTROL_PLAYER_joined[p_control_id][1].user_id=57287033 , p_control_id=8
129411, 332 G_Tab.JJCI[p_control_id].jjc=0,p_control_id=8
129411, 33 G_Tab.JJCI[p_control_id].uid=124356257,G_Tab.CONTROL_PLAYER_joined[p_control_id][1].user_id=124356257 , p_control_id=9
129411, 332 G_Tab.JJCI[p_control_id].jjc=0,p_control_id=9
129411, 33 G_Tab.JJCI[p_control_id].uid=111370991,G_Tab.CONTROL_PLAYER_joined[p_control_id][1].user_id=111370991 , p_control_id=10
129411, 33 G_Tab.JJCI[p_control_id].uid=96087497,G_Tab.CONTROL_PLAYER_joined[p_control_id][1].user_id=96087497 , p_control_id=11
129411, 332 G_Tab.JJCI[p_control_id].jjc=0,p_control_id=11
129411, 33 G_Tab.JJCI[p_control_id].uid=116096157,G_Tab.CONTROL_PLAYER_joined[p_control_id][1].user_id=116096157 , p_control_id=13
129411, 332 G_Tab.JJCI[p_control_id].jjc=0,p_control_id=13
129411, 33 G_Tab.JJCI[p_control_id].uid=96246134,G_Tab.CONTROL_PLAYER_joined[p_control_id][1].user_id=96246134 , p_control_id=14
129411, 332 G_Tab.JJCI[p_control_id].jjc=0,p_control_id=14
129411, 33 G_Tab.JJCI[p_control_id].uid=92696166,G_Tab.CONTROL_PLAYER_joined[p_control_id][1].user_id=92696166 , p_control_id=15
129411, 332 G_Tab.JJCI[p_control_id].jjc=0,p_control_id=15
129411, 33 G_Tab.JJCI[p_control_id].uid=121521743,G_Tab.CONTROL_PLAYER_joined[p_control_id][1].user_id=121521743 , p_control_id=16
129411, 332 G_Tab.JJCI[p_control_id].jjc=0,p_control_id=16
129411, 33 G_Tab.JJCI[p_control_id].uid=109175625,G_Tab.CONTROL_PLAYER_joined[p_control_id][1].user_id=109175625 , p_control_id=17
129411, 33 G_Tab.JJCI[p_control_id].jjc=0,p_control_id=17
129411, 33 G_Tab.JJCI[p_control_id].uid=109156839,G_Tab.CONTROL_PLAYER_joined[p_control_id][1].user_id=109156839 , p_control_id=18
129411, 332 G_Tab.JJCI[p_control_id].jjc=0,p_control_id=18
129411, 33 G_Tab.JJCI[p_control_id].uid=96261584,G_Tab.CONTROL_PLAYER_joined[p_control_id][1].user_id=96261584 , p_control_id=19
129411, 332 G_Tab.JJCI[p_control_id].jjc=0,p_control_id=19
129411, 33 G_Tab.JJCI[p_control_id].uid=45780313,G_Tab.CONTROL_PLAYER_joined[p_control_id][1].user_id=45780313 , p_control_id=20
129411, 332 G_Tab.JJCI[p_control_id].jjc=0,p_control_id=20
129411, 结束界面  old_tt_point=583 , add_tt_point-=13 ,new_tt_point= 596 ,Var_ControlID=17
129411, 结束界面  Rank_Point_delta=26 , w-=92 ,w_1= 66 ,k=1 , k_1=1 ,v= 4 , v_1=4
129411, 结束界面  2  Rank_Point_delta=26
