129411, 33091360,狼冤,274,0
129411, 97513424,一叶丶枫落,262,1024
129411, 99787459,疯狂释战魂,149,0
129411, 47284789,xiao小是,255,0
129411, 114627666,狂霸王12,60,0
129411, 30362660,纯属Diane猥琐,223,0
129411, 34448098,爱你一场梦,57,0
129411, 57287033,Goodbye深爱的,61,0
129411, 124356257,RoyalMM单挑,26,352
129411, 47674059,酒醉天涯,259,0
129411, 96087497,快乐小伟丶,260,4
129411, 62169186,哥灬孤霜,276,0
129411, 116096157,Ta跌,288,0
129411, 96246134,惹火大少爷,146,0
129411, 92696166,混沌值丶,85,131
129411, 121521743,q俺是新手你咋滴,150,520
129411, 109175625,右耳钉丶残恋,13,0
129411, 109156839,丶乖乖小桐,221,0
129411, 96261584,世界如此灬残酷,180,0
129411, 45780313,转角遇到你小妹,141,16
