129411, 存储数据, 玩家1,狼冤,26项快捷键13: 547	数据长度是16	数据类型为number
129411, 存储数据, 玩家1,狼冤,1项画质: 1	数据长度是1	数据类型为number
129411, 存储数据, 玩家1,狼冤,37项免控表现: 0	数据长度是8	数据类型为number
129411, 存储数据, 玩家1,狼冤,2项滚屏速度: 13	数据长度是8	数据类型为number
129411, 存储数据, 玩家1,狼冤,53项新商店上部扩展面板: 1	数据长度是1	数据类型为number
129411, 存储数据, 玩家1,狼冤,3项更新内容面板开关: 0	数据长度是1	数据类型为number
129411, 存储数据, 玩家1,狼冤,4项游戏版本号: 1696	数据长度是16	数据类型为number
129411, 存储数据, 玩家1,狼冤,5项语音: 0	数据长度是1	数据类型为number
129411, 存储数据, 玩家1,狼冤,6项音响: 0	数据长度是1	数据类型为number
129411, 存储数据, 玩家1,狼冤,7项麦克风: 0	数据长度是1	数据类型为number
129411, 存储数据, 玩家1,狼冤,9项麦克风大小: 0	数据长度是8	数据类型为number
129411, 存储数据, 玩家1,狼冤,11项光照: 99	数据长度是8	数据类型为number
129411, 存储数据, 玩家1,狼冤,13项血条区分敌我: 1	数据长度是1	数据类型为number
129411, 存储数据, 玩家1,狼冤,15项快捷键2: 43	数据长度是16	数据类型为number
129411, 存储数据, 玩家1,狼冤,19项快捷键6: 53	数据长度是16	数据类型为number
129411, 存储数据, 玩家1,狼冤,23项快捷键10: 544	数据长度是16	数据类型为number
129411, 存储数据, 玩家1,狼冤,27项快捷键14: 548	数据长度是16	数据类型为number
129411, 存储数据, 玩家1,狼冤,31项快捷键18: 568	数据长度是16	数据类型为number
129411, 存储数据, 玩家1,狼冤,39项打孔明灯: 0	数据长度是8	数据类型为number
129411, 存储数据, 玩家1,狼冤,47项会员功能4: 1	数据长度是1	数据类型为number
129411, 存储数据, 玩家1,狼冤,55项新商店商店模式: 0	数据长度是1	数据类型为number
129411, 存储数据, 玩家1,狼冤,32项是否显示刀光: 1	数据长度是1	数据类型为number
129411, 存储数据, 玩家1,狼冤,40项小地图头像: 0	数据长度是8	数据类型为number
129411, 存储数据, 玩家1,狼冤,48项会员功能5: 1	数据长度是1	数据类型为number
129411, 存储数据, 玩家1,狼冤,56项预扣血模式: 0	数据长度是1	数据类型为number
129411, 存储数据, 玩家1,狼冤,16项快捷键3: 61	数据长度是16	数据类型为number
129411, 存储数据, 玩家1,狼冤,20项快捷键7: 541	数据长度是16	数据类型为number
129411, 存储数据, 玩家1,狼冤,24项快捷键11: 545	数据长度是16	数据类型为number
129411, 存储数据, 玩家1,狼冤,28项快捷键15: 549	数据长度是16	数据类型为number
129411, 存储数据, 玩家1,狼冤,33项显示刀光编号: 10	数据长度是8	数据类型为number
129411, 存储数据, 玩家1,狼冤,41项画笔库6: 0	数据长度是8	数据类型为number
129411, 存储数据, 玩家1,狼冤,49项会员功能6: 1	数据长度是1	数据类型为number
129411, 存储数据, 玩家1,狼冤,57项回城特效: 0	数据长度是8	数据类型为number
129411, 存储数据, 玩家1,狼冤,54项新商店购买方式: 1	数据长度是1	数据类型为number
129411, 存储数据, 玩家1,狼冤,8项音响大小: 0	数据长度是8	数据类型为number
129411, 存储数据, 玩家1,狼冤,10项未知: 1	数据长度是1	数据类型为number
129411, 存储数据, 玩家1,狼冤,12项新F11面板模式: 1	数据长度是1	数据类型为number
129411, 存储数据, 玩家1,狼冤,14项快捷键1: 41	数据长度是16	数据类型为number
129411, 存储数据, 玩家1,狼冤,17项快捷键4: 42	数据长度是16	数据类型为number
129411, 存储数据, 玩家1,狼冤,21项快捷键8: 542	数据长度是16	数据类型为number
129411, 存储数据, 玩家1,狼冤,25项快捷键12: 546	数据长度是16	数据类型为number
129411, 存储数据, 玩家1,狼冤,29项快捷键16: 573	数据长度是16	数据类型为number
129411, 存储数据, 玩家1,狼冤,35项显示翅膀编号: 3	数据长度是8	数据类型为number
129411, 存储数据, 玩家1,狼冤,43项画笔库8: 0	数据长度是8	数据类型为number
129411, 存储数据, 玩家1,狼冤,51项会员功能8: 1	数据长度是1	数据类型为number
129411, 存储数据, 玩家1,狼冤,38项窗口锁定: 0	数据长度是8	数据类型为number
129411, 存储数据, 玩家1,狼冤,50项会员功能7: 1	数据长度是1	数据类型为number
129411, 存储数据, 玩家1,狼冤,46项会员功能3: 0	数据长度是1	数据类型为number
129411, 存储数据, 玩家1,狼冤,45项会员功能2: 1	数据长度是1	数据类型为number
129411, 存储数据, 玩家1,狼冤,42项画笔库7: 0	数据长度是8	数据类型为number
129411, 存储数据, 玩家1,狼冤,36项孔明灯: 0	数据长度是8	数据类型为number
129411, 存储数据, 玩家1,狼冤,44项会员功能1: 1	数据长度是1	数据类型为number
129411, 存储数据, 玩家1,狼冤,52项新商店左侧扩展面板: 1	数据长度是1	数据类型为number
129411, 存储数据, 玩家1,狼冤,34项不显示翅膀: 0	数据长度是1	数据类型为number
129411, 存储数据, 玩家1,狼冤,18项快捷键5: 56	数据长度是16	数据类型为number
129411, 存储数据, 玩家1,狼冤,22项快捷键9: 543	数据长度是16	数据类型为number
129411, 存储数据, 玩家1,狼冤,30项快捷键17: 555	数据长度是16	数据类型为number
129411, 存储数据, 玩家2,一叶丶枫落,26项快捷键13: 64	数据长度是16	数据类型为number
129411, 存储数据, 玩家2,一叶丶枫落,1项画质: 1	数据长度是1	数据类型为number
129411, 存储数据, 玩家2,一叶丶枫落,37项免控表现: 0	数据长度是8	数据类型为number
129411, 存储数据, 玩家2,一叶丶枫落,2项滚屏速度: 18	数据长度是8	数据类型为number
129411, 存储数据, 玩家2,一叶丶枫落,53项新商店上部扩展面板: 1	数据长度是1	数据类型为number
129411, 存储数据, 玩家2,一叶丶枫落,3项更新内容面板开关: 0	数据长度是1	数据类型为number
129411, 存储数据, 玩家2,一叶丶枫落,4项游戏版本号: 1696	数据长度是16	数据类型为number
129411, 存储数据, 玩家2,一叶丶枫落,5项语音: 0	数据长度是1	数据类型为number
129411, 存储数据, 玩家2,一叶丶枫落,6项音响: 0	数据长度是1	数据类型为number
129411, 存储数据, 玩家2,一叶丶枫落,7项麦克风: 0	数据长度是1	数据类型为number
129411, 存储数据, 玩家2,一叶丶枫落,9项麦克风大小: 0	数据长度是8	数据类型为number
129411, 存储数据, 玩家2,一叶丶枫落,11项光照: 100	数据长度是8	数据类型为number
129411, 存储数据, 玩家2,一叶丶枫落,13项血条区分敌我: 1	数据长度是1	数据类型为number
129411, 存储数据, 玩家2,一叶丶枫落,15项快捷键2: 43	数据长度是16	数据类型为number
129411, 存储数据, 玩家2,一叶丶枫落,19项快捷键6: 53	数据长度是16	数据类型为number
129411, 存储数据, 玩家2,一叶丶枫落,23项快捷键10: 544	数据长度是16	数据类型为number
129411, 存储数据, 玩家2,一叶丶枫落,27项快捷键14: 548	数据长度是16	数据类型为number
129411, 存储数据, 玩家2,一叶丶枫落,31项快捷键18: 568	数据长度是16	数据类型为number
129411, 存储数据, 玩家2,一叶丶枫落,39项打孔明灯: 0	数据长度是8	数据类型为number
129411, 存储数据, 玩家2,一叶丶枫落,47项会员功能4: 1	数据长度是1	数据类型为number
129411, 存储数据, 玩家2,一叶丶枫落,55项新商店商店模式: 1	数据长度是1	数据类型为number
129411, 存储数据, 玩家2,一叶丶枫落,32项是否显示刀光: 1	数据长度是1	数据类型为number
129411, 存储数据, 玩家2,一叶丶枫落,40项小地图头像: 0	数据长度是8	数据类型为number
129411, 存储数据, 玩家2,一叶丶枫落,48项会员功能5: 1	数据长度是1	数据类型为number
129411, 存储数据, 玩家2,一叶丶枫落,56项预扣血模式: 0	数据长度是1	数据类型为number
129411, 存储数据, 玩家2,一叶丶枫落,16项快捷键3: 61	数据长度是16	数据类型为number
129411, 存储数据, 玩家2,一叶丶枫落,20项快捷键7: 541	数据长度是16	数据类型为number
129411, 存储数据, 玩家2,一叶丶枫落,24项快捷键11: 44	数据长度是16	数据类型为number
129411, 存储数据, 玩家2,一叶丶枫落,28项快捷键15: 56	数据长度是16	数据类型为number
129411, 存储数据, 玩家2,一叶丶枫落,33项显示刀光编号: 10	数据长度是8	数据类型为number
129411, 存储数据, 玩家2,一叶丶枫落,41项画笔库6: 0	数据长度是8	数据类型为number
129411, 存储数据, 玩家2,一叶丶枫落,49项会员功能6: 1	数据长度是1	数据类型为number
129411, 存储数据, 玩家2,一叶丶枫落,57项回城特效: 0	数据长度是8	数据类型为number
129411, 存储数据, 玩家2,一叶丶枫落,54项新商店购买方式: 0	数据长度是1	数据类型为number
129411, 存储数据, 玩家2,一叶丶枫落,8项音响大小: 0	数据长度是8	数据类型为number
129411, 存储数据, 玩家2,一叶丶枫落,10项未知: 1	数据长度是1	数据类型为number
129411, 存储数据, 玩家2,一叶丶枫落,12项新F11面板模式: 0	数据长度是1	数据类型为number
129411, 存储数据, 玩家2,一叶丶枫落,14项快捷键1: 41	数据长度是16	数据类型为number
129411, 存储数据, 玩家2,一叶丶枫落,17项快捷键4: 42	数据长度是16	数据类型为number
129411, 存储数据, 玩家2,一叶丶枫落,21项快捷键8: 542	数据长度是16	数据类型为number
129411, 存储数据, 玩家2,一叶丶枫落,25项快捷键12: 45	数据长度是16	数据类型为number
129411, 存储数据, 玩家2,一叶丶枫落,29项快捷键16: 573	数据长度是16	数据类型为number
129411, 存储数据, 玩家2,一叶丶枫落,35项显示翅膀编号: 5	数据长度是8	数据类型为number
129411, 存储数据, 玩家2,一叶丶枫落,43项画笔库8: 0	数据长度是8	数据类型为number
129411, 存储数据, 玩家2,一叶丶枫落,51项会员功能8: 1	数据长度是1	数据类型为number
129411, 存储数据, 玩家2,一叶丶枫落,38项窗口锁定: 0	数据长度是8	数据类型为number
129411, 存储数据, 玩家2,一叶丶枫落,50项会员功能7: 1	数据长度是1	数据类型为number
129411, 存储数据, 玩家2,一叶丶枫落,46项会员功能3: 1	数据长度是1	数据类型为number
129411, 存储数据, 玩家2,一叶丶枫落,45项会员功能2: 1	数据长度是1	数据类型为number
129411, 存储数据, 玩家2,一叶丶枫落,42项画笔库7: 0	数据长度是8	数据类型为number
129411, 存储数据, 玩家2,一叶丶枫落,36项孔明灯: 0	数据长度是8	数据类型为number
129411, 存储数据, 玩家2,一叶丶枫落,44项会员功能1: 1	数据长度是1	数据类型为number
129411, 存储数据, 玩家2,一叶丶枫落,52项新商店左侧扩展面板: 1	数据长度是1	数据类型为number
129411, 存储数据, 玩家2,一叶丶枫落,34项不显示翅膀: 0	数据长度是1	数据类型为number
129411, 存储数据, 玩家2,一叶丶枫落,18项快捷键5: 0	数据长度是16	数据类型为number
129411, 存储数据, 玩家2,一叶丶枫落,22项快捷键9: 543	数据长度是16	数据类型为number
129411, 存储数据, 玩家2,一叶丶枫落,30项快捷键17: 555	数据长度是16	数据类型为number
129411, 存储数据, 玩家3,疯狂释战魂,26项快捷键13: 547	数据长度是16	数据类型为number
129411, 存储数据, 玩家3,疯狂释战魂,1项画质: 1	数据长度是1	数据类型为number
129411, 存储数据, 玩家3,疯狂释战魂,37项免控表现: 0	数据长度是8	数据类型为number
129411, 存储数据, 玩家3,疯狂释战魂,2项滚屏速度: 23	数据长度是8	数据类型为number
129411, 存储数据, 玩家3,疯狂释战魂,53项新商店上部扩展面板: 1	数据长度是1	数据类型为number
129411, 存储数据, 玩家3,疯狂释战魂,3项更新内容面板开关: 0	数据长度是1	数据类型为number
129411, 存储数据, 玩家3,疯狂释战魂,4项游戏版本号: 1696	数据长度是16	数据类型为number
129411, 存储数据, 玩家3,疯狂释战魂,5项语音: 0	数据长度是1	数据类型为number
129411, 存储数据, 玩家3,疯狂释战魂,6项音响: 0	数据长度是1	数据类型为number
129411, 存储数据, 玩家3,疯狂释战魂,7项麦克风: 0	数据长度是1	数据类型为number
129411, 存储数据, 玩家3,疯狂释战魂,9项麦克风大小: 0	数据长度是8	数据类型为number
129411, 存储数据, 玩家3,疯狂释战魂,11项光照: 99	数据长度是8	数据类型为number
129411, 存储数据, 玩家3,疯狂释战魂,13项血条区分敌我: 1	数据长度是1	数据类型为number
129411, 存储数据, 玩家3,疯狂释战魂,15项快捷键2: 43	数据长度是16	数据类型为number
129411, 存储数据, 玩家3,疯狂释战魂,19项快捷键6: 53	数据长度是16	数据类型为number
129411, 存储数据, 玩家3,疯狂释战魂,23项快捷键10: 544	数据长度是16	数据类型为number
129411, 存储数据, 玩家3,疯狂释战魂,27项快捷键14: 548	数据长度是16	数据类型为number
129411, 存储数据, 玩家3,疯狂释战魂,31项快捷键18: 568	数据长度是16	数据类型为number
129411, 存储数据, 玩家3,疯狂释战魂,39项打孔明灯: 0	数据长度是8	数据类型为number
129411, 存储数据, 玩家3,疯狂释战魂,47项会员功能4: 1	数据长度是1	数据类型为number
129411, 存储数据, 玩家3,疯狂释战魂,55项新商店商店模式: 0	数据长度是1	数据类型为number
129411, 存储数据, 玩家3,疯狂释战魂,32项是否显示刀光: 1	数据长度是1	数据类型为number
129411, 存储数据, 玩家3,疯狂释战魂,40项小地图头像: 0	数据长度是8	数据类型为number
129411, 存储数据, 玩家3,疯狂释战魂,48项会员功能5: 0	数据长度是1	数据类型为number
129411, 存储数据, 玩家3,疯狂释战魂,56项预扣血模式: 0	数据长度是1	数据类型为number
129411, 存储数据, 玩家3,疯狂释战魂,16项快捷键3: 61	数据长度是16	数据类型为number
129411, 存储数据, 玩家3,疯狂释战魂,20项快捷键7: 541	数据长度是16	数据类型为number
129411, 存储数据, 玩家3,疯狂释战魂,24项快捷键11: 545	数据长度是16	数据类型为number
129411, 存储数据, 玩家3,疯狂释战魂,28项快捷键15: 549	数据长度是16	数据类型为number
129411, 存储数据, 玩家3,疯狂释战魂,33项显示刀光编号: 10	数据长度是8	数据类型为number
129411, 存储数据, 玩家3,疯狂释战魂,41项画笔库6: 0	数据长度是8	数据类型为number
129411, 存储数据, 玩家3,疯狂释战魂,49项会员功能6: 1	数据长度是1	数据类型为number
129411, 存储数据, 玩家3,疯狂释战魂,57项回城特效: 0	数据长度是8	数据类型为number
129411, 存储数据, 玩家3,疯狂释战魂,54项新商店购买方式: 0	数据长度是1	数据类型为number
129411, 存储数据, 玩家3,疯狂释战魂,8项音响大小: 0	数据长度是8	数据类型为number
129411, 存储数据, 玩家3,疯狂释战魂,10项未知: 1	数据长度是1	数据类型为number
129411, 存储数据, 玩家3,疯狂释战魂,12项新F11面板模式: 1	数据长度是1	数据类型为number
129411, 存储数据, 玩家3,疯狂释战魂,14项快捷键1: 41	数据长度是16	数据类型为number
129411, 存储数据, 玩家3,疯狂释战魂,17项快捷键4: 42	数据长度是16	数据类型为number
129411, 存储数据, 玩家3,疯狂释战魂,21项快捷键8: 542	数据长度是16	数据类型为number
129411, 存储数据, 玩家3,疯狂释战魂,25项快捷键12: 546	数据长度是16	数据类型为number
129411, 存储数据, 玩家3,疯狂释战魂,29项快捷键16: 573	数据长度是16	数据类型为number
129411, 存储数据, 玩家3,疯狂释战魂,35项显示翅膀编号: 5	数据长度是8	数据类型为number
129411, 存储数据, 玩家3,疯狂释战魂,43项画笔库8: 0	数据长度是8	数据类型为number
129411, 存储数据, 玩家3,疯狂释战魂,51项会员功能8: 1	数据长度是1	数据类型为number
129411, 存储数据, 玩家3,疯狂释战魂,38项窗口锁定: 0	数据长度是8	数据类型为number
129411, 存储数据, 玩家3,疯狂释战魂,50项会员功能7: 1	数据长度是1	数据类型为number
129411, 存储数据, 玩家3,疯狂释战魂,46项会员功能3: 1	数据长度是1	数据类型为number
129411, 存储数据, 玩家3,疯狂释战魂,45项会员功能2: 1	数据长度是1	数据类型为number
129411, 存储数据, 玩家3,疯狂释战魂,42项画笔库7: 0	数据长度是8	数据类型为number
129411, 存储数据, 玩家3,疯狂释战魂,36项孔明灯: 2	数据长度是8	数据类型为number
129411, 存储数据, 玩家3,疯狂释战魂,44项会员功能1: 1	数据长度是1	数据类型为number
129411, 存储数据, 玩家3,疯狂释战魂,52项新商店左侧扩展面板: 1	数据长度是1	数据类型为number
129411, 存储数据, 玩家3,疯狂释战魂,34项不显示翅膀: 0	数据长度是1	数据类型为number
129411, 存储数据, 玩家3,疯狂释战魂,18项快捷键5: 56	数据长度是16	数据类型为number
129411, 存储数据, 玩家3,疯狂释战魂,22项快捷键9: 543	数据长度是16	数据类型为number
129411, 存储数据, 玩家3,疯狂释战魂,30项快捷键17: 555	数据长度是16	数据类型为number
129411, 存储数据, 玩家4,xiao小是,26项快捷键13: 0	数据长度是16	数据类型为number
129411, 存储数据, 玩家4,xiao小是,1项画质: 1	数据长度是1	数据类型为number
129411, 存储数据, 玩家4,xiao小是,37项免控表现: 0	数据长度是8	数据类型为number
129411, 存储数据, 玩家4,xiao小是,2项滚屏速度: 14	数据长度是8	数据类型为number
129411, 存储数据, 玩家4,xiao小是,53项新商店上部扩展面板: 1	数据长度是1	数据类型为number
129411, 存储数据, 玩家4,xiao小是,3项更新内容面板开关: 0	数据长度是1	数据类型为number
129411, 存储数据, 玩家4,xiao小是,4项游戏版本号: 1696	数据长度是16	数据类型为number
129411, 存储数据, 玩家4,xiao小是,5项语音: 0	数据长度是1	数据类型为number
129411, 存储数据, 玩家4,xiao小是,6项音响: 0	数据长度是1	数据类型为number
129411, 存储数据, 玩家4,xiao小是,7项麦克风: 0	数据长度是1	数据类型为number
129411, 存储数据, 玩家4,xiao小是,9项麦克风大小: 0	数据长度是8	数据类型为number
129411, 存储数据, 玩家4,xiao小是,11项光照: 51	数据长度是8	数据类型为number
129411, 存储数据, 玩家4,xiao小是,13项血条区分敌我: 1	数据长度是1	数据类型为number
129411, 存储数据, 玩家4,xiao小是,15项快捷键2: 43	数据长度是16	数据类型为number
129411, 存储数据, 玩家4,xiao小是,19项快捷键6: 53	数据长度是16	数据类型为number
129411, 存储数据, 玩家4,xiao小是,23项快捷键10: 544	数据长度是16	数据类型为number
129411, 存储数据, 玩家4,xiao小是,27项快捷键14: 0	数据长度是16	数据类型为number
129411, 存储数据, 玩家4,xiao小是,31项快捷键18: 568	数据长度是16	数据类型为number
129411, 存储数据, 玩家4,xiao小是,39项打孔明灯: 0	数据长度是8	数据类型为number
129411, 存储数据, 玩家4,xiao小是,47项会员功能4: 1	数据长度是1	数据类型为number
129411, 存储数据, 玩家4,xiao小是,55项新商店商店模式: 1	数据长度是1	数据类型为number
129411, 存储数据, 玩家4,xiao小是,32项是否显示刀光: 1	数据长度是1	数据类型为number
129411, 存储数据, 玩家4,xiao小是,40项小地图头像: 3	数据长度是8	数据类型为number
129411, 存储数据, 玩家4,xiao小是,48项会员功能5: 1	数据长度是1	数据类型为number
129411, 存储数据, 玩家4,xiao小是,56项预扣血模式: 0	数据长度是1	数据类型为number
129411, 存储数据, 玩家4,xiao小是,16项快捷键3: 61	数据长度是16	数据类型为number
129411, 存储数据, 玩家4,xiao小是,20项快捷键7: 541	数据长度是16	数据类型为number
129411, 存储数据, 玩家4,xiao小是,24项快捷键11: 545	数据长度是16	数据类型为number
129411, 存储数据, 玩家4,xiao小是,28项快捷键15: 64	数据长度是16	数据类型为number
129411, 存储数据, 玩家4,xiao小是,33项显示刀光编号: 14	数据长度是8	数据类型为number
129411, 存储数据, 玩家4,xiao小是,41项画笔库6: 0	数据长度是8	数据类型为number
129411, 存储数据, 玩家4,xiao小是,49项会员功能6: 1	数据长度是1	数据类型为number
129411, 存储数据, 玩家4,xiao小是,57项回城特效: 0	数据长度是8	数据类型为number
129411, 存储数据, 玩家4,xiao小是,54项新商店购买方式: 0	数据长度是1	数据类型为number
129411, 存储数据, 玩家4,xiao小是,8项音响大小: 0	数据长度是8	数据类型为number
129411, 存储数据, 玩家4,xiao小是,10项未知: 1	数据长度是1	数据类型为number
129411, 存储数据, 玩家4,xiao小是,12项新F11面板模式: 0	数据长度是1	数据类型为number
129411, 存储数据, 玩家4,xiao小是,14项快捷键1: 41	数据长度是16	数据类型为number
129411, 存储数据, 玩家4,xiao小是,17项快捷键4: 42	数据长度是16	数据类型为number
129411, 存储数据, 玩家4,xiao小是,21项快捷键8: 542	数据长度是16	数据类型为number
129411, 存储数据, 玩家4,xiao小是,25项快捷键12: 45	数据长度是16	数据类型为number
129411, 存储数据, 玩家4,xiao小是,29项快捷键16: 573	数据长度是16	数据类型为number
129411, 存储数据, 玩家4,xiao小是,35项显示翅膀编号: 4	数据长度是8	数据类型为number
129411, 存储数据, 玩家4,xiao小是,43项画笔库8: 0	数据长度是8	数据类型为number
129411, 存储数据, 玩家4,xiao小是,51项会员功能8: 1	数据长度是1	数据类型为number
129411, 存储数据, 玩家4,xiao小是,38项窗口锁定: 0	数据长度是8	数据类型为number
129411, 存储数据, 玩家4,xiao小是,50项会员功能7: 1	数据长度是1	数据类型为number
129411, 存储数据, 玩家4,xiao小是,46项会员功能3: 0	数据长度是1	数据类型为number
129411, 存储数据, 玩家4,xiao小是,45项会员功能2: 1	数据长度是1	数据类型为number
129411, 存储数据, 玩家4,xiao小是,42项画笔库7: 0	数据长度是8	数据类型为number
129411, 存储数据, 玩家4,xiao小是,36项孔明灯: 0	数据长度是8	数据类型为number
129411, 存储数据, 玩家4,xiao小是,44项会员功能1: 1	数据长度是1	数据类型为number
129411, 存储数据, 玩家4,xiao小是,52项新商店左侧扩展面板: 1	数据长度是1	数据类型为number
129411, 存储数据, 玩家4,xiao小是,34项不显示翅膀: 0	数据长度是1	数据类型为number
129411, 存储数据, 玩家4,xiao小是,18项快捷键5: 56	数据长度是16	数据类型为number
129411, 存储数据, 玩家4,xiao小是,22项快捷键9: 543	数据长度是16	数据类型为number
129411, 存储数据, 玩家4,xiao小是,30项快捷键17: 555	数据长度是16	数据类型为number
129411, 存储数据, 玩家5,狂霸王12,26项快捷键13: 547	数据长度是16	数据类型为number
129411, 存储数据, 玩家5,狂霸王12,1项画质: 1	数据长度是1	数据类型为number
129411, 存储数据, 玩家5,狂霸王12,37项免控表现: 0	数据长度是8	数据类型为number
129411, 存储数据, 玩家5,狂霸王12,2项滚屏速度: 11	数据长度是8	数据类型为number
129411, 存储数据, 玩家5,狂霸王12,53项新商店上部扩展面板: 1	数据长度是1	数据类型为number
129411, 存储数据, 玩家5,狂霸王12,3项更新内容面板开关: 1	数据长度是1	数据类型为number
129411, 存储数据, 玩家5,狂霸王12,4项游戏版本号: 1696	数据长度是16	数据类型为number
129411, 存储数据, 玩家5,狂霸王12,5项语音: 0	数据长度是1	数据类型为number
129411, 存储数据, 玩家5,狂霸王12,6项音响: 0	数据长度是1	数据类型为number
129411, 存储数据, 玩家5,狂霸王12,7项麦克风: 0	数据长度是1	数据类型为number
129411, 存储数据, 玩家5,狂霸王12,9项麦克风大小: 0	数据长度是8	数据类型为number
129411, 存储数据, 玩家5,狂霸王12,11项光照: 99	数据长度是8	数据类型为number
129411, 存储数据, 玩家5,狂霸王12,13项血条区分敌我: 1	数据长度是1	数据类型为number
129411, 存储数据, 玩家5,狂霸王12,15项快捷键2: 43	数据长度是16	数据类型为number
129411, 存储数据, 玩家5,狂霸王12,19项快捷键6: 53	数据长度是16	数据类型为number
129411, 存储数据, 玩家5,狂霸王12,23项快捷键10: 544	数据长度是16	数据类型为number
129411, 存储数据, 玩家5,狂霸王12,27项快捷键14: 548	数据长度是16	数据类型为number
129411, 存储数据, 玩家5,狂霸王12,31项快捷键18: 568	数据长度是16	数据类型为number
129411, 存储数据, 玩家5,狂霸王12,39项打孔明灯: 0	数据长度是8	数据类型为number
129411, 存储数据, 玩家5,狂霸王12,47项会员功能4: 1	数据长度是1	数据类型为number
129411, 存储数据, 玩家5,狂霸王12,55项新商店商店模式: 1	数据长度是1	数据类型为number
129411, 存储数据, 玩家5,狂霸王12,32项是否显示刀光: 1	数据长度是1	数据类型为number
129411, 存储数据, 玩家5,狂霸王12,40项小地图头像: 3	数据长度是8	数据类型为number
129411, 存储数据, 玩家5,狂霸王12,48项会员功能5: 1	数据长度是1	数据类型为number
129411, 存储数据, 玩家5,狂霸王12,56项预扣血模式: 0	数据长度是1	数据类型为number
129411, 存储数据, 玩家5,狂霸王12,16项快捷键3: 61	数据长度是16	数据类型为number
129411, 存储数据, 玩家5,狂霸王12,20项快捷键7: 541	数据长度是16	数据类型为number
129411, 存储数据, 玩家5,狂霸王12,24项快捷键11: 545	数据长度是16	数据类型为number
129411, 存储数据, 玩家5,狂霸王12,28项快捷键15: 549	数据长度是16	数据类型为number
129411, 存储数据, 玩家5,狂霸王12,33项显示刀光编号: 3	数据长度是8	数据类型为number
129411, 存储数据, 玩家5,狂霸王12,41项画笔库6: 0	数据长度是8	数据类型为number
129411, 存储数据, 玩家5,狂霸王12,49项会员功能6: 1	数据长度是1	数据类型为number
129411, 存储数据, 玩家5,狂霸王12,57项回城特效: 0	数据长度是8	数据类型为number
129411, 存储数据, 玩家5,狂霸王12,54项新商店购买方式: 0	数据长度是1	数据类型为number
129411, 存储数据, 玩家5,狂霸王12,8项音响大小: 0	数据长度是8	数据类型为number
129411, 存储数据, 玩家5,狂霸王12,10项未知: 1	数据长度是1	数据类型为number
129411, 存储数据, 玩家5,狂霸王12,12项新F11面板模式: 1	数据长度是1	数据类型为number
129411, 存储数据, 玩家5,狂霸王12,14项快捷键1: 41	数据长度是16	数据类型为number
129411, 存储数据, 玩家5,狂霸王12,17项快捷键4: 42	数据长度是16	数据类型为number
129411, 存储数据, 玩家5,狂霸王12,21项快捷键8: 542	数据长度是16	数据类型为number
129411, 存储数据, 玩家5,狂霸王12,25项快捷键12: 546	数据长度是16	数据类型为number
129411, 存储数据, 玩家5,狂霸王12,29项快捷键16: 573	数据长度是16	数据类型为number
129411, 存储数据, 玩家5,狂霸王12,35项显示翅膀编号: 3	数据长度是8	数据类型为number
129411, 存储数据, 玩家5,狂霸王12,43项画笔库8: 0	数据长度是8	数据类型为number
129411, 存储数据, 玩家5,狂霸王12,51项会员功能8: 1	数据长度是1	数据类型为number
129411, 存储数据, 玩家5,狂霸王12,38项窗口锁定: 0	数据长度是8	数据类型为number
129411, 存储数据, 玩家5,狂霸王12,50项会员功能7: 1	数据长度是1	数据类型为number
129411, 存储数据, 玩家5,狂霸王12,46项会员功能3: 0	数据长度是1	数据类型为number
129411, 存储数据, 玩家5,狂霸王12,45项会员功能2: 1	数据长度是1	数据类型为number
129411, 存储数据, 玩家5,狂霸王12,42项画笔库7: 0	数据长度是8	数据类型为number
129411, 存储数据, 玩家5,狂霸王12,36项孔明灯: 0	数据长度是8	数据类型为number
129411, 存储数据, 玩家5,狂霸王12,44项会员功能1: 1	数据长度是1	数据类型为number
129411, 存储数据, 玩家5,狂霸王12,52项新商店左侧扩展面板: 1	数据长度是1	数据类型为number
129411, 存储数据, 玩家5,狂霸王12,34项不显示翅膀: 0	数据长度是1	数据类型为number
129411, 存储数据, 玩家5,狂霸王12,18项快捷键5: 56	数据长度是16	数据类型为number
129411, 存储数据, 玩家5,狂霸王12,22项快捷键9: 543	数据长度是16	数据类型为number
129411, 存储数据, 玩家5,狂霸王12,30项快捷键17: 555	数据长度是16	数据类型为number
129411, 存储数据, 玩家6,纯属Diane猥琐,26项快捷键13: 547	数据长度是16	数据类型为number
129411, 存储数据, 玩家6,纯属Diane猥琐,1项画质: 1	数据长度是1	数据类型为number
129411, 存储数据, 玩家6,纯属Diane猥琐,37项免控表现: 0	数据长度是8	数据类型为number
129411, 存储数据, 玩家6,纯属Diane猥琐,2项滚屏速度: 12	数据长度是8	数据类型为number
129411, 存储数据, 玩家6,纯属Diane猥琐,53项新商店上部扩展面板: 1	数据长度是1	数据类型为number
129411, 存储数据, 玩家6,纯属Diane猥琐,3项更新内容面板开关: 0	数据长度是1	数据类型为number
129411, 存储数据, 玩家6,纯属Diane猥琐,4项游戏版本号: 1696	数据长度是16	数据类型为number
129411, 存储数据, 玩家6,纯属Diane猥琐,5项语音: 0	数据长度是1	数据类型为number
129411, 存储数据, 玩家6,纯属Diane猥琐,6项音响: 0	数据长度是1	数据类型为number
129411, 存储数据, 玩家6,纯属Diane猥琐,7项麦克风: 0	数据长度是1	数据类型为number
129411, 存储数据, 玩家6,纯属Diane猥琐,9项麦克风大小: 0	数据长度是8	数据类型为number
129411, 存储数据, 玩家6,纯属Diane猥琐,11项光照: 99	数据长度是8	数据类型为number
129411, 存储数据, 玩家6,纯属Diane猥琐,13项血条区分敌我: 1	数据长度是1	数据类型为number
129411, 存储数据, 玩家6,纯属Diane猥琐,15项快捷键2: 43	数据长度是16	数据类型为number
129411, 存储数据, 玩家6,纯属Diane猥琐,19项快捷键6: 53	数据长度是16	数据类型为number
129411, 存储数据, 玩家6,纯属Diane猥琐,23项快捷键10: 544	数据长度是16	数据类型为number
129411, 存储数据, 玩家6,纯属Diane猥琐,27项快捷键14: 548	数据长度是16	数据类型为number
129411, 存储数据, 玩家6,纯属Diane猥琐,31项快捷键18: 568	数据长度是16	数据类型为number
129411, 存储数据, 玩家6,纯属Diane猥琐,39项打孔明灯: 0	数据长度是8	数据类型为number
129411, 存储数据, 玩家6,纯属Diane猥琐,47项会员功能4: 1	数据长度是1	数据类型为number
129411, 存储数据, 玩家6,纯属Diane猥琐,55项新商店商店模式: 1	数据长度是1	数据类型为number
129411, 存储数据, 玩家6,纯属Diane猥琐,32项是否显示刀光: 1	数据长度是1	数据类型为number
129411, 存储数据, 玩家6,纯属Diane猥琐,40项小地图头像: 0	数据长度是8	数据类型为number
129411, 存储数据, 玩家6,纯属Diane猥琐,48项会员功能5: 1	数据长度是1	数据类型为number
129411, 存储数据, 玩家6,纯属Diane猥琐,56项预扣血模式: 0	数据长度是1	数据类型为number
129411, 存储数据, 玩家6,纯属Diane猥琐,16项快捷键3: 61	数据长度是16	数据类型为number
129411, 存储数据, 玩家6,纯属Diane猥琐,20项快捷键7: 541	数据长度是16	数据类型为number
129411, 存储数据, 玩家6,纯属Diane猥琐,24项快捷键11: 545	数据长度是16	数据类型为number
129411, 存储数据, 玩家6,纯属Diane猥琐,28项快捷键15: 56	数据长度是16	数据类型为number
129411, 存储数据, 玩家6,纯属Diane猥琐,33项显示刀光编号: 2	数据长度是8	数据类型为number
129411, 存储数据, 玩家6,纯属Diane猥琐,41项画笔库6: 0	数据长度是8	数据类型为number
129411, 存储数据, 玩家6,纯属Diane猥琐,49项会员功能6: 1	数据长度是1	数据类型为number
129411, 存储数据, 玩家6,纯属Diane猥琐,57项回城特效: 0	数据长度是8	数据类型为number
129411, 存储数据, 玩家6,纯属Diane猥琐,54项新商店购买方式: 0	数据长度是1	数据类型为number
129411, 存储数据, 玩家6,纯属Diane猥琐,8项音响大小: 0	数据长度是8	数据类型为number
129411, 存储数据, 玩家6,纯属Diane猥琐,10项未知: 1	数据长度是1	数据类型为number
129411, 存储数据, 玩家6,纯属Diane猥琐,12项新F11面板模式: 1	数据长度是1	数据类型为number
129411, 存储数据, 玩家6,纯属Diane猥琐,14项快捷键1: 551	数据长度是16	数据类型为number
129411, 存储数据, 玩家6,纯属Diane猥琐,17项快捷键4: 42	数据长度是16	数据类型为number
129411, 存储数据, 玩家6,纯属Diane猥琐,21项快捷键8: 542	数据长度是16	数据类型为number
129411, 存储数据, 玩家6,纯属Diane猥琐,25项快捷键12: 546	数据长度是16	数据类型为number
129411, 存储数据, 玩家6,纯属Diane猥琐,29项快捷键16: 573	数据长度是16	数据类型为number
129411, 存储数据, 玩家6,纯属Diane猥琐,35项显示翅膀编号: 1	数据长度是8	数据类型为number
129411, 存储数据, 玩家6,纯属Diane猥琐,43项画笔库8: 0	数据长度是8	数据类型为number
129411, 存储数据, 玩家6,纯属Diane猥琐,51项会员功能8: 1	数据长度是1	数据类型为number
129411, 存储数据, 玩家6,纯属Diane猥琐,38项窗口锁定: 0	数据长度是8	数据类型为number
129411, 存储数据, 玩家6,纯属Diane猥琐,50项会员功能7: 1	数据长度是1	数据类型为number
129411, 存储数据, 玩家6,纯属Diane猥琐,46项会员功能3: 1	数据长度是1	数据类型为number
129411, 存储数据, 玩家6,纯属Diane猥琐,45项会员功能2: 1	数据长度是1	数据类型为number
129411, 存储数据, 玩家6,纯属Diane猥琐,42项画笔库7: 0	数据长度是8	数据类型为number
129411, 存储数据, 玩家6,纯属Diane猥琐,36项孔明灯: 0	数据长度是8	数据类型为number
129411, 存储数据, 玩家6,纯属Diane猥琐,44项会员功能1: 1	数据长度是1	数据类型为number
129411, 存储数据, 玩家6,纯属Diane猥琐,52项新商店左侧扩展面板: 1	数据长度是1	数据类型为number
129411, 存储数据, 玩家6,纯属Diane猥琐,34项不显示翅膀: 0	数据长度是1	数据类型为number
129411, 存储数据, 玩家6,纯属Diane猥琐,18项快捷键5: 0	数据长度是16	数据类型为number
129411, 存储数据, 玩家6,纯属Diane猥琐,22项快捷键9: 543	数据长度是16	数据类型为number
129411, 存储数据, 玩家6,纯属Diane猥琐,30项快捷键17: 555	数据长度是16	数据类型为number
129411, 存储数据, 玩家7,爱你一场梦,26项快捷键13: 547	数据长度是16	数据类型为number
129411, 存储数据, 玩家7,爱你一场梦,1项画质: 1	数据长度是1	数据类型为number
129411, 存储数据, 玩家7,爱你一场梦,37项免控表现: 0	数据长度是8	数据类型为number
129411, 存储数据, 玩家7,爱你一场梦,2项滚屏速度: 18	数据长度是8	数据类型为number
129411, 存储数据, 玩家7,爱你一场梦,53项新商店上部扩展面板: 1	数据长度是1	数据类型为number
129411, 存储数据, 玩家7,爱你一场梦,3项更新内容面板开关: 0	数据长度是1	数据类型为number
129411, 存储数据, 玩家7,爱你一场梦,4项游戏版本号: 1696	数据长度是16	数据类型为number
129411, 存储数据, 玩家7,爱你一场梦,5项语音: 0	数据长度是1	数据类型为number
129411, 存储数据, 玩家7,爱你一场梦,6项音响: 1	数据长度是1	数据类型为number
129411, 存储数据, 玩家7,爱你一场梦,7项麦克风: 0	数据长度是1	数据类型为number
129411, 存储数据, 玩家7,爱你一场梦,9项麦克风大小: 21	数据长度是8	数据类型为number
129411, 存储数据, 玩家7,爱你一场梦,11项光照: 99	数据长度是8	数据类型为number
129411, 存储数据, 玩家7,爱你一场梦,13项血条区分敌我: 1	数据长度是1	数据类型为number
129411, 存储数据, 玩家7,爱你一场梦,15项快捷键2: 43	数据长度是16	数据类型为number
129411, 存储数据, 玩家7,爱你一场梦,19项快捷键6: 53	数据长度是16	数据类型为number
129411, 存储数据, 玩家7,爱你一场梦,23项快捷键10: 64	数据长度是16	数据类型为number
129411, 存储数据, 玩家7,爱你一场梦,27项快捷键14: 548	数据长度是16	数据类型为number
129411, 存储数据, 玩家7,爱你一场梦,31项快捷键18: 31	数据长度是16	数据类型为number
129411, 存储数据, 玩家7,爱你一场梦,39项打孔明灯: 0	数据长度是8	数据类型为number
129411, 存储数据, 玩家7,爱你一场梦,47项会员功能4: 1	数据长度是1	数据类型为number
129411, 存储数据, 玩家7,爱你一场梦,55项新商店商店模式: 1	数据长度是1	数据类型为number
129411, 存储数据, 玩家7,爱你一场梦,32项是否显示刀光: 1	数据长度是1	数据类型为number
129411, 存储数据, 玩家7,爱你一场梦,40项小地图头像: 0	数据长度是8	数据类型为number
129411, 存储数据, 玩家7,爱你一场梦,48项会员功能5: 1	数据长度是1	数据类型为number
129411, 存储数据, 玩家7,爱你一场梦,56项预扣血模式: 0	数据长度是1	数据类型为number
129411, 存储数据, 玩家7,爱你一场梦,16项快捷键3: 61	数据长度是16	数据类型为number
129411, 存储数据, 玩家7,爱你一场梦,20项快捷键7: 44	数据长度是16	数据类型为number
129411, 存储数据, 玩家7,爱你一场梦,24项快捷键11: 545	数据长度是16	数据类型为number
129411, 存储数据, 玩家7,爱你一场梦,28项快捷键15: 549	数据长度是16	数据类型为number
129411, 存储数据, 玩家7,爱你一场梦,33项显示刀光编号: 1	数据长度是8	数据类型为number
129411, 存储数据, 玩家7,爱你一场梦,41项画笔库6: 0	数据长度是8	数据类型为number
129411, 存储数据, 玩家7,爱你一场梦,49项会员功能6: 1	数据长度是1	数据类型为number
129411, 存储数据, 玩家7,爱你一场梦,57项回城特效: 0	数据长度是8	数据类型为number
129411, 存储数据, 玩家7,爱你一场梦,54项新商店购买方式: 0	数据长度是1	数据类型为number
129411, 存储数据, 玩家7,爱你一场梦,8项音响大小: 0	数据长度是8	数据类型为number
129411, 存储数据, 玩家7,爱你一场梦,10项未知: 1	数据长度是1	数据类型为number
129411, 存储数据, 玩家7,爱你一场梦,12项新F11面板模式: 1	数据长度是1	数据类型为number
129411, 存储数据, 玩家7,爱你一场梦,14项快捷键1: 41	数据长度是16	数据类型为number
129411, 存储数据, 玩家7,爱你一场梦,17项快捷键4: 42	数据长度是16	数据类型为number
129411, 存储数据, 玩家7,爱你一场梦,21项快捷键8: 56	数据长度是16	数据类型为number
129411, 存储数据, 玩家7,爱你一场梦,25项快捷键12: 546	数据长度是16	数据类型为number
129411, 存储数据, 玩家7,爱你一场梦,29项快捷键16: 29	数据长度是16	数据类型为number
129411, 存储数据, 玩家7,爱你一场梦,35项显示翅膀编号: 1	数据长度是8	数据类型为number
129411, 存储数据, 玩家7,爱你一场梦,43项画笔库8: 0	数据长度是8	数据类型为number
129411, 存储数据, 玩家7,爱你一场梦,51项会员功能8: 1	数据长度是1	数据类型为number
129411, 存储数据, 玩家7,爱你一场梦,38项窗口锁定: 0	数据长度是8	数据类型为number
129411, 存储数据, 玩家7,爱你一场梦,50项会员功能7: 1	数据长度是1	数据类型为number
129411, 存储数据, 玩家7,爱你一场梦,46项会员功能3: 1	数据长度是1	数据类型为number
129411, 存储数据, 玩家7,爱你一场梦,45项会员功能2: 1	数据长度是1	数据类型为number
129411, 存储数据, 玩家7,爱你一场梦,42项画笔库7: 0	数据长度是8	数据类型为number
129411, 存储数据, 玩家7,爱你一场梦,36项孔明灯: 0	数据长度是8	数据类型为number
129411, 存储数据, 玩家7,爱你一场梦,44项会员功能1: 1	数据长度是1	数据类型为number
129411, 存储数据, 玩家7,爱你一场梦,52项新商店左侧扩展面板: 1	数据长度是1	数据类型为number
129411, 存储数据, 玩家7,爱你一场梦,34项不显示翅膀: 0	数据长度是1	数据类型为number
129411, 存储数据, 玩家7,爱你一场梦,18项快捷键5: 0	数据长度是16	数据类型为number
129411, 存储数据, 玩家7,爱你一场梦,22项快捷键9: 45	数据长度是16	数据类型为number
129411, 存储数据, 玩家7,爱你一场梦,30项快捷键17: 30	数据长度是16	数据类型为number
129411, 存储数据, 玩家8,Goodbye深爱的,26项快捷键13: 547	数据长度是16	数据类型为number
129411, 存储数据, 玩家8,Goodbye深爱的,1项画质: 1	数据长度是1	数据类型为number
129411, 存储数据, 玩家8,Goodbye深爱的,37项免控表现: 38	数据长度是8	数据类型为number
129411, 存储数据, 玩家8,Goodbye深爱的,2项滚屏速度: 21	数据长度是8	数据类型为number
129411, 存储数据, 玩家8,Goodbye深爱的,53项新商店上部扩展面板: 1	数据长度是1	数据类型为number
129411, 存储数据, 玩家8,Goodbye深爱的,3项更新内容面板开关: 0	数据长度是1	数据类型为number
129411, 存储数据, 玩家8,Goodbye深爱的,4项游戏版本号: 1696	数据长度是16	数据类型为number
129411, 存储数据, 玩家8,Goodbye深爱的,5项语音: 1	数据长度是1	数据类型为number
129411, 存储数据, 玩家8,Goodbye深爱的,6项音响: 0	数据长度是1	数据类型为number
129411, 存储数据, 玩家8,Goodbye深爱的,7项麦克风: 0	数据长度是1	数据类型为number
129411, 存储数据, 玩家8,Goodbye深爱的,9项麦克风大小: 0	数据长度是8	数据类型为number
129411, 存储数据, 玩家8,Goodbye深爱的,11项光照: 43	数据长度是8	数据类型为number
129411, 存储数据, 玩家8,Goodbye深爱的,13项血条区分敌我: 1	数据长度是1	数据类型为number
129411, 存储数据, 玩家8,Goodbye深爱的,15项快捷键2: 43	数据长度是16	数据类型为number
129411, 存储数据, 玩家8,Goodbye深爱的,19项快捷键6: 53	数据长度是16	数据类型为number
129411, 存储数据, 玩家8,Goodbye深爱的,23项快捷键10: 544	数据长度是16	数据类型为number
129411, 存储数据, 玩家8,Goodbye深爱的,27项快捷键14: 44	数据长度是16	数据类型为number
129411, 存储数据, 玩家8,Goodbye深爱的,31项快捷键18: 568	数据长度是16	数据类型为number
129411, 存储数据, 玩家8,Goodbye深爱的,39项打孔明灯: 0	数据长度是8	数据类型为number
129411, 存储数据, 玩家8,Goodbye深爱的,47项会员功能4: 1	数据长度是1	数据类型为number
129411, 存储数据, 玩家8,Goodbye深爱的,55项新商店商店模式: 1	数据长度是1	数据类型为number
129411, 存储数据, 玩家8,Goodbye深爱的,32项是否显示刀光: 1	数据长度是1	数据类型为number
129411, 存储数据, 玩家8,Goodbye深爱的,40项小地图头像: 0	数据长度是8	数据类型为number
129411, 存储数据, 玩家8,Goodbye深爱的,48项会员功能5: 1	数据长度是1	数据类型为number
129411, 存储数据, 玩家8,Goodbye深爱的,56项预扣血模式: 0	数据长度是1	数据类型为number
129411, 存储数据, 玩家8,Goodbye深爱的,16项快捷键3: 61	数据长度是16	数据类型为number
129411, 存储数据, 玩家8,Goodbye深爱的,20项快捷键7: 541	数据长度是16	数据类型为number
129411, 存储数据, 玩家8,Goodbye深爱的,24项快捷键11: 545	数据长度是16	数据类型为number
129411, 存储数据, 玩家8,Goodbye深爱的,28项快捷键15: 64	数据长度是16	数据类型为number
129411, 存储数据, 玩家8,Goodbye深爱的,33项显示刀光编号: 14	数据长度是8	数据类型为number
129411, 存储数据, 玩家8,Goodbye深爱的,41项画笔库6: 0	数据长度是8	数据类型为number
129411, 存储数据, 玩家8,Goodbye深爱的,49项会员功能6: 1	数据长度是1	数据类型为number
129411, 存储数据, 玩家8,Goodbye深爱的,57项回城特效: 14	数据长度是8	数据类型为number
129411, 存储数据, 玩家8,Goodbye深爱的,54项新商店购买方式: 0	数据长度是1	数据类型为number
129411, 存储数据, 玩家8,Goodbye深爱的,8项音响大小: 0	数据长度是8	数据类型为number
129411, 存储数据, 玩家8,Goodbye深爱的,10项未知: 1	数据长度是1	数据类型为number
129411, 存储数据, 玩家8,Goodbye深爱的,12项新F11面板模式: 1	数据长度是1	数据类型为number
129411, 存储数据, 玩家8,Goodbye深爱的,14项快捷键1: 41	数据长度是16	数据类型为number
129411, 存储数据, 玩家8,Goodbye深爱的,17项快捷键4: 42	数据长度是16	数据类型为number
129411, 存储数据, 玩家8,Goodbye深爱的,21项快捷键8: 542	数据长度是16	数据类型为number
129411, 存储数据, 玩家8,Goodbye深爱的,25项快捷键12: 546	数据长度是16	数据类型为number
129411, 存储数据, 玩家8,Goodbye深爱的,29项快捷键16: 567	数据长度是16	数据类型为number
129411, 存储数据, 玩家8,Goodbye深爱的,35项显示翅膀编号: 0	数据长度是8	数据类型为number
129411, 存储数据, 玩家8,Goodbye深爱的,43项画笔库8: 0	数据长度是8	数据类型为number
129411, 存储数据, 玩家8,Goodbye深爱的,51项会员功能8: 1	数据长度是1	数据类型为number
129411, 存储数据, 玩家8,Goodbye深爱的,38项窗口锁定: 0	数据长度是8	数据类型为number
129411, 存储数据, 玩家8,Goodbye深爱的,50项会员功能7: 1	数据长度是1	数据类型为number
129411, 存储数据, 玩家8,Goodbye深爱的,46项会员功能3: 1	数据长度是1	数据类型为number
129411, 存储数据, 玩家8,Goodbye深爱的,45项会员功能2: 1	数据长度是1	数据类型为number
129411, 存储数据, 玩家8,Goodbye深爱的,42项画笔库7: 0	数据长度是8	数据类型为number
129411, 存储数据, 玩家8,Goodbye深爱的,36项孔明灯: 0	数据长度是8	数据类型为number
129411, 存储数据, 玩家8,Goodbye深爱的,44项会员功能1: 1	数据长度是1	数据类型为number
129411, 存储数据, 玩家8,Goodbye深爱的,52项新商店左侧扩展面板: 1	数据长度是1	数据类型为number
129411, 存储数据, 玩家8,Goodbye深爱的,34项不显示翅膀: 1	数据长度是1	数据类型为number
129411, 存储数据, 玩家8,Goodbye深爱的,18项快捷键5: 56	数据长度是16	数据类型为number
129411, 存储数据, 玩家8,Goodbye深爱的,22项快捷键9: 543	数据长度是16	数据类型为number
129411, 存储数据, 玩家8,Goodbye深爱的,30项快捷键17: 573	数据长度是16	数据类型为number
129411, 存储数据, 玩家9,RoyalMM单挑,26项快捷键13: 64	数据长度是16	数据类型为number
129411, 存储数据, 玩家9,RoyalMM单挑,1项画质: 1	数据长度是1	数据类型为number
129411, 存储数据, 玩家9,RoyalMM单挑,37项免控表现: 0	数据长度是8	数据类型为number
129411, 存储数据, 玩家9,RoyalMM单挑,2项滚屏速度: 20	数据长度是8	数据类型为number
129411, 存储数据, 玩家9,RoyalMM单挑,53项新商店上部扩展面板: 1	数据长度是1	数据类型为number
129411, 存储数据, 玩家9,RoyalMM单挑,3项更新内容面板开关: 0	数据长度是1	数据类型为number
129411, 存储数据, 玩家9,RoyalMM单挑,4项游戏版本号: 1696	数据长度是16	数据类型为number
129411, 存储数据, 玩家9,RoyalMM单挑,5项语音: 0	数据长度是1	数据类型为number
129411, 存储数据, 玩家9,RoyalMM单挑,6项音响: 0	数据长度是1	数据类型为number
129411, 存储数据, 玩家9,RoyalMM单挑,7项麦克风: 0	数据长度是1	数据类型为number
129411, 存储数据, 玩家9,RoyalMM单挑,9项麦克风大小: 0	数据长度是8	数据类型为number
129411, 存储数据, 玩家9,RoyalMM单挑,11项光照: 99	数据长度是8	数据类型为number
129411, 存储数据, 玩家9,RoyalMM单挑,13项血条区分敌我: 1	数据长度是1	数据类型为number
129411, 存储数据, 玩家9,RoyalMM单挑,15项快捷键2: 43	数据长度是16	数据类型为number
129411, 存储数据, 玩家9,RoyalMM单挑,19项快捷键6: 53	数据长度是16	数据类型为number
129411, 存储数据, 玩家9,RoyalMM单挑,23项快捷键10: 544	数据长度是16	数据类型为number
129411, 存储数据, 玩家9,RoyalMM单挑,27项快捷键14: 62	数据长度是16	数据类型为number
129411, 存储数据, 玩家9,RoyalMM单挑,31项快捷键18: 568	数据长度是16	数据类型为number
129411, 存储数据, 玩家9,RoyalMM单挑,39项打孔明灯: 0	数据长度是8	数据类型为number
129411, 存储数据, 玩家9,RoyalMM单挑,47项会员功能4: 1	数据长度是1	数据类型为number
129411, 存储数据, 玩家9,RoyalMM单挑,55项新商店商店模式: 1	数据长度是1	数据类型为number
129411, 存储数据, 玩家9,RoyalMM单挑,32项是否显示刀光: 1	数据长度是1	数据类型为number
129411, 存储数据, 玩家9,RoyalMM单挑,40项小地图头像: 3	数据长度是8	数据类型为number
129411, 存储数据, 玩家9,RoyalMM单挑,48项会员功能5: 1	数据长度是1	数据类型为number
129411, 存储数据, 玩家9,RoyalMM单挑,56项预扣血模式: 0	数据长度是1	数据类型为number
129411, 存储数据, 玩家9,RoyalMM单挑,16项快捷键3: 61	数据长度是16	数据类型为number
129411, 存储数据, 玩家9,RoyalMM单挑,20项快捷键7: 541	数据长度是16	数据类型为number
129411, 存储数据, 玩家9,RoyalMM单挑,24项快捷键11: 44	数据长度是16	数据类型为number
129411, 存储数据, 玩家9,RoyalMM单挑,28项快捷键15: 549	数据长度是16	数据类型为number
129411, 存储数据, 玩家9,RoyalMM单挑,33项显示刀光编号: 1	数据长度是8	数据类型为number
129411, 存储数据, 玩家9,RoyalMM单挑,41项画笔库6: 0	数据长度是8	数据类型为number
129411, 存储数据, 玩家9,RoyalMM单挑,49项会员功能6: 1	数据长度是1	数据类型为number
129411, 存储数据, 玩家9,RoyalMM单挑,57项回城特效: 0	数据长度是8	数据类型为number
129411, 存储数据, 玩家9,RoyalMM单挑,54项新商店购买方式: 0	数据长度是1	数据类型为number
129411, 存储数据, 玩家9,RoyalMM单挑,8项音响大小: 0	数据长度是8	数据类型为number
129411, 存储数据, 玩家9,RoyalMM单挑,10项未知: 1	数据长度是1	数据类型为number
129411, 存储数据, 玩家9,RoyalMM单挑,12项新F11面板模式: 1	数据长度是1	数据类型为number
129411, 存储数据, 玩家9,RoyalMM单挑,14项快捷键1: 41	数据长度是16	数据类型为number
129411, 存储数据, 玩家9,RoyalMM单挑,17项快捷键4: 42	数据长度是16	数据类型为number
129411, 存储数据, 玩家9,RoyalMM单挑,21项快捷键8: 542	数据长度是16	数据类型为number
129411, 存储数据, 玩家9,RoyalMM单挑,25项快捷键12: 546	数据长度是16	数据类型为number
129411, 存储数据, 玩家9,RoyalMM单挑,29项快捷键16: 55	数据长度是16	数据类型为number
129411, 存储数据, 玩家9,RoyalMM单挑,35项显示翅膀编号: 0	数据长度是8	数据类型为number
129411, 存储数据, 玩家9,RoyalMM单挑,43项画笔库8: 0	数据长度是8	数据类型为number
129411, 存储数据, 玩家9,RoyalMM单挑,51项会员功能8: 1	数据长度是1	数据类型为number
129411, 存储数据, 玩家9,RoyalMM单挑,38项窗口锁定: 0	数据长度是8	数据类型为number
129411, 存储数据, 玩家9,RoyalMM单挑,50项会员功能7: 1	数据长度是1	数据类型为number
129411, 存储数据, 玩家9,RoyalMM单挑,46项会员功能3: 1	数据长度是1	数据类型为number
129411, 存储数据, 玩家9,RoyalMM单挑,45项会员功能2: 1	数据长度是1	数据类型为number
129411, 存储数据, 玩家9,RoyalMM单挑,42项画笔库7: 0	数据长度是8	数据类型为number
129411, 存储数据, 玩家9,RoyalMM单挑,36项孔明灯: 0	数据长度是8	数据类型为number
129411, 存储数据, 玩家9,RoyalMM单挑,44项会员功能1: 1	数据长度是1	数据类型为number
129411, 存储数据, 玩家9,RoyalMM单挑,52项新商店左侧扩展面板: 1	数据长度是1	数据类型为number
129411, 存储数据, 玩家9,RoyalMM单挑,34项不显示翅膀: 1	数据长度是1	数据类型为number
129411, 存储数据, 玩家9,RoyalMM单挑,18项快捷键5: 56	数据长度是16	数据类型为number
129411, 存储数据, 玩家9,RoyalMM单挑,22项快捷键9: 543	数据长度是16	数据类型为number
129411, 存储数据, 玩家9,RoyalMM单挑,30项快捷键17: 555	数据长度是16	数据类型为number
129411, 存储数据, 玩家10,酒醉天涯,26项快捷键13: 547	数据长度是16	数据类型为number
129411, 存储数据, 玩家10,酒醉天涯,1项画质: 1	数据长度是1	数据类型为number
129411, 存储数据, 玩家10,酒醉天涯,37项免控表现: 0	数据长度是8	数据类型为number
129411, 存储数据, 玩家10,酒醉天涯,2项滚屏速度: 14	数据长度是8	数据类型为number
129411, 存储数据, 玩家10,酒醉天涯,53项新商店上部扩展面板: 1	数据长度是1	数据类型为number
129411, 存储数据, 玩家10,酒醉天涯,3项更新内容面板开关: 0	数据长度是1	数据类型为number
129411, 存储数据, 玩家10,酒醉天涯,4项游戏版本号: 1696	数据长度是16	数据类型为number
129411, 存储数据, 玩家10,酒醉天涯,5项语音: 0	数据长度是1	数据类型为number
129411, 存储数据, 玩家10,酒醉天涯,6项音响: 0	数据长度是1	数据类型为number
129411, 存储数据, 玩家10,酒醉天涯,7项麦克风: 0	数据长度是1	数据类型为number
129411, 存储数据, 玩家10,酒醉天涯,9项麦克风大小: 0	数据长度是8	数据类型为number
129411, 存储数据, 玩家10,酒醉天涯,11项光照: 100	数据长度是8	数据类型为number
129411, 存储数据, 玩家10,酒醉天涯,13项血条区分敌我: 1	数据长度是1	数据类型为number
129411, 存储数据, 玩家10,酒醉天涯,15项快捷键2: 43	数据长度是16	数据类型为number
129411, 存储数据, 玩家10,酒醉天涯,19项快捷键6: 53	数据长度是16	数据类型为number
129411, 存储数据, 玩家10,酒醉天涯,23项快捷键10: 544	数据长度是16	数据类型为number
129411, 存储数据, 玩家10,酒醉天涯,27项快捷键14: 548	数据长度是16	数据类型为number
129411, 存储数据, 玩家10,酒醉天涯,31项快捷键18: 568	数据长度是16	数据类型为number
129411, 存储数据, 玩家10,酒醉天涯,39项打孔明灯: 0	数据长度是8	数据类型为number
129411, 存储数据, 玩家10,酒醉天涯,47项会员功能4: 1	数据长度是1	数据类型为number
129411, 存储数据, 玩家10,酒醉天涯,55项新商店商店模式: 1	数据长度是1	数据类型为number
129411, 存储数据, 玩家10,酒醉天涯,32项是否显示刀光: 1	数据长度是1	数据类型为number
129411, 存储数据, 玩家10,酒醉天涯,40项小地图头像: 0	数据长度是8	数据类型为number
129411, 存储数据, 玩家10,酒醉天涯,48项会员功能5: 1	数据长度是1	数据类型为number
129411, 存储数据, 玩家10,酒醉天涯,56项预扣血模式: 0	数据长度是1	数据类型为number
129411, 存储数据, 玩家10,酒醉天涯,16项快捷键3: 61	数据长度是16	数据类型为number
129411, 存储数据, 玩家10,酒醉天涯,20项快捷键7: 541	数据长度是16	数据类型为number
129411, 存储数据, 玩家10,酒醉天涯,24项快捷键11: 545	数据长度是16	数据类型为number
129411, 存储数据, 玩家10,酒醉天涯,28项快捷键15: 549	数据长度是16	数据类型为number
129411, 存储数据, 玩家10,酒醉天涯,33项显示刀光编号: 16	数据长度是8	数据类型为number
129411, 存储数据, 玩家10,酒醉天涯,41项画笔库6: 0	数据长度是8	数据类型为number
129411, 存储数据, 玩家10,酒醉天涯,49项会员功能6: 1	数据长度是1	数据类型为number
129411, 存储数据, 玩家10,酒醉天涯,57项回城特效: 4	数据长度是8	数据类型为number
129411, 存储数据, 玩家10,酒醉天涯,54项新商店购买方式: 0	数据长度是1	数据类型为number
129411, 存储数据, 玩家10,酒醉天涯,8项音响大小: 0	数据长度是8	数据类型为number
129411, 存储数据, 玩家10,酒醉天涯,10项未知: 1	数据长度是1	数据类型为number
129411, 存储数据, 玩家10,酒醉天涯,12项新F11面板模式: 1	数据长度是1	数据类型为number
129411, 存储数据, 玩家10,酒醉天涯,14项快捷键1: 41	数据长度是16	数据类型为number
129411, 存储数据, 玩家10,酒醉天涯,17项快捷键4: 42	数据长度是16	数据类型为number
129411, 存储数据, 玩家10,酒醉天涯,21项快捷键8: 542	数据长度是16	数据类型为number
129411, 存储数据, 玩家10,酒醉天涯,25项快捷键12: 546	数据长度是16	数据类型为number
129411, 存储数据, 玩家10,酒醉天涯,29项快捷键16: 573	数据长度是16	数据类型为number
129411, 存储数据, 玩家10,酒醉天涯,35项显示翅膀编号: 8	数据长度是8	数据类型为number
129411, 存储数据, 玩家10,酒醉天涯,43项画笔库8: 0	数据长度是8	数据类型为number
129411, 存储数据, 玩家10,酒醉天涯,51项会员功能8: 1	数据长度是1	数据类型为number
129411, 存储数据, 玩家10,酒醉天涯,38项窗口锁定: 0	数据长度是8	数据类型为number
129411, 存储数据, 玩家10,酒醉天涯,50项会员功能7: 1	数据长度是1	数据类型为number
129411, 存储数据, 玩家10,酒醉天涯,46项会员功能3: 1	数据长度是1	数据类型为number
129411, 存储数据, 玩家10,酒醉天涯,45项会员功能2: 1	数据长度是1	数据类型为number
129411, 存储数据, 玩家10,酒醉天涯,42项画笔库7: 0	数据长度是8	数据类型为number
129411, 存储数据, 玩家10,酒醉天涯,36项孔明灯: 0	数据长度是8	数据类型为number
129411, 存储数据, 玩家10,酒醉天涯,44项会员功能1: 1	数据长度是1	数据类型为number
129411, 存储数据, 玩家10,酒醉天涯,52项新商店左侧扩展面板: 1	数据长度是1	数据类型为number
129411, 存储数据, 玩家10,酒醉天涯,34项不显示翅膀: 0	数据长度是1	数据类型为number
129411, 存储数据, 玩家10,酒醉天涯,18项快捷键5: 56	数据长度是16	数据类型为number
129411, 存储数据, 玩家10,酒醉天涯,22项快捷键9: 543	数据长度是16	数据类型为number
129411, 存储数据, 玩家10,酒醉天涯,30项快捷键17: 555	数据长度是16	数据类型为number
129411, 存储数据, 玩家11,快乐小伟丶,26项快捷键13: 576	数据长度是16	数据类型为number
129411, 存储数据, 玩家11,快乐小伟丶,1项画质: 1	数据长度是1	数据类型为number
129411, 存储数据, 玩家11,快乐小伟丶,37项免控表现: 0	数据长度是8	数据类型为number
129411, 存储数据, 玩家11,快乐小伟丶,2项滚屏速度: 18	数据长度是8	数据类型为number
129411, 存储数据, 玩家11,快乐小伟丶,53项新商店上部扩展面板: 1	数据长度是1	数据类型为number
129411, 存储数据, 玩家11,快乐小伟丶,3项更新内容面板开关: 0	数据长度是1	数据类型为number
129411, 存储数据, 玩家11,快乐小伟丶,4项游戏版本号: 1696	数据长度是16	数据类型为number
129411, 存储数据, 玩家11,快乐小伟丶,5项语音: 0	数据长度是1	数据类型为number
129411, 存储数据, 玩家11,快乐小伟丶,6项音响: 0	数据长度是1	数据类型为number
129411, 存储数据, 玩家11,快乐小伟丶,7项麦克风: 0	数据长度是1	数据类型为number
129411, 存储数据, 玩家11,快乐小伟丶,9项麦克风大小: 0	数据长度是8	数据类型为number
129411, 存储数据, 玩家11,快乐小伟丶,11项光照: 75	数据长度是8	数据类型为number
129411, 存储数据, 玩家11,快乐小伟丶,13项血条区分敌我: 1	数据长度是1	数据类型为number
129411, 存储数据, 玩家11,快乐小伟丶,15项快捷键2: 43	数据长度是16	数据类型为number
129411, 存储数据, 玩家11,快乐小伟丶,19项快捷键6: 53	数据长度是16	数据类型为number
129411, 存储数据, 玩家11,快乐小伟丶,23项快捷键10: 544	数据长度是16	数据类型为number
129411, 存储数据, 玩家11,快乐小伟丶,27项快捷键14: 574	数据长度是16	数据类型为number
129411, 存储数据, 玩家11,快乐小伟丶,31项快捷键18: 568	数据长度是16	数据类型为number
129411, 存储数据, 玩家11,快乐小伟丶,39项打孔明灯: 0	数据长度是8	数据类型为number
129411, 存储数据, 玩家11,快乐小伟丶,47项会员功能4: 1	数据长度是1	数据类型为number
129411, 存储数据, 玩家11,快乐小伟丶,55项新商店商店模式: 0	数据长度是1	数据类型为number
129411, 存储数据, 玩家11,快乐小伟丶,32项是否显示刀光: 1	数据长度是1	数据类型为number
129411, 存储数据, 玩家11,快乐小伟丶,40项小地图头像: 0	数据长度是8	数据类型为number
129411, 存储数据, 玩家11,快乐小伟丶,48项会员功能5: 1	数据长度是1	数据类型为number
129411, 存储数据, 玩家11,快乐小伟丶,56项预扣血模式: 0	数据长度是1	数据类型为number
129411, 存储数据, 玩家11,快乐小伟丶,16项快捷键3: 61	数据长度是16	数据类型为number
129411, 存储数据, 玩家11,快乐小伟丶,20项快捷键7: 541	数据长度是16	数据类型为number
129411, 存储数据, 玩家11,快乐小伟丶,24项快捷键11: 545	数据长度是16	数据类型为number
129411, 存储数据, 玩家11,快乐小伟丶,28项快捷键15: 549	数据长度是16	数据类型为number
129411, 存储数据, 玩家11,快乐小伟丶,33项显示刀光编号: 23	数据长度是8	数据类型为number
129411, 存储数据, 玩家11,快乐小伟丶,41项画笔库6: 0	数据长度是8	数据类型为number
129411, 存储数据, 玩家11,快乐小伟丶,49项会员功能6: 1	数据长度是1	数据类型为number
129411, 存储数据, 玩家11,快乐小伟丶,57项回城特效: 14	数据长度是8	数据类型为number
129411, 存储数据, 玩家11,快乐小伟丶,54项新商店购买方式: 0	数据长度是1	数据类型为number
129411, 存储数据, 玩家11,快乐小伟丶,8项音响大小: 0	数据长度是8	数据类型为number
129411, 存储数据, 玩家11,快乐小伟丶,10项未知: 1	数据长度是1	数据类型为number
129411, 存储数据, 玩家11,快乐小伟丶,12项新F11面板模式: 1	数据长度是1	数据类型为number
129411, 存储数据, 玩家11,快乐小伟丶,14项快捷键1: 41	数据长度是16	数据类型为number
129411, 存储数据, 玩家11,快乐小伟丶,17项快捷键4: 42	数据长度是16	数据类型为number
129411, 存储数据, 玩家11,快乐小伟丶,21项快捷键8: 542	数据长度是16	数据类型为number
129411, 存储数据, 玩家11,快乐小伟丶,25项快捷键12: 546	数据长度是16	数据类型为number
129411, 存储数据, 玩家11,快乐小伟丶,29项快捷键16: 573	数据长度是16	数据类型为number
129411, 存储数据, 玩家11,快乐小伟丶,35项显示翅膀编号: 5	数据长度是8	数据类型为number
129411, 存储数据, 玩家11,快乐小伟丶,43项画笔库8: 0	数据长度是8	数据类型为number
129411, 存储数据, 玩家11,快乐小伟丶,51项会员功能8: 1	数据长度是1	数据类型为number
129411, 存储数据, 玩家11,快乐小伟丶,38项窗口锁定: 0	数据长度是8	数据类型为number
129411, 存储数据, 玩家11,快乐小伟丶,50项会员功能7: 1	数据长度是1	数据类型为number
129411, 存储数据, 玩家11,快乐小伟丶,46项会员功能3: 1	数据长度是1	数据类型为number
129411, 存储数据, 玩家11,快乐小伟丶,45项会员功能2: 1	数据长度是1	数据类型为number
129411, 存储数据, 玩家11,快乐小伟丶,42项画笔库7: 0	数据长度是8	数据类型为number
129411, 存储数据, 玩家11,快乐小伟丶,36项孔明灯: 0	数据长度是8	数据类型为number
129411, 存储数据, 玩家11,快乐小伟丶,44项会员功能1: 1	数据长度是1	数据类型为number
129411, 存储数据, 玩家11,快乐小伟丶,52项新商店左侧扩展面板: 1	数据长度是1	数据类型为number
129411, 存储数据, 玩家11,快乐小伟丶,34项不显示翅膀: 0	数据长度是1	数据类型为number
129411, 存储数据, 玩家11,快乐小伟丶,18项快捷键5: 56	数据长度是16	数据类型为number
129411, 存储数据, 玩家11,快乐小伟丶,22项快捷键9: 543	数据长度是16	数据类型为number
129411, 存储数据, 玩家11,快乐小伟丶,30项快捷键17: 555	数据长度是16	数据类型为number
129411, 存储数据, 玩家12,哥灬孤霜,26项快捷键13: 547	数据长度是16	数据类型为number
129411, 存储数据, 玩家12,哥灬孤霜,1项画质: 1	数据长度是1	数据类型为number
129411, 存储数据, 玩家12,哥灬孤霜,37项免控表现: 0	数据长度是8	数据类型为number
129411, 存储数据, 玩家12,哥灬孤霜,2项滚屏速度: 10	数据长度是8	数据类型为number
129411, 存储数据, 玩家12,哥灬孤霜,53项新商店上部扩展面板: 1	数据长度是1	数据类型为number
129411, 存储数据, 玩家12,哥灬孤霜,3项更新内容面板开关: 0	数据长度是1	数据类型为number
129411, 存储数据, 玩家12,哥灬孤霜,4项游戏版本号: 1696	数据长度是16	数据类型为number
129411, 存储数据, 玩家12,哥灬孤霜,5项语音: 1	数据长度是1	数据类型为number
129411, 存储数据, 玩家12,哥灬孤霜,6项音响: 0	数据长度是1	数据类型为number
129411, 存储数据, 玩家12,哥灬孤霜,7项麦克风: 1	数据长度是1	数据类型为number
129411, 存储数据, 玩家12,哥灬孤霜,9项麦克风大小: 0	数据长度是8	数据类型为number
129411, 存储数据, 玩家12,哥灬孤霜,11项光照: 61	数据长度是8	数据类型为number
129411, 存储数据, 玩家12,哥灬孤霜,13项血条区分敌我: 0	数据长度是1	数据类型为number
129411, 存储数据, 玩家12,哥灬孤霜,15项快捷键2: 43	数据长度是16	数据类型为number
129411, 存储数据, 玩家12,哥灬孤霜,19项快捷键6: 53	数据长度是16	数据类型为number
129411, 存储数据, 玩家12,哥灬孤霜,23项快捷键10: 544	数据长度是16	数据类型为number
129411, 存储数据, 玩家12,哥灬孤霜,27项快捷键14: 548	数据长度是16	数据类型为number
129411, 存储数据, 玩家12,哥灬孤霜,31项快捷键18: 555	数据长度是16	数据类型为number
129411, 存储数据, 玩家12,哥灬孤霜,39项打孔明灯: 0	数据长度是8	数据类型为number
129411, 存储数据, 玩家12,哥灬孤霜,47项会员功能4: 1	数据长度是1	数据类型为number
129411, 存储数据, 玩家12,哥灬孤霜,55项新商店商店模式: 1	数据长度是1	数据类型为number
129411, 存储数据, 玩家12,哥灬孤霜,32项是否显示刀光: 1	数据长度是1	数据类型为number
129411, 存储数据, 玩家12,哥灬孤霜,40项小地图头像: 1	数据长度是8	数据类型为number
129411, 存储数据, 玩家12,哥灬孤霜,48项会员功能5: 1	数据长度是1	数据类型为number
129411, 存储数据, 玩家12,哥灬孤霜,56项预扣血模式: 0	数据长度是1	数据类型为number
129411, 存储数据, 玩家12,哥灬孤霜,16项快捷键3: 61	数据长度是16	数据类型为number
129411, 存储数据, 玩家12,哥灬孤霜,20项快捷键7: 541	数据长度是16	数据类型为number
129411, 存储数据, 玩家12,哥灬孤霜,24项快捷键11: 545	数据长度是16	数据类型为number
129411, 存储数据, 玩家12,哥灬孤霜,28项快捷键15: 549	数据长度是16	数据类型为number
129411, 存储数据, 玩家12,哥灬孤霜,33项显示刀光编号: 15	数据长度是8	数据类型为number
129411, 存储数据, 玩家12,哥灬孤霜,41项画笔库6: 0	数据长度是8	数据类型为number
129411, 存储数据, 玩家12,哥灬孤霜,49项会员功能6: 1	数据长度是1	数据类型为number
129411, 存储数据, 玩家12,哥灬孤霜,57项回城特效: 7	数据长度是8	数据类型为number
129411, 存储数据, 玩家12,哥灬孤霜,54项新商店购买方式: 0	数据长度是1	数据类型为number
129411, 存储数据, 玩家12,哥灬孤霜,8项音响大小: 0	数据长度是8	数据类型为number
129411, 存储数据, 玩家12,哥灬孤霜,10项未知: 1	数据长度是1	数据类型为number
129411, 存储数据, 玩家12,哥灬孤霜,12项新F11面板模式: 1	数据长度是1	数据类型为number
129411, 存储数据, 玩家12,哥灬孤霜,14项快捷键1: 41	数据长度是16	数据类型为number
129411, 存储数据, 玩家12,哥灬孤霜,17项快捷键4: 42	数据长度是16	数据类型为number
129411, 存储数据, 玩家12,哥灬孤霜,21项快捷键8: 542	数据长度是16	数据类型为number
129411, 存储数据, 玩家12,哥灬孤霜,25项快捷键12: 546	数据长度是16	数据类型为number
129411, 存储数据, 玩家12,哥灬孤霜,29项快捷键16: 56	数据长度是16	数据类型为number
129411, 存储数据, 玩家12,哥灬孤霜,35项显示翅膀编号: 26	数据长度是8	数据类型为number
129411, 存储数据, 玩家12,哥灬孤霜,43项画笔库8: 0	数据长度是8	数据类型为number
129411, 存储数据, 玩家12,哥灬孤霜,51项会员功能8: 1	数据长度是1	数据类型为number
129411, 存储数据, 玩家12,哥灬孤霜,38项窗口锁定: 0	数据长度是8	数据类型为number
129411, 存储数据, 玩家12,哥灬孤霜,50项会员功能7: 1	数据长度是1	数据类型为number
129411, 存储数据, 玩家12,哥灬孤霜,46项会员功能3: 1	数据长度是1	数据类型为number
129411, 存储数据, 玩家12,哥灬孤霜,45项会员功能2: 1	数据长度是1	数据类型为number
129411, 存储数据, 玩家12,哥灬孤霜,42项画笔库7: 0	数据长度是8	数据类型为number
129411, 存储数据, 玩家12,哥灬孤霜,36项孔明灯: 0	数据长度是8	数据类型为number
129411, 存储数据, 玩家12,哥灬孤霜,44项会员功能1: 1	数据长度是1	数据类型为number
129411, 存储数据, 玩家12,哥灬孤霜,52项新商店左侧扩展面板: 1	数据长度是1	数据类型为number
129411, 存储数据, 玩家12,哥灬孤霜,34项不显示翅膀: 0	数据长度是1	数据类型为number
129411, 存储数据, 玩家12,哥灬孤霜,18项快捷键5: 0	数据长度是16	数据类型为number
129411, 存储数据, 玩家12,哥灬孤霜,22项快捷键9: 543	数据长度是16	数据类型为number
129411, 存储数据, 玩家12,哥灬孤霜,30项快捷键17: 573	数据长度是16	数据类型为number
129411, 存储数据, 玩家13,Ta跌,26项快捷键13: 56	数据长度是16	数据类型为number
129411, 存储数据, 玩家13,Ta跌,1项画质: 1	数据长度是1	数据类型为number
129411, 存储数据, 玩家13,Ta跌,37项免控表现: 0	数据长度是8	数据类型为number
129411, 存储数据, 玩家13,Ta跌,2项滚屏速度: 22	数据长度是8	数据类型为number
129411, 存储数据, 玩家13,Ta跌,53项新商店上部扩展面板: 1	数据长度是1	数据类型为number
129411, 存储数据, 玩家13,Ta跌,3项更新内容面板开关: 0	数据长度是1	数据类型为number
129411, 存储数据, 玩家13,Ta跌,4项游戏版本号: 1696	数据长度是16	数据类型为number
129411, 存储数据, 玩家13,Ta跌,5项语音: 0	数据长度是1	数据类型为number
129411, 存储数据, 玩家13,Ta跌,6项音响: 0	数据长度是1	数据类型为number
129411, 存储数据, 玩家13,Ta跌,7项麦克风: 0	数据长度是1	数据类型为number
129411, 存储数据, 玩家13,Ta跌,9项麦克风大小: 0	数据长度是8	数据类型为number
129411, 存储数据, 玩家13,Ta跌,11项光照: 50	数据长度是8	数据类型为number
129411, 存储数据, 玩家13,Ta跌,13项血条区分敌我: 1	数据长度是1	数据类型为number
129411, 存储数据, 玩家13,Ta跌,15项快捷键2: 43	数据长度是16	数据类型为number
129411, 存储数据, 玩家13,Ta跌,19项快捷键6: 53	数据长度是16	数据类型为number
129411, 存储数据, 玩家13,Ta跌,23项快捷键10: 544	数据长度是16	数据类型为number
129411, 存储数据, 玩家13,Ta跌,27项快捷键14: 44	数据长度是16	数据类型为number
129411, 存储数据, 玩家13,Ta跌,31项快捷键18: 568	数据长度是16	数据类型为number
129411, 存储数据, 玩家13,Ta跌,39项打孔明灯: 0	数据长度是8	数据类型为number
129411, 存储数据, 玩家13,Ta跌,47项会员功能4: 1	数据长度是1	数据类型为number
129411, 存储数据, 玩家13,Ta跌,55项新商店商店模式: 1	数据长度是1	数据类型为number
129411, 存储数据, 玩家13,Ta跌,32项是否显示刀光: 1	数据长度是1	数据类型为number
129411, 存储数据, 玩家13,Ta跌,40项小地图头像: 0	数据长度是8	数据类型为number
129411, 存储数据, 玩家13,Ta跌,48项会员功能5: 0	数据长度是1	数据类型为number
129411, 存储数据, 玩家13,Ta跌,56项预扣血模式: 0	数据长度是1	数据类型为number
129411, 存储数据, 玩家13,Ta跌,16项快捷键3: 61	数据长度是16	数据类型为number
129411, 存储数据, 玩家13,Ta跌,20项快捷键7: 541	数据长度是16	数据类型为number
129411, 存储数据, 玩家13,Ta跌,24项快捷键11: 33	数据长度是16	数据类型为number
129411, 存储数据, 玩家13,Ta跌,28项快捷键15: 64	数据长度是16	数据类型为number
129411, 存储数据, 玩家13,Ta跌,33项显示刀光编号: 17	数据长度是8	数据类型为number
129411, 存储数据, 玩家13,Ta跌,41项画笔库6: 0	数据长度是8	数据类型为number
129411, 存储数据, 玩家13,Ta跌,49项会员功能6: 1	数据长度是1	数据类型为number
129411, 存储数据, 玩家13,Ta跌,57项回城特效: 10	数据长度是8	数据类型为number
129411, 存储数据, 玩家13,Ta跌,54项新商店购买方式: 0	数据长度是1	数据类型为number
129411, 存储数据, 玩家13,Ta跌,8项音响大小: 0	数据长度是8	数据类型为number
129411, 存储数据, 玩家13,Ta跌,10项未知: 1	数据长度是1	数据类型为number
129411, 存储数据, 玩家13,Ta跌,12项新F11面板模式: 1	数据长度是1	数据类型为number
129411, 存储数据, 玩家13,Ta跌,14项快捷键1: 41	数据长度是16	数据类型为number
129411, 存储数据, 玩家13,Ta跌,17项快捷键4: 42	数据长度是16	数据类型为number
129411, 存储数据, 玩家13,Ta跌,21项快捷键8: 542	数据长度是16	数据类型为number
129411, 存储数据, 玩家13,Ta跌,25项快捷键12: 34	数据长度是16	数据类型为number
129411, 存储数据, 玩家13,Ta跌,29项快捷键16: 573	数据长度是16	数据类型为number
129411, 存储数据, 玩家13,Ta跌,35项显示翅膀编号: 4	数据长度是8	数据类型为number
129411, 存储数据, 玩家13,Ta跌,43项画笔库8: 0	数据长度是8	数据类型为number
129411, 存储数据, 玩家13,Ta跌,51项会员功能8: 1	数据长度是1	数据类型为number
129411, 存储数据, 玩家13,Ta跌,38项窗口锁定: 0	数据长度是8	数据类型为number
129411, 存储数据, 玩家13,Ta跌,50项会员功能7: 1	数据长度是1	数据类型为number
129411, 存储数据, 玩家13,Ta跌,46项会员功能3: 1	数据长度是1	数据类型为number
129411, 存储数据, 玩家13,Ta跌,45项会员功能2: 1	数据长度是1	数据类型为number
129411, 存储数据, 玩家13,Ta跌,42项画笔库7: 0	数据长度是8	数据类型为number
129411, 存储数据, 玩家13,Ta跌,36项孔明灯: 0	数据长度是8	数据类型为number
129411, 存储数据, 玩家13,Ta跌,44项会员功能1: 1	数据长度是1	数据类型为number
129411, 存储数据, 玩家13,Ta跌,52项新商店左侧扩展面板: 1	数据长度是1	数据类型为number
129411, 存储数据, 玩家13,Ta跌,34项不显示翅膀: 0	数据长度是1	数据类型为number
129411, 存储数据, 玩家13,Ta跌,18项快捷键5: 576	数据长度是16	数据类型为number
129411, 存储数据, 玩家13,Ta跌,22项快捷键9: 543	数据长度是16	数据类型为number
129411, 存储数据, 玩家13,Ta跌,30项快捷键17: 555	数据长度是16	数据类型为number
129411, 存储数据, 玩家14,惹火大少爷,26项快捷键13: 547	数据长度是16	数据类型为number
129411, 存储数据, 玩家14,惹火大少爷,1项画质: 1	数据长度是1	数据类型为number
129411, 存储数据, 玩家14,惹火大少爷,37项免控表现: 0	数据长度是8	数据类型为number
129411, 存储数据, 玩家14,惹火大少爷,2项滚屏速度: 20	数据长度是8	数据类型为number
129411, 存储数据, 玩家14,惹火大少爷,53项新商店上部扩展面板: 1	数据长度是1	数据类型为number
129411, 存储数据, 玩家14,惹火大少爷,3项更新内容面板开关: 0	数据长度是1	数据类型为number
129411, 存储数据, 玩家14,惹火大少爷,4项游戏版本号: 1696	数据长度是16	数据类型为number
129411, 存储数据, 玩家14,惹火大少爷,5项语音: 0	数据长度是1	数据类型为number
129411, 存储数据, 玩家14,惹火大少爷,6项音响: 0	数据长度是1	数据类型为number
129411, 存储数据, 玩家14,惹火大少爷,7项麦克风: 0	数据长度是1	数据类型为number
129411, 存储数据, 玩家14,惹火大少爷,9项麦克风大小: 0	数据长度是8	数据类型为number
129411, 存储数据, 玩家14,惹火大少爷,11项光照: 99	数据长度是8	数据类型为number
129411, 存储数据, 玩家14,惹火大少爷,13项血条区分敌我: 1	数据长度是1	数据类型为number
129411, 存储数据, 玩家14,惹火大少爷,15项快捷键2: 43	数据长度是16	数据类型为number
129411, 存储数据, 玩家14,惹火大少爷,19项快捷键6: 53	数据长度是16	数据类型为number
129411, 存储数据, 玩家14,惹火大少爷,23项快捷键10: 544	数据长度是16	数据类型为number
129411, 存储数据, 玩家14,惹火大少爷,27项快捷键14: 548	数据长度是16	数据类型为number
129411, 存储数据, 玩家14,惹火大少爷,31项快捷键18: 568	数据长度是16	数据类型为number
129411, 存储数据, 玩家14,惹火大少爷,39项打孔明灯: 0	数据长度是8	数据类型为number
129411, 存储数据, 玩家14,惹火大少爷,47项会员功能4: 1	数据长度是1	数据类型为number
129411, 存储数据, 玩家14,惹火大少爷,55项新商店商店模式: 1	数据长度是1	数据类型为number
129411, 存储数据, 玩家14,惹火大少爷,32项是否显示刀光: 1	数据长度是1	数据类型为number
129411, 存储数据, 玩家14,惹火大少爷,40项小地图头像: 0	数据长度是8	数据类型为number
129411, 存储数据, 玩家14,惹火大少爷,48项会员功能5: 1	数据长度是1	数据类型为number
129411, 存储数据, 玩家14,惹火大少爷,56项预扣血模式: 0	数据长度是1	数据类型为number
129411, 存储数据, 玩家14,惹火大少爷,16项快捷键3: 61	数据长度是16	数据类型为number
129411, 存储数据, 玩家14,惹火大少爷,20项快捷键7: 541	数据长度是16	数据类型为number
129411, 存储数据, 玩家14,惹火大少爷,24项快捷键11: 545	数据长度是16	数据类型为number
129411, 存储数据, 玩家14,惹火大少爷,28项快捷键15: 549	数据长度是16	数据类型为number
129411, 存储数据, 玩家14,惹火大少爷,33项显示刀光编号: 3	数据长度是8	数据类型为number
129411, 存储数据, 玩家14,惹火大少爷,41项画笔库6: 0	数据长度是8	数据类型为number
129411, 存储数据, 玩家14,惹火大少爷,49项会员功能6: 1	数据长度是1	数据类型为number
129411, 存储数据, 玩家14,惹火大少爷,57项回城特效: 0	数据长度是8	数据类型为number
129411, 存储数据, 玩家14,惹火大少爷,54项新商店购买方式: 0	数据长度是1	数据类型为number
129411, 存储数据, 玩家14,惹火大少爷,8项音响大小: 0	数据长度是8	数据类型为number
129411, 存储数据, 玩家14,惹火大少爷,10项未知: 1	数据长度是1	数据类型为number
129411, 存储数据, 玩家14,惹火大少爷,12项新F11面板模式: 1	数据长度是1	数据类型为number
129411, 存储数据, 玩家14,惹火大少爷,14项快捷键1: 41	数据长度是16	数据类型为number
129411, 存储数据, 玩家14,惹火大少爷,17项快捷键4: 42	数据长度是16	数据类型为number
129411, 存储数据, 玩家14,惹火大少爷,21项快捷键8: 542	数据长度是16	数据类型为number
129411, 存储数据, 玩家14,惹火大少爷,25项快捷键12: 546	数据长度是16	数据类型为number
129411, 存储数据, 玩家14,惹火大少爷,29项快捷键16: 573	数据长度是16	数据类型为number
129411, 存储数据, 玩家14,惹火大少爷,35项显示翅膀编号: 0	数据长度是8	数据类型为number
129411, 存储数据, 玩家14,惹火大少爷,43项画笔库8: 0	数据长度是8	数据类型为number
129411, 存储数据, 玩家14,惹火大少爷,51项会员功能8: 1	数据长度是1	数据类型为number
129411, 存储数据, 玩家14,惹火大少爷,38项窗口锁定: 0	数据长度是8	数据类型为number
129411, 存储数据, 玩家14,惹火大少爷,50项会员功能7: 1	数据长度是1	数据类型为number
129411, 存储数据, 玩家14,惹火大少爷,46项会员功能3: 1	数据长度是1	数据类型为number
129411, 存储数据, 玩家14,惹火大少爷,45项会员功能2: 1	数据长度是1	数据类型为number
129411, 存储数据, 玩家14,惹火大少爷,42项画笔库7: 0	数据长度是8	数据类型为number
129411, 存储数据, 玩家14,惹火大少爷,36项孔明灯: 0	数据长度是8	数据类型为number
129411, 存储数据, 玩家14,惹火大少爷,44项会员功能1: 1	数据长度是1	数据类型为number
129411, 存储数据, 玩家14,惹火大少爷,52项新商店左侧扩展面板: 1	数据长度是1	数据类型为number
129411, 存储数据, 玩家14,惹火大少爷,34项不显示翅膀: 1	数据长度是1	数据类型为number
129411, 存储数据, 玩家14,惹火大少爷,18项快捷键5: 56	数据长度是16	数据类型为number
129411, 存储数据, 玩家14,惹火大少爷,22项快捷键9: 543	数据长度是16	数据类型为number
129411, 存储数据, 玩家14,惹火大少爷,30项快捷键17: 555	数据长度是16	数据类型为number
129411, 存储数据, 玩家15,混沌值丶,26项快捷键13: 0	数据长度是16	数据类型为number
129411, 存储数据, 玩家15,混沌值丶,1项画质: 1	数据长度是1	数据类型为number
129411, 存储数据, 玩家15,混沌值丶,37项免控表现: 0	数据长度是8	数据类型为number
129411, 存储数据, 玩家15,混沌值丶,2项滚屏速度: 15	数据长度是8	数据类型为number
129411, 存储数据, 玩家15,混沌值丶,53项新商店上部扩展面板: 1	数据长度是1	数据类型为number
129411, 存储数据, 玩家15,混沌值丶,3项更新内容面板开关: 0	数据长度是1	数据类型为number
129411, 存储数据, 玩家15,混沌值丶,4项游戏版本号: 1696	数据长度是16	数据类型为number
129411, 存储数据, 玩家15,混沌值丶,5项语音: 0	数据长度是1	数据类型为number
129411, 存储数据, 玩家15,混沌值丶,6项音响: 0	数据长度是1	数据类型为number
129411, 存储数据, 玩家15,混沌值丶,7项麦克风: 0	数据长度是1	数据类型为number
129411, 存储数据, 玩家15,混沌值丶,9项麦克风大小: 100	数据长度是8	数据类型为number
129411, 存储数据, 玩家15,混沌值丶,11项光照: 75	数据长度是8	数据类型为number
129411, 存储数据, 玩家15,混沌值丶,13项血条区分敌我: 1	数据长度是1	数据类型为number
129411, 存储数据, 玩家15,混沌值丶,15项快捷键2: 43	数据长度是16	数据类型为number
129411, 存储数据, 玩家15,混沌值丶,19项快捷键6: 44	数据长度是16	数据类型为number
129411, 存储数据, 玩家15,混沌值丶,23项快捷键10: 64	数据长度是16	数据类型为number
129411, 存储数据, 玩家15,混沌值丶,27项快捷键14: 556	数据长度是16	数据类型为number
129411, 存储数据, 玩家15,混沌值丶,31项快捷键18: 568	数据长度是16	数据类型为number
129411, 存储数据, 玩家15,混沌值丶,39项打孔明灯: 0	数据长度是8	数据类型为number
129411, 存储数据, 玩家15,混沌值丶,47项会员功能4: 1	数据长度是1	数据类型为number
129411, 存储数据, 玩家15,混沌值丶,55项新商店商店模式: 1	数据长度是1	数据类型为number
129411, 存储数据, 玩家15,混沌值丶,32项是否显示刀光: 1	数据长度是1	数据类型为number
129411, 存储数据, 玩家15,混沌值丶,40项小地图头像: 0	数据长度是8	数据类型为number
129411, 存储数据, 玩家15,混沌值丶,48项会员功能5: 1	数据长度是1	数据类型为number
129411, 存储数据, 玩家15,混沌值丶,56项预扣血模式: 0	数据长度是1	数据类型为number
129411, 存储数据, 玩家15,混沌值丶,16项快捷键3: 61	数据长度是16	数据类型为number
129411, 存储数据, 玩家15,混沌值丶,20项快捷键7: 541	数据长度是16	数据类型为number
129411, 存储数据, 玩家15,混沌值丶,24项快捷键11: 62	数据长度是16	数据类型为number
129411, 存储数据, 玩家15,混沌值丶,28项快捷键15: 0	数据长度是16	数据类型为number
129411, 存储数据, 玩家15,混沌值丶,33项显示刀光编号: 8	数据长度是8	数据类型为number
129411, 存储数据, 玩家15,混沌值丶,41项画笔库6: 0	数据长度是8	数据类型为number
129411, 存储数据, 玩家15,混沌值丶,49项会员功能6: 1	数据长度是1	数据类型为number
129411, 存储数据, 玩家15,混沌值丶,57项回城特效: 0	数据长度是8	数据类型为number
129411, 存储数据, 玩家15,混沌值丶,54项新商店购买方式: 0	数据长度是1	数据类型为number
129411, 存储数据, 玩家15,混沌值丶,8项音响大小: 100	数据长度是8	数据类型为number
129411, 存储数据, 玩家15,混沌值丶,10项未知: 1	数据长度是1	数据类型为number
129411, 存储数据, 玩家15,混沌值丶,12项新F11面板模式: 1	数据长度是1	数据类型为number
129411, 存储数据, 玩家15,混沌值丶,14项快捷键1: 41	数据长度是16	数据类型为number
129411, 存储数据, 玩家15,混沌值丶,17项快捷键4: 42	数据长度是16	数据类型为number
129411, 存储数据, 玩家15,混沌值丶,21项快捷键8: 542	数据长度是16	数据类型为number
129411, 存储数据, 玩家15,混沌值丶,25项快捷键12: 55	数据长度是16	数据类型为number
129411, 存储数据, 玩家15,混沌值丶,29项快捷键16: 573	数据长度是16	数据类型为number
129411, 存储数据, 玩家15,混沌值丶,35项显示翅膀编号: 5	数据长度是8	数据类型为number
129411, 存储数据, 玩家15,混沌值丶,43项画笔库8: 0	数据长度是8	数据类型为number
129411, 存储数据, 玩家15,混沌值丶,51项会员功能8: 1	数据长度是1	数据类型为number
129411, 存储数据, 玩家15,混沌值丶,38项窗口锁定: 0	数据长度是8	数据类型为number
129411, 存储数据, 玩家15,混沌值丶,50项会员功能7: 1	数据长度是1	数据类型为number
129411, 存储数据, 玩家15,混沌值丶,46项会员功能3: 1	数据长度是1	数据类型为number
129411, 存储数据, 玩家15,混沌值丶,45项会员功能2: 1	数据长度是1	数据类型为number
129411, 存储数据, 玩家15,混沌值丶,42项画笔库7: 0	数据长度是8	数据类型为number
129411, 存储数据, 玩家15,混沌值丶,36项孔明灯: 0	数据长度是8	数据类型为number
129411, 存储数据, 玩家15,混沌值丶,44项会员功能1: 1	数据长度是1	数据类型为number
129411, 存储数据, 玩家15,混沌值丶,52项新商店左侧扩展面板: 1	数据长度是1	数据类型为number
129411, 存储数据, 玩家15,混沌值丶,34项不显示翅膀: 0	数据长度是1	数据类型为number
129411, 存储数据, 玩家15,混沌值丶,18项快捷键5: 56	数据长度是16	数据类型为number
129411, 存储数据, 玩家15,混沌值丶,22项快捷键9: 543	数据长度是16	数据类型为number
129411, 存储数据, 玩家15,混沌值丶,30项快捷键17: 555	数据长度是16	数据类型为number
129411, 存储数据, 玩家16,q俺是新手你咋滴,26项快捷键13: 547	数据长度是16	数据类型为number
129411, 存储数据, 玩家16,q俺是新手你咋滴,1项画质: 1	数据长度是1	数据类型为number
129411, 存储数据, 玩家16,q俺是新手你咋滴,37项免控表现: 0	数据长度是8	数据类型为number
129411, 存储数据, 玩家16,q俺是新手你咋滴,2项滚屏速度: 8	数据长度是8	数据类型为number
129411, 存储数据, 玩家16,q俺是新手你咋滴,53项新商店上部扩展面板: 1	数据长度是1	数据类型为number
129411, 存储数据, 玩家16,q俺是新手你咋滴,3项更新内容面板开关: 0	数据长度是1	数据类型为number
129411, 存储数据, 玩家16,q俺是新手你咋滴,4项游戏版本号: 1696	数据长度是16	数据类型为number
129411, 存储数据, 玩家16,q俺是新手你咋滴,5项语音: 0	数据长度是1	数据类型为number
129411, 存储数据, 玩家16,q俺是新手你咋滴,6项音响: 0	数据长度是1	数据类型为number
129411, 存储数据, 玩家16,q俺是新手你咋滴,7项麦克风: 0	数据长度是1	数据类型为number
129411, 存储数据, 玩家16,q俺是新手你咋滴,9项麦克风大小: 0	数据长度是8	数据类型为number
129411, 存储数据, 玩家16,q俺是新手你咋滴,11项光照: 100	数据长度是8	数据类型为number
129411, 存储数据, 玩家16,q俺是新手你咋滴,13项血条区分敌我: 1	数据长度是1	数据类型为number
129411, 存储数据, 玩家16,q俺是新手你咋滴,15项快捷键2: 43	数据长度是16	数据类型为number
129411, 存储数据, 玩家16,q俺是新手你咋滴,19项快捷键6: 53	数据长度是16	数据类型为number
129411, 存储数据, 玩家16,q俺是新手你咋滴,23项快捷键10: 45	数据长度是16	数据类型为number
129411, 存储数据, 玩家16,q俺是新手你咋滴,27项快捷键14: 548	数据长度是16	数据类型为number
129411, 存储数据, 玩家16,q俺是新手你咋滴,31项快捷键18: 568	数据长度是16	数据类型为number
129411, 存储数据, 玩家16,q俺是新手你咋滴,39项打孔明灯: 0	数据长度是8	数据类型为number
129411, 存储数据, 玩家16,q俺是新手你咋滴,47项会员功能4: 1	数据长度是1	数据类型为number
129411, 存储数据, 玩家16,q俺是新手你咋滴,55项新商店商店模式: 0	数据长度是1	数据类型为number
129411, 存储数据, 玩家16,q俺是新手你咋滴,32项是否显示刀光: 1	数据长度是1	数据类型为number
129411, 存储数据, 玩家16,q俺是新手你咋滴,40项小地图头像: 1	数据长度是8	数据类型为number
129411, 存储数据, 玩家16,q俺是新手你咋滴,48项会员功能5: 1	数据长度是1	数据类型为number
129411, 存储数据, 玩家16,q俺是新手你咋滴,56项预扣血模式: 0	数据长度是1	数据类型为number
129411, 存储数据, 玩家16,q俺是新手你咋滴,16项快捷键3: 61	数据长度是16	数据类型为number
129411, 存储数据, 玩家16,q俺是新手你咋滴,20项快捷键7: 56	数据长度是16	数据类型为number
129411, 存储数据, 玩家16,q俺是新手你咋滴,24项快捷键11: 55	数据长度是16	数据类型为number
129411, 存储数据, 玩家16,q俺是新手你咋滴,28项快捷键15: 549	数据长度是16	数据类型为number
129411, 存储数据, 玩家16,q俺是新手你咋滴,33项显示刀光编号: 12	数据长度是8	数据类型为number
129411, 存储数据, 玩家16,q俺是新手你咋滴,41项画笔库6: 0	数据长度是8	数据类型为number
129411, 存储数据, 玩家16,q俺是新手你咋滴,49项会员功能6: 0	数据长度是1	数据类型为number
129411, 存储数据, 玩家16,q俺是新手你咋滴,57项回城特效: 14	数据长度是8	数据类型为number
129411, 存储数据, 玩家16,q俺是新手你咋滴,54项新商店购买方式: 0	数据长度是1	数据类型为number
129411, 存储数据, 玩家16,q俺是新手你咋滴,8项音响大小: 0	数据长度是8	数据类型为number
129411, 存储数据, 玩家16,q俺是新手你咋滴,10项未知: 1	数据长度是1	数据类型为number
129411, 存储数据, 玩家16,q俺是新手你咋滴,12项新F11面板模式: 0	数据长度是1	数据类型为number
129411, 存储数据, 玩家16,q俺是新手你咋滴,14项快捷键1: 41	数据长度是16	数据类型为number
129411, 存储数据, 玩家16,q俺是新手你咋滴,17项快捷键4: 42	数据长度是16	数据类型为number
129411, 存储数据, 玩家16,q俺是新手你咋滴,21项快捷键8: 44	数据长度是16	数据类型为number
129411, 存储数据, 玩家16,q俺是新手你咋滴,25项快捷键12: 0	数据长度是16	数据类型为number
129411, 存储数据, 玩家16,q俺是新手你咋滴,29项快捷键16: 0	数据长度是16	数据类型为number
129411, 存储数据, 玩家16,q俺是新手你咋滴,35项显示翅膀编号: 0	数据长度是8	数据类型为number
129411, 存储数据, 玩家16,q俺是新手你咋滴,43项画笔库8: 0	数据长度是8	数据类型为number
129411, 存储数据, 玩家16,q俺是新手你咋滴,51项会员功能8: 1	数据长度是1	数据类型为number
129411, 存储数据, 玩家16,q俺是新手你咋滴,38项窗口锁定: 0	数据长度是8	数据类型为number
129411, 存储数据, 玩家16,q俺是新手你咋滴,50项会员功能7: 1	数据长度是1	数据类型为number
129411, 存储数据, 玩家16,q俺是新手你咋滴,46项会员功能3: 1	数据长度是1	数据类型为number
129411, 存储数据, 玩家16,q俺是新手你咋滴,45项会员功能2: 1	数据长度是1	数据类型为number
129411, 存储数据, 玩家16,q俺是新手你咋滴,42项画笔库7: 0	数据长度是8	数据类型为number
129411, 存储数据, 玩家16,q俺是新手你咋滴,36项孔明灯: 0	数据长度是8	数据类型为number
129411, 存储数据, 玩家16,q俺是新手你咋滴,44项会员功能1: 1	数据长度是1	数据类型为number
129411, 存储数据, 玩家16,q俺是新手你咋滴,52项新商店左侧扩展面板: 1	数据长度是1	数据类型为number
129411, 存储数据, 玩家16,q俺是新手你咋滴,34项不显示翅膀: 1	数据长度是1	数据类型为number
129411, 存储数据, 玩家16,q俺是新手你咋滴,18项快捷键5: 0	数据长度是16	数据类型为number
129411, 存储数据, 玩家16,q俺是新手你咋滴,22项快捷键9: 62	数据长度是16	数据类型为number
129411, 存储数据, 玩家16,q俺是新手你咋滴,30项快捷键17: 555	数据长度是16	数据类型为number
129411, 存储数据, 玩家17,右耳钉丶残恋,26项快捷键13: 55	数据长度是16	数据类型为number
129411, 存储数据, 玩家17,右耳钉丶残恋,1项画质: 1	数据长度是1	数据类型为number
129411, 存储数据, 玩家17,右耳钉丶残恋,37项免控表现: 0	数据长度是8	数据类型为number
129411, 存储数据, 玩家17,右耳钉丶残恋,2项滚屏速度: 12	数据长度是8	数据类型为number
129411, 存储数据, 玩家17,右耳钉丶残恋,53项新商店上部扩展面板: 1	数据长度是1	数据类型为number
129411, 存储数据, 玩家17,右耳钉丶残恋,3项更新内容面板开关: 0	数据长度是1	数据类型为number
129411, 存储数据, 玩家17,右耳钉丶残恋,4项游戏版本号: 1696	数据长度是16	数据类型为number
129411, 存储数据, 玩家17,右耳钉丶残恋,5项语音: 0	数据长度是1	数据类型为number
129411, 存储数据, 玩家17,右耳钉丶残恋,6项音响: 0	数据长度是1	数据类型为number
129411, 存储数据, 玩家17,右耳钉丶残恋,7项麦克风: 0	数据长度是1	数据类型为number
129411, 存储数据, 玩家17,右耳钉丶残恋,9项麦克风大小: 0	数据长度是8	数据类型为number
129411, 存储数据, 玩家17,右耳钉丶残恋,11项光照: 100	数据长度是8	数据类型为number
129411, 存储数据, 玩家17,右耳钉丶残恋,13项血条区分敌我: 1	数据长度是1	数据类型为number
129411, 存储数据, 玩家17,右耳钉丶残恋,15项快捷键2: 43	数据长度是16	数据类型为number
129411, 存储数据, 玩家17,右耳钉丶残恋,19项快捷键6: 53	数据长度是16	数据类型为number
129411, 存储数据, 玩家17,右耳钉丶残恋,23项快捷键10: 544	数据长度是16	数据类型为number
129411, 存储数据, 玩家17,右耳钉丶残恋,27项快捷键14: 62	数据长度是16	数据类型为number
129411, 存储数据, 玩家17,右耳钉丶残恋,31项快捷键18: 568	数据长度是16	数据类型为number
129411, 存储数据, 玩家17,右耳钉丶残恋,39项打孔明灯: 0	数据长度是8	数据类型为number
129411, 存储数据, 玩家17,右耳钉丶残恋,47项会员功能4: 1	数据长度是1	数据类型为number
129411, 存储数据, 玩家17,右耳钉丶残恋,55项新商店商店模式: 1	数据长度是1	数据类型为number
129411, 存储数据, 玩家17,右耳钉丶残恋,32项是否显示刀光: 1	数据长度是1	数据类型为number
129411, 存储数据, 玩家17,右耳钉丶残恋,40项小地图头像: 0	数据长度是8	数据类型为number
129411, 存储数据, 玩家17,右耳钉丶残恋,48项会员功能5: 1	数据长度是1	数据类型为number
129411, 存储数据, 玩家17,右耳钉丶残恋,56项预扣血模式: 1	数据长度是1	数据类型为number
129411, 存储数据, 玩家17,右耳钉丶残恋,16项快捷键3: 61	数据长度是16	数据类型为number
129411, 存储数据, 玩家17,右耳钉丶残恋,20项快捷键7: 541	数据长度是16	数据类型为number
129411, 存储数据, 玩家17,右耳钉丶残恋,24项快捷键11: 545	数据长度是16	数据类型为number
129411, 存储数据, 玩家17,右耳钉丶残恋,28项快捷键15: 64	数据长度是16	数据类型为number
129411, 存储数据, 玩家17,右耳钉丶残恋,33项显示刀光编号: 8	数据长度是8	数据类型为number
129411, 存储数据, 玩家17,右耳钉丶残恋,41项画笔库6: 0	数据长度是8	数据类型为number
129411, 存储数据, 玩家17,右耳钉丶残恋,49项会员功能6: 1	数据长度是1	数据类型为number
129411, 存储数据, 玩家17,右耳钉丶残恋,57项回城特效: 0	数据长度是8	数据类型为number
129411, 存储数据, 玩家17,右耳钉丶残恋,54项新商店购买方式: 0	数据长度是1	数据类型为number
129411, 存储数据, 玩家17,右耳钉丶残恋,8项音响大小: 0	数据长度是8	数据类型为number
129411, 存储数据, 玩家17,右耳钉丶残恋,10项未知: 1	数据长度是1	数据类型为number
129411, 存储数据, 玩家17,右耳钉丶残恋,12项新F11面板模式: 0	数据长度是1	数据类型为number
129411, 存储数据, 玩家17,右耳钉丶残恋,14项快捷键1: 41	数据长度是16	数据类型为number
129411, 存储数据, 玩家17,右耳钉丶残恋,17项快捷键4: 42	数据长度是16	数据类型为number
129411, 存储数据, 玩家17,右耳钉丶残恋,21项快捷键8: 542	数据长度是16	数据类型为number
129411, 存储数据, 玩家17,右耳钉丶残恋,25项快捷键12: 44	数据长度是16	数据类型为number
129411, 存储数据, 玩家17,右耳钉丶残恋,29项快捷键16: 573	数据长度是16	数据类型为number
129411, 存储数据, 玩家17,右耳钉丶残恋,35项显示翅膀编号: 0	数据长度是8	数据类型为number
129411, 存储数据, 玩家17,右耳钉丶残恋,43项画笔库8: 0	数据长度是8	数据类型为number
129411, 存储数据, 玩家17,右耳钉丶残恋,51项会员功能8: 1	数据长度是1	数据类型为number
129411, 存储数据, 玩家17,右耳钉丶残恋,38项窗口锁定: 0	数据长度是8	数据类型为number
129411, 存储数据, 玩家17,右耳钉丶残恋,50项会员功能7: 1	数据长度是1	数据类型为number
129411, 存储数据, 玩家17,右耳钉丶残恋,46项会员功能3: 0	数据长度是1	数据类型为number
129411, 存储数据, 玩家17,右耳钉丶残恋,45项会员功能2: 1	数据长度是1	数据类型为number
129411, 存储数据, 玩家17,右耳钉丶残恋,42项画笔库7: 0	数据长度是8	数据类型为number
129411, 存储数据, 玩家17,右耳钉丶残恋,36项孔明灯: 0	数据长度是8	数据类型为number
129411, 存储数据, 玩家17,右耳钉丶残恋,44项会员功能1: 1	数据长度是1	数据类型为number
129411, 存储数据, 玩家17,右耳钉丶残恋,52项新商店左侧扩展面板: 1	数据长度是1	数据类型为number
129411, 存储数据, 玩家17,右耳钉丶残恋,34项不显示翅膀: 1	数据长度是1	数据类型为number
129411, 存储数据, 玩家17,右耳钉丶残恋,18项快捷键5: 56	数据长度是16	数据类型为number
129411, 存储数据, 玩家17,右耳钉丶残恋,22项快捷键9: 543	数据长度是16	数据类型为number
129411, 存储数据, 玩家17,右耳钉丶残恋,30项快捷键17: 555	数据长度是16	数据类型为number
129411, 存储数据, 玩家18,丶乖乖小桐,26项快捷键13: 547	数据长度是16	数据类型为number
129411, 存储数据, 玩家18,丶乖乖小桐,1项画质: 1	数据长度是1	数据类型为number
129411, 存储数据, 玩家18,丶乖乖小桐,37项免控表现: 0	数据长度是8	数据类型为number
129411, 存储数据, 玩家18,丶乖乖小桐,2项滚屏速度: 26	数据长度是8	数据类型为number
129411, 存储数据, 玩家18,丶乖乖小桐,53项新商店上部扩展面板: 1	数据长度是1	数据类型为number
129411, 存储数据, 玩家18,丶乖乖小桐,3项更新内容面板开关: 0	数据长度是1	数据类型为number
129411, 存储数据, 玩家18,丶乖乖小桐,4项游戏版本号: 1696	数据长度是16	数据类型为number
129411, 存储数据, 玩家18,丶乖乖小桐,5项语音: 0	数据长度是1	数据类型为number
129411, 存储数据, 玩家18,丶乖乖小桐,6项音响: 0	数据长度是1	数据类型为number
129411, 存储数据, 玩家18,丶乖乖小桐,7项麦克风: 0	数据长度是1	数据类型为number
129411, 存储数据, 玩家18,丶乖乖小桐,9项麦克风大小: 0	数据长度是8	数据类型为number
129411, 存储数据, 玩家18,丶乖乖小桐,11项光照: 100	数据长度是8	数据类型为number
129411, 存储数据, 玩家18,丶乖乖小桐,13项血条区分敌我: 1	数据长度是1	数据类型为number
129411, 存储数据, 玩家18,丶乖乖小桐,15项快捷键2: 43	数据长度是16	数据类型为number
129411, 存储数据, 玩家18,丶乖乖小桐,19项快捷键6: 53	数据长度是16	数据类型为number
129411, 存储数据, 玩家18,丶乖乖小桐,23项快捷键10: 567	数据长度是16	数据类型为number
129411, 存储数据, 玩家18,丶乖乖小桐,27项快捷键14: 548	数据长度是16	数据类型为number
129411, 存储数据, 玩家18,丶乖乖小桐,31项快捷键18: 568	数据长度是16	数据类型为number
129411, 存储数据, 玩家18,丶乖乖小桐,39项打孔明灯: 0	数据长度是8	数据类型为number
129411, 存储数据, 玩家18,丶乖乖小桐,47项会员功能4: 1	数据长度是1	数据类型为number
129411, 存储数据, 玩家18,丶乖乖小桐,55项新商店商店模式: 1	数据长度是1	数据类型为number
129411, 存储数据, 玩家18,丶乖乖小桐,32项是否显示刀光: 1	数据长度是1	数据类型为number
129411, 存储数据, 玩家18,丶乖乖小桐,40项小地图头像: 3	数据长度是8	数据类型为number
129411, 存储数据, 玩家18,丶乖乖小桐,48项会员功能5: 1	数据长度是1	数据类型为number
129411, 存储数据, 玩家18,丶乖乖小桐,56项预扣血模式: 0	数据长度是1	数据类型为number
129411, 存储数据, 玩家18,丶乖乖小桐,16项快捷键3: 61	数据长度是16	数据类型为number
129411, 存储数据, 玩家18,丶乖乖小桐,20项快捷键7: 541	数据长度是16	数据类型为number
129411, 存储数据, 玩家18,丶乖乖小桐,24项快捷键11: 545	数据长度是16	数据类型为number
129411, 存储数据, 玩家18,丶乖乖小桐,28项快捷键15: 549	数据长度是16	数据类型为number
129411, 存储数据, 玩家18,丶乖乖小桐,33项显示刀光编号: 17	数据长度是8	数据类型为number
129411, 存储数据, 玩家18,丶乖乖小桐,41项画笔库6: 0	数据长度是8	数据类型为number
129411, 存储数据, 玩家18,丶乖乖小桐,49项会员功能6: 1	数据长度是1	数据类型为number
129411, 存储数据, 玩家18,丶乖乖小桐,57项回城特效: 14	数据长度是8	数据类型为number
129411, 存储数据, 玩家18,丶乖乖小桐,54项新商店购买方式: 0	数据长度是1	数据类型为number
129411, 存储数据, 玩家18,丶乖乖小桐,8项音响大小: 0	数据长度是8	数据类型为number
129411, 存储数据, 玩家18,丶乖乖小桐,10项未知: 1	数据长度是1	数据类型为number
129411, 存储数据, 玩家18,丶乖乖小桐,12项新F11面板模式: 0	数据长度是1	数据类型为number
129411, 存储数据, 玩家18,丶乖乖小桐,14项快捷键1: 41	数据长度是16	数据类型为number
129411, 存储数据, 玩家18,丶乖乖小桐,17项快捷键4: 42	数据长度是16	数据类型为number
129411, 存储数据, 玩家18,丶乖乖小桐,21项快捷键8: 542	数据长度是16	数据类型为number
129411, 存储数据, 玩家18,丶乖乖小桐,25项快捷键12: 546	数据长度是16	数据类型为number
129411, 存储数据, 玩家18,丶乖乖小桐,29项快捷键16: 56	数据长度是16	数据类型为number
129411, 存储数据, 玩家18,丶乖乖小桐,35项显示翅膀编号: 4	数据长度是8	数据类型为number
129411, 存储数据, 玩家18,丶乖乖小桐,43项画笔库8: 0	数据长度是8	数据类型为number
129411, 存储数据, 玩家18,丶乖乖小桐,51项会员功能8: 1	数据长度是1	数据类型为number
129411, 存储数据, 玩家18,丶乖乖小桐,38项窗口锁定: 0	数据长度是8	数据类型为number
129411, 存储数据, 玩家18,丶乖乖小桐,50项会员功能7: 1	数据长度是1	数据类型为number
129411, 存储数据, 玩家18,丶乖乖小桐,46项会员功能3: 1	数据长度是1	数据类型为number
129411, 存储数据, 玩家18,丶乖乖小桐,45项会员功能2: 1	数据长度是1	数据类型为number
129411, 存储数据, 玩家18,丶乖乖小桐,42项画笔库7: 0	数据长度是8	数据类型为number
129411, 存储数据, 玩家18,丶乖乖小桐,36项孔明灯: 4	数据长度是8	数据类型为number
129411, 存储数据, 玩家18,丶乖乖小桐,44项会员功能1: 1	数据长度是1	数据类型为number
129411, 存储数据, 玩家18,丶乖乖小桐,52项新商店左侧扩展面板: 1	数据长度是1	数据类型为number
129411, 存储数据, 玩家18,丶乖乖小桐,34项不显示翅膀: 0	数据长度是1	数据类型为number
129411, 存储数据, 玩家18,丶乖乖小桐,18项快捷键5: 0	数据长度是16	数据类型为number
129411, 存储数据, 玩家18,丶乖乖小桐,22项快捷键9: 543	数据长度是16	数据类型为number
129411, 存储数据, 玩家18,丶乖乖小桐,30项快捷键17: 573	数据长度是16	数据类型为number
129411, 存储数据, 玩家19,世界如此灬残酷,26项快捷键13: 547	数据长度是16	数据类型为number
129411, 存储数据, 玩家19,世界如此灬残酷,1项画质: 1	数据长度是1	数据类型为number
129411, 存储数据, 玩家19,世界如此灬残酷,37项免控表现: 0	数据长度是8	数据类型为number
129411, 存储数据, 玩家19,世界如此灬残酷,2项滚屏速度: 18	数据长度是8	数据类型为number
129411, 存储数据, 玩家19,世界如此灬残酷,53项新商店上部扩展面板: 1	数据长度是1	数据类型为number
129411, 存储数据, 玩家19,世界如此灬残酷,3项更新内容面板开关: 0	数据长度是1	数据类型为number
129411, 存储数据, 玩家19,世界如此灬残酷,4项游戏版本号: 1696	数据长度是16	数据类型为number
129411, 存储数据, 玩家19,世界如此灬残酷,5项语音: 0	数据长度是1	数据类型为number
129411, 存储数据, 玩家19,世界如此灬残酷,6项音响: 0	数据长度是1	数据类型为number
129411, 存储数据, 玩家19,世界如此灬残酷,7项麦克风: 0	数据长度是1	数据类型为number
129411, 存储数据, 玩家19,世界如此灬残酷,9项麦克风大小: 0	数据长度是8	数据类型为number
129411, 存储数据, 玩家19,世界如此灬残酷,11项光照: 51	数据长度是8	数据类型为number
129411, 存储数据, 玩家19,世界如此灬残酷,13项血条区分敌我: 1	数据长度是1	数据类型为number
129411, 存储数据, 玩家19,世界如此灬残酷,15项快捷键2: 43	数据长度是16	数据类型为number
129411, 存储数据, 玩家19,世界如此灬残酷,19项快捷键6: 53	数据长度是16	数据类型为number
129411, 存储数据, 玩家19,世界如此灬残酷,23项快捷键10: 544	数据长度是16	数据类型为number
129411, 存储数据, 玩家19,世界如此灬残酷,27项快捷键14: 62	数据长度是16	数据类型为number
129411, 存储数据, 玩家19,世界如此灬残酷,31项快捷键18: 568	数据长度是16	数据类型为number
129411, 存储数据, 玩家19,世界如此灬残酷,39项打孔明灯: 0	数据长度是8	数据类型为number
129411, 存储数据, 玩家19,世界如此灬残酷,47项会员功能4: 1	数据长度是1	数据类型为number
129411, 存储数据, 玩家19,世界如此灬残酷,55项新商店商店模式: 1	数据长度是1	数据类型为number
129411, 存储数据, 玩家19,世界如此灬残酷,32项是否显示刀光: 1	数据长度是1	数据类型为number
129411, 存储数据, 玩家19,世界如此灬残酷,40项小地图头像: 0	数据长度是8	数据类型为number
129411, 存储数据, 玩家19,世界如此灬残酷,48项会员功能5: 1	数据长度是1	数据类型为number
129411, 存储数据, 玩家19,世界如此灬残酷,56项预扣血模式: 0	数据长度是1	数据类型为number
129411, 存储数据, 玩家19,世界如此灬残酷,16项快捷键3: 61	数据长度是16	数据类型为number
129411, 存储数据, 玩家19,世界如此灬残酷,20项快捷键7: 541	数据长度是16	数据类型为number
129411, 存储数据, 玩家19,世界如此灬残酷,24项快捷键11: 545	数据长度是16	数据类型为number
129411, 存储数据, 玩家19,世界如此灬残酷,28项快捷键15: 64	数据长度是16	数据类型为number
129411, 存储数据, 玩家19,世界如此灬残酷,33项显示刀光编号: 16	数据长度是8	数据类型为number
129411, 存储数据, 玩家19,世界如此灬残酷,41项画笔库6: 0	数据长度是8	数据类型为number
129411, 存储数据, 玩家19,世界如此灬残酷,49项会员功能6: 1	数据长度是1	数据类型为number
129411, 存储数据, 玩家19,世界如此灬残酷,57项回城特效: 5	数据长度是8	数据类型为number
129411, 存储数据, 玩家19,世界如此灬残酷,54项新商店购买方式: 0	数据长度是1	数据类型为number
129411, 存储数据, 玩家19,世界如此灬残酷,8项音响大小: 0	数据长度是8	数据类型为number
129411, 存储数据, 玩家19,世界如此灬残酷,10项未知: 1	数据长度是1	数据类型为number
129411, 存储数据, 玩家19,世界如此灬残酷,12项新F11面板模式: 1	数据长度是1	数据类型为number
129411, 存储数据, 玩家19,世界如此灬残酷,14项快捷键1: 41	数据长度是16	数据类型为number
129411, 存储数据, 玩家19,世界如此灬残酷,17项快捷键4: 42	数据长度是16	数据类型为number
129411, 存储数据, 玩家19,世界如此灬残酷,21项快捷键8: 542	数据长度是16	数据类型为number
129411, 存储数据, 玩家19,世界如此灬残酷,25项快捷键12: 546	数据长度是16	数据类型为number
129411, 存储数据, 玩家19,世界如此灬残酷,29项快捷键16: 573	数据长度是16	数据类型为number
129411, 存储数据, 玩家19,世界如此灬残酷,35项显示翅膀编号: 5	数据长度是8	数据类型为number
129411, 存储数据, 玩家19,世界如此灬残酷,43项画笔库8: 0	数据长度是8	数据类型为number
129411, 存储数据, 玩家19,世界如此灬残酷,51项会员功能8: 1	数据长度是1	数据类型为number
129411, 存储数据, 玩家19,世界如此灬残酷,38项窗口锁定: 0	数据长度是8	数据类型为number
129411, 存储数据, 玩家19,世界如此灬残酷,50项会员功能7: 1	数据长度是1	数据类型为number
129411, 存储数据, 玩家19,世界如此灬残酷,46项会员功能3: 0	数据长度是1	数据类型为number
129411, 存储数据, 玩家19,世界如此灬残酷,45项会员功能2: 1	数据长度是1	数据类型为number
129411, 存储数据, 玩家19,世界如此灬残酷,42项画笔库7: 0	数据长度是8	数据类型为number
129411, 存储数据, 玩家19,世界如此灬残酷,36项孔明灯: 4	数据长度是8	数据类型为number
129411, 存储数据, 玩家19,世界如此灬残酷,44项会员功能1: 1	数据长度是1	数据类型为number
129411, 存储数据, 玩家19,世界如此灬残酷,52项新商店左侧扩展面板: 1	数据长度是1	数据类型为number
129411, 存储数据, 玩家19,世界如此灬残酷,34项不显示翅膀: 0	数据长度是1	数据类型为number
129411, 存储数据, 玩家19,世界如此灬残酷,18项快捷键5: 56	数据长度是16	数据类型为number
129411, 存储数据, 玩家19,世界如此灬残酷,22项快捷键9: 543	数据长度是16	数据类型为number
129411, 存储数据, 玩家19,世界如此灬残酷,30项快捷键17: 555	数据长度是16	数据类型为number
129411, 存储数据, 玩家20,转角遇到你小妹,26项快捷键13: 547	数据长度是16	数据类型为number
129411, 存储数据, 玩家20,转角遇到你小妹,1项画质: 1	数据长度是1	数据类型为number
129411, 存储数据, 玩家20,转角遇到你小妹,37项免控表现: 0	数据长度是8	数据类型为number
129411, 存储数据, 玩家20,转角遇到你小妹,2项滚屏速度: 20	数据长度是8	数据类型为number
129411, 存储数据, 玩家20,转角遇到你小妹,53项新商店上部扩展面板: 1	数据长度是1	数据类型为number
129411, 存储数据, 玩家20,转角遇到你小妹,3项更新内容面板开关: 0	数据长度是1	数据类型为number
129411, 存储数据, 玩家20,转角遇到你小妹,4项游戏版本号: 1696	数据长度是16	数据类型为number
129411, 存储数据, 玩家20,转角遇到你小妹,5项语音: 0	数据长度是1	数据类型为number
129411, 存储数据, 玩家20,转角遇到你小妹,6项音响: 0	数据长度是1	数据类型为number
129411, 存储数据, 玩家20,转角遇到你小妹,7项麦克风: 0	数据长度是1	数据类型为number
129411, 存储数据, 玩家20,转角遇到你小妹,9项麦克风大小: 0	数据长度是8	数据类型为number
129411, 存储数据, 玩家20,转角遇到你小妹,11项光照: 100	数据长度是8	数据类型为number
129411, 存储数据, 玩家20,转角遇到你小妹,13项血条区分敌我: 1	数据长度是1	数据类型为number
129411, 存储数据, 玩家20,转角遇到你小妹,15项快捷键2: 43	数据长度是16	数据类型为number
129411, 存储数据, 玩家20,转角遇到你小妹,19项快捷键6: 53	数据长度是16	数据类型为number
129411, 存储数据, 玩家20,转角遇到你小妹,23项快捷键10: 64	数据长度是16	数据类型为number
129411, 存储数据, 玩家20,转角遇到你小妹,27项快捷键14: 548	数据长度是16	数据类型为number
129411, 存储数据, 玩家20,转角遇到你小妹,31项快捷键18: 568	数据长度是16	数据类型为number
129411, 存储数据, 玩家20,转角遇到你小妹,39项打孔明灯: 0	数据长度是8	数据类型为number
129411, 存储数据, 玩家20,转角遇到你小妹,47项会员功能4: 1	数据长度是1	数据类型为number
129411, 存储数据, 玩家20,转角遇到你小妹,55项新商店商店模式: 1	数据长度是1	数据类型为number
129411, 存储数据, 玩家20,转角遇到你小妹,32项是否显示刀光: 1	数据长度是1	数据类型为number
129411, 存储数据, 玩家20,转角遇到你小妹,40项小地图头像: 0	数据长度是8	数据类型为number
129411, 存储数据, 玩家20,转角遇到你小妹,48项会员功能5: 1	数据长度是1	数据类型为number
129411, 存储数据, 玩家20,转角遇到你小妹,56项预扣血模式: 0	数据长度是1	数据类型为number
129411, 存储数据, 玩家20,转角遇到你小妹,16项快捷键3: 0	数据长度是16	数据类型为number
129411, 存储数据, 玩家20,转角遇到你小妹,20项快捷键7: 44	数据长度是16	数据类型为number
129411, 存储数据, 玩家20,转角遇到你小妹,24项快捷键11: 545	数据长度是16	数据类型为number
129411, 存储数据, 玩家20,转角遇到你小妹,28项快捷键15: 549	数据长度是16	数据类型为number
129411, 存储数据, 玩家20,转角遇到你小妹,33项显示刀光编号: 8	数据长度是8	数据类型为number
129411, 存储数据, 玩家20,转角遇到你小妹,41项画笔库6: 0	数据长度是8	数据类型为number
129411, 存储数据, 玩家20,转角遇到你小妹,49项会员功能6: 1	数据长度是1	数据类型为number
129411, 存储数据, 玩家20,转角遇到你小妹,57项回城特效: 0	数据长度是8	数据类型为number
129411, 存储数据, 玩家20,转角遇到你小妹,54项新商店购买方式: 0	数据长度是1	数据类型为number
129411, 存储数据, 玩家20,转角遇到你小妹,8项音响大小: 0	数据长度是8	数据类型为number
129411, 存储数据, 玩家20,转角遇到你小妹,10项未知: 1	数据长度是1	数据类型为number
129411, 存储数据, 玩家20,转角遇到你小妹,12项新F11面板模式: 1	数据长度是1	数据类型为number
129411, 存储数据, 玩家20,转角遇到你小妹,14项快捷键1: 41	数据长度是16	数据类型为number
129411, 存储数据, 玩家20,转角遇到你小妹,17项快捷键4: 42	数据长度是16	数据类型为number
129411, 存储数据, 玩家20,转角遇到你小妹,21项快捷键8: 45	数据长度是16	数据类型为number
129411, 存储数据, 玩家20,转角遇到你小妹,25项快捷键12: 546	数据长度是16	数据类型为number
129411, 存储数据, 玩家20,转角遇到你小妹,29项快捷键16: 573	数据长度是16	数据类型为number
129411, 存储数据, 玩家20,转角遇到你小妹,35项显示翅膀编号: 4	数据长度是8	数据类型为number
129411, 存储数据, 玩家20,转角遇到你小妹,43项画笔库8: 0	数据长度是8	数据类型为number
129411, 存储数据, 玩家20,转角遇到你小妹,51项会员功能8: 1	数据长度是1	数据类型为number
129411, 存储数据, 玩家20,转角遇到你小妹,38项窗口锁定: 0	数据长度是8	数据类型为number
129411, 存储数据, 玩家20,转角遇到你小妹,50项会员功能7: 1	数据长度是1	数据类型为number
129411, 存储数据, 玩家20,转角遇到你小妹,46项会员功能3: 1	数据长度是1	数据类型为number
129411, 存储数据, 玩家20,转角遇到你小妹,45项会员功能2: 1	数据长度是1	数据类型为number
129411, 存储数据, 玩家20,转角遇到你小妹,42项画笔库7: 0	数据长度是8	数据类型为number
129411, 存储数据, 玩家20,转角遇到你小妹,36项孔明灯: 0	数据长度是8	数据类型为number
129411, 存储数据, 玩家20,转角遇到你小妹,44项会员功能1: 1	数据长度是1	数据类型为number
129411, 存储数据, 玩家20,转角遇到你小妹,52项新商店左侧扩展面板: 1	数据长度是1	数据类型为number
129411, 存储数据, 玩家20,转角遇到你小妹,34项不显示翅膀: 0	数据长度是1	数据类型为number
129411, 存储数据, 玩家20,转角遇到你小妹,18项快捷键5: 56	数据长度是16	数据类型为number
129411, 存储数据, 玩家20,转角遇到你小妹,22项快捷键9: 61	数据长度是16	数据类型为number
129411, 存储数据, 玩家20,转角遇到你小妹,30项快捷键17: 555	数据长度是16	数据类型为number
129411, 存储数据, 玩家21,蜀国,26项快捷键13: 547	数据长度是16	数据类型为number
129411, 存储数据, 玩家21,蜀国,1项画质: 1	数据长度是1	数据类型为number
129411, 存储数据, 玩家21,蜀国,37项免控表现: 1	数据长度是8	数据类型为number
129411, 存储数据, 玩家21,蜀国,2项滚屏速度: 20	数据长度是8	数据类型为number
129411, 存储数据, 玩家21,蜀国,53项新商店上部扩展面板: 1	数据长度是1	数据类型为number
129411, 存储数据, 玩家21,蜀国,3项更新内容面板开关: 0	数据长度是1	数据类型为number
129411, 存储数据, 玩家21,蜀国,4项游戏版本号: 0	数据长度是16	数据类型为number
129411, 存储数据, 玩家21,蜀国,5项语音: 0	数据长度是1	数据类型为number
129411, 存储数据, 玩家21,蜀国,6项音响: 0	数据长度是1	数据类型为number
129411, 存储数据, 玩家21,蜀国,7项麦克风: 0	数据长度是1	数据类型为number
129411, 存储数据, 玩家21,蜀国,9项麦克风大小: 0	数据长度是8	数据类型为number
129411, 存储数据, 玩家21,蜀国,11项光照: 99	数据长度是8	数据类型为number
129411, 存储数据, 玩家21,蜀国,13项血条区分敌我: 1	数据长度是1	数据类型为number
129411, 存储数据, 玩家21,蜀国,15项快捷键2: 43	数据长度是16	数据类型为number
129411, 存储数据, 玩家21,蜀国,19项快捷键6: 53	数据长度是16	数据类型为number
129411, 存储数据, 玩家21,蜀国,23项快捷键10: 544	数据长度是16	数据类型为number
129411, 存储数据, 玩家21,蜀国,27项快捷键14: 548	数据长度是16	数据类型为number
129411, 存储数据, 玩家21,蜀国,31项快捷键18: 568	数据长度是16	数据类型为number
129411, 存储数据, 玩家21,蜀国,39项打孔明灯: 0	数据长度是8	数据类型为number
129411, 存储数据, 玩家21,蜀国,47项会员功能4: 1	数据长度是1	数据类型为number
129411, 存储数据, 玩家21,蜀国,55项新商店商店模式: 0	数据长度是1	数据类型为number
129411, 存储数据, 玩家21,蜀国,32项是否显示刀光: 1	数据长度是1	数据类型为number
129411, 存储数据, 玩家21,蜀国,40项小地图头像: 1	数据长度是8	数据类型为number
129411, 存储数据, 玩家21,蜀国,48项会员功能5: 1	数据长度是1	数据类型为number
129411, 存储数据, 玩家21,蜀国,56项预扣血模式: 0	数据长度是1	数据类型为number
129411, 存储数据, 玩家21,蜀国,16项快捷键3: 61	数据长度是16	数据类型为number
129411, 存储数据, 玩家21,蜀国,20项快捷键7: 541	数据长度是16	数据类型为number
129411, 存储数据, 玩家21,蜀国,24项快捷键11: 545	数据长度是16	数据类型为number
129411, 存储数据, 玩家21,蜀国,28项快捷键15: 549	数据长度是16	数据类型为number
129411, 存储数据, 玩家21,蜀国,33项显示刀光编号: 1	数据长度是8	数据类型为number
129411, 存储数据, 玩家21,蜀国,41项画笔库6: 0	数据长度是8	数据类型为number
129411, 存储数据, 玩家21,蜀国,49项会员功能6: 1	数据长度是1	数据类型为number
129411, 存储数据, 玩家21,蜀国,57项回城特效: 0	数据长度是8	数据类型为number
129411, 存储数据, 玩家21,蜀国,54项新商店购买方式: 0	数据长度是1	数据类型为number
129411, 存储数据, 玩家21,蜀国,8项音响大小: 0	数据长度是8	数据类型为number
129411, 存储数据, 玩家21,蜀国,10项未知: 0	数据长度是1	数据类型为number
129411, 存储数据, 玩家21,蜀国,12项新F11面板模式: 1	数据长度是1	数据类型为number
129411, 存储数据, 玩家21,蜀国,14项快捷键1: 41	数据长度是16	数据类型为number
129411, 存储数据, 玩家21,蜀国,17项快捷键4: 42	数据长度是16	数据类型为number
129411, 存储数据, 玩家21,蜀国,21项快捷键8: 542	数据长度是16	数据类型为number
129411, 存储数据, 玩家21,蜀国,25项快捷键12: 546	数据长度是16	数据类型为number
129411, 存储数据, 玩家21,蜀国,29项快捷键16: 573	数据长度是16	数据类型为number
129411, 存储数据, 玩家21,蜀国,35项显示翅膀编号: 0	数据长度是8	数据类型为number
129411, 存储数据, 玩家21,蜀国,43项画笔库8: 0	数据长度是8	数据类型为number
129411, 存储数据, 玩家21,蜀国,51项会员功能8: 1	数据长度是1	数据类型为number
129411, 存储数据, 玩家21,蜀国,38项窗口锁定: 0	数据长度是8	数据类型为number
129411, 存储数据, 玩家21,蜀国,50项会员功能7: 1	数据长度是1	数据类型为number
129411, 存储数据, 玩家21,蜀国,46项会员功能3: 1	数据长度是1	数据类型为number
129411, 存储数据, 玩家21,蜀国,45项会员功能2: 1	数据长度是1	数据类型为number
129411, 存储数据, 玩家21,蜀国,42项画笔库7: 0	数据长度是8	数据类型为number
129411, 存储数据, 玩家21,蜀国,36项孔明灯: 0	数据长度是8	数据类型为number
129411, 存储数据, 玩家21,蜀国,44项会员功能1: 1	数据长度是1	数据类型为number
129411, 存储数据, 玩家21,蜀国,52项新商店左侧扩展面板: 1	数据长度是1	数据类型为number
129411, 存储数据, 玩家21,蜀国,34项不显示翅膀: 0	数据长度是1	数据类型为number
129411, 存储数据, 玩家21,蜀国,18项快捷键5: 56	数据长度是16	数据类型为number
129411, 存储数据, 玩家21,蜀国,22项快捷键9: 543	数据长度是16	数据类型为number
129411, 存储数据, 玩家21,蜀国,30项快捷键17: 555	数据长度是16	数据类型为number
129411, 存储数据, 玩家22,魏国,26项快捷键13: 547	数据长度是16	数据类型为number
129411, 存储数据, 玩家22,魏国,1项画质: 1	数据长度是1	数据类型为number
129411, 存储数据, 玩家22,魏国,37项免控表现: 1	数据长度是8	数据类型为number
129411, 存储数据, 玩家22,魏国,2项滚屏速度: 20	数据长度是8	数据类型为number
129411, 存储数据, 玩家22,魏国,53项新商店上部扩展面板: 1	数据长度是1	数据类型为number
129411, 存储数据, 玩家22,魏国,3项更新内容面板开关: 0	数据长度是1	数据类型为number
129411, 存储数据, 玩家22,魏国,4项游戏版本号: 0	数据长度是16	数据类型为number
129411, 存储数据, 玩家22,魏国,5项语音: 0	数据长度是1	数据类型为number
129411, 存储数据, 玩家22,魏国,6项音响: 0	数据长度是1	数据类型为number
129411, 存储数据, 玩家22,魏国,7项麦克风: 0	数据长度是1	数据类型为number
129411, 存储数据, 玩家22,魏国,9项麦克风大小: 0	数据长度是8	数据类型为number
129411, 存储数据, 玩家22,魏国,11项光照: 99	数据长度是8	数据类型为number
129411, 存储数据, 玩家22,魏国,13项血条区分敌我: 1	数据长度是1	数据类型为number
129411, 存储数据, 玩家22,魏国,15项快捷键2: 43	数据长度是16	数据类型为number
129411, 存储数据, 玩家22,魏国,19项快捷键6: 53	数据长度是16	数据类型为number
129411, 存储数据, 玩家22,魏国,23项快捷键10: 544	数据长度是16	数据类型为number
129411, 存储数据, 玩家22,魏国,27项快捷键14: 548	数据长度是16	数据类型为number
129411, 存储数据, 玩家22,魏国,31项快捷键18: 568	数据长度是16	数据类型为number
129411, 存储数据, 玩家22,魏国,39项打孔明灯: 0	数据长度是8	数据类型为number
129411, 存储数据, 玩家22,魏国,47项会员功能4: 1	数据长度是1	数据类型为number
129411, 存储数据, 玩家22,魏国,55项新商店商店模式: 0	数据长度是1	数据类型为number
129411, 存储数据, 玩家22,魏国,32项是否显示刀光: 1	数据长度是1	数据类型为number
129411, 存储数据, 玩家22,魏国,40项小地图头像: 1	数据长度是8	数据类型为number
129411, 存储数据, 玩家22,魏国,48项会员功能5: 1	数据长度是1	数据类型为number
129411, 存储数据, 玩家22,魏国,56项预扣血模式: 0	数据长度是1	数据类型为number
129411, 存储数据, 玩家22,魏国,16项快捷键3: 61	数据长度是16	数据类型为number
129411, 存储数据, 玩家22,魏国,20项快捷键7: 541	数据长度是16	数据类型为number
129411, 存储数据, 玩家22,魏国,24项快捷键11: 545	数据长度是16	数据类型为number
129411, 存储数据, 玩家22,魏国,28项快捷键15: 549	数据长度是16	数据类型为number
129411, 存储数据, 玩家22,魏国,33项显示刀光编号: 1	数据长度是8	数据类型为number
129411, 存储数据, 玩家22,魏国,41项画笔库6: 0	数据长度是8	数据类型为number
129411, 存储数据, 玩家22,魏国,49项会员功能6: 1	数据长度是1	数据类型为number
129411, 存储数据, 玩家22,魏国,57项回城特效: 0	数据长度是8	数据类型为number
129411, 存储数据, 玩家22,魏国,54项新商店购买方式: 0	数据长度是1	数据类型为number
129411, 存储数据, 玩家22,魏国,8项音响大小: 0	数据长度是8	数据类型为number
129411, 存储数据, 玩家22,魏国,10项未知: 0	数据长度是1	数据类型为number
129411, 存储数据, 玩家22,魏国,12项新F11面板模式: 1	数据长度是1	数据类型为number
129411, 存储数据, 玩家22,魏国,14项快捷键1: 41	数据长度是16	数据类型为number
129411, 存储数据, 玩家22,魏国,17项快捷键4: 42	数据长度是16	数据类型为number
129411, 存储数据, 玩家22,魏国,21项快捷键8: 542	数据长度是16	数据类型为number
129411, 存储数据, 玩家22,魏国,25项快捷键12: 546	数据长度是16	数据类型为number
129411, 存储数据, 玩家22,魏国,29项快捷键16: 573	数据长度是16	数据类型为number
129411, 存储数据, 玩家22,魏国,35项显示翅膀编号: 0	数据长度是8	数据类型为number
129411, 存储数据, 玩家22,魏国,43项画笔库8: 0	数据长度是8	数据类型为number
129411, 存储数据, 玩家22,魏国,51项会员功能8: 1	数据长度是1	数据类型为number
129411, 存储数据, 玩家22,魏国,38项窗口锁定: 0	数据长度是8	数据类型为number
129411, 存储数据, 玩家22,魏国,50项会员功能7: 1	数据长度是1	数据类型为number
129411, 存储数据, 玩家22,魏国,46项会员功能3: 1	数据长度是1	数据类型为number
129411, 存储数据, 玩家22,魏国,45项会员功能2: 1	数据长度是1	数据类型为number
129411, 存储数据, 玩家22,魏国,42项画笔库7: 0	数据长度是8	数据类型为number
129411, 存储数据, 玩家22,魏国,36项孔明灯: 0	数据长度是8	数据类型为number
129411, 存储数据, 玩家22,魏国,44项会员功能1: 1	数据长度是1	数据类型为number
129411, 存储数据, 玩家22,魏国,52项新商店左侧扩展面板: 1	数据长度是1	数据类型为number
129411, 存储数据, 玩家22,魏国,34项不显示翅膀: 0	数据长度是1	数据类型为number
129411, 存储数据, 玩家22,魏国,18项快捷键5: 56	数据长度是16	数据类型为number
129411, 存储数据, 玩家22,魏国,22项快捷键9: 543	数据长度是16	数据类型为number
129411, 存储数据, 玩家22,魏国,30项快捷键17: 555	数据长度是16	数据类型为number
129411, 存储数据, 玩家23,中立敌对,26项快捷键13: 547	数据长度是16	数据类型为number
129411, 存储数据, 玩家23,中立敌对,1项画质: 1	数据长度是1	数据类型为number
129411, 存储数据, 玩家23,中立敌对,37项免控表现: 1	数据长度是8	数据类型为number
129411, 存储数据, 玩家23,中立敌对,2项滚屏速度: 20	数据长度是8	数据类型为number
129411, 存储数据, 玩家23,中立敌对,53项新商店上部扩展面板: 1	数据长度是1	数据类型为number
129411, 存储数据, 玩家23,中立敌对,3项更新内容面板开关: 0	数据长度是1	数据类型为number
129411, 存储数据, 玩家23,中立敌对,4项游戏版本号: 0	数据长度是16	数据类型为number
129411, 存储数据, 玩家23,中立敌对,5项语音: 0	数据长度是1	数据类型为number
129411, 存储数据, 玩家23,中立敌对,6项音响: 0	数据长度是1	数据类型为number
129411, 存储数据, 玩家23,中立敌对,7项麦克风: 0	数据长度是1	数据类型为number
129411, 存储数据, 玩家23,中立敌对,9项麦克风大小: 0	数据长度是8	数据类型为number
129411, 存储数据, 玩家23,中立敌对,11项光照: 99	数据长度是8	数据类型为number
129411, 存储数据, 玩家23,中立敌对,13项血条区分敌我: 1	数据长度是1	数据类型为number
129411, 存储数据, 玩家23,中立敌对,15项快捷键2: 43	数据长度是16	数据类型为number
129411, 存储数据, 玩家23,中立敌对,19项快捷键6: 53	数据长度是16	数据类型为number
129411, 存储数据, 玩家23,中立敌对,23项快捷键10: 544	数据长度是16	数据类型为number
129411, 存储数据, 玩家23,中立敌对,27项快捷键14: 548	数据长度是16	数据类型为number
129411, 存储数据, 玩家23,中立敌对,31项快捷键18: 568	数据长度是16	数据类型为number
129411, 存储数据, 玩家23,中立敌对,39项打孔明灯: 0	数据长度是8	数据类型为number
129411, 存储数据, 玩家23,中立敌对,47项会员功能4: 1	数据长度是1	数据类型为number
129411, 存储数据, 玩家23,中立敌对,55项新商店商店模式: 0	数据长度是1	数据类型为number
129411, 存储数据, 玩家23,中立敌对,32项是否显示刀光: 1	数据长度是1	数据类型为number
129411, 存储数据, 玩家23,中立敌对,40项小地图头像: 1	数据长度是8	数据类型为number
129411, 存储数据, 玩家23,中立敌对,48项会员功能5: 1	数据长度是1	数据类型为number
129411, 存储数据, 玩家23,中立敌对,56项预扣血模式: 0	数据长度是1	数据类型为number
129411, 存储数据, 玩家23,中立敌对,16项快捷键3: 61	数据长度是16	数据类型为number
129411, 存储数据, 玩家23,中立敌对,20项快捷键7: 541	数据长度是16	数据类型为number
129411, 存储数据, 玩家23,中立敌对,24项快捷键11: 545	数据长度是16	数据类型为number
129411, 存储数据, 玩家23,中立敌对,28项快捷键15: 549	数据长度是16	数据类型为number
129411, 存储数据, 玩家23,中立敌对,33项显示刀光编号: 1	数据长度是8	数据类型为number
129411, 存储数据, 玩家23,中立敌对,41项画笔库6: 0	数据长度是8	数据类型为number
129411, 存储数据, 玩家23,中立敌对,49项会员功能6: 1	数据长度是1	数据类型为number
129411, 存储数据, 玩家23,中立敌对,57项回城特效: 0	数据长度是8	数据类型为number
129411, 存储数据, 玩家23,中立敌对,54项新商店购买方式: 0	数据长度是1	数据类型为number
129411, 存储数据, 玩家23,中立敌对,8项音响大小: 0	数据长度是8	数据类型为number
129411, 存储数据, 玩家23,中立敌对,10项未知: 0	数据长度是1	数据类型为number
129411, 存储数据, 玩家23,中立敌对,12项新F11面板模式: 1	数据长度是1	数据类型为number
129411, 存储数据, 玩家23,中立敌对,14项快捷键1: 41	数据长度是16	数据类型为number
129411, 存储数据, 玩家23,中立敌对,17项快捷键4: 42	数据长度是16	数据类型为number
129411, 存储数据, 玩家23,中立敌对,21项快捷键8: 542	数据长度是16	数据类型为number
129411, 存储数据, 玩家23,中立敌对,25项快捷键12: 546	数据长度是16	数据类型为number
129411, 存储数据, 玩家23,中立敌对,29项快捷键16: 573	数据长度是16	数据类型为number
129411, 存储数据, 玩家23,中立敌对,35项显示翅膀编号: 0	数据长度是8	数据类型为number
129411, 存储数据, 玩家23,中立敌对,43项画笔库8: 0	数据长度是8	数据类型为number
129411, 存储数据, 玩家23,中立敌对,51项会员功能8: 1	数据长度是1	数据类型为number
129411, 存储数据, 玩家23,中立敌对,38项窗口锁定: 0	数据长度是8	数据类型为number
129411, 存储数据, 玩家23,中立敌对,50项会员功能7: 1	数据长度是1	数据类型为number
129411, 存储数据, 玩家23,中立敌对,46项会员功能3: 1	数据长度是1	数据类型为number
129411, 存储数据, 玩家23,中立敌对,45项会员功能2: 1	数据长度是1	数据类型为number
129411, 存储数据, 玩家23,中立敌对,42项画笔库7: 0	数据长度是8	数据类型为number
129411, 存储数据, 玩家23,中立敌对,36项孔明灯: 0	数据长度是8	数据类型为number
129411, 存储数据, 玩家23,中立敌对,44项会员功能1: 1	数据长度是1	数据类型为number
129411, 存储数据, 玩家23,中立敌对,52项新商店左侧扩展面板: 1	数据长度是1	数据类型为number
129411, 存储数据, 玩家23,中立敌对,34项不显示翅膀: 0	数据长度是1	数据类型为number
129411, 存储数据, 玩家23,中立敌对,18项快捷键5: 56	数据长度是16	数据类型为number
129411, 存储数据, 玩家23,中立敌对,22项快捷键9: 543	数据长度是16	数据类型为number
129411, 存储数据, 玩家23,中立敌对,30项快捷键17: 555	数据长度是16	数据类型为number
129411, 存储数据, 玩家24,中立无敌意,26项快捷键13: 547	数据长度是16	数据类型为number
129411, 存储数据, 玩家24,中立无敌意,1项画质: 1	数据长度是1	数据类型为number
129411, 存储数据, 玩家24,中立无敌意,37项免控表现: 1	数据长度是8	数据类型为number
129411, 存储数据, 玩家24,中立无敌意,2项滚屏速度: 20	数据长度是8	数据类型为number
129411, 存储数据, 玩家24,中立无敌意,53项新商店上部扩展面板: 1	数据长度是1	数据类型为number
129411, 存储数据, 玩家24,中立无敌意,3项更新内容面板开关: 0	数据长度是1	数据类型为number
129411, 存储数据, 玩家24,中立无敌意,4项游戏版本号: 0	数据长度是16	数据类型为number
129411, 存储数据, 玩家24,中立无敌意,5项语音: 0	数据长度是1	数据类型为number
129411, 存储数据, 玩家24,中立无敌意,6项音响: 0	数据长度是1	数据类型为number
129411, 存储数据, 玩家24,中立无敌意,7项麦克风: 0	数据长度是1	数据类型为number
129411, 存储数据, 玩家24,中立无敌意,9项麦克风大小: 0	数据长度是8	数据类型为number
129411, 存储数据, 玩家24,中立无敌意,11项光照: 99	数据长度是8	数据类型为number
129411, 存储数据, 玩家24,中立无敌意,13项血条区分敌我: 1	数据长度是1	数据类型为number
129411, 存储数据, 玩家24,中立无敌意,15项快捷键2: 43	数据长度是16	数据类型为number
129411, 存储数据, 玩家24,中立无敌意,19项快捷键6: 53	数据长度是16	数据类型为number
129411, 存储数据, 玩家24,中立无敌意,23项快捷键10: 544	数据长度是16	数据类型为number
129411, 存储数据, 玩家24,中立无敌意,27项快捷键14: 548	数据长度是16	数据类型为number
129411, 存储数据, 玩家24,中立无敌意,31项快捷键18: 568	数据长度是16	数据类型为number
129411, 存储数据, 玩家24,中立无敌意,39项打孔明灯: 0	数据长度是8	数据类型为number
129411, 存储数据, 玩家24,中立无敌意,47项会员功能4: 1	数据长度是1	数据类型为number
129411, 存储数据, 玩家24,中立无敌意,55项新商店商店模式: 0	数据长度是1	数据类型为number
129411, 存储数据, 玩家24,中立无敌意,32项是否显示刀光: 1	数据长度是1	数据类型为number
129411, 存储数据, 玩家24,中立无敌意,40项小地图头像: 1	数据长度是8	数据类型为number
129411, 存储数据, 玩家24,中立无敌意,48项会员功能5: 1	数据长度是1	数据类型为number
129411, 存储数据, 玩家24,中立无敌意,56项预扣血模式: 0	数据长度是1	数据类型为number
129411, 存储数据, 玩家24,中立无敌意,16项快捷键3: 61	数据长度是16	数据类型为number
129411, 存储数据, 玩家24,中立无敌意,20项快捷键7: 541	数据长度是16	数据类型为number
129411, 存储数据, 玩家24,中立无敌意,24项快捷键11: 545	数据长度是16	数据类型为number
129411, 存储数据, 玩家24,中立无敌意,28项快捷键15: 549	数据长度是16	数据类型为number
129411, 存储数据, 玩家24,中立无敌意,33项显示刀光编号: 1	数据长度是8	数据类型为number
129411, 存储数据, 玩家24,中立无敌意,41项画笔库6: 0	数据长度是8	数据类型为number
129411, 存储数据, 玩家24,中立无敌意,49项会员功能6: 1	数据长度是1	数据类型为number
129411, 存储数据, 玩家24,中立无敌意,57项回城特效: 0	数据长度是8	数据类型为number
129411, 存储数据, 玩家24,中立无敌意,54项新商店购买方式: 0	数据长度是1	数据类型为number
129411, 存储数据, 玩家24,中立无敌意,8项音响大小: 0	数据长度是8	数据类型为number
129411, 存储数据, 玩家24,中立无敌意,10项未知: 0	数据长度是1	数据类型为number
129411, 存储数据, 玩家24,中立无敌意,12项新F11面板模式: 1	数据长度是1	数据类型为number
129411, 存储数据, 玩家24,中立无敌意,14项快捷键1: 41	数据长度是16	数据类型为number
129411, 存储数据, 玩家24,中立无敌意,17项快捷键4: 42	数据长度是16	数据类型为number
129411, 存储数据, 玩家24,中立无敌意,21项快捷键8: 542	数据长度是16	数据类型为number
129411, 存储数据, 玩家24,中立无敌意,25项快捷键12: 546	数据长度是16	数据类型为number
129411, 存储数据, 玩家24,中立无敌意,29项快捷键16: 573	数据长度是16	数据类型为number
129411, 存储数据, 玩家24,中立无敌意,35项显示翅膀编号: 0	数据长度是8	数据类型为number
129411, 存储数据, 玩家24,中立无敌意,43项画笔库8: 0	数据长度是8	数据类型为number
129411, 存储数据, 玩家24,中立无敌意,51项会员功能8: 1	数据长度是1	数据类型为number
129411, 存储数据, 玩家24,中立无敌意,38项窗口锁定: 0	数据长度是8	数据类型为number
129411, 存储数据, 玩家24,中立无敌意,50项会员功能7: 1	数据长度是1	数据类型为number
129411, 存储数据, 玩家24,中立无敌意,46项会员功能3: 1	数据长度是1	数据类型为number
129411, 存储数据, 玩家24,中立无敌意,45项会员功能2: 1	数据长度是1	数据类型为number
129411, 存储数据, 玩家24,中立无敌意,42项画笔库7: 0	数据长度是8	数据类型为number
129411, 存储数据, 玩家24,中立无敌意,36项孔明灯: 0	数据长度是8	数据类型为number
129411, 存储数据, 玩家24,中立无敌意,44项会员功能1: 1	数据长度是1	数据类型为number
129411, 存储数据, 玩家24,中立无敌意,52项新商店左侧扩展面板: 1	数据长度是1	数据类型为number
129411, 存储数据, 玩家24,中立无敌意,34项不显示翅膀: 0	数据长度是1	数据类型为number
129411, 存储数据, 玩家24,中立无敌意,18项快捷键5: 56	数据长度是16	数据类型为number
129411, 存储数据, 玩家24,中立无敌意,22项快捷键9: 543	数据长度是16	数据类型为number
129411, 存储数据, 玩家24,中立无敌意,30项快捷键17: 555	数据长度是16	数据类型为number
