0, 长度:78
0, 109175625 武勋buff:2
0, pos:17 value:0
0, 新人pos:17 value:0
0, pos:10 value:0
0, 新人pos:10 value:0
0, pos:12 value:0
0, 新人pos:12 value:0
0, pos:22 value:0
0, 新人pos:22 value:0
0, pos:21 value:0
0, 新人pos:21 value:0
0, pos:9 value:0
0, 新人pos:9 value:0
0, pos:8 value:0
0, 新人pos:8 value:0
0, pos:7 value:0
0, 新人pos:7 value:0
0, pos:6 value:0
0, 新人pos:6 value:0
0, pos:5 value:0
0, 新人pos:5 value:0
0, pos:4 value:0
0, 新人pos:4 value:0
0, pos:3 value:0
0, 新人pos:3 value:0
0, pos:2 value:0
0, 新人pos:2 value:0
0, pos:1 value:0
0, 新人pos:1 value:0
0, pos:20 value:0
0, 新人pos:20 value:0
0, pos:19 value:0
0, 新人pos:19 value:0
0, pos:18 value:0
0, 新人pos:18 value:0
0, pos:16 value:0
0, 新人pos:16 value:0
0, pos:15 value:0
0, 新人pos:15 value:0
0, pos:14 value:0
0, 新人pos:14 value:0
0, pos:13 value:0
0, 新人pos:13 value:0
0, pos:11 value:0
0, 新人pos:11 value:0
102770, change_G_Tab_back in 19.166
102770, change_G_Tab_back out 19.168
102770, pos:11 value:0
102770, 新人pos:11 value:0
102770, pos:13 value:0
102770, 新人pos:13 value:0
102770, pos:14 value:0
102770, 新人pos:14 value:0
102770, pos:15 value:0
102770, 新人pos:15 value:0
102770, pos:16 value:0
102770, 新人pos:16 value:0
102770, pos:18 value:0
102770, 新人pos:18 value:0
102770, pos:19 value:0
102770, 新人pos:19 value:0
102770, pos:20 value:0
102770, 新人pos:20 value:0
102770, pos:1 value:0
102770, 新人pos:1 value:0
102770, pos:2 value:0
102770, 新人pos:2 value:0
102770, pos:3 value:0
102770, 新人pos:3 value:0
102770, pos:4 value:0
102770, 新人pos:4 value:0
102770, pos:5 value:0
102770, 新人pos:5 value:0
102770, pos:6 value:0
102770, 新人pos:6 value:0
102770, pos:7 value:0
102770, 新人pos:7 value:0
102770, pos:8 value:0
102770, 新人pos:8 value:0
102770, pos:9 value:0
102770, 新人pos:9 value:0
102770, pos:21 value:0
102770, 新人pos:21 value:0
102770, pos:22 value:0
102770, 新人pos:22 value:0
102770, pos:12 value:0
102770, 新人pos:12 value:0
102770, pos:10 value:0
102770, 新人pos:10 value:0
102770, pos:17 value:0
102770, 新人pos:17 value:0
129116, 有效局
129116, 嘿 66633 250
