[MPCharacter::Serialize] sanguo/model/EAGLE.apm, _physique found!
[MPCharacter::Serialize] sanguo/model/HORSE.apm, _physique found!
[MPCharacter::Serialize] sanguo/model/JIANTAB.apm, _physique found!
[MPCharacter::Serialize] sanguo/model/XIONG.apm, _physique found!
[MPCharacter::Serialize] sanguo/model/EAGLE.apm, _physique found!
[MPCharacter::Serialize] sanguo/model/BINGYINGA.apm, _physique found!
[MPCharacter::Serialize] sanguo/model/JIANTAB.apm, _physique found!
[MPCharacter::Serialize] sanguo/model/HORSE.apm, _physique found!
[MPCharacter::Serialize] sanguo/model/ARROW_2.apm, _physique found!
[MPCharacter::Serialize] sanguo/model/KMDENG.apm, _physique found!
[MPCharacter::Serialize] sanguo/model/HUANGJIN.apm, _physique found!
[MPCharacter::Serialize] sanguo/model/ice.apm, _physique found!
[MPCharacter::Serialize] sanguo/model/ZHURONG.APM, _physique found!
[MPCharacter::Serialize] sanguo/model/HORSE.apm, _physique found!
[MPCharacter::Serialize] sanguo/model/BINGYINGB.apm, _physique found!
[MPCharacter::Serialize] sanguo/model/JIANTAB.apm, _physique found!
[MPCharacter::Serialize] sanguo/model/FANGJUSHANG.apm, _physique found!
[MPCharacter::Serialize] sanguo/model/BINGYINGB.apm, _physique found!
[MPCharacter::Serialize] sanguo/model/Dota_NPC03.apm, _physique found!
[MPCharacter::Serialize] sanguo/model/PAOTA.apm, _physique found!
[MPCharacter::Serialize] sanguo/model/ARROW_2.apm, _physique found!
[MPCharacter::Serialize] sanguo/model/HORSE.apm, _physique found!
[MPCharacter::Serialize] sanguo/model/Dota_NPC03.apm, _physique found!
[MPCharacter::Serialize] sanguo/model/PAOTA.apm, _physique found!
[MPCharacter::Serialize] sanguo/model/ARROW_2.apm, _physique found!
[MPCharacter::Serialize] sanguo/model/HUANGJIN.apm, _physique found!
[MPCharacter::Serialize] sanguo/model/JIANTAA.apm, _physique found!
[MPCharacter::Serialize] sanguo/model/HUANGJIN.apm, _physique found!
[MPCharacter::Serialize] sanguo/model/KMDENG.apm, _physique found!
[MPCharacter::Serialize] sanguo/model/ZHANGPENGA.apm, _physique found!
[MPCharacter::Serialize] sanguo/model/KMDENG.apm, _physique found!
[MPCharacter::Serialize] sanguo/model/LIANGCANGA.apm, _physique found!
[MPCharacter::Serialize] sanguo/model/JIANTAB.apm, _physique found!
[MPCharacter::Serialize] sanguo/model/XUANWU.apm, _physique found!
[MPCharacter::Serialize] sanguo/model/JIANTAA.apm, _physique found!
[MPCharacter::Serialize] sanguo/model/JIANTAB.apm, _physique found!
[MPCharacter::Serialize] sanguo/model/LANG.apm, _physique found!
[MPCharacter::Serialize] sanguo/model/SHIPINSHANG.apm, _physique found!
[MPCharacter::Serialize] sanguo/model/ZHANGPENGA.apm, _physique found!
[MPCharacter::Serialize] sanguo/model/ARROW_1.apm, _physique found!
[MPCharacter::Serialize] sanguo/model/YEDIAN.apm, _physique found!
[MPCharacter::Serialize] sanguo/model/JIANTAB.apm, _physique found!
[MPCharacter::Serialize] sanguo/model/SHANGDIAN.apm, _physique found!
[MPCharacter::Serialize] sanguo/model/KMDENG.apm, _physique found!
[MPCharacter::Serialize] sanguo/model/TOUSHICHE.apm, _physique found!
[MPCharacter::Serialize] sanguo/model/KMDENG.apm, _physique found!
[MPCharacter::Serialize] sanguo/model/QIANGDAO.apm, _physique found!
[MPCharacter::Serialize] sanguo/model/KMDENG.apm, _physique found!
[MPCharacter::Serialize] sanguo/model/JIANTAB.apm, _physique found!
[MPCharacter::Serialize] sanguo/model/TOUSHICHE.apm, _physique found!
[MPCharacter::Serialize] sanguo/model/ZHUCHENG.apm, _physique found!
[MPCharacter::Serialize] sanguo/model/ZHONGDAO_2.apm, _physique found!
[MPCharacter::Serialize] sanguo/model/JIANTAB.apm, _physique found!
[MPCharacter::Serialize] sanguo/model/StatueA_Copper.apm, _physique found!
[MPCharacter::Serialize] sanguo/model/BINGYINGB.apm, _physique found!
[MPCharacter::Serialize] sanguo/model/SHIBING_C.apm, _physique found!
[MPCharacter::Serialize] sanguo/model/KMDENG.apm, _physique found!
[MPCharacter::Serialize] sanguo/model/JIANTAB.apm, _physique found!
[MPCharacter::Serialize] sanguo/model/KMDENG.apm, _physique found!
[MPCharacter::Serialize] sanguo/model/TOUSHICHE.apm, _physique found!
[MPCharacter::Serialize] sanguo/model/ZHANGPENGB.apm, _physique found!
[MPCharacter::Serialize] sanguo/model/QIANGDAO.apm, _physique found!
[MPCharacter::Serialize] sanguo/model/KMDENG.apm, _physique found!
[MPCharacter::Serialize] sanguo/model/StatueA_Silver.apm, _physique found!
[MPCharacter::Serialize] sanguo/model/ZHANGPENGC.apm, _physique found!
[MPCharacter::Serialize] sanguo/model/KMDENG.apm, _physique found!
[MPCharacter::Serialize] sanguo/model/BINGYINGA.apm, _physique found!
[MPCharacter::Serialize] sanguo/model/StatueB_Silver.apm, _physique found!
[MPCharacter::Serialize] sanguo/model/SHIPINSHANG.apm, _physique found!
[MPCharacter::Serialize] sanguo/model/KMDENG.apm, _physique found!
[MPCharacter::Serialize] sanguo/model/JIANTAA.apm, _physique found!
[MPCharacter::Serialize] sanguo/model/HORSE.apm, _physique found!
[MPCharacter::Serialize] sanguo/model/INN.apm, _physique found!
[MPCharacter::Serialize] sanguo/model/TOUSHICHE.apm, _physique found!
[MPCharacter::Serialize] sanguo/model/ZHANGPENGD.apm, _physique found!
[MPCharacter::Serialize] sanguo/model/EAGLE.apm, _physique found!
[MPCharacter::Serialize] sanguo/model/LANG.apm, _physique found!
[MPCharacter::Serialize] sanguo/model/StatueB_Copper.apm, _physique found!
[MPCharacter::Serialize] sanguo/model/SHIPINSHANG.apm, _physique found!
[MPCharacter::Serialize] sanguo/model/HORSE.apm, _physique found!
[MPCharacter::Serialize] sanguo/model/SIMAYI.apm, _physique found!
[MPCharacter::Serialize] sanguo/model/QIANGDAO.apm, _physique found!
[MPCharacter::Serialize] sanguo/model/SHIPINSHANG.apm, _physique found!
[MPCharacter::Serialize] sanguo/model/JIANTAB.apm, _physique found!
[MPCharacter::Serialize] sanguo/model/StatueB_Gold.apm, _physique found!
[MPCharacter::Serialize] sanguo/model/TOUSHISHANG.apm, _physique found!
[MPCharacter::Serialize] sanguo/model/KMDENG.apm, _physique found!
[MPCharacter::Serialize] sanguo/model/JIANTAA.apm, _physique found!
[MPCharacter::Serialize] sanguo/model/HORSE.apm, _physique found!
[MPCharacter::Serialize] sanguo/model/SHIBING_A_2.apm, _physique found!
[MPCharacter::Serialize] sanguo/model/KMDENG.apm, _physique found!
[MPCharacter::Serialize] sanguo/model/TOUSHICHE.apm, _physique found!
[MPCharacter::Serialize] sanguo/model/ZHANGPENGD.apm, _physique found!
[MPCharacter::Serialize] sanguo/model/LANG.apm, _physique found!
[MPCharacter::Serialize] sanguo/model/SHIPINSHANG.apm, _physique found!
[MPCharacter::Serialize] sanguo/model/HUANGJIN.apm, _physique found!
[MPCharacter::Serialize] sanguo/model/TIGER.apm, _physique found!
[MPCharacter::Serialize] sanguo/model/SHIPINSHANG.apm, _physique found!
[MPCharacter::Serialize] sanguo/model/HORSE.apm, _physique found!
[MPCharacter::Serialize] sanguo/model/JIANTAB.apm, _physique found!
[MPCharacter::Serialize] sanguo/model/KMDENG.apm, _physique found!
[MPCharacter::Serialize] sanguo/model/TOUSHICHE.apm, _physique found!
[MPCharacter::Serialize] sanguo/model/HUANGJIN.apm, _physique found!
[MPCharacter::Serialize] sanguo/model/WUQISHANG.apm, _physique found!
[MPCharacter::Serialize] sanguo/model/JIANTAA.apm, _physique found!
[MPCharacter::Serialize] sanguo/model/TOUSHICHE.apm, _physique found!
[MPCharacter::Serialize] sanguo/model/TIGER.apm, _physique found!
[MPCharacter::Serialize] sanguo/model/KMDENG.apm, _physique found!
[MPCharacter::Serialize] sanguo/model/SHIPINSHANG.apm, _physique found!
[MPCharacter::Serialize] sanguo/model/JIANTAA.apm, _physique found!
[MPCharacter::Serialize] sanguo/model/TOUSHICHE.apm, _physique found!
[MPCharacter::Serialize] sanguo/model/ARROW_2.apm, _physique found!
[MPCharacter::Serialize] sanguo/model/PAOTA.apm, _physique found!
[MPCharacter::Serialize] sanguo/model/HORSE.apm, _physique found!
[MPCharacter::Serialize] sanguo/model/QX_boss_002.apm, _physique found!
[MPCharacter::Serialize] sanguo/model/JIANTAB.apm, _physique found!
[MPCharacter::Serialize] sanguo/model/TOUSHICHE.apm, _physique found!
[MPCharacter::Serialize] sanguo/model/HUATUO.apm, _physique found!
[MPCharacter::Serialize] sanguo/model/WUQISHANG.apm, _physique found!
[MPCharacter::Serialize] sanguo/model/KMDENG.apm, _physique found!
[MPCharacter::Serialize] sanguo/model/HORSE.apm, _physique found!
[MPCharacter::Serialize] sanguo/model/PAOTA.apm, _physique found!
[MPCharacter::Serialize] sanguo/model/HORSE.apm, _physique found!
[MPCharacter::Serialize] sanguo/model/SHIPINSHANG.apm, _physique found!
[MPCharacter::Serialize] sanguo/model/KMDENG.apm, _physique found!
[MPCharacter::Serialize] sanguo/model/BINGYINGA.apm, _physique found!
[MPCharacter::Serialize] sanguo/model/JIANTAB.apm, _physique found!
[MPCharacter::Serialize] sanguo/model/CAOCAO.APM, _physique found!
[MPCharacter::Serialize] sanguo/model/SHIPINSHANG.apm, _physique found!
[MPCharacter::Serialize] sanguo/model/KMDENG.apm, _physique found!
[MPCharacter::Serialize] sanguo/model/SHIPINSHANG.apm, _physique found!
[MPCharacter::Serialize] sanguo/model/ZHANGPENGA.apm, _physique found!
[MPCharacter::Serialize] sanguo/model/TOUSHISHANG.apm, _physique found!
[MPCharacter::Serialize] sanguo/model/SHIPINSHANG.apm, _physique found!
[MPCharacter::Serialize] sanguo/model/ZHANGPENGA.apm, _physique found!
[MPCharacter::Serialize] sanguo/model/JIANTAA.apm, _physique found!
[MPCharacter::Serialize] sanguo/model/CAOPI_002.apm, _physique found!
[MPCharacter::Serialize] sanguo/model/FANGJUSHANG.apm, _physique found!
[MPCharacter::Serialize] sanguo/model/LIANGCANGA.apm, _physique found!
[MPCharacter::Serialize] sanguo/model/JIANTAA.apm, _physique found!
[MPCharacter::Serialize] sanguo/model/KMDENG.apm, _physique found!
[MPCharacter::Serialize] sanguo/model/JIANTAB.apm, _physique found!
[MPCharacter::Serialize] sanguo/model/KMDENG.apm, _physique found!
[MPCharacter::Serialize] sanguo/model/SHIPINSHANG.apm, _physique found!
[MPCharacter::Serialize] sanguo/model/YEDIAN.apm, _physique found!
[MPCharacter::Serialize] sanguo/model/JIANTAB.apm, _physique found!
[MPCharacter::Serialize] sanguo/model/Qx_Hero069c_Fx.apm, _physique found!
[MPCharacter::Serialize] sanguo/model/JIANTAA.apm, _physique found!
[MPCharacter::Serialize] sanguo/model/HUANGJIN.apm, _physique found!
[MPCharacter::Serialize] sanguo/model/KMDENG.apm, _physique found!
[MPCharacter::Serialize] sanguo/model/QIANGDAO.apm, _physique found!
[MPCharacter::Serialize] sanguo/model/KMDENG.apm, _physique found!
[MPCharacter::Serialize] sanguo/model/JIANTAB.apm, _physique found!
[MPCharacter::Serialize] sanguo/model/KMDENG.apm, _physique found!
[MPCharacter::Serialize] sanguo/model/TOUSHICHE.apm, _physique found!
[MPCharacter::Serialize] sanguo/model/QIANGDAO.apm, _physique found!
[MPCharacter::Serialize] sanguo/model/KMDENG.apm, _physique found!
[MPCharacter::Serialize] sanguo/model/JIANTAB.apm, _physique found!
[MPCharacter::Serialize] sanguo/model/ZHUCHENG.apm, _physique found!
[MPCharacter::Serialize] sanguo/model/ZHANGPENGD.apm, _physique found!
[MPCharacter::Serialize] sanguo/model/KMDENG.apm, _physique found!
[MPCharacter::Serialize] sanguo/model/JIANTAA.apm, _physique found!
[MPCharacter::Serialize] sanguo/model/TOUSHICHE.apm, _physique found!
[MPCharacter::Serialize] sanguo/model/ZHANGPENGD.apm, _physique found!
[MPCharacter::Serialize] sanguo/model/QIANGDAO.apm, _physique found!
[MPCharacter::Serialize] sanguo/model/TIGER.apm, _physique found!
[MPCharacter::Serialize] sanguo/model/KMDENG.apm, _physique found!
[MPCharacter::Serialize] sanguo/model/JIANTAA.apm, _physique found!
[MPCharacter::Serialize] sanguo/model/TOUSHICHE.apm, _physique found!
[MPCharacter::Serialize] sanguo/model/ZHANGPENGD.apm, _physique found!
[MPCharacter::Serialize] sanguo/model/StatueA_Gold.apm, _physique found!
[MPCharacter::Serialize] sanguo/model/SHANGDIAN.apm, _physique found!
[MPCharacter::Serialize] sanguo/model/ZHONGDAO_2.apm, _physique found!
