2018-10-07 12:10:40:070 PID:7872 FM:     0  ReplayName = D:\起凡\7fgame\replay\MyGame\AutoSave\my_replays0126.7fr  
2018-10-07 12:10:40:070 PID:7872 FM:     0  自动保存的平台路径：/replay="D:\起凡\7fgame\replay\MyGame\AutoSave\my_replays0126.7fr"  
2018-10-07 12:10:40:070 PID:7872 FM:     0   ReplayName2 = D:\起凡\7fgame\replay\MyGame  
2018-10-07 12:10:40:070 PID:7872 FM:     0  玩家保存的平台路径：/replaypath="D:\起凡\7fgame\replay\MyGame\"  
2018-10-07 12:10:51:105 PID:7872 FM:     0  TRUN_VASL[4] 
2018-10-07 12:11:59:181 PID:7872 FM:  3137  保存录像[152969406] FM[3137] [ ] 
2018-10-07 12:11:59:183 PID:7872 FM:  3137  压缩文件[.\core\hct.o]成功。(.\core\hct.o.zip) 
2018-10-07 12:11:59:183 PID:7872 FM:  3137  FILES 0 11253 .\core\hct.o  
2018-10-07 12:11:59:184 PID:7872 FM:  3137  删除临时文件[1] [.\core\hct.o.zip]  
2018-10-07 12:12:36:824 PID:7872 FM:  5357  保存录像[153007046] FM[5357] [ ] 
2018-10-07 12:13:13:541 PID:7872 FM:  7525  保存录像[153043765] FM[7525] [ ] 
2018-10-07 12:13:48:229 PID:7872 FM:  9569  保存录像[153078453] FM[9569] [ ] 
2018-10-07 12:14:23:525 PID:7872 FM: 11653  保存录像[153113750] FM[11653] [ ] 
2018-10-07 12:14:59:386 PID:7872 FM: 13769  保存录像[153149609] FM[13769] [ ] 
2018-10-07 12:15:35:666 PID:7872 FM: 15909  保存录像[153185890] FM[15909] [ ] 
2018-10-07 12:16:12:151 PID:7872 FM: 18061  保存录像[153222375] FM[18061] [ ] 
2018-10-07 12:16:47:822 PID:7872 FM: 20165  保存录像[153258046] FM[20165] [ ] 
2018-10-07 12:17:23:619 PID:7872 FM: 22277  保存录像[153293843] FM[22277] [ ] 
2018-10-07 12:17:59:684 PID:7872 FM: 24405  保存录像[153329906] FM[24405] [ ] 
2018-10-07 12:18:35:728 PID:7872 FM: 26533  保存录像[153365953] FM[26533] [ ] 
2018-10-07 12:19:12:135 PID:7872 FM: 28681  保存录像[153402359] FM[28681] [ ] 
2018-10-07 12:19:48:697 PID:7872 FM: 30837  保存录像[153438921] FM[30837] [ ] 
2018-10-07 12:20:25:262 PID:7872 FM: 32997  保存录像[153475484] FM[32997] [ ] 
2018-10-07 12:21:01:307 PID:7872 FM: 35121  保存录像[153511531] FM[35121] [ ] 
2018-10-07 12:21:36:386 PID:7872 FM: 37189  保存录像[153546609] FM[37189] [ ] 
2018-10-07 12:22:14:448 PID:7872 FM: 39437  保存录像[153584671] FM[39437] [ ] 
2018-10-07 12:22:50:543 PID:7872 FM: 41565  保存录像[153620765] FM[41565] [ ] 
2018-10-07 12:23:26:217 PID:7872 FM: 43673  保存录像[153656437] FM[43673] [ ] 
2018-10-07 12:24:01:245 PID:7872 FM: 45737  保存录像[153691468] FM[45737] [ ] 
2018-10-07 12:24:37:323 PID:7872 FM: 47869  保存录像[153727546] FM[47869] [ ] 
2018-10-07 12:25:15:167 PID:7872 FM: 50101  保存录像[153765390] FM[50101] [ ] 
2018-10-07 12:25:51:838 PID:7872 FM: 52265  保存录像[153802062] FM[52265] [ ] 
2018-10-07 12:26:29:057 PID:7872 FM: 54461  保存录像[153839281] FM[54461] [ ] 
2018-10-07 12:27:04:801 PID:7872 FM: 56569  保存录像[153875015] FM[56569] [ ] 
2018-10-07 12:27:41:228 PID:7872 FM: 58717  保存录像[153911453] FM[58717] [ ] 
2018-10-07 12:28:16:823 PID:7872 FM: 60817  保存录像[153947046] FM[60817] [ ] 
2018-10-07 12:28:52:387 PID:7872 FM: 62917  保存录像[153982609] FM[62917] [ ] 
2018-10-07 12:29:28:026 PID:7872 FM: 65017  保存录像[154018250] FM[65017] [ ] 
2018-10-07 12:30:04:416 PID:7872 FM: 67165  保存录像[154054640] FM[67165] [ ] 
2018-10-07 12:30:40:822 PID:7872 FM: 69313  保存录像[154091046] FM[69313] [ ] 
2018-10-07 12:31:16:231 PID:7872 FM: 71401  保存录像[154126453] FM[71401] [ ] 
2018-10-07 12:31:51:822 PID:7872 FM: 73501  保存录像[154162046] FM[73501] [ ] 
2018-10-07 12:32:27:541 PID:7872 FM: 75609  保存录像[154197765] FM[75609] [ ] 
2018-10-07 12:33:03:479 PID:7872 FM: 77729  保存录像[154233703] FM[77729] [ ] 
2018-10-07 12:33:38:980 PID:7872 FM: 79825  保存录像[154269203] FM[79825] [ ] 
2018-10-07 12:34:14:728 PID:7872 FM: 81933  保存录像[154304953] FM[81933] [ ] 
2018-10-07 12:34:49:573 PID:7872 FM: 83989  保存录像[154339796] FM[83989] [ ] 
2018-10-07 12:35:25:650 PID:7872 FM: 86117  保存录像[154375875] FM[86117] [ ] 
2018-10-07 12:36:00:556 PID:7872 FM: 88177  保存录像[154410781] FM[88177] [ ] 
2018-10-07 12:36:36:963 PID:7872 FM: 90325  保存录像[154447187] FM[90325] [ ] 
2018-10-07 12:37:12:824 PID:7872 FM: 92441  保存录像[154483046] FM[92441] [ ] 
2018-10-07 12:37:48:338 PID:7872 FM: 94537  保存录像[154518562] FM[94537] [ ] 
2018-10-07 12:38:24:135 PID:7872 FM: 96649  保存录像[154554359] FM[96649] [ ] 
2018-10-07 12:39:00:901 PID:7872 FM: 98817  保存录像[154591125] FM[98817] [ ] 
2018-10-07 12:39:35:979 PID:7872 FM:100889  保存录像[154626203] FM[100889] [ ] 
2018-10-07 12:40:11:745 PID:7872 FM:102997  保存录像[154661968] FM[102997] [ ] 
2018-10-07 12:40:47:083 PID:7872 FM:105081  保存录像[154697296] FM[105081] [ ] 
2018-10-07 12:41:21:963 PID:7872 FM:107141  保存录像[154732187] FM[107141] [ ] 
2018-10-07 12:41:57:776 PID:7872 FM:109253  保存录像[154768000] FM[109253] [ ] 
2018-10-07 12:42:33:433 PID:7872 FM:111357  保存录像[154803656] FM[111357] [ ] 
2018-10-07 12:43:09:434 PID:7872 FM:113481  保存录像[154839656] FM[113481] [ ] 
2018-10-07 12:43:44:150 PID:7872 FM:115529  保存录像[154874375] FM[115529] [ ] 
2018-10-07 12:44:19:620 PID:7872 FM:117621  保存录像[154909843] FM[117621] [ ] 
2018-10-07 12:44:55:607 PID:7872 FM:119745  保存录像[154945828] FM[119745] [ ] 
2018-10-07 12:45:33:217 PID:7872 FM:121965  保存录像[154983437] FM[121965] [ ] 
2018-10-07 12:46:09:714 PID:7872 FM:124117  保存录像[155019937] FM[124117] [ ] 
2018-10-07 12:46:44:965 PID:7872 FM:126197  保存录像[155055187] FM[126197] [ ] 
2018-10-07 12:47:21:096 PID:7872 FM:128329  保存录像[155091312] FM[128329] [ ] 
2018-10-07 12:47:57:213 PID:7872 FM:130461  保存录像[155127437] FM[130461] [ ] 
2018-10-07 12:48:32:543 PID:7872 FM:132545  保存录像[155162765] FM[132545] [ ] 
2018-10-07 12:49:10:449 PID:7872 FM:134781  保存录像[155200671] FM[134781] [ ] 
2018-10-07 12:49:46:154 PID:7872 FM:136889  保存录像[155236375] FM[136889] [ ] 
2018-10-07 12:50:14:536 PID:7872 FM:138474  填充脚本自定义数据[155264750] FM[138474] LEN[11177] 
2018-10-07 12:50:14:536 PID:7872 FM:138474  ONOVERVIDEOSYS [] 
2018-10-07 12:50:14:536 PID:7872 FM:138474  保存录像[155264750] FM[138474] [ ] 
2018-10-07 12:50:14:536 PID:7872 FM:138474  游戏结束保存录像 [1] 
2018-10-07 12:50:14:540 PID:7872 FM:138474  SAVEAS[155264765] [OK] LOCAL [log7872-2018.10.07-12.10.40/replay7872.7fr] Error[0] 
2018-10-07 12:50:14:540 PID:7872 FM:138474  SAVEAS[155264765] [OK] TARGET[D:\起凡\7fgame\replay\MyGame\AutoSave\my_replays0126.7fr] Error[0] 
2018-10-07 12:50:14:540 PID:7872 FM:138474  退出游戏(结束), code 1
 
2018-10-07 12:50:14:540 PID:7872 FM:138474  向服务器发送录像信息(无请求) 
