138474, mvp_value =500, famous_point = 4, famous_point_per = 10
138474, result_per = 1, time_per = 0.75, num_per = 1
138474, 计算经验值为405
138474, 需刷新,疲劳度为200
138474, 计算经验值为810
138474, mvp_value =500, famous_point = 0, famous_point_per = 10
138474, result_per = 1, time_per = 0.75, num_per = 1
138474, 计算经验值为375
138474, 需刷新,疲劳度为200
138474, 计算经验值为750
138474, mvp_value =336, famous_point = 1, famous_point_per = 10
138474, result_per = 1, time_per = 0.75, num_per = 1
138474, 计算经验值为260
138474, 需刷新,疲劳度为200
138474, 计算经验值为520
138474, mvp_value =242, famous_point = 0, famous_point_per = 10
138474, result_per = 1, time_per = 0.75, num_per = 1
138474, 计算经验值为182
138474, 需刷新,疲劳度为200
138474, 计算经验值为364
138474, mvp_value =423, famous_point = 2, famous_point_per = 10
138474, result_per = 1, time_per = 0.75, num_per = 1
138474, 计算经验值为332
138474, 需刷新,疲劳度为200
138474, 计算经验值为664
138474, mvp_value =500, famous_point = 3, famous_point_per = 10
138474, result_per = 1, time_per = 0.75, num_per = 1
138474, 计算经验值为398
138474, 需刷新,疲劳度为200
138474, 计算经验值为796
138474, mvp_value =491, famous_point = 0, famous_point_per = 10
138474, result_per = 1, time_per = 0.75, num_per = 1
138474, 计算经验值为368
138474, 需刷新,疲劳度为200
138474, 计算经验值为736
138474, mvp_value =500, famous_point = 0, famous_point_per = 10
138474, result_per = 1, time_per = 0.75, num_per = 1
138474, 计算经验值为375
138474, 需刷新,疲劳度为200
138474, 计算经验值为750
138474, mvp_value =500, famous_point = 5, famous_point_per = 10
138474, result_per = 1, time_per = 0.75, num_per = 1
138474, 计算经验值为413
138474, 需刷新,疲劳度为200
138474, 计算经验值为826
138474, mvp_value =310, famous_point = 0, famous_point_per = 10
138474, result_per = 1, time_per = 0.75, num_per = 1
138474, 计算经验值为233
138474, 需刷新,疲劳度为200
138474, 计算经验值为466
138474, mvp_value =418, famous_point = 0, famous_point_per = 10
138474, result_per = 0.6, time_per = 0.75, num_per = 1
138474, 计算经验值为188
138474, 需刷新,疲劳度为200
138474, 计算经验值为376
138474, mvp_value =242, famous_point = 0, famous_point_per = 10
138474, result_per = 0.6, time_per = 0.75, num_per = 1
138474, 计算经验值为109
138474, 需刷新,疲劳度为200
138474, 计算经验值为218
138474, mvp_value =390, famous_point = 0, famous_point_per = 10
138474, result_per = 0.6, time_per = 0.75, num_per = 1
138474, 计算经验值为176
138474, 需刷新,疲劳度为200
138474, 计算经验值为352
138474, mvp_value =249, famous_point = 0, famous_point_per = 10
138474, result_per = 0.6, time_per = 0.75, num_per = 1
138474, 计算经验值为112
138474, 需刷新,疲劳度为200
138474, 计算经验值为224
138474, mvp_value =311, famous_point = 0, famous_point_per = 10
138474, result_per = 0.6, time_per = 0.75, num_per = 1
138474, 计算经验值为140
138474, 需刷新,疲劳度为200
138474, 计算经验值为280
138474, mvp_value =430, famous_point = 1, famous_point_per = 10
138474, result_per = 0.6, time_per = 0.75, num_per = 1
138474, 计算经验值为198
138474, 需刷新,疲劳度为200
138474, 计算经验值为396
138474, mvp_value =421, famous_point = 1, famous_point_per = 10
138474, result_per = 0.6, time_per = 0.75, num_per = 1
138474, 计算经验值为194
138474, 需刷新,疲劳度为200
138474, 计算经验值为388
138474, mvp_value =395, famous_point = 0, famous_point_per = 10
138474, result_per = 0.6, time_per = 0.75, num_per = 1
138474, 计算经验值为178
138474, 需刷新,疲劳度为200
138474, 计算经验值为356
138474, mvp_value =339, famous_point = 0, famous_point_per = 10
138474, result_per = 0.6, time_per = 0.75, num_per = 1
138474, 计算经验值为153
138474, 需刷新,疲劳度为200
138474, 计算经验值为306
138474, mvp_value =283, famous_point = 0, famous_point_per = 10
138474, result_per = 0.6, time_per = 0.75, num_per = 1
138474, 计算经验值为127
138474, 需刷新,疲劳度为200
138474, 计算经验值为254
