138474, p_control_id = 1
138474, Old_Point = 785
138474, Add_Point = 23
138474, New_Point_Real = 808
138474, G_Tab.ELOpoint[p_control_id][ELOkind + 2] = 1339
138474, p_control_id = 2
138474, Old_Point = 802
138474, Add_Point = 15
138474, New_Point_Real = 817
138474, G_Tab.ELOpoint[p_control_id][ELOkind + 2] = 220
138474, p_control_id = 3
138474, Old_Point = 610
138474, Add_Point = 23
138474, New_Point_Real = 633
138474, G_Tab.ELOpoint[p_control_id][ELOkind + 2] = 381
138474, p_control_id = 4
138474, Old_Point = 663
138474, Add_Point = 21
138474, New_Point_Real = 684
138474, G_Tab.ELOpoint[p_control_id][ELOkind + 2] = 65
138474, p_control_id = 5
138474, Old_Point = 674
138474, Add_Point = 20
138474, New_Point_Real = 694
138474, G_Tab.ELOpoint[p_control_id][ELOkind + 2] = 4923
138474, p_control_id = 6
138474, Old_Point = 605
138474, Add_Point = 28
138474, New_Point_Real = 633
138474, G_Tab.ELOpoint[p_control_id][ELOkind + 2] = 2057
138474, p_control_id = 7
138474, Old_Point = 697
138474, Add_Point = 19
138474, New_Point_Real = 716
138474, G_Tab.ELOpoint[p_control_id][ELOkind + 2] = 5233
138474, p_control_id = 8
138474, Old_Point = 686
138474, Add_Point = 20
138474, New_Point_Real = 706
138474, G_Tab.ELOpoint[p_control_id][ELOkind + 2] = 1684
138474, p_control_id = 9
138474, Old_Point = 546
138474, Add_Point = 50
138474, New_Point_Real = 596
138474, G_Tab.ELOpoint[p_control_id][ELOkind + 2] = 1154
138474, p_control_id = 10
138474, Old_Point = 641
138474, Add_Point = 22
138474, New_Point_Real = 663
138474, G_Tab.ELOpoint[p_control_id][ELOkind + 2] = 2506
138474, p_control_id = 11
138474, Old_Point = 764
138474, Add_Point = -14
138474, New_Point_Real = 750
138474, G_Tab.ELOpoint[p_control_id][ELOkind + 2] = 2152
138474, p_control_id = 12
138474, Old_Point = 1226
138474, Add_Point = -29
138474, New_Point_Real = 1197
138474, G_Tab.ELOpoint[p_control_id][ELOkind + 2] = 23
138474, p_control_id = 13
138474, Old_Point = 744
138474, Add_Point = -19
138474, New_Point_Real = 725
138474, G_Tab.ELOpoint[p_control_id][ELOkind + 2] = 7122
138474, p_control_id = 14
138474, Old_Point = 593
138474, Add_Point = -12
138474, New_Point_Real = 581
138474, G_Tab.ELOpoint[p_control_id][ELOkind + 2] = 9863
138474, p_control_id = 15
138474, Old_Point = 646
138474, Add_Point = -15
138474, New_Point_Real = 631
138474, G_Tab.ELOpoint[p_control_id][ELOkind + 2] = 3148
138474, p_control_id = 16
138474, Old_Point = 712
138474, Add_Point = -9
138474, New_Point_Real = 703
138474, G_Tab.ELOpoint[p_control_id][ELOkind + 2] = 628
138474, p_control_id = 17
138474, Old_Point = 758
138474, Add_Point = -12
138474, New_Point_Real = 746
138474, G_Tab.ELOpoint[p_control_id][ELOkind + 2] = 3036
138474, p_control_id = 18
138474, Old_Point = 791
138474, Add_Point = -21
138474, New_Point_Real = 770
138474, G_Tab.ELOpoint[p_control_id][ELOkind + 2] = 2533
138474, p_control_id = 19
138474, Old_Point = 716
138474, Add_Point = -18
138474, New_Point_Real = 698
138474, G_Tab.ELOpoint[p_control_id][ELOkind + 2] = 5522
138474, p_control_id = 20
138474, Old_Point = 790
138474, Add_Point = -21
138474, New_Point_Real = 769
138474, G_Tab.ELOpoint[p_control_id][ELOkind + 2] = 2578
