138474, 	玩家名	controlid	天梯10V10竞技积分	普通匹配10V10竞技积分	天梯10V10局数	普通10V10局数	天梯10V10竞技加分	普通匹配10V10竞技加分	表现系数	波动系数	高分系数	当局MVP	消费信息
138474, 	唯爱丿吻	1	623	785	205	1339	18	23	1.5	1	1	718	828
138474, 	九零後灬小伟	2	668	802	32	220	12	15	1	1	1	537	796
138474, 	q秋月私语	3	618	610	14	381	12	23	1	1	1	336	1041
138474, 	没有我不服	4	563	663	18	65	13	21	1	1	1	242	347
138474, 	妞丿想哥没	5	650	674	17	4923	12	20	1	1	1	423	547
138474, 	lin1062648530	6	564	605	39	2057	16	28	1.2	1	1	601	414
138474, 	犀利哥丨钱多多	7	616	697	260	5233	12	19	1	1	1	491	554
138474, 	不爱破c丶	8	544	686	98	1684	6	20	1	1	1	562	609
138474, 	你好加我	9	667	546	78	1154	24	50	2	1	1	734	430
138474, 	弑你的灬小眯	10	551	641	149	2506	12	22	1	1	1	310	500
138474, 	走红D调	11	588	764	63	2152	-8	-14	0.7	1	1	418	924
138474, 	大将军9999	12	627	1226	23	23	-12	-29	1	1	1	242	131
138474, 	本田雅阁也上树	13	632	744	136	7122	-11	-19	1	1	1	390	821
138474, 	啊米多浮	14	518	593	248	9863	-12	-12	1	1	1	249	309
138474, 	从哈哈到高手	15	563	646	31	3148	-12	-15	1	1	1	311	355
138474, 	右耳钉丶残恋	16	577	712	56	628	-6	-9	0.5	1	1	430	659
138474, 	我艹403	17	644	758	172	3036	-7	-12	0.6	1	1	421	360
138474, 	水中月008	18	622	791	95	2533	-12	-21	1	1	1	395	513
138474, 	马小岱丶1	19	601	716	101	5522	-12	-18	1	1	1	339	512
138474, 	硪只在乎祢	20	614	790	161	2578	-12	-21	1	1	1	283	648
138474, ***************以下是开局时的匹配信息****************
138474, 	玩家名	controlid	天梯10V10竞技积分	普通匹配10V10竞技积分	天梯10V10局数	普通10V10局数	组队系数	组队后匹配信息	消费信息	局质量
138474, 	狼牙将士;font=390573176;a=255;r=138;g=133;b=78;|return=5|;|text=唯爱丿吻	1	623	785	205	1339	1	623	834	100
138474, 	狼牙将士;font=390573176;a=255;r=138;g=133;b=78;|return=5|;|text=九零後灬小伟	2	668	802	32	220	1	668	736	100
138474, 	Ar丶妓	3	570	651	318	8734	1	570	321	100
138474, 	狼牙将士;font=390573176;a=255;r=138;g=133;b=78;|return=5|;|text=没有我不服	4	563	663	18	65	1	563	333	100
138474, 	狼牙将士;font=390573176;a=255;r=138;g=133;b=78;|return=5|;|text=妞丿想哥没	5	650	674	17	4923	1	650	499	100
138474, 	狼牙将士;font=390573176;a=255;r=138;g=133;b=78;|return=5|;|text=lin1062648530	6	564	605	39	2057	1	564	392	100
138474, 	狼牙将士;font=390573176;a=255;r=138;g=133;b=78;|return=5|;|text=犀利哥丨钱多多	7	616	697	260	5233	1	616	569	100
138474, 	狼牙将士;font=390573176;a=255;r=138;g=133;b=78;|return=5|;|text=不爱破c丶	8	544	686	98	1684	1	544	558	100
138474, 	小布sos	9	594	618	145	11484	1	594	546	100
138474, 	狼牙将士;font=390573176;a=255;r=138;g=133;b=78;|return=5|;|text=弑你的灬小眯	10	551	641	149	2506	1	551	680	100
138474, 	狼牙将士;font=390573176;a=255;r=138;g=133;b=78;|return=5|;|text=走红D调	11	588	764	63	2152	1	588	868	100
138474, 	狼牙将士;font=390573176;a=255;r=138;g=133;b=78;|return=5|;|text=大将军9999	12	627	1226	23	23	1	627	120	100
138474, 	狼牙将士;font=390573176;a=255;r=138;g=133;b=78;|return=5|;|text=本田雅阁也上树	13	632	744	136	7122	1	632	666	100
138474, 	貌shi丨狠NB	14	583	656	150	1697	1	583	677	100
138474, 	狼牙将士;font=390573176;a=255;r=138;g=133;b=78;|return=5|;|text=从哈哈到高手	15	563	646	31	3148	1	563	328	100
138474, 	狼牙将士;font=390573176;a=255;r=138;g=133;b=78;|return=5|;|text=右耳钉丶残恋	16	577	712	56	628	1	577	671	100
138474, 	狼牙将士;font=390573176;a=255;r=138;g=133;b=78;|return=5|;|text=我艹403	17	644	758	172	3036	1	644	338	100
138474, 	狼牙将士;font=390573176;a=255;r=138;g=133;b=78;|return=5|;|text=水中月008	18	622	791	95	2533	1	622	528	100
138474, 	狼牙将士;font=390573176;a=255;r=138;g=133;b=78;|return=5|;|text=马小岱丶1	19	601	716	101	5522	1	601	421	100
138474, 	狼牙将士;font=390573176;a=255;r=138;g=133;b=78;|return=5|;|text=硪只在乎祢	20	614	790	161	2578	1	614	657	100
138474, 更详细的记录在eloScore
