138474, control_id = 1
138474, MyMVP = 718
138474, Midmvp = 491
138474, iswin = 1
138474, control_id = 1
138474, MyMVP = 718
138474, Midmvp = 491
138474, iswin = 1
138474, control_id = 2
138474, MyMVP = 537
138474, Midmvp = 491
138474, iswin = 1
138474, control_id = 2
138474, MyMVP = 537
138474, Midmvp = 491
138474, iswin = 1
138474, control_id = 3
138474, MyMVP = 336
138474, Midmvp = 491
138474, iswin = 1
138474, control_id = 3
138474, MyMVP = 336
138474, Midmvp = 491
138474, iswin = 1
138474, control_id = 4
138474, MyMVP = 242
138474, Midmvp = 491
138474, iswin = 1
138474, control_id = 4
138474, MyMVP = 242
138474, Midmvp = 491
138474, iswin = 1
138474, control_id = 5
138474, MyMVP = 423
138474, Midmvp = 491
138474, iswin = 1
138474, control_id = 5
138474, MyMVP = 423
138474, Midmvp = 491
138474, iswin = 1
138474, control_id = 6
138474, MyMVP = 601
138474, Midmvp = 491
138474, iswin = 1
138474, control_id = 6
138474, MyMVP = 601
138474, Midmvp = 491
138474, iswin = 1
138474, control_id = 7
138474, MyMVP = 491
138474, Midmvp = 491
138474, iswin = 1
138474, control_id = 7
138474, MyMVP = 491
138474, Midmvp = 491
138474, iswin = 1
138474, control_id = 8
138474, MyMVP = 562
138474, Midmvp = 491
138474, iswin = 1
138474, control_id = 8
138474, MyMVP = 562
138474, Midmvp = 491
138474, iswin = 1
138474, control_id = 9
138474, MyMVP = 734
138474, Midmvp = 491
138474, iswin = 1
138474, control_id = 9
138474, MyMVP = 734
138474, Midmvp = 491
138474, iswin = 1
138474, control_id = 10
138474, MyMVP = 310
138474, Midmvp = 491
138474, iswin = 1
138474, control_id = 10
138474, MyMVP = 310
138474, Midmvp = 491
138474, iswin = 1
138474, control_id = 11
138474, MyMVP = 418
138474, Midmvp = 339
138474, iswin = 0
138474, control_id = 11
138474, MyMVP = 418
138474, Midmvp = 339
138474, iswin = 0
138474, control_id = 12
138474, MyMVP = 242
138474, Midmvp = 339
138474, iswin = 0
138474, control_id = 12
138474, MyMVP = 242
138474, Midmvp = 339
138474, iswin = 0
138474, control_id = 13
138474, MyMVP = 390
138474, Midmvp = 339
138474, iswin = 0
138474, control_id = 13
138474, MyMVP = 390
138474, Midmvp = 339
138474, iswin = 0
138474, control_id = 14
138474, MyMVP = 249
138474, Midmvp = 339
138474, iswin = 0
138474, control_id = 14
138474, MyMVP = 249
138474, Midmvp = 339
138474, iswin = 0
138474, control_id = 15
138474, MyMVP = 311
138474, Midmvp = 339
138474, iswin = 0
138474, control_id = 15
138474, MyMVP = 311
138474, Midmvp = 339
138474, iswin = 0
138474, control_id = 16
138474, MyMVP = 430
138474, Midmvp = 339
138474, iswin = 0
138474, control_id = 16
138474, MyMVP = 430
138474, Midmvp = 339
138474, iswin = 0
138474, control_id = 17
138474, MyMVP = 421
138474, Midmvp = 339
138474, iswin = 0
138474, control_id = 17
138474, MyMVP = 421
138474, Midmvp = 339
138474, iswin = 0
138474, control_id = 18
138474, MyMVP = 395
138474, Midmvp = 339
138474, iswin = 0
138474, control_id = 18
138474, MyMVP = 395
138474, Midmvp = 339
138474, iswin = 0
138474, control_id = 19
138474, MyMVP = 339
138474, Midmvp = 339
138474, iswin = 0
138474, control_id = 19
138474, MyMVP = 339
138474, Midmvp = 339
138474, iswin = 0
138474, control_id = 20
138474, MyMVP = 283
138474, Midmvp = 339
138474, iswin = 0
138474, control_id = 20
138474, MyMVP = 283
138474, Midmvp = 339
138474, iswin = 0
