5, ***************开局查询积分**********************
5, 玩家名：九零後灬小伟
5, 天梯10V10竞技积分 = 668
5, 普通匹配10V10竞技积分 = 802
5, 天梯10V10局数 = 32
5, 普通10V10局数 = 220
5, 预留 = 36
5, 段位 =  兵卒二等
5, ***************开局查询积分**********************
5, 玩家名：水中月008
5, 天梯10V10竞技积分 = 622
5, 普通匹配10V10竞技积分 = 791
5, 天梯10V10局数 = 95
5, 普通10V10局数 = 2533
5, 预留 = 44
5, 段位 =  兵卒三等
5, ***************开局查询积分**********************
5, 玩家名：马小岱丶1
5, 天梯10V10竞技积分 = 601
5, 普通匹配10V10竞技积分 = 716
5, 天梯10V10局数 = 101
5, 普通10V10局数 = 5522
5, 预留 = 0
5, 段位 =  兵卒三等
5, ***************开局查询积分**********************
5, 玩家名：走红D调
5, 天梯10V10竞技积分 = 588
5, 普通匹配10V10竞技积分 = 764
5, 天梯10V10局数 = 63
5, 普通10V10局数 = 2152
5, 预留 = 76
5, 段位 =  兵卒四等
5, ***************开局查询积分**********************
5, 玩家名：没有我不服
5, 天梯10V10竞技积分 = 563
5, 普通匹配10V10竞技积分 = 663
5, 天梯10V10局数 = 18
5, 普通10V10局数 = 65
5, 预留 = 26
5, 段位 =  兵卒四等
5, ***************开局查询积分**********************
5, 玩家名：大将军9999
5, 天梯10V10竞技积分 = 627
5, 普通匹配10V10竞技积分 = 1226
5, 天梯10V10局数 = 23
5, 普通10V10局数 = 23
5, 预留 = 54
5, 段位 =  兵卒三等
5, ***************开局查询积分**********************
5, 玩家名：貌shi丨狠NB
5, 天梯10V10竞技积分 = 583
5, 普通匹配10V10竞技积分 = 656
5, 天梯10V10局数 = 150
5, 普通10V10局数 = 1697
5, 预留 = 66
5, 段位 =  兵卒四等
5, ***************开局查询积分**********************
5, 玩家名：我艹403
5, 天梯10V10竞技积分 = 644
5, 普通匹配10V10竞技积分 = 758
5, 天梯10V10局数 = 172
5, 普通10V10局数 = 3036
5, 预留 = 88
5, 段位 =  兵卒三等
5, ***************开局查询积分**********************
5, 玩家名：犀利哥丨钱多多
5, 天梯10V10竞技积分 = 616
5, 普通匹配10V10竞技积分 = 697
5, 天梯10V10局数 = 260
5, 普通10V10局数 = 5233
5, 预留 = 32
5, 段位 =  兵卒三等
5, ***************开局查询积分**********************
5, 玩家名：妞丿想哥没
5, 天梯10V10竞技积分 = 650
5, 普通匹配10V10竞技积分 = 674
5, 天梯10V10局数 = 17
5, 普通10V10局数 = 4923
5, 预留 = 100
5, 段位 =  兵卒三等
5, ***************开局查询积分**********************
5, 玩家名：本田雅阁也上树
5, 天梯10V10竞技积分 = 632
5, 普通匹配10V10竞技积分 = 744
5, 天梯10V10局数 = 136
5, 普通10V10局数 = 7122
5, 预留 = 64
5, 段位 =  兵卒三等
5, ***************开局查询积分**********************
5, 玩家名：小布sos
5, 天梯10V10竞技积分 = 594
5, 普通匹配10V10竞技积分 = 618
5, 天梯10V10局数 = 145
5, 普通10V10局数 = 11484
5, 预留 = 88
5, 段位 =  兵卒四等
5, ***************开局查询积分**********************
5, 玩家名：Ar丶妓
5, 天梯10V10竞技积分 = 570
5, 普通匹配10V10竞技积分 = 651
5, 天梯10V10局数 = 318
5, 普通10V10局数 = 8734
5, 预留 = 40
5, 段位 =  兵卒四等
5, ***************开局查询积分**********************
5, 玩家名：硪只在乎祢
5, 天梯10V10竞技积分 = 614
5, 普通匹配10V10竞技积分 = 790
5, 天梯10V10局数 = 161
5, 普通10V10局数 = 2578
5, 预留 = 28
5, 段位 =  兵卒三等
5, ***************开局查询积分**********************
5, 玩家名：弑你的灬小眯
5, 天梯10V10竞技积分 = 551
5, 普通匹配10V10竞技积分 = 641
5, 天梯10V10局数 = 149
5, 普通10V10局数 = 2506
5, 预留 = 0
5, 段位 =  兵卒四等
5, ***************开局查询积分**********************
5, 玩家名：lin1062648530
5, 天梯10V10竞技积分 = 564
5, 普通匹配10V10竞技积分 = 605
5, 天梯10V10局数 = 39
5, 普通10V10局数 = 2057
5, 预留 = 28
5, 段位 =  兵卒四等
5, ***************开局查询积分**********************
5, 玩家名：唯爱丿吻
5, 天梯10V10竞技积分 = 623
5, 普通匹配10V10竞技积分 = 785
5, 天梯10V10局数 = 205
5, 普通10V10局数 = 1339
5, 预留 = 46
5, 段位 =  兵卒三等
5, ***************开局查询积分**********************
5, 玩家名：不爱破c丶
5, 天梯10V10竞技积分 = 544
5, 普通匹配10V10竞技积分 = 686
5, 天梯10V10局数 = 98
5, 普通10V10局数 = 1684
5, 预留 = 88
5, 段位 =  兵卒五等
5, ***************开局查询积分**********************
5, 玩家名：右耳钉丶残恋
5, 天梯10V10竞技积分 = 577
5, 普通匹配10V10竞技积分 = 712
5, 天梯10V10局数 = 56
5, 普通10V10局数 = 628
5, 预留 = 54
5, 段位 =  兵卒四等
5, ***************开局查询积分**********************
5, 玩家名：从哈哈到高手
5, 天梯10V10竞技积分 = 563
5, 普通匹配10V10竞技积分 = 646
5, 天梯10V10局数 = 31
5, 普通10V10局数 = 3148
5, 预留 = 24
5, 段位 =  兵卒四等
3569, ***************整理逃跑玩家信息**********************
3569, 玩家名：小布sos
3569, ELOSwitch = 1
3569, ELOkind = 2
3569, Add_Point = -9
3569, 天梯10V10竞技积分 = -23
3569, 普通匹配10V10竞技积分 = -9
3569, 天梯10V10局数 = 1
3569, 普通10V10局数 = 1
3569, 表现系数 = 1
3569, 波动系数 = 1
3569, 高分系数 = 1
3569, 消费信息 = 520
11513, ***************整理逃跑玩家信息**********************
11513, 玩家名：Ar丶妓
11513, ELOSwitch = 1
11513, ELOkind = 2
11513, Add_Point = -10
11513, 天梯10V10竞技积分 = -19
11513, 普通匹配10V10竞技积分 = -10
11513, 天梯10V10局数 = 1
11513, 普通10V10局数 = 1
11513, 表现系数 = 1
11513, 波动系数 = 1
11513, 高分系数 = 1
11513, 消费信息 = 321
11925, ***************整理逃跑玩家信息**********************
11925, 玩家名：貌shi丨狠NB
11925, ELOSwitch = 1
11925, ELOkind = 2
11925, Add_Point = -15
11925, 天梯10V10竞技积分 = -24
11925, 普通匹配10V10竞技积分 = -15
11925, 天梯10V10局数 = 1
11925, 普通10V10局数 = 1
11925, 表现系数 = 1
11925, 波动系数 = 1
11925, 高分系数 = 1
11925, 消费信息 = 595
19665, ***************开局查询积分**********************
19665, 玩家名：lyw474395494
19665, 天梯10V10竞技积分 = 651
19665, 普通匹配10V10竞技积分 = 776
19665, 天梯10V10局数 = 91
19665, 普通10V10局数 = 2412
19665, 预留 = 0
19665, 段位 =  兵卒二等
20093, ***************开局查询积分**********************
20093, 玩家名：lyw474395494
20093, 天梯10V10竞技积分 = 651
20093, 普通匹配10V10竞技积分 = 776
20093, 天梯10V10局数 = 91
20093, 普通10V10局数 = 2412
20093, 预留 = 0
20093, 段位 =  兵卒二等
32217, ***************开局查询积分**********************
32217, 玩家名：你好加我
32217, 天梯10V10竞技积分 = 667
32217, 普通匹配10V10竞技积分 = 546
32217, 天梯10V10局数 = 78
32217, 普通10V10局数 = 1154
32217, 预留 = 34
32217, 段位 =  兵卒二等
32769, ***************开局查询积分**********************
32769, 玩家名：你好加我
32769, 天梯10V10竞技积分 = 667
32769, 普通匹配10V10竞技积分 = 546
32769, 天梯10V10局数 = 78
32769, 普通10V10局数 = 1154
32769, 预留 = 34
32769, 段位 =  兵卒二等
33845, ***************整理逃跑玩家信息**********************
33845, 玩家名：狼牙将士;font=390573176;a=255;r=138;g=133;b=78;|return=5|;|text=lyw474395494
33845, ELOSwitch = 1
33845, ELOkind = 2
33845, Add_Point = -16
33845, 天梯10V10竞技积分 = 0
33845, 普通匹配10V10竞技积分 = -16
33845, 天梯10V10局数 = 1
33845, 普通10V10局数 = 1
33845, 表现系数 = 1
33845, 波动系数 = 1
33845, 高分系数 = 1
33845, 消费信息 = 641
38029, ***************开局查询积分**********************
38029, 玩家名：啊米多浮
38029, 天梯10V10竞技积分 = 518
38029, 普通匹配10V10竞技积分 = 593
38029, 天梯10V10局数 = 248
38029, 普通10V10局数 = 9863
38029, 预留 = 36
38029, 段位 =  兵卒五等
38301, ***************开局查询积分**********************
38301, 玩家名：啊米多浮
38301, 天梯10V10竞技积分 = 518
38301, 普通匹配10V10竞技积分 = 593
38301, 天梯10V10局数 = 248
38301, 普通10V10局数 = 9863
38301, 预留 = 36
38301, 段位 =  兵卒五等
42709, ***************开局查询积分**********************
42709, 玩家名：q秋月私语
42709, 天梯10V10竞技积分 = 618
42709, 普通匹配10V10竞技积分 = 610
42709, 天梯10V10局数 = 14
42709, 普通10V10局数 = 381
42709, 预留 = 36
42709, 段位 =  兵卒三等
43065, ***************开局查询积分**********************
43065, 玩家名：q秋月私语
43065, 天梯10V10竞技积分 = 618
43065, 普通匹配10V10竞技积分 = 610
43065, 天梯10V10局数 = 14
43065, 普通10V10局数 = 381
43065, 预留 = 36
43065, 段位 =  兵卒三等
53341, ***************整理逃跑玩家信息**********************
53341, 玩家名：狼牙将士;font=390573176;a=255;r=138;g=133;b=78;|return=5|;|text=从哈哈到高手
53341, ELOSwitch = 1
53341, ELOkind = 2
53341, Add_Point = -15
53341, 天梯10V10竞技积分 = -12
53341, 普通匹配10V10竞技积分 = -15
53341, 天梯10V10局数 = 1
53341, 普通10V10局数 = 1
53341, 表现系数 = 1
53341, 波动系数 = 1
53341, 高分系数 = 1
53341, 消费信息 = 328
55873, ***************开局查询积分**********************
55873, 玩家名：狼牙将士;font=390573176;a=255;r=138;g=133;b=78;|return=5|;|text=从哈哈到高手
55873, 天梯10V10竞技积分 = 563
55873, 普通匹配10V10竞技积分 = 646
55873, 天梯10V10局数 = 31
55873, 普通10V10局数 = 3148
55873, 预留 = 24
55873, 段位 =  兵卒四等
56737, ***************开局查询积分**********************
56737, 玩家名：狼牙将士;font=390573176;a=255;r=138;g=133;b=78;|return=5|;|text=从哈哈到高手
56737, 天梯10V10竞技积分 = 563
56737, 普通匹配10V10竞技积分 = 646
56737, 天梯10V10局数 = 31
56737, 普通10V10局数 = 3148
56737, 预留 = 24
56737, 段位 =  兵卒四等
138197, ***************开局查询积分**********************
138197, 玩家名：狼牙将士;font=390573176;a=255;r=138;g=133;b=78;|return=5|;|text=不爱破c丶
138197, 天梯10V10竞技积分 = 544
138197, 普通匹配10V10竞技积分 = 686
138197, 天梯10V10局数 = 98
138197, 普通10V10局数 = 1684
138197, 预留 = 88
138197, 段位 =  兵卒五等
138197, ***************开局查询积分**********************
138197, 玩家名：狼牙将士;font=390573176;a=255;r=138;g=133;b=78;|return=5|;|text=水中月008
138197, 天梯10V10竞技积分 = 622
138197, 普通匹配10V10竞技积分 = 791
138197, 天梯10V10局数 = 95
138197, 普通10V10局数 = 2533
138197, 预留 = 44
138197, 段位 =  兵卒三等
138197, ***************开局查询积分**********************
138197, 玩家名：狼牙将士;font=390573176;a=255;r=138;g=133;b=78;|return=5|;|text=九零後灬小伟
138197, 天梯10V10竞技积分 = 668
138197, 普通匹配10V10竞技积分 = 802
138197, 天梯10V10局数 = 32
138197, 普通10V10局数 = 220
138197, 预留 = 36
138197, 段位 =  兵卒二等
138197, ***************开局查询积分**********************
138197, 玩家名：狼牙将士;font=390573176;a=255;r=138;g=133;b=78;|return=5|;|text=右耳钉丶残恋
138197, 天梯10V10竞技积分 = 577
138197, 普通匹配10V10竞技积分 = 712
138197, 天梯10V10局数 = 56
138197, 普通10V10局数 = 628
138197, 预留 = 54
138197, 段位 =  兵卒四等
138197, ***************开局查询积分**********************
138197, 玩家名：狼牙将士;font=390573176;a=255;r=138;g=133;b=78;|return=5|;|text=硪只在乎祢
138197, 天梯10V10竞技积分 = 614
138197, 普通匹配10V10竞技积分 = 790
138197, 天梯10V10局数 = 161
138197, 普通10V10局数 = 2578
138197, 预留 = 28
138197, 段位 =  兵卒三等
138197, ***************开局查询积分**********************
138197, 玩家名：狼牙将士;font=390573176;a=255;r=138;g=133;b=78;|return=5|;|text=马小岱丶1
138197, 天梯10V10竞技积分 = 601
138197, 普通匹配10V10竞技积分 = 716
138197, 天梯10V10局数 = 101
138197, 普通10V10局数 = 5522
138197, 预留 = 0
138197, 段位 =  兵卒三等
138197, ***************开局查询积分**********************
138197, 玩家名：狼牙将士;font=390573176;a=255;r=138;g=133;b=78;|return=5|;|text=没有我不服
138197, 天梯10V10竞技积分 = 563
138197, 普通匹配10V10竞技积分 = 663
138197, 天梯10V10局数 = 18
138197, 普通10V10局数 = 65
138197, 预留 = 26
138197, 段位 =  兵卒四等
138197, ***************开局查询积分**********************
138197, 玩家名：狼牙将士;font=390573176;a=255;r=138;g=133;b=78;|return=5|;|text=lin1062648530
138197, 天梯10V10竞技积分 = 564
138197, 普通匹配10V10竞技积分 = 605
138197, 天梯10V10局数 = 39
138197, 普通10V10局数 = 2057
138197, 预留 = 28
138197, 段位 =  兵卒四等
138197, ***************开局查询积分**********************
138197, 玩家名：狼牙将士;font=390573176;a=255;r=138;g=133;b=78;|return=5|;|text=走红D调
138197, 天梯10V10竞技积分 = 588
138197, 普通匹配10V10竞技积分 = 764
138197, 天梯10V10局数 = 63
138197, 普通10V10局数 = 2152
138197, 预留 = 76
138197, 段位 =  兵卒四等
138197, ***************开局查询积分**********************
138197, 玩家名：狼牙将士;font=390573176;a=255;r=138;g=133;b=78;|return=5|;|text=你好加我
138197, 天梯10V10竞技积分 = 667
138197, 普通匹配10V10竞技积分 = 546
138197, 天梯10V10局数 = 78
138197, 普通10V10局数 = 1154
138197, 预留 = 34
138197, 段位 =  兵卒二等
138197, ***************开局查询积分**********************
138197, 玩家名：狼牙将士;font=390573176;a=255;r=138;g=133;b=78;|return=5|;|text=犀利哥丨钱多多
138197, 天梯10V10竞技积分 = 616
138197, 普通匹配10V10竞技积分 = 697
138197, 天梯10V10局数 = 260
138197, 普通10V10局数 = 5233
138197, 预留 = 32
138197, 段位 =  兵卒三等
138201, ***************开局查询积分**********************
138201, 玩家名：狼牙将士;font=390573176;a=255;r=138;g=133;b=78;|return=5|;|text=啊米多浮
138201, 天梯10V10竞技积分 = 518
138201, 普通匹配10V10竞技积分 = 593
138201, 天梯10V10局数 = 248
138201, 普通10V10局数 = 9863
138201, 预留 = 36
138201, 段位 =  兵卒五等
138201, ***************开局查询积分**********************
138201, 玩家名：狼牙将士;font=390573176;a=255;r=138;g=133;b=78;|return=5|;|text=本田雅阁也上树
138201, 天梯10V10竞技积分 = 632
138201, 普通匹配10V10竞技积分 = 744
138201, 天梯10V10局数 = 136
138201, 普通10V10局数 = 7122
138201, 预留 = 64
138201, 段位 =  兵卒三等
138201, ***************开局查询积分**********************
138201, 玩家名：狼牙将士;font=390573176;a=255;r=138;g=133;b=78;|return=5|;|text=大将军9999
138201, 天梯10V10竞技积分 = 627
138201, 普通匹配10V10竞技积分 = 1226
138201, 天梯10V10局数 = 23
138201, 普通10V10局数 = 23
138201, 预留 = 54
138201, 段位 =  兵卒三等
138201, ***************开局查询积分**********************
138201, 玩家名：狼牙将士;font=390573176;a=255;r=138;g=133;b=78;|return=5|;|text=妞丿想哥没
138201, 天梯10V10竞技积分 = 650
138201, 普通匹配10V10竞技积分 = 674
138201, 天梯10V10局数 = 17
138201, 普通10V10局数 = 4923
138201, 预留 = 100
138201, 段位 =  兵卒三等
138201, ***************开局查询积分**********************
138201, 玩家名：狼牙将士;font=390573176;a=255;r=138;g=133;b=78;|return=5|;|text=弑你的灬小眯
138201, 天梯10V10竞技积分 = 551
138201, 普通匹配10V10竞技积分 = 641
138201, 天梯10V10局数 = 149
138201, 普通10V10局数 = 2506
138201, 预留 = 0
138201, 段位 =  兵卒四等
138201, ***************开局查询积分**********************
138201, 玩家名：狼牙将士;font=390573176;a=255;r=138;g=133;b=78;|return=5|;|text=我艹403
138201, 天梯10V10竞技积分 = 644
138201, 普通匹配10V10竞技积分 = 758
138201, 天梯10V10局数 = 172
138201, 普通10V10局数 = 3036
138201, 预留 = 88
138201, 段位 =  兵卒三等
138205, ***************开局查询积分**********************
138205, 玩家名：狼牙将士;font=390573176;a=255;r=138;g=133;b=78;|return=5|;|text=从哈哈到高手
138205, 天梯10V10竞技积分 = 563
138205, 普通匹配10V10竞技积分 = 646
138205, 天梯10V10局数 = 31
138205, 普通10V10局数 = 3148
138205, 预留 = 24
138205, 段位 =  兵卒四等
138217, ***************开局查询积分**********************
138217, 玩家名：狼牙将士;font=390573176;a=255;r=138;g=133;b=78;|return=5|;|text=唯爱丿吻
138217, 天梯10V10竞技积分 = 623
138217, 普通匹配10V10竞技积分 = 785
138217, 天梯10V10局数 = 205
138217, 普通10V10局数 = 1339
138217, 预留 = 46
138217, 段位 =  兵卒三等
138229, ***************开局查询积分**********************
138229, 玩家名：q秋月私语
138229, 天梯10V10竞技积分 = 618
138229, 普通匹配10V10竞技积分 = 610
138229, 天梯10V10局数 = 14
138229, 普通10V10局数 = 381
138229, 预留 = 36
138229, 段位 =  兵卒三等
138474, 消费信息 = 828
138474, ***************整理正常玩家信息**********************
138474, 玩家名：狼牙将士;font=390573176;a=255;r=138;g=133;b=78;|return=5|;|text=唯爱丿吻
138474, ELOSwitch = 1
138474, ELOkind = 2
138474, Add_Point = 23
138474, 天梯10V10竞技积分 = 18
138474, 普通匹配10V10竞技积分 = 23
138474, 天梯10V10局数 = 1
138474, 普通10V10局数 = 1
138474, 表现系数 = 1
138474, 波动系数 = 1
138474, 高分系数 = 1
138474, 消费信息 = 796
138474, ***************整理正常玩家信息**********************
138474, 玩家名：狼牙将士;font=390573176;a=255;r=138;g=133;b=78;|return=5|;|text=九零後灬小伟
138474, ELOSwitch = 1
138474, ELOkind = 2
138474, Add_Point = 15
138474, 天梯10V10竞技积分 = 12
138474, 普通匹配10V10竞技积分 = 15
138474, 天梯10V10局数 = 1
138474, 普通10V10局数 = 1
138474, 表现系数 = 1
138474, 波动系数 = 1
138474, 高分系数 = 1
138474, 消费信息 = 1041
138474, ***************整理正常玩家信息**********************
138474, 玩家名：q秋月私语
138474, ELOSwitch = 1
138474, ELOkind = 2
138474, Add_Point = 23
138474, 天梯10V10竞技积分 = 12
138474, 普通匹配10V10竞技积分 = 23
138474, 天梯10V10局数 = 1
138474, 普通10V10局数 = 1
138474, 表现系数 = 1
138474, 波动系数 = 1
138474, 高分系数 = 1
138474, 消费信息 = 347
138474, ***************整理正常玩家信息**********************
138474, 玩家名：狼牙将士;font=390573176;a=255;r=138;g=133;b=78;|return=5|;|text=没有我不服
138474, ELOSwitch = 1
138474, ELOkind = 2
138474, Add_Point = 21
138474, 天梯10V10竞技积分 = 13
138474, 普通匹配10V10竞技积分 = 21
138474, 天梯10V10局数 = 1
138474, 普通10V10局数 = 1
138474, 表现系数 = 1
138474, 波动系数 = 1
138474, 高分系数 = 1
138474, 消费信息 = 547
138474, ***************整理正常玩家信息**********************
138474, 玩家名：狼牙将士;font=390573176;a=255;r=138;g=133;b=78;|return=5|;|text=妞丿想哥没
138474, ELOSwitch = 1
138474, ELOkind = 2
138474, Add_Point = 20
138474, 天梯10V10竞技积分 = 12
138474, 普通匹配10V10竞技积分 = 20
138474, 天梯10V10局数 = 1
138474, 普通10V10局数 = 1
138474, 表现系数 = 1
138474, 波动系数 = 1
138474, 高分系数 = 1
138474, 消费信息 = 414
138474, ***************整理正常玩家信息**********************
138474, 玩家名：狼牙将士;font=390573176;a=255;r=138;g=133;b=78;|return=5|;|text=lin1062648530
138474, ELOSwitch = 1
138474, ELOkind = 2
138474, Add_Point = 28
138474, 天梯10V10竞技积分 = 16
138474, 普通匹配10V10竞技积分 = 28
138474, 天梯10V10局数 = 1
138474, 普通10V10局数 = 1
138474, 表现系数 = 1
138474, 波动系数 = 1
138474, 高分系数 = 1
138474, 消费信息 = 554
138474, ***************整理正常玩家信息**********************
138474, 玩家名：狼牙将士;font=390573176;a=255;r=138;g=133;b=78;|return=5|;|text=犀利哥丨钱多多
138474, ELOSwitch = 1
138474, ELOkind = 2
138474, Add_Point = 19
138474, 天梯10V10竞技积分 = 12
138474, 普通匹配10V10竞技积分 = 19
138474, 天梯10V10局数 = 1
138474, 普通10V10局数 = 1
138474, 表现系数 = 1
138474, 波动系数 = 1
138474, 高分系数 = 1
138474, 消费信息 = 609
138474, ***************整理正常玩家信息**********************
138474, 玩家名：狼牙将士;font=390573176;a=255;r=138;g=133;b=78;|return=5|;|text=不爱破c丶
138474, ELOSwitch = 1
138474, ELOkind = 2
138474, Add_Point = 20
138474, 天梯10V10竞技积分 = 6
138474, 普通匹配10V10竞技积分 = 20
138474, 天梯10V10局数 = 1
138474, 普通10V10局数 = 1
138474, 表现系数 = 1
138474, 波动系数 = 1
138474, 高分系数 = 1
138474, 消费信息 = 430
138474, ***************整理正常玩家信息**********************
138474, 玩家名：狼牙将士;font=390573176;a=255;r=138;g=133;b=78;|return=5|;|text=你好加我
138474, ELOSwitch = 1
138474, ELOkind = 2
138474, Add_Point = 50
138474, 天梯10V10竞技积分 = 24
138474, 普通匹配10V10竞技积分 = 50
138474, 天梯10V10局数 = 1
138474, 普通10V10局数 = 1
138474, 表现系数 = 1
138474, 波动系数 = 1
138474, 高分系数 = 1
138474, 消费信息 = 500
138474, ***************整理正常玩家信息**********************
138474, 玩家名：狼牙将士;font=390573176;a=255;r=138;g=133;b=78;|return=5|;|text=弑你的灬小眯
138474, ELOSwitch = 1
138474, ELOkind = 2
138474, Add_Point = 22
138474, 天梯10V10竞技积分 = 12
138474, 普通匹配10V10竞技积分 = 22
138474, 天梯10V10局数 = 1
138474, 普通10V10局数 = 1
138474, 表现系数 = 1
138474, 波动系数 = 1
138474, 高分系数 = 1
138474, 消费信息 = 924
138474, ***************整理正常玩家信息**********************
138474, 玩家名：狼牙将士;font=390573176;a=255;r=138;g=133;b=78;|return=5|;|text=走红D调
138474, ELOSwitch = 1
138474, ELOkind = 2
138474, Add_Point = -14
138474, 天梯10V10竞技积分 = -8
138474, 普通匹配10V10竞技积分 = -14
138474, 天梯10V10局数 = 1
138474, 普通10V10局数 = 1
138474, 表现系数 = 1
138474, 波动系数 = 1
138474, 高分系数 = 1
138474, 消费信息 = 131
138474, ***************整理正常玩家信息**********************
138474, 玩家名：狼牙将士;font=390573176;a=255;r=138;g=133;b=78;|return=5|;|text=大将军9999
138474, ELOSwitch = 1
138474, ELOkind = 2
138474, Add_Point = -29
138474, 天梯10V10竞技积分 = -12
138474, 普通匹配10V10竞技积分 = -29
138474, 天梯10V10局数 = 1
138474, 普通10V10局数 = 1
138474, 表现系数 = 1
138474, 波动系数 = 1
138474, 高分系数 = 1
138474, 消费信息 = 821
138474, ***************整理正常玩家信息**********************
138474, 玩家名：狼牙将士;font=390573176;a=255;r=138;g=133;b=78;|return=5|;|text=本田雅阁也上树
138474, ELOSwitch = 1
138474, ELOkind = 2
138474, Add_Point = -19
138474, 天梯10V10竞技积分 = -11
138474, 普通匹配10V10竞技积分 = -19
138474, 天梯10V10局数 = 1
138474, 普通10V10局数 = 1
138474, 表现系数 = 1
138474, 波动系数 = 1
138474, 高分系数 = 1
138474, 消费信息 = 309
138474, ***************整理正常玩家信息**********************
138474, 玩家名：狼牙将士;font=390573176;a=255;r=138;g=133;b=78;|return=5|;|text=啊米多浮
138474, ELOSwitch = 1
138474, ELOkind = 2
138474, Add_Point = -12
138474, 天梯10V10竞技积分 = -12
138474, 普通匹配10V10竞技积分 = -12
138474, 天梯10V10局数 = 1
138474, 普通10V10局数 = 1
138474, 表现系数 = 1
138474, 波动系数 = 1
138474, 高分系数 = 1
138474, 消费信息 = 355
138474, ***************整理正常玩家信息**********************
138474, 玩家名：狼牙将士;font=390573176;a=255;r=138;g=133;b=78;|return=5|;|text=从哈哈到高手
138474, ELOSwitch = 1
138474, ELOkind = 2
138474, Add_Point = -15
138474, 天梯10V10竞技积分 = -12
138474, 普通匹配10V10竞技积分 = -15
138474, 天梯10V10局数 = 1
138474, 普通10V10局数 = 1
138474, 表现系数 = 1
138474, 波动系数 = 1
138474, 高分系数 = 1
138474, 消费信息 = 659
138474, ***************整理正常玩家信息**********************
138474, 玩家名：狼牙将士;font=390573176;a=255;r=138;g=133;b=78;|return=5|;|text=右耳钉丶残恋
138474, ELOSwitch = 1
138474, ELOkind = 2
138474, Add_Point = -9
138474, 天梯10V10竞技积分 = -6
138474, 普通匹配10V10竞技积分 = -9
138474, 天梯10V10局数 = 1
138474, 普通10V10局数 = 1
138474, 表现系数 = 1
138474, 波动系数 = 1
138474, 高分系数 = 1
138474, 消费信息 = 360
138474, ***************整理正常玩家信息**********************
138474, 玩家名：狼牙将士;font=390573176;a=255;r=138;g=133;b=78;|return=5|;|text=我艹403
138474, ELOSwitch = 1
138474, ELOkind = 2
138474, Add_Point = -12
138474, 天梯10V10竞技积分 = -7
138474, 普通匹配10V10竞技积分 = -12
138474, 天梯10V10局数 = 1
138474, 普通10V10局数 = 1
138474, 表现系数 = 1
138474, 波动系数 = 1
138474, 高分系数 = 1
138474, 消费信息 = 513
138474, ***************整理正常玩家信息**********************
138474, 玩家名：狼牙将士;font=390573176;a=255;r=138;g=133;b=78;|return=5|;|text=水中月008
138474, ELOSwitch = 1
138474, ELOkind = 2
138474, Add_Point = -21
138474, 天梯10V10竞技积分 = -12
138474, 普通匹配10V10竞技积分 = -21
138474, 天梯10V10局数 = 1
138474, 普通10V10局数 = 1
138474, 表现系数 = 1
138474, 波动系数 = 1
138474, 高分系数 = 1
138474, 消费信息 = 512
138474, ***************整理正常玩家信息**********************
138474, 玩家名：狼牙将士;font=390573176;a=255;r=138;g=133;b=78;|return=5|;|text=马小岱丶1
138474, ELOSwitch = 1
138474, ELOkind = 2
138474, Add_Point = -18
138474, 天梯10V10竞技积分 = -12
138474, 普通匹配10V10竞技积分 = -18
138474, 天梯10V10局数 = 1
138474, 普通10V10局数 = 1
138474, 表现系数 = 1
138474, 波动系数 = 1
138474, 高分系数 = 1
138474, 消费信息 = 648
138474, ***************整理正常玩家信息**********************
138474, 玩家名：狼牙将士;font=390573176;a=255;r=138;g=133;b=78;|return=5|;|text=硪只在乎祢
138474, ELOSwitch = 1
138474, ELOkind = 2
138474, Add_Point = -21
138474, 天梯10V10竞技积分 = -12
138474, 普通匹配10V10竞技积分 = -21
138474, 天梯10V10局数 = 1
138474, 普通10V10局数 = 1
138474, 表现系数 = 1
138474, 波动系数 = 1
138474, 高分系数 = 1
138474, ***************整理正常玩家信息**********************
138474, 玩家名：蜀国
138474, ELOSwitch = 1
138474, ELOkind = 1
138474, Add_Point = 0
138474, 天梯10V10竞技积分 = 0
138474, 普通匹配10V10竞技积分 = 0
138474, 天梯10V10局数 = 1
138474, 普通10V10局数 = 0
138474, 表现系数 = 1
138474, 波动系数 = 1
138474, 高分系数 = 1
138474, ***************整理正常玩家信息**********************
138474, 玩家名：魏国
138474, ELOSwitch = 1
138474, ELOkind = 1
138474, Add_Point = 0
138474, 天梯10V10竞技积分 = 0
138474, 普通匹配10V10竞技积分 = 0
138474, 天梯10V10局数 = 1
138474, 普通10V10局数 = 0
138474, 表现系数 = 1
138474, 波动系数 = 1
138474, 高分系数 = 1
138474, ***************整理正常玩家信息**********************
138474, 玩家名：中立敌对
138474, ELOSwitch = 1
138474, ELOkind = 1
138474, Add_Point = 0
138474, 天梯10V10竞技积分 = 0
138474, 普通匹配10V10竞技积分 = 0
138474, 天梯10V10局数 = 1
138474, 普通10V10局数 = 0
138474, 表现系数 = 1
138474, 波动系数 = 1
138474, 高分系数 = 1
138474, ***************整理正常玩家信息**********************
138474, 玩家名：中立无敌意
138474, ELOSwitch = 1
138474, ELOkind = 1
138474, Add_Point = 0
138474, 天梯10V10竞技积分 = 0
138474, 普通匹配10V10竞技积分 = 0
138474, 天梯10V10局数 = 1
138474, 普通10V10局数 = 0
138474, 表现系数 = 1
138474, 波动系数 = 1
138474, 高分系数 = 1
