5, 查询到的结果0
5, 付费积分 = 736
5, 查询到的结果0
5, 付费积分 = 528
5, 查询到的结果0
5, 付费积分 = 421
5, 查询到的结果0
5, 付费积分 = 868
5, 查询到的结果0
5, 付费积分 = 333
5, 查询到的结果0
5, 付费积分 = 120
5, 查询到的结果1770553
5, 付费积分 = 677
5, 查询到的结果0
5, 付费积分 = 338
5, 查询到的结果0
5, 付费积分 = 569
5, 查询到的结果0
5, 付费积分 = 499
5, 查询到的结果0
5, 付费积分 = 666
5, 查询到的结果5
5, 付费积分 = 546
5, 查询到的结果0
5, 付费积分 = 321
5, 查询到的结果5
5, 付费积分 = 657
5, 查询到的结果0
5, 付费积分 = 680
5, 查询到的结果0
5, 付费积分 = 392
5, 查询到的结果5
5, 付费积分 = 834
5, 查询到的结果1115168
5, 付费积分 = 558
5, 查询到的结果4
5, 付费积分 = 671
5, 查询到的结果0
5, 付费积分 = 328
489, Check_Herostyle control =10, unit_id=223 , style=0
497, Check_Herostyle control =13, unit_id=141 , style=0
605, Check_Herostyle control =18, unit_id=142 , style=0
613, Check_Herostyle control =1, unit_id=317 , style=0
629, Check_Herostyle control =7, unit_id=188 , style=0
797, Check_Herostyle control =17, unit_id=175 , style=0
857, Check_Herostyle control =5, unit_id=272 , style=0
937, Check_Herostyle control =20, unit_id=221 , style=0
1189, Check_Herostyle control =15, unit_id=255 , style=0
1261, Check_Herostyle control =6, unit_id=26 , style=0
1297, Check_Herostyle control =12, unit_id=269 , style=0
1597, Check_Herostyle control =11, unit_id=150 , style=0
1673, Check_Herostyle control =19, unit_id=180 , style=0
1965, Check_Herostyle control =8, unit_id=85 , style=0
2109, Check_Herostyle control =16, unit_id=218 , style=0
2429, Check_Herostyle control =2, unit_id=261 , style=0
3869, Check_Herostyle control =4, unit_id=50 , style=0
19665, 查询到的结果0
19665, 付费积分 = 707
20093, 查询到的结果0
20093, 付费积分 = 707
22437, Check_Herostyle control =3, unit_id=315 , style=0
32217, 查询到的结果5
32217, 付费积分 = 386
32769, 查询到的结果5
32769, 付费积分 = 386
34181, Check_Herostyle control =9, unit_id=61 , style=0
38029, 查询到的结果0
38029, 付费积分 = 276
38301, 查询到的结果0
38301, 付费积分 = 276
39297, Check_Herostyle control =14, unit_id=299 , style=0
42709, 查询到的结果0
42709, 付费积分 = 970
43065, 查询到的结果0
43065, 付费积分 = 970
55873, 查询到的结果0
55873, 付费积分 = 328
56737, 查询到的结果0
56737, 付费积分 = 328
138197, 查询到的结果1115168
138197, 付费积分 = 558
138197, 查询到的结果0
138197, 付费积分 = 528
138197, 查询到的结果0
138197, 付费积分 = 736
138197, 查询到的结果4
138197, 付费积分 = 671
138197, 查询到的结果5
138197, 付费积分 = 657
138197, 查询到的结果0
138197, 付费积分 = 421
138197, 查询到的结果0
138197, 付费积分 = 333
138197, 查询到的结果0
138197, 付费积分 = 392
138197, 查询到的结果0
138197, 付费积分 = 868
138197, 查询到的结果5
138197, 付费积分 = 386
138197, 查询到的结果0
138197, 付费积分 = 569
138201, 查询到的结果0
138201, 付费积分 = 276
138201, 查询到的结果0
138201, 付费积分 = 666
138201, 查询到的结果0
138201, 付费积分 = 120
138201, 查询到的结果0
138201, 付费积分 = 499
138201, 查询到的结果0
138201, 付费积分 = 680
138201, 查询到的结果0
138201, 付费积分 = 338
138205, 查询到的结果0
138205, 付费积分 = 328
138217, 查询到的结果5
138217, 付费积分 = 834
138229, 查询到的结果0
138229, 付费积分 = 970
138474, uploadScore       in
138474, uploadScore      in score2
138474, pcs;179;28;50;140;82;151;158;25;79;148;197;16;92;85;163;81
138474, uploadScore       return
138474, uploadScore       done
Game::Disconnect!
