0, Loading 新武勋大段：1,  小段：3,  玩家：1
0, Loading 新武勋大段：1,  小段：3,  玩家：2
0, Loading 新武勋大段：1,  小段：4,  玩家：3
0, Loading 新武勋大段：1,  小段：4,  玩家：4
0, Loading 新武勋大段：1,  小段：3,  玩家：5
0, Loading 新武勋大段：1,  小段：4,  玩家：6
0, Loading 新武勋大段：1,  小段：3,  玩家：7
0, Loading 新武勋大段：1,  小段：4,  玩家：8
0, Loading 新武勋大段：1,  小段：3,  玩家：9
0, Loading 新武勋大段：1,  小段：4,  玩家：10
0, Loading 新武勋大段：1,  小段：4,  玩家：11
0, Loading 新武勋大段：1,  小段：3,  玩家：12
0, Loading 新武勋大段：1,  小段：3,  玩家：13
0, Loading 新武勋大段：1,  小段：4,  玩家：14
0, Loading 新武勋大段：1,  小段：4,  玩家：15
0, Loading 新武勋大段：1,  小段：4,  玩家：16
0, Loading 新武勋大段：1,  小段：3,  玩家：17
0, Loading 新武勋大段：1,  小段：3,  玩家：18
0, Loading 新武勋大段：1,  小段：3,  玩家：19
0, Loading 新武勋大段：1,  小段：4,  玩家：20
1097, CheckSpeItemWorkEvent 1 Item_id =380
1137, CheckSpeItemWorkEvent 1 Item_id =6
1205, CheckSpeItemWorkEvent 1 Item_id =6
1233, CheckSpeItemWorkEvent 1 Item_id =6
1253, CheckSpeItemWorkEvent 1 Item_id =376
1253, CheckSpeItemWorkEvent 1 Item_id =108
1421, CheckSpeItemWorkEvent 1 Item_id =380
1573, CheckSpeItemWorkEvent 1 Item_id =6
1617, CheckSpeItemWorkEvent 1 Item_id =6
1625, CheckSpeItemWorkEvent 1 Item_id =24
1665, CheckSpeItemWorkEvent 1 Item_id =376
1697, CheckSpeItemWorkEvent 1 Item_id =380
1745, CheckSpeItemWorkEvent 1 Item_id =6
1777, CheckSpeItemWorkEvent 1 Item_id =24
1809, CheckSpeItemWorkEvent 1 Item_id =25
1817, CheckSpeItemWorkEvent 1 Item_id =6
1873, CheckSpeItemWorkEvent 1 Item_id =376
1889, CheckSpeItemWorkEvent 1 Item_id =6
1921, CheckSpeItemWorkEvent 1 Item_id =6
1925, CheckSpeItemWorkEvent 1 Item_id =24
1957, CheckSpeItemWorkEvent 1 Item_id =25
2041, CheckSpeItemWorkEvent 1 Item_id =24
2129, CheckSpeItemWorkEvent 1 Item_id =25
2153, CheckSpeItemWorkEvent 1 Item_id =25
2277, CheckSpeItemWorkEvent 1 Item_id =6
2317, CheckSpeItemWorkEvent 1 Item_id =25
2317, CheckSpeItemWorkEvent 1 Item_id =6
2333, CheckSpeItemWorkEvent 1 Item_id =25
2353, CheckSpeItemWorkEvent 1 Item_id =25
2353, CheckSpeItemWorkEvent 1 Item_id =25
2361, CheckSpeItemWorkEvent 1 Item_id =6
2373, CheckSpeItemWorkEvent 1 Item_id =6
2373, CheckSpeItemWorkEvent 1 Item_id =25
2381, CheckSpeItemWorkEvent 1 Item_id =24
2393, CheckSpeItemWorkEvent 1 Item_id =25
2401, CheckSpeItemWorkEvent 1 Item_id =25
2421, CheckSpeItemWorkEvent 1 Item_id =24
2425, CheckSpeItemWorkEvent 1 Item_id =25
2477, CheckSpeItemWorkEvent 1 Item_id =25
2629, CheckSpeItemWorkEvent 1 Item_id =6
2645, CheckSpeItemWorkEvent 1 Item_id =24
2661, CheckSpeItemWorkEvent 1 Item_id =25
2685, CheckSpeItemWorkEvent 1 Item_id =25
3117, CheckSpeItemWorkEvent 1 Item_id =6
3149, CheckSpeItemWorkEvent 1 Item_id =24
3201, CheckSpeItemWorkEvent 1 Item_id =25
3245, CheckSpeItemWorkEvent 1 Item_id =24
3301, CheckSpeItemWorkEvent 1 Item_id =25
3473, CheckSpeItemWorkEvent 1 Item_id =380
3497, CheckSpeItemWorkEvent 1 Item_id =380
3521, CheckSpeItemWorkEvent 1 Item_id =380
3565, CheckSpeItemWorkEvent 1 Item_id =376
3569, GetSpeItemAdd 游戏时间不满20分钟， control_id=9
3585, CheckSpeItemWorkEvent 1 Item_id =376
3609, CheckSpeItemWorkEvent 1 Item_id =376
4789, CheckSpeItemWorkEvent 1 Item_id =376
4809, CheckSpeItemWorkEvent 1 Item_id =376
4857, CheckSpeItemWorkEvent 1 Item_id =380
4877, CheckSpeItemWorkEvent 1 Item_id =380
4885, CheckSpeItemWorkEvent 1 Item_id =6
4893, CheckSpeItemWorkEvent 1 Item_id =380
4909, CheckSpeItemWorkEvent 1 Item_id =24
4913, CheckSpeItemWorkEvent 1 Item_id =380
4933, CheckSpeItemWorkEvent 1 Item_id =25
4957, CheckSpeItemWorkEvent 1 Item_id =25
4985, CheckSpeItemWorkEvent 1 Item_id =25
4985, CheckSpeItemWorkEvent 1 Item_id =6
5009, CheckSpeItemWorkEvent 1 Item_id =25
5009, CheckSpeItemWorkEvent 1 Item_id =24
5029, CheckSpeItemWorkEvent 1 Item_id =24
5033, CheckSpeItemWorkEvent 1 Item_id =25
5145, CheckSpeItemWorkEvent 1 Item_id =24
5177, CheckSpeItemWorkEvent 1 Item_id =25
9321, CheckSpeItemWorkEvent 1 Item_id =376
9321, CheckSpeItemWorkEvent 1 Item_id =376
9341, CheckSpeItemWorkEvent 1 Item_id =376
9493, CheckSpeItemWorkEvent 1 Item_id =380
10497, CheckSpeItemWorkEvent 1 Item_id =376
11513, GetSpeItemAdd 游戏时间不满20分钟， control_id=3
11609, CheckSpeItemWorkEvent 1 Item_id =200
11925, GetSpeItemAdd 游戏时间不满20分钟， control_id=14
12065, CheckSpeItemWorkEvent 1 Item_id =376
12393, CheckSpeItemWorkEvent 1 Item_id =41
14713, CheckSpeItemWorkEvent 1 Item_id =83
14909, CheckSpeItemWorkEvent 1 Item_id =17
15049, CheckSpeItemWorkEvent 1 Item_id =25
15073, CheckSpeItemWorkEvent 1 Item_id =25
15081, CheckSpeItemWorkEvent 1 Item_id =30
15121, CheckSpeItemWorkEvent 1 Item_id =24
15241, CheckSpeItemWorkEvent 1 Item_id =30
15293, CheckSpeItemWorkEvent 1 Item_id =31
15313, CheckSpeItemWorkEvent 1 Item_id =31
15329, CheckSpeItemWorkEvent 1 Item_id =31
15349, CheckSpeItemWorkEvent 1 Item_id =31
15365, CheckSpeItemWorkEvent 1 Item_id =120
15857, CheckSpeItemWorkEvent 1 Item_id =200
15969, CheckSpeItemWorkEvent 1 Item_id =81
16293, CheckSpeItemWorkEvent 1 Item_id =81
16313, CheckSpeItemWorkEvent 1 Item_id =104
16357, CheckSpeItemWorkEvent 1 Item_id =376
16417, CheckSpeItemWorkEvent 1 Item_id =25
16457, CheckSpeItemWorkEvent 1 Item_id =376
16473, CheckSpeItemWorkEvent 1 Item_id =20
16601, CheckSpeItemWorkEvent 1 Item_id =25
17093, CheckSpeItemWorkEvent 1 Item_id =87
17305, CheckSpeItemWorkEvent 1 Item_id =20
17497, CheckSpeItemWorkEvent 1 Item_id =41
17621, CheckSpeItemWorkEvent 1 Item_id =9
19245, CheckSpeItemWorkEvent 1 Item_id =20
19337, CheckSpeItemWorkEvent 1 Item_id =202
19517, CheckSpeItemWorkEvent 1 Item_id =24
19529, CheckSpeItemWorkEvent 1 Item_id =176
19585, CheckSpeItemWorkEvent 1 Item_id =25
19657, CheckSpeItemWorkEvent 1 Item_id =24
19677, CheckSpeItemWorkEvent 1 Item_id =25
19689, CheckSpeItemWorkEvent 1 Item_id =25
19709, CheckSpeItemWorkEvent 1 Item_id =25
19829, CheckSpeItemWorkEvent 1 Item_id =25
20397, CheckSpeItemWorkEvent 1 Item_id =88
20577, CheckSpeItemWorkEvent 1 Item_id =201
20821, CheckSpeItemWorkEvent 1 Item_id =387
20873, CheckSpeItemWorkEvent 1 Item_id =25
20969, CheckSpeItemWorkEvent 1 Item_id =81
20981, CheckSpeItemWorkEvent 1 Item_id =104
21005, CheckSpeItemWorkEvent 1 Item_id =104
21185, CheckSpeItemWorkEvent 1 Item_id =380
21201, CheckSpeItemWorkEvent 1 Item_id =41
21205, CheckSpeItemWorkEvent 1 Item_id =380
21233, CheckSpeItemWorkEvent 1 Item_id =380
21293, CheckSpeItemWorkEvent 1 Item_id =25
22605, CheckSpeItemWorkEvent 1 Item_id =104
22657, CheckSpeItemWorkEvent 1 Item_id =25
23161, CheckSpeItemWorkEvent 1 Item_id =83
23289, CheckSpeItemWorkEvent 1 Item_id =376
23325, CheckSpeItemWorkEvent 1 Item_id =31
23389, CheckSpeItemWorkEvent 1 Item_id =87
24029, CheckSpeItemWorkEvent 1 Item_id =88
24265, CheckSpeItemWorkEvent 1 Item_id =31
24281, CheckSpeItemWorkEvent 1 Item_id =31
24373, CheckSpeItemWorkEvent 1 Item_id =86
24621, CheckSpeItemWorkEvent 1 Item_id =6
24721, CheckSpeItemWorkEvent 1 Item_id =200
25305, CheckSpeItemWorkEvent 1 Item_id =81
25809, CheckSpeItemWorkEvent 1 Item_id =87
25993, CheckSpeItemWorkEvent 1 Item_id =17
26565, CheckSpeItemWorkEvent 1 Item_id =358
26769, CheckSpeItemWorkEvent 1 Item_id =87
26785, CheckSpeItemWorkEvent 1 Item_id =31
26801, CheckSpeItemWorkEvent 1 Item_id =31
26821, CheckSpeItemWorkEvent 1 Item_id =31
27209, CheckSpeItemWorkEvent 1 Item_id =422
27513, CheckSpeItemWorkEvent 1 Item_id =86
27517, CheckSpeItemWorkEvent 1 Item_id =177
27577, CheckSpeItemWorkEvent 1 Item_id =25
27597, CheckSpeItemWorkEvent 1 Item_id =25
27621, CheckSpeItemWorkEvent 1 Item_id =25
27637, CheckSpeItemWorkEvent 1 Item_id =25
27657, CheckSpeItemWorkEvent 1 Item_id =25
27709, CheckSpeItemWorkEvent 1 Item_id =24
27733, CheckSpeItemWorkEvent 1 Item_id =24
28049, CheckSpeItemWorkEvent 1 Item_id =401
28189, CheckSpeItemWorkEvent 1 Item_id =24
28213, CheckSpeItemWorkEvent 1 Item_id =25
28293, CheckSpeItemWorkEvent 1 Item_id =24
28317, CheckSpeItemWorkEvent 1 Item_id =25
28617, CheckSpeItemWorkEvent 1 Item_id =78
28989, CheckSpeItemWorkEvent 1 Item_id =2182
29165, CheckSpeItemWorkEvent 1 Item_id =201
29261, CheckSpeItemWorkEvent 1 Item_id =83
29637, CheckSpeItemWorkEvent 1 Item_id =376
29669, CheckSpeItemWorkEvent 1 Item_id =380
29697, CheckSpeItemWorkEvent 1 Item_id =380
29729, CheckSpeItemWorkEvent 1 Item_id =42
29745, CheckSpeItemWorkEvent 1 Item_id =380
29773, CheckSpeItemWorkEvent 1 Item_id =376
29893, CheckSpeItemWorkEvent 1 Item_id =78
29925, CheckSpeItemWorkEvent 1 Item_id =376
30009, CheckSpeItemWorkEvent 1 Item_id =380
30153, CheckSpeItemWorkEvent 1 Item_id =88
31257, CheckSpeItemWorkEvent 1 Item_id =29
31289, CheckSpeItemWorkEvent 1 Item_id =19
32413, CheckSpeItemWorkEvent 1 Item_id =72
33665, CheckSpeItemWorkEvent 1 Item_id =20
33845, GetSpeItemAdd 不是开局玩家， control_id=3
34025, CheckSpeItemWorkEvent 1 Item_id =380
34045, CheckSpeItemWorkEvent 1 Item_id =380
34065, CheckSpeItemWorkEvent 1 Item_id =380
34085, CheckSpeItemWorkEvent 1 Item_id =380
34789, CheckSpeItemWorkEvent 1 Item_id =6
35009, CheckSpeItemWorkEvent 1 Item_id =30
35077, CheckSpeItemWorkEvent 1 Item_id =387
35113, CheckSpeItemWorkEvent 1 Item_id =515
35305, CheckSpeItemWorkEvent 1 Item_id =78
35553, CheckSpeItemWorkEvent 1 Item_id =42
35609, CheckSpeItemWorkEvent 1 Item_id =120
35717, CheckSpeItemWorkEvent 1 Item_id =41
35925, CheckSpeItemWorkEvent 1 Item_id =31
36149, CheckSpeItemWorkEvent 1 Item_id =87
37721, CheckSpeItemWorkEvent 1 Item_id =81
37749, CheckSpeItemWorkEvent 1 Item_id =20
37769, CheckSpeItemWorkEvent 1 Item_id =387
37781, CheckSpeItemWorkEvent 1 Item_id =393
37845, 开始CheckJoinShopSpe  game_time =643 , past_time=98 , G_Tab.CONTROL_PLAYER_joined[playerid][queue].Enter_time=545
37857, CheckSpeItemWorkEvent 1 Item_id =41
37933, CheckSpeItemWorkEvent 1 Item_id =54
38017, CheckSpeItemWorkEvent 1 Item_id =429
38021, CheckSpeItemWorkEvent 1 Item_id =177
38285, CheckSpeItemWorkEvent 1 Item_id =31
38305, CheckSpeItemWorkEvent 1 Item_id =31
38321, CheckSpeItemWorkEvent 1 Item_id =41
38865, CheckSpeItemWorkEvent 1 Item_id =380
39281, CheckSpeItemWorkEvent 1 Item_id =177
39293, CheckSpeItemWorkEvent 1 Item_id =816
39717, CheckSpeItemWorkEvent 1 Item_id =41
39757, CheckSpeItemWorkEvent 1 Item_id =13
40153, CheckSpeItemWorkEvent 1 Item_id =31
40173, CheckSpeItemWorkEvent 1 Item_id =31
40197, CheckSpeItemWorkEvent 1 Item_id =31
40697, CheckSpeItemWorkEvent 1 Item_id =88
40933, CheckSpeItemWorkEvent 1 Item_id =393
40957, CheckSpeItemWorkEvent 1 Item_id =621
41553, CheckSpeItemWorkEvent 1 Item_id =83
41569, CheckSpeItemWorkEvent 1 Item_id =106
41621, CheckSpeItemWorkEvent 1 Item_id =85
41653, CheckSpeItemWorkEvent 1 Item_id =106
41673, CheckSpeItemWorkEvent 1 Item_id =82
41789, CheckSpeItemWorkEvent 1 Item_id =6
41925, CheckSpeItemWorkEvent 1 Item_id =393
41965, CheckSpeItemWorkEvent 1 Item_id =31
41985, CheckSpeItemWorkEvent 1 Item_id =31
42009, CheckSpeItemWorkEvent 1 Item_id =31
42029, CheckSpeItemWorkEvent 1 Item_id =31
42049, CheckSpeItemWorkEvent 1 Item_id =31
42297, CheckSpeItemWorkEvent 1 Item_id =30
42973, 开始CheckJoinShopSpe  game_time =730 , past_time=185 , G_Tab.CONTROL_PLAYER_joined[playerid][queue].Enter_time=545
43241, CheckSpeItemWorkEvent 1 Item_id =387
43417, CheckSpeItemWorkEvent 1 Item_id =80
43957, CheckSpeItemWorkEvent 1 Item_id =376
43977, CheckSpeItemWorkEvent 1 Item_id =376
43993, CheckSpeItemWorkEvent 1 Item_id =376
44493, CheckSpeItemWorkEvent 1 Item_id =2138
44561, CheckSpeItemWorkEvent 1 Item_id =201
44649, CheckSpeItemWorkEvent 1 Item_id =25
44669, CheckSpeItemWorkEvent 1 Item_id =25
44689, CheckSpeItemWorkEvent 1 Item_id =25
44709, CheckSpeItemWorkEvent 1 Item_id =25
44761, CheckSpeItemWorkEvent 1 Item_id =358
44889, CheckSpeItemWorkEvent 1 Item_id =88
45105, CheckSpeItemWorkEvent 1 Item_id =26
45157, CheckSpeItemWorkEvent 1 Item_id =515
45205, CheckSpeItemWorkEvent 1 Item_id =333
45465, CheckSpeItemWorkEvent 1 Item_id =2137
46017, CheckSpeItemWorkEvent 1 Item_id =358
46065, CheckSpeItemWorkEvent 1 Item_id =78
46253, CheckSpeItemWorkEvent 1 Item_id =430
46501, CheckSpeItemWorkEvent 1 Item_id =41
46677, CheckSpeItemWorkEvent 1 Item_id =41
46885, CheckSpeItemWorkEvent 1 Item_id =78
47281, CheckSpeItemWorkEvent 1 Item_id =86
47713, CheckSpeItemWorkEvent 1 Item_id =177
48865, CheckSpeItemWorkEvent 1 Item_id =361
49133, CheckSpeItemWorkEvent 1 Item_id =104
49225, CheckSpeItemWorkEvent 1 Item_id =31
49253, CheckSpeItemWorkEvent 1 Item_id =31
49273, CheckSpeItemWorkEvent 1 Item_id =31
49293, CheckSpeItemWorkEvent 1 Item_id =31
49653, CheckSpeItemWorkEvent 1 Item_id =570
49781, CheckSpeItemWorkEvent 1 Item_id =667
49889, CheckSpeItemWorkEvent 1 Item_id =667
50077, CheckSpeItemWorkEvent 1 Item_id =803
50429, CheckSpeItemWorkEvent 1 Item_id =31
50449, CheckSpeItemWorkEvent 1 Item_id =31
50469, CheckSpeItemWorkEvent 1 Item_id =31
50713, CheckSpeItemWorkEvent 1 Item_id =361
51161, CheckSpeItemWorkEvent 1 Item_id =31
51181, CheckSpeItemWorkEvent 1 Item_id =31
51205, CheckSpeItemWorkEvent 1 Item_id =31
51353, CheckSpeItemWorkEvent 1 Item_id =393
51661, CheckSpeItemWorkEvent 1 Item_id =608
51757, CheckSpeItemWorkEvent 1 Item_id =41
52105, CheckSpeItemWorkEvent 1 Item_id =391
52713, CheckSpeItemWorkEvent 1 Item_id =393
53173, CheckSpeItemWorkEvent 1 Item_id =42
53341, GetSpeItemAdd 游戏时间不满20分钟， control_id=15
54065, CheckSpeItemWorkEvent 1 Item_id =803
54169, CheckSpeItemWorkEvent 1 Item_id =667
55349, CheckSpeItemWorkEvent 1 Item_id =78
55533, CheckSpeItemWorkEvent 1 Item_id =667
55901, CheckSpeItemWorkEvent 1 Item_id =431
56765, CheckSpeItemWorkEvent 1 Item_id =2182
57025, CheckSpeItemWorkEvent 1 Item_id =667
57089, CheckSpeItemWorkEvent 1 Item_id =667
57749, CheckSpeItemWorkEvent 1 Item_id =391
57825, CheckSpeItemWorkEvent 1 Item_id =387
57901, CheckSpeItemWorkEvent 1 Item_id =667
57997, CheckSpeItemWorkEvent 1 Item_id =667
58617, CheckSpeItemWorkEvent 1 Item_id =104
58821, CheckSpeItemWorkEvent 1 Item_id =364
58909, CheckSpeItemWorkEvent 1 Item_id =358
58965, CheckSpeItemWorkEvent 1 Item_id =126
59065, CheckSpeItemWorkEvent 1 Item_id =387
59485, CheckSpeItemWorkEvent 1 Item_id =610
59609, CheckSpeItemWorkEvent 1 Item_id =41
59937, CheckSpeItemWorkEvent 1 Item_id =2137
60289, CheckSpeItemWorkEvent 1 Item_id =88
60345, CheckSpeItemWorkEvent 1 Item_id =358
60781, CheckSpeItemWorkEvent 1 Item_id =363
60801, CheckSpeItemWorkEvent 1 Item_id =35
61081, CheckSpeItemWorkEvent 1 Item_id =393
61249, CheckSpeItemWorkEvent 1 Item_id =41
61261, CheckSpeItemWorkEvent 1 Item_id =667
62185, CheckSpeItemWorkEvent 1 Item_id =78
62845, CheckSpeItemWorkEvent 1 Item_id =358
63577, CheckSpeItemWorkEvent 1 Item_id =393
63837, CheckSpeItemWorkEvent 1 Item_id =166
64405, CheckSpeItemWorkEvent 1 Item_id =43
64557, CheckSpeItemWorkEvent 1 Item_id =30
65049, CheckSpeItemWorkEvent 1 Item_id =816
65157, CheckSpeItemWorkEvent 1 Item_id =329
66225, CheckSpeItemWorkEvent 1 Item_id =318
66609, CheckSpeItemWorkEvent 1 Item_id =166
66805, CheckSpeItemWorkEvent 1 Item_id =88
67241, CheckSpeItemWorkEvent 1 Item_id =2183
67645, CheckSpeItemWorkEvent 1 Item_id =816
67653, CheckSpeItemWorkEvent 1 Item_id =93
67813, CheckSpeItemWorkEvent 1 Item_id =818
67897, CheckSpeItemWorkEvent 1 Item_id =667
67941, CheckSpeItemWorkEvent 1 Item_id =41
68397, CheckSpeItemWorkEvent 1 Item_id =177
68721, CheckSpeItemWorkEvent 1 Item_id =358
68749, CheckSpeItemWorkEvent 1 Item_id =358
68981, CheckSpeItemWorkEvent 1 Item_id =611
69001, CheckSpeItemWorkEvent 1 Item_id =610
69201, CheckSpeItemWorkEvent 1 Item_id =30
69273, CheckSpeItemWorkEvent 1 Item_id =237
69313, CheckSpeItemWorkEvent 1 Item_id =89
69565, CheckSpeItemWorkEvent 1 Item_id =515
69965, CheckSpeItemWorkEvent 1 Item_id =611
70017, CheckSpeItemWorkEvent 1 Item_id =651
70097, CheckSpeItemWorkEvent 1 Item_id =22
70333, CheckSpeItemWorkEvent 1 Item_id =75
70813, CheckSpeItemWorkEvent 1 Item_id =2138
71345, CheckSpeItemWorkEvent 1 Item_id =667
71353, CheckSpeItemWorkEvent 1 Item_id =361
71453, CheckSpeItemWorkEvent 1 Item_id =667
71685, CheckSpeItemWorkEvent 1 Item_id =2172
72529, CheckSpeItemWorkEvent 1 Item_id =308
72589, CheckSpeItemWorkEvent 1 Item_id =76
72677, CheckSpeItemWorkEvent 1 Item_id =393
72761, CheckSpeItemWorkEvent 1 Item_id =803
72765, CheckSpeItemWorkEvent 1 Item_id =174
72829, CheckSpeItemWorkEvent 1 Item_id =46
72861, CheckSpeItemWorkEvent 1 Item_id =358
72877, CheckSpeItemWorkEvent 1 Item_id =9
72925, CheckSpeItemWorkEvent 1 Item_id =571
72997, CheckSpeItemWorkEvent 1 Item_id =166
73185, CheckSpeItemWorkEvent 1 Item_id =611
73197, CheckSpeItemWorkEvent 1 Item_id =2173
73301, CheckSpeItemWorkEvent 1 Item_id =237
73661, CheckSpeItemWorkEvent 1 Item_id =816
73737, CheckSpeItemWorkEvent 1 Item_id =608
74193, CheckSpeItemWorkEvent 1 Item_id =358
74297, CheckSpeItemWorkEvent 1 Item_id =90
74393, CheckSpeItemWorkEvent 1 Item_id =478
74653, CheckSpeItemWorkEvent 1 Item_id =14
74797, CheckSpeItemWorkEvent 1 Item_id =667
75269, CheckSpeItemWorkEvent 1 Item_id =78
75809, CheckSpeItemWorkEvent 1 Item_id =610
76105, CheckSpeItemWorkEvent 1 Item_id =611
76277, CheckSpeItemWorkEvent 1 Item_id =166
76289, CheckSpeItemWorkEvent 1 Item_id =31
76309, CheckSpeItemWorkEvent 1 Item_id =324
76313, CheckSpeItemWorkEvent 1 Item_id =31
76333, CheckSpeItemWorkEvent 1 Item_id =31
76417, CheckSpeItemWorkEvent 1 Item_id =31
76437, CheckSpeItemWorkEvent 1 Item_id =31
76457, CheckSpeItemWorkEvent 1 Item_id =31
76473, CheckSpeItemWorkEvent 1 Item_id =31
77145, CheckSpeItemWorkEvent 1 Item_id =2137
77461, CheckSpeItemWorkEvent 1 Item_id =572
78041, CheckSpeItemWorkEvent 1 Item_id =610
78349, CheckSpeItemWorkEvent 1 Item_id =89
78717, CheckSpeItemWorkEvent 1 Item_id =202
78845, CheckSpeItemWorkEvent 1 Item_id =2172
78865, CheckSpeItemWorkEvent 1 Item_id =610
78965, CheckSpeItemWorkEvent 1 Item_id =622
79261, CheckSpeItemWorkEvent 1 Item_id =50
79633, CheckSpeItemWorkEvent 1 Item_id =358
80353, CheckSpeItemWorkEvent 1 Item_id =76
80553, CheckSpeItemWorkEvent 1 Item_id =2137
80665, CheckSpeItemWorkEvent 1 Item_id =174
80689, CheckSpeItemWorkEvent 1 Item_id =22
81421, CheckSpeItemWorkEvent 1 Item_id =2184
82157, CheckSpeItemWorkEvent 1 Item_id =431
82813, CheckSpeItemWorkEvent 1 Item_id =2172
83317, CheckSpeItemWorkEvent 1 Item_id =364
83553, CheckSpeItemWorkEvent 1 Item_id =113
83713, CheckSpeItemWorkEvent 1 Item_id =41
84129, CheckSpeItemWorkEvent 1 Item_id =318
84193, CheckSpeItemWorkEvent 1 Item_id =114
84797, CheckSpeItemWorkEvent 1 Item_id =818
84853, CheckSpeItemWorkEvent 1 Item_id =611
85045, CheckSpeItemWorkEvent 1 Item_id =324
85129, CheckSpeItemWorkEvent 1 Item_id =2173
85133, CheckSpeItemWorkEvent 1 Item_id =44
85285, CheckSpeItemWorkEvent 1 Item_id =361
85333, CheckSpeItemWorkEvent 1 Item_id =816
85485, CheckSpeItemWorkEvent 1 Item_id =124
86285, CheckSpeItemWorkEvent 1 Item_id =818
86753, CheckSpeItemWorkEvent 1 Item_id =318
86885, CheckSpeItemWorkEvent 1 Item_id =582
88085, CheckSpeItemWorkEvent 1 Item_id =318
88617, CheckSpeItemWorkEvent 1 Item_id =78
88757, CheckSpeItemWorkEvent 1 Item_id =47
88877, CheckSpeItemWorkEvent 1 Item_id =324
88957, CheckSpeItemWorkEvent 1 Item_id =90
90077, CheckSpeItemWorkEvent 1 Item_id =816
90085, CheckSpeItemWorkEvent 1 Item_id =335
90269, CheckSpeItemWorkEvent 1 Item_id =2168
90717, CheckSpeItemWorkEvent 1 Item_id =655
90761, CheckSpeItemWorkEvent 1 Item_id =318
90845, CheckSpeItemWorkEvent 1 Item_id =19
90937, CheckSpeItemWorkEvent 1 Item_id =43
91541, CheckSpeItemWorkEvent 1 Item_id =330
91549, CheckSpeItemWorkEvent 1 Item_id =818
91697, CheckSpeItemWorkEvent 1 Item_id =329
91705, CheckSpeItemWorkEvent 1 Item_id =2173
91705, CheckSpeItemWorkEvent 1 Item_id =79
91777, CheckSpeItemWorkEvent 1 Item_id =324
91801, CheckSpeItemWorkEvent 1 Item_id =363
91881, CheckSpeItemWorkEvent 1 Item_id =31
91913, CheckSpeItemWorkEvent 1 Item_id =31
91933, CheckSpeItemWorkEvent 1 Item_id =31
91937, CheckSpeItemWorkEvent 1 Item_id =583
91941, CheckSpeItemWorkEvent 1 Item_id =364
91973, CheckSpeItemWorkEvent 1 Item_id =361
92289, CheckSpeItemWorkEvent 1 Item_id =202
92965, CheckSpeItemWorkEvent 1 Item_id =318
93065, CheckSpeItemWorkEvent 1 Item_id =323
93081, CheckSpeItemWorkEvent 1 Item_id =364
93409, CheckSpeItemWorkEvent 1 Item_id =582
93509, CheckSpeItemWorkEvent 1 Item_id =571
93733, CheckSpeItemWorkEvent 1 Item_id =94
93885, CheckSpeItemWorkEvent 1 Item_id =611
94005, CheckSpeItemWorkEvent 1 Item_id =318
94237, CheckSpeItemWorkEvent 1 Item_id =611
94401, CheckSpeItemWorkEvent 1 Item_id =478
94869, CheckSpeItemWorkEvent 1 Item_id =500
95141, CheckSpeItemWorkEvent 1 Item_id =661
95677, CheckSpeItemWorkEvent 1 Item_id =90
95857, CheckSpeItemWorkEvent 1 Item_id =651
96133, CheckSpeItemWorkEvent 1 Item_id =656
96421, CheckSpeItemWorkEvent 1 Item_id =655
96465, CheckSpeItemWorkEvent 1 Item_id =655
96925, CheckSpeItemWorkEvent 1 Item_id =29
96965, CheckSpeItemWorkEvent 1 Item_id =335
97145, CheckSpeItemWorkEvent 1 Item_id =78
97201, CheckSpeItemWorkEvent 1 Item_id =2165
97273, CheckSpeItemWorkEvent 1 Item_id =11
97357, CheckSpeItemWorkEvent 1 Item_id =500
97937, CheckSpeItemWorkEvent 1 Item_id =191
98057, CheckSpeItemWorkEvent 1 Item_id =31
98077, CheckSpeItemWorkEvent 1 Item_id =31
98101, CheckSpeItemWorkEvent 1 Item_id =31
98133, CheckSpeItemWorkEvent 1 Item_id =31
98161, CheckSpeItemWorkEvent 1 Item_id =31
98253, CheckSpeItemWorkEvent 1 Item_id =358
98645, CheckSpeItemWorkEvent 1 Item_id =571
99305, CheckSpeItemWorkEvent 1 Item_id =663
99345, CheckSpeItemWorkEvent 1 Item_id =126
99801, CheckSpeItemWorkEvent 1 Item_id =31
99817, CheckSpeItemWorkEvent 1 Item_id =31
99837, CheckSpeItemWorkEvent 1 Item_id =31
99853, CheckSpeItemWorkEvent 1 Item_id =31
100233, CheckSpeItemWorkEvent 1 Item_id =583
100733, CheckSpeItemWorkEvent 1 Item_id =31
100753, CheckSpeItemWorkEvent 1 Item_id =31
100789, CheckSpeItemWorkEvent 1 Item_id =31
100813, CheckSpeItemWorkEvent 1 Item_id =31
100829, CheckSpeItemWorkEvent 1 Item_id =31
101169, CheckSpeItemWorkEvent 1 Item_id =324
101201, CheckSpeItemWorkEvent 1 Item_id =31
101217, CheckSpeItemWorkEvent 1 Item_id =31
101237, CheckSpeItemWorkEvent 1 Item_id =31
101261, CheckSpeItemWorkEvent 1 Item_id =31
101277, CheckSpeItemWorkEvent 1 Item_id =31
101557, CheckSpeItemWorkEvent 1 Item_id =318
101557, CheckSpeItemWorkEvent 1 Item_id =583
101705, CheckSpeItemWorkEvent 1 Item_id =803
101949, CheckSpeItemWorkEvent 1 Item_id =820
102637, CheckSpeItemWorkEvent 1 Item_id =20
102661, CheckSpeItemWorkEvent 1 Item_id =363
103981, CheckSpeItemWorkEvent 1 Item_id =125
104645, CheckSpeItemWorkEvent 1 Item_id =31
104661, CheckSpeItemWorkEvent 1 Item_id =31
104677, CheckSpeItemWorkEvent 1 Item_id =31
104697, CheckSpeItemWorkEvent 1 Item_id =31
104713, CheckSpeItemWorkEvent 1 Item_id =31
105877, CheckSpeItemWorkEvent 1 Item_id =31
105897, CheckSpeItemWorkEvent 1 Item_id =31
105917, CheckSpeItemWorkEvent 1 Item_id =31
105933, CheckSpeItemWorkEvent 1 Item_id =31
106445, CheckSpeItemWorkEvent 1 Item_id =191
106657, CheckSpeItemWorkEvent 1 Item_id =318
106833, CheckSpeItemWorkEvent 1 Item_id =31
106853, CheckSpeItemWorkEvent 1 Item_id =31
106873, CheckSpeItemWorkEvent 1 Item_id =31
107001, CheckSpeItemWorkEvent 1 Item_id =583
107261, CheckSpeItemWorkEvent 1 Item_id =2165
107417, CheckSpeItemWorkEvent 1 Item_id =31
107441, CheckSpeItemWorkEvent 1 Item_id =31
107461, CheckSpeItemWorkEvent 1 Item_id =31
108005, CheckSpeItemWorkEvent 1 Item_id =637
108145, CheckSpeItemWorkEvent 1 Item_id =31
108301, CheckSpeItemWorkEvent 1 Item_id =645
108929, CheckSpeItemWorkEvent 1 Item_id =90
108961, CheckSpeItemWorkEvent 1 Item_id =20
109281, CheckSpeItemWorkEvent 1 Item_id =820
109441, CheckSpeItemWorkEvent 1 Item_id =318
109489, CheckSpeItemWorkEvent 1 Item_id =31
109521, CheckSpeItemWorkEvent 1 Item_id =31
109549, CheckSpeItemWorkEvent 1 Item_id =31
109589, CheckSpeItemWorkEvent 1 Item_id =31
109637, CheckSpeItemWorkEvent 1 Item_id =318
109833, CheckSpeItemWorkEvent 1 Item_id =318
110033, CheckSpeItemWorkEvent 1 Item_id =31
110193, CheckSpeItemWorkEvent 1 Item_id =50
112113, CheckSpeItemWorkEvent 1 Item_id =2144
112465, CheckSpeItemWorkEvent 1 Item_id =637
113145, CheckSpeItemWorkEvent 1 Item_id =827
113537, CheckSpeItemWorkEvent 1 Item_id =637
114113, CheckSpeItemWorkEvent 1 Item_id =117
114341, CheckSpeItemWorkEvent 1 Item_id =31
114569, CheckSpeItemWorkEvent 1 Item_id =361
117161, CheckSpeItemWorkEvent 1 Item_id =31
117185, CheckSpeItemWorkEvent 1 Item_id =31
117205, CheckSpeItemWorkEvent 1 Item_id =31
117997, CheckSpeItemWorkEvent 1 Item_id =571
118077, CheckSpeItemWorkEvent 1 Item_id =31
118093, CheckSpeItemWorkEvent 1 Item_id =31
118113, CheckSpeItemWorkEvent 1 Item_id =31
118133, CheckSpeItemWorkEvent 1 Item_id =31
118189, CheckSpeItemWorkEvent 1 Item_id =324
118345, CheckSpeItemWorkEvent 1 Item_id =2142
118569, CheckSpeItemWorkEvent 1 Item_id =335
118809, CheckSpeItemWorkEvent 1 Item_id =501
119381, CheckSpeItemWorkEvent 1 Item_id =637
120225, CheckSpeItemWorkEvent 1 Item_id =827
120753, CheckSpeItemWorkEvent 1 Item_id =49
121193, CheckSpeItemWorkEvent 1 Item_id =2169
121697, CheckSpeItemWorkEvent 1 Item_id =571
121761, CheckSpeItemWorkEvent 1 Item_id =323
121933, CheckSpeItemWorkEvent 1 Item_id =31
121953, CheckSpeItemWorkEvent 1 Item_id =31
121973, CheckSpeItemWorkEvent 1 Item_id =31
121989, CheckSpeItemWorkEvent 1 Item_id =31
122149, CheckSpeItemWorkEvent 1 Item_id =90
122245, CheckSpeItemWorkEvent 1 Item_id =803
122269, CheckSpeItemWorkEvent 1 Item_id =2142
122869, CheckSpeItemWorkEvent 1 Item_id =323
123413, CheckSpeItemWorkEvent 1 Item_id =323
123413, CheckSpeItemWorkEvent 1 Item_id =637
123561, CheckSpeItemWorkEvent 1 Item_id =31
123581, CheckSpeItemWorkEvent 1 Item_id =31
123605, CheckSpeItemWorkEvent 1 Item_id =31
123625, CheckSpeItemWorkEvent 1 Item_id =31
123649, CheckSpeItemWorkEvent 1 Item_id =31
124253, CheckSpeItemWorkEvent 1 Item_id =117
124397, CheckSpeItemWorkEvent 1 Item_id =31
124429, CheckSpeItemWorkEvent 1 Item_id =31
124465, CheckSpeItemWorkEvent 1 Item_id =31
124485, CheckSpeItemWorkEvent 1 Item_id =31
124501, CheckSpeItemWorkEvent 1 Item_id =31
124729, CheckSpeItemWorkEvent 1 Item_id =803
125077, CheckSpeItemWorkEvent 1 Item_id =820
125161, CheckSpeItemWorkEvent 1 Item_id =31
125177, CheckSpeItemWorkEvent 1 Item_id =2168
125185, CheckSpeItemWorkEvent 1 Item_id =31
125217, CheckSpeItemWorkEvent 1 Item_id =31
125473, CheckSpeItemWorkEvent 1 Item_id =31
125517, CheckSpeItemWorkEvent 1 Item_id =31
125533, CheckSpeItemWorkEvent 1 Item_id =31
125681, CheckSpeItemWorkEvent 1 Item_id =31
126861, CheckSpeItemWorkEvent 1 Item_id =2142
127277, CheckSpeItemWorkEvent 1 Item_id =20
127417, CheckSpeItemWorkEvent 1 Item_id =49
129265, CheckSpeItemWorkEvent 1 Item_id =820
129657, CheckSpeItemWorkEvent 1 Item_id =31
129677, CheckSpeItemWorkEvent 1 Item_id =31
129965, CheckSpeItemWorkEvent 1 Item_id =2183
131453, CheckSpeItemWorkEvent 1 Item_id =31
131469, CheckSpeItemWorkEvent 1 Item_id =31
131489, CheckSpeItemWorkEvent 1 Item_id =31
131509, CheckSpeItemWorkEvent 1 Item_id =31
131529, CheckSpeItemWorkEvent 1 Item_id =31
132929, CheckSpeItemWorkEvent 1 Item_id =2183
133037, CheckSpeItemWorkEvent 1 Item_id =31
133045, CheckSpeItemWorkEvent 1 Item_id =31
133073, CheckSpeItemWorkEvent 1 Item_id =31
133089, CheckSpeItemWorkEvent 1 Item_id =31
133109, CheckSpeItemWorkEvent 1 Item_id =31
134221, CheckSpeItemWorkEvent 1 Item_id =31
134257, CheckSpeItemWorkEvent 1 Item_id =31
134277, CheckSpeItemWorkEvent 1 Item_id =31
134293, CheckSpeItemWorkEvent 1 Item_id =31
134313, CheckSpeItemWorkEvent 1 Item_id =31
137053, CheckSpeItemWorkEvent 1 Item_id =358
137157, CheckSpeItemWorkEvent 1 Item_id =189
138474, GetSpeItemAdd 不是开局玩家， control_id=3
138474, GetSpeItemAdd 不是开局玩家， control_id=9
138474, GetSpeItemAdd 没有获胜， control_id=11
138474, GetSpeItemAdd 没有获胜， control_id=12
138474, GetSpeItemAdd 没有获胜， control_id=13
138474, GetSpeItemAdd 不是开局玩家， control_id=14
138474, GetSpeItemAdd 没有获胜， control_id=15
138474, GetSpeItemAdd 没有获胜， control_id=16
138474, GetSpeItemAdd 没有获胜， control_id=17
138474, GetSpeItemAdd 没有获胜， control_id=18
138474, GetSpeItemAdd 没有获胜， control_id=19
138474, GetSpeItemAdd 没有获胜， control_id=20
