3569, run control_id= 9 ,K = 16.624 , EA=0.49462750822376 ,G_Var.Wuxunconf= 0 ,Old_Point= 594 ,New_Point=570.62983949144 , myaddpointbasiclose=7 , Escapeflag=2
3569, fin run  p_control_id= 9 ,TT_Add_Point = -23 , MK=1 ,BK= 1 ,GK= 1
3569, fin run  p_control_id= 9 ,TT_Add_Point_new = -23 , MK=1 ,BK= 1 ,GK= 1 ,Mode_K=1
11513, run control_id= 3 ,K = 16.72 , EA=0.48542109474094 ,G_Var.Wuxunconf= 0 ,Old_Point= 570 ,New_Point=546.97162326549 , myaddpointbasiclose=7 , Escapeflag=2
11513, fin run  p_control_id= 3 ,TT_Add_Point = -23 , MK=1 ,BK= 1 ,GK= 1
11513, fin run  p_control_id= 3 ,TT_Add_Point_new = -23 , MK=1 ,BK= 1 ,GK= 1 ,Mode_K=1
11925, run control_id= 14 ,K = 16.668 , EA=0.50729100262139 ,G_Var.Wuxunconf= 0 ,Old_Point= 583 ,New_Point=558.98687309991 , myaddpointbasiclose=7 , Escapeflag=2
11925, fin run  p_control_id= 14 ,TT_Add_Point = -24 , MK=1 ,BK= 1 ,GK= 1
11925, fin run  p_control_id= 14 ,TT_Add_Point_new = -24 , MK=1 ,BK= 1 ,GK= 1 ,Mode_K=1
33845, 中途加入run control_id= 3 ,K = 16.396 , EA=0.50997654444685 ,G_Var.Wuxunconf= 0 ,Old_Point= 651 ,New_Point=639.06858876612 , myaddpointbasiclose=7
33845, fin run  p_control_id= 3 ,TT_Add_Point = -12 , MK=1 ,BK= 1 ,GK= 1
33845, fin run  p_control_id= 3 ,TT_Add_Point_new = -12 , MK=1 ,BK= 1 ,GK= 1 ,Mode_K=1
53341, run control_id= 15 ,K = 16.748 , EA=0.50575620841114 ,G_Var.Wuxunconf= 0 ,Old_Point= 563 ,New_Point=538.9786031253 , myaddpointbasiclose=7 , Escapeflag=2
53341, fin run  p_control_id= 15 ,TT_Add_Point = -24 , MK=1 ,BK= 1 ,GK= 1
53341, fin run  p_control_id= 15 ,TT_Add_Point_new = -24 , MK=1 ,BK= 1 ,GK= 1 ,Mode_K=1
138474, 开始CollectPlayerInfo  G_Var.TT_Switch =1 , p_game_time=39
138474, win control_id= 1 ,K = 16.508 , EA=0.49923247223854 ,G_Var.Wuxunconf= 0 ,Old_Point= 623 ,New_Point=635.27281057038 , myaddpointbasicwin=8
138474, CheckLaoBingBuff p_control_id= 1 ,G_Tab.LaoJiang_Mark[side] = 0,side=1.G_Var.TT_Switch=1
138474, jisuan  TT_Old_Point=623
138474, fin  p_control_id= 1 ,TT_Add_Point = 12 , MK=1.5 ,BK= 1 ,GK= 1,Mode_K=1
138474, fin  p_control_id= 1 ,TT_Add_Point_new1 = 18 , MK=1.5 ,BK= 1 ,GK= 1,Mode_K=1
138474, fin  p_control_id= 1 ,TT_Add_Point_new2 = 18 , MK=1.5 ,BK= 1 ,GK= 1
138474, Check_MaxAddPoint control_id = 1 ,add_point1= 18 ,old_point = 623
138474, Check_MaxAddPoint control_id = 1 ,add_point2= 18 ,old_point = 623
138474, p_control_id= 1 ,G_Tab.MyRiseRank[p_control_id][1] = 0
138474,  正常打 GetRankLv my_old_big_lv= 1 ,my_old_lit_lv= 3 ,my_old_exp= 46
138474,  正常打 2 GetRankLv my_old_exp= 46
138474,  正常打 GetRankLv my_new_big_lv= 1 ,my_new_lit_lv= 3 ,my_new_exp= 82
138474,  CheckCanRankVP p_control_id= 1 ,point = 623
138474,  正常打 G_Tab.MyRiseRank[p_control_id][1]-2= 0
138474, 胜利者  end my_new_score=641 , TT_Add_Point=18
138474, 胜利者  end up_new_addscore_1=18 , up_add_exp_1=36 , my_new_exp=82 ,my_old_exp= 46
138474,   p_control_id= 1 ,temp_player_tab[316] = 0 , PlayerRankScore_new=0 , PlayerRankScore_old=0
138474, WhetherFristPlayer(p_control_id)  =1 , p_control_id=1
138474, 成就卡  iselowin= 1
138474, 成就卡  num= 0
138474,  5555 p_control_id= 1 ,temp_player_tab[207] = 36,temp_player_tab[203]=18
138474, 开始CollectPlayerInfo  G_Var.TT_Switch =1 , p_game_time=39
138474, win control_id= 2 ,K = 16.328 , EA=0.51151089121779 ,G_Var.Wuxunconf= 0 ,Old_Point= 668 ,New_Point=679.88396303845 , myaddpointbasicwin=8
138474, CheckLaoBingBuff p_control_id= 2 ,G_Tab.LaoJiang_Mark[side] = 0,side=1.G_Var.TT_Switch=1
138474, jisuan  TT_Old_Point=668
138474, fin  p_control_id= 2 ,TT_Add_Point = 12 , MK=1 ,BK= 1 ,GK= 1,Mode_K=1
138474, fin  p_control_id= 2 ,TT_Add_Point_new1 = 12 , MK=1 ,BK= 1 ,GK= 1,Mode_K=1
138474, fin  p_control_id= 2 ,TT_Add_Point_new2 = 12 , MK=1 ,BK= 1 ,GK= 1
138474, Check_MaxAddPoint control_id = 2 ,add_point1= 12 ,old_point = 668
138474, Check_MaxAddPoint control_id = 2 ,add_point2= 12 ,old_point = 668
138474, p_control_id= 2 ,G_Tab.MyRiseRank[p_control_id][1] = 0
138474,  正常打 GetRankLv my_old_big_lv= 1 ,my_old_lit_lv= 2 ,my_old_exp= 36
138474,  正常打 2 GetRankLv my_old_exp= 36
138474,  正常打 GetRankLv my_new_big_lv= 1 ,my_new_lit_lv= 2 ,my_new_exp= 60
138474,  CheckCanRankVP p_control_id= 2 ,point = 668
138474,  正常打 G_Tab.MyRiseRank[p_control_id][1]-2= 0
138474, 胜利者  end my_new_score=680 , TT_Add_Point=12
138474, 胜利者  end up_new_addscore_1=12 , up_add_exp_1=24 , my_new_exp=60 ,my_old_exp= 36
138474,   p_control_id= 2 ,temp_player_tab[316] = 0 , PlayerRankScore_new=0 , PlayerRankScore_old=0
138474, WhetherFristPlayer(p_control_id)  =1 , p_control_id=2
138474, 成就卡  iselowin= 1
138474, 成就卡  num= 0
138474,  5555 p_control_id= 2 ,temp_player_tab[207] = 24,temp_player_tab[203]=12
138474, 开始CollectPlayerInfo  G_Var.TT_Switch =1 , p_game_time=27
138474, win control_id= 3 ,K = 16.528 , EA=0.50383756646497 ,G_Var.Wuxunconf= 0 ,Old_Point= 618 ,New_Point=630.16987216975 , myaddpointbasicwin=8
138474, CheckLaoBingBuff p_control_id= 3 ,G_Tab.LaoJiang_Mark[side] = 0,side=1.G_Var.TT_Switch=1
138474, jisuan  TT_Old_Point=618
138474, fin  p_control_id= 3 ,TT_Add_Point = 12 , MK=1 ,BK= 1 ,GK= 1,Mode_K=1
138474, fin  p_control_id= 3 ,TT_Add_Point_new1 = 12 , MK=1 ,BK= 1 ,GK= 1,Mode_K=1
138474, fin  p_control_id= 3 ,TT_Add_Point_new2 = 12 , MK=1 ,BK= 1 ,GK= 1
138474, Check_MaxAddPoint control_id = 3 ,add_point1= 12 ,old_point = 618
138474, Check_MaxAddPoint control_id = 3 ,add_point2= 12 ,old_point = 618
138474, p_control_id= 3 ,G_Tab.MyRiseRank[p_control_id][1] = 0
138474,  正常打 GetRankLv my_old_big_lv= 1 ,my_old_lit_lv= 3 ,my_old_exp= 36
138474,  正常打 2 GetRankLv my_old_exp= 36
138474,  正常打 GetRankLv my_new_big_lv= 1 ,my_new_lit_lv= 3 ,my_new_exp= 60
138474,  CheckCanRankVP p_control_id= 3 ,point = 618
138474,  正常打 G_Tab.MyRiseRank[p_control_id][1]-2= 0
138474, 胜利者  end my_new_score=630 , TT_Add_Point=12
138474, 胜利者  end up_new_addscore_1=12 , up_add_exp_1=24 , my_new_exp=60 ,my_old_exp= 36
138474,   p_control_id= 3 ,temp_player_tab[316] = 0 , PlayerRankScore_new=0 , PlayerRankScore_old=0
138474, WhetherFristPlayer(p_control_id)  =0 , p_control_id=3
138474,  5555 p_control_id= 3 ,temp_player_tab[207] = 24,temp_player_tab[203]=12
138474, 开始CollectPlayerInfo  G_Var.TT_Switch =1 , p_game_time=39
138474, win control_id= 4 ,K = 16.748 , EA=0.4923253191676 ,G_Var.Wuxunconf= 0 ,Old_Point= 563 ,New_Point=575.56393300124 , myaddpointbasicwin=8
138474, CheckLaoBingBuff p_control_id= 4 ,G_Tab.LaoJiang_Mark[side] = 0,side=1.G_Var.TT_Switch=1
138474, jisuan  TT_Old_Point=563
138474, fin  p_control_id= 4 ,TT_Add_Point = 13 , MK=1 ,BK= 1 ,GK= 1,Mode_K=1
138474, fin  p_control_id= 4 ,TT_Add_Point_new1 = 13 , MK=1 ,BK= 1 ,GK= 1,Mode_K=1
138474, fin  p_control_id= 4 ,TT_Add_Point_new2 = 13 , MK=1 ,BK= 1 ,GK= 1
138474, Check_MaxAddPoint control_id = 4 ,add_point1= 13 ,old_point = 563
138474, Check_MaxAddPoint control_id = 4 ,add_point2= 13 ,old_point = 563
138474, p_control_id= 4 ,G_Tab.MyRiseRank[p_control_id][1] = 0
138474,  正常打 GetRankLv my_old_big_lv= 1 ,my_old_lit_lv= 4 ,my_old_exp= 26
138474,  正常打 2 GetRankLv my_old_exp= 26
138474,  正常打 GetRankLv my_new_big_lv= 1 ,my_new_lit_lv= 4 ,my_new_exp= 52
138474,  CheckCanRankVP p_control_id= 4 ,point = 563
138474,  正常打 G_Tab.MyRiseRank[p_control_id][1]-2= 0
138474, 胜利者  end my_new_score=576 , TT_Add_Point=13
138474, 胜利者  end up_new_addscore_1=13 , up_add_exp_1=26 , my_new_exp=52 ,my_old_exp= 26
138474,   p_control_id= 4 ,temp_player_tab[316] = 0 , PlayerRankScore_new=0 , PlayerRankScore_old=0
138474, WhetherFristPlayer(p_control_id)  =1 , p_control_id=4
138474, 成就卡  iselowin= 1
138474, 成就卡  num= 0
138474,  5555 p_control_id= 4 ,temp_player_tab[207] = 26,temp_player_tab[203]=13
138474, 开始CollectPlayerInfo  G_Var.TT_Switch =1 , p_game_time=39
138474, win control_id= 5 ,K = 16.4 , EA=0.50959292725149 ,G_Var.Wuxunconf= 0 ,Old_Point= 650 ,New_Point=661.96593257506 , myaddpointbasicwin=8
138474, CheckLaoBingBuff p_control_id= 5 ,G_Tab.LaoJiang_Mark[side] = 0,side=1.G_Var.TT_Switch=1
138474, jisuan  TT_Old_Point=650
138474, fin  p_control_id= 5 ,TT_Add_Point = 12 , MK=1 ,BK= 1 ,GK= 1,Mode_K=1
138474, fin  p_control_id= 5 ,TT_Add_Point_new1 = 12 , MK=1 ,BK= 1 ,GK= 1,Mode_K=1
138474, fin  p_control_id= 5 ,TT_Add_Point_new2 = 12 , MK=1 ,BK= 1 ,GK= 1
138474, Check_MaxAddPoint control_id = 5 ,add_point1= 12 ,old_point = 650
138474, Check_MaxAddPoint control_id = 5 ,add_point2= 12 ,old_point = 650
138474, p_control_id= 5 ,G_Tab.MyRiseRank[p_control_id][1] = 0
138474,  正常打 GetRankLv my_old_big_lv= 1 ,my_old_lit_lv= 3 ,my_old_exp= 100
138474,  正常打 2 GetRankLv my_old_exp= 100
138474,  正常打 GetRankLv my_new_big_lv= 1 ,my_new_lit_lv= 2 ,my_new_exp= 24
138474,  CheckCanRankVP p_control_id= 5 ,point = 650
138474,  正常打 G_Tab.MyRiseRank[p_control_id][1]-2= 0
138474, 胜利者  end my_new_score=662 , TT_Add_Point=12
138474, 胜利者  end up_new_addscore_1=12 , up_add_exp_1=-76 , my_new_exp=24 ,my_old_exp= 100
138474,   p_control_id= 5 ,temp_player_tab[316] = 0 , PlayerRankScore_new=0 , PlayerRankScore_old=0
138474, WhetherFristPlayer(p_control_id)  =1 , p_control_id=5
138474, 成就卡  iselowin= 1
138474, 成就卡  num= 0
138474,  5555 p_control_id= 5 ,temp_player_tab[207] = -76,temp_player_tab[203]=12
138474, 开始CollectPlayerInfo  G_Var.TT_Switch =1 , p_game_time=39
138474, win control_id= 6 ,K = 16.744 , EA=0.49270899737861 ,G_Var.Wuxunconf= 0 ,Old_Point= 564 ,New_Point=576.55240856886 , myaddpointbasicwin=8
138474, CheckLaoBingBuff p_control_id= 6 ,G_Tab.LaoJiang_Mark[side] = 0,side=1.G_Var.TT_Switch=1
138474, jisuan  TT_Old_Point=564
138474, fin  p_control_id= 6 ,TT_Add_Point = 13 , MK=1.2 ,BK= 1 ,GK= 1,Mode_K=1
138474, fin  p_control_id= 6 ,TT_Add_Point_new1 = 16 , MK=1.2 ,BK= 1 ,GK= 1,Mode_K=1
138474, fin  p_control_id= 6 ,TT_Add_Point_new2 = 16 , MK=1.2 ,BK= 1 ,GK= 1
138474, Check_MaxAddPoint control_id = 6 ,add_point1= 16 ,old_point = 564
138474, Check_MaxAddPoint control_id = 6 ,add_point2= 16 ,old_point = 564
138474, p_control_id= 6 ,G_Tab.MyRiseRank[p_control_id][1] = 0
138474,  正常打 GetRankLv my_old_big_lv= 1 ,my_old_lit_lv= 4 ,my_old_exp= 28
138474,  正常打 2 GetRankLv my_old_exp= 28
138474,  正常打 GetRankLv my_new_big_lv= 1 ,my_new_lit_lv= 4 ,my_new_exp= 60
138474,  CheckCanRankVP p_control_id= 6 ,point = 564
138474,  正常打 G_Tab.MyRiseRank[p_control_id][1]-2= 0
138474, 胜利者  end my_new_score=580 , TT_Add_Point=16
138474, 胜利者  end up_new_addscore_1=16 , up_add_exp_1=32 , my_new_exp=60 ,my_old_exp= 28
138474,   p_control_id= 6 ,temp_player_tab[316] = 0 , PlayerRankScore_new=0 , PlayerRankScore_old=0
138474, WhetherFristPlayer(p_control_id)  =1 , p_control_id=6
138474, 成就卡  iselowin= 1
138474, 成就卡  num= 0
138474,  5555 p_control_id= 6 ,temp_player_tab[207] = 32,temp_player_tab[203]=16
138474, 开始CollectPlayerInfo  G_Var.TT_Switch =1 , p_game_time=39
138474, win control_id= 7 ,K = 16.536 , EA=0.50307007487437 ,G_Var.Wuxunconf= 0 ,Old_Point= 616 ,New_Point=628.19267264288 , myaddpointbasicwin=8
138474, CheckLaoBingBuff p_control_id= 7 ,G_Tab.LaoJiang_Mark[side] = 0,side=1.G_Var.TT_Switch=1
138474, jisuan  TT_Old_Point=616
138474, fin  p_control_id= 7 ,TT_Add_Point = 12 , MK=1 ,BK= 1 ,GK= 1,Mode_K=1
138474, fin  p_control_id= 7 ,TT_Add_Point_new1 = 12 , MK=1 ,BK= 1 ,GK= 1,Mode_K=1
138474, fin  p_control_id= 7 ,TT_Add_Point_new2 = 12 , MK=1 ,BK= 1 ,GK= 1
138474, Check_MaxAddPoint control_id = 7 ,add_point1= 12 ,old_point = 616
138474, Check_MaxAddPoint control_id = 7 ,add_point2= 12 ,old_point = 616
138474, p_control_id= 7 ,G_Tab.MyRiseRank[p_control_id][1] = 0
138474,  正常打 GetRankLv my_old_big_lv= 1 ,my_old_lit_lv= 3 ,my_old_exp= 32
138474,  正常打 2 GetRankLv my_old_exp= 32
138474,  正常打 GetRankLv my_new_big_lv= 1 ,my_new_lit_lv= 3 ,my_new_exp= 56
138474,  CheckCanRankVP p_control_id= 7 ,point = 616
138474,  正常打 G_Tab.MyRiseRank[p_control_id][1]-2= 0
138474, 胜利者  end my_new_score=628 , TT_Add_Point=12
138474, 胜利者  end up_new_addscore_1=12 , up_add_exp_1=24 , my_new_exp=56 ,my_old_exp= 32
138474,   p_control_id= 7 ,temp_player_tab[316] = 0 , PlayerRankScore_new=0 , PlayerRankScore_old=0
138474, WhetherFristPlayer(p_control_id)  =1 , p_control_id=7
138474, 成就卡  iselowin= 1
138474, 成就卡  num= 0
138474,  5555 p_control_id= 7 ,temp_player_tab[207] = 24,temp_player_tab[203]=12
138474, 开始CollectPlayerInfo  G_Var.TT_Switch =1 , p_game_time=39
138474, win control_id= 8 ,K = 16.824 , EA=0.50115129051182 ,G_Var.Wuxunconf= 0 ,Old_Point= 544 ,New_Point=556.38342036433 , myaddpointbasicwin=8
138474, CheckLaoBingBuff p_control_id= 8 ,G_Tab.LaoJiang_Mark[side] = 0,side=1.G_Var.TT_Switch=1
138474, jisuan  TT_Old_Point=544
138474, fin  p_control_id= 8 ,TT_Add_Point = 12 , MK=1 ,BK= 1 ,GK= 1,Mode_K=1
138474, fin  p_control_id= 8 ,TT_Add_Point_new1 = 12 , MK=1 ,BK= 1 ,GK= 1,Mode_K=1
138474, fin  p_control_id= 8 ,TT_Add_Point_new2 = 12 , MK=1 ,BK= 1 ,GK= 1
138474, Check_MaxAddPoint control_id = 8 ,add_point1= 12 ,old_point = 544
138474, Check_MaxAddPoint control_id = 8 ,add_point2= 12 ,old_point = 544
138474, p_control_id= 8 ,G_Tab.MyRiseRank[p_control_id][1] = 0
138474,  正常打 GetRankLv my_old_big_lv= 1 ,my_old_lit_lv= 5 ,my_old_exp= 88
138474,  正常打 2 GetRankLv my_old_exp= 88
138474,  正常打 GetRankLv my_new_big_lv= 1 ,my_new_lit_lv= 4 ,my_new_exp= 12
138474,  CheckCanRankVP p_control_id= 8 ,point = 544
138474,  正常打 G_Tab.MyRiseRank[p_control_id][1]-2= 0
138474, 胜利者  end my_new_score=556 , TT_Add_Point=12
138474, 胜利者  end up_new_addscore_1=12 , up_add_exp_1=-76 , my_new_exp=12 ,my_old_exp= 88
138474,  小段晋级 GetRankLv my_old_exp= 88
138474,   p_control_id= 8 ,temp_player_tab[316] = 0 , PlayerRankScore_new=0 , PlayerRankScore_old=0
138474, WhetherFristPlayer(p_control_id)  =1 , p_control_id=8
138474, 成就卡  iselowin= 1
138474, 成就卡  num= 0
138474,  5555 p_control_id= 8 ,temp_player_tab[207] = 12,temp_player_tab[203]=6
138474, 开始CollectPlayerInfo  G_Var.TT_Switch =1 , p_game_time=30
138474, win control_id= 9 ,K = 16.332 , EA=0.51112732372932 ,G_Var.Wuxunconf= 0 ,Old_Point= 667 ,New_Point=678.89524995902 , myaddpointbasicwin=8
138474, CheckLaoBingBuff p_control_id= 9 ,G_Tab.LaoJiang_Mark[side] = 0,side=1.G_Var.TT_Switch=1
138474, jisuan  TT_Old_Point=667
138474, fin  p_control_id= 9 ,TT_Add_Point = 12 , MK=2 ,BK= 1 ,GK= 1,Mode_K=1
138474, fin  p_control_id= 9 ,TT_Add_Point_new1 = 24 , MK=2 ,BK= 1 ,GK= 1,Mode_K=1
138474, fin  p_control_id= 9 ,TT_Add_Point_new2 = 24 , MK=2 ,BK= 1 ,GK= 1
138474, Check_MaxAddPoint control_id = 9 ,add_point1= 24 ,old_point = 667
138474, Check_MaxAddPoint control_id = 9 ,add_point2= 24 ,old_point = 667
138474, p_control_id= 9 ,G_Tab.MyRiseRank[p_control_id][1] = 0
138474,  正常打 GetRankLv my_old_big_lv= 1 ,my_old_lit_lv= 2 ,my_old_exp= 34
138474,  正常打 2 GetRankLv my_old_exp= 34
138474,  正常打 GetRankLv my_new_big_lv= 1 ,my_new_lit_lv= 2 ,my_new_exp= 82
138474,  CheckCanRankVP p_control_id= 9 ,point = 667
138474,  正常打 G_Tab.MyRiseRank[p_control_id][1]-2= 0
138474, 胜利者  end my_new_score=691 , TT_Add_Point=24
138474, 胜利者  end up_new_addscore_1=24 , up_add_exp_1=48 , my_new_exp=82 ,my_old_exp= 34
138474,   p_control_id= 9 ,temp_player_tab[316] = 0 , PlayerRankScore_new=0 , PlayerRankScore_old=0
138474, WhetherFristPlayer(p_control_id)  =0 , p_control_id=9
138474,  5555 p_control_id= 9 ,temp_player_tab[207] = 48,temp_player_tab[203]=24
138474, 开始CollectPlayerInfo  G_Var.TT_Switch =1 , p_game_time=39
138474, win control_id= 10 ,K = 16.796 , EA=0.50383756646497 ,G_Var.Wuxunconf= 0 ,Old_Point= 551 ,New_Point=563.30284370193 , myaddpointbasicwin=8
138474, CheckLaoBingBuff p_control_id= 10 ,G_Tab.LaoJiang_Mark[side] = 0,side=1.G_Var.TT_Switch=1
138474, jisuan  TT_Old_Point=551
138474, fin  p_control_id= 10 ,TT_Add_Point = 12 , MK=1 ,BK= 1 ,GK= 1,Mode_K=1
138474, fin  p_control_id= 10 ,TT_Add_Point_new1 = 12 , MK=1 ,BK= 1 ,GK= 1,Mode_K=1
138474, fin  p_control_id= 10 ,TT_Add_Point_new2 = 12 , MK=1 ,BK= 1 ,GK= 1
138474, Check_MaxAddPoint control_id = 10 ,add_point1= 12 ,old_point = 551
138474, Check_MaxAddPoint control_id = 10 ,add_point2= 12 ,old_point = 551
138474, p_control_id= 10 ,G_Tab.MyRiseRank[p_control_id][1] = 0
138474,  正常打 GetRankLv my_old_big_lv= 1 ,my_old_lit_lv= 4 ,my_old_exp= 0
138474,  正常打 2 GetRankLv my_old_exp= 0
138474,  正常打 GetRankLv my_new_big_lv= 1 ,my_new_lit_lv= 4 ,my_new_exp= 26
138474,  CheckCanRankVP p_control_id= 10 ,point = 551
138474,  正常打 G_Tab.MyRiseRank[p_control_id][1]-2= 0
138474, 胜利者  end my_new_score=563 , TT_Add_Point=12
138474, 胜利者  end up_new_addscore_1=12 , up_add_exp_1=26 , my_new_exp=26 ,my_old_exp= 0
138474,   p_control_id= 10 ,temp_player_tab[316] = 0 , PlayerRankScore_new=0 , PlayerRankScore_old=0
138474, WhetherFristPlayer(p_control_id)  =1 , p_control_id=10
138474, 成就卡  iselowin= 1
138474, 成就卡  num= 0
138474,  5555 p_control_id= 10 ,temp_player_tab[207] = 26,temp_player_tab[203]=12
138474, 开始CollectPlayerInfo  G_Var.TT_Switch =1 , p_game_time=39
138474, lose control_id= 11 ,K = 16.648 , EA=0.50920929875791 ,G_Var.Wuxunconf= 0 ,Old_Point= 588 ,New_Point=575.95821850297 , myaddpointbasiclose=7
138474, jisuan  TT_Old_Point=588
138474, fin  p_control_id= 11 ,TT_Add_Point = -12 , MK=0.7 ,BK= 1 ,GK= 1,Mode_K=1
138474, fin  p_control_id= 11 ,TT_Add_Point_new1 = -8 , MK=0.7 ,BK= 1 ,GK= 1,Mode_K=1
138474, fin  p_control_id= 11 ,TT_Add_Point_new2 = -8 , MK=0.7 ,BK= 1 ,GK= 1
138474, Check_MaxAddPoint control_id = 11 ,add_point1= -8 ,old_point = 588
138474, Check_MaxAddPoint control_id = 11 ,add_point2= -8 ,old_point = 588
138474, p_control_id= 11 ,G_Tab.MyRiseRank[p_control_id][1] = 0
138474,  正常打 GetRankLv my_old_big_lv= 1 ,my_old_lit_lv= 4 ,my_old_exp= 76
138474,  正常打 2 GetRankLv my_old_exp= 76
138474,  正常打 GetRankLv my_new_big_lv= 1 ,my_new_lit_lv= 4 ,my_new_exp= 60
138474,  CheckCanRankVP p_control_id= 11 ,point = 588
138474,  正常打 G_Tab.MyRiseRank[p_control_id][1]-2= 0
138474, 失败  ，p_num2=0
138474, 失败  my_new_score=580 , TT_Add_Point-=-8
138474, 失败  end up_new_addscore_2=-8 , up_add_exp_2=-16
138474,   p_control_id= 11 ,temp_player_tab[316] = 0 , PlayerRankScore_new=0 , PlayerRankScore_old=0
138474, WhetherFristPlayer(p_control_id)  =1 , p_control_id=11
138474, 成就卡  iselowin= 0
138474, 成就卡  num= 0
138474,  5555 p_control_id= 11 ,temp_player_tab[207] = -16,temp_player_tab[203]=-8
138474, 开始CollectPlayerInfo  G_Var.TT_Switch =1 , p_game_time=39
138474, lose control_id= 12 ,K = 16.492 , EA=0.49616243353503 ,G_Var.Wuxunconf= 0 ,Old_Point= 627 ,New_Point=615.3441521114 , myaddpointbasiclose=7
138474, jisuan  TT_Old_Point=627
138474, fin  p_control_id= 12 ,TT_Add_Point = -12 , MK=1 ,BK= 1 ,GK= 1,Mode_K=1
138474, fin  p_control_id= 12 ,TT_Add_Point_new1 = -12 , MK=1 ,BK= 1 ,GK= 1,Mode_K=1
138474, fin  p_control_id= 12 ,TT_Add_Point_new2 = -12 , MK=1 ,BK= 1 ,GK= 1
138474, Check_MaxAddPoint control_id = 12 ,add_point1= -12 ,old_point = 627
138474, Check_MaxAddPoint control_id = 12 ,add_point2= -12 ,old_point = 627
138474, p_control_id= 12 ,G_Tab.MyRiseRank[p_control_id][1] = 0
138474,  正常打 GetRankLv my_old_big_lv= 1 ,my_old_lit_lv= 3 ,my_old_exp= 54
138474,  正常打 2 GetRankLv my_old_exp= 54
138474,  正常打 GetRankLv my_new_big_lv= 1 ,my_new_lit_lv= 3 ,my_new_exp= 30
138474,  CheckCanRankVP p_control_id= 12 ,point = 627
138474,  正常打 G_Tab.MyRiseRank[p_control_id][1]-2= 0
138474, 失败  ，p_num2=0
138474, 失败  my_new_score=615 , TT_Add_Point-=-12
138474, 失败  end up_new_addscore_2=-12 , up_add_exp_2=-24
138474,   p_control_id= 12 ,temp_player_tab[316] = 0 , PlayerRankScore_new=0 , PlayerRankScore_old=0
138474, WhetherFristPlayer(p_control_id)  =1 , p_control_id=12
138474, 成就卡  iselowin= 0
138474, 成就卡  num= 0
138474,  5555 p_control_id= 12 ,temp_player_tab[207] = -24,temp_player_tab[203]=-12
138474, 开始CollectPlayerInfo  G_Var.TT_Switch =1 , p_game_time=39
138474, lose control_id= 13 ,K = 16.472 , EA=0.48618800429325 ,G_Var.Wuxunconf= 0 ,Old_Point= 632 ,New_Point=620.58819516323 , myaddpointbasiclose=7
138474, jisuan  TT_Old_Point=632
138474, fin  p_control_id= 13 ,TT_Add_Point = -11 , MK=1 ,BK= 1 ,GK= 1,Mode_K=1
138474, fin  p_control_id= 13 ,TT_Add_Point_new1 = -11 , MK=1 ,BK= 1 ,GK= 1,Mode_K=1
138474, fin  p_control_id= 13 ,TT_Add_Point_new2 = -11 , MK=1 ,BK= 1 ,GK= 1
138474, Check_MaxAddPoint control_id = 13 ,add_point1= -11 ,old_point = 632
138474, Check_MaxAddPoint control_id = 13 ,add_point2= -11 ,old_point = 632
138474, p_control_id= 13 ,G_Tab.MyRiseRank[p_control_id][1] = 0
138474,  正常打 GetRankLv my_old_big_lv= 1 ,my_old_lit_lv= 3 ,my_old_exp= 64
138474,  正常打 2 GetRankLv my_old_exp= 64
138474,  正常打 GetRankLv my_new_big_lv= 1 ,my_new_lit_lv= 3 ,my_new_exp= 42
138474,  CheckCanRankVP p_control_id= 13 ,point = 632
138474,  正常打 G_Tab.MyRiseRank[p_control_id][1]-2= 0
138474, 失败  ，p_num2=0
138474, 失败  my_new_score=621 , TT_Add_Point-=-11
138474, 失败  end up_new_addscore_2=-11 , up_add_exp_2=-22
138474,   p_control_id= 13 ,temp_player_tab[316] = 0 , PlayerRankScore_new=0 , PlayerRankScore_old=0
138474, WhetherFristPlayer(p_control_id)  =1 , p_control_id=13
138474, 成就卡  iselowin= 0
138474, 成就卡  num= 0
138474,  5555 p_control_id= 13 ,temp_player_tab[207] = -22,temp_player_tab[203]=-11
138474, 开始CollectPlayerInfo  G_Var.TT_Switch =1 , p_game_time=28
138474, lose control_id= 14 ,K = 16.928 , EA=0.48848910878221 ,G_Var.Wuxunconf= 0 ,Old_Point= 518 ,New_Point=506.31143260506 , myaddpointbasiclose=7
138474, jisuan  TT_Old_Point=518
138474, fin  p_control_id= 14 ,TT_Add_Point = -12 , MK=1 ,BK= 1 ,GK= 1,Mode_K=1
138474, fin  p_control_id= 14 ,TT_Add_Point_new1 = -12 , MK=1 ,BK= 1 ,GK= 1,Mode_K=1
138474, fin  p_control_id= 14 ,TT_Add_Point_new2 = -12 , MK=1 ,BK= 1 ,GK= 1
138474, Check_MaxAddPoint control_id = 14 ,add_point1= -12 ,old_point = 518
138474, Check_MaxAddPoint control_id = 14 ,add_point2= -12 ,old_point = 518
138474, p_control_id= 14 ,G_Tab.MyRiseRank[p_control_id][1] = 0
138474,  正常打 GetRankLv my_old_big_lv= 1 ,my_old_lit_lv= 5 ,my_old_exp= 36
138474,  正常打 2 GetRankLv my_old_exp= 36
138474,  正常打 GetRankLv my_new_big_lv= 1 ,my_new_lit_lv= 5 ,my_new_exp= 12
138474,  CheckCanRankVP p_control_id= 14 ,point = 518
138474,  正常打 G_Tab.MyRiseRank[p_control_id][1]-2= 0
138474, 失败  ，p_num2=0
138474, 失败  my_new_score=506 , TT_Add_Point-=-12
138474, 失败  end up_new_addscore_2=-12 , up_add_exp_2=-24
138474,   p_control_id= 14 ,temp_player_tab[316] = 0 , PlayerRankScore_new=0 , PlayerRankScore_old=0
138474, WhetherFristPlayer(p_control_id)  =0 , p_control_id=14
138474,  5555 p_control_id= 14 ,temp_player_tab[207] = -24,temp_player_tab[203]=-12
138474, 开始CollectPlayerInfo  G_Var.TT_Switch =1 , p_game_time=23
138474, lose control_id= 15 ,K = 16.748 , EA=0.50575620841114 ,G_Var.Wuxunconf= 0 ,Old_Point= 563 ,New_Point=550.98930156265 , myaddpointbasiclose=7
138474, jisuan  TT_Old_Point=563
138474, fin  p_control_id= 15 ,TT_Add_Point = -12 , MK=1 ,BK= 1 ,GK= 1,Mode_K=1
138474, fin  p_control_id= 15 ,TT_Add_Point_new1 = -12 , MK=1 ,BK= 1 ,GK= 1,Mode_K=1
138474, fin  p_control_id= 15 ,TT_Add_Point_new2 = -12 , MK=1 ,BK= 1 ,GK= 1
138474, Check_MaxAddPoint control_id = 15 ,add_point1= -12 ,old_point = 563
138474, Check_MaxAddPoint control_id = 15 ,add_point2= -12 ,old_point = 563
138474, p_control_id= 15 ,G_Tab.MyRiseRank[p_control_id][1] = 0
138474,  正常打 GetRankLv my_old_big_lv= 1 ,my_old_lit_lv= 4 ,my_old_exp= 26
138474,  正常打 2 GetRankLv my_old_exp= 24
138474,  正常打 GetRankLv my_new_big_lv= 1 ,my_new_lit_lv= 4 ,my_new_exp= 0
138474,  CheckCanRankVP p_control_id= 15 ,point = 563
138474,  正常打 G_Tab.MyRiseRank[p_control_id][1]-2= 0
138474, 失败  ，p_num2=0
138474, 失败  my_new_score=551 , TT_Add_Point-=-12
138474, 失败  end up_new_addscore_2=-12 , up_add_exp_2=-24
138474,   p_control_id= 15 ,temp_player_tab[316] = 0 , PlayerRankScore_new=0 , PlayerRankScore_old=0
138474, WhetherFristPlayer(p_control_id)  =1 , p_control_id=15
138474, 成就卡  iselowin= 0
138474, 成就卡  num= 0
138474,  5555 p_control_id= 15 ,temp_player_tab[207] = -24,temp_player_tab[203]=-12
138474, 开始CollectPlayerInfo  G_Var.TT_Switch =1 , p_game_time=39
138474, lose control_id= 16 ,K = 16.692 , EA=0.5049887688122 ,G_Var.Wuxunconf= 0 ,Old_Point= 577 ,New_Point=565.0358060893 , myaddpointbasiclose=7
138474, jisuan  TT_Old_Point=577
138474, fin  p_control_id= 16 ,TT_Add_Point = -12 , MK=0.5 ,BK= 1 ,GK= 1,Mode_K=1
138474, fin  p_control_id= 16 ,TT_Add_Point_new1 = -6 , MK=0.5 ,BK= 1 ,GK= 1,Mode_K=1
138474, fin  p_control_id= 16 ,TT_Add_Point_new2 = -6 , MK=0.5 ,BK= 1 ,GK= 1
138474, Check_MaxAddPoint control_id = 16 ,add_point1= -6 ,old_point = 577
138474, Check_MaxAddPoint control_id = 16 ,add_point2= -6 ,old_point = 577
138474, p_control_id= 16 ,G_Tab.MyRiseRank[p_control_id][1] = 0
138474,  正常打 GetRankLv my_old_big_lv= 1 ,my_old_lit_lv= 4 ,my_old_exp= 54
138474,  正常打 2 GetRankLv my_old_exp= 54
138474,  正常打 GetRankLv my_new_big_lv= 1 ,my_new_lit_lv= 4 ,my_new_exp= 42
138474,  CheckCanRankVP p_control_id= 16 ,point = 577
138474,  正常打 G_Tab.MyRiseRank[p_control_id][1]-2= 0
138474, 失败  ，p_num2=0
138474, 失败  my_new_score=571 , TT_Add_Point-=-6
138474, 失败  end up_new_addscore_2=-6 , up_add_exp_2=-12
138474,   p_control_id= 16 ,temp_player_tab[316] = 0 , PlayerRankScore_new=0 , PlayerRankScore_old=0
138474, WhetherFristPlayer(p_control_id)  =1 , p_control_id=16
138474, 成就卡  iselowin= 0
138474, 成就卡  num= 0
138474,  5555 p_control_id= 16 ,temp_player_tab[207] = -12,temp_player_tab[203]=-6
138474, 开始CollectPlayerInfo  G_Var.TT_Switch =1 , p_game_time=39
138474, lose control_id= 17 ,K = 16.424 , EA=0.49079070124209 ,G_Var.Wuxunconf= 0 ,Old_Point= 644 ,New_Point=632.50371861411 , myaddpointbasiclose=7
138474, jisuan  TT_Old_Point=644
138474, fin  p_control_id= 17 ,TT_Add_Point = -11 , MK=0.6 ,BK= 1 ,GK= 1,Mode_K=1
138474, fin  p_control_id= 17 ,TT_Add_Point_new1 = -7 , MK=0.6 ,BK= 1 ,GK= 1,Mode_K=1
138474, fin  p_control_id= 17 ,TT_Add_Point_new2 = -7 , MK=0.6 ,BK= 1 ,GK= 1
138474, Check_MaxAddPoint control_id = 17 ,add_point1= -7 ,old_point = 644
138474, Check_MaxAddPoint control_id = 17 ,add_point2= -7 ,old_point = 644
138474, p_control_id= 17 ,G_Tab.MyRiseRank[p_control_id][1] = 0
138474,  正常打 GetRankLv my_old_big_lv= 1 ,my_old_lit_lv= 3 ,my_old_exp= 88
138474,  正常打 2 GetRankLv my_old_exp= 88
138474,  正常打 GetRankLv my_new_big_lv= 1 ,my_new_lit_lv= 3 ,my_new_exp= 74
138474,  CheckCanRankVP p_control_id= 17 ,point = 644
138474,  正常打 G_Tab.MyRiseRank[p_control_id][1]-2= 0
138474, 失败  ，p_num2=0
138474, 失败  my_new_score=637 , TT_Add_Point-=-7
138474, 失败  end up_new_addscore_2=-7 , up_add_exp_2=-14
138474,   p_control_id= 17 ,temp_player_tab[316] = 0 , PlayerRankScore_new=0 , PlayerRankScore_old=0
138474, WhetherFristPlayer(p_control_id)  =1 , p_control_id=17
138474, 成就卡  iselowin= 0
138474, 成就卡  num= 0
138474,  5555 p_control_id= 17 ,temp_player_tab[207] = -14,temp_player_tab[203]=-7
138474, 开始CollectPlayerInfo  G_Var.TT_Switch =1 , p_game_time=39
138474, lose control_id= 18 ,K = 16.512 , EA=0.49424379158886 ,G_Var.Wuxunconf= 0 ,Old_Point= 622 ,New_Point=610.37933997216 , myaddpointbasiclose=7
138474, jisuan  TT_Old_Point=622
138474, fin  p_control_id= 18 ,TT_Add_Point = -12 , MK=1 ,BK= 1 ,GK= 1,Mode_K=1
138474, fin  p_control_id= 18 ,TT_Add_Point_new1 = -12 , MK=1 ,BK= 1 ,GK= 1,Mode_K=1
138474, fin  p_control_id= 18 ,TT_Add_Point_new2 = -12 , MK=1 ,BK= 1 ,GK= 1
138474, Check_MaxAddPoint control_id = 18 ,add_point1= -12 ,old_point = 622
138474, Check_MaxAddPoint control_id = 18 ,add_point2= -12 ,old_point = 622
138474, p_control_id= 18 ,G_Tab.MyRiseRank[p_control_id][1] = 0
138474,  正常打 GetRankLv my_old_big_lv= 1 ,my_old_lit_lv= 3 ,my_old_exp= 44
138474,  正常打 2 GetRankLv my_old_exp= 44
138474,  正常打 GetRankLv my_new_big_lv= 1 ,my_new_lit_lv= 3 ,my_new_exp= 20
138474,  CheckCanRankVP p_control_id= 18 ,point = 622
138474,  正常打 G_Tab.MyRiseRank[p_control_id][1]-2= 0
138474, 失败  ，p_num2=0
138474, 失败  my_new_score=610 , TT_Add_Point-=-12
138474, 失败  end up_new_addscore_2=-12 , up_add_exp_2=-24
138474,   p_control_id= 18 ,temp_player_tab[316] = 0 , PlayerRankScore_new=0 , PlayerRankScore_old=0
138474, WhetherFristPlayer(p_control_id)  =1 , p_control_id=18
138474, 成就卡  iselowin= 0
138474, 成就卡  num= 0
138474,  5555 p_control_id= 18 ,temp_player_tab[207] = -24,temp_player_tab[203]=-12
138474, 开始CollectPlayerInfo  G_Var.TT_Switch =1 , p_game_time=39
138474, lose control_id= 19 ,K = 16.596 , EA=0.49386008173501 ,G_Var.Wuxunconf= 0 ,Old_Point= 601 ,New_Point=589.34687751138 , myaddpointbasiclose=7
138474, jisuan  TT_Old_Point=601
138474, fin  p_control_id= 19 ,TT_Add_Point = -12 , MK=1 ,BK= 1 ,GK= 1,Mode_K=1
138474, fin  p_control_id= 19 ,TT_Add_Point_new1 = -12 , MK=1 ,BK= 1 ,GK= 1,Mode_K=1
138474, fin  p_control_id= 19 ,TT_Add_Point_new2 = -12 , MK=1 ,BK= 1 ,GK= 1
138474, Check_MaxAddPoint control_id = 19 ,add_point1= -12 ,old_point = 601
138474, Check_MaxAddPoint control_id = 19 ,add_point2= -12 ,old_point = 601
138474, p_control_id= 19 ,G_Tab.MyRiseRank[p_control_id][1] = 0
138474,  正常打 GetRankLv my_old_big_lv= 1 ,my_old_lit_lv= 3 ,my_old_exp= 0
138474,  正常打 2 GetRankLv my_old_exp= 0
138474,  正常打 GetRankLv my_new_big_lv= 1 ,my_new_lit_lv= 4 ,my_new_exp= 78
138474,  CheckCanRankVP p_control_id= 19 ,point = 601
138474,  正常打 G_Tab.MyRiseRank[p_control_id][1]-2= 0
138474, 失败  ，p_num2=0
138474, 失败  my_new_score=589 , TT_Add_Point-=-12
138474, 失败  end up_new_addscore_2=-12 , up_add_exp_2=78
138474,   p_control_id= 19 ,temp_player_tab[316] = 0 , PlayerRankScore_new=0 , PlayerRankScore_old=0
138474, WhetherFristPlayer(p_control_id)  =1 , p_control_id=19
138474, 成就卡  iselowin= 0
138474, 成就卡  num= 0
138474,  5555 p_control_id= 19 ,temp_player_tab[207] = 78,temp_player_tab[203]=-12
138474, 开始CollectPlayerInfo  G_Var.TT_Switch =1 , p_game_time=39
138474, lose control_id= 20 ,K = 16.544 , EA=0.49884870948818 ,G_Var.Wuxunconf= 0 ,Old_Point= 614 ,New_Point=602.25510598381 , myaddpointbasiclose=7
138474, jisuan  TT_Old_Point=614
138474, fin  p_control_id= 20 ,TT_Add_Point = -12 , MK=1 ,BK= 1 ,GK= 1,Mode_K=1
138474, fin  p_control_id= 20 ,TT_Add_Point_new1 = -12 , MK=1 ,BK= 1 ,GK= 1,Mode_K=1
138474, fin  p_control_id= 20 ,TT_Add_Point_new2 = -12 , MK=1 ,BK= 1 ,GK= 1
138474, Check_MaxAddPoint control_id = 20 ,add_point1= -12 ,old_point = 614
138474, Check_MaxAddPoint control_id = 20 ,add_point2= -12 ,old_point = 614
138474, p_control_id= 20 ,G_Tab.MyRiseRank[p_control_id][1] = 0
138474,  正常打 GetRankLv my_old_big_lv= 1 ,my_old_lit_lv= 3 ,my_old_exp= 28
138474,  正常打 2 GetRankLv my_old_exp= 28
138474,  正常打 GetRankLv my_new_big_lv= 1 ,my_new_lit_lv= 3 ,my_new_exp= 4
138474,  CheckCanRankVP p_control_id= 20 ,point = 614
138474,  正常打 G_Tab.MyRiseRank[p_control_id][1]-2= 0
138474, 失败  ，p_num2=0
138474, 失败  my_new_score=602 , TT_Add_Point-=-12
138474, 失败  end up_new_addscore_2=-12 , up_add_exp_2=-24
138474,   p_control_id= 20 ,temp_player_tab[316] = 0 , PlayerRankScore_new=0 , PlayerRankScore_old=0
138474, WhetherFristPlayer(p_control_id)  =1 , p_control_id=20
138474, 成就卡  iselowin= 0
138474, 成就卡  num= 0
138474,  5555 p_control_id= 20 ,temp_player_tab[207] = -24,temp_player_tab[203]=-12
138474, 开始CollectPlayerInfo  G_Var.TT_Switch =1 , p_game_time=39
138474, 开始CollectPlayerInfo  G_Var.TT_Switch =1 , p_game_time=39
138474, 开始CollectPlayerInfo  G_Var.TT_Switch =1 , p_game_time=39
138474, 开始CollectPlayerInfo  G_Var.TT_Switch =1 , p_game_time=39
138474, ~~~~~~~~~~~~~~以下是金钱获得统计~~~~~~~~~~~~~~~
138474, name	消灭获得	助攻获得	队友消灭	工资	补刀获得	分红	新boss粮仓	分摊	加钱	征伐	军令	
138474, 夏侯恩	14384	1907	0	9269	13606	1840	1500	3486	720	2170	0
138474, 荀	10926	1505	0	9269	6735	1955	1650	4365	206	369	0
138474, 左慈	5318	2631	0	8096	3810	1955	1500	1750	205	113	0
138474, 魏延	2014	2409	0	9269	5595	1955	1500	3435	212	287	0
138474, 周泰	5221	953	0	9269	27362	1265	3300	2842	1868	4078	0
138474, 华佗	1085	8786	0	9269	2615	1955	1500	6913	116	62	0
138474, 孙权	5400	5036	0	9269	8735	1955	1500	3334	334	493	0
138474, 祝融夫人	4977	5185	0	9269	12525	1955	1500	3448	848	839	0
138474, 周瑜	11907	3194	0	7360	8663	1725	1500	2799	381	554	0
138474, 曹丕	2812	3362	0	9269	7741	1955	1500	2504	422	954	0
138474, 李典	2866	4171	0	10662	5667	1495	0	3245	304	199	0
138474, 曹仁	973	4778	0	9150	6780	1495	0	5794	251	297	0
138474, 马岱	7181	1597	0	9150	8985	1265	0	3353	822	390	0
138474, 高顺	5510	896	0	7448	8165	1495	3600	1548	874	407	0
138474, 邓艾	6432	2379	0	9012	11440	1495	0	3552	1254	688	0
138474, 甘宁	2334	5257	0	9150	5139	1495	0	5409	318	227	0
138474, 孙策	1069	5588	0	9150	7987	1495	0	5187	201	893	0
138474, 姜维	9653	951	0	9150	16057	1150	0	2367	1564	1089	0
138474, 甄姬	8035	1168	0	9150	12512	1495	0	2279	573	863	0
138474, 法正	3057	2578	0	9150	5472	1495	0	3311	714	260	0
138474, ~~~~~~~~~~~~~~以下是军令金钱获得统计~~~~~~~~~~~~~~~
138474, name	总	断粮	斩将	破城	内务	掠阵	暗谋	掠夺	暗杀	击虚	明察	牌子
138474, 夏侯恩	0	0	0	0	0	0	0	0	0	0	0	0
138474, 荀	0	0	0	0	0	0	0	0	0	0	0	0
138474, 左慈	0	0	0	0	0	0	0	0	0	0	0	0
138474, 魏延	0	0	0	0	0	0	0	0	0	0	0	0
138474, 周泰	0	0	0	0	0	0	0	0	0	0	0	0
138474, 华佗	0	0	0	0	0	0	0	0	0	0	0	0
138474, 孙权	0	0	0	0	0	0	0	0	0	0	0	0
138474, 祝融夫人	0	0	0	0	0	0	0	0	0	0	0	0
138474, 周瑜	0	0	0	0	0	0	0	0	0	0	0	0
138474, 曹丕	0	0	0	0	0	0	0	0	0	0	0	0
138474, 李典	0	0	0	0	0	0	0	0	0	0	0	0
138474, 曹仁	0	0	0	0	0	0	0	0	0	0	0	0
138474, 马岱	0	0	0	0	0	0	0	0	0	0	0	0
138474, 高顺	0	0	0	0	0	0	0	0	0	0	0	0
138474, 邓艾	0	0	0	0	0	0	0	0	0	0	0	0
138474, 甘宁	0	0	0	0	0	0	0	0	0	0	0	0
138474, 孙策	0	0	0	0	0	0	0	0	0	0	0	0
138474, 姜维	0	0	0	0	0	0	0	0	0	0	0	0
138474, 甄姬	0	0	0	0	0	0	0	0	0	0	0	0
138474, 法正	0	0	0	0	0	0	0	0	0	0	0	0
