10697, 当前挂机的家伙14
10697, 挂机认定G_Tab.GuaJiJuBao[14][1] = 0
10697, 挂机认定G_Tab.GuaJiJuBao[14][2] = 0
10697, 挂机认定G_Tab.GuaJiJuBao[14][3] = 0
10697, 挂机认定G_Tab.GuaJiJuBao[14][4] = 0
10697, 挂机认定G_Tab.GuaJiJuBao[14][5] = 0
10697, 挂机认定G_Tab.GuaJiJuBao[14][6] = 0
10697, 挂机认定G_Tab.GuaJiJuBao[14][7] = 0
10697, 挂机认定G_Tab.GuaJiJuBao[14][8] = 0
10697, 挂机认定G_Tab.GuaJiJuBao[14][9] = 0
10697, 挂机认定G_Tab.GuaJiJuBao[14][10] = 0
10697, 挂机认定G_Tab.GuaJiJuBao[14][11] = 0
10697, 挂机认定G_Tab.GuaJiJuBao[14][12] = 0
10697, 挂机认定G_Tab.GuaJiJuBao[14][13] = 0
10697, 挂机认定G_Tab.GuaJiJuBao[14][14] = 0
10697, 挂机认定G_Tab.GuaJiJuBao[14][15] = 0
10697, 挂机认定G_Tab.GuaJiJuBao[14][16] = 0
10697, 挂机认定G_Tab.GuaJiJuBao[14][17] = 1
10697, 挂机认定G_Tab.GuaJiJuBao[14][18] = 0
10697, 挂机认定G_Tab.GuaJiJuBao[14][19] = 0
10697, 挂机认定G_Tab.GuaJiJuBao[14][20] = 0
10697, 确认的人数1
10697, control1挂机等级0
10697, control2挂机等级0
10697, control3挂机等级1
10697, control4挂机等级0
10697, control5挂机等级0
10697, control6挂机等级0
10697, control7挂机等级0
10697, control8挂机等级0
10697, control9挂机等级0
10697, control10挂机等级0
10697, control11挂机等级0
10697, control12挂机等级0
10697, control13挂机等级0
10697, control14挂机等级1
10697, control15挂机等级0
10697, control16挂机等级0
10697, control17挂机等级0
10697, control18挂机等级0
10697, control19挂机等级0
10697, control20挂机等级0
10697, 当前没有挂机的人数9
10701, 当前挂机的家伙3
10701, 挂机认定G_Tab.GuaJiJuBao[3][1] = 0
10701, 挂机认定G_Tab.GuaJiJuBao[3][2] = 0
10701, 挂机认定G_Tab.GuaJiJuBao[3][3] = 0
10701, 挂机认定G_Tab.GuaJiJuBao[3][4] = 1
10701, 挂机认定G_Tab.GuaJiJuBao[3][5] = 0
10701, 挂机认定G_Tab.GuaJiJuBao[3][6] = 0
10701, 挂机认定G_Tab.GuaJiJuBao[3][7] = 0
10701, 挂机认定G_Tab.GuaJiJuBao[3][8] = 0
10701, 挂机认定G_Tab.GuaJiJuBao[3][9] = 0
10701, 挂机认定G_Tab.GuaJiJuBao[3][10] = 0
10701, 挂机认定G_Tab.GuaJiJuBao[3][11] = 0
10701, 挂机认定G_Tab.GuaJiJuBao[3][12] = 0
10701, 挂机认定G_Tab.GuaJiJuBao[3][13] = 0
10701, 挂机认定G_Tab.GuaJiJuBao[3][14] = 0
10701, 挂机认定G_Tab.GuaJiJuBao[3][15] = 0
10701, 挂机认定G_Tab.GuaJiJuBao[3][16] = 0
10701, 挂机认定G_Tab.GuaJiJuBao[3][17] = 0
10701, 挂机认定G_Tab.GuaJiJuBao[3][18] = 0
10701, 挂机认定G_Tab.GuaJiJuBao[3][19] = 0
10701, 挂机认定G_Tab.GuaJiJuBao[3][20] = 0
10701, 确认的人数1
10701, control1挂机等级0
10701, control2挂机等级0
10701, control3挂机等级1
10701, control4挂机等级0
10701, control5挂机等级0
10701, control6挂机等级0
10701, control7挂机等级0
10701, control8挂机等级0
10701, control9挂机等级0
10701, control10挂机等级0
10701, control11挂机等级0
10701, control12挂机等级0
10701, control13挂机等级0
10701, control14挂机等级1
10701, control15挂机等级0
10701, control16挂机等级0
10701, control17挂机等级0
10701, control18挂机等级0
10701, control19挂机等级0
10701, control20挂机等级0
10701, 当前没有挂机的人数8
10713, 当前挂机的家伙3
10713, 挂机认定G_Tab.GuaJiJuBao[3][1] = 0
10713, 挂机认定G_Tab.GuaJiJuBao[3][2] = 0
10713, 挂机认定G_Tab.GuaJiJuBao[3][3] = 0
10713, 挂机认定G_Tab.GuaJiJuBao[3][4] = 1
10713, 挂机认定G_Tab.GuaJiJuBao[3][5] = 0
10713, 挂机认定G_Tab.GuaJiJuBao[3][6] = 0
10713, 挂机认定G_Tab.GuaJiJuBao[3][7] = 0
10713, 挂机认定G_Tab.GuaJiJuBao[3][8] = 1
10713, 挂机认定G_Tab.GuaJiJuBao[3][9] = 0
10713, 挂机认定G_Tab.GuaJiJuBao[3][10] = 0
10713, 挂机认定G_Tab.GuaJiJuBao[3][11] = 0
10713, 挂机认定G_Tab.GuaJiJuBao[3][12] = 0
10713, 挂机认定G_Tab.GuaJiJuBao[3][13] = 0
10713, 挂机认定G_Tab.GuaJiJuBao[3][14] = 0
10713, 挂机认定G_Tab.GuaJiJuBao[3][15] = 0
10713, 挂机认定G_Tab.GuaJiJuBao[3][16] = 0
10713, 挂机认定G_Tab.GuaJiJuBao[3][17] = 0
10713, 挂机认定G_Tab.GuaJiJuBao[3][18] = 0
10713, 挂机认定G_Tab.GuaJiJuBao[3][19] = 0
10713, 挂机认定G_Tab.GuaJiJuBao[3][20] = 0
10713, 确认的人数2
10713, control1挂机等级0
10713, control2挂机等级0
10713, control3挂机等级1
10713, control4挂机等级0
10713, control5挂机等级0
10713, control6挂机等级0
10713, control7挂机等级0
10713, control8挂机等级0
10713, control9挂机等级0
10713, control10挂机等级0
10713, control11挂机等级0
10713, control12挂机等级0
10713, control13挂机等级0
10713, control14挂机等级1
10713, control15挂机等级0
10713, control16挂机等级0
10713, control17挂机等级0
10713, control18挂机等级0
10713, control19挂机等级0
10713, control20挂机等级0
10713, 当前没有挂机的人数8
10713, 当前挂机的家伙14
10713, 挂机认定G_Tab.GuaJiJuBao[14][1] = 0
10713, 挂机认定G_Tab.GuaJiJuBao[14][2] = 0
10713, 挂机认定G_Tab.GuaJiJuBao[14][3] = 0
10713, 挂机认定G_Tab.GuaJiJuBao[14][4] = 0
10713, 挂机认定G_Tab.GuaJiJuBao[14][5] = 0
10713, 挂机认定G_Tab.GuaJiJuBao[14][6] = 0
10713, 挂机认定G_Tab.GuaJiJuBao[14][7] = 0
10713, 挂机认定G_Tab.GuaJiJuBao[14][8] = 0
10713, 挂机认定G_Tab.GuaJiJuBao[14][9] = 0
10713, 挂机认定G_Tab.GuaJiJuBao[14][10] = 0
10713, 挂机认定G_Tab.GuaJiJuBao[14][11] = 0
10713, 挂机认定G_Tab.GuaJiJuBao[14][12] = 0
10713, 挂机认定G_Tab.GuaJiJuBao[14][13] = 0
10713, 挂机认定G_Tab.GuaJiJuBao[14][14] = 0
10713, 挂机认定G_Tab.GuaJiJuBao[14][15] = 0
10713, 挂机认定G_Tab.GuaJiJuBao[14][16] = 0
10713, 挂机认定G_Tab.GuaJiJuBao[14][17] = 1
10713, 挂机认定G_Tab.GuaJiJuBao[14][18] = 1
10713, 挂机认定G_Tab.GuaJiJuBao[14][19] = 0
10713, 挂机认定G_Tab.GuaJiJuBao[14][20] = 0
10713, 确认的人数2
10713, control1挂机等级0
10713, control2挂机等级0
10713, control3挂机等级1
10713, control4挂机等级0
10713, control5挂机等级0
10713, control6挂机等级0
10713, control7挂机等级0
10713, control8挂机等级0
10713, control9挂机等级0
10713, control10挂机等级0
10713, control11挂机等级0
10713, control12挂机等级0
10713, control13挂机等级0
10713, control14挂机等级1
10713, control15挂机等级0
10713, control16挂机等级0
10713, control17挂机等级0
10713, control18挂机等级0
10713, control19挂机等级0
10713, control20挂机等级0
10713, 当前没有挂机的人数9
10717, 当前挂机的家伙14
10717, 挂机认定G_Tab.GuaJiJuBao[14][1] = 0
10717, 挂机认定G_Tab.GuaJiJuBao[14][2] = 0
10717, 挂机认定G_Tab.GuaJiJuBao[14][3] = 0
10717, 挂机认定G_Tab.GuaJiJuBao[14][4] = 0
10717, 挂机认定G_Tab.GuaJiJuBao[14][5] = 0
10717, 挂机认定G_Tab.GuaJiJuBao[14][6] = 0
10717, 挂机认定G_Tab.GuaJiJuBao[14][7] = 0
10717, 挂机认定G_Tab.GuaJiJuBao[14][8] = 0
10717, 挂机认定G_Tab.GuaJiJuBao[14][9] = 0
10717, 挂机认定G_Tab.GuaJiJuBao[14][10] = 0
10717, 挂机认定G_Tab.GuaJiJuBao[14][11] = 1
10717, 挂机认定G_Tab.GuaJiJuBao[14][12] = 0
10717, 挂机认定G_Tab.GuaJiJuBao[14][13] = 0
10717, 挂机认定G_Tab.GuaJiJuBao[14][14] = 0
10717, 挂机认定G_Tab.GuaJiJuBao[14][15] = 0
10717, 挂机认定G_Tab.GuaJiJuBao[14][16] = 0
10717, 挂机认定G_Tab.GuaJiJuBao[14][17] = 1
10717, 挂机认定G_Tab.GuaJiJuBao[14][18] = 1
10717, 挂机认定G_Tab.GuaJiJuBao[14][19] = 0
10717, 挂机认定G_Tab.GuaJiJuBao[14][20] = 0
10717, 确认的人数3
10717, control1挂机等级0
10717, control2挂机等级0
10717, control3挂机等级1
10717, control4挂机等级0
10717, control5挂机等级0
10717, control6挂机等级0
10717, control7挂机等级0
10717, control8挂机等级0
10717, control9挂机等级0
10717, control10挂机等级0
10717, control11挂机等级0
10717, control12挂机等级0
10717, control13挂机等级0
10717, control14挂机等级1
10717, control15挂机等级0
10717, control16挂机等级0
10717, control17挂机等级0
10717, control18挂机等级0
10717, control19挂机等级0
10717, control20挂机等级0
10717, 当前没有挂机的人数9
10733, 当前挂机的家伙14
10733, 挂机认定G_Tab.GuaJiJuBao[14][1] = 0
10733, 挂机认定G_Tab.GuaJiJuBao[14][2] = 0
10733, 挂机认定G_Tab.GuaJiJuBao[14][3] = 0
10733, 挂机认定G_Tab.GuaJiJuBao[14][4] = 0
10733, 挂机认定G_Tab.GuaJiJuBao[14][5] = 0
10733, 挂机认定G_Tab.GuaJiJuBao[14][6] = 0
10733, 挂机认定G_Tab.GuaJiJuBao[14][7] = 0
10733, 挂机认定G_Tab.GuaJiJuBao[14][8] = 0
10733, 挂机认定G_Tab.GuaJiJuBao[14][9] = 0
10733, 挂机认定G_Tab.GuaJiJuBao[14][10] = 0
10733, 挂机认定G_Tab.GuaJiJuBao[14][11] = 1
10733, 挂机认定G_Tab.GuaJiJuBao[14][12] = 0
10733, 挂机认定G_Tab.GuaJiJuBao[14][13] = 0
10733, 挂机认定G_Tab.GuaJiJuBao[14][14] = 0
10733, 挂机认定G_Tab.GuaJiJuBao[14][15] = 1
10733, 挂机认定G_Tab.GuaJiJuBao[14][16] = 0
10733, 挂机认定G_Tab.GuaJiJuBao[14][17] = 1
10733, 挂机认定G_Tab.GuaJiJuBao[14][18] = 1
10733, 挂机认定G_Tab.GuaJiJuBao[14][19] = 0
10733, 挂机认定G_Tab.GuaJiJuBao[14][20] = 0
10733, 确认的人数4
10733, control1挂机等级0
10733, control2挂机等级0
10733, control3挂机等级1
10733, control4挂机等级0
10733, control5挂机等级0
10733, control6挂机等级0
10733, control7挂机等级0
10733, control8挂机等级0
10733, control9挂机等级0
10733, control10挂机等级0
10733, control11挂机等级0
10733, control12挂机等级0
10733, control13挂机等级0
10733, control14挂机等级1
10733, control15挂机等级0
10733, control16挂机等级0
10733, control17挂机等级0
10733, control18挂机等级0
10733, control19挂机等级0
10733, control20挂机等级0
10733, 当前没有挂机的人数9
10733, 当前挂机的家伙3
10733, 挂机认定G_Tab.GuaJiJuBao[3][1] = 0
10733, 挂机认定G_Tab.GuaJiJuBao[3][2] = 0
10733, 挂机认定G_Tab.GuaJiJuBao[3][3] = 0
10733, 挂机认定G_Tab.GuaJiJuBao[3][4] = 1
10733, 挂机认定G_Tab.GuaJiJuBao[3][5] = 0
10733, 挂机认定G_Tab.GuaJiJuBao[3][6] = 0
10733, 挂机认定G_Tab.GuaJiJuBao[3][7] = 0
10733, 挂机认定G_Tab.GuaJiJuBao[3][8] = 1
10733, 挂机认定G_Tab.GuaJiJuBao[3][9] = 0
10733, 挂机认定G_Tab.GuaJiJuBao[3][10] = 1
10733, 挂机认定G_Tab.GuaJiJuBao[3][11] = 0
10733, 挂机认定G_Tab.GuaJiJuBao[3][12] = 0
10733, 挂机认定G_Tab.GuaJiJuBao[3][13] = 0
10733, 挂机认定G_Tab.GuaJiJuBao[3][14] = 0
10733, 挂机认定G_Tab.GuaJiJuBao[3][15] = 0
10733, 挂机认定G_Tab.GuaJiJuBao[3][16] = 0
10733, 挂机认定G_Tab.GuaJiJuBao[3][17] = 0
10733, 挂机认定G_Tab.GuaJiJuBao[3][18] = 0
10733, 挂机认定G_Tab.GuaJiJuBao[3][19] = 0
10733, 挂机认定G_Tab.GuaJiJuBao[3][20] = 0
10733, 确认的人数3
10733, control1挂机等级0
10733, control2挂机等级0
10733, control3挂机等级1
10733, control4挂机等级0
10733, control5挂机等级0
10733, control6挂机等级0
10733, control7挂机等级0
10733, control8挂机等级0
10733, control9挂机等级0
10733, control10挂机等级0
10733, control11挂机等级0
10733, control12挂机等级0
10733, control13挂机等级0
10733, control14挂机等级1
10733, control15挂机等级0
10733, control16挂机等级0
10733, control17挂机等级0
10733, control18挂机等级0
10733, control19挂机等级0
10733, control20挂机等级0
10733, 当前没有挂机的人数8
10737, 当前挂机的家伙3
10737, 挂机认定G_Tab.GuaJiJuBao[3][1] = 0
10737, 挂机认定G_Tab.GuaJiJuBao[3][2] = 0
10737, 挂机认定G_Tab.GuaJiJuBao[3][3] = 0
10737, 挂机认定G_Tab.GuaJiJuBao[3][4] = 1
10737, 挂机认定G_Tab.GuaJiJuBao[3][5] = 0
10737, 挂机认定G_Tab.GuaJiJuBao[3][6] = 1
10737, 挂机认定G_Tab.GuaJiJuBao[3][7] = 0
10737, 挂机认定G_Tab.GuaJiJuBao[3][8] = 1
10737, 挂机认定G_Tab.GuaJiJuBao[3][9] = 0
10737, 挂机认定G_Tab.GuaJiJuBao[3][10] = 1
10737, 挂机认定G_Tab.GuaJiJuBao[3][11] = 0
10737, 挂机认定G_Tab.GuaJiJuBao[3][12] = 0
10737, 挂机认定G_Tab.GuaJiJuBao[3][13] = 0
10737, 挂机认定G_Tab.GuaJiJuBao[3][14] = 0
10737, 挂机认定G_Tab.GuaJiJuBao[3][15] = 0
10737, 挂机认定G_Tab.GuaJiJuBao[3][16] = 0
10737, 挂机认定G_Tab.GuaJiJuBao[3][17] = 0
10737, 挂机认定G_Tab.GuaJiJuBao[3][18] = 0
10737, 挂机认定G_Tab.GuaJiJuBao[3][19] = 0
10737, 挂机认定G_Tab.GuaJiJuBao[3][20] = 0
10737, 确认的人数4
10737, control1挂机等级0
10737, control2挂机等级0
10737, control3挂机等级1
10737, control4挂机等级0
10737, control5挂机等级0
10737, control6挂机等级0
10737, control7挂机等级0
10737, control8挂机等级0
10737, control9挂机等级0
10737, control10挂机等级0
10737, control11挂机等级0
10737, control12挂机等级0
10737, control13挂机等级0
10737, control14挂机等级1
10737, control15挂机等级0
10737, control16挂机等级0
10737, control17挂机等级0
10737, control18挂机等级0
10737, control19挂机等级0
10737, control20挂机等级0
10737, 当前没有挂机的人数8
10749, 当前挂机的家伙14
10749, 挂机认定G_Tab.GuaJiJuBao[14][1] = 0
10749, 挂机认定G_Tab.GuaJiJuBao[14][2] = 0
10749, 挂机认定G_Tab.GuaJiJuBao[14][3] = 0
10749, 挂机认定G_Tab.GuaJiJuBao[14][4] = 0
10749, 挂机认定G_Tab.GuaJiJuBao[14][5] = 0
10749, 挂机认定G_Tab.GuaJiJuBao[14][6] = 0
10749, 挂机认定G_Tab.GuaJiJuBao[14][7] = 0
10749, 挂机认定G_Tab.GuaJiJuBao[14][8] = 0
10749, 挂机认定G_Tab.GuaJiJuBao[14][9] = 0
10749, 挂机认定G_Tab.GuaJiJuBao[14][10] = 0
10749, 挂机认定G_Tab.GuaJiJuBao[14][11] = 1
10749, 挂机认定G_Tab.GuaJiJuBao[14][12] = 0
10749, 挂机认定G_Tab.GuaJiJuBao[14][13] = 0
10749, 挂机认定G_Tab.GuaJiJuBao[14][14] = 0
10749, 挂机认定G_Tab.GuaJiJuBao[14][15] = 1
10749, 挂机认定G_Tab.GuaJiJuBao[14][16] = 1
10749, 挂机认定G_Tab.GuaJiJuBao[14][17] = 1
10749, 挂机认定G_Tab.GuaJiJuBao[14][18] = 1
10749, 挂机认定G_Tab.GuaJiJuBao[14][19] = 0
10749, 挂机认定G_Tab.GuaJiJuBao[14][20] = 0
10749, 确认的人数5
10749, control1挂机等级0
10749, control2挂机等级0
10749, control3挂机等级1
10749, control4挂机等级0
10749, control5挂机等级0
10749, control6挂机等级0
10749, control7挂机等级0
10749, control8挂机等级0
10749, control9挂机等级0
10749, control10挂机等级0
10749, control11挂机等级0
10749, control12挂机等级0
10749, control13挂机等级0
10749, control14挂机等级1
10749, control15挂机等级0
10749, control16挂机等级0
10749, control17挂机等级0
10749, control18挂机等级0
10749, control19挂机等级0
10749, control20挂机等级0
10749, 当前没有挂机的人数9
10749, 当前挂机的家伙3
10749, 挂机认定G_Tab.GuaJiJuBao[3][1] = 0
10749, 挂机认定G_Tab.GuaJiJuBao[3][2] = 0
10749, 挂机认定G_Tab.GuaJiJuBao[3][3] = 0
10749, 挂机认定G_Tab.GuaJiJuBao[3][4] = 1
10749, 挂机认定G_Tab.GuaJiJuBao[3][5] = 1
10749, 挂机认定G_Tab.GuaJiJuBao[3][6] = 1
10749, 挂机认定G_Tab.GuaJiJuBao[3][7] = 0
10749, 挂机认定G_Tab.GuaJiJuBao[3][8] = 1
10749, 挂机认定G_Tab.GuaJiJuBao[3][9] = 0
10749, 挂机认定G_Tab.GuaJiJuBao[3][10] = 1
10749, 挂机认定G_Tab.GuaJiJuBao[3][11] = 0
10749, 挂机认定G_Tab.GuaJiJuBao[3][12] = 0
10749, 挂机认定G_Tab.GuaJiJuBao[3][13] = 0
10749, 挂机认定G_Tab.GuaJiJuBao[3][14] = 0
10749, 挂机认定G_Tab.GuaJiJuBao[3][15] = 0
10749, 挂机认定G_Tab.GuaJiJuBao[3][16] = 0
10749, 挂机认定G_Tab.GuaJiJuBao[3][17] = 0
10749, 挂机认定G_Tab.GuaJiJuBao[3][18] = 0
10749, 挂机认定G_Tab.GuaJiJuBao[3][19] = 0
10749, 挂机认定G_Tab.GuaJiJuBao[3][20] = 0
10749, 确认的人数5
10749, control1挂机等级0
10749, control2挂机等级0
10749, control3挂机等级1
10749, control4挂机等级0
10749, control5挂机等级0
10749, control6挂机等级0
10749, control7挂机等级0
10749, control8挂机等级0
10749, control9挂机等级0
10749, control10挂机等级0
10749, control11挂机等级0
10749, control12挂机等级0
10749, control13挂机等级0
10749, control14挂机等级1
10749, control15挂机等级0
10749, control16挂机等级0
10749, control17挂机等级0
10749, control18挂机等级0
10749, control19挂机等级0
10749, control20挂机等级0
10749, 当前没有挂机的人数8
10801, 当前挂机的家伙14
10801, 挂机认定G_Tab.GuaJiJuBao[14][1] = 0
10801, 挂机认定G_Tab.GuaJiJuBao[14][2] = 0
10801, 挂机认定G_Tab.GuaJiJuBao[14][3] = 0
10801, 挂机认定G_Tab.GuaJiJuBao[14][4] = 0
10801, 挂机认定G_Tab.GuaJiJuBao[14][5] = 0
10801, 挂机认定G_Tab.GuaJiJuBao[14][6] = 0
10801, 挂机认定G_Tab.GuaJiJuBao[14][7] = 0
10801, 挂机认定G_Tab.GuaJiJuBao[14][8] = 0
10801, 挂机认定G_Tab.GuaJiJuBao[14][9] = 0
10801, 挂机认定G_Tab.GuaJiJuBao[14][10] = 0
10801, 挂机认定G_Tab.GuaJiJuBao[14][11] = 1
10801, 挂机认定G_Tab.GuaJiJuBao[14][12] = 1
10801, 挂机认定G_Tab.GuaJiJuBao[14][13] = 0
10801, 挂机认定G_Tab.GuaJiJuBao[14][14] = 0
10801, 挂机认定G_Tab.GuaJiJuBao[14][15] = 1
10801, 挂机认定G_Tab.GuaJiJuBao[14][16] = 1
10801, 挂机认定G_Tab.GuaJiJuBao[14][17] = 1
10801, 挂机认定G_Tab.GuaJiJuBao[14][18] = 1
10801, 挂机认定G_Tab.GuaJiJuBao[14][19] = 0
10801, 挂机认定G_Tab.GuaJiJuBao[14][20] = 0
10801, 确认的人数6
10801, control1挂机等级0
10801, control2挂机等级0
10801, control3挂机等级1
10801, control4挂机等级0
10801, control5挂机等级0
10801, control6挂机等级0
10801, control7挂机等级0
10801, control8挂机等级0
10801, control9挂机等级0
10801, control10挂机等级0
10801, control11挂机等级0
10801, control12挂机等级0
10801, control13挂机等级0
10801, control14挂机等级1
10801, control15挂机等级0
10801, control16挂机等级0
10801, control17挂机等级0
10801, control18挂机等级0
10801, control19挂机等级0
10801, control20挂机等级0
10801, 当前没有挂机的人数9
10865, 当前挂机的家伙3
10865, 挂机认定G_Tab.GuaJiJuBao[3][1] = 0
10865, 挂机认定G_Tab.GuaJiJuBao[3][2] = 0
10865, 挂机认定G_Tab.GuaJiJuBao[3][3] = 0
10865, 挂机认定G_Tab.GuaJiJuBao[3][4] = 1
10865, 挂机认定G_Tab.GuaJiJuBao[3][5] = 1
10865, 挂机认定G_Tab.GuaJiJuBao[3][6] = 1
10865, 挂机认定G_Tab.GuaJiJuBao[3][7] = 1
10865, 挂机认定G_Tab.GuaJiJuBao[3][8] = 1
10865, 挂机认定G_Tab.GuaJiJuBao[3][9] = 0
10865, 挂机认定G_Tab.GuaJiJuBao[3][10] = 1
10865, 挂机认定G_Tab.GuaJiJuBao[3][11] = 0
10865, 挂机认定G_Tab.GuaJiJuBao[3][12] = 0
10865, 挂机认定G_Tab.GuaJiJuBao[3][13] = 0
10865, 挂机认定G_Tab.GuaJiJuBao[3][14] = 0
10865, 挂机认定G_Tab.GuaJiJuBao[3][15] = 0
10865, 挂机认定G_Tab.GuaJiJuBao[3][16] = 0
10865, 挂机认定G_Tab.GuaJiJuBao[3][17] = 0
10865, 挂机认定G_Tab.GuaJiJuBao[3][18] = 0
10865, 挂机认定G_Tab.GuaJiJuBao[3][19] = 0
10865, 挂机认定G_Tab.GuaJiJuBao[3][20] = 0
10865, 确认的人数6
10865, control1挂机等级0
10865, control2挂机等级0
10865, control3挂机等级1
10865, control4挂机等级0
10865, control5挂机等级0
10865, control6挂机等级0
10865, control7挂机等级0
10865, control8挂机等级0
10865, control9挂机等级0
10865, control10挂机等级0
10865, control11挂机等级0
10865, control12挂机等级0
10865, control13挂机等级0
10865, control14挂机等级1
10865, control15挂机等级0
10865, control16挂机等级0
10865, control17挂机等级0
10865, control18挂机等级0
10865, control19挂机等级0
10865, control20挂机等级0
10865, 当前没有挂机的人数8
10885, 当前挂机的家伙14
10885, 挂机认定G_Tab.GuaJiJuBao[14][1] = 0
10885, 挂机认定G_Tab.GuaJiJuBao[14][2] = 0
10885, 挂机认定G_Tab.GuaJiJuBao[14][3] = 0
10885, 挂机认定G_Tab.GuaJiJuBao[14][4] = 0
10885, 挂机认定G_Tab.GuaJiJuBao[14][5] = 0
10885, 挂机认定G_Tab.GuaJiJuBao[14][6] = 0
10885, 挂机认定G_Tab.GuaJiJuBao[14][7] = 0
10885, 挂机认定G_Tab.GuaJiJuBao[14][8] = 0
10885, 挂机认定G_Tab.GuaJiJuBao[14][9] = 0
10885, 挂机认定G_Tab.GuaJiJuBao[14][10] = 0
10885, 挂机认定G_Tab.GuaJiJuBao[14][11] = 1
10885, 挂机认定G_Tab.GuaJiJuBao[14][12] = 1
10885, 挂机认定G_Tab.GuaJiJuBao[14][13] = 1
10885, 挂机认定G_Tab.GuaJiJuBao[14][14] = 0
10885, 挂机认定G_Tab.GuaJiJuBao[14][15] = 1
10885, 挂机认定G_Tab.GuaJiJuBao[14][16] = 1
10885, 挂机认定G_Tab.GuaJiJuBao[14][17] = 1
10885, 挂机认定G_Tab.GuaJiJuBao[14][18] = 1
10885, 挂机认定G_Tab.GuaJiJuBao[14][19] = 0
10885, 挂机认定G_Tab.GuaJiJuBao[14][20] = 0
10885, 确认的人数7
10885, control1挂机等级0
10885, control2挂机等级0
10885, control3挂机等级1
10885, control4挂机等级0
10885, control5挂机等级0
10885, control6挂机等级0
10885, control7挂机等级0
10885, control8挂机等级0
10885, control9挂机等级0
10885, control10挂机等级0
10885, control11挂机等级0
10885, control12挂机等级0
10885, control13挂机等级0
10885, control14挂机等级1
10885, control15挂机等级0
10885, control16挂机等级0
10885, control17挂机等级0
10885, control18挂机等级0
10885, control19挂机等级0
10885, control20挂机等级0
10885, 当前没有挂机的人数9
10925, 当前挂机的家伙3
10925, 挂机认定G_Tab.GuaJiJuBao[3][1] = 0
10925, 挂机认定G_Tab.GuaJiJuBao[3][2] = 1
10925, 挂机认定G_Tab.GuaJiJuBao[3][3] = 0
10925, 挂机认定G_Tab.GuaJiJuBao[3][4] = 1
10925, 挂机认定G_Tab.GuaJiJuBao[3][5] = 1
10925, 挂机认定G_Tab.GuaJiJuBao[3][6] = 1
10925, 挂机认定G_Tab.GuaJiJuBao[3][7] = 1
10925, 挂机认定G_Tab.GuaJiJuBao[3][8] = 1
10925, 挂机认定G_Tab.GuaJiJuBao[3][9] = 0
10925, 挂机认定G_Tab.GuaJiJuBao[3][10] = 1
10925, 挂机认定G_Tab.GuaJiJuBao[3][11] = 0
10925, 挂机认定G_Tab.GuaJiJuBao[3][12] = 0
10925, 挂机认定G_Tab.GuaJiJuBao[3][13] = 0
10925, 挂机认定G_Tab.GuaJiJuBao[3][14] = 0
10925, 挂机认定G_Tab.GuaJiJuBao[3][15] = 0
10925, 挂机认定G_Tab.GuaJiJuBao[3][16] = 0
10925, 挂机认定G_Tab.GuaJiJuBao[3][17] = 0
10925, 挂机认定G_Tab.GuaJiJuBao[3][18] = 0
10925, 挂机认定G_Tab.GuaJiJuBao[3][19] = 0
10925, 挂机认定G_Tab.GuaJiJuBao[3][20] = 0
10925, 确认的人数7
10925, control1挂机等级0
10925, control2挂机等级0
10925, control3挂机等级1
10925, control4挂机等级0
10925, control5挂机等级0
10925, control6挂机等级0
10925, control7挂机等级0
10925, control8挂机等级0
10925, control9挂机等级0
10925, control10挂机等级0
10925, control11挂机等级0
10925, control12挂机等级0
10925, control13挂机等级0
10925, control14挂机等级1
10925, control15挂机等级0
10925, control16挂机等级0
10925, control17挂机等级0
10925, control18挂机等级0
10925, control19挂机等级0
10925, control20挂机等级0
10925, 当前没有挂机的人数8
10953, 当前挂机的家伙14
10953, 挂机认定G_Tab.GuaJiJuBao[14][1] = 0
10953, 挂机认定G_Tab.GuaJiJuBao[14][2] = 0
10953, 挂机认定G_Tab.GuaJiJuBao[14][3] = 0
10953, 挂机认定G_Tab.GuaJiJuBao[14][4] = 0
10953, 挂机认定G_Tab.GuaJiJuBao[14][5] = 0
10953, 挂机认定G_Tab.GuaJiJuBao[14][6] = 0
10953, 挂机认定G_Tab.GuaJiJuBao[14][7] = 0
10953, 挂机认定G_Tab.GuaJiJuBao[14][8] = 0
10953, 挂机认定G_Tab.GuaJiJuBao[14][9] = 0
10953, 挂机认定G_Tab.GuaJiJuBao[14][10] = 0
10953, 挂机认定G_Tab.GuaJiJuBao[14][11] = 1
10953, 挂机认定G_Tab.GuaJiJuBao[14][12] = 1
10953, 挂机认定G_Tab.GuaJiJuBao[14][13] = 1
10953, 挂机认定G_Tab.GuaJiJuBao[14][14] = 0
10953, 挂机认定G_Tab.GuaJiJuBao[14][15] = 1
10953, 挂机认定G_Tab.GuaJiJuBao[14][16] = 1
10953, 挂机认定G_Tab.GuaJiJuBao[14][17] = 1
10953, 挂机认定G_Tab.GuaJiJuBao[14][18] = 1
10953, 挂机认定G_Tab.GuaJiJuBao[14][19] = 1
10953, 挂机认定G_Tab.GuaJiJuBao[14][20] = 0
10953, 确认的人数8
10953, control1挂机等级0
10953, control2挂机等级0
10953, control3挂机等级1
10953, control4挂机等级0
10953, control5挂机等级0
10953, control6挂机等级0
10953, control7挂机等级0
10953, control8挂机等级0
10953, control9挂机等级0
10953, control10挂机等级0
10953, control11挂机等级0
10953, control12挂机等级0
10953, control13挂机等级0
10953, control14挂机等级1
10953, control15挂机等级0
10953, control16挂机等级0
10953, control17挂机等级0
10953, control18挂机等级0
10953, control19挂机等级0
10953, control20挂机等级0
10953, 当前没有挂机的人数9
11361, 当前挂机的家伙14
11361, 挂机认定G_Tab.GuaJiJuBao[14][1] = 0
11361, 挂机认定G_Tab.GuaJiJuBao[14][2] = 0
11361, 挂机认定G_Tab.GuaJiJuBao[14][3] = 0
11361, 挂机认定G_Tab.GuaJiJuBao[14][4] = 0
11361, 挂机认定G_Tab.GuaJiJuBao[14][5] = 0
11361, 挂机认定G_Tab.GuaJiJuBao[14][6] = 0
11361, 挂机认定G_Tab.GuaJiJuBao[14][7] = 0
11361, 挂机认定G_Tab.GuaJiJuBao[14][8] = 0
11361, 挂机认定G_Tab.GuaJiJuBao[14][9] = 0
11361, 挂机认定G_Tab.GuaJiJuBao[14][10] = 0
11361, 挂机认定G_Tab.GuaJiJuBao[14][11] = 1
11361, 挂机认定G_Tab.GuaJiJuBao[14][12] = 1
11361, 挂机认定G_Tab.GuaJiJuBao[14][13] = 1
11361, 挂机认定G_Tab.GuaJiJuBao[14][14] = 0
11361, 挂机认定G_Tab.GuaJiJuBao[14][15] = 1
11361, 挂机认定G_Tab.GuaJiJuBao[14][16] = 1
11361, 挂机认定G_Tab.GuaJiJuBao[14][17] = 1
11361, 挂机认定G_Tab.GuaJiJuBao[14][18] = 1
11361, 挂机认定G_Tab.GuaJiJuBao[14][19] = 1
11361, 挂机认定G_Tab.GuaJiJuBao[14][20] = 1
11361, 确认的人数9
11361, control1挂机等级0
11361, control2挂机等级0
11361, control3挂机等级1
11361, control4挂机等级0
11361, control5挂机等级0
11361, control6挂机等级0
11361, control7挂机等级0
11361, control8挂机等级0
11361, control9挂机等级0
11361, control10挂机等级0
11361, control11挂机等级0
11361, control12挂机等级0
11361, control13挂机等级0
11361, control14挂机等级1
11361, control15挂机等级0
11361, control16挂机等级0
11361, control17挂机等级0
11361, control18挂机等级0
11361, control19挂机等级0
11361, control20挂机等级0
11361, 当前没有挂机的人数9
