5774, 2/298
5774, result=true
5888, 4/296
5888, result=true
6417, 2/292
6417, result=true
6605, 10/290
6605, result=true
6694, 20/280
6694, result=true
11287, 2/260
11287, result=true
11368, 4/258
11368, result=true
33154, 1/254
33154, result=true
42207, 1/253
42207, result=true
42277, 5/252
42277, result=true
58022, 2/247
58022, result=true
58330, 1/245
58330, result=true
58406, 5/244
58406, result=true
60965, 2/239
60965, result=true
61066, 10/237
61066, result=true
68102, 2/227
68102, result=true
68177, 10/225
68177, result=true
73223, 2/215
73223, result=true
73347, 10/213
73347, result=true
73421, 20/203
73421, result=true
75072, 2/183
75072, result=true
75167, 10/181
75167, result=true
91549, 2/171
91549, result=true
109232, 2/169
109232, result=true
109304, 10/167
109304, result=true
109386, 20/157
109386, result=true
118245, 2/137
118245, result=true
118317, 10/135
118317, result=true
118388, 20/125
118388, result=true
128126, 2/105
128126, result=true
