138179, ===[1][唯爱丿吻][夏侯恩]===
138179, 0
138179, 0
138179, 0
138179, --------
138179, 姜维 精忠 ★ ★
138179, 夏侯恩 精忠 ★
138179, 青龙 ★ ★ ★
138179, 物理攻击 + 14.79
138179, 护甲穿透 + 3.12
138179, 暴击伤害 + 12.96％
138179, 护甲穿透 + 9％
138179, 移动速度 + 9
138179, 生命偷取 + 8.64％
138179, 物理攻击 + 4.32％
138179, 法术穿透 + 4.5％
138179, ===[2][九零後灬小伟][荀]===
138179, 0
138179, 0
138179, 0
138179, --------
138179, 曹丕 精忠 ★ ★ ★
138179, 朱雀 ★ ★ ★
138179, 控制时间减免 + 25.92％
138179, 法术伤害 + 29.64
138179, 法术穿透 + 0.91
138179, 法术穿透 + 4.5％
138179, 移动速度 + 12
138179, 每秒生命恢复 + 2.59
138179, 冷却缩减 + 6.3％
138179, 击中生命恢复 + 25.92
138179, 法术暴击概率 + 4.5％
138179, ===[3][q秋月私语][左慈]===
138179, 0
138179, 0
138179, 0
138179, --------
138179, 左慈 精忠 ★ ★ ★
138179, 朱雀 ★ ★ ★
138179, 护甲穿透 + 1.04
138179, 法术伤害 + 29.64
138179, 法术吸血 + 4.32％
138179, 法术穿透 + 4.5％
138179, 移动速度 + 12
138179, 控制时间减免 + 8.64％
138179, 伤害减免 + 2.7％
138179, 法术穿透 + 1.82
138179, 法术暴击伤害 + 6.48％
138179, 冷却缩减 + 6.3％
138179, ===[4][没有我不服][魏延]===
138179, 0
138179, 0
138179, 0
138179, 0
138179, 0
138179, 0
138179, 0
138179, 0
138179, 0
138179, 0
138179, --------
138179, 物理攻击 + 2.8
138179, 击中生命恢复 + 10
138179, 法术伤害 + 9.6
138179, 法力上限 + 40
138179, 每秒法力恢复 + 0.2
138179, 生命上限 + 66
138179, 每秒生命恢复 + 1
138179, 攻击速度 + 5％
138179, ===[5][妞丿想哥没][周泰]===
138179, 0
138179, 0
138179, 0
138179, --------
138179, 黄忠 精忠 ★
138179, 马超 精忠 ★
138179, 蒋钦 精忠 ★
138179, 青龙 ★
138179, 白虎 ★ ★
138179, 物理攻击 + 14.79
138179, 物理攻击 + 4.32％
138179, 护甲穿透 + 4.5％
138179, 物理防御 + 1.56
138179, 移动速度 + 18.8
138179, 护甲穿透 + 2.08
138179, 暴击伤害 + 25.92％
138179, 生命上限 + 75
138179, 冷却缩减 + 6.3％
138179, ===[6][lin1062648530][华佗]===
138179, 0
138179, 0
138179, 0
138179, --------
138179, 许褚 精忠 ★ ★
138179, 玄武 ★ ★ ★
138179, 法术伤害 + 29.64
138179, 每秒法力恢复 + 1.04
138179, 法术吸血 + 4.32％
138179, 法术暴击概率 + 4.5％
138179, 移动速度 + 13
138179, 暴击概率 + 5.4％
138179, 法术伤害 + 2.59％
138179, 法力上限 + 103.68
138179, 法术暴击伤害 + 6.48％
138179, 冷却缩减 + 6.3％
138179, ===[7][犀利哥丨钱多多][孙权]===
138179, 0
138179, 0
138179, 0
138179, 0
138179, 0
138179, 0
138179, --------
138179, 法术伤害 + 32.94
138179, 法术穿透 + 3
138179, 法术暴击伤害 + 18％
138179, 法术暴击概率 + 12.5％
138179, 法术伤害 + 1.44％
138179, 冷却缩减 + 3.5％
138179, ===[8][不爱破c丶][祝融夫人]===
138179, 0
138179, 0
138179, 0
138179, --------
138179, 赵云 精忠 ★ ★ ★
138179, 白虎 ★ ★ ★
138179, 物理攻击 + 14.79
138179, 物理攻击 + 4.32％
138179, 护甲穿透 + 4.5％
138179, 物理防御 + 1.56
138179, 移动速度 + 13
138179, 护甲穿透 + 2.08
138179, 暴击伤害 + 12.96％
138179, 复活时间 + -14.39％
138179, 生命偷取 + 8.64％
138179, 冷却缩减 + 6.3％
138179, ===[9][你好加我][周瑜]===
138179, 0
138179, 0
138179, 0
138179, --------
138179, 李严 精忠 ★
138179, 小乔 精忠 ★
138179, 貂蝉 精忠 ★
138179, 青龙 ★ ★ ★
138179, 物理攻击 + 14.79
138179, 击中生命恢复 + 51.84
138179, 暴击伤害 + 12.96％
138179, 暴击概率 + 10.8％
138179, 移动速度 + 13
138179, 攻击速度 + 12.96％
138179, 物理攻击 + 8.64％
138179, 基础攻击速度 + 3.6％
138179, ===[10][弑你的灬小眯][曹丕]===
138179, 0
138179, 0
138179, 0
138179, --------
138179, 曹丕 精忠 ★ ★ ★
138179, 朱雀 ★ ★ ★
138179, 法术伤害 + 29.64
138179, 法术穿透 + 0.91
138179, 法术暴击伤害 + 12.96％
138179, 法术暴击概率 + 13.5％
138179, 移动速度 + 12
138179, 法力上限 + 207.36
138179, 生命上限 + 3.24％
138179, ===[11][走红D调][李典]===
138179, 0
138179, 0
138179, 0
138179, --------
138179, 颜良 精忠 ★ ★
138179, 马岱 精忠 ★
138179, 白虎 ★ ★ ★
138179, 物理攻击 + 9.86
138179, 物理攻击 + 8.64％
138179, 物理防御 + 1.56
138179, 冷却缩减 + 12.6％
138179, 移动速度 + 15
138179, 基础攻击速度 + 3.6％
138179, 生命上限 + 74.09
138179, 法术抗性 + 1.56
138179, 护甲穿透 + 1.04
138179, 每秒获得金钱 + 0.65
138179, ===[12][大将军9999][曹仁]===
138179, --------
138179, ===[13][本田雅阁也上树][马岱]===
138179, 0
138179, 0
138179, 0
138179, --------
138179, 马岱 精忠 ★ ★ ★
138179, 白虎 ★ ★ ★
138179, 物理攻击 + 14.79
138179, 护甲穿透 + 3.12
138179, 暴击伤害 + 12.96％
138179, 护甲穿透 + 13.5％
138179, 移动速度 + 9
138179, 物理攻击 + 8.64％
138179, ===[14][啊米多浮][高顺]===
138179, 0
138179, 0
138179, 0
138179, --------
138179, 颜良 精忠 ★
138179, 马云禄 精忠 ★ ★
138179, 白虎 ★ ★ ★
138179, 物理攻击 + 14.79
138179, 击中生命恢复 + 51.84
138179, 暴击伤害 + 38.88％
138179, 护甲穿透 + 4.5％
138179, 移动速度 + 12
138179, 暴击概率 + 5.4％
138179, 护甲穿透 + 1.04
138179, 基础攻击速度 + 3.6％
138179, ===[15][从哈哈到高手][邓艾]===
138179, 0
138179, 0
138179, 0
138179, 0
138179, 0
138179, 0
138179, --------
138179, 物理攻击 + 13.7
138179, 攻击速度 + 21.6％
138179, 暴击伤害 + 14.4％
138179, 基础攻击速度 + 4％
138179, 生命偷取 + 9.6％
138179, 护甲穿透 + 1.74
138179, 生命上限 + 1.8％
138179, 伤害减免 + 1.5％
138179, 物理攻击 + 2.4％
138179, 护甲穿透 + 2.5％
138179, 暴击概率 + 3％
138179, 生命上限 + 41.16
138179, 移动速度 + 6
138179, ===[16][右耳钉丶残恋][甘宁]===
138179, 0
138179, 0
138179, 0
138179, --------
138179, 甘宁 精忠 ★
138179, 颜良 精忠 ★
138179, 鲁肃 精忠 ★
138179, 青龙 ★ ★ ★
138179, 物理攻击 + 14.79
138179, 击中生命恢复 + 25.92
138179, 生命偷取 + 8.64％
138179, 护甲穿透 + 9％
138179, 移动速度 + 16.8
138179, 护甲穿透 + 1.04
138179, 物理攻击 + 8.64％
138179, 物理防御 + 1.56
138179, 生命上限 + 75
138179, ===[17][我艹403][孙策]===
138179, 0
138179, 0
138179, 0
138179, --------
138179, 黄忠 精忠 ★
138179, 白虎 ★ ★ ★
138179, 物理攻击 + 14.79
138179, 护甲穿透 + 3.12
138179, 物理攻击 + 8.64％
138179, 移动速度 + 24.6
138179, 生命上限 + 150
138179, 护甲穿透 + 4.5％
138179, 控制时间减免 + 8.64％
138179, ===[18][水中月008][姜维]===
138179, 0
138179, 0
138179, 0
138179, --------
138179, 马岱 精忠 ★ ★ ★
138179, 白虎 ★ ★ ★
138179, 物理攻击 + 14.79
138179, 护甲穿透 + 2.08
138179, 物理攻击 + 8.64％
138179, 护甲穿透 + 4.5％
138179, 移动速度 + 11
138179, 攻击速度 + 12.96％
138179, 暴击伤害 + 12.96％
138179, 暴击概率 + 10.8％
138179, ===[19][马小岱丶1][甄姬]===
138179, 0
138179, 0
138179, 0
138179, --------
138179, 马岱 精忠 ★ ★ ★
138179, 白虎 ★ ★ ★
138179, 物理攻击 + 14.79
138179, 护甲穿透 + 3.12
138179, 暴击伤害 + 38.88％
138179, 移动速度 + 32.4
138179, 生命上限 + 225
138179, ===[20][硪只在乎祢][法正]===
138179, 0
138179, 0
138179, 0
138179, --------
138179, 法正 精忠 ★
138179, 朱雀 ★ ★ ★
138179, 法术抗性 + 1.56
138179, 复活时间 + -28.78％
138179, 法术伤害 + 19.76
138179, 法术暴击伤害 + 12.96％
138179, 移动速度 + 13
138179, 生命上限 + 3.24％
138179, 法术穿透 + 1.82
138179, 法术穿透 + 4.5％
138179, 物理攻击 + 4.93
