\\===============================================================================
屏蔽进程列表输出
屏蔽通讯设备信息输出
屏蔽网络流量输出
[10-07 12:10:47]开始连接平台客户端(平台客户端个数 2)：\\.\pipe\GAME_XQYFZ_CHS_123456
开始连接管道。管道名[\\.\pipe\GAME_XQYFZ_CHS_123456] 
连接成功
从平台管道接收到的FCM_Flag: 0
2018-10-07 12:10:47:103 PID:7872 FM:     0  管道连接成功。[2942]-[2942] 支持语音[0] 网吧ID[0][0] 
CMD_CLINET_P2G_CUSTOMDATA: lenght=952
HostSrvIP:120.55.160.216
HostSrvPort:2175
SessionName:auto
HostSrvSessionId:5
UserName:右耳钉丶残恋
Pos:16
UserId:109175625
MapName:sanguo_b.map
CanExchangeProp:3
PlatformVer:2.3.3.5
UserAdvType_Db:2641
UserAdvType_Ini:3513722813
UserAdvType_Reg:0
UnionId:0
TeamId:56
UnionName:
UnionJob:
UnionJob:
MapID:47
RoomID:3752
PlatLev:22
7fid:1
HostID:2811
ProxyFlag:1
ReConnectSrvIP:180.97.161.59:7500
SessionId64:0
OutIP:42.226.115.203
PreWuxun:1
接受到平台地图名[sanguo_b]
[10-07 12:10:47]连接平台客户端成功
连接Ping服务(120.55.160.216:1610)成功
[10-07 12:10:47]开始连接游戏服务：120.55.160.216:2175
[10-07 12:10:47]连接游戏服务成功(10.201.201.121:58461-->120.55.160.216:2175)
开始网关握手120.55.160.216:2175
ReportReconnectInfo:100/0
网关服务握手成功
关闭丢包统计
从Ping服务接收信息失败 10060
从Ping服务接收信息失败 10060
从Ping服务接收信息失败 10060
[10-07 12:10:47]Ping服务通讯失败
发送Login包 turn=0, usTurnStep=0 IsGameStart=0
魂器版本信息：0
[10-07 12:10:50]login result: server_time Sun Oct 07 12:10:48 2018, protocol_ver 1084288/1, client_ip 42.226.115.203, client_debug 0
recv session info: id 5, type 7, ver 1084288/0/0
recv player info(109175625, 3/22, 159)
	id 49676857, pos 11, name 走红D调, side 3, wImageIndex 0
	id 124666991, pos 12, name 大将军9999, side 3, wImageIndex 0
	id 46633805, pos 13, name 本田雅阁也上树, side 3, wImageIndex 0
recv player info(109175625, 3/22, 159)
	id 69622517, pos 14, name 貌shi丨狠NB, side 3, wImageIndex 0
	id 96335481, pos 15, name 从哈哈到高手, side 3, wImageIndex 0
	id 109175625, pos 16, name 右耳钉丶残恋, side 3, wImageIndex 0
recv player info(109175625, 3/22, 159)
	id 92787719, pos 17, name 我艹403, side 3, wImageIndex 0
	id 103534347, pos 18, name 水中月008, side 3, wImageIndex 0
	id 96084527, pos 19, name 马小岱丶1, side 3, wImageIndex 0
recv player info(109175625, 3/22, 159)
	id 91656334, pos 20, name 硪只在乎祢, side 3, wImageIndex 0
	id 93690244, pos 1, name 唯爱丿吻, side 1, wImageIndex 0
	id 91784009, pos 2, name 九零後灬小伟, side 1, wImageIndex 0
recv player info(109175625, 3/22, 159)
	id 92460630, pos 3, name Ar丶妓, side 1, wImageIndex 0
	id 124581493, pos 4, name 没有我不服, side 1, wImageIndex 0
	id 88737084, pos 5, name 妞丿想哥没, side 1, wImageIndex 0
recv player info(109175625, 3/22, 159)
	id 59621218, pos 6, name lin1062648530, side 1, wImageIndex 0
	id 92360169, pos 7, name 犀利哥丨钱多多, side 1, wImageIndex 0
	id 61277556, pos 8, name 不爱破c丶, side 1, wImageIndex 0
recv player info(109175625, 3/22, 159)
	id 88148486, pos 9, name 小布sos, side 1, wImageIndex 0
	id 89665793, pos 10, name 弑你的灬小眯, side 1, wImageIndex 0
	id 0, pos 21, name 蜀国, side 1, wImageIndex 0
recv player info(109175625, 1/22, 159)
	id 0, pos 22, name 魏国, side 2, wImageIndex 0
recv option info(1, 2)
	254, 0
[10-07 12:10:50]recv control info(start 0, fps 59, turn 4, keep_alive 5)
recv score info(0)
recv item info(944, 19)
	4004, 0
	4001, 0
	4005, 0
	4007, 0
	4009, 0
	4011, 0
	4013, 0
	4018, 0
	4019, 0
	4020, 0
	4021, 0
	6001, 0
	5500, 0
	5501, 0
	5502, 0
	5000, 0
	5001, 0
	5503, 0
	5504, 0
	5505, 0
	16200, 0
	16201, 0
	16202, 0
	16203, 0
	16205, 0
	16206, 0
	16207, 0
	16208, 0
	16209, 0
	16211, 0
	16213, 0
	16214, 0
	16215, 0
	16216, 0
	16217, 0
	16521, 0
	16522, 0
	16523, 0
	16524, 0
	16525, 0
	16526, 0
	16527, 0
	16528, 0
	16529, 0
	16530, 0
	16531, 0
	16532, 0
	16534, 0
	16535, 0
	16536, 0
	16537, 0
	16538, 0
	16539, 0
	16540, 0
	16541, 0
	16542, 0
	16543, 0
	16544, 0
	16545, 0
	16548, 0
	16549, 0
	16550, 0
	16551, 0
	16552, 0
	16553, 0
	16554, 0
	16555, 0
	16556, 0
	16557, 0
	16558, 0
	16559, 0
	16560, 0
	16562, 0
	16563, 0
	16564, 0
	16565, 0
	16566, 0
	16567, 0
	16568, 0
	16569, 100
	16570, 0
	16571, 0
	16572, 0
	16573, 0
	16574, 0
	16575, 0
	16576, 0
	16577, 0
	16578, 0
	16579, 0
	16581, 0
	16582, 0
	16583, 0
	16584, 0
	16585, 0
	16586, 0
	16587, 0
	16588, 0
	16589, 0
	16590, 0
	16591, 0
	16592, 0
	16593, 0
	16594, 0
	16595, 0
	16596, 0
	16597, 0
	16598, 0
	16618, 0
	16619, 0
	16620, 0
	16621, 0
	16622, 0
	16623, 0
	16624, 0
	16625, 0
	16626, 0
	16628, 0
	16629, 0
	16630, 0
	16631, 0
	16632, 0
	16633, 0
	16634, 0
	16635, 0
	16636, 0
	16637, 0
	16638, 0
	16639, 0
	16640, 0
	16641, 0
	16642, 0
	16643, 0
	16644, 0
	16645, 0
	16646, 0
	16647, 0
	16648, 0
	16649, 0
	16650, 0
	16652, 0
	16653, 0
	16654, 0
	16655, 0
	16657, 0
	16658, 0
	16659, 0
	16660, 0
	16672, 0
	16673, 0
	16674, 0
	16675, 0
	16676, 0
	16677, 0
	16678, 0
	16679, 0
	16680, 0
	16681, 0
	16682, 0
	16683, 0
	16684, 0
	16685, 0
	16686, 0
	16687, 0
	16688, 0
	16689, 0
	16690, 0
	16692, 100
	16693, 100
	16694, 100
	16695, 100
	16703, 100
	16704, 100
	16705, 100
	16706, 100
	16707, 100
	16708, 100
	16709, 100
	16710, 0
	16716, 100
	16717, 100
	16718, 0
	16719, 100
	16731, 100
	16732, 100
	16733, 100
	16734, 100
	16735, 100
	16736, 100
	16737, 100
	16738, 100
	16740, 100
	16741, 100
	16742, 100
	16743, 100
	16744, 100
	16777, 100
	16778, 100
	16779, 100
	16780, 100
	16781, 100
	16782, 100
	16783, 100
	16784, 100
	16785, 100
	16806, 100
	16807, 100
	16808, 100
	16827, 100
	16828, 100
	16853, 100
	16854, 100
	16862, 100
	16867, 100
	16868, 100
	16869, 100
	16870, 100
	16871, 100
	16915, 100
	16923, 100
	16924, 100
	16930, 100
	16931, 100
	16932, 100
	16934, 100
	16938, 100
	16935, 100
	16936, 100
	16937, 100
	16941, 100
	16942, 100
	16943, 100
	16944, 100
	16945, 100
	16946, 100
	16947, 100
	16948, 100
	16949, 100
	16950, 100
	16951, 100
	16952, 100
	16953, 100
	16954, 100
	16955, 100
	16956, 100
	16958, 100
	16960, 100
	16961, 100
	16962, 100
	16963, 100
	16964, 100
	16965, 100
	16966, 100
	16967, 100
	16968, 100
	16969, 100
	16970, 100
	16971, 100
	16972, 100
	16973, 100
	16974, 100
	16977, 100
	16981, 100
	16982, 100
	16990, 100
	16991, 100
	16992, 100
	16993, 100
	16994, 100
	16996, 100
	16997, 100
	17001, 100
	17002, 100
	17003, 100
	17008, 100
	17009, 100
	17010, 100
	17011, 100
	17012, 100
	17013, 100
	17014, 100
	17015, 100
	17016, 100
	17017, 100
	17025, 100
	17027, 100
	17028, 100
	17029, 100
	17030, 100
	17031, 100
	17032, 100
	17034, 100
	17036, 100
	17037, 100
	17038, 100
	17039, 100
	17040, 100
	17042, 100
	17043, 100
	17061, 100
	17062, 100
	17063, 100
	17064, 100
	17065, 100
	17066, 100
	17067, 100
	17068, 100
	17069, 100
	17070, 100
	17071, 100
	17056, 100
	17057, 100
	17058, 100
	17059, 100
	17076, 100
	17077, 100
	17078, 100
	17079, 100
	17080, 100
	17081, 100
	17082, 100
	17090, 100
	17091, 100
	17092, 100
	17093, 100
	17095, 100
	17096, 100
	17097, 100
	17098, 100
	17099, 100
	17107, 100
	17108, 100
	17109, 100
	17110, 100
	17159, 100
	17160, 100
	17161, 100
	17162, 100
	17167, 100
	17168, 100
	17169, 100
	17170, 100
	17171, 100
	17177, 100
	17178, 100
	17199, 100
	17219, 100
	17220, 100
	17223, 100
	17224, 100
	17237, 100
	17239, 100
	17240, 100
	17253, 100
	17254, 100
	17255, 100
	17256, 100
	17257, 100
	17258, 100
	17259, 100
	17260, 100
	17261, 100
	17262, 100
	17263, 100
	17264, 100
	17265, 100
	17266, 100
	17273, 100
	17294, 100
	17295, 100
	17296, 100
	17297, 100
	17308, 100
	17309, 100
	17352, 100
	17358, 100
	17374, 100
	17375, 100
	17376, 100
	17377, 100
	17378, 100
	17379, 100
	17380, 100
	17381, 100
	17382, 100
	17383, 100
	17384, 100
	17386, 100
	17387, 100
	17393, 100
	17388, 100
	17389, 100
	17390, 100
	17391, 100
	17392, 100
	17395, 100
	17394, 100
	17397, 100
	17398, 100
	17399, 100
	17400, 100
	17401, 100
	17402, 100
	17403, 100
	17404, 100
	17405, 100
	17406, 100
	17407, 100
	17408, 100
	17409, 100
	17410, 100
	17411, 100
	17412, 100
	17413, 100
	17416, 100
	17417, 100
	17422, 100
	17423, 100
	17424, 100
	17425, 100
	17426, 100
	17427, 100
	17428, 100
	17433, 100
	17434, 100
	17435, 100
	17441, 100
	17443, 100
	17444, 100
	17445, 100
	17446, 100
	17447, 100
	17504, 100
	17505, 100
	17506, 100
	17507, 100
	17508, 100
	17509, 100
	17571, 100
	17574, 100
	17575, 100
	17576, 100
	17577, 100
	17578, 100
	17579, 100
	17580, 100
	17581, 100
	17582, 100
	17583, 100
	17584, 100
	17585, 100
	17586, 100
	17587, 100
	17588, 100
	17589, 100
	17590, 100
	17591, 100
	17592, 100
	17593, 100
	17594, 100
	17595, 100
	17596, 100
	17597, 100
	17598, 100
	17599, 100
	17600, 100
	17601, 100
	17602, 100
	17603, 100
	17604, 100
	17605, 100
	17606, 100
	17607, 100
	17608, 100
	17609, 100
	17610, 100
	17611, 100
	17612, 100
	17613, 100
	17614, 100
	17615, 100
	17616, 100
	17617, 100
	17618, 100
	17619, 100
	17620, 100
	17621, 100
	17622, 100
	17623, 100
	17626, 100
	17627, 100
	17628, 100
	17629, 100
	17630, 100
	17631, 100
	17632, 100
	17633, 100
	17634, 100
	17635, 100
	17636, 100
	17637, 100
	17638, 100
	17639, 100
	17640, 100
	17641, 100
	17642, 100
	17643, 100
	17644, 100
	17645, 100
	17646, 100
	17647, 100
	17648, 100
	17649, 100
	17650, 100
	17651, 100
	17652, 100
	17653, 100
	17654, 100
	17655, 100
	17656, 100
	17657, 100
	17658, 100
	17659, 100
	17660, 100
	17661, 100
	17662, 100
	17663, 100
	17664, 100
	17665, 100
	17666, 100
	17667, 100
	17668, 100
	17669, 100
	17670, 100
	17671, 100
	17672, 100
	17673, 100
	17674, 100
	17675, 100
	17676, 100
	17677, 100
	17678, 100
	17679, 100
	17680, 100
	17681, 100
	17682, 100
	17683, 100
	17684, 100
	17685, 100
	17686, 100
	17687, 100
	17688, 100
	17689, 100
	17690, 100
	17691, 100
	17692, 100
	17693, 100
	17694, 100
	17695, 100
	17696, 100
	17697, 100
	17698, 100
	17699, 100
	17700, 100
	17701, 100
	17702, 100
	17703, 100
	17704, 100
	17705, 100
	17706, 100
	17707, 100
	17708, 100
	17709, 100
	17710, 100
	17711, 100
	17712, 100
	17713, 100
	17714, 100
	17715, 100
	17716, 100
	17717, 100
	17718, 100
	17719, 100
	17720, 100
	17721, 100
	17722, 100
	17723, 100
	17724, 100
	17725, 100
	17726, 100
	17727, 100
	17728, 100
	17729, 100
	17730, 100
	17731, 100
	17732, 100
	17733, 100
	17734, 100
	17735, 100
	17736, 100
	17737, 100
	17738, 100
	17739, 100
	17740, 100
	17741, 100
	17742, 100
	17743, 100
	17744, 100
	17745, 100
	17746, 100
	17747, 100
	17748, 100
	17749, 100
	17750, 100
	17751, 100
	17752, 100
	17753, 100
	17754, 100
	17755, 100
	17756, 100
	17757, 100
	17758, 100
	17759, 100
	17760, 100
	17761, 100
	17762, 100
	17763, 100
	17764, 100
	17765, 100
	17766, 100
	17767, 100
	17768, 100
	17769, 100
	17775, 100
	17770, 100
	17771, 100
	17772, 100
	17773, 100
	17774, 100
	17776, 100
	17777, 100
	17778, 100
	17779, 100
	17780, 100
	17781, 100
	17782, 100
	17783, 100
	17784, 100
	17785, 100
	17786, 100
	17787, 100
	17788, 100
	17794, 100
	17795, 100
	17796, 100
	17797, 100
	17798, 100
	17799, 100
	17800, 100
	17801, 100
	17802, 100
	17803, 100
	17804, 100
	17805, 100
	17806, 100
	17807, 100
	17808, 100
	17809, 100
	17810, 100
	17811, 100
	17812, 100
	17813, 100
	17814, 100
	17815, 100
	17816, 100
	17817, 100
	17818, 100
	17819, 100
	17820, 100
	17821, 100
	17822, 100
	17823, 100
	17824, 100
	17825, 100
	17826, 100
	17827, 100
	17828, 100
	17829, 100
	17830, 100
	17831, 100
	17832, 100
	17833, 100
	17834, 100
	17835, 100
	17836, 100
	17837, 100
	17838, 100
	17839, 100
	17840, 100
	17841, 100
	17842, 100
	17843, 100
	17844, 100
	17845, 100
	17846, 100
	17847, 100
	17848, 100
	17849, 100
	17850, 100
	17855, 100
	17856, 100
	17857, 100
	17858, 100
	17859, 100
	17860, 100
	17861, 100
	17862, 100
	17863, 100
	17864, 100
	17865, 100
	17866, 100
	17854, 100
	17867, 100
	17868, 100
	17869, 100
	17870, 100
	17871, 100
	17872, 100
	17873, 100
	17874, 100
	17875, 100
	17876, 100
	17877, 100
	17878, 100
	17879, 100
	17880, 100
	17881, 100
	17882, 100
	17883, 100
	17884, 100
	17885, 100
	2045, 400
	2044, 1000
	2043, 1000
	2040, 30
	2039, 270
	2038, 300
	2083, 99999
	131, 99999
	3037, 4
	3038, 4
	3039, 4
	3040, 4
	3041, 4
	3042, 4
	3043, 4
	3045, 10
	3046, 10
	3047, 10
	3044, 10
	2026, 20
	2027, 20
	2042, 20
	2046, 20
	2015, 20
	2014, 20
	2013, 20
	2012, 20
	2011, 20
	154, 20
	2071, 20
	2072, 20
	2073, 20
	2074, 20
	2075, 20
	2076, 20
	2077, 20
	2078, 20
	2079, 20
	2080, 20
	2081, 20
	151, 99999
	152, 99999
	178, 100
	150, 100
	149, 100
	148, 100
	2022, 20
	2021, 20
	2020, 20
	2019, 10
	2018, 10
	2017, 20
	2016, 20
	2008, 100
	2007, 99999
	2006, 50
	2005, 50
	2004, 50
	2003, 50
	2002, 50
	141, 99999
	140, 99999
	139, 99999
	146, 99999
	2009, 99999
	185, 99999
	130, 99999
	3001, 1
	3007, 4
	3022, 4
	3023, 4
	3024, 4
	3008, 4
	3015, 8
	3016, 8
	3018, 8
	3017, 10
	3010, 10
	3021, 10
	3025, 10
	3014, 6
	3019, 6
	3020, 6
	3003, 8
	3011, 8
	3012, 10
	3013, 10
	3033, 16
	3034, 20
	3002, 1
	3009, 20
	3027, 20
	3028, 20
	3035, 20
	3036, 20
	3026, 10
	3004, 10
	3029, 10
	3030, 10
	3032, 10
	3031, 10
	3005, 100
	3006, 100
	2023, 20
	2024, 20
	2025, 20
	2047, 20
	2048, 20
	2049, 20
	2050, 20
	2051, 20
	2052, 20
	2053, 20
	2054, 20
	2055, 20
	2056, 20
	2057, 20
	2058, 20
	2059, 20
	2060, 20
	2061, 20
	2062, 20
	2063, 20
	2064, 20
	2065, 20
	2066, 20
	2067, 20
	2068, 20
	2069, 20
	2070, 20
	2094, 30
	2095, 30
	2096, 30
	2097, 30
	2104, 30
	2105, 30
	265, 1
	2041, 9999
	266, 1
	270, 0
	271, 10
	272, 20
	273, 100
	279, 5
	280, 25
	281, 50
	282, 100
	309, 10
	310, 50
	311, 100
	312, 100
	823, 10
	824, 50
	825, 100
	826, 100
	161, 99999
	2001, 99999
	341, 10
	342, 50
	343, 100
	344, 100
	10376, 5
	10377, 10
	10378, 20
	10380, 10
	10381, 15
	10382, 25
	541, 20
	542, 50
	545, 100
	546, 20
	547, 50
	548, 100
	598, 10
	599, 50
	600, 100
	601, 100
	14005, 15
	8001, 50
	8002, 100
	8003, 100
	29999, 17
	20001, 16601
	20002, 16602
	20003, 16603
	20004, 16604
	20005, 16605
	20006, 16606
	20007, 16607
	20008, 16608
	20009, 16609
	20010, 16610
	20011, 16611
	20012, 16612
	20013, 16613
	20014, 16614
	20015, 16615
	20016, 16616
	20017, 16617
	29998, 1
	21001, 16626
	22001, 16627
	2175, 100
recv room info(204)
chjex1 [0]
chjex2
[7fxp.dll] Not Load0!
recv hunqi table(0/0/0)
join game success(global_id 6609462611321096955, server_time Sun Oct 07 12:10:51 2018), begin load resource
loading step: 11/100/100
loading step: 12/100/100
loading step: 13/100/100
loading step: 14/100/100
loading step: 17/100/100
loading step: 18/100/100
loading step: 19/100/100
loading step: 20/100/100
loading step: 1/70/100
loading step: 2/100/100
loading step: 3/100/100
loading step: 4/100/100
loading step: 5/100/100
loading step: 6/100/100
loading step: 7/100/100
loading step: 8/60/100
loading step: 9/100/100
loading step: 10/100/100
NotifyScript step: 16/30/100
loading step: 16/30/100
NotifyScript step: 16/40/100
loading step: 16/40/100
NotifyScript step: 16/60/100
loading step: 16/60/100
loading step: 1/80/100
NotifyScript step: 16/70/100
loading step: 16/70/100
NotifyScript step: 16/80/100
loading step: 16/80/100
loading step: 8/70/100
loading step: 8/80/100
loading step: 15/30/100
loading step: 15/40/100
loading step: 15/60/100
loading step: 15/70/100
loading step: 15/80/100
loading step: 15/90/100
loading step: 15/100/100
NotifyScript step: 16/90/100
loading step: 16/90/100
loading step: 1/90/100
NotifyScript step: 16/100/100
loading step: 16/100/100
loading step: 1/100/100
loading step: 8/90/100
脚本随机种子 6030
2018-10-07 12:11:04:666 PID:7872 FM:     0  游戏正式开始第一个Turn, frame=0 game logic start
 
loading step: 8/100/100
2018-10-07 12:11:06:456 PID:7872 FM:     5  PlayerPlatInfoCome。NEW[2942] 
recv flag info: player 2(10100020, 000000B7)(11100020, 000000B7)
2018-10-07 12:11:06:468 PID:7872 FM:     5  PlayerPlatInfoCome。NEW[2942] 
recv flag info: player 14(10140060, 000000F7)(11100020, 000000B7)
2018-10-07 12:11:06:470 PID:7872 FM:     5  PlayerPlatInfoCome。NEW[2942] 
recv flag info: player 18(11140040, 000000B7)(11100020, 000000B7)
2018-10-07 12:11:06:473 PID:7872 FM:     5  PlayerPlatInfoCome。NEW[2942] 
recv flag info: player 7(10140440, 00000077)(11100020, 000000B7)
2018-10-07 12:11:06:476 PID:7872 FM:     5  PlayerPlatInfoCome。NEW[2942] 
recv flag info: player 4(10100000, 00000000)(11100020, 000000B7)
2018-10-07 12:11:06:479 PID:7872 FM:     5  PlayerPlatInfoCome。NEW[2942] 
recv flag info: player 12(10100000, 00000000)(11100020, 000000B7)
2018-10-07 12:11:06:482 PID:7872 FM:     5  PlayerPlatInfoCome。NEW[2942] 
recv flag info: player 17(10100000, 000000A7)(11100020, 000000B7)
2018-10-07 12:11:06:487 PID:7872 FM:     5  PlayerPlatInfoCome。NEW[2942] 
recv flag info: player 19(11101040, 000000B7)(11100020, 000000B7)
2018-10-07 12:11:06:490 PID:7872 FM:     5  PlayerPlatInfoCome。NEW[2942] 
recv flag info: player 3(10101040, 000000B7)(11100020, 000000B7)
2018-10-07 12:11:06:491 PID:7872 FM:     5  PlayerPlatInfoCome。NEW[2942] 
recv flag info: player 13(11140040, 000000F7)(11100020, 000000B7)
2018-10-07 12:11:06:495 PID:7872 FM:     5  PlayerPlatInfoCome。NEW[2942] 
recv flag info: player 20(10100000, 000000F7)(11100020, 000000B7)
2018-10-07 12:11:06:500 PID:7872 FM:     5  PlayerPlatInfoCome。NEW[2942] 
recv flag info: player 11(10101040, 000000F7)(11100020, 000000B7)
2018-10-07 12:11:06:527 PID:7872 FM:     5  PlayerPlatInfoCome。NEW[2942] 
recv flag info: player 10(30100060, 000000FF)(11100020, 000000B7)
2018-10-07 12:11:06:530 PID:7872 FM:     5  PlayerPlatInfoCome。NEW[2942] 
recv flag info: player 5(10100400, 000000B7)(11100020, 000000B7)
2018-10-07 12:11:06:533 PID:7872 FM:     5  PlayerPlatInfoCome。NEW[2942] 
recv flag info: player 6(10100020, 000000B7)(11100020, 000000B7)
2018-10-07 12:11:06:535 PID:7872 FM:     5  PlayerPlatInfoCome。NEW[2942] 
recv flag info: player 9(31140460, 000000FF)(11100020, 000000B7)
2018-10-07 12:11:06:619 PID:7872 FM:     5  PlayerPlatInfoCome。NEW[2942] 
recv flag info: player 15(11140040, 000000B7)(11100020, 000000B7)
2018-10-07 12:11:06:624 PID:7872 FM:     5  PlayerPlatInfoCome。NEW[2942] 
recv flag info: player 16(11100020, 000000B7)(11100020, 000000B7)
2018-10-07 12:11:06:630 PID:7872 FM:     5  PlayerPlatInfoCome。NEW[2942] 
recv flag info: player 1(10140060, 00000097)(11100020, 000000B7)
2018-10-07 12:11:06:633 PID:7872 FM:     5  PlayerPlatInfoCome。NEW[2942] 
recv flag info: player 8(10100020, 000000B7)(11100020, 000000B7)
chjex5: pid=89665793, tcm=0, mid=109175625
chjex5: pid=49676857, tcm=0, mid=109175625
chjex5: pid=69622517, tcm=0, mid=109175625
chjex5: pid=103534347, tcm=0, mid=109175625
chjex5: pid=96084527, tcm=0, mid=109175625
chjex5: pid=93690244, tcm=0, mid=109175625
chjex5: pid=92460630, tcm=0, mid=109175625
chjex5: pid=124581493, tcm=0, mid=109175625
chjex5: pid=92360169, tcm=0, mid=109175625
chjex5: pid=124666991, tcm=0, mid=109175625
chjex5: pid=109175625, tcm=0, mid=109175625
chjex5: pid=92787719, tcm=0, mid=109175625
chjex5: pid=91656334, tcm=0, mid=109175625
chjex5: pid=91784009, tcm=0, mid=109175625
chjex5: pid=59621218, tcm=0, mid=109175625
chjex5: pid=61277556, tcm=0, mid=109175625
chjex5: pid=88737084, tcm=0, mid=109175625
chjex5: pid=46633805, tcm=0, mid=109175625
chjex5: pid=96335481, tcm=0, mid=109175625
player leave 88148486/9player leave 92460630/0player leave 69622517/0recv CMD_H2C_ADD_PLAYER_INFO curframe=19577
recv add player info(3), userid=93977644
	pos 3, name lyw474395494, side 0
2018-10-07 12:16:45:244 PID:7872 FM: 20013  PlayerPlatInfoCome。NEW[2942] 
recv flag info: player 3(10101060, 000000B7)(11100020, 000000B7)
chjex5: pid=93977644, tcm=0, mid=109175625
recv CMD_H2C_ADD_PLAYER_INFO curframe=32093
recv add player info(9), userid=122274177
	pos 9, name 你好加我, side 0
2018-10-07 12:20:20:166 PID:7872 FM: 32693  PlayerPlatInfoCome。NEW[2942] 
recv flag info: player 9(11100000, 000000B7)(11100020, 000000B7)
chjex5: pid=122274177, tcm=0, mid=109175625
player leave 93977644/0recv CMD_H2C_ADD_PLAYER_INFO curframe=37969
recv add player info(14), userid=91324327
	pos 14, name 啊米多浮, side 0
2018-10-07 12:21:54:260 PID:7872 FM: 38245  PlayerPlatInfoCome。NEW[2942] 
recv flag info: player 14(10140040, 000000B7)(11100020, 000000B7)
chjex5: pid=91324327, tcm=0, mid=109175625
recv CMD_H2C_ADD_PLAYER_INFO curframe=42657
recv add player info(3), userid=122601066
	pos 3, name q秋月私语, side 0
2018-10-07 12:23:14:588 PID:7872 FM: 42985  PlayerPlatInfoCome。NEW[2942] 
recv flag info: player 3(11100040, 00000095)(11100020, 000000B7)
chjex5: pid=122601066, tcm=0, mid=109175625
player leave 96335481/5recv CMD_H2C_ADD_PLAYER_INFO curframe=55621
recv add player info(15), userid=96335481
	pos 15, name 从哈哈到高手, side 0
2018-10-07 12:27:05:339 PID:7872 FM: 56597  PlayerPlatInfoCome。NEW[2942] 
recv flag info: player 15(11140040, 000000B7)(11100020, 000000B7)
chjex5: pid=96335481, tcm=0, mid=109175625
[12:40:25] frame=103632 nStep=0, LeftTime=120
[12:40:25] frame=103632 nStep=0, LeftTime=119
[12:40:28] frame=103636 nStep=0, LeftTime=118
[12:40:28] frame=103636 nStep=0, LeftTime=117
[12:40:28] frame=103636 nStep=0, LeftTime=116
[12:40:29] frame=103684 nStep=0, LeftTime=115
[12:40:29] frame=103904 nStep=0, LeftTime=114
[12:40:30] frame=104134 nStep=21, LeftTime=113
[12:40:32] frame=104195 nStep=0, LeftTime=112
[12:40:32] frame=104253 nStep=100, LeftTime=112
[10-07 12:40:32] frame=104253, 进度赶上, 取消等待!
2018-10-07 12:50:14:536 PID:7872 FM:138474  填充脚本自定义数据[155264750] FM[138474]  LEN[11177] 
游戏帧数:[138474] 通知平台CMD_CLIENT_G2P_EXIT, 游戏客户端管道关闭(1)
游戏帧数138474, 脚本调用关闭网络连接!
主动断开socket
[10-07 12:50:14], 游戏帧数[138476(34639Turn)], 底层与host server失去联系(error_code 0, error_string 未决的接收数据失败, ptl 312)
因为失去联系, 输出当前的网络状态:
屏蔽网络流量输出
结束输出当前的网络状态:

现在时间[10-07 12:50:15], 游戏帧数138479, 收到CMD_H2C_CLIENT_REQ_CLOSE, 主动断开socket
[138479]结束处理socketaqpp shutdown!
[138479]检查是否需要断开与host的连接, m_offline_code=0, offline_client_close=0
player leave 91784009/0player leave 91656334/0player leave 103534347/0player leave 92360169/0player leave 124666991/0player leave 124581493/0player leave 91324327/0player leave 96084527/0player leave 122601066/0player leave 46633805/0player leave 61277556/0[138667]脚本调用appExit!
2018-10-07 12:50:18:249 PID:7872 FM:138667  脚本调用appExit 
[138667]收到WM_QUIT Message, 消息循环退出!
