138474, 93690244,唯爱丿吻,317,5
138474, 91784009,九零後灬小伟,261,0
138474, 122601066,q秋月私语,315,1024
138474, 124581493,没有我不服,50,0
138474, 88737084,妞丿想哥没,272,144
138474, 59621218,lin1062648530,26,552
138474, 92360169,犀利哥丨钱多多,188,0
138474, 61277556,不爱破c丶,85,0
138474, 122274177,你好加我,61,2
138474, 89665793,弑你的灬小眯,223,0
138474, 49676857,走红D调,150,0
138474, 124666991,大将军9999,269,0
138474, 46633805,本田雅阁也上树,141,0
138474, 91324327,啊米多浮,299,0
138474, 96335481,从哈哈到高手,255,0
138474, 109175625,右耳钉丶残恋,218,256
138474, 92787719,我艹403,175,64
138474, 103534347,水中月008,142,0
138474, 96084527,马小岱丶1,180,0
138474, 91656334,硪只在乎祢,221,0
