3569, 存储数据, 玩家9,小布sos,1项画质: 1	数据长度是1	数据类型为number
3569, 存储数据, 玩家9,小布sos,2项滚屏速度: 18	数据长度是8	数据类型为number
3569, 存储数据, 玩家9,小布sos,3项更新内容面板开关: 0	数据长度是1	数据类型为number
3569, 存储数据, 玩家9,小布sos,4项游戏版本号: 1696	数据长度是16	数据类型为number
3569, 存储数据, 玩家9,小布sos,5项语音: 0	数据长度是1	数据类型为number
3569, 存储数据, 玩家9,小布sos,6项音响: 0	数据长度是1	数据类型为number
3569, 存储数据, 玩家9,小布sos,7项麦克风: 0	数据长度是1	数据类型为number
3569, 存储数据, 玩家9,小布sos,8项音响大小: 0	数据长度是8	数据类型为number
3569, 存储数据, 玩家9,小布sos,9项麦克风大小: 0	数据长度是8	数据类型为number
3569, 存储数据, 玩家9,小布sos,10项未知: 1	数据长度是1	数据类型为number
3569, 存储数据, 玩家9,小布sos,11项光照: 99	数据长度是8	数据类型为number
3569, 存储数据, 玩家9,小布sos,12项新F11面板模式: 0	数据长度是1	数据类型为number
3569, 存储数据, 玩家9,小布sos,13项血条区分敌我: 1	数据长度是1	数据类型为number
3569, 存储数据, 玩家9,小布sos,14项快捷键1: 41	数据长度是16	数据类型为number
3569, 存储数据, 玩家9,小布sos,15项快捷键2: 43	数据长度是16	数据类型为number
3569, 存储数据, 玩家9,小布sos,16项快捷键3: 61	数据长度是16	数据类型为number
3569, 存储数据, 玩家9,小布sos,17项快捷键4: 42	数据长度是16	数据类型为number
3569, 存储数据, 玩家9,小布sos,18项快捷键5: 56	数据长度是16	数据类型为number
3569, 存储数据, 玩家9,小布sos,19项快捷键6: 53	数据长度是16	数据类型为number
3569, 存储数据, 玩家9,小布sos,20项快捷键7: 541	数据长度是16	数据类型为number
3569, 存储数据, 玩家9,小布sos,21项快捷键8: 542	数据长度是16	数据类型为number
3569, 存储数据, 玩家9,小布sos,22项快捷键9: 543	数据长度是16	数据类型为number
3569, 存储数据, 玩家9,小布sos,23项快捷键10: 544	数据长度是16	数据类型为number
3569, 存储数据, 玩家9,小布sos,24项快捷键11: 545	数据长度是16	数据类型为number
3569, 存储数据, 玩家9,小布sos,25项快捷键12: 546	数据长度是16	数据类型为number
3569, 存储数据, 玩家9,小布sos,26项快捷键13: 29	数据长度是16	数据类型为number
3569, 存储数据, 玩家9,小布sos,27项快捷键14: 62	数据长度是16	数据类型为number
3569, 存储数据, 玩家9,小布sos,28项快捷键15: 44	数据长度是16	数据类型为number
3569, 存储数据, 玩家9,小布sos,29项快捷键16: 573	数据长度是16	数据类型为number
3569, 存储数据, 玩家9,小布sos,30项快捷键17: 555	数据长度是16	数据类型为number
3569, 存储数据, 玩家9,小布sos,31项快捷键18: 568	数据长度是16	数据类型为number
3569, 存储数据, 玩家9,小布sos,32项是否显示刀光: 1	数据长度是1	数据类型为number
3569, 存储数据, 玩家9,小布sos,33项显示刀光编号: 16	数据长度是8	数据类型为number
3569, 存储数据, 玩家9,小布sos,34项不显示翅膀: 0	数据长度是1	数据类型为number
3569, 存储数据, 玩家9,小布sos,35项显示翅膀编号: 5	数据长度是8	数据类型为number
3569, 存储数据, 玩家9,小布sos,36项孔明灯: 4	数据长度是8	数据类型为number
3569, 存储数据, 玩家9,小布sos,37项免控表现: 1	数据长度是8	数据类型为number
3569, 存储数据, 玩家9,小布sos,38项窗口锁定: 0	数据长度是8	数据类型为number
3569, 存储数据, 玩家9,小布sos,39项打孔明灯: 0	数据长度是8	数据类型为number
3569, 存储数据, 玩家9,小布sos,40项小地图头像: 3	数据长度是8	数据类型为number
3569, 存储数据, 玩家9,小布sos,41项画笔库6: 0	数据长度是8	数据类型为number
3569, 存储数据, 玩家9,小布sos,42项画笔库7: 0	数据长度是8	数据类型为number
3569, 存储数据, 玩家9,小布sos,43项画笔库8: 0	数据长度是8	数据类型为number
3569, 存储数据, 玩家9,小布sos,44项会员功能1: 1	数据长度是1	数据类型为number
3569, 存储数据, 玩家9,小布sos,45项会员功能2: 1	数据长度是1	数据类型为number
3569, 存储数据, 玩家9,小布sos,46项会员功能3: 1	数据长度是1	数据类型为number
3569, 存储数据, 玩家9,小布sos,47项会员功能4: 1	数据长度是1	数据类型为number
3569, 存储数据, 玩家9,小布sos,48项会员功能5: 1	数据长度是1	数据类型为number
3569, 存储数据, 玩家9,小布sos,49项会员功能6: 1	数据长度是1	数据类型为number
3569, 存储数据, 玩家9,小布sos,50项会员功能7: 1	数据长度是1	数据类型为number
3569, 存储数据, 玩家9,小布sos,51项会员功能8: 1	数据长度是1	数据类型为number
3569, 存储数据, 玩家9,小布sos,52项新商店左侧扩展面板: 1	数据长度是1	数据类型为number
3569, 存储数据, 玩家9,小布sos,53项新商店上部扩展面板: 1	数据长度是1	数据类型为number
3569, 存储数据, 玩家9,小布sos,54项新商店购买方式: 0	数据长度是1	数据类型为number
3569, 存储数据, 玩家9,小布sos,55项新商店商店模式: 1	数据长度是1	数据类型为number
3569, 存储数据, 玩家9,小布sos,56项预扣血模式: 0	数据长度是1	数据类型为number
3569, 存储数据, 玩家9,小布sos,57项回城特效: 0	数据长度是8	数据类型为number
11513, 存储数据, 玩家3,Ar丶妓,1项画质: 1	数据长度是1	数据类型为number
11513, 存储数据, 玩家3,Ar丶妓,2项滚屏速度: 15	数据长度是8	数据类型为number
11513, 存储数据, 玩家3,Ar丶妓,3项更新内容面板开关: 0	数据长度是1	数据类型为number
11513, 存储数据, 玩家3,Ar丶妓,4项游戏版本号: 1696	数据长度是16	数据类型为number
11513, 存储数据, 玩家3,Ar丶妓,5项语音: 0	数据长度是1	数据类型为number
11513, 存储数据, 玩家3,Ar丶妓,6项音响: 0	数据长度是1	数据类型为number
11513, 存储数据, 玩家3,Ar丶妓,7项麦克风: 0	数据长度是1	数据类型为number
11513, 存储数据, 玩家3,Ar丶妓,8项音响大小: 0	数据长度是8	数据类型为number
11513, 存储数据, 玩家3,Ar丶妓,9项麦克风大小: 0	数据长度是8	数据类型为number
11513, 存储数据, 玩家3,Ar丶妓,10项未知: 1	数据长度是1	数据类型为number
11513, 存储数据, 玩家3,Ar丶妓,11项光照: 99	数据长度是8	数据类型为number
11513, 存储数据, 玩家3,Ar丶妓,12项新F11面板模式: 1	数据长度是1	数据类型为number
11513, 存储数据, 玩家3,Ar丶妓,13项血条区分敌我: 1	数据长度是1	数据类型为number
11513, 存储数据, 玩家3,Ar丶妓,14项快捷键1: 41	数据长度是16	数据类型为number
11513, 存储数据, 玩家3,Ar丶妓,15项快捷键2: 43	数据长度是16	数据类型为number
11513, 存储数据, 玩家3,Ar丶妓,16项快捷键3: 61	数据长度是16	数据类型为number
11513, 存储数据, 玩家3,Ar丶妓,17项快捷键4: 42	数据长度是16	数据类型为number
11513, 存储数据, 玩家3,Ar丶妓,18项快捷键5: 56	数据长度是16	数据类型为number
11513, 存储数据, 玩家3,Ar丶妓,19项快捷键6: 53	数据长度是16	数据类型为number
11513, 存储数据, 玩家3,Ar丶妓,20项快捷键7: 541	数据长度是16	数据类型为number
11513, 存储数据, 玩家3,Ar丶妓,21项快捷键8: 542	数据长度是16	数据类型为number
11513, 存储数据, 玩家3,Ar丶妓,22项快捷键9: 543	数据长度是16	数据类型为number
11513, 存储数据, 玩家3,Ar丶妓,23项快捷键10: 544	数据长度是16	数据类型为number
11513, 存储数据, 玩家3,Ar丶妓,24项快捷键11: 545	数据长度是16	数据类型为number
11513, 存储数据, 玩家3,Ar丶妓,25项快捷键12: 546	数据长度是16	数据类型为number
11513, 存储数据, 玩家3,Ar丶妓,26项快捷键13: 547	数据长度是16	数据类型为number
11513, 存储数据, 玩家3,Ar丶妓,27项快捷键14: 548	数据长度是16	数据类型为number
11513, 存储数据, 玩家3,Ar丶妓,28项快捷键15: 549	数据长度是16	数据类型为number
11513, 存储数据, 玩家3,Ar丶妓,29项快捷键16: 573	数据长度是16	数据类型为number
11513, 存储数据, 玩家3,Ar丶妓,30项快捷键17: 555	数据长度是16	数据类型为number
11513, 存储数据, 玩家3,Ar丶妓,31项快捷键18: 568	数据长度是16	数据类型为number
11513, 存储数据, 玩家3,Ar丶妓,32项是否显示刀光: 1	数据长度是1	数据类型为number
11513, 存储数据, 玩家3,Ar丶妓,33项显示刀光编号: 23	数据长度是8	数据类型为number
11513, 存储数据, 玩家3,Ar丶妓,34项不显示翅膀: 0	数据长度是1	数据类型为number
11513, 存储数据, 玩家3,Ar丶妓,35项显示翅膀编号: 8	数据长度是8	数据类型为number
11513, 存储数据, 玩家3,Ar丶妓,36项孔明灯: 0	数据长度是8	数据类型为number
11513, 存储数据, 玩家3,Ar丶妓,37项免控表现: 0	数据长度是8	数据类型为number
11513, 存储数据, 玩家3,Ar丶妓,38项窗口锁定: 0	数据长度是8	数据类型为number
11513, 存储数据, 玩家3,Ar丶妓,39项打孔明灯: 0	数据长度是8	数据类型为number
11513, 存储数据, 玩家3,Ar丶妓,40项小地图头像: 0	数据长度是8	数据类型为number
11513, 存储数据, 玩家3,Ar丶妓,41项画笔库6: 0	数据长度是8	数据类型为number
11513, 存储数据, 玩家3,Ar丶妓,42项画笔库7: 0	数据长度是8	数据类型为number
11513, 存储数据, 玩家3,Ar丶妓,43项画笔库8: 0	数据长度是8	数据类型为number
11513, 存储数据, 玩家3,Ar丶妓,44项会员功能1: 1	数据长度是1	数据类型为number
11513, 存储数据, 玩家3,Ar丶妓,45项会员功能2: 1	数据长度是1	数据类型为number
11513, 存储数据, 玩家3,Ar丶妓,46项会员功能3: 1	数据长度是1	数据类型为number
11513, 存储数据, 玩家3,Ar丶妓,47项会员功能4: 1	数据长度是1	数据类型为number
11513, 存储数据, 玩家3,Ar丶妓,48项会员功能5: 1	数据长度是1	数据类型为number
11513, 存储数据, 玩家3,Ar丶妓,49项会员功能6: 1	数据长度是1	数据类型为number
11513, 存储数据, 玩家3,Ar丶妓,50项会员功能7: 1	数据长度是1	数据类型为number
11513, 存储数据, 玩家3,Ar丶妓,51项会员功能8: 1	数据长度是1	数据类型为number
11513, 存储数据, 玩家3,Ar丶妓,52项新商店左侧扩展面板: 1	数据长度是1	数据类型为number
11513, 存储数据, 玩家3,Ar丶妓,53项新商店上部扩展面板: 1	数据长度是1	数据类型为number
11513, 存储数据, 玩家3,Ar丶妓,54项新商店购买方式: 0	数据长度是1	数据类型为number
11513, 存储数据, 玩家3,Ar丶妓,55项新商店商店模式: 1	数据长度是1	数据类型为number
11513, 存储数据, 玩家3,Ar丶妓,56项预扣血模式: 0	数据长度是1	数据类型为number
11513, 存储数据, 玩家3,Ar丶妓,57项回城特效: 0	数据长度是8	数据类型为number
11925, 存储数据, 玩家14,貌shi丨狠NB,1项画质: 1	数据长度是1	数据类型为number
11925, 存储数据, 玩家14,貌shi丨狠NB,2项滚屏速度: 16	数据长度是8	数据类型为number
11925, 存储数据, 玩家14,貌shi丨狠NB,3项更新内容面板开关: 0	数据长度是1	数据类型为number
11925, 存储数据, 玩家14,貌shi丨狠NB,4项游戏版本号: 1696	数据长度是16	数据类型为number
11925, 存储数据, 玩家14,貌shi丨狠NB,5项语音: 1	数据长度是1	数据类型为number
11925, 存储数据, 玩家14,貌shi丨狠NB,6项音响: 1	数据长度是1	数据类型为number
11925, 存储数据, 玩家14,貌shi丨狠NB,7项麦克风: 1	数据长度是1	数据类型为number
11925, 存储数据, 玩家14,貌shi丨狠NB,8项音响大小: 51	数据长度是8	数据类型为number
11925, 存储数据, 玩家14,貌shi丨狠NB,9项麦克风大小: 26	数据长度是8	数据类型为number
11925, 存储数据, 玩家14,貌shi丨狠NB,10项未知: 1	数据长度是1	数据类型为number
11925, 存储数据, 玩家14,貌shi丨狠NB,11项光照: 99	数据长度是8	数据类型为number
11925, 存储数据, 玩家14,貌shi丨狠NB,12项新F11面板模式: 1	数据长度是1	数据类型为number
11925, 存储数据, 玩家14,貌shi丨狠NB,13项血条区分敌我: 1	数据长度是1	数据类型为number
11925, 存储数据, 玩家14,貌shi丨狠NB,14项快捷键1: 41	数据长度是16	数据类型为number
11925, 存储数据, 玩家14,貌shi丨狠NB,15项快捷键2: 43	数据长度是16	数据类型为number
11925, 存储数据, 玩家14,貌shi丨狠NB,16项快捷键3: 61	数据长度是16	数据类型为number
11925, 存储数据, 玩家14,貌shi丨狠NB,17项快捷键4: 42	数据长度是16	数据类型为number
11925, 存储数据, 玩家14,貌shi丨狠NB,18项快捷键5: 56	数据长度是16	数据类型为number
11925, 存储数据, 玩家14,貌shi丨狠NB,19项快捷键6: 53	数据长度是16	数据类型为number
11925, 存储数据, 玩家14,貌shi丨狠NB,20项快捷键7: 541	数据长度是16	数据类型为number
11925, 存储数据, 玩家14,貌shi丨狠NB,21项快捷键8: 542	数据长度是16	数据类型为number
11925, 存储数据, 玩家14,貌shi丨狠NB,22项快捷键9: 543	数据长度是16	数据类型为number
11925, 存储数据, 玩家14,貌shi丨狠NB,23项快捷键10: 544	数据长度是16	数据类型为number
11925, 存储数据, 玩家14,貌shi丨狠NB,24项快捷键11: 545	数据长度是16	数据类型为number
11925, 存储数据, 玩家14,貌shi丨狠NB,25项快捷键12: 546	数据长度是16	数据类型为number
11925, 存储数据, 玩家14,貌shi丨狠NB,26项快捷键13: 44	数据长度是16	数据类型为number
11925, 存储数据, 玩家14,貌shi丨狠NB,27项快捷键14: 62	数据长度是16	数据类型为number
11925, 存储数据, 玩家14,貌shi丨狠NB,28项快捷键15: 45	数据长度是16	数据类型为number
11925, 存储数据, 玩家14,貌shi丨狠NB,29项快捷键16: 567	数据长度是16	数据类型为number
11925, 存储数据, 玩家14,貌shi丨狠NB,30项快捷键17: 573	数据长度是16	数据类型为number
11925, 存储数据, 玩家14,貌shi丨狠NB,31项快捷键18: 555	数据长度是16	数据类型为number
11925, 存储数据, 玩家14,貌shi丨狠NB,32项是否显示刀光: 1	数据长度是1	数据类型为number
11925, 存储数据, 玩家14,貌shi丨狠NB,33项显示刀光编号: 14	数据长度是8	数据类型为number
11925, 存储数据, 玩家14,貌shi丨狠NB,34项不显示翅膀: 1	数据长度是1	数据类型为number
11925, 存储数据, 玩家14,貌shi丨狠NB,35项显示翅膀编号: 0	数据长度是8	数据类型为number
11925, 存储数据, 玩家14,貌shi丨狠NB,36项孔明灯: 0	数据长度是8	数据类型为number
11925, 存储数据, 玩家14,貌shi丨狠NB,37项免控表现: 0	数据长度是8	数据类型为number
11925, 存储数据, 玩家14,貌shi丨狠NB,38项窗口锁定: 0	数据长度是8	数据类型为number
11925, 存储数据, 玩家14,貌shi丨狠NB,39项打孔明灯: 0	数据长度是8	数据类型为number
11925, 存储数据, 玩家14,貌shi丨狠NB,40项小地图头像: 0	数据长度是8	数据类型为number
11925, 存储数据, 玩家14,貌shi丨狠NB,41项画笔库6: 0	数据长度是8	数据类型为number
11925, 存储数据, 玩家14,貌shi丨狠NB,42项画笔库7: 0	数据长度是8	数据类型为number
11925, 存储数据, 玩家14,貌shi丨狠NB,43项画笔库8: 0	数据长度是8	数据类型为number
11925, 存储数据, 玩家14,貌shi丨狠NB,44项会员功能1: 1	数据长度是1	数据类型为number
11925, 存储数据, 玩家14,貌shi丨狠NB,45项会员功能2: 1	数据长度是1	数据类型为number
11925, 存储数据, 玩家14,貌shi丨狠NB,46项会员功能3: 0	数据长度是1	数据类型为number
11925, 存储数据, 玩家14,貌shi丨狠NB,47项会员功能4: 1	数据长度是1	数据类型为number
11925, 存储数据, 玩家14,貌shi丨狠NB,48项会员功能5: 1	数据长度是1	数据类型为number
11925, 存储数据, 玩家14,貌shi丨狠NB,49项会员功能6: 1	数据长度是1	数据类型为number
11925, 存储数据, 玩家14,貌shi丨狠NB,50项会员功能7: 1	数据长度是1	数据类型为number
11925, 存储数据, 玩家14,貌shi丨狠NB,51项会员功能8: 1	数据长度是1	数据类型为number
11925, 存储数据, 玩家14,貌shi丨狠NB,52项新商店左侧扩展面板: 1	数据长度是1	数据类型为number
11925, 存储数据, 玩家14,貌shi丨狠NB,53项新商店上部扩展面板: 1	数据长度是1	数据类型为number
11925, 存储数据, 玩家14,貌shi丨狠NB,54项新商店购买方式: 0	数据长度是1	数据类型为number
11925, 存储数据, 玩家14,貌shi丨狠NB,55项新商店商店模式: 1	数据长度是1	数据类型为number
11925, 存储数据, 玩家14,貌shi丨狠NB,56项预扣血模式: 0	数据长度是1	数据类型为number
11925, 存储数据, 玩家14,貌shi丨狠NB,57项回城特效: 11	数据长度是8	数据类型为number
33845, 存储数据, 玩家3,lyw474395494,1项画质: 1	数据长度是1	数据类型为number
33845, 存储数据, 玩家3,lyw474395494,2项滚屏速度: 17	数据长度是8	数据类型为number
33845, 存储数据, 玩家3,lyw474395494,3项更新内容面板开关: 0	数据长度是1	数据类型为number
33845, 存储数据, 玩家3,lyw474395494,4项游戏版本号: 1696	数据长度是16	数据类型为number
33845, 存储数据, 玩家3,lyw474395494,5项语音: 0	数据长度是1	数据类型为number
33845, 存储数据, 玩家3,lyw474395494,6项音响: 0	数据长度是1	数据类型为number
33845, 存储数据, 玩家3,lyw474395494,7项麦克风: 0	数据长度是1	数据类型为number
33845, 存储数据, 玩家3,lyw474395494,8项音响大小: 0	数据长度是8	数据类型为number
33845, 存储数据, 玩家3,lyw474395494,9项麦克风大小: 0	数据长度是8	数据类型为number
33845, 存储数据, 玩家3,lyw474395494,10项未知: 1	数据长度是1	数据类型为number
33845, 存储数据, 玩家3,lyw474395494,11项光照: 99	数据长度是8	数据类型为number
33845, 存储数据, 玩家3,lyw474395494,12项新F11面板模式: 1	数据长度是1	数据类型为number
33845, 存储数据, 玩家3,lyw474395494,13项血条区分敌我: 1	数据长度是1	数据类型为number
33845, 存储数据, 玩家3,lyw474395494,14项快捷键1: 41	数据长度是16	数据类型为number
33845, 存储数据, 玩家3,lyw474395494,15项快捷键2: 43	数据长度是16	数据类型为number
33845, 存储数据, 玩家3,lyw474395494,16项快捷键3: 61	数据长度是16	数据类型为number
33845, 存储数据, 玩家3,lyw474395494,17项快捷键4: 42	数据长度是16	数据类型为number
33845, 存储数据, 玩家3,lyw474395494,18项快捷键5: 0	数据长度是16	数据类型为number
33845, 存储数据, 玩家3,lyw474395494,19项快捷键6: 55	数据长度是16	数据类型为number
33845, 存储数据, 玩家3,lyw474395494,20项快捷键7: 541	数据长度是16	数据类型为number
33845, 存储数据, 玩家3,lyw474395494,21项快捷键8: 542	数据长度是16	数据类型为number
33845, 存储数据, 玩家3,lyw474395494,22项快捷键9: 543	数据长度是16	数据类型为number
33845, 存储数据, 玩家3,lyw474395494,23项快捷键10: 544	数据长度是16	数据类型为number
33845, 存储数据, 玩家3,lyw474395494,24项快捷键11: 545	数据长度是16	数据类型为number
33845, 存储数据, 玩家3,lyw474395494,25项快捷键12: 44	数据长度是16	数据类型为number
33845, 存储数据, 玩家3,lyw474395494,26项快捷键13: 547	数据长度是16	数据类型为number
33845, 存储数据, 玩家3,lyw474395494,27项快捷键14: 548	数据长度是16	数据类型为number
33845, 存储数据, 玩家3,lyw474395494,28项快捷键15: 56	数据长度是16	数据类型为number
33845, 存储数据, 玩家3,lyw474395494,29项快捷键16: 573	数据长度是16	数据类型为number
33845, 存储数据, 玩家3,lyw474395494,30项快捷键17: 555	数据长度是16	数据类型为number
33845, 存储数据, 玩家3,lyw474395494,31项快捷键18: 568	数据长度是16	数据类型为number
33845, 存储数据, 玩家3,lyw474395494,32项是否显示刀光: 1	数据长度是1	数据类型为number
33845, 存储数据, 玩家3,lyw474395494,33项显示刀光编号: 4	数据长度是8	数据类型为number
33845, 存储数据, 玩家3,lyw474395494,34项不显示翅膀: 0	数据长度是1	数据类型为number
33845, 存储数据, 玩家3,lyw474395494,35项显示翅膀编号: 2	数据长度是8	数据类型为number
33845, 存储数据, 玩家3,lyw474395494,36项孔明灯: 0	数据长度是8	数据类型为number
33845, 存储数据, 玩家3,lyw474395494,37项免控表现: 0	数据长度是8	数据类型为number
33845, 存储数据, 玩家3,lyw474395494,38项窗口锁定: 0	数据长度是8	数据类型为number
33845, 存储数据, 玩家3,lyw474395494,39项打孔明灯: 0	数据长度是8	数据类型为number
33845, 存储数据, 玩家3,lyw474395494,40项小地图头像: 0	数据长度是8	数据类型为number
33845, 存储数据, 玩家3,lyw474395494,41项画笔库6: 0	数据长度是8	数据类型为number
33845, 存储数据, 玩家3,lyw474395494,42项画笔库7: 0	数据长度是8	数据类型为number
33845, 存储数据, 玩家3,lyw474395494,43项画笔库8: 0	数据长度是8	数据类型为number
33845, 存储数据, 玩家3,lyw474395494,44项会员功能1: 1	数据长度是1	数据类型为number
33845, 存储数据, 玩家3,lyw474395494,45项会员功能2: 1	数据长度是1	数据类型为number
33845, 存储数据, 玩家3,lyw474395494,46项会员功能3: 0	数据长度是1	数据类型为number
33845, 存储数据, 玩家3,lyw474395494,47项会员功能4: 1	数据长度是1	数据类型为number
33845, 存储数据, 玩家3,lyw474395494,48项会员功能5: 1	数据长度是1	数据类型为number
33845, 存储数据, 玩家3,lyw474395494,49项会员功能6: 1	数据长度是1	数据类型为number
33845, 存储数据, 玩家3,lyw474395494,50项会员功能7: 1	数据长度是1	数据类型为number
33845, 存储数据, 玩家3,lyw474395494,51项会员功能8: 1	数据长度是1	数据类型为number
33845, 存储数据, 玩家3,lyw474395494,52项新商店左侧扩展面板: 1	数据长度是1	数据类型为number
33845, 存储数据, 玩家3,lyw474395494,53项新商店上部扩展面板: 1	数据长度是1	数据类型为number
33845, 存储数据, 玩家3,lyw474395494,54项新商店购买方式: 0	数据长度是1	数据类型为number
33845, 存储数据, 玩家3,lyw474395494,55项新商店商店模式: 1	数据长度是1	数据类型为number
33845, 存储数据, 玩家3,lyw474395494,56项预扣血模式: 0	数据长度是1	数据类型为number
33845, 存储数据, 玩家3,lyw474395494,57项回城特效: 0	数据长度是8	数据类型为number
53341, 存储数据, 玩家15,从哈哈到高手,1项画质: 1	数据长度是1	数据类型为number
53341, 存储数据, 玩家15,从哈哈到高手,2项滚屏速度: 21	数据长度是8	数据类型为number
53341, 存储数据, 玩家15,从哈哈到高手,3项更新内容面板开关: 0	数据长度是1	数据类型为number
53341, 存储数据, 玩家15,从哈哈到高手,4项游戏版本号: 1696	数据长度是16	数据类型为number
53341, 存储数据, 玩家15,从哈哈到高手,5项语音: 0	数据长度是1	数据类型为number
53341, 存储数据, 玩家15,从哈哈到高手,6项音响: 0	数据长度是1	数据类型为number
53341, 存储数据, 玩家15,从哈哈到高手,7项麦克风: 0	数据长度是1	数据类型为number
53341, 存储数据, 玩家15,从哈哈到高手,8项音响大小: 0	数据长度是8	数据类型为number
53341, 存储数据, 玩家15,从哈哈到高手,9项麦克风大小: 0	数据长度是8	数据类型为number
53341, 存储数据, 玩家15,从哈哈到高手,10项未知: 1	数据长度是1	数据类型为number
53341, 存储数据, 玩家15,从哈哈到高手,11项光照: 100	数据长度是8	数据类型为number
53341, 存储数据, 玩家15,从哈哈到高手,12项新F11面板模式: 1	数据长度是1	数据类型为number
53341, 存储数据, 玩家15,从哈哈到高手,13项血条区分敌我: 1	数据长度是1	数据类型为number
53341, 存储数据, 玩家15,从哈哈到高手,14项快捷键1: 41	数据长度是16	数据类型为number
53341, 存储数据, 玩家15,从哈哈到高手,15项快捷键2: 43	数据长度是16	数据类型为number
53341, 存储数据, 玩家15,从哈哈到高手,16项快捷键3: 61	数据长度是16	数据类型为number
53341, 存储数据, 玩家15,从哈哈到高手,17项快捷键4: 42	数据长度是16	数据类型为number
53341, 存储数据, 玩家15,从哈哈到高手,18项快捷键5: 56	数据长度是16	数据类型为number
53341, 存储数据, 玩家15,从哈哈到高手,19项快捷键6: 53	数据长度是16	数据类型为number
53341, 存储数据, 玩家15,从哈哈到高手,20项快捷键7: 541	数据长度是16	数据类型为number
53341, 存储数据, 玩家15,从哈哈到高手,21项快捷键8: 542	数据长度是16	数据类型为number
53341, 存储数据, 玩家15,从哈哈到高手,22项快捷键9: 543	数据长度是16	数据类型为number
53341, 存储数据, 玩家15,从哈哈到高手,23项快捷键10: 544	数据长度是16	数据类型为number
53341, 存储数据, 玩家15,从哈哈到高手,24项快捷键11: 545	数据长度是16	数据类型为number
53341, 存储数据, 玩家15,从哈哈到高手,25项快捷键12: 546	数据长度是16	数据类型为number
53341, 存储数据, 玩家15,从哈哈到高手,26项快捷键13: 547	数据长度是16	数据类型为number
53341, 存储数据, 玩家15,从哈哈到高手,27项快捷键14: 548	数据长度是16	数据类型为number
53341, 存储数据, 玩家15,从哈哈到高手,28项快捷键15: 44	数据长度是16	数据类型为number
53341, 存储数据, 玩家15,从哈哈到高手,29项快捷键16: 573	数据长度是16	数据类型为number
53341, 存储数据, 玩家15,从哈哈到高手,30项快捷键17: 555	数据长度是16	数据类型为number
53341, 存储数据, 玩家15,从哈哈到高手,31项快捷键18: 568	数据长度是16	数据类型为number
53341, 存储数据, 玩家15,从哈哈到高手,32项是否显示刀光: 1	数据长度是1	数据类型为number
53341, 存储数据, 玩家15,从哈哈到高手,33项显示刀光编号: 1	数据长度是8	数据类型为number
53341, 存储数据, 玩家15,从哈哈到高手,34项不显示翅膀: 0	数据长度是1	数据类型为number
53341, 存储数据, 玩家15,从哈哈到高手,35项显示翅膀编号: 4	数据长度是8	数据类型为number
53341, 存储数据, 玩家15,从哈哈到高手,36项孔明灯: 0	数据长度是8	数据类型为number
53341, 存储数据, 玩家15,从哈哈到高手,37项免控表现: 0	数据长度是8	数据类型为number
53341, 存储数据, 玩家15,从哈哈到高手,38项窗口锁定: 0	数据长度是8	数据类型为number
53341, 存储数据, 玩家15,从哈哈到高手,39项打孔明灯: 0	数据长度是8	数据类型为number
53341, 存储数据, 玩家15,从哈哈到高手,40项小地图头像: 0	数据长度是8	数据类型为number
53341, 存储数据, 玩家15,从哈哈到高手,41项画笔库6: 0	数据长度是8	数据类型为number
53341, 存储数据, 玩家15,从哈哈到高手,42项画笔库7: 0	数据长度是8	数据类型为number
53341, 存储数据, 玩家15,从哈哈到高手,43项画笔库8: 0	数据长度是8	数据类型为number
53341, 存储数据, 玩家15,从哈哈到高手,44项会员功能1: 1	数据长度是1	数据类型为number
53341, 存储数据, 玩家15,从哈哈到高手,45项会员功能2: 1	数据长度是1	数据类型为number
53341, 存储数据, 玩家15,从哈哈到高手,46项会员功能3: 1	数据长度是1	数据类型为number
53341, 存储数据, 玩家15,从哈哈到高手,47项会员功能4: 1	数据长度是1	数据类型为number
53341, 存储数据, 玩家15,从哈哈到高手,48项会员功能5: 1	数据长度是1	数据类型为number
53341, 存储数据, 玩家15,从哈哈到高手,49项会员功能6: 1	数据长度是1	数据类型为number
53341, 存储数据, 玩家15,从哈哈到高手,50项会员功能7: 1	数据长度是1	数据类型为number
53341, 存储数据, 玩家15,从哈哈到高手,51项会员功能8: 1	数据长度是1	数据类型为number
53341, 存储数据, 玩家15,从哈哈到高手,52项新商店左侧扩展面板: 1	数据长度是1	数据类型为number
53341, 存储数据, 玩家15,从哈哈到高手,53项新商店上部扩展面板: 1	数据长度是1	数据类型为number
53341, 存储数据, 玩家15,从哈哈到高手,54项新商店购买方式: 0	数据长度是1	数据类型为number
53341, 存储数据, 玩家15,从哈哈到高手,55项新商店商店模式: 1	数据长度是1	数据类型为number
53341, 存储数据, 玩家15,从哈哈到高手,56项预扣血模式: 0	数据长度是1	数据类型为number
53341, 存储数据, 玩家15,从哈哈到高手,57项回城特效: 14	数据长度是8	数据类型为number
138474, 存储数据, 玩家1,唯爱丿吻,1项画质: 1	数据长度是1	数据类型为number
138474, 存储数据, 玩家1,唯爱丿吻,2项滚屏速度: 10	数据长度是8	数据类型为number
138474, 存储数据, 玩家1,唯爱丿吻,3项更新内容面板开关: 1	数据长度是1	数据类型为number
138474, 存储数据, 玩家1,唯爱丿吻,4项游戏版本号: 1696	数据长度是16	数据类型为number
138474, 存储数据, 玩家1,唯爱丿吻,5项语音: 1	数据长度是1	数据类型为number
138474, 存储数据, 玩家1,唯爱丿吻,6项音响: 1	数据长度是1	数据类型为number
138474, 存储数据, 玩家1,唯爱丿吻,7项麦克风: 1	数据长度是1	数据类型为number
138474, 存储数据, 玩家1,唯爱丿吻,8项音响大小: 0	数据长度是8	数据类型为number
138474, 存储数据, 玩家1,唯爱丿吻,9项麦克风大小: 0	数据长度是8	数据类型为number
138474, 存储数据, 玩家1,唯爱丿吻,10项未知: 1	数据长度是1	数据类型为number
138474, 存储数据, 玩家1,唯爱丿吻,11项光照: 97	数据长度是8	数据类型为number
138474, 存储数据, 玩家1,唯爱丿吻,12项新F11面板模式: 0	数据长度是1	数据类型为number
138474, 存储数据, 玩家1,唯爱丿吻,13项血条区分敌我: 1	数据长度是1	数据类型为number
138474, 存储数据, 玩家1,唯爱丿吻,14项快捷键1: 55	数据长度是16	数据类型为number
138474, 存储数据, 玩家1,唯爱丿吻,15项快捷键2: 43	数据长度是16	数据类型为number
138474, 存储数据, 玩家1,唯爱丿吻,16项快捷键3: 61	数据长度是16	数据类型为number
138474, 存储数据, 玩家1,唯爱丿吻,17项快捷键4: 56	数据长度是16	数据类型为number
138474, 存储数据, 玩家1,唯爱丿吻,18项快捷键5: 0	数据长度是16	数据类型为number
138474, 存储数据, 玩家1,唯爱丿吻,19项快捷键6: 0	数据长度是16	数据类型为number
138474, 存储数据, 玩家1,唯爱丿吻,20项快捷键7: 541	数据长度是16	数据类型为number
138474, 存储数据, 玩家1,唯爱丿吻,21项快捷键8: 542	数据长度是16	数据类型为number
138474, 存储数据, 玩家1,唯爱丿吻,22项快捷键9: 543	数据长度是16	数据类型为number
138474, 存储数据, 玩家1,唯爱丿吻,23项快捷键10: 544	数据长度是16	数据类型为number
138474, 存储数据, 玩家1,唯爱丿吻,24项快捷键11: 545	数据长度是16	数据类型为number
138474, 存储数据, 玩家1,唯爱丿吻,25项快捷键12: 546	数据长度是16	数据类型为number
138474, 存储数据, 玩家1,唯爱丿吻,26项快捷键13: 64	数据长度是16	数据类型为number
138474, 存储数据, 玩家1,唯爱丿吻,27项快捷键14: 41	数据长度是16	数据类型为number
138474, 存储数据, 玩家1,唯爱丿吻,28项快捷键15: 62	数据长度是16	数据类型为number
138474, 存储数据, 玩家1,唯爱丿吻,29项快捷键16: 573	数据长度是16	数据类型为number
138474, 存储数据, 玩家1,唯爱丿吻,30项快捷键17: 555	数据长度是16	数据类型为number
138474, 存储数据, 玩家1,唯爱丿吻,31项快捷键18: 568	数据长度是16	数据类型为number
138474, 存储数据, 玩家1,唯爱丿吻,32项是否显示刀光: 1	数据长度是1	数据类型为number
138474, 存储数据, 玩家1,唯爱丿吻,33项显示刀光编号: 4	数据长度是8	数据类型为number
138474, 存储数据, 玩家1,唯爱丿吻,34项不显示翅膀: 1	数据长度是1	数据类型为number
138474, 存储数据, 玩家1,唯爱丿吻,35项显示翅膀编号: 0	数据长度是8	数据类型为number
138474, 存储数据, 玩家1,唯爱丿吻,36项孔明灯: 0	数据长度是8	数据类型为number
138474, 存储数据, 玩家1,唯爱丿吻,37项免控表现: 0	数据长度是8	数据类型为number
138474, 存储数据, 玩家1,唯爱丿吻,38项窗口锁定: 0	数据长度是8	数据类型为number
138474, 存储数据, 玩家1,唯爱丿吻,39项打孔明灯: 0	数据长度是8	数据类型为number
138474, 存储数据, 玩家1,唯爱丿吻,40项小地图头像: 1	数据长度是8	数据类型为number
138474, 存储数据, 玩家1,唯爱丿吻,41项画笔库6: 0	数据长度是8	数据类型为number
138474, 存储数据, 玩家1,唯爱丿吻,42项画笔库7: 0	数据长度是8	数据类型为number
138474, 存储数据, 玩家1,唯爱丿吻,43项画笔库8: 0	数据长度是8	数据类型为number
138474, 存储数据, 玩家1,唯爱丿吻,44项会员功能1: 1	数据长度是1	数据类型为number
138474, 存储数据, 玩家1,唯爱丿吻,45项会员功能2: 1	数据长度是1	数据类型为number
138474, 存储数据, 玩家1,唯爱丿吻,46项会员功能3: 0	数据长度是1	数据类型为number
138474, 存储数据, 玩家1,唯爱丿吻,47项会员功能4: 1	数据长度是1	数据类型为number
138474, 存储数据, 玩家1,唯爱丿吻,48项会员功能5: 1	数据长度是1	数据类型为number
138474, 存储数据, 玩家1,唯爱丿吻,49项会员功能6: 1	数据长度是1	数据类型为number
138474, 存储数据, 玩家1,唯爱丿吻,50项会员功能7: 1	数据长度是1	数据类型为number
138474, 存储数据, 玩家1,唯爱丿吻,51项会员功能8: 1	数据长度是1	数据类型为number
138474, 存储数据, 玩家1,唯爱丿吻,52项新商店左侧扩展面板: 1	数据长度是1	数据类型为number
138474, 存储数据, 玩家1,唯爱丿吻,53项新商店上部扩展面板: 1	数据长度是1	数据类型为number
138474, 存储数据, 玩家1,唯爱丿吻,54项新商店购买方式: 0	数据长度是1	数据类型为number
138474, 存储数据, 玩家1,唯爱丿吻,55项新商店商店模式: 1	数据长度是1	数据类型为number
138474, 存储数据, 玩家1,唯爱丿吻,56项预扣血模式: 0	数据长度是1	数据类型为number
138474, 存储数据, 玩家1,唯爱丿吻,57项回城特效: 0	数据长度是8	数据类型为number
138474, 存储数据, 玩家2,九零後灬小伟,1项画质: 1	数据长度是1	数据类型为number
138474, 存储数据, 玩家2,九零後灬小伟,2项滚屏速度: 41	数据长度是8	数据类型为number
138474, 存储数据, 玩家2,九零後灬小伟,3项更新内容面板开关: 0	数据长度是1	数据类型为number
138474, 存储数据, 玩家2,九零後灬小伟,4项游戏版本号: 1696	数据长度是16	数据类型为number
138474, 存储数据, 玩家2,九零後灬小伟,5项语音: 0	数据长度是1	数据类型为number
138474, 存储数据, 玩家2,九零後灬小伟,6项音响: 0	数据长度是1	数据类型为number
138474, 存储数据, 玩家2,九零後灬小伟,7项麦克风: 0	数据长度是1	数据类型为number
138474, 存储数据, 玩家2,九零後灬小伟,8项音响大小: 0	数据长度是8	数据类型为number
138474, 存储数据, 玩家2,九零後灬小伟,9项麦克风大小: 0	数据长度是8	数据类型为number
138474, 存储数据, 玩家2,九零後灬小伟,10项未知: 1	数据长度是1	数据类型为number
138474, 存储数据, 玩家2,九零後灬小伟,11项光照: 100	数据长度是8	数据类型为number
138474, 存储数据, 玩家2,九零後灬小伟,12项新F11面板模式: 1	数据长度是1	数据类型为number
138474, 存储数据, 玩家2,九零後灬小伟,13项血条区分敌我: 1	数据长度是1	数据类型为number
138474, 存储数据, 玩家2,九零後灬小伟,14项快捷键1: 41	数据长度是16	数据类型为number
138474, 存储数据, 玩家2,九零後灬小伟,15项快捷键2: 43	数据长度是16	数据类型为number
138474, 存储数据, 玩家2,九零後灬小伟,16项快捷键3: 61	数据长度是16	数据类型为number
138474, 存储数据, 玩家2,九零後灬小伟,17项快捷键4: 42	数据长度是16	数据类型为number
138474, 存储数据, 玩家2,九零後灬小伟,18项快捷键5: 56	数据长度是16	数据类型为number
138474, 存储数据, 玩家2,九零後灬小伟,19项快捷键6: 53	数据长度是16	数据类型为number
138474, 存储数据, 玩家2,九零後灬小伟,20项快捷键7: 541	数据长度是16	数据类型为number
138474, 存储数据, 玩家2,九零後灬小伟,21项快捷键8: 542	数据长度是16	数据类型为number
138474, 存储数据, 玩家2,九零後灬小伟,22项快捷键9: 543	数据长度是16	数据类型为number
138474, 存储数据, 玩家2,九零後灬小伟,23项快捷键10: 544	数据长度是16	数据类型为number
138474, 存储数据, 玩家2,九零後灬小伟,24项快捷键11: 545	数据长度是16	数据类型为number
138474, 存储数据, 玩家2,九零後灬小伟,25项快捷键12: 546	数据长度是16	数据类型为number
138474, 存储数据, 玩家2,九零後灬小伟,26项快捷键13: 576	数据长度是16	数据类型为number
138474, 存储数据, 玩家2,九零後灬小伟,27项快捷键14: 574	数据长度是16	数据类型为number
138474, 存储数据, 玩家2,九零後灬小伟,28项快捷键15: 556	数据长度是16	数据类型为number
138474, 存储数据, 玩家2,九零後灬小伟,29项快捷键16: 573	数据长度是16	数据类型为number
138474, 存储数据, 玩家2,九零後灬小伟,30项快捷键17: 555	数据长度是16	数据类型为number
138474, 存储数据, 玩家2,九零後灬小伟,31项快捷键18: 568	数据长度是16	数据类型为number
138474, 存储数据, 玩家2,九零後灬小伟,32项是否显示刀光: 1	数据长度是1	数据类型为number
138474, 存储数据, 玩家2,九零後灬小伟,33项显示刀光编号: 1	数据长度是8	数据类型为number
138474, 存储数据, 玩家2,九零後灬小伟,34项不显示翅膀: 1	数据长度是1	数据类型为number
138474, 存储数据, 玩家2,九零後灬小伟,35项显示翅膀编号: 0	数据长度是8	数据类型为number
138474, 存储数据, 玩家2,九零後灬小伟,36项孔明灯: 0	数据长度是8	数据类型为number
138474, 存储数据, 玩家2,九零後灬小伟,37项免控表现: 0	数据长度是8	数据类型为number
138474, 存储数据, 玩家2,九零後灬小伟,38项窗口锁定: 0	数据长度是8	数据类型为number
138474, 存储数据, 玩家2,九零後灬小伟,39项打孔明灯: 0	数据长度是8	数据类型为number
138474, 存储数据, 玩家2,九零後灬小伟,40项小地图头像: 3	数据长度是8	数据类型为number
138474, 存储数据, 玩家2,九零後灬小伟,41项画笔库6: 0	数据长度是8	数据类型为number
138474, 存储数据, 玩家2,九零後灬小伟,42项画笔库7: 0	数据长度是8	数据类型为number
138474, 存储数据, 玩家2,九零後灬小伟,43项画笔库8: 0	数据长度是8	数据类型为number
138474, 存储数据, 玩家2,九零後灬小伟,44项会员功能1: 1	数据长度是1	数据类型为number
138474, 存储数据, 玩家2,九零後灬小伟,45项会员功能2: 1	数据长度是1	数据类型为number
138474, 存储数据, 玩家2,九零後灬小伟,46项会员功能3: 1	数据长度是1	数据类型为number
138474, 存储数据, 玩家2,九零後灬小伟,47项会员功能4: 1	数据长度是1	数据类型为number
138474, 存储数据, 玩家2,九零後灬小伟,48项会员功能5: 1	数据长度是1	数据类型为number
138474, 存储数据, 玩家2,九零後灬小伟,49项会员功能6: 1	数据长度是1	数据类型为number
138474, 存储数据, 玩家2,九零後灬小伟,50项会员功能7: 1	数据长度是1	数据类型为number
138474, 存储数据, 玩家2,九零後灬小伟,51项会员功能8: 1	数据长度是1	数据类型为number
138474, 存储数据, 玩家2,九零後灬小伟,52项新商店左侧扩展面板: 1	数据长度是1	数据类型为number
138474, 存储数据, 玩家2,九零後灬小伟,53项新商店上部扩展面板: 1	数据长度是1	数据类型为number
138474, 存储数据, 玩家2,九零後灬小伟,54项新商店购买方式: 0	数据长度是1	数据类型为number
138474, 存储数据, 玩家2,九零後灬小伟,55项新商店商店模式: 1	数据长度是1	数据类型为number
138474, 存储数据, 玩家2,九零後灬小伟,56项预扣血模式: 0	数据长度是1	数据类型为number
138474, 存储数据, 玩家2,九零後灬小伟,57项回城特效: 0	数据长度是8	数据类型为number
138474, 存储数据, 玩家3,q秋月私语,1项画质: 1	数据长度是1	数据类型为number
138474, 存储数据, 玩家3,q秋月私语,2项滚屏速度: 26	数据长度是8	数据类型为number
138474, 存储数据, 玩家3,q秋月私语,3项更新内容面板开关: 0	数据长度是1	数据类型为number
138474, 存储数据, 玩家3,q秋月私语,4项游戏版本号: 1696	数据长度是16	数据类型为number
138474, 存储数据, 玩家3,q秋月私语,5项语音: 0	数据长度是1	数据类型为number
138474, 存储数据, 玩家3,q秋月私语,6项音响: 0	数据长度是1	数据类型为number
138474, 存储数据, 玩家3,q秋月私语,7项麦克风: 0	数据长度是1	数据类型为number
138474, 存储数据, 玩家3,q秋月私语,8项音响大小: 0	数据长度是8	数据类型为number
138474, 存储数据, 玩家3,q秋月私语,9项麦克风大小: 0	数据长度是8	数据类型为number
138474, 存储数据, 玩家3,q秋月私语,10项未知: 1	数据长度是1	数据类型为number
138474, 存储数据, 玩家3,q秋月私语,11项光照: 99	数据长度是8	数据类型为number
138474, 存储数据, 玩家3,q秋月私语,12项新F11面板模式: 1	数据长度是1	数据类型为number
138474, 存储数据, 玩家3,q秋月私语,13项血条区分敌我: 1	数据长度是1	数据类型为number
138474, 存储数据, 玩家3,q秋月私语,14项快捷键1: 41	数据长度是16	数据类型为number
138474, 存储数据, 玩家3,q秋月私语,15项快捷键2: 43	数据长度是16	数据类型为number
138474, 存储数据, 玩家3,q秋月私语,16项快捷键3: 61	数据长度是16	数据类型为number
138474, 存储数据, 玩家3,q秋月私语,17项快捷键4: 42	数据长度是16	数据类型为number
138474, 存储数据, 玩家3,q秋月私语,18项快捷键5: 0	数据长度是16	数据类型为number
138474, 存储数据, 玩家3,q秋月私语,19项快捷键6: 53	数据长度是16	数据类型为number
138474, 存储数据, 玩家3,q秋月私语,20项快捷键7: 64	数据长度是16	数据类型为number
138474, 存储数据, 玩家3,q秋月私语,21项快捷键8: 62	数据长度是16	数据类型为number
138474, 存储数据, 玩家3,q秋月私语,22项快捷键9: 44	数据长度是16	数据类型为number
138474, 存储数据, 玩家3,q秋月私语,23项快捷键10: 56	数据长度是16	数据类型为number
138474, 存储数据, 玩家3,q秋月私语,24项快捷键11: 45	数据长度是16	数据类型为number
138474, 存储数据, 玩家3,q秋月私语,25项快捷键12: 55	数据长度是16	数据类型为number
138474, 存储数据, 玩家3,q秋月私语,26项快捷键13: 0	数据长度是16	数据类型为number
138474, 存储数据, 玩家3,q秋月私语,27项快捷键14: 0	数据长度是16	数据类型为number
138474, 存储数据, 玩家3,q秋月私语,28项快捷键15: 549	数据长度是16	数据类型为number
138474, 存储数据, 玩家3,q秋月私语,29项快捷键16: 573	数据长度是16	数据类型为number
138474, 存储数据, 玩家3,q秋月私语,30项快捷键17: 555	数据长度是16	数据类型为number
138474, 存储数据, 玩家3,q秋月私语,31项快捷键18: 568	数据长度是16	数据类型为number
138474, 存储数据, 玩家3,q秋月私语,32项是否显示刀光: 1	数据长度是1	数据类型为number
138474, 存储数据, 玩家3,q秋月私语,33项显示刀光编号: 4	数据长度是8	数据类型为number
138474, 存储数据, 玩家3,q秋月私语,34项不显示翅膀: 0	数据长度是1	数据类型为number
138474, 存储数据, 玩家3,q秋月私语,35项显示翅膀编号: 2	数据长度是8	数据类型为number
138474, 存储数据, 玩家3,q秋月私语,36项孔明灯: 0	数据长度是8	数据类型为number
138474, 存储数据, 玩家3,q秋月私语,37项免控表现: 1	数据长度是8	数据类型为number
138474, 存储数据, 玩家3,q秋月私语,38项窗口锁定: 0	数据长度是8	数据类型为number
138474, 存储数据, 玩家3,q秋月私语,39项打孔明灯: 0	数据长度是8	数据类型为number
138474, 存储数据, 玩家3,q秋月私语,40项小地图头像: 0	数据长度是8	数据类型为number
138474, 存储数据, 玩家3,q秋月私语,41项画笔库6: 0	数据长度是8	数据类型为number
138474, 存储数据, 玩家3,q秋月私语,42项画笔库7: 0	数据长度是8	数据类型为number
138474, 存储数据, 玩家3,q秋月私语,43项画笔库8: 0	数据长度是8	数据类型为number
138474, 存储数据, 玩家3,q秋月私语,44项会员功能1: 1	数据长度是1	数据类型为number
138474, 存储数据, 玩家3,q秋月私语,45项会员功能2: 1	数据长度是1	数据类型为number
138474, 存储数据, 玩家3,q秋月私语,46项会员功能3: 1	数据长度是1	数据类型为number
138474, 存储数据, 玩家3,q秋月私语,47项会员功能4: 1	数据长度是1	数据类型为number
138474, 存储数据, 玩家3,q秋月私语,48项会员功能5: 0	数据长度是1	数据类型为number
138474, 存储数据, 玩家3,q秋月私语,49项会员功能6: 1	数据长度是1	数据类型为number
138474, 存储数据, 玩家3,q秋月私语,50项会员功能7: 1	数据长度是1	数据类型为number
138474, 存储数据, 玩家3,q秋月私语,51项会员功能8: 1	数据长度是1	数据类型为number
138474, 存储数据, 玩家3,q秋月私语,52项新商店左侧扩展面板: 1	数据长度是1	数据类型为number
138474, 存储数据, 玩家3,q秋月私语,53项新商店上部扩展面板: 1	数据长度是1	数据类型为number
138474, 存储数据, 玩家3,q秋月私语,54项新商店购买方式: 0	数据长度是1	数据类型为number
138474, 存储数据, 玩家3,q秋月私语,55项新商店商店模式: 1	数据长度是1	数据类型为number
138474, 存储数据, 玩家3,q秋月私语,56项预扣血模式: 0	数据长度是1	数据类型为number
138474, 存储数据, 玩家3,q秋月私语,57项回城特效: 0	数据长度是8	数据类型为number
138474, 存储数据, 玩家4,没有我不服,1项画质: 1	数据长度是1	数据类型为number
138474, 存储数据, 玩家4,没有我不服,2项滚屏速度: 20	数据长度是8	数据类型为number
138474, 存储数据, 玩家4,没有我不服,3项更新内容面板开关: 0	数据长度是1	数据类型为number
138474, 存储数据, 玩家4,没有我不服,4项游戏版本号: 1696	数据长度是16	数据类型为number
138474, 存储数据, 玩家4,没有我不服,5项语音: 0	数据长度是1	数据类型为number
138474, 存储数据, 玩家4,没有我不服,6项音响: 0	数据长度是1	数据类型为number
138474, 存储数据, 玩家4,没有我不服,7项麦克风: 0	数据长度是1	数据类型为number
138474, 存储数据, 玩家4,没有我不服,8项音响大小: 0	数据长度是8	数据类型为number
138474, 存储数据, 玩家4,没有我不服,9项麦克风大小: 0	数据长度是8	数据类型为number
138474, 存储数据, 玩家4,没有我不服,10项未知: 1	数据长度是1	数据类型为number
138474, 存储数据, 玩家4,没有我不服,11项光照: 99	数据长度是8	数据类型为number
138474, 存储数据, 玩家4,没有我不服,12项新F11面板模式: 1	数据长度是1	数据类型为number
138474, 存储数据, 玩家4,没有我不服,13项血条区分敌我: 1	数据长度是1	数据类型为number
138474, 存储数据, 玩家4,没有我不服,14项快捷键1: 41	数据长度是16	数据类型为number
138474, 存储数据, 玩家4,没有我不服,15项快捷键2: 43	数据长度是16	数据类型为number
138474, 存储数据, 玩家4,没有我不服,16项快捷键3: 61	数据长度是16	数据类型为number
138474, 存储数据, 玩家4,没有我不服,17项快捷键4: 42	数据长度是16	数据类型为number
138474, 存储数据, 玩家4,没有我不服,18项快捷键5: 56	数据长度是16	数据类型为number
138474, 存储数据, 玩家4,没有我不服,19项快捷键6: 53	数据长度是16	数据类型为number
138474, 存储数据, 玩家4,没有我不服,20项快捷键7: 541	数据长度是16	数据类型为number
138474, 存储数据, 玩家4,没有我不服,21项快捷键8: 542	数据长度是16	数据类型为number
138474, 存储数据, 玩家4,没有我不服,22项快捷键9: 543	数据长度是16	数据类型为number
138474, 存储数据, 玩家4,没有我不服,23项快捷键10: 544	数据长度是16	数据类型为number
138474, 存储数据, 玩家4,没有我不服,24项快捷键11: 545	数据长度是16	数据类型为number
138474, 存储数据, 玩家4,没有我不服,25项快捷键12: 546	数据长度是16	数据类型为number
138474, 存储数据, 玩家4,没有我不服,26项快捷键13: 547	数据长度是16	数据类型为number
138474, 存储数据, 玩家4,没有我不服,27项快捷键14: 548	数据长度是16	数据类型为number
138474, 存储数据, 玩家4,没有我不服,28项快捷键15: 549	数据长度是16	数据类型为number
138474, 存储数据, 玩家4,没有我不服,29项快捷键16: 573	数据长度是16	数据类型为number
138474, 存储数据, 玩家4,没有我不服,30项快捷键17: 555	数据长度是16	数据类型为number
138474, 存储数据, 玩家4,没有我不服,31项快捷键18: 568	数据长度是16	数据类型为number
138474, 存储数据, 玩家4,没有我不服,32项是否显示刀光: 1	数据长度是1	数据类型为number
138474, 存储数据, 玩家4,没有我不服,33项显示刀光编号: 8	数据长度是8	数据类型为number
138474, 存储数据, 玩家4,没有我不服,34项不显示翅膀: 0	数据长度是1	数据类型为number
138474, 存储数据, 玩家4,没有我不服,35项显示翅膀编号: 2	数据长度是8	数据类型为number
138474, 存储数据, 玩家4,没有我不服,36项孔明灯: 0	数据长度是8	数据类型为number
138474, 存储数据, 玩家4,没有我不服,37项免控表现: 1	数据长度是8	数据类型为number
138474, 存储数据, 玩家4,没有我不服,38项窗口锁定: 0	数据长度是8	数据类型为number
138474, 存储数据, 玩家4,没有我不服,39项打孔明灯: 0	数据长度是8	数据类型为number
138474, 存储数据, 玩家4,没有我不服,40项小地图头像: 3	数据长度是8	数据类型为number
138474, 存储数据, 玩家4,没有我不服,41项画笔库6: 0	数据长度是8	数据类型为number
138474, 存储数据, 玩家4,没有我不服,42项画笔库7: 0	数据长度是8	数据类型为number
138474, 存储数据, 玩家4,没有我不服,43项画笔库8: 0	数据长度是8	数据类型为number
138474, 存储数据, 玩家4,没有我不服,44项会员功能1: 1	数据长度是1	数据类型为number
138474, 存储数据, 玩家4,没有我不服,45项会员功能2: 1	数据长度是1	数据类型为number
138474, 存储数据, 玩家4,没有我不服,46项会员功能3: 1	数据长度是1	数据类型为number
138474, 存储数据, 玩家4,没有我不服,47项会员功能4: 1	数据长度是1	数据类型为number
138474, 存储数据, 玩家4,没有我不服,48项会员功能5: 1	数据长度是1	数据类型为number
138474, 存储数据, 玩家4,没有我不服,49项会员功能6: 1	数据长度是1	数据类型为number
138474, 存储数据, 玩家4,没有我不服,50项会员功能7: 1	数据长度是1	数据类型为number
138474, 存储数据, 玩家4,没有我不服,51项会员功能8: 1	数据长度是1	数据类型为number
138474, 存储数据, 玩家4,没有我不服,52项新商店左侧扩展面板: 1	数据长度是1	数据类型为number
138474, 存储数据, 玩家4,没有我不服,53项新商店上部扩展面板: 1	数据长度是1	数据类型为number
138474, 存储数据, 玩家4,没有我不服,54项新商店购买方式: 0	数据长度是1	数据类型为number
138474, 存储数据, 玩家4,没有我不服,55项新商店商店模式: 0	数据长度是1	数据类型为number
138474, 存储数据, 玩家4,没有我不服,56项预扣血模式: 0	数据长度是1	数据类型为number
138474, 存储数据, 玩家4,没有我不服,57项回城特效: 0	数据长度是8	数据类型为number
138474, 存储数据, 玩家5,妞丿想哥没,1项画质: 1	数据长度是1	数据类型为number
138474, 存储数据, 玩家5,妞丿想哥没,2项滚屏速度: 14	数据长度是8	数据类型为number
138474, 存储数据, 玩家5,妞丿想哥没,3项更新内容面板开关: 0	数据长度是1	数据类型为number
138474, 存储数据, 玩家5,妞丿想哥没,4项游戏版本号: 1696	数据长度是16	数据类型为number
138474, 存储数据, 玩家5,妞丿想哥没,5项语音: 0	数据长度是1	数据类型为number
138474, 存储数据, 玩家5,妞丿想哥没,6项音响: 0	数据长度是1	数据类型为number
138474, 存储数据, 玩家5,妞丿想哥没,7项麦克风: 0	数据长度是1	数据类型为number
138474, 存储数据, 玩家5,妞丿想哥没,8项音响大小: 0	数据长度是8	数据类型为number
138474, 存储数据, 玩家5,妞丿想哥没,9项麦克风大小: 0	数据长度是8	数据类型为number
138474, 存储数据, 玩家5,妞丿想哥没,10项未知: 1	数据长度是1	数据类型为number
138474, 存储数据, 玩家5,妞丿想哥没,11项光照: 99	数据长度是8	数据类型为number
138474, 存储数据, 玩家5,妞丿想哥没,12项新F11面板模式: 1	数据长度是1	数据类型为number
138474, 存储数据, 玩家5,妞丿想哥没,13项血条区分敌我: 1	数据长度是1	数据类型为number
138474, 存储数据, 玩家5,妞丿想哥没,14项快捷键1: 41	数据长度是16	数据类型为number
138474, 存储数据, 玩家5,妞丿想哥没,15项快捷键2: 43	数据长度是16	数据类型为number
138474, 存储数据, 玩家5,妞丿想哥没,16项快捷键3: 61	数据长度是16	数据类型为number
138474, 存储数据, 玩家5,妞丿想哥没,17项快捷键4: 42	数据长度是16	数据类型为number
138474, 存储数据, 玩家5,妞丿想哥没,18项快捷键5: 56	数据长度是16	数据类型为number
138474, 存储数据, 玩家5,妞丿想哥没,19项快捷键6: 53	数据长度是16	数据类型为number
138474, 存储数据, 玩家5,妞丿想哥没,20项快捷键7: 541	数据长度是16	数据类型为number
138474, 存储数据, 玩家5,妞丿想哥没,21项快捷键8: 542	数据长度是16	数据类型为number
138474, 存储数据, 玩家5,妞丿想哥没,22项快捷键9: 543	数据长度是16	数据类型为number
138474, 存储数据, 玩家5,妞丿想哥没,23项快捷键10: 544	数据长度是16	数据类型为number
138474, 存储数据, 玩家5,妞丿想哥没,24项快捷键11: 545	数据长度是16	数据类型为number
138474, 存储数据, 玩家5,妞丿想哥没,25项快捷键12: 546	数据长度是16	数据类型为number
138474, 存储数据, 玩家5,妞丿想哥没,26项快捷键13: 547	数据长度是16	数据类型为number
138474, 存储数据, 玩家5,妞丿想哥没,27项快捷键14: 548	数据长度是16	数据类型为number
138474, 存储数据, 玩家5,妞丿想哥没,28项快捷键15: 549	数据长度是16	数据类型为number
138474, 存储数据, 玩家5,妞丿想哥没,29项快捷键16: 573	数据长度是16	数据类型为number
138474, 存储数据, 玩家5,妞丿想哥没,30项快捷键17: 555	数据长度是16	数据类型为number
138474, 存储数据, 玩家5,妞丿想哥没,31项快捷键18: 568	数据长度是16	数据类型为number
138474, 存储数据, 玩家5,妞丿想哥没,32项是否显示刀光: 1	数据长度是1	数据类型为number
138474, 存储数据, 玩家5,妞丿想哥没,33项显示刀光编号: 14	数据长度是8	数据类型为number
138474, 存储数据, 玩家5,妞丿想哥没,34项不显示翅膀: 0	数据长度是1	数据类型为number
138474, 存储数据, 玩家5,妞丿想哥没,35项显示翅膀编号: 3	数据长度是8	数据类型为number
138474, 存储数据, 玩家5,妞丿想哥没,36项孔明灯: 0	数据长度是8	数据类型为number
138474, 存储数据, 玩家5,妞丿想哥没,37项免控表现: 0	数据长度是8	数据类型为number
138474, 存储数据, 玩家5,妞丿想哥没,38项窗口锁定: 0	数据长度是8	数据类型为number
138474, 存储数据, 玩家5,妞丿想哥没,39项打孔明灯: 0	数据长度是8	数据类型为number
138474, 存储数据, 玩家5,妞丿想哥没,40项小地图头像: 0	数据长度是8	数据类型为number
138474, 存储数据, 玩家5,妞丿想哥没,41项画笔库6: 0	数据长度是8	数据类型为number
138474, 存储数据, 玩家5,妞丿想哥没,42项画笔库7: 0	数据长度是8	数据类型为number
138474, 存储数据, 玩家5,妞丿想哥没,43项画笔库8: 0	数据长度是8	数据类型为number
138474, 存储数据, 玩家5,妞丿想哥没,44项会员功能1: 0	数据长度是1	数据类型为number
138474, 存储数据, 玩家5,妞丿想哥没,45项会员功能2: 1	数据长度是1	数据类型为number
138474, 存储数据, 玩家5,妞丿想哥没,46项会员功能3: 0	数据长度是1	数据类型为number
138474, 存储数据, 玩家5,妞丿想哥没,47项会员功能4: 1	数据长度是1	数据类型为number
138474, 存储数据, 玩家5,妞丿想哥没,48项会员功能5: 1	数据长度是1	数据类型为number
138474, 存储数据, 玩家5,妞丿想哥没,49项会员功能6: 1	数据长度是1	数据类型为number
138474, 存储数据, 玩家5,妞丿想哥没,50项会员功能7: 1	数据长度是1	数据类型为number
138474, 存储数据, 玩家5,妞丿想哥没,51项会员功能8: 1	数据长度是1	数据类型为number
138474, 存储数据, 玩家5,妞丿想哥没,52项新商店左侧扩展面板: 1	数据长度是1	数据类型为number
138474, 存储数据, 玩家5,妞丿想哥没,53项新商店上部扩展面板: 1	数据长度是1	数据类型为number
138474, 存储数据, 玩家5,妞丿想哥没,54项新商店购买方式: 0	数据长度是1	数据类型为number
138474, 存储数据, 玩家5,妞丿想哥没,55项新商店商店模式: 1	数据长度是1	数据类型为number
138474, 存储数据, 玩家5,妞丿想哥没,56项预扣血模式: 0	数据长度是1	数据类型为number
138474, 存储数据, 玩家5,妞丿想哥没,57项回城特效: 2	数据长度是8	数据类型为number
138474, 存储数据, 玩家6,lin1062648530,1项画质: 1	数据长度是1	数据类型为number
138474, 存储数据, 玩家6,lin1062648530,2项滚屏速度: 13	数据长度是8	数据类型为number
138474, 存储数据, 玩家6,lin1062648530,3项更新内容面板开关: 0	数据长度是1	数据类型为number
138474, 存储数据, 玩家6,lin1062648530,4项游戏版本号: 1696	数据长度是16	数据类型为number
138474, 存储数据, 玩家6,lin1062648530,5项语音: 0	数据长度是1	数据类型为number
138474, 存储数据, 玩家6,lin1062648530,6项音响: 0	数据长度是1	数据类型为number
138474, 存储数据, 玩家6,lin1062648530,7项麦克风: 0	数据长度是1	数据类型为number
138474, 存储数据, 玩家6,lin1062648530,8项音响大小: 0	数据长度是8	数据类型为number
138474, 存储数据, 玩家6,lin1062648530,9项麦克风大小: 0	数据长度是8	数据类型为number
138474, 存储数据, 玩家6,lin1062648530,10项未知: 1	数据长度是1	数据类型为number
138474, 存储数据, 玩家6,lin1062648530,11项光照: 100	数据长度是8	数据类型为number
138474, 存储数据, 玩家6,lin1062648530,12项新F11面板模式: 0	数据长度是1	数据类型为number
138474, 存储数据, 玩家6,lin1062648530,13项血条区分敌我: 0	数据长度是1	数据类型为number
138474, 存储数据, 玩家6,lin1062648530,14项快捷键1: 41	数据长度是16	数据类型为number
138474, 存储数据, 玩家6,lin1062648530,15项快捷键2: 43	数据长度是16	数据类型为number
138474, 存储数据, 玩家6,lin1062648530,16项快捷键3: 61	数据长度是16	数据类型为number
138474, 存储数据, 玩家6,lin1062648530,17项快捷键4: 42	数据长度是16	数据类型为number
138474, 存储数据, 玩家6,lin1062648530,18项快捷键5: 56	数据长度是16	数据类型为number
138474, 存储数据, 玩家6,lin1062648530,19项快捷键6: 53	数据长度是16	数据类型为number
138474, 存储数据, 玩家6,lin1062648530,20项快捷键7: 541	数据长度是16	数据类型为number
138474, 存储数据, 玩家6,lin1062648530,21项快捷键8: 542	数据长度是16	数据类型为number
138474, 存储数据, 玩家6,lin1062648530,22项快捷键9: 543	数据长度是16	数据类型为number
138474, 存储数据, 玩家6,lin1062648530,23项快捷键10: 544	数据长度是16	数据类型为number
138474, 存储数据, 玩家6,lin1062648530,24项快捷键11: 545	数据长度是16	数据类型为number
138474, 存储数据, 玩家6,lin1062648530,25项快捷键12: 546	数据长度是16	数据类型为number
138474, 存储数据, 玩家6,lin1062648530,26项快捷键13: 547	数据长度是16	数据类型为number
138474, 存储数据, 玩家6,lin1062648530,27项快捷键14: 548	数据长度是16	数据类型为number
138474, 存储数据, 玩家6,lin1062648530,28项快捷键15: 549	数据长度是16	数据类型为number
138474, 存储数据, 玩家6,lin1062648530,29项快捷键16: 573	数据长度是16	数据类型为number
138474, 存储数据, 玩家6,lin1062648530,30项快捷键17: 555	数据长度是16	数据类型为number
138474, 存储数据, 玩家6,lin1062648530,31项快捷键18: 568	数据长度是16	数据类型为number
138474, 存储数据, 玩家6,lin1062648530,32项是否显示刀光: 1	数据长度是1	数据类型为number
138474, 存储数据, 玩家6,lin1062648530,33项显示刀光编号: 14	数据长度是8	数据类型为number
138474, 存储数据, 玩家6,lin1062648530,34项不显示翅膀: 0	数据长度是1	数据类型为number
138474, 存储数据, 玩家6,lin1062648530,35项显示翅膀编号: 5	数据长度是8	数据类型为number
138474, 存储数据, 玩家6,lin1062648530,36项孔明灯: 0	数据长度是8	数据类型为number
138474, 存储数据, 玩家6,lin1062648530,37项免控表现: 0	数据长度是8	数据类型为number
138474, 存储数据, 玩家6,lin1062648530,38项窗口锁定: 0	数据长度是8	数据类型为number
138474, 存储数据, 玩家6,lin1062648530,39项打孔明灯: 0	数据长度是8	数据类型为number
138474, 存储数据, 玩家6,lin1062648530,40项小地图头像: 3	数据长度是8	数据类型为number
138474, 存储数据, 玩家6,lin1062648530,41项画笔库6: 0	数据长度是8	数据类型为number
138474, 存储数据, 玩家6,lin1062648530,42项画笔库7: 0	数据长度是8	数据类型为number
138474, 存储数据, 玩家6,lin1062648530,43项画笔库8: 0	数据长度是8	数据类型为number
138474, 存储数据, 玩家6,lin1062648530,44项会员功能1: 1	数据长度是1	数据类型为number
138474, 存储数据, 玩家6,lin1062648530,45项会员功能2: 1	数据长度是1	数据类型为number
138474, 存储数据, 玩家6,lin1062648530,46项会员功能3: 1	数据长度是1	数据类型为number
138474, 存储数据, 玩家6,lin1062648530,47项会员功能4: 1	数据长度是1	数据类型为number
138474, 存储数据, 玩家6,lin1062648530,48项会员功能5: 1	数据长度是1	数据类型为number
138474, 存储数据, 玩家6,lin1062648530,49项会员功能6: 1	数据长度是1	数据类型为number
138474, 存储数据, 玩家6,lin1062648530,50项会员功能7: 1	数据长度是1	数据类型为number
138474, 存储数据, 玩家6,lin1062648530,51项会员功能8: 1	数据长度是1	数据类型为number
138474, 存储数据, 玩家6,lin1062648530,52项新商店左侧扩展面板: 1	数据长度是1	数据类型为number
138474, 存储数据, 玩家6,lin1062648530,53项新商店上部扩展面板: 1	数据长度是1	数据类型为number
138474, 存储数据, 玩家6,lin1062648530,54项新商店购买方式: 0	数据长度是1	数据类型为number
138474, 存储数据, 玩家6,lin1062648530,55项新商店商店模式: 0	数据长度是1	数据类型为number
138474, 存储数据, 玩家6,lin1062648530,56项预扣血模式: 0	数据长度是1	数据类型为number
138474, 存储数据, 玩家6,lin1062648530,57项回城特效: 5	数据长度是8	数据类型为number
138474, 存储数据, 玩家7,犀利哥丨钱多多,1项画质: 1	数据长度是1	数据类型为number
138474, 存储数据, 玩家7,犀利哥丨钱多多,2项滚屏速度: 23	数据长度是8	数据类型为number
138474, 存储数据, 玩家7,犀利哥丨钱多多,3项更新内容面板开关: 0	数据长度是1	数据类型为number
138474, 存储数据, 玩家7,犀利哥丨钱多多,4项游戏版本号: 1696	数据长度是16	数据类型为number
138474, 存储数据, 玩家7,犀利哥丨钱多多,5项语音: 0	数据长度是1	数据类型为number
138474, 存储数据, 玩家7,犀利哥丨钱多多,6项音响: 0	数据长度是1	数据类型为number
138474, 存储数据, 玩家7,犀利哥丨钱多多,7项麦克风: 0	数据长度是1	数据类型为number
138474, 存储数据, 玩家7,犀利哥丨钱多多,8项音响大小: 0	数据长度是8	数据类型为number
138474, 存储数据, 玩家7,犀利哥丨钱多多,9项麦克风大小: 0	数据长度是8	数据类型为number
138474, 存储数据, 玩家7,犀利哥丨钱多多,10项未知: 0	数据长度是1	数据类型为number
138474, 存储数据, 玩家7,犀利哥丨钱多多,11项光照: 99	数据长度是8	数据类型为number
138474, 存储数据, 玩家7,犀利哥丨钱多多,12项新F11面板模式: 1	数据长度是1	数据类型为number
138474, 存储数据, 玩家7,犀利哥丨钱多多,13项血条区分敌我: 1	数据长度是1	数据类型为number
138474, 存储数据, 玩家7,犀利哥丨钱多多,14项快捷键1: 41	数据长度是16	数据类型为number
138474, 存储数据, 玩家7,犀利哥丨钱多多,15项快捷键2: 43	数据长度是16	数据类型为number
138474, 存储数据, 玩家7,犀利哥丨钱多多,16项快捷键3: 61	数据长度是16	数据类型为number
138474, 存储数据, 玩家7,犀利哥丨钱多多,17项快捷键4: 42	数据长度是16	数据类型为number
138474, 存储数据, 玩家7,犀利哥丨钱多多,18项快捷键5: 0	数据长度是16	数据类型为number
138474, 存储数据, 玩家7,犀利哥丨钱多多,19项快捷键6: 53	数据长度是16	数据类型为number
138474, 存储数据, 玩家7,犀利哥丨钱多多,20项快捷键7: 541	数据长度是16	数据类型为number
138474, 存储数据, 玩家7,犀利哥丨钱多多,21项快捷键8: 44	数据长度是16	数据类型为number
138474, 存储数据, 玩家7,犀利哥丨钱多多,22项快捷键9: 56	数据长度是16	数据类型为number
138474, 存储数据, 玩家7,犀利哥丨钱多多,23项快捷键10: 544	数据长度是16	数据类型为number
138474, 存储数据, 玩家7,犀利哥丨钱多多,24项快捷键11: 545	数据长度是16	数据类型为number
138474, 存储数据, 玩家7,犀利哥丨钱多多,25项快捷键12: 546	数据长度是16	数据类型为number
138474, 存储数据, 玩家7,犀利哥丨钱多多,26项快捷键13: 547	数据长度是16	数据类型为number
138474, 存储数据, 玩家7,犀利哥丨钱多多,27项快捷键14: 548	数据长度是16	数据类型为number
138474, 存储数据, 玩家7,犀利哥丨钱多多,28项快捷键15: 549	数据长度是16	数据类型为number
138474, 存储数据, 玩家7,犀利哥丨钱多多,29项快捷键16: 573	数据长度是16	数据类型为number
138474, 存储数据, 玩家7,犀利哥丨钱多多,30项快捷键17: 555	数据长度是16	数据类型为number
138474, 存储数据, 玩家7,犀利哥丨钱多多,31项快捷键18: 568	数据长度是16	数据类型为number
138474, 存储数据, 玩家7,犀利哥丨钱多多,32项是否显示刀光: 1	数据长度是1	数据类型为number
138474, 存储数据, 玩家7,犀利哥丨钱多多,33项显示刀光编号: 12	数据长度是8	数据类型为number
138474, 存储数据, 玩家7,犀利哥丨钱多多,34项不显示翅膀: 1	数据长度是1	数据类型为number
138474, 存储数据, 玩家7,犀利哥丨钱多多,35项显示翅膀编号: 0	数据长度是8	数据类型为number
138474, 存储数据, 玩家7,犀利哥丨钱多多,36项孔明灯: 0	数据长度是8	数据类型为number
138474, 存储数据, 玩家7,犀利哥丨钱多多,37项免控表现: 0	数据长度是8	数据类型为number
138474, 存储数据, 玩家7,犀利哥丨钱多多,38项窗口锁定: 0	数据长度是8	数据类型为number
138474, 存储数据, 玩家7,犀利哥丨钱多多,39项打孔明灯: 0	数据长度是8	数据类型为number
138474, 存储数据, 玩家7,犀利哥丨钱多多,40项小地图头像: 0	数据长度是8	数据类型为number
138474, 存储数据, 玩家7,犀利哥丨钱多多,41项画笔库6: 0	数据长度是8	数据类型为number
138474, 存储数据, 玩家7,犀利哥丨钱多多,42项画笔库7: 0	数据长度是8	数据类型为number
138474, 存储数据, 玩家7,犀利哥丨钱多多,43项画笔库8: 0	数据长度是8	数据类型为number
138474, 存储数据, 玩家7,犀利哥丨钱多多,44项会员功能1: 1	数据长度是1	数据类型为number
138474, 存储数据, 玩家7,犀利哥丨钱多多,45项会员功能2: 1	数据长度是1	数据类型为number
138474, 存储数据, 玩家7,犀利哥丨钱多多,46项会员功能3: 1	数据长度是1	数据类型为number
138474, 存储数据, 玩家7,犀利哥丨钱多多,47项会员功能4: 1	数据长度是1	数据类型为number
138474, 存储数据, 玩家7,犀利哥丨钱多多,48项会员功能5: 1	数据长度是1	数据类型为number
138474, 存储数据, 玩家7,犀利哥丨钱多多,49项会员功能6: 1	数据长度是1	数据类型为number
138474, 存储数据, 玩家7,犀利哥丨钱多多,50项会员功能7: 1	数据长度是1	数据类型为number
138474, 存储数据, 玩家7,犀利哥丨钱多多,51项会员功能8: 1	数据长度是1	数据类型为number
138474, 存储数据, 玩家7,犀利哥丨钱多多,52项新商店左侧扩展面板: 1	数据长度是1	数据类型为number
138474, 存储数据, 玩家7,犀利哥丨钱多多,53项新商店上部扩展面板: 1	数据长度是1	数据类型为number
138474, 存储数据, 玩家7,犀利哥丨钱多多,54项新商店购买方式: 0	数据长度是1	数据类型为number
138474, 存储数据, 玩家7,犀利哥丨钱多多,55项新商店商店模式: 0	数据长度是1	数据类型为number
138474, 存储数据, 玩家7,犀利哥丨钱多多,56项预扣血模式: 0	数据长度是1	数据类型为number
138474, 存储数据, 玩家7,犀利哥丨钱多多,57项回城特效: 5	数据长度是8	数据类型为number
138474, 存储数据, 玩家8,不爱破c丶,1项画质: 1	数据长度是1	数据类型为number
138474, 存储数据, 玩家8,不爱破c丶,2项滚屏速度: 32	数据长度是8	数据类型为number
138474, 存储数据, 玩家8,不爱破c丶,3项更新内容面板开关: 0	数据长度是1	数据类型为number
138474, 存储数据, 玩家8,不爱破c丶,4项游戏版本号: 1696	数据长度是16	数据类型为number
138474, 存储数据, 玩家8,不爱破c丶,5项语音: 0	数据长度是1	数据类型为number
138474, 存储数据, 玩家8,不爱破c丶,6项音响: 1	数据长度是1	数据类型为number
138474, 存储数据, 玩家8,不爱破c丶,7项麦克风: 0	数据长度是1	数据类型为number
138474, 存储数据, 玩家8,不爱破c丶,8项音响大小: 1	数据长度是8	数据类型为number
138474, 存储数据, 玩家8,不爱破c丶,9项麦克风大小: 0	数据长度是8	数据类型为number
138474, 存储数据, 玩家8,不爱破c丶,10项未知: 0	数据长度是1	数据类型为number
138474, 存储数据, 玩家8,不爱破c丶,11项光照: 100	数据长度是8	数据类型为number
138474, 存储数据, 玩家8,不爱破c丶,12项新F11面板模式: 1	数据长度是1	数据类型为number
138474, 存储数据, 玩家8,不爱破c丶,13项血条区分敌我: 1	数据长度是1	数据类型为number
138474, 存储数据, 玩家8,不爱破c丶,14项快捷键1: 41	数据长度是16	数据类型为number
138474, 存储数据, 玩家8,不爱破c丶,15项快捷键2: 43	数据长度是16	数据类型为number
138474, 存储数据, 玩家8,不爱破c丶,16项快捷键3: 0	数据长度是16	数据类型为number
138474, 存储数据, 玩家8,不爱破c丶,17项快捷键4: 42	数据长度是16	数据类型为number
138474, 存储数据, 玩家8,不爱破c丶,18项快捷键5: 0	数据长度是16	数据类型为number
138474, 存储数据, 玩家8,不爱破c丶,19项快捷键6: 53	数据长度是16	数据类型为number
138474, 存储数据, 玩家8,不爱破c丶,20项快捷键7: 56	数据长度是16	数据类型为number
138474, 存储数据, 玩家8,不爱破c丶,21项快捷键8: 61	数据长度是16	数据类型为number
138474, 存储数据, 玩家8,不爱破c丶,22项快捷键9: 64	数据长度是16	数据类型为number
138474, 存储数据, 玩家8,不爱破c丶,23项快捷键10: 544	数据长度是16	数据类型为number
138474, 存储数据, 玩家8,不爱破c丶,24项快捷键11: 545	数据长度是16	数据类型为number
138474, 存储数据, 玩家8,不爱破c丶,25项快捷键12: 546	数据长度是16	数据类型为number
138474, 存储数据, 玩家8,不爱破c丶,26项快捷键13: 547	数据长度是16	数据类型为number
138474, 存储数据, 玩家8,不爱破c丶,27项快捷键14: 548	数据长度是16	数据类型为number
138474, 存储数据, 玩家8,不爱破c丶,28项快捷键15: 549	数据长度是16	数据类型为number
138474, 存储数据, 玩家8,不爱破c丶,29项快捷键16: 573	数据长度是16	数据类型为number
138474, 存储数据, 玩家8,不爱破c丶,30项快捷键17: 555	数据长度是16	数据类型为number
138474, 存储数据, 玩家8,不爱破c丶,31项快捷键18: 568	数据长度是16	数据类型为number
138474, 存储数据, 玩家8,不爱破c丶,32项是否显示刀光: 1	数据长度是1	数据类型为number
138474, 存储数据, 玩家8,不爱破c丶,33项显示刀光编号: 14	数据长度是8	数据类型为number
138474, 存储数据, 玩家8,不爱破c丶,34项不显示翅膀: 0	数据长度是1	数据类型为number
138474, 存储数据, 玩家8,不爱破c丶,35项显示翅膀编号: 4	数据长度是8	数据类型为number
138474, 存储数据, 玩家8,不爱破c丶,36项孔明灯: 0	数据长度是8	数据类型为number
138474, 存储数据, 玩家8,不爱破c丶,37项免控表现: 0	数据长度是8	数据类型为number
138474, 存储数据, 玩家8,不爱破c丶,38项窗口锁定: 0	数据长度是8	数据类型为number
138474, 存储数据, 玩家8,不爱破c丶,39项打孔明灯: 0	数据长度是8	数据类型为number
138474, 存储数据, 玩家8,不爱破c丶,40项小地图头像: 0	数据长度是8	数据类型为number
138474, 存储数据, 玩家8,不爱破c丶,41项画笔库6: 0	数据长度是8	数据类型为number
138474, 存储数据, 玩家8,不爱破c丶,42项画笔库7: 0	数据长度是8	数据类型为number
138474, 存储数据, 玩家8,不爱破c丶,43项画笔库8: 0	数据长度是8	数据类型为number
138474, 存储数据, 玩家8,不爱破c丶,44项会员功能1: 1	数据长度是1	数据类型为number
138474, 存储数据, 玩家8,不爱破c丶,45项会员功能2: 1	数据长度是1	数据类型为number
138474, 存储数据, 玩家8,不爱破c丶,46项会员功能3: 0	数据长度是1	数据类型为number
138474, 存储数据, 玩家8,不爱破c丶,47项会员功能4: 1	数据长度是1	数据类型为number
138474, 存储数据, 玩家8,不爱破c丶,48项会员功能5: 1	数据长度是1	数据类型为number
138474, 存储数据, 玩家8,不爱破c丶,49项会员功能6: 1	数据长度是1	数据类型为number
138474, 存储数据, 玩家8,不爱破c丶,50项会员功能7: 1	数据长度是1	数据类型为number
138474, 存储数据, 玩家8,不爱破c丶,51项会员功能8: 1	数据长度是1	数据类型为number
138474, 存储数据, 玩家8,不爱破c丶,52项新商店左侧扩展面板: 1	数据长度是1	数据类型为number
138474, 存储数据, 玩家8,不爱破c丶,53项新商店上部扩展面板: 1	数据长度是1	数据类型为number
138474, 存储数据, 玩家8,不爱破c丶,54项新商店购买方式: 0	数据长度是1	数据类型为number
138474, 存储数据, 玩家8,不爱破c丶,55项新商店商店模式: 1	数据长度是1	数据类型为number
138474, 存储数据, 玩家8,不爱破c丶,56项预扣血模式: 0	数据长度是1	数据类型为number
138474, 存储数据, 玩家8,不爱破c丶,57项回城特效: 11	数据长度是8	数据类型为number
138474, 存储数据, 玩家9,你好加我,1项画质: 1	数据长度是1	数据类型为number
138474, 存储数据, 玩家9,你好加我,2项滚屏速度: 11	数据长度是8	数据类型为number
138474, 存储数据, 玩家9,你好加我,3项更新内容面板开关: 0	数据长度是1	数据类型为number
138474, 存储数据, 玩家9,你好加我,4项游戏版本号: 1696	数据长度是16	数据类型为number
138474, 存储数据, 玩家9,你好加我,5项语音: 0	数据长度是1	数据类型为number
138474, 存储数据, 玩家9,你好加我,6项音响: 0	数据长度是1	数据类型为number
138474, 存储数据, 玩家9,你好加我,7项麦克风: 0	数据长度是1	数据类型为number
138474, 存储数据, 玩家9,你好加我,8项音响大小: 0	数据长度是8	数据类型为number
138474, 存储数据, 玩家9,你好加我,9项麦克风大小: 0	数据长度是8	数据类型为number
138474, 存储数据, 玩家9,你好加我,10项未知: 1	数据长度是1	数据类型为number
138474, 存储数据, 玩家9,你好加我,11项光照: 100	数据长度是8	数据类型为number
138474, 存储数据, 玩家9,你好加我,12项新F11面板模式: 1	数据长度是1	数据类型为number
138474, 存储数据, 玩家9,你好加我,13项血条区分敌我: 1	数据长度是1	数据类型为number
138474, 存储数据, 玩家9,你好加我,14项快捷键1: 41	数据长度是16	数据类型为number
138474, 存储数据, 玩家9,你好加我,15项快捷键2: 43	数据长度是16	数据类型为number
138474, 存储数据, 玩家9,你好加我,16项快捷键3: 61	数据长度是16	数据类型为number
138474, 存储数据, 玩家9,你好加我,17项快捷键4: 42	数据长度是16	数据类型为number
138474, 存储数据, 玩家9,你好加我,18项快捷键5: 56	数据长度是16	数据类型为number
138474, 存储数据, 玩家9,你好加我,19项快捷键6: 53	数据长度是16	数据类型为number
138474, 存储数据, 玩家9,你好加我,20项快捷键7: 541	数据长度是16	数据类型为number
138474, 存储数据, 玩家9,你好加我,21项快捷键8: 542	数据长度是16	数据类型为number
138474, 存储数据, 玩家9,你好加我,22项快捷键9: 543	数据长度是16	数据类型为number
138474, 存储数据, 玩家9,你好加我,23项快捷键10: 544	数据长度是16	数据类型为number
138474, 存储数据, 玩家9,你好加我,24项快捷键11: 45	数据长度是16	数据类型为number
138474, 存储数据, 玩家9,你好加我,25项快捷键12: 546	数据长度是16	数据类型为number
138474, 存储数据, 玩家9,你好加我,26项快捷键13: 547	数据长度是16	数据类型为number
138474, 存储数据, 玩家9,你好加我,27项快捷键14: 62	数据长度是16	数据类型为number
138474, 存储数据, 玩家9,你好加我,28项快捷键15: 44	数据长度是16	数据类型为number
138474, 存储数据, 玩家9,你好加我,29项快捷键16: 573	数据长度是16	数据类型为number
138474, 存储数据, 玩家9,你好加我,30项快捷键17: 555	数据长度是16	数据类型为number
138474, 存储数据, 玩家9,你好加我,31项快捷键18: 568	数据长度是16	数据类型为number
138474, 存储数据, 玩家9,你好加我,32项是否显示刀光: 1	数据长度是1	数据类型为number
138474, 存储数据, 玩家9,你好加我,33项显示刀光编号: 16	数据长度是8	数据类型为number
138474, 存储数据, 玩家9,你好加我,34项不显示翅膀: 0	数据长度是1	数据类型为number
138474, 存储数据, 玩家9,你好加我,35项显示翅膀编号: 5	数据长度是8	数据类型为number
138474, 存储数据, 玩家9,你好加我,36项孔明灯: 0	数据长度是8	数据类型为number
138474, 存储数据, 玩家9,你好加我,37项免控表现: 0	数据长度是8	数据类型为number
138474, 存储数据, 玩家9,你好加我,38项窗口锁定: 0	数据长度是8	数据类型为number
138474, 存储数据, 玩家9,你好加我,39项打孔明灯: 0	数据长度是8	数据类型为number
138474, 存储数据, 玩家9,你好加我,40项小地图头像: 0	数据长度是8	数据类型为number
138474, 存储数据, 玩家9,你好加我,41项画笔库6: 0	数据长度是8	数据类型为number
138474, 存储数据, 玩家9,你好加我,42项画笔库7: 0	数据长度是8	数据类型为number
138474, 存储数据, 玩家9,你好加我,43项画笔库8: 0	数据长度是8	数据类型为number
138474, 存储数据, 玩家9,你好加我,44项会员功能1: 1	数据长度是1	数据类型为number
138474, 存储数据, 玩家9,你好加我,45项会员功能2: 1	数据长度是1	数据类型为number
138474, 存储数据, 玩家9,你好加我,46项会员功能3: 1	数据长度是1	数据类型为number
138474, 存储数据, 玩家9,你好加我,47项会员功能4: 1	数据长度是1	数据类型为number
138474, 存储数据, 玩家9,你好加我,48项会员功能5: 1	数据长度是1	数据类型为number
138474, 存储数据, 玩家9,你好加我,49项会员功能6: 1	数据长度是1	数据类型为number
138474, 存储数据, 玩家9,你好加我,50项会员功能7: 1	数据长度是1	数据类型为number
138474, 存储数据, 玩家9,你好加我,51项会员功能8: 1	数据长度是1	数据类型为number
138474, 存储数据, 玩家9,你好加我,52项新商店左侧扩展面板: 1	数据长度是1	数据类型为number
138474, 存储数据, 玩家9,你好加我,53项新商店上部扩展面板: 1	数据长度是1	数据类型为number
138474, 存储数据, 玩家9,你好加我,54项新商店购买方式: 0	数据长度是1	数据类型为number
138474, 存储数据, 玩家9,你好加我,55项新商店商店模式: 1	数据长度是1	数据类型为number
138474, 存储数据, 玩家9,你好加我,56项预扣血模式: 0	数据长度是1	数据类型为number
138474, 存储数据, 玩家9,你好加我,57项回城特效: 0	数据长度是8	数据类型为number
138474, 存储数据, 玩家10,弑你的灬小眯,1项画质: 1	数据长度是1	数据类型为number
138474, 存储数据, 玩家10,弑你的灬小眯,2项滚屏速度: 25	数据长度是8	数据类型为number
138474, 存储数据, 玩家10,弑你的灬小眯,3项更新内容面板开关: 0	数据长度是1	数据类型为number
138474, 存储数据, 玩家10,弑你的灬小眯,4项游戏版本号: 1696	数据长度是16	数据类型为number
138474, 存储数据, 玩家10,弑你的灬小眯,5项语音: 0	数据长度是1	数据类型为number
138474, 存储数据, 玩家10,弑你的灬小眯,6项音响: 0	数据长度是1	数据类型为number
138474, 存储数据, 玩家10,弑你的灬小眯,7项麦克风: 0	数据长度是1	数据类型为number
138474, 存储数据, 玩家10,弑你的灬小眯,8项音响大小: 0	数据长度是8	数据类型为number
138474, 存储数据, 玩家10,弑你的灬小眯,9项麦克风大小: 0	数据长度是8	数据类型为number
138474, 存储数据, 玩家10,弑你的灬小眯,10项未知: 1	数据长度是1	数据类型为number
138474, 存储数据, 玩家10,弑你的灬小眯,11项光照: 99	数据长度是8	数据类型为number
138474, 存储数据, 玩家10,弑你的灬小眯,12项新F11面板模式: 1	数据长度是1	数据类型为number
138474, 存储数据, 玩家10,弑你的灬小眯,13项血条区分敌我: 1	数据长度是1	数据类型为number
138474, 存储数据, 玩家10,弑你的灬小眯,14项快捷键1: 41	数据长度是16	数据类型为number
138474, 存储数据, 玩家10,弑你的灬小眯,15项快捷键2: 43	数据长度是16	数据类型为number
138474, 存储数据, 玩家10,弑你的灬小眯,16项快捷键3: 61	数据长度是16	数据类型为number
138474, 存储数据, 玩家10,弑你的灬小眯,17项快捷键4: 42	数据长度是16	数据类型为number
138474, 存储数据, 玩家10,弑你的灬小眯,18项快捷键5: 0	数据长度是16	数据类型为number
138474, 存储数据, 玩家10,弑你的灬小眯,19项快捷键6: 53	数据长度是16	数据类型为number
138474, 存储数据, 玩家10,弑你的灬小眯,20项快捷键7: 44	数据长度是16	数据类型为number
138474, 存储数据, 玩家10,弑你的灬小眯,21项快捷键8: 62	数据长度是16	数据类型为number
138474, 存储数据, 玩家10,弑你的灬小眯,22项快捷键9: 543	数据长度是16	数据类型为number
138474, 存储数据, 玩家10,弑你的灬小眯,23项快捷键10: 544	数据长度是16	数据类型为number
138474, 存储数据, 玩家10,弑你的灬小眯,24项快捷键11: 545	数据长度是16	数据类型为number
138474, 存储数据, 玩家10,弑你的灬小眯,25项快捷键12: 546	数据长度是16	数据类型为number
138474, 存储数据, 玩家10,弑你的灬小眯,26项快捷键13: 547	数据长度是16	数据类型为number
138474, 存储数据, 玩家10,弑你的灬小眯,27项快捷键14: 548	数据长度是16	数据类型为number
138474, 存储数据, 玩家10,弑你的灬小眯,28项快捷键15: 549	数据长度是16	数据类型为number
138474, 存储数据, 玩家10,弑你的灬小眯,29项快捷键16: 573	数据长度是16	数据类型为number
138474, 存储数据, 玩家10,弑你的灬小眯,30项快捷键17: 555	数据长度是16	数据类型为number
138474, 存储数据, 玩家10,弑你的灬小眯,31项快捷键18: 56	数据长度是16	数据类型为number
138474, 存储数据, 玩家10,弑你的灬小眯,32项是否显示刀光: 1	数据长度是1	数据类型为number
138474, 存储数据, 玩家10,弑你的灬小眯,33项显示刀光编号: 14	数据长度是8	数据类型为number
138474, 存储数据, 玩家10,弑你的灬小眯,34项不显示翅膀: 0	数据长度是1	数据类型为number
138474, 存储数据, 玩家10,弑你的灬小眯,35项显示翅膀编号: 5	数据长度是8	数据类型为number
138474, 存储数据, 玩家10,弑你的灬小眯,36项孔明灯: 0	数据长度是8	数据类型为number
138474, 存储数据, 玩家10,弑你的灬小眯,37项免控表现: 0	数据长度是8	数据类型为number
138474, 存储数据, 玩家10,弑你的灬小眯,38项窗口锁定: 0	数据长度是8	数据类型为number
138474, 存储数据, 玩家10,弑你的灬小眯,39项打孔明灯: 0	数据长度是8	数据类型为number
138474, 存储数据, 玩家10,弑你的灬小眯,40项小地图头像: 0	数据长度是8	数据类型为number
138474, 存储数据, 玩家10,弑你的灬小眯,41项画笔库6: 0	数据长度是8	数据类型为number
138474, 存储数据, 玩家10,弑你的灬小眯,42项画笔库7: 0	数据长度是8	数据类型为number
138474, 存储数据, 玩家10,弑你的灬小眯,43项画笔库8: 0	数据长度是8	数据类型为number
138474, 存储数据, 玩家10,弑你的灬小眯,44项会员功能1: 1	数据长度是1	数据类型为number
138474, 存储数据, 玩家10,弑你的灬小眯,45项会员功能2: 1	数据长度是1	数据类型为number
138474, 存储数据, 玩家10,弑你的灬小眯,46项会员功能3: 1	数据长度是1	数据类型为number
138474, 存储数据, 玩家10,弑你的灬小眯,47项会员功能4: 1	数据长度是1	数据类型为number
138474, 存储数据, 玩家10,弑你的灬小眯,48项会员功能5: 1	数据长度是1	数据类型为number
138474, 存储数据, 玩家10,弑你的灬小眯,49项会员功能6: 1	数据长度是1	数据类型为number
138474, 存储数据, 玩家10,弑你的灬小眯,50项会员功能7: 1	数据长度是1	数据类型为number
138474, 存储数据, 玩家10,弑你的灬小眯,51项会员功能8: 1	数据长度是1	数据类型为number
138474, 存储数据, 玩家10,弑你的灬小眯,52项新商店左侧扩展面板: 1	数据长度是1	数据类型为number
138474, 存储数据, 玩家10,弑你的灬小眯,53项新商店上部扩展面板: 1	数据长度是1	数据类型为number
138474, 存储数据, 玩家10,弑你的灬小眯,54项新商店购买方式: 0	数据长度是1	数据类型为number
138474, 存储数据, 玩家10,弑你的灬小眯,55项新商店商店模式: 1	数据长度是1	数据类型为number
138474, 存储数据, 玩家10,弑你的灬小眯,56项预扣血模式: 0	数据长度是1	数据类型为number
138474, 存储数据, 玩家10,弑你的灬小眯,57项回城特效: 4	数据长度是8	数据类型为number
138474, 存储数据, 玩家11,走红D调,1项画质: 1	数据长度是1	数据类型为number
138474, 存储数据, 玩家11,走红D调,2项滚屏速度: 8	数据长度是8	数据类型为number
138474, 存储数据, 玩家11,走红D调,3项更新内容面板开关: 0	数据长度是1	数据类型为number
138474, 存储数据, 玩家11,走红D调,4项游戏版本号: 1696	数据长度是16	数据类型为number
138474, 存储数据, 玩家11,走红D调,5项语音: 0	数据长度是1	数据类型为number
138474, 存储数据, 玩家11,走红D调,6项音响: 0	数据长度是1	数据类型为number
138474, 存储数据, 玩家11,走红D调,7项麦克风: 1	数据长度是1	数据类型为number
138474, 存储数据, 玩家11,走红D调,8项音响大小: 0	数据长度是8	数据类型为number
138474, 存储数据, 玩家11,走红D调,9项麦克风大小: 0	数据长度是8	数据类型为number
138474, 存储数据, 玩家11,走红D调,10项未知: 1	数据长度是1	数据类型为number
138474, 存储数据, 玩家11,走红D调,11项光照: 99	数据长度是8	数据类型为number
138474, 存储数据, 玩家11,走红D调,12项新F11面板模式: 1	数据长度是1	数据类型为number
138474, 存储数据, 玩家11,走红D调,13项血条区分敌我: 1	数据长度是1	数据类型为number
138474, 存储数据, 玩家11,走红D调,14项快捷键1: 41	数据长度是16	数据类型为number
138474, 存储数据, 玩家11,走红D调,15项快捷键2: 43	数据长度是16	数据类型为number
138474, 存储数据, 玩家11,走红D调,16项快捷键3: 61	数据长度是16	数据类型为number
138474, 存储数据, 玩家11,走红D调,17项快捷键4: 42	数据长度是16	数据类型为number
138474, 存储数据, 玩家11,走红D调,18项快捷键5: 56	数据长度是16	数据类型为number
138474, 存储数据, 玩家11,走红D调,19项快捷键6: 44	数据长度是16	数据类型为number
138474, 存储数据, 玩家11,走红D调,20项快捷键7: 541	数据长度是16	数据类型为number
138474, 存储数据, 玩家11,走红D调,21项快捷键8: 542	数据长度是16	数据类型为number
138474, 存储数据, 玩家11,走红D调,22项快捷键9: 543	数据长度是16	数据类型为number
138474, 存储数据, 玩家11,走红D调,23项快捷键10: 29	数据长度是16	数据类型为number
138474, 存储数据, 玩家11,走红D调,24项快捷键11: 30	数据长度是16	数据类型为number
138474, 存储数据, 玩家11,走红D调,25项快捷键12: 31	数据长度是16	数据类型为number
138474, 存储数据, 玩家11,走红D调,26项快捷键13: 547	数据长度是16	数据类型为number
138474, 存储数据, 玩家11,走红D调,27项快捷键14: 548	数据长度是16	数据类型为number
138474, 存储数据, 玩家11,走红D调,28项快捷键15: 549	数据长度是16	数据类型为number
138474, 存储数据, 玩家11,走红D调,29项快捷键16: 55	数据长度是16	数据类型为number
138474, 存储数据, 玩家11,走红D调,30项快捷键17: 555	数据长度是16	数据类型为number
138474, 存储数据, 玩家11,走红D调,31项快捷键18: 568	数据长度是16	数据类型为number
138474, 存储数据, 玩家11,走红D调,32项是否显示刀光: 1	数据长度是1	数据类型为number
138474, 存储数据, 玩家11,走红D调,33项显示刀光编号: 14	数据长度是8	数据类型为number
138474, 存储数据, 玩家11,走红D调,34项不显示翅膀: 0	数据长度是1	数据类型为number
138474, 存储数据, 玩家11,走红D调,35项显示翅膀编号: 3	数据长度是8	数据类型为number
138474, 存储数据, 玩家11,走红D调,36项孔明灯: 0	数据长度是8	数据类型为number
138474, 存储数据, 玩家11,走红D调,37项免控表现: 0	数据长度是8	数据类型为number
138474, 存储数据, 玩家11,走红D调,38项窗口锁定: 0	数据长度是8	数据类型为number
138474, 存储数据, 玩家11,走红D调,39项打孔明灯: 0	数据长度是8	数据类型为number
138474, 存储数据, 玩家11,走红D调,40项小地图头像: 0	数据长度是8	数据类型为number
138474, 存储数据, 玩家11,走红D调,41项画笔库6: 0	数据长度是8	数据类型为number
138474, 存储数据, 玩家11,走红D调,42项画笔库7: 0	数据长度是8	数据类型为number
138474, 存储数据, 玩家11,走红D调,43项画笔库8: 0	数据长度是8	数据类型为number
138474, 存储数据, 玩家11,走红D调,44项会员功能1: 1	数据长度是1	数据类型为number
138474, 存储数据, 玩家11,走红D调,45项会员功能2: 1	数据长度是1	数据类型为number
138474, 存储数据, 玩家11,走红D调,46项会员功能3: 0	数据长度是1	数据类型为number
138474, 存储数据, 玩家11,走红D调,47项会员功能4: 1	数据长度是1	数据类型为number
138474, 存储数据, 玩家11,走红D调,48项会员功能5: 1	数据长度是1	数据类型为number
138474, 存储数据, 玩家11,走红D调,49项会员功能6: 1	数据长度是1	数据类型为number
138474, 存储数据, 玩家11,走红D调,50项会员功能7: 1	数据长度是1	数据类型为number
138474, 存储数据, 玩家11,走红D调,51项会员功能8: 1	数据长度是1	数据类型为number
138474, 存储数据, 玩家11,走红D调,52项新商店左侧扩展面板: 1	数据长度是1	数据类型为number
138474, 存储数据, 玩家11,走红D调,53项新商店上部扩展面板: 1	数据长度是1	数据类型为number
138474, 存储数据, 玩家11,走红D调,54项新商店购买方式: 0	数据长度是1	数据类型为number
138474, 存储数据, 玩家11,走红D调,55项新商店商店模式: 1	数据长度是1	数据类型为number
138474, 存储数据, 玩家11,走红D调,56项预扣血模式: 0	数据长度是1	数据类型为number
138474, 存储数据, 玩家11,走红D调,57项回城特效: 7	数据长度是8	数据类型为number
138474, 存储数据, 玩家12,大将军9999,1项画质: 1	数据长度是1	数据类型为number
138474, 存储数据, 玩家12,大将军9999,2项滚屏速度: 20	数据长度是8	数据类型为number
138474, 存储数据, 玩家12,大将军9999,3项更新内容面板开关: 0	数据长度是1	数据类型为number
138474, 存储数据, 玩家12,大将军9999,4项游戏版本号: 1696	数据长度是16	数据类型为number
138474, 存储数据, 玩家12,大将军9999,5项语音: 0	数据长度是1	数据类型为number
138474, 存储数据, 玩家12,大将军9999,6项音响: 0	数据长度是1	数据类型为number
138474, 存储数据, 玩家12,大将军9999,7项麦克风: 0	数据长度是1	数据类型为number
138474, 存储数据, 玩家12,大将军9999,8项音响大小: 0	数据长度是8	数据类型为number
138474, 存储数据, 玩家12,大将军9999,9项麦克风大小: 0	数据长度是8	数据类型为number
138474, 存储数据, 玩家12,大将军9999,10项未知: 1	数据长度是1	数据类型为number
138474, 存储数据, 玩家12,大将军9999,11项光照: 99	数据长度是8	数据类型为number
138474, 存储数据, 玩家12,大将军9999,12项新F11面板模式: 1	数据长度是1	数据类型为number
138474, 存储数据, 玩家12,大将军9999,13项血条区分敌我: 1	数据长度是1	数据类型为number
138474, 存储数据, 玩家12,大将军9999,14项快捷键1: 41	数据长度是16	数据类型为number
138474, 存储数据, 玩家12,大将军9999,15项快捷键2: 43	数据长度是16	数据类型为number
138474, 存储数据, 玩家12,大将军9999,16项快捷键3: 61	数据长度是16	数据类型为number
138474, 存储数据, 玩家12,大将军9999,17项快捷键4: 42	数据长度是16	数据类型为number
138474, 存储数据, 玩家12,大将军9999,18项快捷键5: 56	数据长度是16	数据类型为number
138474, 存储数据, 玩家12,大将军9999,19项快捷键6: 53	数据长度是16	数据类型为number
138474, 存储数据, 玩家12,大将军9999,20项快捷键7: 541	数据长度是16	数据类型为number
138474, 存储数据, 玩家12,大将军9999,21项快捷键8: 542	数据长度是16	数据类型为number
138474, 存储数据, 玩家12,大将军9999,22项快捷键9: 543	数据长度是16	数据类型为number
138474, 存储数据, 玩家12,大将军9999,23项快捷键10: 544	数据长度是16	数据类型为number
138474, 存储数据, 玩家12,大将军9999,24项快捷键11: 545	数据长度是16	数据类型为number
138474, 存储数据, 玩家12,大将军9999,25项快捷键12: 546	数据长度是16	数据类型为number
138474, 存储数据, 玩家12,大将军9999,26项快捷键13: 547	数据长度是16	数据类型为number
138474, 存储数据, 玩家12,大将军9999,27项快捷键14: 548	数据长度是16	数据类型为number
138474, 存储数据, 玩家12,大将军9999,28项快捷键15: 549	数据长度是16	数据类型为number
138474, 存储数据, 玩家12,大将军9999,29项快捷键16: 573	数据长度是16	数据类型为number
138474, 存储数据, 玩家12,大将军9999,30项快捷键17: 555	数据长度是16	数据类型为number
138474, 存储数据, 玩家12,大将军9999,31项快捷键18: 568	数据长度是16	数据类型为number
138474, 存储数据, 玩家12,大将军9999,32项是否显示刀光: 1	数据长度是1	数据类型为number
138474, 存储数据, 玩家12,大将军9999,33项显示刀光编号: 1	数据长度是8	数据类型为number
138474, 存储数据, 玩家12,大将军9999,34项不显示翅膀: 1	数据长度是1	数据类型为number
138474, 存储数据, 玩家12,大将军9999,35项显示翅膀编号: 0	数据长度是8	数据类型为number
138474, 存储数据, 玩家12,大将军9999,36项孔明灯: 0	数据长度是8	数据类型为number
138474, 存储数据, 玩家12,大将军9999,37项免控表现: 1	数据长度是8	数据类型为number
138474, 存储数据, 玩家12,大将军9999,38项窗口锁定: 0	数据长度是8	数据类型为number
138474, 存储数据, 玩家12,大将军9999,39项打孔明灯: 0	数据长度是8	数据类型为number
138474, 存储数据, 玩家12,大将军9999,40项小地图头像: 3	数据长度是8	数据类型为number
138474, 存储数据, 玩家12,大将军9999,41项画笔库6: 0	数据长度是8	数据类型为number
138474, 存储数据, 玩家12,大将军9999,42项画笔库7: 0	数据长度是8	数据类型为number
138474, 存储数据, 玩家12,大将军9999,43项画笔库8: 0	数据长度是8	数据类型为number
138474, 存储数据, 玩家12,大将军9999,44项会员功能1: 1	数据长度是1	数据类型为number
138474, 存储数据, 玩家12,大将军9999,45项会员功能2: 1	数据长度是1	数据类型为number
138474, 存储数据, 玩家12,大将军9999,46项会员功能3: 1	数据长度是1	数据类型为number
138474, 存储数据, 玩家12,大将军9999,47项会员功能4: 1	数据长度是1	数据类型为number
138474, 存储数据, 玩家12,大将军9999,48项会员功能5: 1	数据长度是1	数据类型为number
138474, 存储数据, 玩家12,大将军9999,49项会员功能6: 1	数据长度是1	数据类型为number
138474, 存储数据, 玩家12,大将军9999,50项会员功能7: 1	数据长度是1	数据类型为number
138474, 存储数据, 玩家12,大将军9999,51项会员功能8: 1	数据长度是1	数据类型为number
138474, 存储数据, 玩家12,大将军9999,52项新商店左侧扩展面板: 1	数据长度是1	数据类型为number
138474, 存储数据, 玩家12,大将军9999,53项新商店上部扩展面板: 1	数据长度是1	数据类型为number
138474, 存储数据, 玩家12,大将军9999,54项新商店购买方式: 0	数据长度是1	数据类型为number
138474, 存储数据, 玩家12,大将军9999,55项新商店商店模式: 1	数据长度是1	数据类型为number
138474, 存储数据, 玩家12,大将军9999,56项预扣血模式: 0	数据长度是1	数据类型为number
138474, 存储数据, 玩家12,大将军9999,57项回城特效: 0	数据长度是8	数据类型为number
138474, 存储数据, 玩家13,本田雅阁也上树,1项画质: 1	数据长度是1	数据类型为number
138474, 存储数据, 玩家13,本田雅阁也上树,2项滚屏速度: 29	数据长度是8	数据类型为number
138474, 存储数据, 玩家13,本田雅阁也上树,3项更新内容面板开关: 0	数据长度是1	数据类型为number
138474, 存储数据, 玩家13,本田雅阁也上树,4项游戏版本号: 1696	数据长度是16	数据类型为number
138474, 存储数据, 玩家13,本田雅阁也上树,5项语音: 0	数据长度是1	数据类型为number
138474, 存储数据, 玩家13,本田雅阁也上树,6项音响: 0	数据长度是1	数据类型为number
138474, 存储数据, 玩家13,本田雅阁也上树,7项麦克风: 0	数据长度是1	数据类型为number
138474, 存储数据, 玩家13,本田雅阁也上树,8项音响大小: 0	数据长度是8	数据类型为number
138474, 存储数据, 玩家13,本田雅阁也上树,9项麦克风大小: 0	数据长度是8	数据类型为number
138474, 存储数据, 玩家13,本田雅阁也上树,10项未知: 1	数据长度是1	数据类型为number
138474, 存储数据, 玩家13,本田雅阁也上树,11项光照: 99	数据长度是8	数据类型为number
138474, 存储数据, 玩家13,本田雅阁也上树,12项新F11面板模式: 1	数据长度是1	数据类型为number
138474, 存储数据, 玩家13,本田雅阁也上树,13项血条区分敌我: 1	数据长度是1	数据类型为number
138474, 存储数据, 玩家13,本田雅阁也上树,14项快捷键1: 41	数据长度是16	数据类型为number
138474, 存储数据, 玩家13,本田雅阁也上树,15项快捷键2: 43	数据长度是16	数据类型为number
138474, 存储数据, 玩家13,本田雅阁也上树,16项快捷键3: 61	数据长度是16	数据类型为number
138474, 存储数据, 玩家13,本田雅阁也上树,17项快捷键4: 42	数据长度是16	数据类型为number
138474, 存储数据, 玩家13,本田雅阁也上树,18项快捷键5: 0	数据长度是16	数据类型为number
138474, 存储数据, 玩家13,本田雅阁也上树,19项快捷键6: 53	数据长度是16	数据类型为number
138474, 存储数据, 玩家13,本田雅阁也上树,20项快捷键7: 541	数据长度是16	数据类型为number
138474, 存储数据, 玩家13,本田雅阁也上树,21项快捷键8: 542	数据长度是16	数据类型为number
138474, 存储数据, 玩家13,本田雅阁也上树,22项快捷键9: 543	数据长度是16	数据类型为number
138474, 存储数据, 玩家13,本田雅阁也上树,23项快捷键10: 544	数据长度是16	数据类型为number
138474, 存储数据, 玩家13,本田雅阁也上树,24项快捷键11: 545	数据长度是16	数据类型为number
138474, 存储数据, 玩家13,本田雅阁也上树,25项快捷键12: 546	数据长度是16	数据类型为number
138474, 存储数据, 玩家13,本田雅阁也上树,26项快捷键13: 547	数据长度是16	数据类型为number
138474, 存储数据, 玩家13,本田雅阁也上树,27项快捷键14: 548	数据长度是16	数据类型为number
138474, 存储数据, 玩家13,本田雅阁也上树,28项快捷键15: 549	数据长度是16	数据类型为number
138474, 存储数据, 玩家13,本田雅阁也上树,29项快捷键16: 573	数据长度是16	数据类型为number
138474, 存储数据, 玩家13,本田雅阁也上树,30项快捷键17: 555	数据长度是16	数据类型为number
138474, 存储数据, 玩家13,本田雅阁也上树,31项快捷键18: 568	数据长度是16	数据类型为number
138474, 存储数据, 玩家13,本田雅阁也上树,32项是否显示刀光: 1	数据长度是1	数据类型为number
138474, 存储数据, 玩家13,本田雅阁也上树,33项显示刀光编号: 8	数据长度是8	数据类型为number
138474, 存储数据, 玩家13,本田雅阁也上树,34项不显示翅膀: 1	数据长度是1	数据类型为number
138474, 存储数据, 玩家13,本田雅阁也上树,35项显示翅膀编号: 0	数据长度是8	数据类型为number
138474, 存储数据, 玩家13,本田雅阁也上树,36项孔明灯: 0	数据长度是8	数据类型为number
138474, 存储数据, 玩家13,本田雅阁也上树,37项免控表现: 0	数据长度是8	数据类型为number
138474, 存储数据, 玩家13,本田雅阁也上树,38项窗口锁定: 0	数据长度是8	数据类型为number
138474, 存储数据, 玩家13,本田雅阁也上树,39项打孔明灯: 0	数据长度是8	数据类型为number
138474, 存储数据, 玩家13,本田雅阁也上树,40项小地图头像: 0	数据长度是8	数据类型为number
138474, 存储数据, 玩家13,本田雅阁也上树,41项画笔库6: 0	数据长度是8	数据类型为number
138474, 存储数据, 玩家13,本田雅阁也上树,42项画笔库7: 0	数据长度是8	数据类型为number
138474, 存储数据, 玩家13,本田雅阁也上树,43项画笔库8: 0	数据长度是8	数据类型为number
138474, 存储数据, 玩家13,本田雅阁也上树,44项会员功能1: 1	数据长度是1	数据类型为number
138474, 存储数据, 玩家13,本田雅阁也上树,45项会员功能2: 1	数据长度是1	数据类型为number
138474, 存储数据, 玩家13,本田雅阁也上树,46项会员功能3: 1	数据长度是1	数据类型为number
138474, 存储数据, 玩家13,本田雅阁也上树,47项会员功能4: 1	数据长度是1	数据类型为number
138474, 存储数据, 玩家13,本田雅阁也上树,48项会员功能5: 1	数据长度是1	数据类型为number
138474, 存储数据, 玩家13,本田雅阁也上树,49项会员功能6: 1	数据长度是1	数据类型为number
138474, 存储数据, 玩家13,本田雅阁也上树,50项会员功能7: 1	数据长度是1	数据类型为number
138474, 存储数据, 玩家13,本田雅阁也上树,51项会员功能8: 1	数据长度是1	数据类型为number
138474, 存储数据, 玩家13,本田雅阁也上树,52项新商店左侧扩展面板: 1	数据长度是1	数据类型为number
138474, 存储数据, 玩家13,本田雅阁也上树,53项新商店上部扩展面板: 1	数据长度是1	数据类型为number
138474, 存储数据, 玩家13,本田雅阁也上树,54项新商店购买方式: 0	数据长度是1	数据类型为number
138474, 存储数据, 玩家13,本田雅阁也上树,55项新商店商店模式: 1	数据长度是1	数据类型为number
138474, 存储数据, 玩家13,本田雅阁也上树,56项预扣血模式: 0	数据长度是1	数据类型为number
138474, 存储数据, 玩家13,本田雅阁也上树,57项回城特效: 0	数据长度是8	数据类型为number
138474, 存储数据, 玩家14,啊米多浮,1项画质: 1	数据长度是1	数据类型为number
138474, 存储数据, 玩家14,啊米多浮,2项滚屏速度: 6	数据长度是8	数据类型为number
138474, 存储数据, 玩家14,啊米多浮,3项更新内容面板开关: 0	数据长度是1	数据类型为number
138474, 存储数据, 玩家14,啊米多浮,4项游戏版本号: 1696	数据长度是16	数据类型为number
138474, 存储数据, 玩家14,啊米多浮,5项语音: 1	数据长度是1	数据类型为number
138474, 存储数据, 玩家14,啊米多浮,6项音响: 0	数据长度是1	数据类型为number
138474, 存储数据, 玩家14,啊米多浮,7项麦克风: 0	数据长度是1	数据类型为number
138474, 存储数据, 玩家14,啊米多浮,8项音响大小: 0	数据长度是8	数据类型为number
138474, 存储数据, 玩家14,啊米多浮,9项麦克风大小: 0	数据长度是8	数据类型为number
138474, 存储数据, 玩家14,啊米多浮,10项未知: 1	数据长度是1	数据类型为number
138474, 存储数据, 玩家14,啊米多浮,11项光照: 99	数据长度是8	数据类型为number
138474, 存储数据, 玩家14,啊米多浮,12项新F11面板模式: 1	数据长度是1	数据类型为number
138474, 存储数据, 玩家14,啊米多浮,13项血条区分敌我: 1	数据长度是1	数据类型为number
138474, 存储数据, 玩家14,啊米多浮,14项快捷键1: 41	数据长度是16	数据类型为number
138474, 存储数据, 玩家14,啊米多浮,15项快捷键2: 43	数据长度是16	数据类型为number
138474, 存储数据, 玩家14,啊米多浮,16项快捷键3: 61	数据长度是16	数据类型为number
138474, 存储数据, 玩家14,啊米多浮,17项快捷键4: 42	数据长度是16	数据类型为number
138474, 存储数据, 玩家14,啊米多浮,18项快捷键5: 56	数据长度是16	数据类型为number
138474, 存储数据, 玩家14,啊米多浮,19项快捷键6: 53	数据长度是16	数据类型为number
138474, 存储数据, 玩家14,啊米多浮,20项快捷键7: 541	数据长度是16	数据类型为number
138474, 存储数据, 玩家14,啊米多浮,21项快捷键8: 542	数据长度是16	数据类型为number
138474, 存储数据, 玩家14,啊米多浮,22项快捷键9: 543	数据长度是16	数据类型为number
138474, 存储数据, 玩家14,啊米多浮,23项快捷键10: 64	数据长度是16	数据类型为number
138474, 存储数据, 玩家14,啊米多浮,24项快捷键11: 62	数据长度是16	数据类型为number
138474, 存储数据, 玩家14,啊米多浮,25项快捷键12: 546	数据长度是16	数据类型为number
138474, 存储数据, 玩家14,啊米多浮,26项快捷键13: 547	数据长度是16	数据类型为number
138474, 存储数据, 玩家14,啊米多浮,27项快捷键14: 45	数据长度是16	数据类型为number
138474, 存储数据, 玩家14,啊米多浮,28项快捷键15: 44	数据长度是16	数据类型为number
138474, 存储数据, 玩家14,啊米多浮,29项快捷键16: 573	数据长度是16	数据类型为number
138474, 存储数据, 玩家14,啊米多浮,30项快捷键17: 555	数据长度是16	数据类型为number
138474, 存储数据, 玩家14,啊米多浮,31项快捷键18: 568	数据长度是16	数据类型为number
138474, 存储数据, 玩家14,啊米多浮,32项是否显示刀光: 1	数据长度是1	数据类型为number
138474, 存储数据, 玩家14,啊米多浮,33项显示刀光编号: 3	数据长度是8	数据类型为number
138474, 存储数据, 玩家14,啊米多浮,34项不显示翅膀: 0	数据长度是1	数据类型为number
138474, 存储数据, 玩家14,啊米多浮,35项显示翅膀编号: 3	数据长度是8	数据类型为number
138474, 存储数据, 玩家14,啊米多浮,36项孔明灯: 0	数据长度是8	数据类型为number
138474, 存储数据, 玩家14,啊米多浮,37项免控表现: 0	数据长度是8	数据类型为number
138474, 存储数据, 玩家14,啊米多浮,38项窗口锁定: 0	数据长度是8	数据类型为number
138474, 存储数据, 玩家14,啊米多浮,39项打孔明灯: 0	数据长度是8	数据类型为number
138474, 存储数据, 玩家14,啊米多浮,40项小地图头像: 0	数据长度是8	数据类型为number
138474, 存储数据, 玩家14,啊米多浮,41项画笔库6: 0	数据长度是8	数据类型为number
138474, 存储数据, 玩家14,啊米多浮,42项画笔库7: 0	数据长度是8	数据类型为number
138474, 存储数据, 玩家14,啊米多浮,43项画笔库8: 0	数据长度是8	数据类型为number
138474, 存储数据, 玩家14,啊米多浮,44项会员功能1: 1	数据长度是1	数据类型为number
138474, 存储数据, 玩家14,啊米多浮,45项会员功能2: 1	数据长度是1	数据类型为number
138474, 存储数据, 玩家14,啊米多浮,46项会员功能3: 1	数据长度是1	数据类型为number
138474, 存储数据, 玩家14,啊米多浮,47项会员功能4: 1	数据长度是1	数据类型为number
138474, 存储数据, 玩家14,啊米多浮,48项会员功能5: 1	数据长度是1	数据类型为number
138474, 存储数据, 玩家14,啊米多浮,49项会员功能6: 1	数据长度是1	数据类型为number
138474, 存储数据, 玩家14,啊米多浮,50项会员功能7: 1	数据长度是1	数据类型为number
138474, 存储数据, 玩家14,啊米多浮,51项会员功能8: 1	数据长度是1	数据类型为number
138474, 存储数据, 玩家14,啊米多浮,52项新商店左侧扩展面板: 1	数据长度是1	数据类型为number
138474, 存储数据, 玩家14,啊米多浮,53项新商店上部扩展面板: 1	数据长度是1	数据类型为number
138474, 存储数据, 玩家14,啊米多浮,54项新商店购买方式: 0	数据长度是1	数据类型为number
138474, 存储数据, 玩家14,啊米多浮,55项新商店商店模式: 0	数据长度是1	数据类型为number
138474, 存储数据, 玩家14,啊米多浮,56项预扣血模式: 1	数据长度是1	数据类型为number
138474, 存储数据, 玩家14,啊米多浮,57项回城特效: 10	数据长度是8	数据类型为number
138474, 存储数据, 玩家15,从哈哈到高手,1项画质: 1	数据长度是1	数据类型为number
138474, 存储数据, 玩家15,从哈哈到高手,2项滚屏速度: 21	数据长度是8	数据类型为number
138474, 存储数据, 玩家15,从哈哈到高手,3项更新内容面板开关: 0	数据长度是1	数据类型为number
138474, 存储数据, 玩家15,从哈哈到高手,4项游戏版本号: 1696	数据长度是16	数据类型为number
138474, 存储数据, 玩家15,从哈哈到高手,5项语音: 0	数据长度是1	数据类型为number
138474, 存储数据, 玩家15,从哈哈到高手,6项音响: 0	数据长度是1	数据类型为number
138474, 存储数据, 玩家15,从哈哈到高手,7项麦克风: 0	数据长度是1	数据类型为number
138474, 存储数据, 玩家15,从哈哈到高手,8项音响大小: 0	数据长度是8	数据类型为number
138474, 存储数据, 玩家15,从哈哈到高手,9项麦克风大小: 0	数据长度是8	数据类型为number
138474, 存储数据, 玩家15,从哈哈到高手,10项未知: 1	数据长度是1	数据类型为number
138474, 存储数据, 玩家15,从哈哈到高手,11项光照: 100	数据长度是8	数据类型为number
138474, 存储数据, 玩家15,从哈哈到高手,12项新F11面板模式: 1	数据长度是1	数据类型为number
138474, 存储数据, 玩家15,从哈哈到高手,13项血条区分敌我: 1	数据长度是1	数据类型为number
138474, 存储数据, 玩家15,从哈哈到高手,14项快捷键1: 41	数据长度是16	数据类型为number
138474, 存储数据, 玩家15,从哈哈到高手,15项快捷键2: 43	数据长度是16	数据类型为number
138474, 存储数据, 玩家15,从哈哈到高手,16项快捷键3: 61	数据长度是16	数据类型为number
138474, 存储数据, 玩家15,从哈哈到高手,17项快捷键4: 42	数据长度是16	数据类型为number
138474, 存储数据, 玩家15,从哈哈到高手,18项快捷键5: 56	数据长度是16	数据类型为number
138474, 存储数据, 玩家15,从哈哈到高手,19项快捷键6: 53	数据长度是16	数据类型为number
138474, 存储数据, 玩家15,从哈哈到高手,20项快捷键7: 541	数据长度是16	数据类型为number
138474, 存储数据, 玩家15,从哈哈到高手,21项快捷键8: 542	数据长度是16	数据类型为number
138474, 存储数据, 玩家15,从哈哈到高手,22项快捷键9: 543	数据长度是16	数据类型为number
138474, 存储数据, 玩家15,从哈哈到高手,23项快捷键10: 544	数据长度是16	数据类型为number
138474, 存储数据, 玩家15,从哈哈到高手,24项快捷键11: 545	数据长度是16	数据类型为number
138474, 存储数据, 玩家15,从哈哈到高手,25项快捷键12: 546	数据长度是16	数据类型为number
138474, 存储数据, 玩家15,从哈哈到高手,26项快捷键13: 547	数据长度是16	数据类型为number
138474, 存储数据, 玩家15,从哈哈到高手,27项快捷键14: 548	数据长度是16	数据类型为number
138474, 存储数据, 玩家15,从哈哈到高手,28项快捷键15: 44	数据长度是16	数据类型为number
138474, 存储数据, 玩家15,从哈哈到高手,29项快捷键16: 573	数据长度是16	数据类型为number
138474, 存储数据, 玩家15,从哈哈到高手,30项快捷键17: 555	数据长度是16	数据类型为number
138474, 存储数据, 玩家15,从哈哈到高手,31项快捷键18: 568	数据长度是16	数据类型为number
138474, 存储数据, 玩家15,从哈哈到高手,32项是否显示刀光: 1	数据长度是1	数据类型为number
138474, 存储数据, 玩家15,从哈哈到高手,33项显示刀光编号: 1	数据长度是8	数据类型为number
138474, 存储数据, 玩家15,从哈哈到高手,34项不显示翅膀: 0	数据长度是1	数据类型为number
138474, 存储数据, 玩家15,从哈哈到高手,35项显示翅膀编号: 4	数据长度是8	数据类型为number
138474, 存储数据, 玩家15,从哈哈到高手,36项孔明灯: 0	数据长度是8	数据类型为number
138474, 存储数据, 玩家15,从哈哈到高手,37项免控表现: 0	数据长度是8	数据类型为number
138474, 存储数据, 玩家15,从哈哈到高手,38项窗口锁定: 0	数据长度是8	数据类型为number
138474, 存储数据, 玩家15,从哈哈到高手,39项打孔明灯: 0	数据长度是8	数据类型为number
138474, 存储数据, 玩家15,从哈哈到高手,40项小地图头像: 0	数据长度是8	数据类型为number
138474, 存储数据, 玩家15,从哈哈到高手,41项画笔库6: 0	数据长度是8	数据类型为number
138474, 存储数据, 玩家15,从哈哈到高手,42项画笔库7: 0	数据长度是8	数据类型为number
138474, 存储数据, 玩家15,从哈哈到高手,43项画笔库8: 0	数据长度是8	数据类型为number
138474, 存储数据, 玩家15,从哈哈到高手,44项会员功能1: 1	数据长度是1	数据类型为number
138474, 存储数据, 玩家15,从哈哈到高手,45项会员功能2: 1	数据长度是1	数据类型为number
138474, 存储数据, 玩家15,从哈哈到高手,46项会员功能3: 1	数据长度是1	数据类型为number
138474, 存储数据, 玩家15,从哈哈到高手,47项会员功能4: 1	数据长度是1	数据类型为number
138474, 存储数据, 玩家15,从哈哈到高手,48项会员功能5: 1	数据长度是1	数据类型为number
138474, 存储数据, 玩家15,从哈哈到高手,49项会员功能6: 1	数据长度是1	数据类型为number
138474, 存储数据, 玩家15,从哈哈到高手,50项会员功能7: 1	数据长度是1	数据类型为number
138474, 存储数据, 玩家15,从哈哈到高手,51项会员功能8: 1	数据长度是1	数据类型为number
138474, 存储数据, 玩家15,从哈哈到高手,52项新商店左侧扩展面板: 1	数据长度是1	数据类型为number
138474, 存储数据, 玩家15,从哈哈到高手,53项新商店上部扩展面板: 1	数据长度是1	数据类型为number
138474, 存储数据, 玩家15,从哈哈到高手,54项新商店购买方式: 0	数据长度是1	数据类型为number
138474, 存储数据, 玩家15,从哈哈到高手,55项新商店商店模式: 1	数据长度是1	数据类型为number
138474, 存储数据, 玩家15,从哈哈到高手,56项预扣血模式: 0	数据长度是1	数据类型为number
138474, 存储数据, 玩家15,从哈哈到高手,57项回城特效: 14	数据长度是8	数据类型为number
138474, 存储数据, 玩家16,右耳钉丶残恋,1项画质: 1	数据长度是1	数据类型为number
138474, 存储数据, 玩家16,右耳钉丶残恋,2项滚屏速度: 12	数据长度是8	数据类型为number
138474, 存储数据, 玩家16,右耳钉丶残恋,3项更新内容面板开关: 0	数据长度是1	数据类型为number
138474, 存储数据, 玩家16,右耳钉丶残恋,4项游戏版本号: 1696	数据长度是16	数据类型为number
138474, 存储数据, 玩家16,右耳钉丶残恋,5项语音: 0	数据长度是1	数据类型为number
138474, 存储数据, 玩家16,右耳钉丶残恋,6项音响: 0	数据长度是1	数据类型为number
138474, 存储数据, 玩家16,右耳钉丶残恋,7项麦克风: 0	数据长度是1	数据类型为number
138474, 存储数据, 玩家16,右耳钉丶残恋,8项音响大小: 0	数据长度是8	数据类型为number
138474, 存储数据, 玩家16,右耳钉丶残恋,9项麦克风大小: 0	数据长度是8	数据类型为number
138474, 存储数据, 玩家16,右耳钉丶残恋,10项未知: 1	数据长度是1	数据类型为number
138474, 存储数据, 玩家16,右耳钉丶残恋,11项光照: 100	数据长度是8	数据类型为number
138474, 存储数据, 玩家16,右耳钉丶残恋,12项新F11面板模式: 0	数据长度是1	数据类型为number
138474, 存储数据, 玩家16,右耳钉丶残恋,13项血条区分敌我: 1	数据长度是1	数据类型为number
138474, 存储数据, 玩家16,右耳钉丶残恋,14项快捷键1: 41	数据长度是16	数据类型为number
138474, 存储数据, 玩家16,右耳钉丶残恋,15项快捷键2: 43	数据长度是16	数据类型为number
138474, 存储数据, 玩家16,右耳钉丶残恋,16项快捷键3: 61	数据长度是16	数据类型为number
138474, 存储数据, 玩家16,右耳钉丶残恋,17项快捷键4: 42	数据长度是16	数据类型为number
138474, 存储数据, 玩家16,右耳钉丶残恋,18项快捷键5: 56	数据长度是16	数据类型为number
138474, 存储数据, 玩家16,右耳钉丶残恋,19项快捷键6: 53	数据长度是16	数据类型为number
138474, 存储数据, 玩家16,右耳钉丶残恋,20项快捷键7: 541	数据长度是16	数据类型为number
138474, 存储数据, 玩家16,右耳钉丶残恋,21项快捷键8: 542	数据长度是16	数据类型为number
138474, 存储数据, 玩家16,右耳钉丶残恋,22项快捷键9: 543	数据长度是16	数据类型为number
138474, 存储数据, 玩家16,右耳钉丶残恋,23项快捷键10: 544	数据长度是16	数据类型为number
138474, 存储数据, 玩家16,右耳钉丶残恋,24项快捷键11: 545	数据长度是16	数据类型为number
138474, 存储数据, 玩家16,右耳钉丶残恋,25项快捷键12: 44	数据长度是16	数据类型为number
138474, 存储数据, 玩家16,右耳钉丶残恋,26项快捷键13: 55	数据长度是16	数据类型为number
138474, 存储数据, 玩家16,右耳钉丶残恋,27项快捷键14: 62	数据长度是16	数据类型为number
138474, 存储数据, 玩家16,右耳钉丶残恋,28项快捷键15: 64	数据长度是16	数据类型为number
138474, 存储数据, 玩家16,右耳钉丶残恋,29项快捷键16: 573	数据长度是16	数据类型为number
138474, 存储数据, 玩家16,右耳钉丶残恋,30项快捷键17: 555	数据长度是16	数据类型为number
138474, 存储数据, 玩家16,右耳钉丶残恋,31项快捷键18: 568	数据长度是16	数据类型为number
138474, 存储数据, 玩家16,右耳钉丶残恋,32项是否显示刀光: 1	数据长度是1	数据类型为number
138474, 存储数据, 玩家16,右耳钉丶残恋,33项显示刀光编号: 8	数据长度是8	数据类型为number
138474, 存储数据, 玩家16,右耳钉丶残恋,34项不显示翅膀: 1	数据长度是1	数据类型为number
138474, 存储数据, 玩家16,右耳钉丶残恋,35项显示翅膀编号: 0	数据长度是8	数据类型为number
138474, 存储数据, 玩家16,右耳钉丶残恋,36项孔明灯: 0	数据长度是8	数据类型为number
138474, 存储数据, 玩家16,右耳钉丶残恋,37项免控表现: 0	数据长度是8	数据类型为number
138474, 存储数据, 玩家16,右耳钉丶残恋,38项窗口锁定: 0	数据长度是8	数据类型为number
138474, 存储数据, 玩家16,右耳钉丶残恋,39项打孔明灯: 0	数据长度是8	数据类型为number
138474, 存储数据, 玩家16,右耳钉丶残恋,40项小地图头像: 0	数据长度是8	数据类型为number
138474, 存储数据, 玩家16,右耳钉丶残恋,41项画笔库6: 0	数据长度是8	数据类型为number
138474, 存储数据, 玩家16,右耳钉丶残恋,42项画笔库7: 0	数据长度是8	数据类型为number
138474, 存储数据, 玩家16,右耳钉丶残恋,43项画笔库8: 0	数据长度是8	数据类型为number
138474, 存储数据, 玩家16,右耳钉丶残恋,44项会员功能1: 1	数据长度是1	数据类型为number
138474, 存储数据, 玩家16,右耳钉丶残恋,45项会员功能2: 1	数据长度是1	数据类型为number
138474, 存储数据, 玩家16,右耳钉丶残恋,46项会员功能3: 0	数据长度是1	数据类型为number
138474, 存储数据, 玩家16,右耳钉丶残恋,47项会员功能4: 1	数据长度是1	数据类型为number
138474, 存储数据, 玩家16,右耳钉丶残恋,48项会员功能5: 1	数据长度是1	数据类型为number
138474, 存储数据, 玩家16,右耳钉丶残恋,49项会员功能6: 1	数据长度是1	数据类型为number
138474, 存储数据, 玩家16,右耳钉丶残恋,50项会员功能7: 1	数据长度是1	数据类型为number
138474, 存储数据, 玩家16,右耳钉丶残恋,51项会员功能8: 1	数据长度是1	数据类型为number
138474, 存储数据, 玩家16,右耳钉丶残恋,52项新商店左侧扩展面板: 1	数据长度是1	数据类型为number
138474, 存储数据, 玩家16,右耳钉丶残恋,53项新商店上部扩展面板: 1	数据长度是1	数据类型为number
138474, 存储数据, 玩家16,右耳钉丶残恋,54项新商店购买方式: 0	数据长度是1	数据类型为number
138474, 存储数据, 玩家16,右耳钉丶残恋,55项新商店商店模式: 1	数据长度是1	数据类型为number
138474, 存储数据, 玩家16,右耳钉丶残恋,56项预扣血模式: 1	数据长度是1	数据类型为number
138474, 存储数据, 玩家16,右耳钉丶残恋,57项回城特效: 0	数据长度是8	数据类型为number
138474, 存储数据, 玩家17,我艹403,1项画质: 1	数据长度是1	数据类型为number
138474, 存储数据, 玩家17,我艹403,2项滚屏速度: 9	数据长度是8	数据类型为number
138474, 存储数据, 玩家17,我艹403,3项更新内容面板开关: 0	数据长度是1	数据类型为number
138474, 存储数据, 玩家17,我艹403,4项游戏版本号: 1696	数据长度是16	数据类型为number
138474, 存储数据, 玩家17,我艹403,5项语音: 0	数据长度是1	数据类型为number
138474, 存储数据, 玩家17,我艹403,6项音响: 0	数据长度是1	数据类型为number
138474, 存储数据, 玩家17,我艹403,7项麦克风: 0	数据长度是1	数据类型为number
138474, 存储数据, 玩家17,我艹403,8项音响大小: 0	数据长度是8	数据类型为number
138474, 存储数据, 玩家17,我艹403,9项麦克风大小: 0	数据长度是8	数据类型为number
138474, 存储数据, 玩家17,我艹403,10项未知: 1	数据长度是1	数据类型为number
138474, 存储数据, 玩家17,我艹403,11项光照: 99	数据长度是8	数据类型为number
138474, 存储数据, 玩家17,我艹403,12项新F11面板模式: 0	数据长度是1	数据类型为number
138474, 存储数据, 玩家17,我艹403,13项血条区分敌我: 1	数据长度是1	数据类型为number
138474, 存储数据, 玩家17,我艹403,14项快捷键1: 41	数据长度是16	数据类型为number
138474, 存储数据, 玩家17,我艹403,15项快捷键2: 43	数据长度是16	数据类型为number
138474, 存储数据, 玩家17,我艹403,16项快捷键3: 0	数据长度是16	数据类型为number
138474, 存储数据, 玩家17,我艹403,17项快捷键4: 42	数据长度是16	数据类型为number
138474, 存储数据, 玩家17,我艹403,18项快捷键5: 0	数据长度是16	数据类型为number
138474, 存储数据, 玩家17,我艹403,19项快捷键6: 53	数据长度是16	数据类型为number
138474, 存储数据, 玩家17,我艹403,20项快捷键7: 541	数据长度是16	数据类型为number
138474, 存储数据, 玩家17,我艹403,21项快捷键8: 56	数据长度是16	数据类型为number
138474, 存储数据, 玩家17,我艹403,22项快捷键9: 543	数据长度是16	数据类型为number
138474, 存储数据, 玩家17,我艹403,23项快捷键10: 61	数据长度是16	数据类型为number
138474, 存储数据, 玩家17,我艹403,24项快捷键11: 545	数据长度是16	数据类型为number
138474, 存储数据, 玩家17,我艹403,25项快捷键12: 546	数据长度是16	数据类型为number
138474, 存储数据, 玩家17,我艹403,26项快捷键13: 547	数据长度是16	数据类型为number
138474, 存储数据, 玩家17,我艹403,27项快捷键14: 548	数据长度是16	数据类型为number
138474, 存储数据, 玩家17,我艹403,28项快捷键15: 549	数据长度是16	数据类型为number
138474, 存储数据, 玩家17,我艹403,29项快捷键16: 0	数据长度是16	数据类型为number
138474, 存储数据, 玩家17,我艹403,30项快捷键17: 0	数据长度是16	数据类型为number
138474, 存储数据, 玩家17,我艹403,31项快捷键18: 0	数据长度是16	数据类型为number
138474, 存储数据, 玩家17,我艹403,32项是否显示刀光: 1	数据长度是1	数据类型为number
138474, 存储数据, 玩家17,我艹403,33项显示刀光编号: 11	数据长度是8	数据类型为number
138474, 存储数据, 玩家17,我艹403,34项不显示翅膀: 0	数据长度是1	数据类型为number
138474, 存储数据, 玩家17,我艹403,35项显示翅膀编号: 3	数据长度是8	数据类型为number
138474, 存储数据, 玩家17,我艹403,36项孔明灯: 0	数据长度是8	数据类型为number
138474, 存储数据, 玩家17,我艹403,37项免控表现: 0	数据长度是8	数据类型为number
138474, 存储数据, 玩家17,我艹403,38项窗口锁定: 0	数据长度是8	数据类型为number
138474, 存储数据, 玩家17,我艹403,39项打孔明灯: 0	数据长度是8	数据类型为number
138474, 存储数据, 玩家17,我艹403,40项小地图头像: 0	数据长度是8	数据类型为number
138474, 存储数据, 玩家17,我艹403,41项画笔库6: 0	数据长度是8	数据类型为number
138474, 存储数据, 玩家17,我艹403,42项画笔库7: 0	数据长度是8	数据类型为number
138474, 存储数据, 玩家17,我艹403,43项画笔库8: 0	数据长度是8	数据类型为number
138474, 存储数据, 玩家17,我艹403,44项会员功能1: 1	数据长度是1	数据类型为number
138474, 存储数据, 玩家17,我艹403,45项会员功能2: 1	数据长度是1	数据类型为number
138474, 存储数据, 玩家17,我艹403,46项会员功能3: 1	数据长度是1	数据类型为number
138474, 存储数据, 玩家17,我艹403,47项会员功能4: 1	数据长度是1	数据类型为number
138474, 存储数据, 玩家17,我艹403,48项会员功能5: 1	数据长度是1	数据类型为number
138474, 存储数据, 玩家17,我艹403,49项会员功能6: 1	数据长度是1	数据类型为number
138474, 存储数据, 玩家17,我艹403,50项会员功能7: 1	数据长度是1	数据类型为number
138474, 存储数据, 玩家17,我艹403,51项会员功能8: 1	数据长度是1	数据类型为number
138474, 存储数据, 玩家17,我艹403,52项新商店左侧扩展面板: 1	数据长度是1	数据类型为number
138474, 存储数据, 玩家17,我艹403,53项新商店上部扩展面板: 1	数据长度是1	数据类型为number
138474, 存储数据, 玩家17,我艹403,54项新商店购买方式: 0	数据长度是1	数据类型为number
138474, 存储数据, 玩家17,我艹403,55项新商店商店模式: 0	数据长度是1	数据类型为number
138474, 存储数据, 玩家17,我艹403,56项预扣血模式: 0	数据长度是1	数据类型为number
138474, 存储数据, 玩家17,我艹403,57项回城特效: 5	数据长度是8	数据类型为number
138474, 存储数据, 玩家18,水中月008,1项画质: 1	数据长度是1	数据类型为number
138474, 存储数据, 玩家18,水中月008,2项滚屏速度: 14	数据长度是8	数据类型为number
138474, 存储数据, 玩家18,水中月008,3项更新内容面板开关: 0	数据长度是1	数据类型为number
138474, 存储数据, 玩家18,水中月008,4项游戏版本号: 1696	数据长度是16	数据类型为number
138474, 存储数据, 玩家18,水中月008,5项语音: 0	数据长度是1	数据类型为number
138474, 存储数据, 玩家18,水中月008,6项音响: 0	数据长度是1	数据类型为number
138474, 存储数据, 玩家18,水中月008,7项麦克风: 0	数据长度是1	数据类型为number
138474, 存储数据, 玩家18,水中月008,8项音响大小: 0	数据长度是8	数据类型为number
138474, 存储数据, 玩家18,水中月008,9项麦克风大小: 0	数据长度是8	数据类型为number
138474, 存储数据, 玩家18,水中月008,10项未知: 1	数据长度是1	数据类型为number
138474, 存储数据, 玩家18,水中月008,11项光照: 99	数据长度是8	数据类型为number
138474, 存储数据, 玩家18,水中月008,12项新F11面板模式: 0	数据长度是1	数据类型为number
138474, 存储数据, 玩家18,水中月008,13项血条区分敌我: 1	数据长度是1	数据类型为number
138474, 存储数据, 玩家18,水中月008,14项快捷键1: 41	数据长度是16	数据类型为number
138474, 存储数据, 玩家18,水中月008,15项快捷键2: 43	数据长度是16	数据类型为number
138474, 存储数据, 玩家18,水中月008,16项快捷键3: 61	数据长度是16	数据类型为number
138474, 存储数据, 玩家18,水中月008,17项快捷键4: 42	数据长度是16	数据类型为number
138474, 存储数据, 玩家18,水中月008,18项快捷键5: 56	数据长度是16	数据类型为number
138474, 存储数据, 玩家18,水中月008,19项快捷键6: 53	数据长度是16	数据类型为number
138474, 存储数据, 玩家18,水中月008,20项快捷键7: 541	数据长度是16	数据类型为number
138474, 存储数据, 玩家18,水中月008,21项快捷键8: 542	数据长度是16	数据类型为number
138474, 存储数据, 玩家18,水中月008,22项快捷键9: 543	数据长度是16	数据类型为number
138474, 存储数据, 玩家18,水中月008,23项快捷键10: 44	数据长度是16	数据类型为number
138474, 存储数据, 玩家18,水中月008,24项快捷键11: 33	数据长度是16	数据类型为number
138474, 存储数据, 玩家18,水中月008,25项快捷键12: 546	数据长度是16	数据类型为number
138474, 存储数据, 玩家18,水中月008,26项快捷键13: 64	数据长度是16	数据类型为number
138474, 存储数据, 玩家18,水中月008,27项快捷键14: 62	数据长度是16	数据类型为number
138474, 存储数据, 玩家18,水中月008,28项快捷键15: 0	数据长度是16	数据类型为number
138474, 存储数据, 玩家18,水中月008,29项快捷键16: 573	数据长度是16	数据类型为number
138474, 存储数据, 玩家18,水中月008,30项快捷键17: 555	数据长度是16	数据类型为number
138474, 存储数据, 玩家18,水中月008,31项快捷键18: 568	数据长度是16	数据类型为number
138474, 存储数据, 玩家18,水中月008,32项是否显示刀光: 1	数据长度是1	数据类型为number
138474, 存储数据, 玩家18,水中月008,33项显示刀光编号: 1	数据长度是8	数据类型为number
138474, 存储数据, 玩家18,水中月008,34项不显示翅膀: 0	数据长度是1	数据类型为number
138474, 存储数据, 玩家18,水中月008,35项显示翅膀编号: 3	数据长度是8	数据类型为number
138474, 存储数据, 玩家18,水中月008,36项孔明灯: 0	数据长度是8	数据类型为number
138474, 存储数据, 玩家18,水中月008,37项免控表现: 0	数据长度是8	数据类型为number
138474, 存储数据, 玩家18,水中月008,38项窗口锁定: 0	数据长度是8	数据类型为number
138474, 存储数据, 玩家18,水中月008,39项打孔明灯: 0	数据长度是8	数据类型为number
138474, 存储数据, 玩家18,水中月008,40项小地图头像: 0	数据长度是8	数据类型为number
138474, 存储数据, 玩家18,水中月008,41项画笔库6: 0	数据长度是8	数据类型为number
138474, 存储数据, 玩家18,水中月008,42项画笔库7: 0	数据长度是8	数据类型为number
138474, 存储数据, 玩家18,水中月008,43项画笔库8: 0	数据长度是8	数据类型为number
138474, 存储数据, 玩家18,水中月008,44项会员功能1: 1	数据长度是1	数据类型为number
138474, 存储数据, 玩家18,水中月008,45项会员功能2: 1	数据长度是1	数据类型为number
138474, 存储数据, 玩家18,水中月008,46项会员功能3: 1	数据长度是1	数据类型为number
138474, 存储数据, 玩家18,水中月008,47项会员功能4: 1	数据长度是1	数据类型为number
138474, 存储数据, 玩家18,水中月008,48项会员功能5: 0	数据长度是1	数据类型为number
138474, 存储数据, 玩家18,水中月008,49项会员功能6: 1	数据长度是1	数据类型为number
138474, 存储数据, 玩家18,水中月008,50项会员功能7: 1	数据长度是1	数据类型为number
138474, 存储数据, 玩家18,水中月008,51项会员功能8: 1	数据长度是1	数据类型为number
138474, 存储数据, 玩家18,水中月008,52项新商店左侧扩展面板: 1	数据长度是1	数据类型为number
138474, 存储数据, 玩家18,水中月008,53项新商店上部扩展面板: 1	数据长度是1	数据类型为number
138474, 存储数据, 玩家18,水中月008,54项新商店购买方式: 0	数据长度是1	数据类型为number
138474, 存储数据, 玩家18,水中月008,55项新商店商店模式: 1	数据长度是1	数据类型为number
138474, 存储数据, 玩家18,水中月008,56项预扣血模式: 0	数据长度是1	数据类型为number
138474, 存储数据, 玩家18,水中月008,57项回城特效: 0	数据长度是8	数据类型为number
138474, 存储数据, 玩家19,马小岱丶1,1项画质: 1	数据长度是1	数据类型为number
138474, 存储数据, 玩家19,马小岱丶1,2项滚屏速度: 12	数据长度是8	数据类型为number
138474, 存储数据, 玩家19,马小岱丶1,3项更新内容面板开关: 0	数据长度是1	数据类型为number
138474, 存储数据, 玩家19,马小岱丶1,4项游戏版本号: 1696	数据长度是16	数据类型为number
138474, 存储数据, 玩家19,马小岱丶1,5项语音: 0	数据长度是1	数据类型为number
138474, 存储数据, 玩家19,马小岱丶1,6项音响: 0	数据长度是1	数据类型为number
138474, 存储数据, 玩家19,马小岱丶1,7项麦克风: 1	数据长度是1	数据类型为number
138474, 存储数据, 玩家19,马小岱丶1,8项音响大小: 0	数据长度是8	数据类型为number
138474, 存储数据, 玩家19,马小岱丶1,9项麦克风大小: 0	数据长度是8	数据类型为number
138474, 存储数据, 玩家19,马小岱丶1,10项未知: 1	数据长度是1	数据类型为number
138474, 存储数据, 玩家19,马小岱丶1,11项光照: 67	数据长度是8	数据类型为number
138474, 存储数据, 玩家19,马小岱丶1,12项新F11面板模式: 1	数据长度是1	数据类型为number
138474, 存储数据, 玩家19,马小岱丶1,13项血条区分敌我: 1	数据长度是1	数据类型为number
138474, 存储数据, 玩家19,马小岱丶1,14项快捷键1: 41	数据长度是16	数据类型为number
138474, 存储数据, 玩家19,马小岱丶1,15项快捷键2: 43	数据长度是16	数据类型为number
138474, 存储数据, 玩家19,马小岱丶1,16项快捷键3: 61	数据长度是16	数据类型为number
138474, 存储数据, 玩家19,马小岱丶1,17项快捷键4: 42	数据长度是16	数据类型为number
138474, 存储数据, 玩家19,马小岱丶1,18项快捷键5: 0	数据长度是16	数据类型为number
138474, 存储数据, 玩家19,马小岱丶1,19项快捷键6: 53	数据长度是16	数据类型为number
138474, 存储数据, 玩家19,马小岱丶1,20项快捷键7: 541	数据长度是16	数据类型为number
138474, 存储数据, 玩家19,马小岱丶1,21项快捷键8: 542	数据长度是16	数据类型为number
138474, 存储数据, 玩家19,马小岱丶1,22项快捷键9: 543	数据长度是16	数据类型为number
138474, 存储数据, 玩家19,马小岱丶1,23项快捷键10: 64	数据长度是16	数据类型为number
138474, 存储数据, 玩家19,马小岱丶1,24项快捷键11: 44	数据长度是16	数据类型为number
138474, 存储数据, 玩家19,马小岱丶1,25项快捷键12: 56	数据长度是16	数据类型为number
138474, 存储数据, 玩家19,马小岱丶1,26项快捷键13: 547	数据长度是16	数据类型为number
138474, 存储数据, 玩家19,马小岱丶1,27项快捷键14: 548	数据长度是16	数据类型为number
138474, 存储数据, 玩家19,马小岱丶1,28项快捷键15: 549	数据长度是16	数据类型为number
138474, 存储数据, 玩家19,马小岱丶1,29项快捷键16: 573	数据长度是16	数据类型为number
138474, 存储数据, 玩家19,马小岱丶1,30项快捷键17: 555	数据长度是16	数据类型为number
138474, 存储数据, 玩家19,马小岱丶1,31项快捷键18: 568	数据长度是16	数据类型为number
138474, 存储数据, 玩家19,马小岱丶1,32项是否显示刀光: 1	数据长度是1	数据类型为number
138474, 存储数据, 玩家19,马小岱丶1,33项显示刀光编号: 11	数据长度是8	数据类型为number
138474, 存储数据, 玩家19,马小岱丶1,34项不显示翅膀: 1	数据长度是1	数据类型为number
138474, 存储数据, 玩家19,马小岱丶1,35项显示翅膀编号: 0	数据长度是8	数据类型为number
138474, 存储数据, 玩家19,马小岱丶1,36项孔明灯: 0	数据长度是8	数据类型为number
138474, 存储数据, 玩家19,马小岱丶1,37项免控表现: 0	数据长度是8	数据类型为number
138474, 存储数据, 玩家19,马小岱丶1,38项窗口锁定: 0	数据长度是8	数据类型为number
138474, 存储数据, 玩家19,马小岱丶1,39项打孔明灯: 0	数据长度是8	数据类型为number
138474, 存储数据, 玩家19,马小岱丶1,40项小地图头像: 1	数据长度是8	数据类型为number
138474, 存储数据, 玩家19,马小岱丶1,41项画笔库6: 0	数据长度是8	数据类型为number
138474, 存储数据, 玩家19,马小岱丶1,42项画笔库7: 0	数据长度是8	数据类型为number
138474, 存储数据, 玩家19,马小岱丶1,43项画笔库8: 0	数据长度是8	数据类型为number
138474, 存储数据, 玩家19,马小岱丶1,44项会员功能1: 1	数据长度是1	数据类型为number
138474, 存储数据, 玩家19,马小岱丶1,45项会员功能2: 1	数据长度是1	数据类型为number
138474, 存储数据, 玩家19,马小岱丶1,46项会员功能3: 0	数据长度是1	数据类型为number
138474, 存储数据, 玩家19,马小岱丶1,47项会员功能4: 1	数据长度是1	数据类型为number
138474, 存储数据, 玩家19,马小岱丶1,48项会员功能5: 0	数据长度是1	数据类型为number
138474, 存储数据, 玩家19,马小岱丶1,49项会员功能6: 1	数据长度是1	数据类型为number
138474, 存储数据, 玩家19,马小岱丶1,50项会员功能7: 1	数据长度是1	数据类型为number
138474, 存储数据, 玩家19,马小岱丶1,51项会员功能8: 1	数据长度是1	数据类型为number
138474, 存储数据, 玩家19,马小岱丶1,52项新商店左侧扩展面板: 1	数据长度是1	数据类型为number
138474, 存储数据, 玩家19,马小岱丶1,53项新商店上部扩展面板: 1	数据长度是1	数据类型为number
138474, 存储数据, 玩家19,马小岱丶1,54项新商店购买方式: 0	数据长度是1	数据类型为number
138474, 存储数据, 玩家19,马小岱丶1,55项新商店商店模式: 1	数据长度是1	数据类型为number
138474, 存储数据, 玩家19,马小岱丶1,56项预扣血模式: 0	数据长度是1	数据类型为number
138474, 存储数据, 玩家19,马小岱丶1,57项回城特效: 0	数据长度是8	数据类型为number
138474, 存储数据, 玩家20,硪只在乎祢,1项画质: 1	数据长度是1	数据类型为number
138474, 存储数据, 玩家20,硪只在乎祢,2项滚屏速度: 25	数据长度是8	数据类型为number
138474, 存储数据, 玩家20,硪只在乎祢,3项更新内容面板开关: 0	数据长度是1	数据类型为number
138474, 存储数据, 玩家20,硪只在乎祢,4项游戏版本号: 1696	数据长度是16	数据类型为number
138474, 存储数据, 玩家20,硪只在乎祢,5项语音: 0	数据长度是1	数据类型为number
138474, 存储数据, 玩家20,硪只在乎祢,6项音响: 0	数据长度是1	数据类型为number
138474, 存储数据, 玩家20,硪只在乎祢,7项麦克风: 0	数据长度是1	数据类型为number
138474, 存储数据, 玩家20,硪只在乎祢,8项音响大小: 0	数据长度是8	数据类型为number
138474, 存储数据, 玩家20,硪只在乎祢,9项麦克风大小: 0	数据长度是8	数据类型为number
138474, 存储数据, 玩家20,硪只在乎祢,10项未知: 1	数据长度是1	数据类型为number
138474, 存储数据, 玩家20,硪只在乎祢,11项光照: 99	数据长度是8	数据类型为number
138474, 存储数据, 玩家20,硪只在乎祢,12项新F11面板模式: 0	数据长度是1	数据类型为number
138474, 存储数据, 玩家20,硪只在乎祢,13项血条区分敌我: 1	数据长度是1	数据类型为number
138474, 存储数据, 玩家20,硪只在乎祢,14项快捷键1: 41	数据长度是16	数据类型为number
138474, 存储数据, 玩家20,硪只在乎祢,15项快捷键2: 43	数据长度是16	数据类型为number
138474, 存储数据, 玩家20,硪只在乎祢,16项快捷键3: 61	数据长度是16	数据类型为number
138474, 存储数据, 玩家20,硪只在乎祢,17项快捷键4: 42	数据长度是16	数据类型为number
138474, 存储数据, 玩家20,硪只在乎祢,18项快捷键5: 56	数据长度是16	数据类型为number
138474, 存储数据, 玩家20,硪只在乎祢,19项快捷键6: 53	数据长度是16	数据类型为number
138474, 存储数据, 玩家20,硪只在乎祢,20项快捷键7: 541	数据长度是16	数据类型为number
138474, 存储数据, 玩家20,硪只在乎祢,21项快捷键8: 542	数据长度是16	数据类型为number
138474, 存储数据, 玩家20,硪只在乎祢,22项快捷键9: 543	数据长度是16	数据类型为number
138474, 存储数据, 玩家20,硪只在乎祢,23项快捷键10: 544	数据长度是16	数据类型为number
138474, 存储数据, 玩家20,硪只在乎祢,24项快捷键11: 567	数据长度是16	数据类型为number
138474, 存储数据, 玩家20,硪只在乎祢,25项快捷键12: 555	数据长度是16	数据类型为number
138474, 存储数据, 玩家20,硪只在乎祢,26项快捷键13: 551	数据长度是16	数据类型为number
138474, 存储数据, 玩家20,硪只在乎祢,27项快捷键14: 569	数据长度是16	数据类型为number
138474, 存储数据, 玩家20,硪只在乎祢,28项快捷键15: 554	数据长度是16	数据类型为number
138474, 存储数据, 玩家20,硪只在乎祢,29项快捷键16: 573	数据长度是16	数据类型为number
138474, 存储数据, 玩家20,硪只在乎祢,30项快捷键17: 0	数据长度是16	数据类型为number
138474, 存储数据, 玩家20,硪只在乎祢,31项快捷键18: 568	数据长度是16	数据类型为number
138474, 存储数据, 玩家20,硪只在乎祢,32项是否显示刀光: 1	数据长度是1	数据类型为number
138474, 存储数据, 玩家20,硪只在乎祢,33项显示刀光编号: 9	数据长度是8	数据类型为number
138474, 存储数据, 玩家20,硪只在乎祢,34项不显示翅膀: 0	数据长度是1	数据类型为number
138474, 存储数据, 玩家20,硪只在乎祢,35项显示翅膀编号: 4	数据长度是8	数据类型为number
138474, 存储数据, 玩家20,硪只在乎祢,36项孔明灯: 0	数据长度是8	数据类型为number
138474, 存储数据, 玩家20,硪只在乎祢,37项免控表现: 0	数据长度是8	数据类型为number
138474, 存储数据, 玩家20,硪只在乎祢,38项窗口锁定: 1	数据长度是8	数据类型为number
138474, 存储数据, 玩家20,硪只在乎祢,39项打孔明灯: 0	数据长度是8	数据类型为number
138474, 存储数据, 玩家20,硪只在乎祢,40项小地图头像: 3	数据长度是8	数据类型为number
138474, 存储数据, 玩家20,硪只在乎祢,41项画笔库6: 0	数据长度是8	数据类型为number
138474, 存储数据, 玩家20,硪只在乎祢,42项画笔库7: 0	数据长度是8	数据类型为number
138474, 存储数据, 玩家20,硪只在乎祢,43项画笔库8: 0	数据长度是8	数据类型为number
138474, 存储数据, 玩家20,硪只在乎祢,44项会员功能1: 1	数据长度是1	数据类型为number
138474, 存储数据, 玩家20,硪只在乎祢,45项会员功能2: 1	数据长度是1	数据类型为number
138474, 存储数据, 玩家20,硪只在乎祢,46项会员功能3: 1	数据长度是1	数据类型为number
138474, 存储数据, 玩家20,硪只在乎祢,47项会员功能4: 1	数据长度是1	数据类型为number
138474, 存储数据, 玩家20,硪只在乎祢,48项会员功能5: 1	数据长度是1	数据类型为number
138474, 存储数据, 玩家20,硪只在乎祢,49项会员功能6: 1	数据长度是1	数据类型为number
138474, 存储数据, 玩家20,硪只在乎祢,50项会员功能7: 1	数据长度是1	数据类型为number
138474, 存储数据, 玩家20,硪只在乎祢,51项会员功能8: 1	数据长度是1	数据类型为number
138474, 存储数据, 玩家20,硪只在乎祢,52项新商店左侧扩展面板: 1	数据长度是1	数据类型为number
138474, 存储数据, 玩家20,硪只在乎祢,53项新商店上部扩展面板: 1	数据长度是1	数据类型为number
138474, 存储数据, 玩家20,硪只在乎祢,54项新商店购买方式: 0	数据长度是1	数据类型为number
138474, 存储数据, 玩家20,硪只在乎祢,55项新商店商店模式: 1	数据长度是1	数据类型为number
138474, 存储数据, 玩家20,硪只在乎祢,56项预扣血模式: 1	数据长度是1	数据类型为number
138474, 存储数据, 玩家20,硪只在乎祢,57项回城特效: 14	数据长度是8	数据类型为number
138474, 存储数据, 玩家21,蜀国,1项画质: 1	数据长度是1	数据类型为number
138474, 存储数据, 玩家21,蜀国,2项滚屏速度: 20	数据长度是8	数据类型为number
138474, 存储数据, 玩家21,蜀国,3项更新内容面板开关: 0	数据长度是1	数据类型为number
138474, 存储数据, 玩家21,蜀国,4项游戏版本号: 0	数据长度是16	数据类型为number
138474, 存储数据, 玩家21,蜀国,5项语音: 0	数据长度是1	数据类型为number
138474, 存储数据, 玩家21,蜀国,6项音响: 0	数据长度是1	数据类型为number
138474, 存储数据, 玩家21,蜀国,7项麦克风: 0	数据长度是1	数据类型为number
138474, 存储数据, 玩家21,蜀国,8项音响大小: 0	数据长度是8	数据类型为number
138474, 存储数据, 玩家21,蜀国,9项麦克风大小: 0	数据长度是8	数据类型为number
138474, 存储数据, 玩家21,蜀国,10项未知: 0	数据长度是1	数据类型为number
138474, 存储数据, 玩家21,蜀国,11项光照: 99	数据长度是8	数据类型为number
138474, 存储数据, 玩家21,蜀国,12项新F11面板模式: 1	数据长度是1	数据类型为number
138474, 存储数据, 玩家21,蜀国,13项血条区分敌我: 1	数据长度是1	数据类型为number
138474, 存储数据, 玩家21,蜀国,14项快捷键1: 41	数据长度是16	数据类型为number
138474, 存储数据, 玩家21,蜀国,15项快捷键2: 43	数据长度是16	数据类型为number
138474, 存储数据, 玩家21,蜀国,16项快捷键3: 61	数据长度是16	数据类型为number
138474, 存储数据, 玩家21,蜀国,17项快捷键4: 42	数据长度是16	数据类型为number
138474, 存储数据, 玩家21,蜀国,18项快捷键5: 56	数据长度是16	数据类型为number
138474, 存储数据, 玩家21,蜀国,19项快捷键6: 53	数据长度是16	数据类型为number
138474, 存储数据, 玩家21,蜀国,20项快捷键7: 541	数据长度是16	数据类型为number
138474, 存储数据, 玩家21,蜀国,21项快捷键8: 542	数据长度是16	数据类型为number
138474, 存储数据, 玩家21,蜀国,22项快捷键9: 543	数据长度是16	数据类型为number
138474, 存储数据, 玩家21,蜀国,23项快捷键10: 544	数据长度是16	数据类型为number
138474, 存储数据, 玩家21,蜀国,24项快捷键11: 545	数据长度是16	数据类型为number
138474, 存储数据, 玩家21,蜀国,25项快捷键12: 546	数据长度是16	数据类型为number
138474, 存储数据, 玩家21,蜀国,26项快捷键13: 547	数据长度是16	数据类型为number
138474, 存储数据, 玩家21,蜀国,27项快捷键14: 548	数据长度是16	数据类型为number
138474, 存储数据, 玩家21,蜀国,28项快捷键15: 549	数据长度是16	数据类型为number
138474, 存储数据, 玩家21,蜀国,29项快捷键16: 573	数据长度是16	数据类型为number
138474, 存储数据, 玩家21,蜀国,30项快捷键17: 555	数据长度是16	数据类型为number
138474, 存储数据, 玩家21,蜀国,31项快捷键18: 568	数据长度是16	数据类型为number
138474, 存储数据, 玩家21,蜀国,32项是否显示刀光: 1	数据长度是1	数据类型为number
138474, 存储数据, 玩家21,蜀国,33项显示刀光编号: 1	数据长度是8	数据类型为number
138474, 存储数据, 玩家21,蜀国,34项不显示翅膀: 0	数据长度是1	数据类型为number
138474, 存储数据, 玩家21,蜀国,35项显示翅膀编号: 0	数据长度是8	数据类型为number
138474, 存储数据, 玩家21,蜀国,36项孔明灯: 0	数据长度是8	数据类型为number
138474, 存储数据, 玩家21,蜀国,37项免控表现: 1	数据长度是8	数据类型为number
138474, 存储数据, 玩家21,蜀国,38项窗口锁定: 0	数据长度是8	数据类型为number
138474, 存储数据, 玩家21,蜀国,39项打孔明灯: 0	数据长度是8	数据类型为number
138474, 存储数据, 玩家21,蜀国,40项小地图头像: 1	数据长度是8	数据类型为number
138474, 存储数据, 玩家21,蜀国,41项画笔库6: 0	数据长度是8	数据类型为number
138474, 存储数据, 玩家21,蜀国,42项画笔库7: 0	数据长度是8	数据类型为number
138474, 存储数据, 玩家21,蜀国,43项画笔库8: 0	数据长度是8	数据类型为number
138474, 存储数据, 玩家21,蜀国,44项会员功能1: 1	数据长度是1	数据类型为number
138474, 存储数据, 玩家21,蜀国,45项会员功能2: 1	数据长度是1	数据类型为number
138474, 存储数据, 玩家21,蜀国,46项会员功能3: 1	数据长度是1	数据类型为number
138474, 存储数据, 玩家21,蜀国,47项会员功能4: 1	数据长度是1	数据类型为number
138474, 存储数据, 玩家21,蜀国,48项会员功能5: 1	数据长度是1	数据类型为number
138474, 存储数据, 玩家21,蜀国,49项会员功能6: 1	数据长度是1	数据类型为number
138474, 存储数据, 玩家21,蜀国,50项会员功能7: 1	数据长度是1	数据类型为number
138474, 存储数据, 玩家21,蜀国,51项会员功能8: 1	数据长度是1	数据类型为number
138474, 存储数据, 玩家21,蜀国,52项新商店左侧扩展面板: 1	数据长度是1	数据类型为number
138474, 存储数据, 玩家21,蜀国,53项新商店上部扩展面板: 1	数据长度是1	数据类型为number
138474, 存储数据, 玩家21,蜀国,54项新商店购买方式: 0	数据长度是1	数据类型为number
138474, 存储数据, 玩家21,蜀国,55项新商店商店模式: 0	数据长度是1	数据类型为number
138474, 存储数据, 玩家21,蜀国,56项预扣血模式: 0	数据长度是1	数据类型为number
138474, 存储数据, 玩家21,蜀国,57项回城特效: 0	数据长度是8	数据类型为number
138474, 存储数据, 玩家22,魏国,1项画质: 1	数据长度是1	数据类型为number
138474, 存储数据, 玩家22,魏国,2项滚屏速度: 20	数据长度是8	数据类型为number
138474, 存储数据, 玩家22,魏国,3项更新内容面板开关: 0	数据长度是1	数据类型为number
138474, 存储数据, 玩家22,魏国,4项游戏版本号: 0	数据长度是16	数据类型为number
138474, 存储数据, 玩家22,魏国,5项语音: 0	数据长度是1	数据类型为number
138474, 存储数据, 玩家22,魏国,6项音响: 0	数据长度是1	数据类型为number
138474, 存储数据, 玩家22,魏国,7项麦克风: 0	数据长度是1	数据类型为number
138474, 存储数据, 玩家22,魏国,8项音响大小: 0	数据长度是8	数据类型为number
138474, 存储数据, 玩家22,魏国,9项麦克风大小: 0	数据长度是8	数据类型为number
138474, 存储数据, 玩家22,魏国,10项未知: 0	数据长度是1	数据类型为number
138474, 存储数据, 玩家22,魏国,11项光照: 99	数据长度是8	数据类型为number
138474, 存储数据, 玩家22,魏国,12项新F11面板模式: 1	数据长度是1	数据类型为number
138474, 存储数据, 玩家22,魏国,13项血条区分敌我: 1	数据长度是1	数据类型为number
138474, 存储数据, 玩家22,魏国,14项快捷键1: 41	数据长度是16	数据类型为number
138474, 存储数据, 玩家22,魏国,15项快捷键2: 43	数据长度是16	数据类型为number
138474, 存储数据, 玩家22,魏国,16项快捷键3: 61	数据长度是16	数据类型为number
138474, 存储数据, 玩家22,魏国,17项快捷键4: 42	数据长度是16	数据类型为number
138474, 存储数据, 玩家22,魏国,18项快捷键5: 56	数据长度是16	数据类型为number
138474, 存储数据, 玩家22,魏国,19项快捷键6: 53	数据长度是16	数据类型为number
138474, 存储数据, 玩家22,魏国,20项快捷键7: 541	数据长度是16	数据类型为number
138474, 存储数据, 玩家22,魏国,21项快捷键8: 542	数据长度是16	数据类型为number
138474, 存储数据, 玩家22,魏国,22项快捷键9: 543	数据长度是16	数据类型为number
138474, 存储数据, 玩家22,魏国,23项快捷键10: 544	数据长度是16	数据类型为number
138474, 存储数据, 玩家22,魏国,24项快捷键11: 545	数据长度是16	数据类型为number
138474, 存储数据, 玩家22,魏国,25项快捷键12: 546	数据长度是16	数据类型为number
138474, 存储数据, 玩家22,魏国,26项快捷键13: 547	数据长度是16	数据类型为number
138474, 存储数据, 玩家22,魏国,27项快捷键14: 548	数据长度是16	数据类型为number
138474, 存储数据, 玩家22,魏国,28项快捷键15: 549	数据长度是16	数据类型为number
138474, 存储数据, 玩家22,魏国,29项快捷键16: 573	数据长度是16	数据类型为number
138474, 存储数据, 玩家22,魏国,30项快捷键17: 555	数据长度是16	数据类型为number
138474, 存储数据, 玩家22,魏国,31项快捷键18: 568	数据长度是16	数据类型为number
138474, 存储数据, 玩家22,魏国,32项是否显示刀光: 1	数据长度是1	数据类型为number
138474, 存储数据, 玩家22,魏国,33项显示刀光编号: 1	数据长度是8	数据类型为number
138474, 存储数据, 玩家22,魏国,34项不显示翅膀: 0	数据长度是1	数据类型为number
138474, 存储数据, 玩家22,魏国,35项显示翅膀编号: 0	数据长度是8	数据类型为number
138474, 存储数据, 玩家22,魏国,36项孔明灯: 0	数据长度是8	数据类型为number
138474, 存储数据, 玩家22,魏国,37项免控表现: 1	数据长度是8	数据类型为number
138474, 存储数据, 玩家22,魏国,38项窗口锁定: 0	数据长度是8	数据类型为number
138474, 存储数据, 玩家22,魏国,39项打孔明灯: 0	数据长度是8	数据类型为number
138474, 存储数据, 玩家22,魏国,40项小地图头像: 1	数据长度是8	数据类型为number
138474, 存储数据, 玩家22,魏国,41项画笔库6: 0	数据长度是8	数据类型为number
138474, 存储数据, 玩家22,魏国,42项画笔库7: 0	数据长度是8	数据类型为number
138474, 存储数据, 玩家22,魏国,43项画笔库8: 0	数据长度是8	数据类型为number
138474, 存储数据, 玩家22,魏国,44项会员功能1: 1	数据长度是1	数据类型为number
138474, 存储数据, 玩家22,魏国,45项会员功能2: 1	数据长度是1	数据类型为number
138474, 存储数据, 玩家22,魏国,46项会员功能3: 1	数据长度是1	数据类型为number
138474, 存储数据, 玩家22,魏国,47项会员功能4: 1	数据长度是1	数据类型为number
138474, 存储数据, 玩家22,魏国,48项会员功能5: 1	数据长度是1	数据类型为number
138474, 存储数据, 玩家22,魏国,49项会员功能6: 1	数据长度是1	数据类型为number
138474, 存储数据, 玩家22,魏国,50项会员功能7: 1	数据长度是1	数据类型为number
138474, 存储数据, 玩家22,魏国,51项会员功能8: 1	数据长度是1	数据类型为number
138474, 存储数据, 玩家22,魏国,52项新商店左侧扩展面板: 1	数据长度是1	数据类型为number
138474, 存储数据, 玩家22,魏国,53项新商店上部扩展面板: 1	数据长度是1	数据类型为number
138474, 存储数据, 玩家22,魏国,54项新商店购买方式: 0	数据长度是1	数据类型为number
138474, 存储数据, 玩家22,魏国,55项新商店商店模式: 0	数据长度是1	数据类型为number
138474, 存储数据, 玩家22,魏国,56项预扣血模式: 0	数据长度是1	数据类型为number
138474, 存储数据, 玩家22,魏国,57项回城特效: 0	数据长度是8	数据类型为number
138474, 存储数据, 玩家23,中立敌对,1项画质: 1	数据长度是1	数据类型为number
138474, 存储数据, 玩家23,中立敌对,2项滚屏速度: 20	数据长度是8	数据类型为number
138474, 存储数据, 玩家23,中立敌对,3项更新内容面板开关: 0	数据长度是1	数据类型为number
138474, 存储数据, 玩家23,中立敌对,4项游戏版本号: 0	数据长度是16	数据类型为number
138474, 存储数据, 玩家23,中立敌对,5项语音: 0	数据长度是1	数据类型为number
138474, 存储数据, 玩家23,中立敌对,6项音响: 0	数据长度是1	数据类型为number
138474, 存储数据, 玩家23,中立敌对,7项麦克风: 0	数据长度是1	数据类型为number
138474, 存储数据, 玩家23,中立敌对,8项音响大小: 0	数据长度是8	数据类型为number
138474, 存储数据, 玩家23,中立敌对,9项麦克风大小: 0	数据长度是8	数据类型为number
138474, 存储数据, 玩家23,中立敌对,10项未知: 0	数据长度是1	数据类型为number
138474, 存储数据, 玩家23,中立敌对,11项光照: 99	数据长度是8	数据类型为number
138474, 存储数据, 玩家23,中立敌对,12项新F11面板模式: 1	数据长度是1	数据类型为number
138474, 存储数据, 玩家23,中立敌对,13项血条区分敌我: 1	数据长度是1	数据类型为number
138474, 存储数据, 玩家23,中立敌对,14项快捷键1: 41	数据长度是16	数据类型为number
138474, 存储数据, 玩家23,中立敌对,15项快捷键2: 43	数据长度是16	数据类型为number
138474, 存储数据, 玩家23,中立敌对,16项快捷键3: 61	数据长度是16	数据类型为number
138474, 存储数据, 玩家23,中立敌对,17项快捷键4: 42	数据长度是16	数据类型为number
138474, 存储数据, 玩家23,中立敌对,18项快捷键5: 56	数据长度是16	数据类型为number
138474, 存储数据, 玩家23,中立敌对,19项快捷键6: 53	数据长度是16	数据类型为number
138474, 存储数据, 玩家23,中立敌对,20项快捷键7: 541	数据长度是16	数据类型为number
138474, 存储数据, 玩家23,中立敌对,21项快捷键8: 542	数据长度是16	数据类型为number
138474, 存储数据, 玩家23,中立敌对,22项快捷键9: 543	数据长度是16	数据类型为number
138474, 存储数据, 玩家23,中立敌对,23项快捷键10: 544	数据长度是16	数据类型为number
138474, 存储数据, 玩家23,中立敌对,24项快捷键11: 545	数据长度是16	数据类型为number
138474, 存储数据, 玩家23,中立敌对,25项快捷键12: 546	数据长度是16	数据类型为number
138474, 存储数据, 玩家23,中立敌对,26项快捷键13: 547	数据长度是16	数据类型为number
138474, 存储数据, 玩家23,中立敌对,27项快捷键14: 548	数据长度是16	数据类型为number
138474, 存储数据, 玩家23,中立敌对,28项快捷键15: 549	数据长度是16	数据类型为number
138474, 存储数据, 玩家23,中立敌对,29项快捷键16: 573	数据长度是16	数据类型为number
138474, 存储数据, 玩家23,中立敌对,30项快捷键17: 555	数据长度是16	数据类型为number
138474, 存储数据, 玩家23,中立敌对,31项快捷键18: 568	数据长度是16	数据类型为number
138474, 存储数据, 玩家23,中立敌对,32项是否显示刀光: 1	数据长度是1	数据类型为number
138474, 存储数据, 玩家23,中立敌对,33项显示刀光编号: 1	数据长度是8	数据类型为number
138474, 存储数据, 玩家23,中立敌对,34项不显示翅膀: 0	数据长度是1	数据类型为number
138474, 存储数据, 玩家23,中立敌对,35项显示翅膀编号: 0	数据长度是8	数据类型为number
138474, 存储数据, 玩家23,中立敌对,36项孔明灯: 0	数据长度是8	数据类型为number
138474, 存储数据, 玩家23,中立敌对,37项免控表现: 1	数据长度是8	数据类型为number
138474, 存储数据, 玩家23,中立敌对,38项窗口锁定: 0	数据长度是8	数据类型为number
138474, 存储数据, 玩家23,中立敌对,39项打孔明灯: 0	数据长度是8	数据类型为number
138474, 存储数据, 玩家23,中立敌对,40项小地图头像: 1	数据长度是8	数据类型为number
138474, 存储数据, 玩家23,中立敌对,41项画笔库6: 0	数据长度是8	数据类型为number
138474, 存储数据, 玩家23,中立敌对,42项画笔库7: 0	数据长度是8	数据类型为number
138474, 存储数据, 玩家23,中立敌对,43项画笔库8: 0	数据长度是8	数据类型为number
138474, 存储数据, 玩家23,中立敌对,44项会员功能1: 1	数据长度是1	数据类型为number
138474, 存储数据, 玩家23,中立敌对,45项会员功能2: 1	数据长度是1	数据类型为number
138474, 存储数据, 玩家23,中立敌对,46项会员功能3: 1	数据长度是1	数据类型为number
138474, 存储数据, 玩家23,中立敌对,47项会员功能4: 1	数据长度是1	数据类型为number
138474, 存储数据, 玩家23,中立敌对,48项会员功能5: 1	数据长度是1	数据类型为number
138474, 存储数据, 玩家23,中立敌对,49项会员功能6: 1	数据长度是1	数据类型为number
138474, 存储数据, 玩家23,中立敌对,50项会员功能7: 1	数据长度是1	数据类型为number
138474, 存储数据, 玩家23,中立敌对,51项会员功能8: 1	数据长度是1	数据类型为number
138474, 存储数据, 玩家23,中立敌对,52项新商店左侧扩展面板: 1	数据长度是1	数据类型为number
138474, 存储数据, 玩家23,中立敌对,53项新商店上部扩展面板: 1	数据长度是1	数据类型为number
138474, 存储数据, 玩家23,中立敌对,54项新商店购买方式: 0	数据长度是1	数据类型为number
138474, 存储数据, 玩家23,中立敌对,55项新商店商店模式: 0	数据长度是1	数据类型为number
138474, 存储数据, 玩家23,中立敌对,56项预扣血模式: 0	数据长度是1	数据类型为number
138474, 存储数据, 玩家23,中立敌对,57项回城特效: 0	数据长度是8	数据类型为number
138474, 存储数据, 玩家24,中立无敌意,1项画质: 1	数据长度是1	数据类型为number
138474, 存储数据, 玩家24,中立无敌意,2项滚屏速度: 20	数据长度是8	数据类型为number
138474, 存储数据, 玩家24,中立无敌意,3项更新内容面板开关: 0	数据长度是1	数据类型为number
138474, 存储数据, 玩家24,中立无敌意,4项游戏版本号: 0	数据长度是16	数据类型为number
138474, 存储数据, 玩家24,中立无敌意,5项语音: 0	数据长度是1	数据类型为number
138474, 存储数据, 玩家24,中立无敌意,6项音响: 0	数据长度是1	数据类型为number
138474, 存储数据, 玩家24,中立无敌意,7项麦克风: 0	数据长度是1	数据类型为number
138474, 存储数据, 玩家24,中立无敌意,8项音响大小: 0	数据长度是8	数据类型为number
138474, 存储数据, 玩家24,中立无敌意,9项麦克风大小: 0	数据长度是8	数据类型为number
138474, 存储数据, 玩家24,中立无敌意,10项未知: 0	数据长度是1	数据类型为number
138474, 存储数据, 玩家24,中立无敌意,11项光照: 99	数据长度是8	数据类型为number
138474, 存储数据, 玩家24,中立无敌意,12项新F11面板模式: 1	数据长度是1	数据类型为number
138474, 存储数据, 玩家24,中立无敌意,13项血条区分敌我: 1	数据长度是1	数据类型为number
138474, 存储数据, 玩家24,中立无敌意,14项快捷键1: 41	数据长度是16	数据类型为number
138474, 存储数据, 玩家24,中立无敌意,15项快捷键2: 43	数据长度是16	数据类型为number
138474, 存储数据, 玩家24,中立无敌意,16项快捷键3: 61	数据长度是16	数据类型为number
138474, 存储数据, 玩家24,中立无敌意,17项快捷键4: 42	数据长度是16	数据类型为number
138474, 存储数据, 玩家24,中立无敌意,18项快捷键5: 56	数据长度是16	数据类型为number
138474, 存储数据, 玩家24,中立无敌意,19项快捷键6: 53	数据长度是16	数据类型为number
138474, 存储数据, 玩家24,中立无敌意,20项快捷键7: 541	数据长度是16	数据类型为number
138474, 存储数据, 玩家24,中立无敌意,21项快捷键8: 542	数据长度是16	数据类型为number
138474, 存储数据, 玩家24,中立无敌意,22项快捷键9: 543	数据长度是16	数据类型为number
138474, 存储数据, 玩家24,中立无敌意,23项快捷键10: 544	数据长度是16	数据类型为number
138474, 存储数据, 玩家24,中立无敌意,24项快捷键11: 545	数据长度是16	数据类型为number
138474, 存储数据, 玩家24,中立无敌意,25项快捷键12: 546	数据长度是16	数据类型为number
138474, 存储数据, 玩家24,中立无敌意,26项快捷键13: 547	数据长度是16	数据类型为number
138474, 存储数据, 玩家24,中立无敌意,27项快捷键14: 548	数据长度是16	数据类型为number
138474, 存储数据, 玩家24,中立无敌意,28项快捷键15: 549	数据长度是16	数据类型为number
138474, 存储数据, 玩家24,中立无敌意,29项快捷键16: 573	数据长度是16	数据类型为number
138474, 存储数据, 玩家24,中立无敌意,30项快捷键17: 555	数据长度是16	数据类型为number
138474, 存储数据, 玩家24,中立无敌意,31项快捷键18: 568	数据长度是16	数据类型为number
138474, 存储数据, 玩家24,中立无敌意,32项是否显示刀光: 1	数据长度是1	数据类型为number
138474, 存储数据, 玩家24,中立无敌意,33项显示刀光编号: 1	数据长度是8	数据类型为number
138474, 存储数据, 玩家24,中立无敌意,34项不显示翅膀: 0	数据长度是1	数据类型为number
138474, 存储数据, 玩家24,中立无敌意,35项显示翅膀编号: 0	数据长度是8	数据类型为number
138474, 存储数据, 玩家24,中立无敌意,36项孔明灯: 0	数据长度是8	数据类型为number
138474, 存储数据, 玩家24,中立无敌意,37项免控表现: 1	数据长度是8	数据类型为number
138474, 存储数据, 玩家24,中立无敌意,38项窗口锁定: 0	数据长度是8	数据类型为number
138474, 存储数据, 玩家24,中立无敌意,39项打孔明灯: 0	数据长度是8	数据类型为number
138474, 存储数据, 玩家24,中立无敌意,40项小地图头像: 1	数据长度是8	数据类型为number
138474, 存储数据, 玩家24,中立无敌意,41项画笔库6: 0	数据长度是8	数据类型为number
138474, 存储数据, 玩家24,中立无敌意,42项画笔库7: 0	数据长度是8	数据类型为number
138474, 存储数据, 玩家24,中立无敌意,43项画笔库8: 0	数据长度是8	数据类型为number
138474, 存储数据, 玩家24,中立无敌意,44项会员功能1: 1	数据长度是1	数据类型为number
138474, 存储数据, 玩家24,中立无敌意,45项会员功能2: 1	数据长度是1	数据类型为number
138474, 存储数据, 玩家24,中立无敌意,46项会员功能3: 1	数据长度是1	数据类型为number
138474, 存储数据, 玩家24,中立无敌意,47项会员功能4: 1	数据长度是1	数据类型为number
138474, 存储数据, 玩家24,中立无敌意,48项会员功能5: 1	数据长度是1	数据类型为number
138474, 存储数据, 玩家24,中立无敌意,49项会员功能6: 1	数据长度是1	数据类型为number
138474, 存储数据, 玩家24,中立无敌意,50项会员功能7: 1	数据长度是1	数据类型为number
138474, 存储数据, 玩家24,中立无敌意,51项会员功能8: 1	数据长度是1	数据类型为number
138474, 存储数据, 玩家24,中立无敌意,52项新商店左侧扩展面板: 1	数据长度是1	数据类型为number
138474, 存储数据, 玩家24,中立无敌意,53项新商店上部扩展面板: 1	数据长度是1	数据类型为number
138474, 存储数据, 玩家24,中立无敌意,54项新商店购买方式: 0	数据长度是1	数据类型为number
138474, 存储数据, 玩家24,中立无敌意,55项新商店商店模式: 0	数据长度是1	数据类型为number
138474, 存储数据, 玩家24,中立无敌意,56项预扣血模式: 0	数据长度是1	数据类型为number
138474, 存储数据, 玩家24,中立无敌意,57项回城特效: 0	数据长度是8	数据类型为number
