0, 长度:952
0, 49676857 武勋buff:0
0, 124666991 武勋buff:0
0, 46633805 武勋buff:0
0, 69622517 武勋buff:0
0, 96335481 武勋buff:0
0, 109175625 武勋buff:0
0, 92787719 武勋buff:0
0, 103534347 武勋buff:0
0, 96084527 武勋buff:0
0, 91656334 武勋buff:0
0, 93690244 武勋buff:0
0, 91784009 武勋buff:0
0, 92460630 武勋buff:0
0, 124581493 武勋buff:0
0, 88737084 武勋buff:0
0, 59621218 武勋buff:0
0, 92360169 武勋buff:0
0, 61277556 武勋buff:0
0, 88148486 武勋buff:0
0, 89665793 武勋buff:0
0, pos:22 value:0
0, 新人pos:22 value:0
0, pos:21 value:0
0, 新人pos:21 value:0
0, pos:10 value:0
0, 新人pos:10 value:0
0, pos:9 value:0
0, 新人pos:9 value:0
0, pos:8 value:0
0, 新人pos:8 value:0
0, pos:7 value:0
0, 新人pos:7 value:0
0, pos:6 value:0
0, 新人pos:6 value:0
0, pos:5 value:0
0, 新人pos:5 value:0
0, pos:4 value:0
0, 新人pos:4 value:0
0, pos:3 value:0
0, 新人pos:3 value:0
0, pos:2 value:0
0, 新人pos:2 value:0
0, pos:1 value:0
0, 新人pos:1 value:0
0, pos:20 value:0
0, 新人pos:20 value:0
0, pos:19 value:0
0, 新人pos:19 value:0
0, pos:18 value:0
0, 新人pos:18 value:0
0, pos:17 value:0
0, 新人pos:17 value:0
0, pos:16 value:0
0, 新人pos:16 value:0
0, pos:15 value:0
0, 新人pos:15 value:0
0, pos:14 value:0
0, 新人pos:14 value:0
0, pos:13 value:0
0, 新人pos:13 value:0
0, pos:12 value:0
0, 新人pos:12 value:0
0, pos:11 value:0
0, 新人pos:11 value:0
829, 玩家:7 总类:1000 选择:2002 实际:2002
857, 玩家:10 总类:1000 选择:2002 实际:2002
873, 玩家:1 总类:1000 选择:1001 实际:1001
1033, 玩家:18 总类:1000 选择:1001 实际:1001
1345, 玩家:12 总类:1000 选择:1001 实际:1001
1461, 玩家:15 总类:1000 选择:1001 实际:1001
1553, 玩家:5 总类:1000 选择:1001 实际:1001
1677, 玩家:13 总类:1000 选择:3002 实际:3002
1677, 玩家:20 总类:1000 选择:2002 实际:2002
1677, 玩家:19 总类:1000 选择:3002 实际:3002
1945, 玩家:6 总类:1000 选择:2001 实际:2001
1969, 玩家:8 总类:1000 选择:3002 实际:3002
2161, 玩家:17 总类:1000 选择:4001 实际:4001
2433, 玩家:2 总类:1000 选择:2003 实际:2003
2865, 玩家:16 总类:1000 选择:4002 实际:4002
4425, 玩家:4 总类:1000 选择:2001 实际:2001
4669, 玩家:11 总类:1000 选择:4002 实际:4002
19577, pos:3 value:0
19577, 新人pos:3 value:0
19577, pos:22 value:0
19577, 新人pos:22 value:0
19577, pos:21 value:0
19577, 新人pos:21 value:0
19577, pos:10 value:0
19577, 新人pos:10 value:0
19577, pos:8 value:0
19577, 新人pos:8 value:0
19577, pos:7 value:0
19577, 新人pos:7 value:0
19577, pos:6 value:0
19577, 新人pos:6 value:0
19577, pos:5 value:0
19577, 新人pos:5 value:0
19577, pos:4 value:0
19577, 新人pos:4 value:0
19577, pos:2 value:0
19577, 新人pos:2 value:0
19577, pos:1 value:0
19577, 新人pos:1 value:0
19577, pos:20 value:0
19577, 新人pos:20 value:0
19577, pos:19 value:0
19577, 新人pos:19 value:0
19577, pos:18 value:0
19577, 新人pos:18 value:0
19577, pos:17 value:0
19577, 新人pos:17 value:0
19577, pos:16 value:0
19577, 新人pos:16 value:0
19577, pos:15 value:0
19577, 新人pos:15 value:0
19577, pos:13 value:0
19577, 新人pos:13 value:0
19577, pos:12 value:0
19577, 新人pos:12 value:0
19577, pos:11 value:0
19577, 新人pos:11 value:0
22697, 玩家:3 总类:1000 选择:2001 实际:2001
32093, pos:9 value:0
32093, 新人pos:9 value:0
32093, pos:3 value:0
32093, 新人pos:3 value:0
32093, pos:22 value:0
32093, 新人pos:22 value:0
32093, pos:21 value:0
32093, 新人pos:21 value:0
32093, pos:10 value:0
32093, 新人pos:10 value:0
32093, pos:8 value:0
32093, 新人pos:8 value:0
32093, pos:7 value:0
32093, 新人pos:7 value:0
32093, pos:6 value:0
32093, 新人pos:6 value:0
32093, pos:5 value:0
32093, 新人pos:5 value:0
32093, pos:4 value:0
32093, 新人pos:4 value:0
32093, pos:2 value:0
32093, 新人pos:2 value:0
32093, pos:1 value:0
32093, 新人pos:1 value:0
32093, pos:20 value:0
32093, 新人pos:20 value:0
32093, pos:19 value:0
32093, 新人pos:19 value:0
32093, pos:18 value:0
32093, 新人pos:18 value:0
32093, pos:17 value:0
32093, 新人pos:17 value:0
32093, pos:16 value:0
32093, 新人pos:16 value:0
32093, pos:15 value:0
32093, 新人pos:15 value:0
32093, pos:13 value:0
32093, 新人pos:13 value:0
32093, pos:12 value:0
32093, 新人pos:12 value:0
32093, pos:11 value:0
32093, 新人pos:11 value:0
34181, 玩家:9 总类:1000 选择:1001 实际:1001
37969, pos:14 value:0
37969, 新人pos:14 value:0
37969, pos:9 value:0
37969, 新人pos:9 value:0
37969, pos:22 value:0
37969, 新人pos:22 value:0
37969, pos:21 value:0
37969, 新人pos:21 value:0
37969, pos:10 value:0
37969, 新人pos:10 value:0
37969, pos:8 value:0
37969, 新人pos:8 value:0
37969, pos:7 value:0
37969, 新人pos:7 value:0
37969, pos:6 value:0
37969, 新人pos:6 value:0
37969, pos:5 value:0
37969, 新人pos:5 value:0
37969, pos:4 value:0
37969, 新人pos:4 value:0
37969, pos:2 value:0
37969, 新人pos:2 value:0
37969, pos:1 value:0
37969, 新人pos:1 value:0
37969, pos:20 value:0
37969, 新人pos:20 value:0
37969, pos:19 value:0
37969, 新人pos:19 value:0
37969, pos:18 value:0
37969, 新人pos:18 value:0
37969, pos:17 value:0
37969, 新人pos:17 value:0
37969, pos:16 value:0
37969, 新人pos:16 value:0
37969, pos:15 value:0
37969, 新人pos:15 value:0
37969, pos:13 value:0
37969, 新人pos:13 value:0
37969, pos:12 value:0
37969, 新人pos:12 value:0
37969, pos:11 value:0
37969, 新人pos:11 value:0
40421, 玩家:14 总类:1000 选择:1001 实际:1001
42657, pos:3 value:0
42657, 新人pos:3 value:0
42657, pos:14 value:0
42657, 新人pos:14 value:0
42657, pos:9 value:0
42657, 新人pos:9 value:0
42657, pos:22 value:0
42657, 新人pos:22 value:0
42657, pos:21 value:0
42657, 新人pos:21 value:0
42657, pos:10 value:0
42657, 新人pos:10 value:0
42657, pos:8 value:0
42657, 新人pos:8 value:0
42657, pos:7 value:0
42657, 新人pos:7 value:0
42657, pos:6 value:0
42657, 新人pos:6 value:0
42657, pos:5 value:0
42657, 新人pos:5 value:0
42657, pos:4 value:0
42657, 新人pos:4 value:0
42657, pos:2 value:0
42657, 新人pos:2 value:0
42657, pos:1 value:0
42657, 新人pos:1 value:0
42657, pos:20 value:0
42657, 新人pos:20 value:0
42657, pos:19 value:0
42657, 新人pos:19 value:0
42657, pos:18 value:0
42657, 新人pos:18 value:0
42657, pos:17 value:0
42657, 新人pos:17 value:0
42657, pos:16 value:0
42657, 新人pos:16 value:0
42657, pos:15 value:0
42657, 新人pos:15 value:0
42657, pos:13 value:0
42657, 新人pos:13 value:0
42657, pos:12 value:0
42657, 新人pos:12 value:0
42657, pos:11 value:0
42657, 新人pos:11 value:0
55621, pos:15 value:0
55621, 新人pos:15 value:0
55621, pos:3 value:0
55621, 新人pos:3 value:0
55621, pos:14 value:0
55621, 新人pos:14 value:0
55621, pos:9 value:0
55621, 新人pos:9 value:0
55621, pos:22 value:0
55621, 新人pos:22 value:0
55621, pos:21 value:0
55621, 新人pos:21 value:0
55621, pos:10 value:0
55621, 新人pos:10 value:0
55621, pos:8 value:0
55621, 新人pos:8 value:0
55621, pos:7 value:0
55621, 新人pos:7 value:0
55621, pos:6 value:0
55621, 新人pos:6 value:0
55621, pos:5 value:0
55621, 新人pos:5 value:0
55621, pos:4 value:0
55621, 新人pos:4 value:0
55621, pos:2 value:0
55621, 新人pos:2 value:0
55621, pos:1 value:0
55621, 新人pos:1 value:0
55621, pos:20 value:0
55621, 新人pos:20 value:0
55621, pos:19 value:0
55621, 新人pos:19 value:0
55621, pos:18 value:0
55621, 新人pos:18 value:0
55621, pos:17 value:0
55621, 新人pos:17 value:0
55621, pos:16 value:0
55621, 新人pos:16 value:0
55621, pos:13 value:0
55621, 新人pos:13 value:0
55621, pos:12 value:0
55621, 新人pos:12 value:0
55621, pos:11 value:0
55621, 新人pos:11 value:0
138179, 有效局
138179, 嘿 94189 975
