138474, {
138474, 	[1] = 5,
138474, 	[2] = 6.6094626113211e+018,
138474, 	[3] = 0,
138474, 	[4] = '×ßºìDµ÷',
138474, 	[5] = 22,
138474, 	[6] = 47,
138474, 	[7] = 'ÈºÐÛÖðÂ¹10v10',
138474, 	[8] = 7,
138474, 	[9] = 22,
138474, 	[10] = '2811-5-1538885434',
138474, 	[11] = 4,
138474, 	[12] = 1,
138474, 	[13] = 10,
138474, 	[14] = 10,
138474, 	[15] = 475,
138474, 	[16] = 20,
138474, 	[17] = 103,
138474, 	[18] = 60,
138474, 	[19] = 9,
138474, 	[20] = 0,
138474, 	[21] = 0,
138474, 	[22] = 0,
138474, 	[23] = 0,
138474, 	[24] = 0,
138474, 	[25] = 20,
138474, 	[26] = 0,
138474, 	[27] = 300,
138474, 	[28] = 204,
138474, 	[29] = 204,
138474, 	[30] = 119,
138474, 	[31] = 2354,
138474, 	[32] = 3,
138474, },
138474, 
