10966,  0:3:6 ,消灭蜀国刀兵,获得78
11528,  0:3:15 ,消灭蜀国刀兵,获得83
11638,  0:3:17 ,消灭蜀国刀兵,获得76
11998,  0:3:23 ,消灭孔明灯,获得35
12770,  0:3:37 ,消灭蜀国刀兵,获得74
15982,  0:4:31 ,消灭蜀国刀兵,获得83
15982,  0:4:31 ,消灭蜀国刀兵,获得83
15982,  0:4:31 ,消灭蜀国刀兵,获得78
16954,  0:4:48 ,消灭蜀国弓手,获得83
18021,  0:5:6 ,消灭蜀国刀兵,获得76
18414,  0:5:13 ,消灭蜀国弓手,获得69
20866,  0:5:54 ,消灭黄巾军,获得69
21458,  0:6:4 ,消灭蜀国弓手,获得92
22102,  0:6:15 ,消灭蜀国弓手,获得92
22102,  0:6:15 ,消灭蜀国弓手,获得78
22268,  0:6:18 ,消灭蜀国刀兵,获得83
22372,  0:6:20 ,消灭蜀国刀兵,获得78
23270,  0:6:35 ,消灭蜀国刀兵,获得76
23270,  0:6:35 ,消灭蜀国刀兵,获得78
23332,  0:6:36 ,消灭蜀国刀兵,获得76
34014,  0:9:38 ,消灭定军之箭,获得0
34830,  0:9:52 ,消灭蜀国弓手,获得87
46306,  0:13:7 ,消灭蜀国弓手,获得79
46354,  0:13:8 ,消灭蜀国刀兵,获得79
50265,  0:14:14 ,消灭熊,获得262
52906,  0:14:59 ,消灭孔明灯,获得36
54104,  0:15:19 ,消灭狼(小),获得76
57692,  0:16:20 ,英雄歼灭孙权,获得239
58804,  0:16:39 ,消灭蜀国刀兵,获得85
59207,  0:16:46 ,消灭蜀国刀兵,获得78
76200,  0:21:35 ,消灭蜀国刀兵,获得85
76242,  0:21:36 ,消灭蜀国刀兵,获得85
76282,  0:21:36 ,消灭蜀国刀兵,获得78
76351,  0:21:37 ,消灭蜀国弓手,获得92
88826,  0:25:10 ,消灭蜀国刀兵,获得84
88826,  0:25:10 ,消灭蜀国刀兵,获得75
88888,  0:25:11 ,消灭蜀国刀兵,获得77
88964,  0:25:12 ,消灭蜀国弓手,获得94
95317,  0:27:0 ,英雄歼灭荀,获得736
98890,  0:28:1 ,消灭孔明灯,获得38
99038,  0:28:3 ,消灭蜀国弓手,获得85
99038,  0:28:3 ,消灭蜀国弓手,获得95
99070,  0:28:4 ,消灭蜀国刀兵,获得81
99142,  0:28:5 ,消灭蜀国刀兵,获得87
99142,  0:28:5 ,消灭蜀国刀兵,获得83
101074,  0:28:38 ,消灭蜀国刀兵,获得81
104197,  0:29:31 ,消灭孔明灯,获得38
109618,  0:31:3 ,消灭蜀国弓手,获得92
109652,  0:31:4 ,消灭蜀国刀兵,获得82
109678,  0:31:4 ,消灭蜀国刀兵,获得92
109692,  0:31:4 ,消灭蜀国刀兵,获得86
109930,  0:31:8 ,消灭蜀国弓手,获得86
109986,  0:31:9 ,消灭孔明灯,获得38
111406,  0:31:33 ,消灭蜀国刀兵,获得76
111434,  0:31:34 ,消灭蜀国刀兵,获得92
115193,  0:32:38 ,英雄歼灭左慈,获得371
121110,  0:34:18 ,英雄歼灭周瑜,获得599
124044,  0:35:8 ,消灭玄武,获得261
126894,  0:35:57 ,消灭蜀国弓手,获得89
126894,  0:35:57 ,消灭蜀国弓手,获得104
127106,  0:36:0 ,消灭投石车,获得208
127902,  0:36:14 ,英雄歼灭左慈,获得389
128396,  0:36:22 ,消灭蜀国刀兵,获得78
128424,  0:36:23 ,消灭蜀国刀兵,获得89
128426,  0:36:23 ,消灭蜀国刀兵,获得86
136854,  0:38:46 ,消灭四级治疗守卫,获得0
136854,  0:38:46 ,消灭领域之杖,获得0
