2018-10-09 20:01:41:693 PID:13596 FM:     0  ReplayName = D:\起凡\7fgame\replay\MyGame\AutoSave\my_replays0133.7fr  
2018-10-09 20:01:41:693 PID:13596 FM:     0  自动保存的平台路径：/replay="D:\起凡\7fgame\replay\MyGame\AutoSave\my_replays0133.7fr"  
2018-10-09 20:01:41:693 PID:13596 FM:     0   ReplayName2 = D:\起凡\7fgame\replay\MyGame  
2018-10-09 20:01:41:693 PID:13596 FM:     0  玩家保存的平台路径：/replaypath="D:\起凡\7fgame\replay\MyGame\"  
2018-10-09 20:01:52:590 PID:13596 FM:     0  TRUN_VASL[4] 
2018-10-09 20:03:32:307 PID:13596 FM:  2969  保存录像[1853531] FM[2969] [ ] 
2018-10-09 20:03:32:309 PID:13596 FM:  2969  压缩文件[.\core\hct.o]成功。(.\core\hct.o.zip) 
2018-10-09 20:03:32:309 PID:13596 FM:  2969  FILES 0 13493 .\core\hct.o  
2018-10-09 20:03:32:310 PID:13596 FM:  2969  删除临时文件[1] [.\core\hct.o.zip]  
2018-10-09 20:04:10:088 PID:13596 FM:  5197  保存录像[1891312] FM[5197] [ ] 
2018-10-09 20:04:44:932 PID:13596 FM:  7253  保存录像[1926156] FM[7253] [ ] 
2018-10-09 20:05:20:603 PID:13596 FM:  9357  保存录像[1961828] FM[9357] [ ] 
2018-10-09 20:05:56:978 PID:13596 FM: 11501  保存录像[1998203] FM[11501] [ ] 
2018-10-09 20:06:33:353 PID:13596 FM: 13649  保存录像[2034578] FM[13649] [ ] 
2018-10-09 20:07:09:494 PID:13596 FM: 15781  保存录像[2070718] FM[15781] [ ] 
2018-10-09 20:07:46:370 PID:13596 FM: 17957  保存录像[2107593] FM[17957] [ ] 
2018-10-09 20:08:23:104 PID:13596 FM: 20125  保存录像[2144328] FM[20125] [ ] 
2018-10-09 20:08:58:447 PID:13596 FM: 22209  保存录像[2179671] FM[22209] [ ] 
2018-10-09 20:09:33:791 PID:13596 FM: 24297  保存录像[2215015] FM[24297] [ ] 
2018-10-09 20:10:11:246 PID:13596 FM: 26505  保存录像[2252468] FM[26505] [ ] 
2018-10-09 20:10:49:291 PID:13596 FM: 28749  保存录像[2290515] FM[28749] [ ] 
2018-10-09 20:11:24:588 PID:13596 FM: 30833  保存录像[2325812] FM[30833] [ ] 
2018-10-09 20:12:02:291 PID:13596 FM: 33057  保存录像[2363515] FM[33057] [ ] 
2018-10-09 20:12:38:431 PID:13596 FM: 35189  保存录像[2399656] FM[35189] [ ] 
2018-10-09 20:13:13:681 PID:13596 FM: 37269  保存录像[2434906] FM[37269] [ ] 
2018-10-09 20:13:49:217 PID:13596 FM: 39365  保存录像[2470437] FM[39365] [ ] 
2018-10-09 20:14:25:001 PID:13596 FM: 41477  保存录像[2506218] FM[41477] [ ] 
2018-10-09 20:15:00:588 PID:13596 FM: 43577  保存录像[2541812] FM[43577] [ ] 
2018-10-09 20:15:36:072 PID:13596 FM: 45669  保存录像[2577296] FM[45669] [ ] 
2018-10-09 20:16:11:853 PID:13596 FM: 47781  保存录像[2613078] FM[47781] [ ] 
2018-10-09 20:16:48:744 PID:13596 FM: 49957  保存录像[2649968] FM[49957] [ ] 
2018-10-09 20:17:24:777 PID:13596 FM: 52085  保存录像[2686000] FM[52085] [ ] 
2018-10-09 20:18:00:276 PID:13596 FM: 54177  保存录像[2721500] FM[54177] [ ] 
2018-10-09 20:18:35:493 PID:13596 FM: 56257  保存录像[2756718] FM[56257] [ ] 
2018-10-09 20:19:10:572 PID:13596 FM: 58325  保存录像[2791796] FM[58325] [ ] 
2018-10-09 20:19:45:963 PID:13596 FM: 60413  保存录像[2827187] FM[60413] [ ] 
2018-10-09 20:20:21:215 PID:13596 FM: 62493  保存录像[2862437] FM[62493] [ ] 
2018-10-09 20:20:56:588 PID:13596 FM: 64581  保存录像[2897812] FM[64581] [ ] 
2018-10-09 20:21:33:275 PID:13596 FM: 66745  保存录像[2934500] FM[66745] [ ] 
2018-10-09 20:22:09:463 PID:13596 FM: 68881  保存录像[2970687] FM[68881] [ ] 
2018-10-09 20:22:45:967 PID:13596 FM: 71033  保存录像[3007187] FM[71033] [ ] 
2018-10-09 20:23:21:603 PID:13596 FM: 73137  保存录像[3042828] FM[73137] [ ] 
2018-10-09 20:23:56:822 PID:13596 FM: 75217  保存录像[3078046] FM[75217] [ ] 
2018-10-09 20:24:33:057 PID:13596 FM: 77353  保存录像[3114281] FM[77353] [ ] 
2018-10-09 20:25:08:462 PID:13596 FM: 79441  保存录像[3149687] FM[79441] [ ] 
2018-10-09 20:25:44:104 PID:13596 FM: 81545  保存录像[3185328] FM[81545] [ ] 
2018-10-09 20:26:20:462 PID:13596 FM: 83689  保存录像[3221687] FM[83689] [ ] 
2018-10-09 20:26:55:917 PID:13596 FM: 85781  保存录像[3257140] FM[85781] [ ] 
2018-10-09 20:27:31:294 PID:13596 FM: 87869  保存录像[3292515] FM[87869] [ ] 
2018-10-09 20:28:09:120 PID:13596 FM: 90093  保存录像[3330343] FM[90093] [ ] 
2018-10-09 20:28:45:042 PID:13596 FM: 92217  保存录像[3366265] FM[92217] [ ] 
2018-10-09 20:29:20:526 PID:13596 FM: 94313  保存录像[3401750] FM[94313] [ ] 
2018-10-09 20:29:55:728 PID:13596 FM: 96389  保存录像[3436953] FM[96389] [ ] 
2018-10-09 20:30:31:979 PID:13596 FM: 98529  保存录像[3473203] FM[98529] [ ] 
2018-10-09 20:31:07:978 PID:13596 FM:100653  保存录像[3509203] FM[100653] [ ] 
2018-10-09 20:31:43:714 PID:13596 FM:102761  保存录像[3544937] FM[102761] [ ] 
2018-10-09 20:32:19:307 PID:13596 FM:104861  保存录像[3580531] FM[104861] [ ] 
2018-10-09 20:32:55:354 PID:13596 FM:106989  保存录像[3616578] FM[106989] [ ] 
2018-10-09 20:33:31:120 PID:13596 FM:109101  保存录像[3652343] FM[109101] [ ] 
2018-10-09 20:34:07:496 PID:13596 FM:111241  保存录像[3688718] FM[111241] [ ] 
2018-10-09 20:34:42:947 PID:13596 FM:113337  保存录像[3724171] FM[113337] [ ] 
2018-10-09 20:35:19:292 PID:13596 FM:115481  保存录像[3760515] FM[115481] [ ] 
2018-10-09 20:35:56:119 PID:13596 FM:117653  保存录像[3797343] FM[117653] [ ] 
2018-10-09 20:36:31:435 PID:13596 FM:119737  保存录像[3832656] FM[119737] [ ] 
2018-10-09 20:37:08:651 PID:13596 FM:121933  保存录像[3869875] FM[121933] [ ] 
2018-10-09 20:37:44:667 PID:13596 FM:124057  保存录像[3905890] FM[124057] [ ] 
2018-10-09 20:38:22:064 PID:13596 FM:126261  保存录像[3943281] FM[126261] [ ] 
2018-10-09 20:38:57:276 PID:13596 FM:128341  保存录像[3978500] FM[128341] [ ] 
2018-10-09 20:39:34:418 PID:13596 FM:130533  保存录像[4015640] FM[130533] [ ] 
2018-10-09 20:40:12:257 PID:13596 FM:132761  保存录像[4053468] FM[132761] [ ] 
2018-10-09 20:40:18:354 PID:13596 FM:133035  填充脚本自定义数据[4059578] FM[133035] LEN[11140] 
2018-10-09 20:40:18:354 PID:13596 FM:133035  ONOVERVIDEOSYS [] 
2018-10-09 20:40:18:354 PID:13596 FM:133035  保存录像[4059578] FM[133035] [ ] 
2018-10-09 20:40:18:354 PID:13596 FM:133035  游戏结束保存录像 [1] 
2018-10-09 20:40:18:358 PID:13596 FM:133035  SAVEAS[4059578] [OK] LOCAL [log13596-2018.10.09-20.01.41/replay13596.7fr] Error[0] 
2018-10-09 20:40:18:358 PID:13596 FM:133035  SAVEAS[4059578] [OK] TARGET[D:\起凡\7fgame\replay\MyGame\AutoSave\my_replays0133.7fr] Error[0] 
2018-10-09 20:40:18:358 PID:13596 FM:133035  退出游戏(结束), code 1
 
2018-10-09 20:40:18:358 PID:13596 FM:133035  向服务器发送录像信息(无请求) 
