133035, mvp_value =500, famous_point = 2, famous_point_per = 10
133035, result_per = 1, time_per = 0.75, num_per = 1
133035, 计算经验值为390
133035, 需刷新,疲劳度为200
133035, 计算经验值为780
133035, mvp_value =377, famous_point = 1, famous_point_per = 10
133035, result_per = 1, time_per = 0.75, num_per = 1
133035, 计算经验值为290
133035, 需刷新,疲劳度为200
133035, 计算经验值为580
133035, mvp_value =286, famous_point = 0, famous_point_per = 10
133035, result_per = 1, time_per = 0.75, num_per = 1
133035, 计算经验值为215
133035, 需刷新,疲劳度为200
133035, 计算经验值为430
133035, mvp_value =500, famous_point = 3, famous_point_per = 10
133035, result_per = 1, time_per = 0.75, num_per = 1
133035, 计算经验值为398
133035, 需刷新,疲劳度为200
133035, 计算经验值为796
133035, mvp_value =433, famous_point = 0, famous_point_per = 10
133035, result_per = 1, time_per = 0.75, num_per = 1
133035, 计算经验值为325
133035, 需刷新,疲劳度为200
133035, 计算经验值为650
133035, mvp_value =421, famous_point = 0, famous_point_per = 10
133035, result_per = 1, time_per = 0.75, num_per = 1
133035, 计算经验值为316
133035, 需刷新,疲劳度为200
133035, 计算经验值为632
133035, mvp_value =371, famous_point = 0, famous_point_per = 10
133035, result_per = 1, time_per = 0.75, num_per = 1
133035, 计算经验值为278
133035, 需刷新,疲劳度为200
133035, 计算经验值为556
133035, mvp_value =373, famous_point = 0, famous_point_per = 10
133035, result_per = 1, time_per = 0.75, num_per = 1
133035, 计算经验值为280
133035, 需刷新,疲劳度为200
133035, 计算经验值为560
133035, mvp_value =434, famous_point = 0, famous_point_per = 10
133035, result_per = 1, time_per = 0.75, num_per = 1
133035, 计算经验值为326
133035, 需刷新,疲劳度为200
133035, 计算经验值为652
133035, mvp_value =500, famous_point = 7, famous_point_per = 10
133035, result_per = 1, time_per = 0.75, num_per = 1
133035, 计算经验值为428
133035, 需刷新,疲劳度为200
133035, 计算经验值为856
133035, mvp_value =376, famous_point = 1, famous_point_per = 10
133035, result_per = 0.6, time_per = 0.75, num_per = 1
133035, 计算经验值为174
133035, 需刷新,疲劳度为200
133035, 计算经验值为348
133035, mvp_value =231, famous_point = 0, famous_point_per = 10
133035, result_per = 0.6, time_per = 0.75, num_per = 1
133035, 计算经验值为104
133035, 需刷新,疲劳度为200
133035, 计算经验值为208
133035, mvp_value =376, famous_point = 0, famous_point_per = 10
133035, result_per = 0.6, time_per = 0.75, num_per = 1
133035, 计算经验值为169
133035, 需刷新,疲劳度为200
133035, 计算经验值为338
133035, mvp_value =280, famous_point = 0, famous_point_per = 10
133035, result_per = 0.6, time_per = 0.75, num_per = 1
133035, 计算经验值为126
133035, 需刷新,疲劳度为200
133035, 计算经验值为252
133035, mvp_value =448, famous_point = 3, famous_point_per = 10
133035, result_per = 0.6, time_per = 0.75, num_per = 1
133035, 计算经验值为215
133035, 需刷新,疲劳度为200
133035, 计算经验值为430
133035, mvp_value =197, famous_point = 0, famous_point_per = 10
133035, result_per = 0.6, time_per = 0.75, num_per = 1
133035, 计算经验值为89
133035, 需刷新,疲劳度为200
133035, 计算经验值为178
133035, mvp_value =344, famous_point = 0, famous_point_per = 10
133035, result_per = 0.6, time_per = 0.75, num_per = 1
133035, 计算经验值为155
133035, 需刷新,疲劳度为200
133035, 计算经验值为310
133035, mvp_value =335, famous_point = 0, famous_point_per = 10
133035, result_per = 0.6, time_per = 0.75, num_per = 1
133035, 计算经验值为151
133035, 需刷新,疲劳度为200
133035, 计算经验值为302
133035, mvp_value =228, famous_point = 0, famous_point_per = 10
133035, result_per = 0.6, time_per = 0.75, num_per = 1
133035, 计算经验值为103
133035, 需刷新,疲劳度为200
133035, 计算经验值为206
