133035, p_control_id = 1
133035, Old_Point = 694
133035, Add_Point = 20
133035, New_Point_Real = 714
133035, G_Tab.ELOpoint[p_control_id][ELOkind + 2] = 2710
133035, p_control_id = 2
133035, Old_Point = 725
133035, Add_Point = 15
133035, New_Point_Real = 740
133035, G_Tab.ELOpoint[p_control_id][ELOkind + 2] = 1017
133035, p_control_id = 3
133035, Old_Point = 903
133035, Add_Point = 8
133035, New_Point_Real = 911
133035, G_Tab.ELOpoint[p_control_id][ELOkind + 2] = 5462
133035, p_control_id = 4
133035, Old_Point = 618
133035, Add_Point = 30
133035, New_Point_Real = 648
133035, G_Tab.ELOpoint[p_control_id][ELOkind + 2] = 4131
133035, p_control_id = 5
133035, Old_Point = 824
133035, Add_Point = 11
133035, New_Point_Real = 835
133035, G_Tab.ELOpoint[p_control_id][ELOkind + 2] = 5145
133035, p_control_id = 6
133035, Old_Point = 804
133035, Add_Point = 11
133035, New_Point_Real = 815
133035, G_Tab.ELOpoint[p_control_id][ELOkind + 2] = 65
133035, p_control_id = 7
133035, Old_Point = 729
133035, Add_Point = 15
133035, New_Point_Real = 744
133035, G_Tab.ELOpoint[p_control_id][ELOkind + 2] = 635
133035, p_control_id = 8
133035, Old_Point = 723
133035, Add_Point = 15
133035, New_Point_Real = 738
133035, G_Tab.ELOpoint[p_control_id][ELOkind + 2] = 4005
133035, p_control_id = 9
133035, Old_Point = 715
133035, Add_Point = 15
133035, New_Point_Real = 730
133035, G_Tab.ELOpoint[p_control_id][ELOkind + 2] = 2718
133035, p_control_id = 10
133035, Old_Point = 454
133035, Add_Point = 52
133035, New_Point_Real = 506
133035, G_Tab.ELOpoint[p_control_id][ELOkind + 2] = 1709
133035, p_control_id = 11
133035, Old_Point = 635
133035, Add_Point = -7
133035, New_Point_Real = 628
133035, G_Tab.ELOpoint[p_control_id][ELOkind + 2] = 1341
133035, p_control_id = 12
133035, Old_Point = 713
133035, Add_Point = -16
133035, New_Point_Real = 697
133035, G_Tab.ELOpoint[p_control_id][ELOkind + 2] = 235
133035, p_control_id = 13
133035, Old_Point = 733
133035, Add_Point = -10
133035, New_Point_Real = 723
133035, G_Tab.ELOpoint[p_control_id][ELOkind + 2] = 6094
133035, p_control_id = 14
133035, Old_Point = 507
133035, Add_Point = -7
133035, New_Point_Real = 500
133035, G_Tab.ELOpoint[p_control_id][ELOkind + 2] = 4495
133035, p_control_id = 15
133035, Old_Point = 714
133035, Add_Point = -8
133035, New_Point_Real = 706
133035, G_Tab.ELOpoint[p_control_id][ELOkind + 2] = 5151
133035, p_control_id = 16
133035, Old_Point = 614
133035, Add_Point = -11
133035, New_Point_Real = 603
133035, G_Tab.ELOpoint[p_control_id][ELOkind + 2] = 1509
133035, p_control_id = 17
133035, Old_Point = 764
133035, Add_Point = -18
133035, New_Point_Real = 746
133035, G_Tab.ELOpoint[p_control_id][ELOkind + 2] = 918
133035, p_control_id = 18
133035, Old_Point = 758
133035, Add_Point = -18
133035, New_Point_Real = 740
133035, G_Tab.ELOpoint[p_control_id][ELOkind + 2] = 4637
133035, p_control_id = 19
133035, Old_Point = 696
133035, Add_Point = -15
133035, New_Point_Real = 681
133035, G_Tab.ELOpoint[p_control_id][ELOkind + 2] = 13979
133035, p_control_id = 20
133035, Old_Point = 880
133035, Add_Point = -23
133035, New_Point_Real = 857
133035, G_Tab.ELOpoint[p_control_id][ELOkind + 2] = 7420
