133035, control_id = 1
133035, MyMVP = 518
133035, Midmvp = 421
133035, iswin = 1
133035, control_id = 1
133035, MyMVP = 518
133035, Midmvp = 421
133035, iswin = 1
133035, control_id = 2
133035, MyMVP = 377
133035, Midmvp = 421
133035, iswin = 1
133035, control_id = 2
133035, MyMVP = 377
133035, Midmvp = 421
133035, iswin = 1
133035, control_id = 3
133035, MyMVP = 286
133035, Midmvp = 421
133035, iswin = 1
133035, control_id = 3
133035, MyMVP = 286
133035, Midmvp = 421
133035, iswin = 1
133035, control_id = 4
133035, MyMVP = 564
133035, Midmvp = 421
133035, iswin = 1
133035, control_id = 4
133035, MyMVP = 564
133035, Midmvp = 421
133035, iswin = 1
133035, control_id = 5
133035, MyMVP = 433
133035, Midmvp = 421
133035, iswin = 1
133035, control_id = 5
133035, MyMVP = 433
133035, Midmvp = 421
133035, iswin = 1
133035, control_id = 6
133035, MyMVP = 421
133035, Midmvp = 421
133035, iswin = 1
133035, control_id = 6
133035, MyMVP = 421
133035, Midmvp = 421
133035, iswin = 1
133035, control_id = 7
133035, MyMVP = 371
133035, Midmvp = 421
133035, iswin = 1
133035, control_id = 7
133035, MyMVP = 371
133035, Midmvp = 421
133035, iswin = 1
133035, control_id = 8
133035, MyMVP = 373
133035, Midmvp = 421
133035, iswin = 1
133035, control_id = 8
133035, MyMVP = 373
133035, Midmvp = 421
133035, iswin = 1
133035, control_id = 9
133035, MyMVP = 434
133035, Midmvp = 421
133035, iswin = 1
133035, control_id = 9
133035, MyMVP = 434
133035, Midmvp = 421
133035, iswin = 1
133035, control_id = 10
133035, MyMVP = 668
133035, Midmvp = 421
133035, iswin = 1
133035, control_id = 10
133035, MyMVP = 668
133035, Midmvp = 421
133035, iswin = 1
133035, control_id = 11
133035, MyMVP = 376
133035, Midmvp = 280
133035, iswin = 0
133035, control_id = 11
133035, MyMVP = 376
133035, Midmvp = 280
133035, iswin = 0
133035, control_id = 12
133035, MyMVP = 231
133035, Midmvp = 280
133035, iswin = 0
133035, control_id = 12
133035, MyMVP = 231
133035, Midmvp = 280
133035, iswin = 0
133035, control_id = 13
133035, MyMVP = 376
133035, Midmvp = 280
133035, iswin = 0
133035, control_id = 13
133035, MyMVP = 376
133035, Midmvp = 280
133035, iswin = 0
133035, control_id = 14
133035, MyMVP = 280
133035, Midmvp = 280
133035, iswin = 0
133035, control_id = 14
133035, MyMVP = 280
133035, Midmvp = 280
133035, iswin = 0
133035, control_id = 15
133035, MyMVP = 448
133035, Midmvp = 280
133035, iswin = 0
133035, control_id = 15
133035, MyMVP = 448
133035, Midmvp = 280
133035, iswin = 0
133035, control_id = 16
133035, MyMVP = 197
133035, Midmvp = 280
133035, iswin = 0
133035, control_id = 17
133035, MyMVP = 344
133035, Midmvp = 280
133035, iswin = 0
133035, control_id = 17
133035, MyMVP = 344
133035, Midmvp = 280
133035, iswin = 0
133035, control_id = 18
133035, MyMVP = 335
133035, Midmvp = 280
133035, iswin = 0
133035, control_id = 18
133035, MyMVP = 335
133035, Midmvp = 280
133035, iswin = 0
133035, control_id = 19
133035, MyMVP = 105
133035, Midmvp = 280
133035, iswin = 0
133035, control_id = 20
133035, MyMVP = 228
133035, Midmvp = 280
133035, iswin = 0
133035, control_id = 20
133035, MyMVP = 228
133035, Midmvp = 280
133035, iswin = 0
133035, control_id = 7
133035, MyMVP = 371
133035, Midmvp = 421
133035, iswin = 1
