133035, 	玩家名	controlid	天梯10V10竞技积分	普通匹配10V10竞技积分	天梯10V10局数	普通10V10局数	天梯10V10竞技加分	普通匹配10V10竞技加分	表现系数	波动系数	高分系数	当局MVP	消费信息
133035, 	g丶谨呈	1	551	694	187	2710	14	20	1.2	1	1	518	584
133035, 	三千红尘帐	2	501	725	125	1017	13	15	1	1	1	377	373
133035, 	aws65681599	3	816	903	265	5462	12	8	1	1	1	286	629
133035, 	masae123	4	701	618	68	4131	20	30	1.5	1	1	564	702
133035, 	pactivgd	5	650	824	339	5145	12	11	1	1	1	433	654
133035, 	MC君临天下	6	594	804	5	65	35	11	1	1	1	421	408
133035, 	右耳钉丶残恋	7	577	729	63	635	12	15	1	1	1	371	604
133035, 	叶子晴天	8	600	723	302	4005	12	15	1	1	1	373	442
133035, 	最新一步三回头	9	614	715	175	2718	12	15	1	1	1	434	470
133035, 	邓好牛牛	10	586	454	7	1709	56	52	2	1	1	668	617
133035, 	p13487413948	11	580	635	121	1341	-7	-7	0.6	1	1	376	275
133035, 	我萌新	12	531	713	184	235	-12	-16	1	1	1	231	528
133035, 	回城456	13	614	733	377	6094	-7	-10	0.6	1	1	376	1138
133035, 	新手完家01	14	501	507	79	4495	0	-7	1	1	1	280	452
133035, 	你好勺	15	569	714	103	5151	-6	-8	0.5	1	1	448	453
133035, 	低调丿晓航	16	550	614	81	1509	0	-11	1	1	1	197	279
133035, 	我还能再战十年	17	600	764	209	918	-12	-18	1	1	1	344	484
133035, 	虐杀原型灬晨	18	639	758	335	4637	-12	-18	1	1	1	335	536
133035, 	死神丶V丶	19	779	696	165	13979	0	-15	1	1	1	105	777
133035, 	hplovezyp	20	789	880	85	7420	-12	-23	1	1	1	228	509
133035, ***************以下是开局时的匹配信息****************
133035, 	玩家名	controlid	天梯10V10竞技积分	普通匹配10V10竞技积分	天梯10V10局数	普通10V10局数	组队系数	组队后匹配信息	消费信息	局质量
133035, 	狼牙将士;font=431139960;a=255;r=138;g=133;b=78;|return=5|;|text=g丶谨呈	1	551	694	187	2710	1.05	579	563	94
133035, 	狼牙将士;font=431139960;a=255;r=138;g=133;b=78;|return=5|;|text=三千红尘帐	2	501	725	125	1017	1.05	526	418	94
133035, 	0	3	0	0	0	0	1	0	0	94
133035, 	你爷爷是我08	4	600	768	60	208	1	600	791	94
133035, 	狼牙将士;font=431139960;a=255;r=138;g=133;b=78;|return=5|;|text=pactivgd	5	650	824	339	5145	1	650	621	94
133035, 	MC君临天下	6	594	804	5	65	1	594	400	94
133035, 	狼牙将士;font=431139960;a=255;r=138;g=133;b=78;|return=5|;|text=右耳钉丶残恋	7	577	729	63	635	1	577	628	94
133035, 	狼牙将士;font=431139960;a=255;r=138;g=133;b=78;|return=5|;|text=叶子晴天	8	600	723	302	4005	1	600	444	94
133035, 	狼牙将士;font=431139960;a=255;r=138;g=133;b=78;|return=5|;|text=最新一步三回头	9	614	715	175	2718	1	614	442	94
133035, 	邓好牛牛	10	586	454	7	1709	1	586	530	94
133035, 	狼牙将士;font=431139960;a=255;r=138;g=133;b=78;|return=5|;|text=p13487413948	11	580	635	121	1341	1.05	609	246	94
133035, 	狼牙将士;font=431139960;a=255;r=138;g=133;b=78;|return=5|;|text=我萌新	12	531	713	184	235	1.05	558	525	94
133035, 	狼牙将士;font=431139960;a=255;r=138;g=133;b=78;|return=5|;|text=回城456	13	614	733	377	6094	1	614	1095	94
133035, 	黑坑博大物	14	575	723	308	2693	1	575	302	94
133035, 	狼牙将士;font=431139960;a=255;r=138;g=133;b=78;|return=5|;|text=你好勺	15	569	714	103	5151	1	569	423	94
133035, 	穿越之未来	16	629	746	123	1484	1	629	594	94
133035, 	狼牙将士;font=431139960;a=255;r=138;g=133;b=78;|return=5|;|text=我还能再战十年	17	600	764	209	918	1	600	438	94
133035, 	狼牙将士;font=431139960;a=255;r=138;g=133;b=78;|return=5|;|text=虐杀原型灬晨	18	639	758	335	4637	1	639	517	94
133035, 	你是个社会人	19	565	1393	9	9	1	565	572	94
133035, 	z476528	20	650	818	44	810	1	650	423	94
133035, 更详细的记录在eloScore
