5, ***************开局查询积分**********************
5, 玩家名：穿越之未来
5, 天梯10V10竞技积分 = 629
5, 普通匹配10V10竞技积分 = 746
5, 天梯10V10局数 = 123
5, 普通10V10局数 = 1484
5, 预留 = 58
5, 段位 =  兵卒三等
5, ***************开局查询积分**********************
5, 玩家名：邓好牛牛
5, 天梯10V10竞技积分 = 586
5, 普通匹配10V10竞技积分 = 454
5, 天梯10V10局数 = 7
5, 普通10V10局数 = 1709
5, 预留 = 68
5, 段位 =  兵卒四等
5, ***************开局查询积分**********************
5, 玩家名：pactivgd
5, 天梯10V10竞技积分 = 650
5, 普通匹配10V10竞技积分 = 824
5, 天梯10V10局数 = 339
5, 普通10V10局数 = 5145
5, 预留 = 100
5, 段位 =  兵卒三等
5, ***************开局查询积分**********************
5, 玩家名：你是个社会人
5, 天梯10V10竞技积分 = 565
5, 普通匹配10V10竞技积分 = 1393
5, 天梯10V10局数 = 9
5, 普通10V10局数 = 9
5, 预留 = 65
5, 段位 =  兵卒四等
5, ***************开局查询积分**********************
5, 玩家名：g丶谨呈
5, 天梯10V10竞技积分 = 551
5, 普通匹配10V10竞技积分 = 694
5, 天梯10V10局数 = 187
5, 普通10V10局数 = 2710
5, 预留 = 0
5, 段位 =  兵卒四等
5, ***************开局查询积分**********************
5, 玩家名：p13487413948
5, 天梯10V10竞技积分 = 580
5, 普通匹配10V10竞技积分 = 635
5, 天梯10V10局数 = 121
5, 普通10V10局数 = 1341
5, 预留 = 60
5, 段位 =  兵卒四等
5, ***************开局查询积分**********************
5, 玩家名：三千红尘帐
5, 天梯10V10竞技积分 = 501
5, 普通匹配10V10竞技积分 = 725
5, 天梯10V10局数 = 125
5, 普通10V10局数 = 1017
5, 预留 = 0
5, 段位 =  兵卒五等
5, ***************开局查询积分**********************
5, 玩家名：叶子晴天
5, 天梯10V10竞技积分 = 600
5, 普通匹配10V10竞技积分 = 723
5, 天梯10V10局数 = 302
5, 普通10V10局数 = 4005
5, 预留 = 100
5, 段位 =  兵卒四等
5, ***************开局查询积分**********************
5, 玩家名：你爷爷是我08
5, 天梯10V10竞技积分 = 600
5, 普通匹配10V10竞技积分 = 768
5, 天梯10V10局数 = 60
5, 普通10V10局数 = 208
5, 预留 = 100
5, 段位 =  兵卒四等
5, ***************开局查询积分**********************
5, 玩家名：回城456
5, 天梯10V10竞技积分 = 614
5, 普通匹配10V10竞技积分 = 733
5, 天梯10V10局数 = 377
5, 普通10V10局数 = 6094
5, 预留 = 28
5, 段位 =  兵卒三等
5, ***************开局查询积分**********************
5, 玩家名：MC君临天下
5, 天梯10V10竞技积分 = 594
5, 普通匹配10V10竞技积分 = 804
5, 天梯10V10局数 = 5
5, 普通10V10局数 = 65
5, 预留 = 63
5, 段位 =  兵卒四等
5, ***************开局查询积分**********************
5, 玩家名：我还能再战十年
5, 天梯10V10竞技积分 = 600
5, 普通匹配10V10竞技积分 = 764
5, 天梯10V10局数 = 209
5, 普通10V10局数 = 918
5, 预留 = 100
5, 段位 =  兵卒四等
5, ***************开局查询积分**********************
5, 玩家名：最新一步三回头
5, 天梯10V10竞技积分 = 614
5, 普通匹配10V10竞技积分 = 715
5, 天梯10V10局数 = 175
5, 普通10V10局数 = 2718
5, 预留 = 28
5, 段位 =  兵卒三等
5, ***************开局查询积分**********************
5, 玩家名：z476528
5, 天梯10V10竞技积分 = 650
5, 普通匹配10V10竞技积分 = 818
5, 天梯10V10局数 = 44
5, 普通10V10局数 = 810
5, 预留 = 100
5, 段位 =  兵卒三等
5, ***************开局查询积分**********************
5, 玩家名：黑坑博大物
5, 天梯10V10竞技积分 = 575
5, 普通匹配10V10竞技积分 = 723
5, 天梯10V10局数 = 308
5, 普通10V10局数 = 2693
5, 预留 = 50
5, 段位 =  兵卒四等
5, ***************开局查询积分**********************
5, 玩家名：我萌新
5, 天梯10V10竞技积分 = 531
5, 普通匹配10V10竞技积分 = 713
5, 天梯10V10局数 = 184
5, 普通10V10局数 = 235
5, 预留 = 62
5, 段位 =  兵卒五等
5, ***************开局查询积分**********************
5, 玩家名：右耳钉丶残恋
5, 天梯10V10竞技积分 = 600
5, 普通匹配10V10竞技积分 = 745
5, 天梯10V10局数 = 62
5, 普通10V10局数 = 634
5, 预留 = 100
5, 段位 =  兵卒四等
5, ***************开局查询积分**********************
5, 玩家名：虐杀原型灬晨
5, 天梯10V10竞技积分 = 639
5, 普通匹配10V10竞技积分 = 758
5, 天梯10V10局数 = 335
5, 普通10V10局数 = 4637
5, 预留 = 78
5, 段位 =  兵卒三等
5, ***************开局查询积分**********************
5, 玩家名：你好勺
5, 天梯10V10竞技积分 = 569
5, 普通匹配10V10竞技积分 = 714
5, 天梯10V10局数 = 103
5, 普通10V10局数 = 5151
5, 预留 = 38
5, 段位 =  兵卒四等
5, ***************整理逃跑玩家信息**********************
5, 玩家名：qq741517456
5, ELOSwitch = 1
5, ELOkind = 2
5, Add_Point = 1
5, 天梯10V10竞技积分 = -10
5, 普通匹配10V10竞技积分 = 1
5, 天梯10V10局数 = 1
5, 普通10V10局数 = 1
5, 表现系数 = 1
5, 波动系数 = 1
5, 高分系数 = 1
5, 消费信息 = 1
4417, ***************整理逃跑玩家信息**********************
4417, 玩家名：狼牙将士;font=431139960;a=255;r=138;g=133;b=78;|return=5|;|text=z476528
4417, ELOSwitch = 1
4417, ELOkind = 2
4417, Add_Point = -17
4417, 天梯10V10竞技积分 = -24
4417, 普通匹配10V10竞技积分 = -17
4417, 天梯10V10局数 = 1
4417, 普通10V10局数 = 1
4417, 表现系数 = 1
4417, 波动系数 = 1
4417, 高分系数 = 1
4417, 消费信息 = 423
11573, ***************整理逃跑玩家信息**********************
11573, 玩家名：你爷爷是我08
11573, ELOSwitch = 1
11573, ELOkind = 2
11573, Add_Point = -15
11573, 天梯10V10竞技积分 = -23
11573, 普通匹配10V10竞技积分 = -15
11573, 天梯10V10局数 = 1
11573, 普通10V10局数 = 1
11573, 表现系数 = 1
11573, 波动系数 = 1
11573, 高分系数 = 1
11573, 消费信息 = 615
37673, ***************开局查询积分**********************
37673, 玩家名：aws65681599
37673, 天梯10V10竞技积分 = 816
37673, 普通匹配10V10竞技积分 = 903
37673, 天梯10V10局数 = 265
37673, 普通10V10局数 = 5462
37673, 预留 = 32
37673, 段位 =  伍长四等
37925, ***************开局查询积分**********************
37925, 玩家名：aws65681599
37925, 天梯10V10竞技积分 = 816
37925, 普通匹配10V10竞技积分 = 903
37925, 天梯10V10局数 = 265
37925, 普通10V10局数 = 5462
37925, 预留 = 32
37925, 段位 =  伍长四等
40953, ***************开局查询积分**********************
40953, 玩家名：masae123
40953, 天梯10V10竞技积分 = 701
40953, 普通匹配10V10竞技积分 = 622
40953, 天梯10V10局数 = 67
40953, 普通10V10局数 = 4130
40953, 预留 = 0
40953, 段位 =  兵卒一等
41289, ***************开局查询积分**********************
41289, 玩家名：masae123
41289, 天梯10V10竞技积分 = 701
41289, 普通匹配10V10竞技积分 = 622
41289, 天梯10V10局数 = 67
41289, 普通10V10局数 = 4130
41289, 预留 = 0
41289, 段位 =  兵卒一等
46261, ***************开局查询积分**********************
46261, 玩家名：hplovezyp
46261, 天梯10V10竞技积分 = 789
46261, 普通匹配10V10竞技积分 = 880
46261, 天梯10V10局数 = 85
46261, 普通10V10局数 = 7420
46261, 预留 = 78
46261, 段位 =  伍长五等
46797, ***************开局查询积分**********************
46797, 玩家名：hplovezyp
46797, 天梯10V10竞技积分 = 789
46797, 普通匹配10V10竞技积分 = 880
46797, 天梯10V10局数 = 85
46797, 普通10V10局数 = 7420
46797, 预留 = 78
46797, 段位 =  伍长五等
63717, ***************整理逃跑玩家信息**********************
63717, 玩家名：狼牙将士;font=431139960;a=255;r=138;g=133;b=78;|return=5|;|text=黑坑博大物
63717, ELOSwitch = 1
63717, ELOkind = 2
63717, Add_Point = -16
63717, 天梯10V10竞技积分 = -23
63717, 普通匹配10V10竞技积分 = -16
63717, 天梯10V10局数 = 1
63717, 普通10V10局数 = 1
63717, 表现系数 = 1
63717, 波动系数 = 1
63717, 高分系数 = 1
63717, 消费信息 = 277
74285, ***************开局查询积分**********************
74285, 玩家名：新手完家01
74285, 天梯10V10竞技积分 = 501
74285, 普通匹配10V10竞技积分 = 507
74285, 天梯10V10局数 = 79
74285, 普通10V10局数 = 4495
74285, 预留 = 0
74285, 段位 =  兵卒五等
74653, ***************开局查询积分**********************
74653, 玩家名：新手完家01
74653, 天梯10V10竞技积分 = 501
74653, 普通匹配10V10竞技积分 = 507
74653, 天梯10V10局数 = 79
74653, 普通10V10局数 = 4495
74653, 预留 = 0
74653, 段位 =  兵卒五等
96865, ***************整理逃跑玩家信息**********************
96865, 玩家名：狼牙将士;font=431139960;a=255;r=138;g=133;b=78;|return=5|;|text=穿越之未来
96865, ELOSwitch = 1
96865, ELOkind = 2
96865, Add_Point = -17
96865, 天梯10V10竞技积分 = -23
96865, 普通匹配10V10竞技积分 = -17
96865, 天梯10V10局数 = 1
96865, 普通10V10局数 = 1
96865, 表现系数 = 1
96865, 波动系数 = 1
96865, 高分系数 = 1
96865, 消费信息 = 532
102657, ***************整理逃跑玩家信息**********************
102657, 玩家名：你是个社会人
102657, ELOSwitch = 1
102657, ELOkind = 2
102657, Add_Point = -28
102657, 天梯10V10竞技积分 = -23
102657, 普通匹配10V10竞技积分 = -28
102657, 天梯10V10局数 = 1
102657, 普通10V10局数 = 1
102657, 表现系数 = 1
102657, 波动系数 = 1
102657, 高分系数 = 1
102657, 消费信息 = 515
103225, ***************开局查询积分**********************
103225, 玩家名：低调丿晓航
103225, 天梯10V10竞技积分 = 550
103225, 普通匹配10V10竞技积分 = 614
103225, 天梯10V10局数 = 81
103225, 普通10V10局数 = 1509
103225, 预留 = 100
103225, 段位 =  兵卒五等
103553, ***************开局查询积分**********************
103553, 玩家名：低调丿晓航
103553, 天梯10V10竞技积分 = 550
103553, 普通匹配10V10竞技积分 = 614
103553, 天梯10V10局数 = 81
103553, 普通10V10局数 = 1509
103553, 预留 = 100
103553, 段位 =  兵卒五等
107761, ***************开局查询积分**********************
107761, 玩家名：死神丶V丶
107761, 天梯10V10竞技积分 = 779
107761, 普通匹配10V10竞技积分 = 696
107761, 天梯10V10局数 = 165
107761, 普通10V10局数 = 13979
107761, 预留 = 58
107761, 段位 =  伍长五等
108257, ***************开局查询积分**********************
108257, 玩家名：死神丶V丶
108257, 天梯10V10竞技积分 = 779
108257, 普通匹配10V10竞技积分 = 696
108257, 天梯10V10局数 = 165
108257, 普通10V10局数 = 13979
108257, 预留 = 58
108257, 段位 =  伍长五等
115205, ***************整理逃跑玩家信息**********************
115205, 玩家名：死神丶V丶
115205, ELOSwitch = 1
115205, ELOkind = 2
115205, Add_Point = -15
115205, 天梯10V10竞技积分 = 0
115205, 普通匹配10V10竞技积分 = -15
115205, 天梯10V10局数 = 1
115205, 普通10V10局数 = 1
115205, 表现系数 = 1
115205, 波动系数 = 1
115205, 高分系数 = 1
115205, 消费信息 = 777
132757, ***************开局查询积分**********************
132757, 玩家名：新手完家01
132757, 天梯10V10竞技积分 = 501
132757, 普通匹配10V10竞技积分 = 507
132757, 天梯10V10局数 = 79
132757, 普通10V10局数 = 4495
132757, 预留 = 0
132757, 段位 =  兵卒五等
132757, ***************开局查询积分**********************
132757, 玩家名：狼牙将士;font=431139960;a=255;r=138;g=133;b=78;|return=5|;|text=g丶谨呈
132757, 天梯10V10竞技积分 = 551
132757, 普通匹配10V10竞技积分 = 694
132757, 天梯10V10局数 = 187
132757, 普通10V10局数 = 2710
132757, 预留 = 0
132757, 段位 =  兵卒四等
132757, ***************开局查询积分**********************
132757, 玩家名：邓好牛牛
132757, 天梯10V10竞技积分 = 586
132757, 普通匹配10V10竞技积分 = 454
132757, 天梯10V10局数 = 7
132757, 普通10V10局数 = 1709
132757, 预留 = 68
132757, 段位 =  兵卒四等
132757, ***************开局查询积分**********************
132757, 玩家名：hplovezyp
132757, 天梯10V10竞技积分 = 789
132757, 普通匹配10V10竞技积分 = 880
132757, 天梯10V10局数 = 85
132757, 普通10V10局数 = 7420
132757, 预留 = 78
132757, 段位 =  伍长五等
132757, ***************开局查询积分**********************
132757, 玩家名：MC君临天下
132757, 天梯10V10竞技积分 = 594
132757, 普通匹配10V10竞技积分 = 804
132757, 天梯10V10局数 = 5
132757, 普通10V10局数 = 65
132757, 预留 = 63
132757, 段位 =  兵卒四等
132757, ***************开局查询积分**********************
132757, 玩家名：狼牙将士;font=431139960;a=255;r=138;g=133;b=78;|return=5|;|text=pactivgd
132757, 天梯10V10竞技积分 = 650
132757, 普通匹配10V10竞技积分 = 824
132757, 天梯10V10局数 = 339
132757, 普通10V10局数 = 5145
132757, 预留 = 100
132757, 段位 =  兵卒三等
132761, ***************开局查询积分**********************
132761, 玩家名：狼牙将士;font=431139960;a=255;r=138;g=133;b=78;|return=5|;|text=三千红尘帐
132761, 天梯10V10竞技积分 = 501
132761, 普通匹配10V10竞技积分 = 725
132761, 天梯10V10局数 = 125
132761, 普通10V10局数 = 1017
132761, 预留 = 0
132761, 段位 =  兵卒五等
132761, ***************开局查询积分**********************
132761, 玩家名：狼牙将士;font=431139960;a=255;r=138;g=133;b=78;|return=5|;|text=右耳钉丶残恋
132761, 天梯10V10竞技积分 = 577
132761, 普通匹配10V10竞技积分 = 729
132761, 天梯10V10局数 = 63
132761, 普通10V10局数 = 635
132761, 预留 = 54
132761, 段位 =  兵卒四等
132761, ***************开局查询积分**********************
132761, 玩家名：狼牙将士;font=431139960;a=255;r=138;g=133;b=78;|return=5|;|text=masae123
132761, 天梯10V10竞技积分 = 701
132761, 普通匹配10V10竞技积分 = 618
132761, 天梯10V10局数 = 68
132761, 普通10V10局数 = 4131
132761, 预留 = 0
132761, 段位 =  兵卒一等
132761, ***************开局查询积分**********************
132761, 玩家名：狼牙将士;font=431139960;a=255;r=138;g=133;b=78;|return=5|;|text=我还能再战十年
132761, 天梯10V10竞技积分 = 600
132761, 普通匹配10V10竞技积分 = 764
132761, 天梯10V10局数 = 209
132761, 普通10V10局数 = 918
132761, 预留 = 100
132761, 段位 =  兵卒四等
132761, ***************开局查询积分**********************
132761, 玩家名：狼牙将士;font=431139960;a=255;r=138;g=133;b=78;|return=5|;|text=叶子晴天
132761, 天梯10V10竞技积分 = 600
132761, 普通匹配10V10竞技积分 = 723
132761, 天梯10V10局数 = 302
132761, 普通10V10局数 = 4005
132761, 预留 = 100
132761, 段位 =  兵卒四等
132761, ***************开局查询积分**********************
132761, 玩家名：驰狼都尉;font=431139960;a=255;r=138;g=133;b=78;|return=5|;|text=aws65681599
132761, 天梯10V10竞技积分 = 816
132761, 普通匹配10V10竞技积分 = 903
132761, 天梯10V10局数 = 265
132761, 普通10V10局数 = 5462
132761, 预留 = 32
132761, 段位 =  伍长四等
132761, ***************开局查询积分**********************
132761, 玩家名：狼牙将士;font=431139960;a=255;r=138;g=133;b=78;|return=5|;|text=最新一步三回头
132761, 天梯10V10竞技积分 = 614
132761, 普通匹配10V10竞技积分 = 715
132761, 天梯10V10局数 = 175
132761, 普通10V10局数 = 2718
132761, 预留 = 28
132761, 段位 =  兵卒三等
132761, ***************开局查询积分**********************
132761, 玩家名：狼牙将士;font=431139960;a=255;r=138;g=133;b=78;|return=5|;|text=回城456
132761, 天梯10V10竞技积分 = 614
132761, 普通匹配10V10竞技积分 = 733
132761, 天梯10V10局数 = 377
132761, 普通10V10局数 = 6094
132761, 预留 = 28
132761, 段位 =  兵卒三等
132761, ***************开局查询积分**********************
132761, 玩家名：低调丿晓航
132761, 天梯10V10竞技积分 = 550
132761, 普通匹配10V10竞技积分 = 614
132761, 天梯10V10局数 = 81
132761, 普通10V10局数 = 1509
132761, 预留 = 100
132761, 段位 =  兵卒五等
132761, ***************开局查询积分**********************
132761, 玩家名：狼牙将士;font=431139960;a=255;r=138;g=133;b=78;|return=5|;|text=我萌新
132761, 天梯10V10竞技积分 = 531
132761, 普通匹配10V10竞技积分 = 713
132761, 天梯10V10局数 = 184
132761, 普通10V10局数 = 235
132761, 预留 = 62
132761, 段位 =  兵卒五等
132761, ***************开局查询积分**********************
132761, 玩家名：狼牙将士;font=431139960;a=255;r=138;g=133;b=78;|return=5|;|text=你好勺
132761, 天梯10V10竞技积分 = 569
132761, 普通匹配10V10竞技积分 = 714
132761, 天梯10V10局数 = 103
132761, 普通10V10局数 = 5151
132761, 预留 = 38
132761, 段位 =  兵卒四等
132765, ***************开局查询积分**********************
132765, 玩家名：狼牙将士;font=431139960;a=255;r=138;g=133;b=78;|return=5|;|text=虐杀原型灬晨
132765, 天梯10V10竞技积分 = 639
132765, 普通匹配10V10竞技积分 = 758
132765, 天梯10V10局数 = 335
132765, 普通10V10局数 = 4637
132765, 预留 = 78
132765, 段位 =  兵卒三等
132769, ***************开局查询积分**********************
132769, 玩家名：狼牙将士;font=431139960;a=255;r=138;g=133;b=78;|return=5|;|text=p13487413948
132769, 天梯10V10竞技积分 = 580
132769, 普通匹配10V10竞技积分 = 635
132769, 天梯10V10局数 = 121
132769, 普通10V10局数 = 1341
132769, 预留 = 60
132769, 段位 =  兵卒四等
133035, 消费信息 = 584
133035, ***************整理正常玩家信息**********************
133035, 玩家名：狼牙将士;font=431139960;a=255;r=138;g=133;b=78;|return=5|;|text=g丶谨呈
133035, ELOSwitch = 1
133035, ELOkind = 2
133035, Add_Point = 20
133035, 天梯10V10竞技积分 = 14
133035, 普通匹配10V10竞技积分 = 20
133035, 天梯10V10局数 = 1
133035, 普通10V10局数 = 1
133035, 表现系数 = 1
133035, 波动系数 = 1
133035, 高分系数 = 1
133035, 消费信息 = 373
133035, ***************整理正常玩家信息**********************
133035, 玩家名：狼牙将士;font=431139960;a=255;r=138;g=133;b=78;|return=5|;|text=三千红尘帐
133035, ELOSwitch = 1
133035, ELOkind = 2
133035, Add_Point = 15
133035, 天梯10V10竞技积分 = 13
133035, 普通匹配10V10竞技积分 = 15
133035, 天梯10V10局数 = 1
133035, 普通10V10局数 = 1
133035, 表现系数 = 1
133035, 波动系数 = 1
133035, 高分系数 = 1
133035, 消费信息 = 629
133035, ***************整理正常玩家信息**********************
133035, 玩家名：驰狼都尉;font=431139960;a=255;r=138;g=133;b=78;|return=5|;|text=aws65681599
133035, ELOSwitch = 1
133035, ELOkind = 2
133035, Add_Point = 8
133035, 天梯10V10竞技积分 = 12
133035, 普通匹配10V10竞技积分 = 8
133035, 天梯10V10局数 = 1
133035, 普通10V10局数 = 1
133035, 表现系数 = 1
133035, 波动系数 = 1
133035, 高分系数 = 1
133035, 消费信息 = 702
133035, ***************整理正常玩家信息**********************
133035, 玩家名：狼牙将士;font=431139960;a=255;r=138;g=133;b=78;|return=5|;|text=masae123
133035, ELOSwitch = 1
133035, ELOkind = 2
133035, Add_Point = 30
133035, 天梯10V10竞技积分 = 20
133035, 普通匹配10V10竞技积分 = 30
133035, 天梯10V10局数 = 1
133035, 普通10V10局数 = 1
133035, 表现系数 = 1
133035, 波动系数 = 1
133035, 高分系数 = 1
133035, 消费信息 = 654
133035, ***************整理正常玩家信息**********************
133035, 玩家名：狼牙将士;font=431139960;a=255;r=138;g=133;b=78;|return=5|;|text=pactivgd
133035, ELOSwitch = 1
133035, ELOkind = 2
133035, Add_Point = 11
133035, 天梯10V10竞技积分 = 12
133035, 普通匹配10V10竞技积分 = 11
133035, 天梯10V10局数 = 1
133035, 普通10V10局数 = 1
133035, 表现系数 = 1
133035, 波动系数 = 1
133035, 高分系数 = 1
133035, 消费信息 = 408
133035, ***************整理正常玩家信息**********************
133035, 玩家名：MC君临天下
133035, ELOSwitch = 1
133035, ELOkind = 2
133035, Add_Point = 11
133035, 天梯10V10竞技积分 = 35
133035, 普通匹配10V10竞技积分 = 11
133035, 天梯10V10局数 = 1
133035, 普通10V10局数 = 1
133035, 表现系数 = 1
133035, 波动系数 = 1
133035, 高分系数 = 1
133035, 消费信息 = 604
133035, ***************整理正常玩家信息**********************
133035, 玩家名：狼牙将士;font=431139960;a=255;r=138;g=133;b=78;|return=5|;|text=右耳钉丶残恋
133035, ELOSwitch = 1
133035, ELOkind = 2
133035, Add_Point = 15
133035, 天梯10V10竞技积分 = 12
133035, 普通匹配10V10竞技积分 = 15
133035, 天梯10V10局数 = 1
133035, 普通10V10局数 = 1
133035, 表现系数 = 1
133035, 波动系数 = 1
133035, 高分系数 = 1
133035, 消费信息 = 442
133035, ***************整理正常玩家信息**********************
133035, 玩家名：狼牙将士;font=431139960;a=255;r=138;g=133;b=78;|return=5|;|text=叶子晴天
133035, ELOSwitch = 1
133035, ELOkind = 2
133035, Add_Point = 15
133035, 天梯10V10竞技积分 = 12
133035, 普通匹配10V10竞技积分 = 15
133035, 天梯10V10局数 = 1
133035, 普通10V10局数 = 1
133035, 表现系数 = 1
133035, 波动系数 = 1
133035, 高分系数 = 1
133035, 消费信息 = 470
133035, ***************整理正常玩家信息**********************
133035, 玩家名：狼牙将士;font=431139960;a=255;r=138;g=133;b=78;|return=5|;|text=最新一步三回头
133035, ELOSwitch = 1
133035, ELOkind = 2
133035, Add_Point = 15
133035, 天梯10V10竞技积分 = 12
133035, 普通匹配10V10竞技积分 = 15
133035, 天梯10V10局数 = 1
133035, 普通10V10局数 = 1
133035, 表现系数 = 1
133035, 波动系数 = 1
133035, 高分系数 = 1
133035, 消费信息 = 617
133035, ***************整理正常玩家信息**********************
133035, 玩家名：邓好牛牛
133035, ELOSwitch = 1
133035, ELOkind = 2
133035, Add_Point = 52
133035, 天梯10V10竞技积分 = 56
133035, 普通匹配10V10竞技积分 = 52
133035, 天梯10V10局数 = 1
133035, 普通10V10局数 = 1
133035, 表现系数 = 1
133035, 波动系数 = 1
133035, 高分系数 = 1
133035, 消费信息 = 275
133035, ***************整理正常玩家信息**********************
133035, 玩家名：狼牙将士;font=431139960;a=255;r=138;g=133;b=78;|return=5|;|text=p13487413948
133035, ELOSwitch = 1
133035, ELOkind = 2
133035, Add_Point = -7
133035, 天梯10V10竞技积分 = -7
133035, 普通匹配10V10竞技积分 = -7
133035, 天梯10V10局数 = 1
133035, 普通10V10局数 = 1
133035, 表现系数 = 1
133035, 波动系数 = 1
133035, 高分系数 = 1
133035, 消费信息 = 528
133035, ***************整理正常玩家信息**********************
133035, 玩家名：狼牙将士;font=431139960;a=255;r=138;g=133;b=78;|return=5|;|text=我萌新
133035, ELOSwitch = 1
133035, ELOkind = 2
133035, Add_Point = -16
133035, 天梯10V10竞技积分 = -12
133035, 普通匹配10V10竞技积分 = -16
133035, 天梯10V10局数 = 1
133035, 普通10V10局数 = 1
133035, 表现系数 = 1
133035, 波动系数 = 1
133035, 高分系数 = 1
133035, 消费信息 = 1138
133035, ***************整理正常玩家信息**********************
133035, 玩家名：狼牙将士;font=431139960;a=255;r=138;g=133;b=78;|return=5|;|text=回城456
133035, ELOSwitch = 1
133035, ELOkind = 2
133035, Add_Point = -10
133035, 天梯10V10竞技积分 = -7
133035, 普通匹配10V10竞技积分 = -10
133035, 天梯10V10局数 = 1
133035, 普通10V10局数 = 1
133035, 表现系数 = 1
133035, 波动系数 = 1
133035, 高分系数 = 1
133035, 消费信息 = 452
133035, ***************整理正常玩家信息**********************
133035, 玩家名：新手完家01
133035, ELOSwitch = 1
133035, ELOkind = 2
133035, Add_Point = -7
133035, 天梯10V10竞技积分 = 0
133035, 普通匹配10V10竞技积分 = -7
133035, 天梯10V10局数 = 1
133035, 普通10V10局数 = 1
133035, 表现系数 = 1
133035, 波动系数 = 1
133035, 高分系数 = 1
133035, 消费信息 = 453
133035, ***************整理正常玩家信息**********************
133035, 玩家名：狼牙将士;font=431139960;a=255;r=138;g=133;b=78;|return=5|;|text=你好勺
133035, ELOSwitch = 1
133035, ELOkind = 2
133035, Add_Point = -8
133035, 天梯10V10竞技积分 = -6
133035, 普通匹配10V10竞技积分 = -8
133035, 天梯10V10局数 = 1
133035, 普通10V10局数 = 1
133035, 表现系数 = 1
133035, 波动系数 = 1
133035, 高分系数 = 1
133035, 消费信息 = 279
133035, ***************整理正常玩家信息**********************
133035, 玩家名：低调丿晓航
133035, ELOSwitch = 1
133035, ELOkind = 2
133035, Add_Point = -11
133035, 天梯10V10竞技积分 = 0
133035, 普通匹配10V10竞技积分 = -11
133035, 天梯10V10局数 = 1
133035, 普通10V10局数 = 1
133035, 表现系数 = 1
133035, 波动系数 = 1
133035, 高分系数 = 1
133035, 消费信息 = 484
133035, ***************整理正常玩家信息**********************
133035, 玩家名：狼牙将士;font=431139960;a=255;r=138;g=133;b=78;|return=5|;|text=我还能再战十年
133035, ELOSwitch = 1
133035, ELOkind = 2
133035, Add_Point = -18
133035, 天梯10V10竞技积分 = -12
133035, 普通匹配10V10竞技积分 = -18
133035, 天梯10V10局数 = 1
133035, 普通10V10局数 = 1
133035, 表现系数 = 1
133035, 波动系数 = 1
133035, 高分系数 = 1
133035, 消费信息 = 536
133035, ***************整理正常玩家信息**********************
133035, 玩家名：狼牙将士;font=431139960;a=255;r=138;g=133;b=78;|return=5|;|text=虐杀原型灬晨
133035, ELOSwitch = 1
133035, ELOkind = 2
133035, Add_Point = -18
133035, 天梯10V10竞技积分 = -12
133035, 普通匹配10V10竞技积分 = -18
133035, 天梯10V10局数 = 1
133035, 普通10V10局数 = 1
133035, 表现系数 = 1
133035, 波动系数 = 1
133035, 高分系数 = 1
133035, 消费信息 = 777
133035, ***************整理正常玩家信息**********************
133035, 玩家名：死神丶V丶
133035, ELOSwitch = 1
133035, ELOkind = 2
133035, Add_Point = -15
133035, 天梯10V10竞技积分 = 0
133035, 普通匹配10V10竞技积分 = -15
133035, 天梯10V10局数 = 1
133035, 普通10V10局数 = 1
133035, 表现系数 = 1
133035, 波动系数 = 1
133035, 高分系数 = 1
133035, 消费信息 = 509
133035, ***************整理正常玩家信息**********************
133035, 玩家名：hplovezyp
133035, ELOSwitch = 1
133035, ELOkind = 2
133035, Add_Point = -23
133035, 天梯10V10竞技积分 = -12
133035, 普通匹配10V10竞技积分 = -23
133035, 天梯10V10局数 = 1
133035, 普通10V10局数 = 1
133035, 表现系数 = 1
133035, 波动系数 = 1
133035, 高分系数 = 1
133035, ***************整理正常玩家信息**********************
133035, 玩家名：蜀国
133035, ELOSwitch = 1
133035, ELOkind = 1
133035, Add_Point = 0
133035, 天梯10V10竞技积分 = 0
133035, 普通匹配10V10竞技积分 = 0
133035, 天梯10V10局数 = 1
133035, 普通10V10局数 = 0
133035, 表现系数 = 1
133035, 波动系数 = 1
133035, 高分系数 = 1
133035, ***************整理正常玩家信息**********************
133035, 玩家名：魏国
133035, ELOSwitch = 1
133035, ELOkind = 1
133035, Add_Point = 0
133035, 天梯10V10竞技积分 = 0
133035, 普通匹配10V10竞技积分 = 0
133035, 天梯10V10局数 = 1
133035, 普通10V10局数 = 0
133035, 表现系数 = 1
133035, 波动系数 = 1
133035, 高分系数 = 1
133035, ***************整理正常玩家信息**********************
133035, 玩家名：中立敌对
133035, ELOSwitch = 1
133035, ELOkind = 1
133035, Add_Point = 0
133035, 天梯10V10竞技积分 = 0
133035, 普通匹配10V10竞技积分 = 0
133035, 天梯10V10局数 = 1
133035, 普通10V10局数 = 0
133035, 表现系数 = 1
133035, 波动系数 = 1
133035, 高分系数 = 1
133035, ***************整理正常玩家信息**********************
133035, 玩家名：中立无敌意
133035, ELOSwitch = 1
133035, ELOkind = 1
133035, Add_Point = 0
133035, 天梯10V10竞技积分 = 0
133035, 普通匹配10V10竞技积分 = 0
133035, 天梯10V10局数 = 1
133035, 普通10V10局数 = 0
133035, 表现系数 = 1
133035, 波动系数 = 1
133035, 高分系数 = 1
