5, 查询到的结果0
5, 付费积分 = 594
5, 查询到的结果5
5, 付费积分 = 530
5, 查询到的结果0
5, 付费积分 = 621
5, 查询到的结果0
5, 付费积分 = 572
5, 查询到的结果0
5, 付费积分 = 563
5, 查询到的结果1115168
5, 付费积分 = 246
5, 查询到的结果0
5, 付费积分 = 418
5, 查询到的结果0
5, 付费积分 = 444
5, 查询到的结果1
5, 付费积分 = 791
5, 查询到的结果0
5, 付费积分 = 1095
5, 查询到的结果0
5, 付费积分 = 400
5, 查询到的结果0
5, 付费积分 = 438
5, 查询到的结果0
5, 付费积分 = 442
5, 查询到的结果5
5, 付费积分 = 423
5, 查询到的结果0
5, 付费积分 = 302
5, 查询到的结果0
5, 付费积分 = 525
5, 查询到的结果4
5, 付费积分 = 668
5, 查询到的结果3
5, 付费积分 = 517
5, 查询到的结果0
5, 付费积分 = 423
609, Check_Herostyle control =1, unit_id=299 , style=0
697, Check_Herostyle control =12, unit_id=231 , style=0
785, Check_Herostyle control =5, unit_id=255 , style=0
793, Check_Herostyle control =9, unit_id=149 , style=0
801, Check_Herostyle control =7, unit_id=221 , style=0
805, Check_Herostyle control =18, unit_id=385 , style=0
897, Check_Herostyle control =15, unit_id=26 , style=0
901, Check_Herostyle control =11, unit_id=254 , style=0
961, Check_Herostyle control =19, unit_id=60 , style=0
1329, Check_Herostyle control =8, unit_id=147 , style=0
1341, Check_Herostyle control =10, unit_id=141 , style=0
1661, Check_Herostyle control =13, unit_id=328 , style=0
1745, Check_Herostyle control =2, unit_id=145 , style=0
2149, Check_Herostyle control =14, unit_id=87 , style=0
2185, Check_Herostyle control =20, unit_id=315 , style=0
2405, Check_Herostyle control =6, unit_id=277 , style=0
3817, Check_Herostyle control =17, unit_id=61 , style=0
4285, Check_Herostyle control =16, unit_id=188 , style=0
37673, 查询到的结果0
37673, 付费积分 = 650
37925, 查询到的结果0
37925, 付费积分 = 650
38377, Check_Herostyle control =3, unit_id=272 , style=0
40953, 查询到的结果5
40953, 付费积分 = 845
41289, 查询到的结果5
41289, 付费积分 = 845
44225, Check_Herostyle control =4, unit_id=223 , style=0
46261, 查询到的结果2
46261, 付费积分 = 472
46797, 查询到的结果2
46797, 付费积分 = 472
74285, 查询到的结果5
74285, 付费积分 = 419
74653, 查询到的结果5
74653, 付费积分 = 419
103225, 查询到的结果0
103225, 付费积分 = 287
103553, 查询到的结果0
103553, 付费积分 = 287
107761, 查询到的结果0
107761, 付费积分 = 953
108257, 查询到的结果0
108257, 付费积分 = 953
132757, 查询到的结果5
132757, 付费积分 = 419
132757, 查询到的结果0
132757, 付费积分 = 563
132757, 查询到的结果5
132757, 付费积分 = 530
132757, 查询到的结果2
132757, 付费积分 = 472
132757, 查询到的结果0
132757, 付费积分 = 400
132757, 查询到的结果0
132757, 付费积分 = 621
132761, 查询到的结果0
132761, 付费积分 = 418
132761, 查询到的结果4
132761, 付费积分 = 628
132761, 查询到的结果5
132761, 付费积分 = 729
132761, 查询到的结果0
132761, 付费积分 = 438
132761, 查询到的结果0
132761, 付费积分 = 444
132761, 查询到的结果0
132761, 付费积分 = 650
132761, 查询到的结果0
132761, 付费积分 = 442
132761, 查询到的结果0
132761, 付费积分 = 1095
132761, 查询到的结果0
132761, 付费积分 = 287
132761, 查询到的结果0
132761, 付费积分 = 525
132761, 查询到的结果0
132761, 付费积分 = 423
132765, 查询到的结果3
132765, 付费积分 = 517
132769, 查询到的结果1115168
132769, 付费积分 = 246
133035, uploadScore       in
133035, uploadScore      in score2
133035, pcs;91;230;235;97;9;67;162;77;58;123;222;27;22;93;204;5
133035, uploadScore       return
133035, uploadScore       done
