MPTexSet::_CreateNewRawData, texture :resource/sanguo/effect/adazhao, size is not power of 2 w:32,h:180 
MPTexSet::_CreateNewRawData, texture :resource/sanguo/effect/ayinfu, size is not power of 2 w:64,h:96 
MPTexSet::_CreateNewRawData, texture :resource/sanguo/effect/face, size is not power of 2 w:152,h:152 
MPTexSet::_CreateNewRawData, texture :resource/sanguo/effect/zishuai, size is not power of 2 w:216,h:244 
MPTexSet::_CreateNewRawData, texture :resource/sanguo/effect/zizhu, size is not power of 2 w:232,h:248 
VFS_FOpen(resource/sanguo/ui/sanguo_b.map.dds) error! LastError=2
VFS_FOpen(resource/sanguo/effect/SG_wings_02.dds) error! LastError=2
VFS_FOpen(resource/sanguo/effect/SG_wings_01.dds) error! LastError=2
VFS_FOpen(resource/sanguo/model/SG_A_Rocks03.dds) error! LastError=2
VFS_FOpen(resource/sanguo/model/SG_A_Rocks01.dds) error! LastError=2
VFS_FOpen(resource/sanguo/model/StatueA_Silver_Diff1.dds) error! LastError=2
VFS_FOpen(resource/sanguo/model/StatueA_Silver_Diff2.dds) error! LastError=2
VFS_FOpen(resource/sanguo/model/StatueA_Copper_Diff1.dds) error! LastError=2
VFS_FOpen(resource/sanguo/model/StatueA_Copper_Diff2.dds) error! LastError=2
VFS_FOpen(resource/sanguo/effect/FZ_chuizi01.dds) error! LastError=2
VFS_FOpen(resource/sanguo/model/SG_A_Tree01.dds) error! LastError=2
VFS_FOpen(resource/sanguo/effect/tongqian.dds) error! LastError=2
VFS_FOpen(resource/sanguo/effect/SG_wings_03.dds) error! LastError=2
VFS_FOpen(resource/sanguo/effect/E_T_5456.dds) error! LastError=2
VFS_FOpen(resource/sanguo/effect/E_T_1469.dds) error! LastError=2
VFS_FOpen(resource/sanguo/effect/E_T_0534.dds) error! LastError=2
VFS_FOpen(resource/sanguo/effect/E_T_5374.dds) error! LastError=2
VFS_FOpen(resource/sanguo/effect/E_T_5124.dds) error! LastError=2
VFS_FOpen(resource/sanguo/effect/Quan_001.dds) error! LastError=2
VFS_FOpen(resource/sanguo/effect/OWL.dds) error! LastError=2
MPTexSet::_CreateNewRawData, texture :resource/sanguo/ui/node, size is not power of 2 w:12,h:12 
VFS_FOpen(resource/sanguo/effect/p_d_0060a.dds) error! LastError=2
VFS_FOpen(resource/sanguo/effect/9dfae.dds) error! LastError=2
VFS_FOpen(resource/sanguo/effect/QX_dilie001_L.dds) error! LastError=2
VFS_FOpen(resource/sanguo/effect/QX_dilie001.dds) error! LastError=2
VFS_FOpen(resource/sanguo/new_model/texture/qx_hero066_p0.dds) error! LastError=2
VFS_FOpen(resource/sanguo/new_model/texture/qx_hero066_p2.dds) error! LastError=2
VFS_FOpen(resource/sanguo/new_model/texture/qx_hero066_p1.dds) error! LastError=2
VFS_FOpen(resource/sanguo/effect/{88560D73-117D-48F4-AB4C-8422AD658DDC}.dds) error! LastError=2
VFS_FOpen(resource/sanguo/model/SG_A_Tree02.dds) error! LastError=2
VFS_FOpen(resource/sanguo/effect/swiral02.dds) error! LastError=2
MPTexSet::_CreateNewRawData, texture :resource/sanguo/effect/suoliane_B, size is not power of 2 w:128,h:38 
VFS_FOpen(resource/sanguo/effect/QX_WeaponR_083.dds) error! LastError=2
VFS_FOpen(resource/sanguo/effect/QX_SQ_WQ_A.dds) error! LastError=2
VFS_FOpen(resource/sanguo/effect/000000368.dds) error! LastError=2
VFS_FOpen(resource/sanguo/effect/p_d_0050.dds) error! LastError=2
VFS_FOpen(resource/sanguo/effect/eff0090.dds) error! LastError=2
VFS_FOpen(resource/sanguo/model/Rabbit_Diff.dds) error! LastError=2
VFS_FOpen(resource/sanguo/effect/LightningBlue.dds) error! LastError=2
VFS_FOpen(resource/sanguo/effect/CAOPI_Weapon_002.dds) error! LastError=2
VFS_FOpen(resource/sanguo/effect/QX_WeaponR_083_01.dds) error! LastError=2
VFS_FOpen(resource/sanguo/effect/fdasf.dds) error! LastError=2
VFS_FOpen(resource/sanguo/effect/Qx_LampA_Diff.dds) error! LastError=2
VFS_FOpen(resource/sanguo/model/Denga_Diff1.dds) error! LastError=2
VFS_FOpen(resource/sanguo/effect/Wingr_Diff.dds) error! LastError=2
VFS_FOpen(resource/sanguo/effect/shiwen.dds) error! LastError=2
VFS_FOpen(resource/sanguo/model/StatueA_Gold_Diff1.dds) error! LastError=2
VFS_FOpen(resource/sanguo/model/StatueA_Gold_Diff2.dds) error! LastError=2
VFS_FOpen(resource/sanguo/effect/p_m_0138.dds) error! LastError=2
VFS_FOpen(resource/sanguo/model/QX_ying_02.dds) error! LastError=2
VFS_FOpen(resource/sanguo/effect/QX_shibing_009a.dds) error! LastError=2
VFS_FOpen(resource/sanguo/effect/0000000001362.dds) error! LastError=2
