10713, 当前挂机的家伙4
10713, 挂机认定G_Tab.GuaJiJuBao[4][1] = 0
10713, 挂机认定G_Tab.GuaJiJuBao[4][2] = 0
10713, 挂机认定G_Tab.GuaJiJuBao[4][3] = 0
10713, 挂机认定G_Tab.GuaJiJuBao[4][4] = 0
10713, 挂机认定G_Tab.GuaJiJuBao[4][5] = 0
10713, 挂机认定G_Tab.GuaJiJuBao[4][6] = 0
10713, 挂机认定G_Tab.GuaJiJuBao[4][7] = 0
10713, 挂机认定G_Tab.GuaJiJuBao[4][8] = 0
10713, 挂机认定G_Tab.GuaJiJuBao[4][9] = 0
10713, 挂机认定G_Tab.GuaJiJuBao[4][10] = 1
10713, 挂机认定G_Tab.GuaJiJuBao[4][11] = 0
10713, 挂机认定G_Tab.GuaJiJuBao[4][12] = 0
10713, 挂机认定G_Tab.GuaJiJuBao[4][13] = 0
10713, 挂机认定G_Tab.GuaJiJuBao[4][14] = 0
10713, 挂机认定G_Tab.GuaJiJuBao[4][15] = 0
10713, 挂机认定G_Tab.GuaJiJuBao[4][16] = 0
10713, 挂机认定G_Tab.GuaJiJuBao[4][17] = 0
10713, 挂机认定G_Tab.GuaJiJuBao[4][18] = 0
10713, 挂机认定G_Tab.GuaJiJuBao[4][19] = 0
10713, 挂机认定G_Tab.GuaJiJuBao[4][20] = 0
10713, 确认的人数1
10713, control1挂机等级0
10713, control2挂机等级0
10713, control3挂机等级0
10713, control4挂机等级1
10713, control5挂机等级0
10713, control6挂机等级0
10713, control7挂机等级0
10713, control8挂机等级0
10713, control9挂机等级0
10713, control10挂机等级0
10713, control11挂机等级0
10713, control12挂机等级0
10713, control13挂机等级0
10713, control14挂机等级0
10713, control15挂机等级0
10713, control16挂机等级0
10713, control17挂机等级0
10713, control18挂机等级0
10713, control19挂机等级0
10713, control20挂机等级0
10713, 当前没有挂机的人数8
10721, 当前挂机的家伙4
10721, 挂机认定G_Tab.GuaJiJuBao[4][1] = 0
10721, 挂机认定G_Tab.GuaJiJuBao[4][2] = 0
10721, 挂机认定G_Tab.GuaJiJuBao[4][3] = 0
10721, 挂机认定G_Tab.GuaJiJuBao[4][4] = 0
10721, 挂机认定G_Tab.GuaJiJuBao[4][5] = 1
10721, 挂机认定G_Tab.GuaJiJuBao[4][6] = 0
10721, 挂机认定G_Tab.GuaJiJuBao[4][7] = 0
10721, 挂机认定G_Tab.GuaJiJuBao[4][8] = 0
10721, 挂机认定G_Tab.GuaJiJuBao[4][9] = 0
10721, 挂机认定G_Tab.GuaJiJuBao[4][10] = 1
10721, 挂机认定G_Tab.GuaJiJuBao[4][11] = 0
10721, 挂机认定G_Tab.GuaJiJuBao[4][12] = 0
10721, 挂机认定G_Tab.GuaJiJuBao[4][13] = 0
10721, 挂机认定G_Tab.GuaJiJuBao[4][14] = 0
10721, 挂机认定G_Tab.GuaJiJuBao[4][15] = 0
10721, 挂机认定G_Tab.GuaJiJuBao[4][16] = 0
10721, 挂机认定G_Tab.GuaJiJuBao[4][17] = 0
10721, 挂机认定G_Tab.GuaJiJuBao[4][18] = 0
10721, 挂机认定G_Tab.GuaJiJuBao[4][19] = 0
10721, 挂机认定G_Tab.GuaJiJuBao[4][20] = 0
10721, 确认的人数2
10721, control1挂机等级0
10721, control2挂机等级0
10721, control3挂机等级0
10721, control4挂机等级1
10721, control5挂机等级0
10721, control6挂机等级0
10721, control7挂机等级0
10721, control8挂机等级0
10721, control9挂机等级0
10721, control10挂机等级0
10721, control11挂机等级0
10721, control12挂机等级0
10721, control13挂机等级0
10721, control14挂机等级0
10721, control15挂机等级0
10721, control16挂机等级0
10721, control17挂机等级0
10721, control18挂机等级0
10721, control19挂机等级0
10721, control20挂机等级0
10721, 当前没有挂机的人数8
10733, 当前挂机的家伙4
10733, 挂机认定G_Tab.GuaJiJuBao[4][1] = 0
10733, 挂机认定G_Tab.GuaJiJuBao[4][2] = 1
10733, 挂机认定G_Tab.GuaJiJuBao[4][3] = 0
10733, 挂机认定G_Tab.GuaJiJuBao[4][4] = 0
10733, 挂机认定G_Tab.GuaJiJuBao[4][5] = 1
10733, 挂机认定G_Tab.GuaJiJuBao[4][6] = 0
10733, 挂机认定G_Tab.GuaJiJuBao[4][7] = 0
10733, 挂机认定G_Tab.GuaJiJuBao[4][8] = 0
10733, 挂机认定G_Tab.GuaJiJuBao[4][9] = 0
10733, 挂机认定G_Tab.GuaJiJuBao[4][10] = 1
10733, 挂机认定G_Tab.GuaJiJuBao[4][11] = 0
10733, 挂机认定G_Tab.GuaJiJuBao[4][12] = 0
10733, 挂机认定G_Tab.GuaJiJuBao[4][13] = 0
10733, 挂机认定G_Tab.GuaJiJuBao[4][14] = 0
10733, 挂机认定G_Tab.GuaJiJuBao[4][15] = 0
10733, 挂机认定G_Tab.GuaJiJuBao[4][16] = 0
10733, 挂机认定G_Tab.GuaJiJuBao[4][17] = 0
10733, 挂机认定G_Tab.GuaJiJuBao[4][18] = 0
10733, 挂机认定G_Tab.GuaJiJuBao[4][19] = 0
10733, 挂机认定G_Tab.GuaJiJuBao[4][20] = 0
10733, 确认的人数3
10733, control1挂机等级0
10733, control2挂机等级0
10733, control3挂机等级0
10733, control4挂机等级1
10733, control5挂机等级0
10733, control6挂机等级0
10733, control7挂机等级0
10733, control8挂机等级0
10733, control9挂机等级0
10733, control10挂机等级0
10733, control11挂机等级0
10733, control12挂机等级0
10733, control13挂机等级0
10733, control14挂机等级0
10733, control15挂机等级0
10733, control16挂机等级0
10733, control17挂机等级0
10733, control18挂机等级0
10733, control19挂机等级0
10733, control20挂机等级0
10733, 当前没有挂机的人数8
10749, 当前挂机的家伙4
10749, 挂机认定G_Tab.GuaJiJuBao[4][1] = 1
10749, 挂机认定G_Tab.GuaJiJuBao[4][2] = 1
10749, 挂机认定G_Tab.GuaJiJuBao[4][3] = 0
10749, 挂机认定G_Tab.GuaJiJuBao[4][4] = 0
10749, 挂机认定G_Tab.GuaJiJuBao[4][5] = 1
10749, 挂机认定G_Tab.GuaJiJuBao[4][6] = 0
10749, 挂机认定G_Tab.GuaJiJuBao[4][7] = 0
10749, 挂机认定G_Tab.GuaJiJuBao[4][8] = 0
10749, 挂机认定G_Tab.GuaJiJuBao[4][9] = 0
10749, 挂机认定G_Tab.GuaJiJuBao[4][10] = 1
10749, 挂机认定G_Tab.GuaJiJuBao[4][11] = 0
10749, 挂机认定G_Tab.GuaJiJuBao[4][12] = 0
10749, 挂机认定G_Tab.GuaJiJuBao[4][13] = 0
10749, 挂机认定G_Tab.GuaJiJuBao[4][14] = 0
10749, 挂机认定G_Tab.GuaJiJuBao[4][15] = 0
10749, 挂机认定G_Tab.GuaJiJuBao[4][16] = 0
10749, 挂机认定G_Tab.GuaJiJuBao[4][17] = 0
10749, 挂机认定G_Tab.GuaJiJuBao[4][18] = 0
10749, 挂机认定G_Tab.GuaJiJuBao[4][19] = 0
10749, 挂机认定G_Tab.GuaJiJuBao[4][20] = 0
10749, 确认的人数4
10749, control1挂机等级0
10749, control2挂机等级0
10749, control3挂机等级0
10749, control4挂机等级1
10749, control5挂机等级0
10749, control6挂机等级0
10749, control7挂机等级0
10749, control8挂机等级0
10749, control9挂机等级0
10749, control10挂机等级0
10749, control11挂机等级0
10749, control12挂机等级0
10749, control13挂机等级0
10749, control14挂机等级0
10749, control15挂机等级0
10749, control16挂机等级0
10749, control17挂机等级0
10749, control18挂机等级0
10749, control19挂机等级0
10749, control20挂机等级0
10749, 当前没有挂机的人数8
10777, 当前挂机的家伙4
10777, 挂机认定G_Tab.GuaJiJuBao[4][1] = 1
10777, 挂机认定G_Tab.GuaJiJuBao[4][2] = 1
10777, 挂机认定G_Tab.GuaJiJuBao[4][3] = 0
10777, 挂机认定G_Tab.GuaJiJuBao[4][4] = 0
10777, 挂机认定G_Tab.GuaJiJuBao[4][5] = 1
10777, 挂机认定G_Tab.GuaJiJuBao[4][6] = 0
10777, 挂机认定G_Tab.GuaJiJuBao[4][7] = 1
10777, 挂机认定G_Tab.GuaJiJuBao[4][8] = 0
10777, 挂机认定G_Tab.GuaJiJuBao[4][9] = 0
10777, 挂机认定G_Tab.GuaJiJuBao[4][10] = 1
10777, 挂机认定G_Tab.GuaJiJuBao[4][11] = 0
10777, 挂机认定G_Tab.GuaJiJuBao[4][12] = 0
10777, 挂机认定G_Tab.GuaJiJuBao[4][13] = 0
10777, 挂机认定G_Tab.GuaJiJuBao[4][14] = 0
10777, 挂机认定G_Tab.GuaJiJuBao[4][15] = 0
10777, 挂机认定G_Tab.GuaJiJuBao[4][16] = 0
10777, 挂机认定G_Tab.GuaJiJuBao[4][17] = 0
10777, 挂机认定G_Tab.GuaJiJuBao[4][18] = 0
10777, 挂机认定G_Tab.GuaJiJuBao[4][19] = 0
10777, 挂机认定G_Tab.GuaJiJuBao[4][20] = 0
10777, 确认的人数5
10777, control1挂机等级0
10777, control2挂机等级0
10777, control3挂机等级0
10777, control4挂机等级1
10777, control5挂机等级0
10777, control6挂机等级0
10777, control7挂机等级0
10777, control8挂机等级0
10777, control9挂机等级0
10777, control10挂机等级0
10777, control11挂机等级0
10777, control12挂机等级0
10777, control13挂机等级0
10777, control14挂机等级0
10777, control15挂机等级0
10777, control16挂机等级0
10777, control17挂机等级0
10777, control18挂机等级0
10777, control19挂机等级0
10777, control20挂机等级0
10777, 当前没有挂机的人数8
10941, 当前挂机的家伙4
10941, 挂机认定G_Tab.GuaJiJuBao[4][1] = 1
10941, 挂机认定G_Tab.GuaJiJuBao[4][2] = 1
10941, 挂机认定G_Tab.GuaJiJuBao[4][3] = 0
10941, 挂机认定G_Tab.GuaJiJuBao[4][4] = 0
10941, 挂机认定G_Tab.GuaJiJuBao[4][5] = 1
10941, 挂机认定G_Tab.GuaJiJuBao[4][6] = 1
10941, 挂机认定G_Tab.GuaJiJuBao[4][7] = 1
10941, 挂机认定G_Tab.GuaJiJuBao[4][8] = 0
10941, 挂机认定G_Tab.GuaJiJuBao[4][9] = 0
10941, 挂机认定G_Tab.GuaJiJuBao[4][10] = 1
10941, 挂机认定G_Tab.GuaJiJuBao[4][11] = 0
10941, 挂机认定G_Tab.GuaJiJuBao[4][12] = 0
10941, 挂机认定G_Tab.GuaJiJuBao[4][13] = 0
10941, 挂机认定G_Tab.GuaJiJuBao[4][14] = 0
10941, 挂机认定G_Tab.GuaJiJuBao[4][15] = 0
10941, 挂机认定G_Tab.GuaJiJuBao[4][16] = 0
10941, 挂机认定G_Tab.GuaJiJuBao[4][17] = 0
10941, 挂机认定G_Tab.GuaJiJuBao[4][18] = 0
10941, 挂机认定G_Tab.GuaJiJuBao[4][19] = 0
10941, 挂机认定G_Tab.GuaJiJuBao[4][20] = 0
10941, 确认的人数6
10941, control1挂机等级0
10941, control2挂机等级0
10941, control3挂机等级0
10941, control4挂机等级1
10941, control5挂机等级0
10941, control6挂机等级0
10941, control7挂机等级0
10941, control8挂机等级0
10941, control9挂机等级0
10941, control10挂机等级0
10941, control11挂机等级0
10941, control12挂机等级0
10941, control13挂机等级0
10941, control14挂机等级0
10941, control15挂机等级0
10941, control16挂机等级0
10941, control17挂机等级0
10941, control18挂机等级0
10941, control19挂机等级0
10941, control20挂机等级0
10941, 当前没有挂机的人数8
10985, 当前挂机的家伙4
10985, 挂机认定G_Tab.GuaJiJuBao[4][1] = 1
10985, 挂机认定G_Tab.GuaJiJuBao[4][2] = 1
10985, 挂机认定G_Tab.GuaJiJuBao[4][3] = 0
10985, 挂机认定G_Tab.GuaJiJuBao[4][4] = 0
10985, 挂机认定G_Tab.GuaJiJuBao[4][5] = 1
10985, 挂机认定G_Tab.GuaJiJuBao[4][6] = 1
10985, 挂机认定G_Tab.GuaJiJuBao[4][7] = 1
10985, 挂机认定G_Tab.GuaJiJuBao[4][8] = 0
10985, 挂机认定G_Tab.GuaJiJuBao[4][9] = 1
10985, 挂机认定G_Tab.GuaJiJuBao[4][10] = 1
10985, 挂机认定G_Tab.GuaJiJuBao[4][11] = 0
10985, 挂机认定G_Tab.GuaJiJuBao[4][12] = 0
10985, 挂机认定G_Tab.GuaJiJuBao[4][13] = 0
10985, 挂机认定G_Tab.GuaJiJuBao[4][14] = 0
10985, 挂机认定G_Tab.GuaJiJuBao[4][15] = 0
10985, 挂机认定G_Tab.GuaJiJuBao[4][16] = 0
10985, 挂机认定G_Tab.GuaJiJuBao[4][17] = 0
10985, 挂机认定G_Tab.GuaJiJuBao[4][18] = 0
10985, 挂机认定G_Tab.GuaJiJuBao[4][19] = 0
10985, 挂机认定G_Tab.GuaJiJuBao[4][20] = 0
10985, 确认的人数7
10985, control1挂机等级0
10985, control2挂机等级0
10985, control3挂机等级0
10985, control4挂机等级1
10985, control5挂机等级0
10985, control6挂机等级0
10985, control7挂机等级0
10985, control8挂机等级0
10985, control9挂机等级0
10985, control10挂机等级0
10985, control11挂机等级0
10985, control12挂机等级0
10985, control13挂机等级0
10985, control14挂机等级0
10985, control15挂机等级0
10985, control16挂机等级0
10985, control17挂机等级0
10985, control18挂机等级0
10985, control19挂机等级0
10985, control20挂机等级0
10985, 当前没有挂机的人数8
