3008, 2/216
3008, result=true
3547, 2/214
3547, result=true
3655, 10/212
3655, result=true
8885, 2/202
8885, result=true
30156, 1/200
30156, result=true
30256, 5/199
30256, result=true
30356, 10/194
30356, result=true
41996, 1/184
41996, result=true
59102, 2/183
59102, result=true
59190, 10/181
59190, result=true
59283, 20/171
59283, result=true
64997, 2/151
64997, result=true
65133, 10/149
65133, result=true
72663, 2/139
72663, result=true
81284, 2/137
81284, result=true
81382, 10/135
81382, result=true
93073, 2/125
93073, result=true
93550, 10/123
93550, result=true
