132740, ===[1][g丶谨呈][高顺]===
132740, 0
132740, 0
132740, 0
132740, 0
132740, 0
132740, 0
132740, --------
132740, 物理攻击 + 16.44
132740, 攻击速度 + 21.6％
132740, 生命偷取 + 14.4％
132740, 移动速度 + 36
132740, 暴击伤害 + 21.6％
132740, 击中生命恢复 + 14.4
132740, 护甲穿透 + 1.16
132740, ===[2][三千红尘帐][太史慈]===
132740, 0
132740, 0
132740, 0
132740, 0
132740, 0
132740, 0
132740, 0
132740, --------
132740, 物理攻击 + 13.36
132740, 护甲穿透 + 2.32
132740, 物理攻击 + 4.8％
132740, 伤害减免 + 3％
132740, 生命上限 + 41.16
132740, 物理防御 + 0.86
132740, 每秒获得金钱 + 0.36
132740, 法术暴击概率 + 2.5％
132740, 生命偷取 + 9.6％
132740, 暴击概率 + 3％
132740, 攻击速度 + 5％
132740, 法术穿透 + 2.5％
132740, ===[3][aws65681599][周泰]===
132740, 0
132740, 0
132740, 0
132740, --------
132740, 周泰 精忠 ★
132740, 白虎 ★ ★ ★
132740, 物理攻击 + 9.86
132740, 攻击速度 + 25.92％
132740, 物理攻击 + 8.64％
132740, 基础攻击速度 + 3.6％
132740, 移动速度 + 19.8
132740, 暴击概率 + 5.4％
132740, 生命上限 + 149.09
132740, 法术抗性 + 1.56
132740, 每秒获得金钱 + 0.65
132740, ===[4][masae123][曹丕]===
132740, 0
132740, 0
132740, 0
132740, --------
132740, 白虎 ★ ★ ★
132740, 生命上限 + 447.27
132740, 物理防御 + 3.12
132740, 生命上限 + 9.72％
132740, 移动速度 + 32.4
132740, 法术抗性 + 1.56
132740, ===[5][pactivgd][邓艾]===
132740, 0
132740, 0
132740, 0
132740, --------
132740, 张飞 精忠 ★
132740, 甘宁 精忠 ★
132740, 李严 精忠 ★
132740, 青龙 ★
132740, 玄武 ★
132740, 朱雀 ★
132740, 物理攻击 + 9.86
132740, 物理攻击 + 8.64％
132740, 基础攻击速度 + 7.2％
132740, 物理防御 + 3.12
132740, 移动速度 + 15
132740, 暴击伤害 + 12.96％
132740, 生命上限 + 74.09
132740, 复活时间 + -14.39％
132740, 攻击速度 + 12.96％
132740, ===[6][MC君临天下][蒋琬]===
132740, 0
132740, 0
132740, 0
132740, --------
132740, 华佗 精忠 ★
132740, 周泰 精忠 ★
132740, 荀攸 精忠 ★
132740, 朱雀 ★
132740, 玄武 ★ ★
132740, 控制时间减免 + 8.64％
132740, 伤害减免 + 2.7％
132740, 法术伤害 + 29.64
132740, 法术穿透 + 1.82
132740, 移动速度 + 13
132740, 护甲穿透 + 1.04
132740, 基础攻击速度 + 3.6％
132740, 法术吸血 + 4.32％
132740, 暴击概率 + 5.4％
132740, 法术暴击伤害 + 6.48％
132740, ===[7][右耳钉丶残恋][法正]===
132740, 0
132740, 0
132740, 0
132740, --------
132740, 孙策 精忠 ★
132740, 鲁肃 精忠 ★
132740, 李典 精忠 ★
132740, 朱雀 ★ ★ ★
132740, 法术伤害 + 29.64
132740, 法术穿透 + 1.82
132740, 法术暴击伤害 + 12.96％
132740, 冷却缩减 + 6.3％
132740, 移动速度 + 13
132740, 暴击伤害 + 12.96％
132740, 法术暴击概率 + 4.5％
132740, 击中生命恢复 + 25.92
132740, 暴击概率 + 5.4％
132740, ===[8][叶子晴天][程昱]===
132740, 0
132740, 0
132740, 0
132740, --------
132740, 法正 精忠 ★
132740, 曹丕 精忠 ★
132740, 陆逊 精忠 ★
132740, 朱雀 ★ ★ ★
132740, 生命上限 + 299.09
132740, 移动速度 + 32.4
132740, 法术穿透 + 2.73
132740, 法术暴击伤害 + 6.48％
132740, 法术伤害 + 19.76
132740, 法术伤害 + 5.18％
132740, ===[9][最新一步三回头][马超]===
132740, 0
132740, 0
132740, 0
132740, --------
132740, 马超 精忠 ★ ★
132740, 青龙 ★ ★ ★
132740, 生命上限 + 223.18
132740, 法术抗性 + 1.56
132740, 每秒获得金钱 + 1.3
132740, 移动速度 + 19.8
132740, 护甲穿透 + 1.04
132740, 生命偷取 + 8.64％
132740, 基础攻击速度 + 3.6％
132740, 物理攻击 + 4.93
132740, 攻击速度 + 12.96％
132740, 伤害减免 + 2.7％
132740, ===[10][邓好牛牛][马岱]===
132740, 0
132740, 0
132740, 0
132740, 0
132740, --------
132740, 物理攻击 + 8.06
132740, 攻击速度 + 18.2％
132740, 控制时间减免 + 4.8％
132740, 法术穿透 + 2.5％
132740, 物理攻击 + 2％
132740, 击中生命恢复 + 12
132740, 生命上限 + 1.5％
132740, ===[11][p13487413948][关平]===
132740, 0
132740, 0
132740, 0
132740, --------
132740, 曹休 精忠 ★
132740, 青龙 ★ ★ ★
132740, 物理攻击 + 9.86
132740, 护甲穿透 + 1.04
132740, 移动速度 + 20.8
132740, 法术伤害 + 2.59％
132740, 生命上限 + 149.09
132740, 法术抗性 + 1.56
132740, 每秒获得金钱 + 0.65
132740, 冷却缩减 + 6.3％
132740, 击中生命恢复 + 25.92
132740, 物理攻击 + 4.32％
132740, 复活时间 + -14.39％
132740, ===[12][我萌新][颜良]===
132740, 0
132740, 0
132740, 0
132740, --------
132740, 青龙 ★
132740, 白虎 ★
132740, 玄武 ★
132740, 生命上限 + 74.09
132740, 物理防御 + 1.56
132740, 控制时间减免 + 8.64％
132740, 法术穿透 + 4.5％
132740, 移动速度 + 11
132740, 物理攻击 + 9.86
132740, 击中生命恢复 + 51.84
132740, 物理攻击 + 4.32％
132740, 法术暴击概率 + 4.5％
132740, 生命偷取 + 8.64％
132740, 暴击概率 + 5.4％
132740, ===[13][回城456][马云禄]===
132740, 0
132740, 0
132740, 0
132740, 0
132740, 0
132740, 0
132740, --------
132740, 物理攻击 + 16.44
132740, 攻击速度 + 14.4％
132740, 暴击伤害 + 14.4％
132740, 基础攻击速度 + 6％
132740, 击中生命恢复 + 43.2
132740, 生命偷取 + 14.4％
132740, 护甲穿透 + 0.58
132740, 护甲穿透 + 5％
132740, 物理攻击 + 2.4％
132740, 暴击概率 + 3％
132740, ===[14][新手完家01][黄忠]===
132740, 0
132740, 0
132740, 0
132740, --------
132740, 青龙 ★ ★
132740, 玄武 ★
132740, 物理攻击 + 14.79
132740, 击中生命恢复 + 25.92
132740, 生命偷取 + 17.28％
132740, 暴击概率 + 5.4％
132740, 移动速度 + 14
132740, 护甲穿透 + 1.04
132740, 基础攻击速度 + 7.2％
132740, 攻击速度 + 12.96％
132740, 暴击伤害 + 12.96％
132740, ===[15][你好勺][华佗]===
132740, 0
132740, 0
132740, 0
132740, 0
132740, 0
132740, 0
132740, --------
132740, 生命偷取 + 9.6％
132740, 每秒生命恢复 + 1.44
132740, 移动速度 + 36
132740, 法术伤害 + 5.49
132740, 物理攻击 + 8.22
132740, 护甲穿透 + 0.58
132740, 攻击速度 + 14.4％
132740, 物理攻击 + 2.4％
132740, 暴击伤害 + 7.2％
132740, 生命上限 + 82.32
132740, 法术抗性 + 0.86
132740, 生命上限 + 3.6％
132740, 物理防御 + 0.86
132740, ===[16][低调丿晓航][孙权]===
132740, 0
132740, 0
132740, 0
132740, --------
132740, 郭嘉 精忠 ★ ★
132740, 贾诩 精忠 ★
132740, 朱雀 ★ ★ ★
132740, 复活时间 + -14.39％
132740, 法术伤害 + 29.64
132740, 法术穿透 + 1.82
132740, 法术吸血 + 8.64％
132740, 移动速度 + 19.8
132740, 法术伤害 + 2.59％
132740, 法术暴击概率 + 4.5％
132740, 法力上限 + 103.68
132740, 生命上限 + 75
132740, ===[17][我还能再战十年][周瑜]===
132740, 0
132740, 0
132740, 0
132740, --------
132740, 赵云 精忠 ★ ★ ★
132740, 白虎 ★ ★ ★
132740, 物理攻击 + 14.79
132740, 物理攻击 + 8.64％
132740, 移动速度 + 20.8
132740, 法力上限 + 103.68
132740, 生命上限 + 75
132740, 物理防御 + 1.56
132740, 冷却缩减 + 12.6％
132740, 护甲穿透 + 1.04
132740, 生命偷取 + 8.64％
132740, ===[18][虐杀原型灬晨][华雄]===
132740, 0
132740, 0
132740, 0
132740, --------
132740, 孙权 精忠 ★
132740, 青龙 ★
132740, 白虎 ★
132740, 玄武 ★
132740, 物理攻击 + 14.79
132740, 护甲穿透 + 2.08
132740, 暴击伤害 + 25.92％
132740, 护甲穿透 + 4.5％
132740, 移动速度 + 11
132740, 击中生命恢复 + 25.92
132740, 生命偷取 + 8.64％
132740, 暴击概率 + 10.8％
132740, ===[19][死神丶V丶][赵云]===
132740, --------
132740, ===[20][hplovezyp][左慈]===
132740, 0
132740, 0
132740, --------
132740, 郭嘉 精忠 ★
132740, 贾诩 精忠 ★
132740, 朱雀 ★ ★
132740, 控制时间减免 + 8.64％
132740, 法术伤害 + 19.76
132740, 法术穿透 + 1.82
132740, 冷却缩减 + 6.3％
132740, 移动速度 + 9
132740, 法术暴击伤害 + 6.48％
132740, 法术暴击概率 + 4.5％
132752, ===[1][g丶谨呈][高顺]===
132752, 0
132752, 0
132752, 0
132752, 0
132752, 0
132752, 0
132752, --------
132752, 物理攻击 + 16.44
132752, 攻击速度 + 21.6％
132752, 生命偷取 + 14.4％
132752, 移动速度 + 36
132752, 暴击伤害 + 21.6％
132752, 击中生命恢复 + 14.4
132752, 护甲穿透 + 1.16
132752, ===[2][三千红尘帐][太史慈]===
132752, 0
132752, 0
132752, 0
132752, 0
132752, 0
132752, 0
132752, 0
132752, --------
132752, 物理攻击 + 13.36
132752, 护甲穿透 + 2.32
132752, 物理攻击 + 4.8％
132752, 伤害减免 + 3％
132752, 生命上限 + 41.16
132752, 物理防御 + 0.86
132752, 每秒获得金钱 + 0.36
132752, 法术暴击概率 + 2.5％
132752, 生命偷取 + 9.6％
132752, 暴击概率 + 3％
132752, 攻击速度 + 5％
132752, 法术穿透 + 2.5％
132752, ===[3][aws65681599][周泰]===
132752, 0
132752, 0
132752, 0
132752, --------
132752, 周泰 精忠 ★
132752, 白虎 ★ ★ ★
132752, 物理攻击 + 9.86
132752, 攻击速度 + 25.92％
132752, 物理攻击 + 8.64％
132752, 基础攻击速度 + 3.6％
132752, 移动速度 + 19.8
132752, 暴击概率 + 5.4％
132752, 生命上限 + 149.09
132752, 法术抗性 + 1.56
132752, 每秒获得金钱 + 0.65
132752, ===[4][masae123][曹丕]===
132752, 0
132752, 0
132752, 0
132752, --------
132752, 白虎 ★ ★ ★
132752, 生命上限 + 447.27
132752, 物理防御 + 3.12
132752, 生命上限 + 9.72％
132752, 移动速度 + 32.4
132752, 法术抗性 + 1.56
132752, ===[5][pactivgd][邓艾]===
132752, 0
132752, 0
132752, 0
132752, --------
132752, 张飞 精忠 ★
132752, 甘宁 精忠 ★
132752, 李严 精忠 ★
132752, 青龙 ★
132752, 玄武 ★
132752, 朱雀 ★
132752, 物理攻击 + 9.86
132752, 物理攻击 + 8.64％
132752, 基础攻击速度 + 7.2％
132752, 物理防御 + 3.12
132752, 移动速度 + 15
132752, 暴击伤害 + 12.96％
132752, 生命上限 + 74.09
132752, 复活时间 + -14.39％
132752, 攻击速度 + 12.96％
132752, ===[6][MC君临天下][蒋琬]===
132752, 0
132752, 0
132752, 0
132752, --------
132752, 华佗 精忠 ★
132752, 周泰 精忠 ★
132752, 荀攸 精忠 ★
132752, 朱雀 ★
132752, 玄武 ★ ★
132752, 控制时间减免 + 8.64％
132752, 伤害减免 + 2.7％
132752, 法术伤害 + 29.64
132752, 法术穿透 + 1.82
132752, 移动速度 + 13
132752, 护甲穿透 + 1.04
132752, 基础攻击速度 + 3.6％
132752, 法术吸血 + 4.32％
132752, 暴击概率 + 5.4％
132752, 法术暴击伤害 + 6.48％
132752, ===[7][右耳钉丶残恋][法正]===
132752, 0
132752, 0
132752, 0
132752, --------
132752, 孙策 精忠 ★
132752, 鲁肃 精忠 ★
132752, 李典 精忠 ★
132752, 朱雀 ★ ★ ★
132752, 法术伤害 + 29.64
132752, 法术穿透 + 1.82
132752, 法术暴击伤害 + 12.96％
132752, 冷却缩减 + 6.3％
132752, 移动速度 + 13
132752, 暴击伤害 + 12.96％
132752, 法术暴击概率 + 4.5％
132752, 击中生命恢复 + 25.92
132752, 暴击概率 + 5.4％
132752, ===[8][叶子晴天][程昱]===
132752, 0
132752, 0
132752, 0
132752, --------
132752, 法正 精忠 ★
132752, 曹丕 精忠 ★
132752, 陆逊 精忠 ★
132752, 朱雀 ★ ★ ★
132752, 生命上限 + 299.09
132752, 移动速度 + 32.4
132752, 法术穿透 + 2.73
132752, 法术暴击伤害 + 6.48％
132752, 法术伤害 + 19.76
132752, 法术伤害 + 5.18％
132752, ===[9][最新一步三回头][马超]===
132752, 0
132752, 0
132752, 0
132752, --------
132752, 马超 精忠 ★ ★
132752, 青龙 ★ ★ ★
132752, 生命上限 + 223.18
132752, 法术抗性 + 1.56
132752, 每秒获得金钱 + 1.3
132752, 移动速度 + 19.8
132752, 护甲穿透 + 1.04
132752, 生命偷取 + 8.64％
132752, 基础攻击速度 + 3.6％
132752, 物理攻击 + 4.93
132752, 攻击速度 + 12.96％
132752, 伤害减免 + 2.7％
132752, ===[10][邓好牛牛][马岱]===
132752, 0
132752, 0
132752, 0
132752, 0
132752, --------
132752, 物理攻击 + 8.06
132752, 攻击速度 + 18.2％
132752, 控制时间减免 + 4.8％
132752, 法术穿透 + 2.5％
132752, 物理攻击 + 2％
132752, 击中生命恢复 + 12
132752, 生命上限 + 1.5％
132752, ===[11][p13487413948][关平]===
132752, 0
132752, 0
132752, 0
132752, --------
132752, 曹休 精忠 ★
132752, 青龙 ★ ★ ★
132752, 物理攻击 + 9.86
132752, 护甲穿透 + 1.04
132752, 移动速度 + 20.8
132752, 法术伤害 + 2.59％
132752, 生命上限 + 149.09
132752, 法术抗性 + 1.56
132752, 每秒获得金钱 + 0.65
132752, 冷却缩减 + 6.3％
132752, 击中生命恢复 + 25.92
132752, 物理攻击 + 4.32％
132752, 复活时间 + -14.39％
132752, ===[12][我萌新][颜良]===
132752, 0
132752, 0
132752, 0
132752, --------
132752, 青龙 ★
132752, 白虎 ★
132752, 玄武 ★
132752, 生命上限 + 74.09
132752, 物理防御 + 1.56
132752, 控制时间减免 + 8.64％
132752, 法术穿透 + 4.5％
132752, 移动速度 + 11
132752, 物理攻击 + 9.86
132752, 击中生命恢复 + 51.84
132752, 物理攻击 + 4.32％
132752, 法术暴击概率 + 4.5％
132752, 生命偷取 + 8.64％
132752, 暴击概率 + 5.4％
132752, ===[13][回城456][马云禄]===
132752, 0
132752, 0
132752, 0
132752, 0
132752, 0
132752, 0
132752, --------
132752, 物理攻击 + 16.44
132752, 攻击速度 + 14.4％
132752, 暴击伤害 + 14.4％
132752, 基础攻击速度 + 6％
132752, 击中生命恢复 + 43.2
132752, 生命偷取 + 14.4％
132752, 护甲穿透 + 0.58
132752, 护甲穿透 + 5％
132752, 物理攻击 + 2.4％
132752, 暴击概率 + 3％
132752, ===[14][新手完家01][黄忠]===
132752, 0
132752, 0
132752, 0
132752, --------
132752, 青龙 ★ ★
132752, 玄武 ★
132752, 物理攻击 + 14.79
132752, 击中生命恢复 + 25.92
132752, 生命偷取 + 17.28％
132752, 暴击概率 + 5.4％
132752, 移动速度 + 14
132752, 护甲穿透 + 1.04
132752, 基础攻击速度 + 7.2％
132752, 攻击速度 + 12.96％
132752, 暴击伤害 + 12.96％
132752, ===[15][你好勺][华佗]===
132752, 0
132752, 0
132752, 0
132752, 0
132752, 0
132752, 0
132752, --------
132752, 生命偷取 + 9.6％
132752, 每秒生命恢复 + 1.44
132752, 移动速度 + 36
132752, 法术伤害 + 5.49
132752, 物理攻击 + 8.22
132752, 护甲穿透 + 0.58
132752, 攻击速度 + 14.4％
132752, 物理攻击 + 2.4％
132752, 暴击伤害 + 7.2％
132752, 生命上限 + 82.32
132752, 法术抗性 + 0.86
132752, 生命上限 + 3.6％
132752, 物理防御 + 0.86
132752, ===[16][低调丿晓航][孙权]===
132752, 0
132752, 0
132752, 0
132752, --------
132752, 郭嘉 精忠 ★ ★
132752, 贾诩 精忠 ★
132752, 朱雀 ★ ★ ★
132752, 复活时间 + -14.39％
132752, 法术伤害 + 29.64
132752, 法术穿透 + 1.82
132752, 法术吸血 + 8.64％
132752, 移动速度 + 19.8
132752, 法术伤害 + 2.59％
132752, 法术暴击概率 + 4.5％
132752, 法力上限 + 103.68
132752, 生命上限 + 75
132752, ===[17][我还能再战十年][周瑜]===
132752, 0
132752, 0
132752, 0
132752, --------
132752, 赵云 精忠 ★ ★ ★
132752, 白虎 ★ ★ ★
132752, 物理攻击 + 14.79
132752, 物理攻击 + 8.64％
132752, 移动速度 + 20.8
132752, 法力上限 + 103.68
132752, 生命上限 + 75
132752, 物理防御 + 1.56
132752, 冷却缩减 + 12.6％
132752, 护甲穿透 + 1.04
132752, 生命偷取 + 8.64％
132752, ===[18][虐杀原型灬晨][华雄]===
132752, 0
132752, 0
132752, 0
132752, --------
132752, 孙权 精忠 ★
132752, 青龙 ★
132752, 白虎 ★
132752, 玄武 ★
132752, 物理攻击 + 14.79
132752, 护甲穿透 + 2.08
132752, 暴击伤害 + 25.92％
132752, 护甲穿透 + 4.5％
132752, 移动速度 + 11
132752, 击中生命恢复 + 25.92
132752, 生命偷取 + 8.64％
132752, 暴击概率 + 10.8％
132752, ===[19][死神丶V丶][赵云]===
132752, --------
132752, ===[20][hplovezyp][左慈]===
132752, 0
132752, 0
132752, --------
132752, 郭嘉 精忠 ★
132752, 贾诩 精忠 ★
132752, 朱雀 ★ ★
132752, 控制时间减免 + 8.64％
132752, 法术伤害 + 19.76
132752, 法术穿透 + 1.82
132752, 冷却缩减 + 6.3％
132752, 移动速度 + 9
132752, 法术暴击伤害 + 6.48％
132752, 法术暴击概率 + 4.5％
