compilation time: Sep 19 2018 23:13:18
pid 13596
/pipe=GAME_XQYFZ_CHS_123456 /mapfile=269125 /mode=1 /replay="D:\起凡\7fgame\replay\MyGame\AutoSave\my_replays0133.7fr" /replaypath="D:\起凡\7fgame\replay\MyGame\" /partner=0 /vfs= /enc=(cd66d3bea7c4,07102cbe422ff93aa7db8903d3d65fda7e71201689be8ac7e644a1f860fe8e5cb7d8bfe37167c18acb6150575801c626),(d93b8f941beb,2ad165e198c90cf5460bbadbafa7af5f7938e0d9c0a8d3fa64a2f969d6a2e7b6c7300be7749ce579de13eff88fb72097),(3b244adde9e7,1554b3818477ffe0fad6f744a8f1423c6f5796178524aaf67fc599c07bb7d940a498e06f3d715aa37ebb0344a279b990)
/pipe=GAME_XQYFZ_CHS_123456
/mapfile=269125
/mode=1
2018-10-09 20:01:41:693 PID:13596 FM:     0  自动保存的平台路径：/replay="D:\起凡\7fgame\replay\MyGame\AutoSave\my_replays0133.7fr"  
2018-10-09 20:01:41:693 PID:13596 FM:     0  玩家保存的平台路径：/replaypath="D:\起凡\7fgame\replay\MyGame\"  
vertxt:D:\起凡\7fgame\game


-----------------------------------------------------------------
游戏开始启动, 首先获取机器配置信息
-----------------------------------------------------------------

一。操作系统:
Windows  Vista以上版本
版本号: 6,2, Build 9200
运行模式:normal mode.
系统语言: 中文简体

三。CPU:
8 个 CPU:
CPU:
  Intel(R) Core(TM) i5-8250U CPU @ 1.60GHz
VendorIdentifier:
  GenuineIntel
Identifier:
  Intel64 Family 6 Model 142 Stepping 10

四。内存:
MemoryLoad:31,
  TotalPhys:2047M, AvailPhys:2047M,
  AvailPageFile:2388M, TotalPageFile:4095M,
  AvailVirtual:1869M,TotalVirtual:2047M

五。显卡:
D3D Driver: nvldumd.dll
Description: NVIDIA GeForce MX150
Version: 23.21.13.8873

六。显示模式:
Enum displaymode: 640 x 400, 32
Enum displaymode: 640 x 480, 32
Enum displaymode: 800 x 600, 32
Enum displaymode: 1024 x 768, 32
Enum displaymode: 1152 x 864, 32
Enum displaymode: 1280 x 600, 32
Enum displaymode: 1280 x 720, 32
Enum displaymode: 1280 x 768, 32
Enum displaymode: 1280 x 800, 32
Enum displaymode: 1280 x 960, 32
Enum displaymode: 1280 x 1024, 32
Enum displaymode: 1360 x 768, 32
Enum displaymode: 1366 x 768, 32
Enum displaymode: 1400 x 1050, 32
Enum displaymode: 1440 x 900, 32
Enum displaymode: 1600 x 900, 32
Enum displaymode: 1680 x 1050, 32
Enum displaymode: 1920 x 1080, 32
Receive displaymode: 800 x 600
Receive displaymode: 1024 x 768
Receive displaymode: 1152 x 864
Receive displaymode: 1280 x 600
Receive displaymode: 1280 x 720
Receive displaymode: 1280 x 768
Receive displaymode: 1280 x 800
Receive displaymode: 1280 x 960
Receive displaymode: 1280 x 1024
Receive displaymode: 1360 x 768
Receive displaymode: 1366 x 768
Receive displaymode: 1400 x 1050
Receive displaymode: 1440 x 900
Receive displaymode: 1600 x 900
Receive displaymode: 1680 x 1050
Receive displaymode: 1920 x 1080

七。显存:
未知的显存!


八。当前路径:
D:\起凡\7fgame\game
启动时分辨率为(1920 X 1080)，对应窗口调整为(1920 X 1080)
启动时为全屏模式!
设置完窗口位置和大小之后, 客户区尺寸取出来为[1920 1080]
传入给D3D设备的窗口尺寸为[1920 1080], fullscreen = 0
启动脚本游戏平台!


// 游戏设置:
Game Screen:
  1920 X 1080
VS_1.0 Support:
  true
dot3 Support:
 true

2018-10-09 20:01:48:492 PID:13596 FM:     0  声卡驱动： 
2018-10-09 20:01:48:492 PID:13596 FM:     0  1  主声音驱动程序  
2018-10-09 20:01:48:492 PID:13596 FM:     0  2  扬声器 (Realtek High Definition Audio)  
2018-10-09 20:01:48:503 PID:13596 FM:     0  使用 主声音驱动程序  
2018-10-09 20:01:48:505 PID:13596 FM:     0  音效系统 初始化成功! 
2018-10-09 20:01:48:550 PID:13596 FM:     0  音乐系统 初始化成功! 
2018-10-09 20:01:48:573 PID:13596 FM:     0  pipe data init Success。 
设置读取地图名[sanguo_b]


调用GameInit, game logic frame 清0
启动脚本游戏平台!
do [core/gpi.o] ok!
读取地图表格, 加载地图相关脚本!
do [map/sanguo_b/sanguo_b.o] ok!
D:\起凡\7fgame\game\core\..\..\7fChatMsgFilter.dll
版本 980502003-001945-090090-sanguo:000001
[MPRender::BeginRender()]!
GameEventJoinGame[sanguo_b, 群雄逐鹿]

加载.\core\hct.o!
SetSessionInfo // 通知客户端服务器端脚本信息
LoadMap[0] = 0 
[0] begin load map[sanguo_b]
Scene : LoadMap, CreateUICha, CreateShadeArray! OK!
LoadMap[1] = 43 
LoadMap[2] = 0 
设置角色光[0.67 0.67 1.00]
[0] 成功执行map_init
[0] 下一步:生成动态障碍信息
LoadMap [3]= 696 (map_init)  
LoadMap[4] = 3651 
enableb 0

roleinit_after_loadmap函数定义不存在, map=[sanguo_b]

[0] GameEvent_MapInit() ok!
LoadMap[5] = 5438 
[0] load snap ok!
LoadMap[6] = 44 
7fxp path: core\7fxp.dll
7fxp.dll Not Found
LoadMap[7] = 19 
Loading end。  59230 
Begin RunGameLogic, RenderCount = 74
5, *,16,0
5, HUS,1
5, HNSC_OPEN,1
5, HTS_OPEN,0
5, HPS_OPEN,1
5, HSS_OPEN,1
5, HES_OPEN,1
5, 982010
5, 991755
5, 982010
5, 985746
5, 982010
5, 51002
5, 16,83
5, *,19,0
5, HUS,1
5, HNSC_OPEN,1
5, HTS_OPEN,0
5, HPS_OPEN,1
5, HSS_OPEN,1
5, HES_OPEN,1
5, 982010
5, 991755
5, 982010
5, 985746
5, 982010
5, 51002
5, 19,40
5, *,5,0
5, HUS,1
5, HNSC_OPEN,1
5, HTS_OPEN,0
5, HPS_OPEN,1
5, HSS_OPEN,1
5, HES_OPEN,1
5, 982010
5, 991755
5, 982010
5, 985746
5, 982010
5, 51002
5, 5,45
5, *,1,0
5, HUS,1
5, HNSC_OPEN,1
5, HTS_OPEN,0
5, HPS_OPEN,1
5, HSS_OPEN,1
5, HES_OPEN,1
5, 982010
5, 991755
5, 982010
5, 985746
5, 982010
5, 51002
5, 1,121
5, *,10,0
5, HUS,1
5, HNSC_OPEN,1
5, HTS_OPEN,0
5, HPS_OPEN,1
5, HSS_OPEN,1
5, HES_OPEN,1
5, 982010
5, 991755
5, 982010
5, 985746
5, 982010
5, 51002
5, 10,1
5, *,2,0
5, HUS,1
5, HNSC_OPEN,1
5, HTS_OPEN,0
5, HPS_OPEN,1
5, HSS_OPEN,1
5, HES_OPEN,1
5, 982010
5, 991755
5, 982010
5, 985746
5, 982010
5, 51002
5, 2,121
5, *,4,0
5, HUS,1
5, HNSC_OPEN,1
5, HTS_OPEN,0
5, HPS_OPEN,1
5, HSS_OPEN,1
5, HES_OPEN,1
5, 982010
5, 991755
5, 982010
5, 985746
5, 982010
5, 51002
5, 4,41
5, *,13,0
5, HUS,1
5, HNSC_OPEN,1
5, HTS_OPEN,0
5, HPS_OPEN,1
5, HSS_OPEN,1
5, HES_OPEN,1
5, 982010
5, 991755
5, 982010
5, 985746
5, 982010
5, 51002
5, 13,532
5, *,6,0
5, HUS,1
5, HNSC_OPEN,1
5, HTS_OPEN,0
5, HPS_OPEN,1
5, HSS_OPEN,1
5, HES_OPEN,1
5, 982010
5, 991755
5, 982010
5, 985746
5, 982010
5, 51002
5, 6,200
5, *,8,0
5, HUS,1
5, HNSC_OPEN,1
5, HTS_OPEN,0
5, HPS_OPEN,1
5, HSS_OPEN,1
5, HES_OPEN,1
5, 982010
5, 991755
5, 982010
5, 985746
5, 982010
5, 51002
5, 8,1
5, *,17,0
5, HUS,1
5, HNSC_OPEN,1
5, HTS_OPEN,0
5, HPS_OPEN,1
5, HSS_OPEN,1
5, HES_OPEN,1
5, 982010
5, 991755
5, 982010
5, 985746
5, 982010
5, 51002
5, 17,1
5, *,9,0
5, HUS,1
5, HNSC_OPEN,1
5, HTS_OPEN,0
5, HPS_OPEN,1
5, HSS_OPEN,1
5, HES_OPEN,1
5, 982010
5, 991755
5, 982010
5, 985746
5, 982010
5, 51002
5, 9,81
5, *,11,0
5, HUS,1
5, HNSC_OPEN,1
5, HTS_OPEN,0
5, HPS_OPEN,1
5, HSS_OPEN,1
5, HES_OPEN,1
5, 982010
5, 991755
5, 982010
5, 985746
5, 982010
5, 51002
5, 11,1
5, *,20,0
5, HUS,1
5, HNSC_OPEN,1
5, HTS_OPEN,0
5, HPS_OPEN,1
5, HSS_OPEN,1
5, HES_OPEN,1
5, 982010
5, 991755
5, 982010
5, 985746
5, 982010
5, 51002
5, 20,1
5, *,14,0
5, HUS,1
5, HNSC_OPEN,1
5, HTS_OPEN,0
5, HPS_OPEN,1
5, HSS_OPEN,1
5, HES_OPEN,1
5, 982010
5, 991755
5, 982010
5, 985746
5, 982010
5, 51002
5, 14,173
5, *,12,0
5, HUS,1
5, HNSC_OPEN,1
5, HTS_OPEN,0
5, HPS_OPEN,1
5, HSS_OPEN,1
5, HES_OPEN,1
5, 982010
5, 991755
5, 982010
5, 985746
5, 982010
5, 51002
5, 12,122
5, *,7,0
5, HUS,1
5, HNSC_OPEN,1
5, HTS_OPEN,0
5, HPS_OPEN,1
5, HSS_OPEN,1
5, HES_OPEN,1
5, 982010
5, 991755
5, 982010
5, 985746
5, 982010
5, 51002
5, 7,22
5, *,18,0
5, HUS,1
5, HNSC_OPEN,1
5, HTS_OPEN,0
5, HPS_OPEN,1
5, HSS_OPEN,1
5, HES_OPEN,1
5, 982010
5, 991755
5, 982010
5, 985746
5, 982010
5, 51002
5, 18,45
5, *,15,0
5, HUS,1
5, HNSC_OPEN,1
5, HTS_OPEN,0
5, HPS_OPEN,1
5, HSS_OPEN,1
5, HES_OPEN,1
5, 982010
5, 991755
5, 982010
5, 985746
5, 982010
5, 51002
5, 15,1
37885, *,3,0
37885, HUS,1
37885, HNSC_OPEN,1
37885, HTS_OPEN,0
37885, HPS_OPEN,1
37885, HSS_OPEN,1
37885, HES_OPEN,1
37885, 982010
37885, 991755
37885, 982010
37885, 985746
37885, 982010
37885, 51002
37885, 3,1
41221, *,4,0
41221, HUS,1
41221, HNSC_OPEN,1
41221, HTS_OPEN,0
41221, HPS_OPEN,1
41221, HSS_OPEN,1
41221, HES_OPEN,1
41221, 982010
41221, 991755
41221, 982010
41221, 985746
41221, 982010
41221, 51002
41221, 4,4
46689, *,20,0
46689, HUS,1
46689, HNSC_OPEN,1
46689, HTS_OPEN,0
46689, HPS_OPEN,1
46689, HSS_OPEN,1
46689, HES_OPEN,1
46689, 982010
46689, 991755
46689, 982010
46689, 985746
46689, 982010
46689, 51002
46689, 20,1
74561, *,14,0
74561, HUS,1
74561, HNSC_OPEN,1
74561, HTS_OPEN,0
74561, HPS_OPEN,1
74561, HSS_OPEN,1
74561, HES_OPEN,1
74561, 982010
74561, 991755
74561, 982010
74561, 985746
74561, 982010
74561, 51002
74561, 14,268
103453, *,16,0
103453, HUS,1
103453, HNSC_OPEN,1
103453, HTS_OPEN,0
103453, HPS_OPEN,1
103453, HSS_OPEN,1
103453, HES_OPEN,1
103453, 982010
103453, 991755
103453, 982010
103453, 985746
103453, 982010
103453, 51002
103453, 16,116
108077, *,19,0
108077, HUS,1
108077, HNSC_OPEN,1
108077, HTS_OPEN,0
108077, HPS_OPEN,1
108077, HSS_OPEN,1
108077, HES_OPEN,1
108077, 982010
108077, 991755
108077, 982010
108077, 985746
108077, 982010
108077, 51002
108077, 19,47
