0, 长度:952
0, 92555128 武勋buff:0
0, 43260252 武勋buff:0
0, 51368846 武勋buff:0
0, 69346548 武勋buff:0
0, 99801237 武勋buff:0
0, 124580223 武勋buff:0
0, 109175625 武勋buff:0
0, 62052094 武勋buff:0
0, 122440207 武勋buff:0
0, 93475591 武勋buff:0
0, 47849755 武勋buff:0
0, 124661221 武勋buff:0
0, 90318767 武勋buff:0
0, 122815342 武勋buff:0
0, 6915098 武勋buff:0
0, 12274393 武勋buff:0
0, 120421386 武勋buff:0
0, 102870133 武勋buff:0
0, 124679462 武勋buff:0
0, 6231995 武勋buff:0
0, pos:22 value:0
0, 新人pos:22 value:0
0, pos:21 value:0
0, 新人pos:21 value:0
0, pos:20 value:0
0, 新人pos:20 value:0
0, pos:19 value:0
0, 新人pos:19 value:0
0, pos:18 value:0
0, 新人pos:18 value:0
0, pos:17 value:0
0, 新人pos:17 value:0
0, pos:16 value:0
0, 新人pos:16 value:0
0, pos:15 value:0
0, 新人pos:15 value:0
0, pos:14 value:0
0, 新人pos:14 value:0
0, pos:13 value:0
0, 新人pos:13 value:0
0, pos:12 value:0
0, 新人pos:12 value:0
0, pos:11 value:0
0, 新人pos:11 value:0
0, pos:10 value:0
0, 新人pos:10 value:0
0, pos:9 value:0
0, 新人pos:9 value:0
0, pos:8 value:0
0, 新人pos:8 value:0
0, pos:7 value:0
0, 新人pos:7 value:0
0, pos:6 value:0
0, 新人pos:6 value:0
0, pos:5 value:0
0, 新人pos:5 value:0
0, pos:4 value:0
0, 新人pos:4 value:0
0, pos:3 value:0
0, 新人pos:3 value:0
0, pos:2 value:0
0, 新人pos:2 value:0
0, pos:1 value:0
0, 新人pos:1 value:0
869, 玩家:18 总类:1000 选择:1001 实际:1001
881, 玩家:9 总类:1000 选择:1001 实际:1001
941, 玩家:12 总类:1000 选择:1001 实际:1001
1001, 玩家:19 总类:1000 选择:1001 实际:1001
1037, 玩家:5 总类:1000 选择:1002 实际:1002
1077, 玩家:15 总类:1000 选择:5001 实际:5001
1181, 玩家:1 总类:1000 选择:1001 实际:1001
1345, 玩家:10 总类:1000 选择:3002 实际:3002
1353, 玩家:7 总类:1000 选择:2001 实际:2001
1457, 玩家:8 总类:1000 选择:2003 实际:2003
1777, 玩家:11 总类:1000 选择:2001 实际:2001
2129, 玩家:2 总类:1000 选择:4002 实际:4002
2201, 玩家:13 总类:1000 选择:1001 实际:1001
2601, 玩家:14 总类:1000 选择:3001 实际:3001
2749, 玩家:6 总类:1000 选择:2002 实际:2002
4209, 玩家:20 总类:1000 选择:2001 实际:2001
4477, 玩家:17 总类:1000 选择:2001 实际:2001
4677, 玩家:16 总类:1000 选择:2001 实际:2001
37613, pos:3 value:0
37613, 新人pos:3 value:0
37613, pos:22 value:0
37613, 新人pos:22 value:0
37613, pos:21 value:0
37613, 新人pos:21 value:0
37613, pos:19 value:0
37613, 新人pos:19 value:0
37613, pos:18 value:0
37613, 新人pos:18 value:0
37613, pos:17 value:0
37613, 新人pos:17 value:0
37613, pos:16 value:0
37613, 新人pos:16 value:0
37613, pos:15 value:0
37613, 新人pos:15 value:0
37613, pos:14 value:0
37613, 新人pos:14 value:0
37613, pos:13 value:0
37613, 新人pos:13 value:0
37613, pos:12 value:0
37613, 新人pos:12 value:0
37613, pos:11 value:0
37613, 新人pos:11 value:0
37613, pos:10 value:0
37613, 新人pos:10 value:0
37613, pos:9 value:0
37613, 新人pos:9 value:0
37613, pos:8 value:0
37613, 新人pos:8 value:0
37613, pos:7 value:0
37613, 新人pos:7 value:0
37613, pos:6 value:0
37613, 新人pos:6 value:0
37613, pos:5 value:0
37613, 新人pos:5 value:0
37613, pos:2 value:0
37613, 新人pos:2 value:0
37613, pos:1 value:0
37613, 新人pos:1 value:0
38729, 玩家:3 总类:1000 选择:1001 实际:1001
40905, pos:4 value:0
40905, 新人pos:4 value:0
40905, pos:3 value:0
40905, 新人pos:3 value:0
40905, pos:22 value:0
40905, 新人pos:22 value:0
40905, pos:21 value:0
40905, 新人pos:21 value:0
40905, pos:19 value:0
40905, 新人pos:19 value:0
40905, pos:18 value:0
40905, 新人pos:18 value:0
40905, pos:17 value:0
40905, 新人pos:17 value:0
40905, pos:16 value:0
40905, 新人pos:16 value:0
40905, pos:15 value:0
40905, 新人pos:15 value:0
40905, pos:14 value:0
40905, 新人pos:14 value:0
40905, pos:13 value:0
40905, 新人pos:13 value:0
40905, pos:12 value:0
40905, 新人pos:12 value:0
40905, pos:11 value:0
40905, 新人pos:11 value:0
40905, pos:10 value:0
40905, 新人pos:10 value:0
40905, pos:9 value:0
40905, 新人pos:9 value:0
40905, pos:8 value:0
40905, 新人pos:8 value:0
40905, pos:7 value:0
40905, 新人pos:7 value:0
40905, pos:6 value:0
40905, 新人pos:6 value:0
40905, pos:5 value:0
40905, 新人pos:5 value:0
40905, pos:2 value:0
40905, 新人pos:2 value:0
40905, pos:1 value:0
40905, 新人pos:1 value:0
44229, 玩家:4 总类:1000 选择:3003 实际:3003
46181, pos:20 value:0
46181, 新人pos:20 value:0
46181, pos:4 value:0
46181, 新人pos:4 value:0
46181, pos:3 value:0
46181, 新人pos:3 value:0
46181, pos:22 value:0
46181, 新人pos:22 value:0
46181, pos:21 value:0
46181, 新人pos:21 value:0
46181, pos:19 value:0
46181, 新人pos:19 value:0
46181, pos:18 value:0
46181, 新人pos:18 value:0
46181, pos:17 value:0
46181, 新人pos:17 value:0
46181, pos:16 value:0
46181, 新人pos:16 value:0
46181, pos:15 value:0
46181, 新人pos:15 value:0
46181, pos:14 value:0
46181, 新人pos:14 value:0
46181, pos:13 value:0
46181, 新人pos:13 value:0
46181, pos:12 value:0
46181, 新人pos:12 value:0
46181, pos:11 value:0
46181, 新人pos:11 value:0
46181, pos:10 value:0
46181, 新人pos:10 value:0
46181, pos:9 value:0
46181, 新人pos:9 value:0
46181, pos:8 value:0
46181, 新人pos:8 value:0
46181, pos:7 value:0
46181, 新人pos:7 value:0
46181, pos:6 value:0
46181, 新人pos:6 value:0
46181, pos:5 value:0
46181, 新人pos:5 value:0
46181, pos:2 value:0
46181, 新人pos:2 value:0
46181, pos:1 value:0
46181, 新人pos:1 value:0
74229, pos:14 value:0
74229, 新人pos:14 value:0
74229, pos:20 value:0
74229, 新人pos:20 value:0
74229, pos:4 value:0
74229, 新人pos:4 value:0
74229, pos:3 value:0
74229, 新人pos:3 value:0
74229, pos:22 value:0
74229, 新人pos:22 value:0
74229, pos:21 value:0
74229, 新人pos:21 value:0
74229, pos:19 value:0
74229, 新人pos:19 value:0
74229, pos:18 value:0
74229, 新人pos:18 value:0
74229, pos:17 value:0
74229, 新人pos:17 value:0
74229, pos:16 value:0
74229, 新人pos:16 value:0
74229, pos:15 value:0
74229, 新人pos:15 value:0
74229, pos:13 value:0
74229, 新人pos:13 value:0
74229, pos:12 value:0
74229, 新人pos:12 value:0
74229, pos:11 value:0
74229, 新人pos:11 value:0
74229, pos:10 value:0
74229, 新人pos:10 value:0
74229, pos:9 value:0
74229, 新人pos:9 value:0
74229, pos:8 value:0
74229, 新人pos:8 value:0
74229, pos:7 value:0
74229, 新人pos:7 value:0
74229, pos:6 value:0
74229, 新人pos:6 value:0
74229, pos:5 value:0
74229, 新人pos:5 value:0
74229, pos:2 value:0
74229, 新人pos:2 value:0
74229, pos:1 value:0
74229, 新人pos:1 value:0
103189, pos:16 value:0
103189, 新人pos:16 value:0
103189, pos:14 value:0
103189, 新人pos:14 value:0
103189, pos:20 value:0
103189, 新人pos:20 value:0
103189, pos:4 value:0
103189, 新人pos:4 value:0
103189, pos:3 value:0
103189, 新人pos:3 value:0
103189, pos:22 value:0
103189, 新人pos:22 value:0
103189, pos:21 value:0
103189, 新人pos:21 value:0
103189, pos:18 value:0
103189, 新人pos:18 value:0
103189, pos:17 value:0
103189, 新人pos:17 value:0
103189, pos:15 value:0
103189, 新人pos:15 value:0
103189, pos:13 value:0
103189, 新人pos:13 value:0
103189, pos:12 value:0
103189, 新人pos:12 value:0
103189, pos:11 value:0
103189, 新人pos:11 value:0
103189, pos:10 value:0
103189, 新人pos:10 value:0
103189, pos:9 value:0
103189, 新人pos:9 value:0
103189, pos:8 value:0
103189, 新人pos:8 value:0
103189, pos:7 value:0
103189, 新人pos:7 value:0
103189, pos:6 value:0
103189, 新人pos:6 value:0
103189, pos:5 value:0
103189, 新人pos:5 value:0
103189, pos:2 value:0
103189, 新人pos:2 value:0
103189, pos:1 value:0
103189, 新人pos:1 value:0
107689, pos:19 value:0
107689, 新人pos:19 value:0
107689, pos:16 value:0
107689, 新人pos:16 value:0
107689, pos:14 value:0
107689, 新人pos:14 value:0
107689, pos:20 value:0
107689, 新人pos:20 value:0
107689, pos:4 value:0
107689, 新人pos:4 value:0
107689, pos:3 value:0
107689, 新人pos:3 value:0
107689, pos:22 value:0
107689, 新人pos:22 value:0
107689, pos:21 value:0
107689, 新人pos:21 value:0
107689, pos:18 value:0
107689, 新人pos:18 value:0
107689, pos:17 value:0
107689, 新人pos:17 value:0
107689, pos:15 value:0
107689, 新人pos:15 value:0
107689, pos:13 value:0
107689, 新人pos:13 value:0
107689, pos:12 value:0
107689, 新人pos:12 value:0
107689, pos:11 value:0
107689, 新人pos:11 value:0
107689, pos:10 value:0
107689, 新人pos:10 value:0
107689, pos:9 value:0
107689, 新人pos:9 value:0
107689, pos:8 value:0
107689, 新人pos:8 value:0
107689, pos:7 value:0
107689, 新人pos:7 value:0
107689, pos:6 value:0
107689, 新人pos:6 value:0
107689, pos:5 value:0
107689, 新人pos:5 value:0
107689, pos:2 value:0
107689, 新人pos:2 value:0
107689, pos:1 value:0
107689, 新人pos:1 value:0
132740, 有效局
132740, 嘿 83864 515
