133035, {
133035, 	[1] = 7,
133035, 	[2] = 6.6103261617407e+018,
133035, 	[3] = 0,
133035, 	[4] = 'gØ¼½÷³Ê',
133035, 	[5] = 22,
133035, 	[6] = 47,
133035, 	[7] = 'ÈºÐÛÖðÂ¹10v10',
133035, 	[8] = 7,
133035, 	[9] = 22,
133035, 	[10] = '2687-7-1539086495',
133035, 	[11] = 4,
133035, 	[12] = 1,
133035, 	[13] = 10,
133035, 	[14] = 10,
133035, 	[15] = 390,
133035, 	[16] = 20,
133035, 	[17] = 78,
133035, 	[18] = 42,
133035, 	[19] = 6,
133035, 	[20] = 0,
133035, 	[21] = 0,
133035, 	[22] = 0,
133035, 	[23] = 0,
133035, 	[24] = 0,
133035, 	[25] = 20,
133035, 	[26] = 0,
133035, 	[27] = 300,
133035, 	[28] = 143,
133035, 	[29] = 175,
133035, 	[30] = 91,
133035, 	[31] = 2262,
133035, 	[32] = 3,
133035, },
133035, 
