3930,  0:1:6 ,消灭老虎(小),获得83
4158,  0:1:10 ,消灭老虎(小),获得90
5702,  0:1:36 ,消灭魏国弩手,获得74
5720,  0:1:37 ,消灭魏国弩手,获得87
8402,  0:2:22 ,英雄歼灭华雄,获得222
10750,  0:3:2 ,消灭魏国刀兵,获得81
13272,  0:3:45 ,消灭老虎(小),获得90
15006,  0:4:15 ,消灭魏国刀兵,获得78
15044,  0:4:15 ,消灭魏国刀兵,获得71
18124,  0:5:8 ,消灭魏国弩手,获得69
18806,  0:5:19 ,消灭魏国刀兵,获得76
18824,  0:5:20 ,消灭魏国刀兵,获得78
18904,  0:5:21 ,消灭魏国刀兵,获得76
19104,  0:5:24 ,消灭魏国弩手,获得87
24737,  0:7:0 ,英雄歼灭颜良,获得227
29831,  0:8:27 ,英雄歼灭华雄,获得229
34975,  0:9:54 ,消灭魏国刀兵,获得71
35198,  0:9:58 ,消灭魏国弩手,获得87
35216,  0:9:58 ,消灭魏国弩手,获得97
36028,  0:10:12 ,消灭魏国刀兵,获得81
36046,  0:10:12 ,消灭魏国刀兵,获得78
41644,  0:11:47 ,消灭魏国弩手,获得78
41698,  0:11:48 ,消灭魏国弩手,获得69
43829,  0:12:25 ,消灭孔明灯,获得35
46002,  0:13:2 ,英雄歼灭孙权,获得229
47167,  0:13:21 ,消灭魏国刀兵,获得84
47249,  0:13:23 ,消灭魏国刀兵,获得72
47250,  0:13:23 ,消灭魏国刀兵,获得84
47467,  0:13:26 ,消灭魏国弩手,获得70
48156,  0:13:38 ,英雄歼灭关平,获得232
49771,  0:14:6 ,消灭孔明灯,获得36
52196,  0:14:47 ,消灭强盗,获得99
54445,  0:15:25 ,消灭孔明灯,获得36
54708,  0:15:30 ,消灭魏国刀兵,获得78
54805,  0:15:31 ,消灭魏国刀兵,获得71
57292,  0:16:13 ,消灭魏国弩手,获得81
57952,  0:16:25 ,消灭魏国刀兵,获得78
58315,  0:16:31 ,消灭魏国弩手,获得90
60811,  0:17:13 ,英雄歼灭华雄,获得237
69138,  0:19:35 ,消灭魏国刀兵,获得86
69202,  0:19:36 ,消灭魏国弩手,获得86
69220,  0:19:36 ,消灭魏国弩手,获得77
72411,  0:20:30 ,消灭魏国刀兵,获得72
72470,  0:20:31 ,消灭魏国刀兵,获得82
72488,  0:20:32 ,消灭魏国刀兵,获得72
75090,  0:21:16 ,英雄歼灭华雄,获得230
75098,  0:21:16 ,消灭魏国刀兵,获得83
75237,  0:21:19 ,消灭魏国刀兵,获得78
75312,  0:21:20 ,消灭魏国刀兵,获得78
75400,  0:21:21 ,消灭魏国弩手,获得87
75416,  0:21:22 ,消灭魏国弩手,获得72
79627,  0:22:33 ,消灭孔明灯,获得37
82222,  0:23:17 ,英雄歼灭孙权,获得519
88310,  0:25:1 ,英雄歼灭关平,获得366
88310,  0:25:1 ,英雄歼灭周瑜,获得275
89811,  0:25:26 ,消灭魏国刀兵,获得77
90639,  0:25:40 ,英雄歼灭华雄,获得354
90779,  0:25:43 ,消灭魏国刀兵,获得75
91424,  0:25:54 ,消灭魏国弩手,获得75
91440,  0:25:54 ,消灭魏国弩手,获得89
91984,  0:26:3 ,消灭魏国刀兵,获得82
92280,  0:26:8 ,英雄歼灭马云禄,获得373
96006,  0:27:12 ,消灭强盗,获得100
96119,  0:27:14 ,消灭强盗,获得90
96342,  0:27:17 ,消灭老虎,获得173
96906,  0:27:27 ,英雄歼灭颜良,获得357
97562,  0:27:38 ,消灭魏国弩手,获得90
100374,  0:28:26 ,消灭老虎(小),获得83
100480,  0:28:28 ,消灭老虎,获得158
100690,  0:28:31 ,消灭孔明灯,获得38
105989,  0:30:1 ,英雄歼灭左慈,获得355
106134,  0:30:4 ,消灭魏国刀兵,获得81
106152,  0:30:4 ,消灭魏国刀兵,获得84
107855,  0:30:33 ,英雄歼灭颜良,获得363
111940,  0:31:42 ,消灭魏国刀兵,获得76
112000,  0:31:44 ,消灭魏国刀兵,获得76
112036,  0:31:44 ,消灭魏国弩手,获得86
119684,  0:33:54 ,英雄歼灭左慈,获得307
127088,  0:36:0 ,消灭强盗,获得93
127140,  0:36:1 ,消灭强盗,获得83
128636,  0:36:26 ,消灭黄巾军,获得93
132282,  0:37:28 ,消灭魏国弩手,获得78
132300,  0:37:29 ,消灭魏国刀兵,获得94
