2018-10-09 19:39:45:442 PID:9224 FM:     0  ReplayName = D:\起凡\7fgame\replay\MyGame\AutoSave\my_replays0132.7fr  
2018-10-09 19:39:45:442 PID:9224 FM:     0  自动保存的平台路径：/replay="D:\起凡\7fgame\replay\MyGame\AutoSave\my_replays0132.7fr"  
2018-10-09 19:39:45:443 PID:9224 FM:     0   ReplayName2 = D:\起凡\7fgame\replay\MyGame  
2018-10-09 19:39:45:443 PID:9224 FM:     0  玩家保存的平台路径：/replaypath="D:\起凡\7fgame\replay\MyGame\"  
2018-10-09 19:39:56:983 PID:9224 FM:     0  TRUN_VASL[4] 
2018-10-09 19:41:03:557 PID:9224 FM:  3049  保存录像[504781] FM[3049] [ ] 
2018-10-09 19:41:03:559 PID:9224 FM:  3049  压缩文件[.\core\hct.o]成功。(.\core\hct.o.zip) 
2018-10-09 19:41:03:559 PID:9224 FM:  3049  FILES 0 13493 .\core\hct.o  
2018-10-09 19:41:03:560 PID:9224 FM:  3049  删除临时文件[1] [.\core\hct.o.zip]  
2018-10-09 19:41:40:947 PID:9224 FM:  5257  保存录像[542171] FM[5257] [ ] 
2018-10-09 19:42:16:776 PID:9224 FM:  7373  保存录像[578000] FM[7373] [ ] 
2018-10-09 19:42:53:697 PID:9224 FM:  9549  保存录像[614921] FM[9549] [ ] 
2018-10-09 19:43:30:655 PID:9224 FM: 11729  保存录像[651875] FM[11729] [ ] 
2018-10-09 19:44:08:604 PID:9224 FM: 13969  保存录像[689828] FM[13969] [ ] 
2018-10-09 19:44:46:525 PID:9224 FM: 16205  保存录像[727750] FM[16205] [ ] 
2018-10-09 19:45:25:653 PID:9224 FM: 18513  保存录像[766875] FM[18513] [ ] 
2018-10-09 19:46:02:713 PID:9224 FM: 20697  保存录像[803937] FM[20697] [ ] 
2018-10-09 19:46:40:354 PID:9224 FM: 22921  保存录像[841578] FM[22921] [ ] 
2018-10-09 19:47:17:854 PID:9224 FM: 25133  保存录像[879078] FM[25133] [ ] 
2018-10-09 19:47:54:197 PID:9224 FM: 27277  保存录像[915421] FM[27277] [ ] 
2018-10-09 19:48:30:307 PID:9224 FM: 29409  保存录像[951531] FM[29409] [ ] 
2018-10-09 19:49:07:679 PID:9224 FM: 31605  保存录像[988890] FM[31605] [ ] 
2018-10-09 19:49:45:635 PID:9224 FM: 33853  保存录像[1026859] FM[33853] [ ] 
2018-10-09 19:50:25:088 PID:9224 FM: 36181  保存录像[1066312] FM[36181] [ ] 
2018-10-09 19:51:03:572 PID:9224 FM: 38453  保存录像[1104796] FM[38453] [ ] 
2018-10-09 19:51:42:322 PID:9224 FM: 40737  保存录像[1143546] FM[40737] [ ] 
2018-10-09 19:52:19:525 PID:9224 FM: 42933  保存录像[1180750] FM[42933] [ ] 
2018-10-09 19:52:59:260 PID:9224 FM: 45277  保存录像[1220484] FM[45277] [ ] 
2018-10-09 19:53:37:027 PID:9224 FM: 47505  保存录像[1258250] FM[47505] [ ] 
2018-10-09 19:54:14:904 PID:9224 FM: 49737  保存录像[1296125] FM[49737] [ ] 
2018-10-09 19:54:52:447 PID:9224 FM: 51953  保存录像[1333671] FM[51953] [ ] 
2018-10-09 19:55:30:808 PID:9224 FM: 54217  保存录像[1372031] FM[54217] [ ] 
2018-10-09 19:56:07:417 PID:9224 FM: 56377  保存录像[1408640] FM[56377] [ ] 
2018-10-09 19:56:43:807 PID:9224 FM: 58525  保存录像[1445031] FM[58525] [ ] 
2018-10-09 19:57:22:370 PID:9224 FM: 60801  保存录像[1483593] FM[60801] [ ] 
2018-10-09 19:58:01:363 PID:9224 FM: 63101  保存录像[1522578] FM[63101] [ ] 
2018-10-09 19:58:40:075 PID:9224 FM: 65385  保存录像[1561296] FM[65385] [ ] 
2018-10-09 19:59:18:651 PID:9224 FM: 67661  保存录像[1599875] FM[67661] [ ] 
2018-10-09 19:59:55:919 PID:9224 FM: 69861  保存录像[1637140] FM[69861] [ ] 
2018-10-09 20:00:36:934 PID:9224 FM: 72273  保存录像[1678156] FM[72273] [ ] 
2018-10-09 20:00:59:816 PID:9224 FM: 73631  填充脚本自定义数据[1701031] FM[73631] LEN[10547] 
2018-10-09 20:00:59:816 PID:9224 FM: 73631  ONOVERVIDEOSYS [] 
2018-10-09 20:00:59:816 PID:9224 FM: 73631  保存录像[1701031] FM[73631] [ ] 
2018-10-09 20:00:59:816 PID:9224 FM: 73631  游戏结束保存录像 [1] 
2018-10-09 20:00:59:818 PID:9224 FM: 73631  SAVEAS[1701031] [OK] LOCAL [log9224-2018.10.09-19.39.45/replay9224.7fr] Error[0] 
2018-10-09 20:00:59:818 PID:9224 FM: 73631  SAVEAS[1701031] [OK] TARGET[D:\起凡\7fgame\replay\MyGame\AutoSave\my_replays0132.7fr] Error[0] 
2018-10-09 20:00:59:818 PID:9224 FM: 73631  退出游戏(未结束), code 0
 
