5, ***************开局查询积分**********************
5, 玩家名：野性X战魂
5, 天梯10V10竞技积分 = 596
5, 普通匹配10V10竞技积分 = 712
5, 天梯10V10局数 = 267
5, 普通10V10局数 = 2668
5, 预留 = 92
5, 段位 =  兵卒四等
5, ***************开局查询积分**********************
5, 玩家名：就叫李狗蛋
5, 天梯10V10竞技积分 = 662
5, 普通匹配10V10竞技积分 = 797
5, 天梯10V10局数 = 109
5, 普通10V10局数 = 2503
5, 预留 = 24
5, 段位 =  兵卒二等
5, ***************开局查询积分**********************
5, 玩家名：伤不起小胜
5, 天梯10V10竞技积分 = 615
5, 普通匹配10V10竞技积分 = 861
5, 天梯10V10局数 = 82
5, 普通10V10局数 = 1286
5, 预留 = 30
5, 段位 =  兵卒三等
5, ***************开局查询积分**********************
5, 玩家名：shi512184043
5, 天梯10V10竞技积分 = 578
5, 普通匹配10V10竞技积分 = 683
5, 天梯10V10局数 = 218
5, 普通10V10局数 = 5403
5, 预留 = 56
5, 段位 =  兵卒四等
5, ***************开局查询积分**********************
5, 玩家名：烟灭独舞
5, 天梯10V10竞技积分 = 501
5, 普通匹配10V10竞技积分 = 563
5, 天梯10V10局数 = 58
5, 普通10V10局数 = 2155
5, 预留 = 0
5, 段位 =  兵卒五等
5, ***************开局查询积分**********************
5, 玩家名：瞧你软趴趴
5, 天梯10V10竞技积分 = 501
5, 普通匹配10V10竞技积分 = 564
5, 天梯10V10局数 = 59
5, 普通10V10局数 = 1874
5, 预留 = 0
5, 段位 =  兵卒五等
5, ***************开局查询积分**********************
5, 玩家名：我搞貂蝉你眼馋
5, 天梯10V10竞技积分 = 638
5, 普通匹配10V10竞技积分 = 769
5, 天梯10V10局数 = 159
5, 普通10V10局数 = 3896
5, 预留 = 76
5, 段位 =  兵卒三等
5, ***************开局查询积分**********************
5, 玩家名：nie2251
5, 天梯10V10竞技积分 = 614
5, 普通匹配10V10竞技积分 = 746
5, 天梯10V10局数 = 226
5, 普通10V10局数 = 5281
5, 预留 = 28
5, 段位 =  兵卒三等
5, ***************开局查询积分**********************
5, 玩家名：巨二的辣妹
5, 天梯10V10竞技积分 = 600
5, 普通匹配10V10竞技积分 = 708
5, 天梯10V10局数 = 200
5, 普通10V10局数 = 7856
5, 预留 = 100
5, 段位 =  兵卒四等
5, ***************开局查询积分**********************
5, 玩家名：昊天宗昊哥
5, 天梯10V10竞技积分 = 641
5, 普通匹配10V10竞技积分 = 768
5, 天梯10V10局数 = 192
5, 普通10V10局数 = 3349
5, 预留 = 82
5, 段位 =  兵卒三等
5, ***************开局查询积分**********************
5, 玩家名：何为丝袜绕心碎
5, 天梯10V10竞技积分 = 572
5, 普通匹配10V10竞技积分 = 696
5, 天梯10V10局数 = 206
5, 普通10V10局数 = 4035
5, 预留 = 44
5, 段位 =  兵卒四等
5, ***************开局查询积分**********************
5, 玩家名：n1的不可预见
5, 天梯10V10竞技积分 = 543
5, 普通匹配10V10竞技积分 = 651
5, 天梯10V10局数 = 116
5, 普通10V10局数 = 652
5, 预留 = 86
5, 段位 =  兵卒五等
5, ***************开局查询积分**********************
5, 玩家名：n1的虚情假意
5, 天梯10V10竞技积分 = 550
5, 普通匹配10V10竞技积分 = 724
5, 天梯10V10局数 = 88
5, 普通10V10局数 = 1065
5, 预留 = 100
5, 段位 =  兵卒五等
5, ***************开局查询积分**********************
5, 玩家名：群雄煮鹿QF
5, 天梯10V10竞技积分 = 574
5, 普通匹配10V10竞技积分 = 703
5, 天梯10V10局数 = 157
5, 普通10V10局数 = 7580
5, 预留 = 48
5, 段位 =  兵卒四等
5, ***************开局查询积分**********************
5, 玩家名：suyong3
5, 天梯10V10竞技积分 = 574
5, 普通匹配10V10竞技积分 = 663
5, 天梯10V10局数 = 53
5, 普通10V10局数 = 2204
5, 预留 = 48
5, 段位 =  兵卒四等
5, ***************开局查询积分**********************
5, 玩家名：夜色下de寂寞
5, 天梯10V10竞技积分 = 662
5, 普通匹配10V10竞技积分 = 883
5, 天梯10V10局数 = 122
5, 普通10V10局数 = 4029
5, 预留 = 24
5, 段位 =  兵卒二等
5, ***************开局查询积分**********************
5, 玩家名：黄岩啊猪
5, 天梯10V10竞技积分 = 559
5, 普通匹配10V10竞技积分 = 670
5, 天梯10V10局数 = 206
5, 普通10V10局数 = 5445
5, 预留 = 122
5, 段位 =  兵卒四等
5, ***************开局查询积分**********************
5, 玩家名：社会人丶大叔
5, 天梯10V10竞技积分 = 623
5, 普通匹配10V10竞技积分 = 748
5, 天梯10V10局数 = 43
5, 普通10V10局数 = 598
5, 预留 = 46
5, 段位 =  兵卒三等
5, ***************开局查询积分**********************
5, 玩家名：右耳钉丶残恋
5, 天梯10V10竞技积分 = 600
5, 普通匹配10V10竞技积分 = 745
5, 天梯10V10局数 = 62
5, 普通10V10局数 = 634
5, 预留 = 100
5, 段位 =  兵卒四等
5, ***************开局查询积分**********************
5, 玩家名：饿了吗小孩
5, 天梯10V10竞技积分 = 627
5, 普通匹配10V10竞技积分 = 706
5, 天梯10V10局数 = 171
5, 普通10V10局数 = 451
5, 预留 = 54
5, 段位 =  兵卒三等
5133, ***************整理逃跑玩家信息**********************
5133, 玩家名：狼牙将士;font=391621752;a=255;r=138;g=133;b=78;|return=5|;|text=伤不起小胜
5133, ELOSwitch = 1
5133, ELOkind = 2
5133, Add_Point = -22
5133, 天梯10V10竞技积分 = -14
5133, 普通匹配10V10竞技积分 = -22
5133, 天梯10V10局数 = 1
5133, 普通10V10局数 = 1
5133, 表现系数 = 1
5133, 波动系数 = 1
5133, 高分系数 = 1
5133, 消费信息 = 1146
7477, ***************整理逃跑玩家信息**********************
7477, 玩家名：狼牙将士;font=391621752;a=255;r=138;g=133;b=78;|return=5|;|text=瞧你软趴趴
7477, ELOSwitch = 1
7477, ELOkind = 2
7477, Add_Point = -9
7477, 天梯10V10竞技积分 = 0
7477, 普通匹配10V10竞技积分 = -9
7477, 天梯10V10局数 = 1
7477, 普通10V10局数 = 1
7477, 表现系数 = 1
7477, 波动系数 = 1
7477, 高分系数 = 1
7477, 消费信息 = 382
7629, ***************整理逃跑玩家信息**********************
7629, 玩家名：狼牙将士;font=391621752;a=255;r=138;g=133;b=78;|return=5|;|text=烟灭独舞
7629, ELOSwitch = 1
7629, ELOkind = 2
7629, Add_Point = -9
7629, 天梯10V10竞技积分 = 0
7629, 普通匹配10V10竞技积分 = -9
7629, 天梯10V10局数 = 1
7629, 普通10V10局数 = 1
7629, 表现系数 = 1
7629, 波动系数 = 1
7629, 高分系数 = 1
7629, 消费信息 = 445
11821, ***************整理逃跑玩家信息**********************
11821, 玩家名：黄岩啊猪
11821, ELOSwitch = 1
11821, ELOkind = 2
11821, Add_Point = -14
11821, 天梯10V10竞技积分 = -8
11821, 普通匹配10V10竞技积分 = -14
11821, 天梯10V10局数 = 1
11821, 普通10V10局数 = 1
11821, 表现系数 = 1
11821, 波动系数 = 1
11821, 高分系数 = 1
11821, 消费信息 = 192
17345, ***************整理逃跑玩家信息**********************
17345, 玩家名：狼牙将士;font=391621752;a=255;r=138;g=133;b=78;|return=5|;|text=就叫李狗蛋
17345, ELOSwitch = 1
17345, ELOkind = 2
17345, Add_Point = -19
17345, 天梯10V10竞技积分 = -11
17345, 普通匹配10V10竞技积分 = -19
17345, 天梯10V10局数 = 1
17345, 普通10V10局数 = 1
17345, 表现系数 = 1
17345, 波动系数 = 1
17345, 高分系数 = 1
17345, 消费信息 = 446
28745, ***************开局查询积分**********************
28745, 玩家名：上雨
28745, 天梯10V10竞技积分 = 514
28745, 普通匹配10V10竞技积分 = 780
28745, 天梯10V10局数 = 14
28745, 普通10V10局数 = 54
28745, 预留 = 28
28745, 段位 =  兵卒五等
29049, ***************开局查询积分**********************
29049, 玩家名：上雨
29049, 天梯10V10竞技积分 = 514
29049, 普通匹配10V10竞技积分 = 780
29049, 天梯10V10局数 = 14
29049, 普通10V10局数 = 54
29049, 预留 = 28
29049, 段位 =  兵卒五等
30653, ***************整理逃跑玩家信息**********************
30653, 玩家名：狼牙将士;font=391621752;a=255;r=138;g=133;b=78;|return=5|;|text=shi512184043
30653, ELOSwitch = 1
30653, ELOkind = 2
30653, Add_Point = -14
30653, 天梯10V10竞技积分 = -23
30653, 普通匹配10V10竞技积分 = -14
30653, 天梯10V10局数 = 1
30653, 普通10V10局数 = 1
30653, 表现系数 = 1
30653, 波动系数 = 1
30653, 高分系数 = 1
30653, 消费信息 = 302
