5133, run control_id= 3 ,K = 16.54 , EA=0.49616243353503 ,G_Var.Wuxunconf= 0 ,Old_Point= 615 ,New_Point=591.64067262917 , myaddpointbasiclose=7 , Escapeflag=2
5133, fin run  p_control_id= 3 ,TT_Add_Point = -23 , MK=1 ,BK= 1 ,GK= 1
5133, fin run  p_control_id= 3 ,TT_Add_Point_new = -23 , MK=1 ,BK= 1 ,GK= 1 ,Mode_K=1
7477, run control_id= 1 ,K = 16.996 , EA=0.48235417905653 ,G_Var.Wuxunconf= 0 ,Old_Point= 501 ,New_Point=477.85085823872 , myaddpointbasiclose=7 , Escapeflag=2
7477, fin run  p_control_id= 1 ,TT_Add_Point = -23 , MK=1 ,BK= 1 ,GK= 1
7477, fin run  p_control_id= 1 ,TT_Add_Point_new = -23 , MK=1 ,BK= 1 ,GK= 1 ,Mode_K=1
7629, run control_id= 2 ,K = 16.996 , EA=0.48235417905653 ,G_Var.Wuxunconf= 0 ,Old_Point= 501 ,New_Point=477.85085823872 , myaddpointbasiclose=7 , Escapeflag=2
7629, fin run  p_control_id= 2 ,TT_Add_Point = -23 , MK=1 ,BK= 1 ,GK= 1
7629, fin run  p_control_id= 2 ,TT_Add_Point_new = -23 , MK=1 ,BK= 1 ,GK= 1 ,Mode_K=1
11821, run control_id= 13 ,K = 16.764 , EA=0.49462750822376 ,G_Var.Wuxunconf= 0 ,Old_Point= 559 ,New_Point=535.49134378914 , myaddpointbasiclose=7 , Escapeflag=2
11821, fin run  p_control_id= 13 ,TT_Add_Point = -24 , MK=1 ,BK= 1 ,GK= 1
11821, fin run  p_control_id= 13 ,TT_Add_Point_new = -24 , MK=1 ,BK= 1 ,GK= 1 ,Mode_K=1
17345, run control_id= 9 ,K = 16.352 , EA=0.50383756646497 ,G_Var.Wuxunconf= 0 ,Old_Point= 662 ,New_Point=638.46877029582 , myaddpointbasiclose=7 , Escapeflag=2
17345, fin run  p_control_id= 9 ,TT_Add_Point = -24 , MK=1 ,BK= 1 ,GK= 1
17345, fin run  p_control_id= 9 ,TT_Add_Point_new = -24 , MK=1 ,BK= 1 ,GK= 1 ,Mode_K=1
30653, run control_id= 4 ,K = 16.688 , EA=0.48887267627068 ,G_Var.Wuxunconf= 0 ,Old_Point= 578 ,New_Point=554.839168089 , myaddpointbasiclose=7 , Escapeflag=2
30653, fin run  p_control_id= 4 ,TT_Add_Point = -23 , MK=1 ,BK= 1 ,GK= 1
30653, fin run  p_control_id= 4 ,TT_Add_Point_new = -23 , MK=1 ,BK= 1 ,GK= 1 ,Mode_K=1
73631, ~~~~~~~~~~~~~~以下是金钱获得统计~~~~~~~~~~~~~~~
73631, name	消灭获得	助攻获得	队友消灭	工资	补刀获得	分红	新boss粮仓	分摊	加钱	征伐	军令	
73631, 小乔	322	0	0	1234	148	0	300	143	0	1	0
73631, 郭嘉	0	0	0	1234	154	0	300	655	0	1	0
73631, 关羽	0	70	0	1073	74	0	300	88	0	0	0
73631, 鲁肃	0	142	0	3369	424	0	300	787	0	2	0
73631, 马谡	3086	464	0	8371	4650	0	300	490	48	472	0
73631, 祝融夫人	3937	471	0	8371	10858	0	300	403	142	1568	0
73631, 左慈	1843	657	0	8371	3628	0	300	1542	397	116	0
73631, 颜良	1630	394	0	8371	3720	0	300	888	28	157	0
73631, 赵云	0	0	0	2074	1552	0	300	506	0	134	0
73631, 甄姬	225	184	0	8371	2758	0	300	1267	101	82	0
73631, 邓芝	1722	503	0	5243	4909	1380	900	2157	56	260	0
73631, 贾诩	832	1076	0	5243	4076	1495	900	2475	38	295	0
73631, 孙权	0	547	0	4139	636	1610	900	1149	12	21	0
73631, 曹丕	1081	330	0	5243	5473	1610	900	2136	52	307	0
73631, 马云禄	967	717	0	5243	5717	1610	900	1889	56	785	0
73631, 马岱	881	473	0	5243	8992	1380	900	2367	65	1610	0
73631, 马超	3656	302	0	5243	4564	1610	900	1359	55	284	0
73631, 周泰	614	1395	0	5243	4310	1495	900	2030	37	415	0
73631, 邓艾	980	797	0	6059	6237	1610	900	2999	147	772	0
73631, 关平	1882	634	0	6015	9369	1610	900	1276	103	1737	0
73631, ~~~~~~~~~~~~~~以下是军令金钱获得统计~~~~~~~~~~~~~~~
73631, name	总	断粮	斩将	破城	内务	掠阵	暗谋	掠夺	暗杀	击虚	明察	牌子
73631, 小乔	0	0	0	0	0	0	0	0	0	0	0	0
73631, 郭嘉	0	0	0	0	0	0	0	0	0	0	0	0
73631, 关羽	0	0	0	0	0	0	0	0	0	0	0	0
73631, 鲁肃	0	0	0	0	0	0	0	0	0	0	0	0
73631, 马谡	0	0	0	0	0	0	0	0	0	0	0	0
73631, 祝融夫人	0	0	0	0	0	0	0	0	0	0	0	0
73631, 左慈	0	0	0	0	0	0	0	0	0	0	0	0
73631, 颜良	0	0	0	0	0	0	0	0	0	0	0	0
73631, 赵云	0	0	0	0	0	0	0	0	0	0	0	0
73631, 甄姬	0	0	0	0	0	0	0	0	0	0	0	0
73631, 邓芝	0	0	0	0	0	0	0	0	0	0	0	0
73631, 贾诩	0	0	0	0	0	0	0	0	0	0	0	0
73631, 孙权	0	0	0	0	0	0	0	0	0	0	0	0
73631, 曹丕	0	0	0	0	0	0	0	0	0	0	0	0
73631, 马云禄	0	0	0	0	0	0	0	0	0	0	0	0
73631, 马岱	0	0	0	0	0	0	0	0	0	0	0	0
73631, 马超	0	0	0	0	0	0	0	0	0	0	0	0
73631, 周泰	0	0	0	0	0	0	0	0	0	0	0	0
73631, 邓艾	0	0	0	0	0	0	0	0	0	0	0	0
73631, 关平	0	0	0	0	0	0	0	0	0	0	0	0
