10697, 当前挂机的家伙13
10697, 挂机认定G_Tab.GuaJiJuBao[13][1] = 0
10697, 挂机认定G_Tab.GuaJiJuBao[13][2] = 0
10697, 挂机认定G_Tab.GuaJiJuBao[13][3] = 0
10697, 挂机认定G_Tab.GuaJiJuBao[13][4] = 0
10697, 挂机认定G_Tab.GuaJiJuBao[13][5] = 0
10697, 挂机认定G_Tab.GuaJiJuBao[13][6] = 0
10697, 挂机认定G_Tab.GuaJiJuBao[13][7] = 0
10697, 挂机认定G_Tab.GuaJiJuBao[13][8] = 0
10697, 挂机认定G_Tab.GuaJiJuBao[13][9] = 0
10697, 挂机认定G_Tab.GuaJiJuBao[13][10] = 0
10697, 挂机认定G_Tab.GuaJiJuBao[13][11] = 0
10697, 挂机认定G_Tab.GuaJiJuBao[13][12] = 1
10697, 挂机认定G_Tab.GuaJiJuBao[13][13] = 0
10697, 挂机认定G_Tab.GuaJiJuBao[13][14] = 0
10697, 挂机认定G_Tab.GuaJiJuBao[13][15] = 0
10697, 挂机认定G_Tab.GuaJiJuBao[13][16] = 0
10697, 挂机认定G_Tab.GuaJiJuBao[13][17] = 0
10697, 挂机认定G_Tab.GuaJiJuBao[13][18] = 0
10697, 挂机认定G_Tab.GuaJiJuBao[13][19] = 0
10697, 挂机认定G_Tab.GuaJiJuBao[13][20] = 0
10697, 确认的人数1
10697, control1挂机等级0
10697, control2挂机等级0
10697, control3挂机等级0
10697, control4挂机等级0
10697, control5挂机等级0
10697, control6挂机等级0
10697, control7挂机等级0
10697, control8挂机等级0
10697, control9挂机等级0
10697, control10挂机等级0
10697, control11挂机等级0
10697, control12挂机等级0
10697, control13挂机等级1
10697, control14挂机等级0
10697, control15挂机等级0
10697, control16挂机等级0
10697, control17挂机等级0
10697, control18挂机等级0
10697, control19挂机等级0
10697, control20挂机等级0
10697, 当前没有挂机的人数9
10701, 当前挂机的家伙13
10701, 挂机认定G_Tab.GuaJiJuBao[13][1] = 0
10701, 挂机认定G_Tab.GuaJiJuBao[13][2] = 0
10701, 挂机认定G_Tab.GuaJiJuBao[13][3] = 0
10701, 挂机认定G_Tab.GuaJiJuBao[13][4] = 0
10701, 挂机认定G_Tab.GuaJiJuBao[13][5] = 0
10701, 挂机认定G_Tab.GuaJiJuBao[13][6] = 0
10701, 挂机认定G_Tab.GuaJiJuBao[13][7] = 0
10701, 挂机认定G_Tab.GuaJiJuBao[13][8] = 0
10701, 挂机认定G_Tab.GuaJiJuBao[13][9] = 0
10701, 挂机认定G_Tab.GuaJiJuBao[13][10] = 0
10701, 挂机认定G_Tab.GuaJiJuBao[13][11] = 0
10701, 挂机认定G_Tab.GuaJiJuBao[13][12] = 1
10701, 挂机认定G_Tab.GuaJiJuBao[13][13] = 0
10701, 挂机认定G_Tab.GuaJiJuBao[13][14] = 0
10701, 挂机认定G_Tab.GuaJiJuBao[13][15] = 0
10701, 挂机认定G_Tab.GuaJiJuBao[13][16] = 0
10701, 挂机认定G_Tab.GuaJiJuBao[13][17] = 0
10701, 挂机认定G_Tab.GuaJiJuBao[13][18] = 0
10701, 挂机认定G_Tab.GuaJiJuBao[13][19] = 0
10701, 挂机认定G_Tab.GuaJiJuBao[13][20] = 1
10701, 确认的人数2
10701, control1挂机等级0
10701, control2挂机等级0
10701, control3挂机等级0
10701, control4挂机等级0
10701, control5挂机等级0
10701, control6挂机等级0
10701, control7挂机等级0
10701, control8挂机等级0
10701, control9挂机等级0
10701, control10挂机等级0
10701, control11挂机等级0
10701, control12挂机等级0
10701, control13挂机等级1
10701, control14挂机等级0
10701, control15挂机等级0
10701, control16挂机等级0
10701, control17挂机等级0
10701, control18挂机等级0
10701, control19挂机等级0
10701, control20挂机等级0
10701, 当前没有挂机的人数9
10705, 当前挂机的家伙13
10705, 挂机认定G_Tab.GuaJiJuBao[13][1] = 0
10705, 挂机认定G_Tab.GuaJiJuBao[13][2] = 0
10705, 挂机认定G_Tab.GuaJiJuBao[13][3] = 0
10705, 挂机认定G_Tab.GuaJiJuBao[13][4] = 0
10705, 挂机认定G_Tab.GuaJiJuBao[13][5] = 0
10705, 挂机认定G_Tab.GuaJiJuBao[13][6] = 0
10705, 挂机认定G_Tab.GuaJiJuBao[13][7] = 0
10705, 挂机认定G_Tab.GuaJiJuBao[13][8] = 0
10705, 挂机认定G_Tab.GuaJiJuBao[13][9] = 0
10705, 挂机认定G_Tab.GuaJiJuBao[13][10] = 0
10705, 挂机认定G_Tab.GuaJiJuBao[13][11] = 0
10705, 挂机认定G_Tab.GuaJiJuBao[13][12] = 1
10705, 挂机认定G_Tab.GuaJiJuBao[13][13] = 0
10705, 挂机认定G_Tab.GuaJiJuBao[13][14] = 0
10705, 挂机认定G_Tab.GuaJiJuBao[13][15] = 0
10705, 挂机认定G_Tab.GuaJiJuBao[13][16] = 0
10705, 挂机认定G_Tab.GuaJiJuBao[13][17] = 1
10705, 挂机认定G_Tab.GuaJiJuBao[13][18] = 0
10705, 挂机认定G_Tab.GuaJiJuBao[13][19] = 0
10705, 挂机认定G_Tab.GuaJiJuBao[13][20] = 1
10705, 确认的人数3
10705, control1挂机等级0
10705, control2挂机等级0
10705, control3挂机等级0
10705, control4挂机等级0
10705, control5挂机等级0
10705, control6挂机等级0
10705, control7挂机等级0
10705, control8挂机等级0
10705, control9挂机等级0
10705, control10挂机等级0
10705, control11挂机等级0
10705, control12挂机等级0
10705, control13挂机等级1
10705, control14挂机等级0
10705, control15挂机等级0
10705, control16挂机等级0
10705, control17挂机等级0
10705, control18挂机等级0
10705, control19挂机等级0
10705, control20挂机等级0
10705, 当前没有挂机的人数9
10717, 当前挂机的家伙13
10717, 挂机认定G_Tab.GuaJiJuBao[13][1] = 0
10717, 挂机认定G_Tab.GuaJiJuBao[13][2] = 0
10717, 挂机认定G_Tab.GuaJiJuBao[13][3] = 0
10717, 挂机认定G_Tab.GuaJiJuBao[13][4] = 0
10717, 挂机认定G_Tab.GuaJiJuBao[13][5] = 0
10717, 挂机认定G_Tab.GuaJiJuBao[13][6] = 0
10717, 挂机认定G_Tab.GuaJiJuBao[13][7] = 0
10717, 挂机认定G_Tab.GuaJiJuBao[13][8] = 0
10717, 挂机认定G_Tab.GuaJiJuBao[13][9] = 0
10717, 挂机认定G_Tab.GuaJiJuBao[13][10] = 0
10717, 挂机认定G_Tab.GuaJiJuBao[13][11] = 0
10717, 挂机认定G_Tab.GuaJiJuBao[13][12] = 1
10717, 挂机认定G_Tab.GuaJiJuBao[13][13] = 0
10717, 挂机认定G_Tab.GuaJiJuBao[13][14] = 0
10717, 挂机认定G_Tab.GuaJiJuBao[13][15] = 0
10717, 挂机认定G_Tab.GuaJiJuBao[13][16] = 0
10717, 挂机认定G_Tab.GuaJiJuBao[13][17] = 1
10717, 挂机认定G_Tab.GuaJiJuBao[13][18] = 1
10717, 挂机认定G_Tab.GuaJiJuBao[13][19] = 0
10717, 挂机认定G_Tab.GuaJiJuBao[13][20] = 1
10717, 确认的人数4
10717, control1挂机等级0
10717, control2挂机等级0
10717, control3挂机等级0
10717, control4挂机等级0
10717, control5挂机等级0
10717, control6挂机等级0
10717, control7挂机等级0
10717, control8挂机等级0
10717, control9挂机等级0
10717, control10挂机等级0
10717, control11挂机等级0
10717, control12挂机等级0
10717, control13挂机等级1
10717, control14挂机等级0
10717, control15挂机等级0
10717, control16挂机等级0
10717, control17挂机等级0
10717, control18挂机等级0
10717, control19挂机等级0
10717, control20挂机等级0
10717, 当前没有挂机的人数9
10749, 当前挂机的家伙13
10749, 挂机认定G_Tab.GuaJiJuBao[13][1] = 0
10749, 挂机认定G_Tab.GuaJiJuBao[13][2] = 0
10749, 挂机认定G_Tab.GuaJiJuBao[13][3] = 0
10749, 挂机认定G_Tab.GuaJiJuBao[13][4] = 0
10749, 挂机认定G_Tab.GuaJiJuBao[13][5] = 0
10749, 挂机认定G_Tab.GuaJiJuBao[13][6] = 0
10749, 挂机认定G_Tab.GuaJiJuBao[13][7] = 0
10749, 挂机认定G_Tab.GuaJiJuBao[13][8] = 0
10749, 挂机认定G_Tab.GuaJiJuBao[13][9] = 0
10749, 挂机认定G_Tab.GuaJiJuBao[13][10] = 0
10749, 挂机认定G_Tab.GuaJiJuBao[13][11] = 1
10749, 挂机认定G_Tab.GuaJiJuBao[13][12] = 1
10749, 挂机认定G_Tab.GuaJiJuBao[13][13] = 0
10749, 挂机认定G_Tab.GuaJiJuBao[13][14] = 0
10749, 挂机认定G_Tab.GuaJiJuBao[13][15] = 0
10749, 挂机认定G_Tab.GuaJiJuBao[13][16] = 0
10749, 挂机认定G_Tab.GuaJiJuBao[13][17] = 1
10749, 挂机认定G_Tab.GuaJiJuBao[13][18] = 1
10749, 挂机认定G_Tab.GuaJiJuBao[13][19] = 0
10749, 挂机认定G_Tab.GuaJiJuBao[13][20] = 1
10749, 确认的人数5
10749, control1挂机等级0
10749, control2挂机等级0
10749, control3挂机等级0
10749, control4挂机等级0
10749, control5挂机等级0
10749, control6挂机等级0
10749, control7挂机等级0
10749, control8挂机等级0
10749, control9挂机等级0
10749, control10挂机等级0
10749, control11挂机等级0
10749, control12挂机等级0
10749, control13挂机等级1
10749, control14挂机等级0
10749, control15挂机等级0
10749, control16挂机等级0
10749, control17挂机等级0
10749, control18挂机等级0
10749, control19挂机等级0
10749, control20挂机等级0
10749, 当前没有挂机的人数9
10753, 当前挂机的家伙13
10753, 挂机认定G_Tab.GuaJiJuBao[13][1] = 0
10753, 挂机认定G_Tab.GuaJiJuBao[13][2] = 0
10753, 挂机认定G_Tab.GuaJiJuBao[13][3] = 0
10753, 挂机认定G_Tab.GuaJiJuBao[13][4] = 0
10753, 挂机认定G_Tab.GuaJiJuBao[13][5] = 0
10753, 挂机认定G_Tab.GuaJiJuBao[13][6] = 0
10753, 挂机认定G_Tab.GuaJiJuBao[13][7] = 0
10753, 挂机认定G_Tab.GuaJiJuBao[13][8] = 0
10753, 挂机认定G_Tab.GuaJiJuBao[13][9] = 0
10753, 挂机认定G_Tab.GuaJiJuBao[13][10] = 0
10753, 挂机认定G_Tab.GuaJiJuBao[13][11] = 1
10753, 挂机认定G_Tab.GuaJiJuBao[13][12] = 1
10753, 挂机认定G_Tab.GuaJiJuBao[13][13] = 0
10753, 挂机认定G_Tab.GuaJiJuBao[13][14] = 0
10753, 挂机认定G_Tab.GuaJiJuBao[13][15] = 0
10753, 挂机认定G_Tab.GuaJiJuBao[13][16] = 1
10753, 挂机认定G_Tab.GuaJiJuBao[13][17] = 1
10753, 挂机认定G_Tab.GuaJiJuBao[13][18] = 1
10753, 挂机认定G_Tab.GuaJiJuBao[13][19] = 0
10753, 挂机认定G_Tab.GuaJiJuBao[13][20] = 1
10753, 确认的人数6
10753, control1挂机等级0
10753, control2挂机等级0
10753, control3挂机等级0
10753, control4挂机等级0
10753, control5挂机等级0
10753, control6挂机等级0
10753, control7挂机等级0
10753, control8挂机等级0
10753, control9挂机等级0
10753, control10挂机等级0
10753, control11挂机等级0
10753, control12挂机等级0
10753, control13挂机等级1
10753, control14挂机等级0
10753, control15挂机等级0
10753, control16挂机等级0
10753, control17挂机等级0
10753, control18挂机等级0
10753, control19挂机等级0
10753, control20挂机等级0
10753, 当前没有挂机的人数9
10753, 当前挂机的家伙13
10753, 挂机认定G_Tab.GuaJiJuBao[13][1] = 0
10753, 挂机认定G_Tab.GuaJiJuBao[13][2] = 0
10753, 挂机认定G_Tab.GuaJiJuBao[13][3] = 0
10753, 挂机认定G_Tab.GuaJiJuBao[13][4] = 0
10753, 挂机认定G_Tab.GuaJiJuBao[13][5] = 0
10753, 挂机认定G_Tab.GuaJiJuBao[13][6] = 0
10753, 挂机认定G_Tab.GuaJiJuBao[13][7] = 0
10753, 挂机认定G_Tab.GuaJiJuBao[13][8] = 0
10753, 挂机认定G_Tab.GuaJiJuBao[13][9] = 0
10753, 挂机认定G_Tab.GuaJiJuBao[13][10] = 0
10753, 挂机认定G_Tab.GuaJiJuBao[13][11] = 1
10753, 挂机认定G_Tab.GuaJiJuBao[13][12] = 1
10753, 挂机认定G_Tab.GuaJiJuBao[13][13] = 0
10753, 挂机认定G_Tab.GuaJiJuBao[13][14] = 0
10753, 挂机认定G_Tab.GuaJiJuBao[13][15] = 0
10753, 挂机认定G_Tab.GuaJiJuBao[13][16] = 1
10753, 挂机认定G_Tab.GuaJiJuBao[13][17] = 1
10753, 挂机认定G_Tab.GuaJiJuBao[13][18] = 1
10753, 挂机认定G_Tab.GuaJiJuBao[13][19] = 1
10753, 挂机认定G_Tab.GuaJiJuBao[13][20] = 1
10753, 确认的人数7
10753, control1挂机等级0
10753, control2挂机等级0
10753, control3挂机等级0
10753, control4挂机等级0
10753, control5挂机等级0
10753, control6挂机等级0
10753, control7挂机等级0
10753, control8挂机等级0
10753, control9挂机等级0
10753, control10挂机等级0
10753, control11挂机等级0
10753, control12挂机等级0
10753, control13挂机等级1
10753, control14挂机等级0
10753, control15挂机等级0
10753, control16挂机等级0
10753, control17挂机等级0
10753, control18挂机等级0
10753, control19挂机等级0
10753, control20挂机等级0
10753, 当前没有挂机的人数9
10829, 当前挂机的家伙13
10829, 挂机认定G_Tab.GuaJiJuBao[13][1] = 0
10829, 挂机认定G_Tab.GuaJiJuBao[13][2] = 0
10829, 挂机认定G_Tab.GuaJiJuBao[13][3] = 0
10829, 挂机认定G_Tab.GuaJiJuBao[13][4] = 0
10829, 挂机认定G_Tab.GuaJiJuBao[13][5] = 0
10829, 挂机认定G_Tab.GuaJiJuBao[13][6] = 0
10829, 挂机认定G_Tab.GuaJiJuBao[13][7] = 0
10829, 挂机认定G_Tab.GuaJiJuBao[13][8] = 0
10829, 挂机认定G_Tab.GuaJiJuBao[13][9] = 0
10829, 挂机认定G_Tab.GuaJiJuBao[13][10] = 0
10829, 挂机认定G_Tab.GuaJiJuBao[13][11] = 1
10829, 挂机认定G_Tab.GuaJiJuBao[13][12] = 1
10829, 挂机认定G_Tab.GuaJiJuBao[13][13] = 0
10829, 挂机认定G_Tab.GuaJiJuBao[13][14] = 0
10829, 挂机认定G_Tab.GuaJiJuBao[13][15] = 1
10829, 挂机认定G_Tab.GuaJiJuBao[13][16] = 1
10829, 挂机认定G_Tab.GuaJiJuBao[13][17] = 1
10829, 挂机认定G_Tab.GuaJiJuBao[13][18] = 1
10829, 挂机认定G_Tab.GuaJiJuBao[13][19] = 1
10829, 挂机认定G_Tab.GuaJiJuBao[13][20] = 1
10829, 确认的人数8
10829, control1挂机等级0
10829, control2挂机等级0
10829, control3挂机等级0
10829, control4挂机等级0
10829, control5挂机等级0
10829, control6挂机等级0
10829, control7挂机等级0
10829, control8挂机等级0
10829, control9挂机等级0
10829, control10挂机等级0
10829, control11挂机等级0
10829, control12挂机等级0
10829, control13挂机等级1
10829, control14挂机等级0
10829, control15挂机等级0
10829, control16挂机等级0
10829, control17挂机等级0
10829, control18挂机等级0
10829, control19挂机等级0
10829, control20挂机等级0
10829, 当前没有挂机的人数9
11221, 当前挂机的家伙13
11221, 挂机认定G_Tab.GuaJiJuBao[13][1] = 0
11221, 挂机认定G_Tab.GuaJiJuBao[13][2] = 0
11221, 挂机认定G_Tab.GuaJiJuBao[13][3] = 0
11221, 挂机认定G_Tab.GuaJiJuBao[13][4] = 0
11221, 挂机认定G_Tab.GuaJiJuBao[13][5] = 0
11221, 挂机认定G_Tab.GuaJiJuBao[13][6] = 0
11221, 挂机认定G_Tab.GuaJiJuBao[13][7] = 0
11221, 挂机认定G_Tab.GuaJiJuBao[13][8] = 0
11221, 挂机认定G_Tab.GuaJiJuBao[13][9] = 0
11221, 挂机认定G_Tab.GuaJiJuBao[13][10] = 0
11221, 挂机认定G_Tab.GuaJiJuBao[13][11] = 1
11221, 挂机认定G_Tab.GuaJiJuBao[13][12] = 1
11221, 挂机认定G_Tab.GuaJiJuBao[13][13] = 0
11221, 挂机认定G_Tab.GuaJiJuBao[13][14] = 1
11221, 挂机认定G_Tab.GuaJiJuBao[13][15] = 1
11221, 挂机认定G_Tab.GuaJiJuBao[13][16] = 1
11221, 挂机认定G_Tab.GuaJiJuBao[13][17] = 1
11221, 挂机认定G_Tab.GuaJiJuBao[13][18] = 1
11221, 挂机认定G_Tab.GuaJiJuBao[13][19] = 1
11221, 挂机认定G_Tab.GuaJiJuBao[13][20] = 1
11221, 确认的人数9
11221, control1挂机等级0
11221, control2挂机等级0
11221, control3挂机等级0
11221, control4挂机等级0
11221, control5挂机等级0
11221, control6挂机等级0
11221, control7挂机等级0
11221, control8挂机等级0
11221, control9挂机等级0
11221, control10挂机等级0
11221, control11挂机等级0
11221, control12挂机等级0
11221, control13挂机等级1
11221, control14挂机等级0
11221, control15挂机等级0
11221, control16挂机等级0
11221, control17挂机等级0
11221, control18挂机等级0
11221, control19挂机等级0
11221, control20挂机等级0
11221, 当前没有挂机的人数9
