3125, 普通玩家 14 第1次重转 军机 宝箱，重转价格：10，G_Var.NormalPlayerPayment = 10
3749, 普通玩家 14 第2次重转 铜 宝箱，重转价格：10，G_Var.NormalPlayerPayment = 20
3825, 普通玩家 4 第1次重转 军机 宝箱，重转价格：10，G_Var.NormalPlayerPayment = 30
3833, 普通玩家 19 第1次重转 军机 宝箱，重转价格：10，G_Var.NormalPlayerPayment = 40
3949, 普通玩家 4 第2次重转 军机 宝箱，重转价格：50，G_Var.NormalPlayerPayment = 90
3961, 普通玩家 19 第2次重转 军机 宝箱，重转价格：50，G_Var.NormalPlayerPayment = 140
4113, 普通玩家 19 第3次重转 军机 宝箱，重转价格：100，G_Var.NormalPlayerPayment = 240
4261, 普通玩家 15 第1次重转 军机 宝箱，重转价格：10，G_Var.NormalPlayerPayment = 250
4269, 普通玩家 16 第2次重转 铜 宝箱，重转价格：10，G_Var.NormalPlayerPayment = 260
4329, 普通玩家 5 第1次重转 军机 宝箱，重转价格：10，G_Var.NormalPlayerPayment = 270
4353, 普通玩家 15 第2次重转 军机 宝箱，重转价格：50，G_Var.NormalPlayerPayment = 320
4369, 普通玩家 1 第1次重转 军机 宝箱，重转价格：10，G_Var.NormalPlayerPayment = 330
4433, 普通玩家 16 第3次重转 铜 宝箱，重转价格：20，G_Var.NormalPlayerPayment = 350
4481, 普通玩家 15 第3次重转 军机 宝箱，重转价格：100，G_Var.NormalPlayerPayment = 450
4561, 普通玩家 5 第2次重转 军机 宝箱，重转价格：50，G_Var.NormalPlayerPayment = 500
4657, 普通玩家 5 第3次重转 军机 宝箱，重转价格：100，G_Var.NormalPlayerPayment = 600
4673, 普通玩家 6 第1次重转 军机 宝箱，重转价格：10，G_Var.NormalPlayerPayment = 610
4793, 普通玩家 6 第2次重转 军机 宝箱，重转价格：50，G_Var.NormalPlayerPayment = 660
4825, 普通玩家 16 第1次重转 军机 宝箱，重转价格：10，G_Var.NormalPlayerPayment = 670
4833, 普通玩家 1 第2次重转 军机 宝箱，重转价格：50，G_Var.NormalPlayerPayment = 720
4997, 普通玩家 16 第2次重转 军机 宝箱，重转价格：50，G_Var.NormalPlayerPayment = 770
5001, 普通玩家 6 第3次重转 军机 宝箱，重转价格：100，G_Var.NormalPlayerPayment = 870
5029, 普通玩家 10 第1次重转 军机 宝箱，重转价格：10，G_Var.NormalPlayerPayment = 880
5121, 普通玩家 1 第3次重转 军机 宝箱，重转价格：100，G_Var.NormalPlayerPayment = 980
5125, 普通玩家 10 第2次重转 军机 宝箱，重转价格：50，G_Var.NormalPlayerPayment = 1030
5133, CollectEscapePlayerInfo =
5133, 22 G_Tab.JJCI[p_control_id].uid=104302787,G_Tab.CONTROL_PLAYER_joined[p_control_id][1].user_id=104302787,p_control_id=3 , last_leavequeue=0
5133, 222 G_Tab.JJCI[p_control_id].jjc=0,p_control_id=3
5225, 普通玩家 10 第3次重转 军机 宝箱，重转价格：100，G_Var.NormalPlayerPayment = 1130
5261, 普通玩家 16 第3次重转 军机 宝箱，重转价格：100，G_Var.NormalPlayerPayment = 1230
5309, 普通玩家 4 第2次重转 铜 宝箱，重转价格：10，G_Var.NormalPlayerPayment = 1240
5337, 普通玩家 2 第2次重转 铜 宝箱，重转价格：10，G_Var.NormalPlayerPayment = 1250
5349, 普通玩家 10 第4次重转 军机 宝箱，重转价格：100，G_Var.NormalPlayerPayment = 1350
5653, 普通玩家 11 第2次重转 铜 宝箱，重转价格：10，G_Var.NormalPlayerPayment = 1360
5729, 普通玩家 2 第1次重转 军机 宝箱，重转价格：10，G_Var.NormalPlayerPayment = 1370
5909, 普通玩家 2 第2次重转 军机 宝箱，重转价格：50，G_Var.NormalPlayerPayment = 1420
6089, 普通玩家 2 第3次重转 军机 宝箱，重转价格：100，G_Var.NormalPlayerPayment = 1520
6157, 普通玩家 8 第2次重转 铜 宝箱，重转价格：10，G_Var.NormalPlayerPayment = 1530
6201, 普通玩家 2 第4次重转 军机 宝箱，重转价格：100，G_Var.NormalPlayerPayment = 1630
6321, 普通玩家 8 第3次重转 铜 宝箱，重转价格：20，G_Var.NormalPlayerPayment = 1650
6457, 普通玩家 12 第1次重转 军机 宝箱，重转价格：10，G_Var.NormalPlayerPayment = 1660
6529, 普通玩家 18 第1次重转 军机 宝箱，重转价格：10，G_Var.NormalPlayerPayment = 1670
6545, 普通玩家 12 第2次重转 军机 宝箱，重转价格：50，G_Var.NormalPlayerPayment = 1720
6661, 普通玩家 18 第2次重转 军机 宝箱，重转价格：50，G_Var.NormalPlayerPayment = 1770
6685, 普通玩家 12 第3次重转 军机 宝箱，重转价格：100，G_Var.NormalPlayerPayment = 1870
7185, 普通玩家 7 第2次重转 铜 宝箱，重转价格：10，G_Var.NormalPlayerPayment = 1880
7477, CollectEscapePlayerInfo =
7477, 22 G_Tab.JJCI[p_control_id].uid=119253435,G_Tab.CONTROL_PLAYER_joined[p_control_id][1].user_id=119253435,p_control_id=1 , last_leavequeue=0
7477, 222 G_Tab.JJCI[p_control_id].jjc=0,p_control_id=1
7629, CollectEscapePlayerInfo =
7629, 22 G_Tab.JJCI[p_control_id].uid=72609799,G_Tab.CONTROL_PLAYER_joined[p_control_id][1].user_id=72609799,p_control_id=2 , last_leavequeue=0
7629, 222 G_Tab.JJCI[p_control_id].jjc=0,p_control_id=2
7981, 普通玩家 19 第2次重转 铜 宝箱，重转价格：10，G_Var.NormalPlayerPayment = 1890
8117, 普通玩家 19 第3次重转 铜 宝箱，重转价格：20，G_Var.NormalPlayerPayment = 1910
8745, 普通玩家 8 第1次重转 军机 宝箱，重转价格：10，G_Var.NormalPlayerPayment = 1920
8813, 普通玩家 18 第2次重转 铜 宝箱，重转价格：10，G_Var.NormalPlayerPayment = 1930
8829, 普通玩家 7 第2次重转 铜 宝箱，重转价格：10，G_Var.NormalPlayerPayment = 1940
8833, 普通玩家 8 第2次重转 军机 宝箱，重转价格：50，G_Var.NormalPlayerPayment = 1990
8909, 普通玩家 7 第3次重转 铜 宝箱，重转价格：20，G_Var.NormalPlayerPayment = 2010
8957, 普通玩家 8 第3次重转 军机 宝箱，重转价格：100，G_Var.NormalPlayerPayment = 2110
9177, 普通玩家 9 第1次重转 军机 宝箱，重转价格：10，G_Var.NormalPlayerPayment = 2120
9701, 普通玩家 9 第2次重转 军机 宝箱，重转价格：50，G_Var.NormalPlayerPayment = 2170
9889, 普通玩家 20 第1次重转 军机 宝箱，重转价格：10，G_Var.NormalPlayerPayment = 2180
9985, 普通玩家 20 第2次重转 军机 宝箱，重转价格：50，G_Var.NormalPlayerPayment = 2230
10133, 普通玩家 9 第3次重转 军机 宝箱，重转价格：100，G_Var.NormalPlayerPayment = 2330
10581, 普通玩家 11 第2次重转 铜 宝箱，重转价格：10，G_Var.NormalPlayerPayment = 2340
11745, 普通玩家 16 第2次重转 铜 宝箱，重转价格：10，G_Var.NormalPlayerPayment = 2350
11821, CollectEscapePlayerInfo =
11821, 22 G_Tab.JJCI[p_control_id].uid=11939801,G_Tab.CONTROL_PLAYER_joined[p_control_id][1].user_id=11939801,p_control_id=13 , last_leavequeue=0
11821, 222 G_Tab.JJCI[p_control_id].jjc=0,p_control_id=13
11905, 普通玩家 19 第2次重转 铜 宝箱，重转价格：10，G_Var.NormalPlayerPayment = 2360
11913, 普通玩家 16 第3次重转 铜 宝箱，重转价格：20，G_Var.NormalPlayerPayment = 2380
12041, 普通玩家 10 第2次重转 铜 宝箱，重转价格：10，G_Var.NormalPlayerPayment = 2390
12081, 普通玩家 19 第3次重转 铜 宝箱，重转价格：20，G_Var.NormalPlayerPayment = 2410
14433, 普通玩家 8 第2次重转 铜 宝箱，重转价格：10，G_Var.NormalPlayerPayment = 2420
14801, 普通玩家 9 第2次重转 铜 宝箱，重转价格：10，G_Var.NormalPlayerPayment = 2430
17345, CollectEscapePlayerInfo =
17345, 22 G_Tab.JJCI[p_control_id].uid=122725791,G_Tab.CONTROL_PLAYER_joined[p_control_id][1].user_id=122725791,p_control_id=9 , last_leavequeue=0
17345, 222 G_Tab.JJCI[p_control_id].jjc=0,p_control_id=9
30065, 普通玩家 12 第1次重转 银 宝箱，重转价格：5，G_Var.NormalPlayerPayment = 2435
30225, 普通玩家 12 第2次重转 银 宝箱，重转价格：25，G_Var.NormalPlayerPayment = 2460
30653, CollectEscapePlayerInfo =
30653, 22 G_Tab.JJCI[p_control_id].uid=72006406,G_Tab.CONTROL_PLAYER_joined[p_control_id][1].user_id=72006406,p_control_id=4 , last_leavequeue=0
30653, 222 G_Tab.JJCI[p_control_id].jjc=0,p_control_id=4
30813, 普通玩家 6 第1次重转 银 宝箱，重转价格：5，G_Var.NormalPlayerPayment = 2465
31261, 普通玩家 20 第1次重转 银 宝箱，重转价格：5，G_Var.NormalPlayerPayment = 2470
31353, 普通玩家 11 第1次重转 银 宝箱，重转价格：5，G_Var.NormalPlayerPayment = 2475
31409, 普通玩家 20 第2次重转 银 宝箱，重转价格：25，G_Var.NormalPlayerPayment = 2500
31509, 普通玩家 20 第3次重转 银 宝箱，重转价格：50，G_Var.NormalPlayerPayment = 2550
31581, 普通玩家 11 第2次重转 银 宝箱，重转价格：25，G_Var.NormalPlayerPayment = 2575
31693, 普通玩家 11 第3次重转 银 宝箱，重转价格：50，G_Var.NormalPlayerPayment = 2625
32481, 普通玩家 16 第1次重转 银 宝箱，重转价格：5，G_Var.NormalPlayerPayment = 2630
32589, 普通玩家 15 第1次重转 银 宝箱，重转价格：5，G_Var.NormalPlayerPayment = 2635
32633, 普通玩家 16 第2次重转 银 宝箱，重转价格：25，G_Var.NormalPlayerPayment = 2660
33473, 普通玩家 18 第1次重转 银 宝箱，重转价格：5，G_Var.NormalPlayerPayment = 2665
33473, 普通玩家 19 第1次重转 银 宝箱，重转价格：5，G_Var.NormalPlayerPayment = 2670
33585, 普通玩家 18 第2次重转 银 宝箱，重转价格：25，G_Var.NormalPlayerPayment = 2695
35400, 给玩家 13 发放断线重连以后的奖励 军机 宝箱 G_Var.JoinedPlayerRareCopperChestNum = 1
35881, 普通玩家 8 第1次重转 银 宝箱，重转价格：5，G_Var.NormalPlayerPayment = 2700
35957, 普通玩家 13 第1次重转 军机 宝箱，重转价格：10，G_Var.NormalPlayerPayment = 2710
36329, 普通玩家 13 第1次重转 银 宝箱，重转价格：5，G_Var.NormalPlayerPayment = 2715
38257, 普通玩家 13 第1次重转 银 宝箱，重转价格：5，G_Var.NormalPlayerPayment = 2720
40141, 普通玩家 17 第1次重转 银 宝箱，重转价格：5，G_Var.NormalPlayerPayment = 2725
40365, 普通玩家 7 第1次重转 银 宝箱，重转价格：5，G_Var.NormalPlayerPayment = 2730
40497, 普通玩家 17 第1次重转 银 宝箱，重转价格：5，G_Var.NormalPlayerPayment = 2735
40517, 普通玩家 7 第2次重转 银 宝箱，重转价格：25，G_Var.NormalPlayerPayment = 2760
40613, 普通玩家 7 第3次重转 银 宝箱，重转价格：50，G_Var.NormalPlayerPayment = 2810
40825, 普通玩家 19 第1次重转 银 宝箱，重转价格：5，G_Var.NormalPlayerPayment = 2815
40937, 普通玩家 19 第2次重转 银 宝箱，重转价格：25，G_Var.NormalPlayerPayment = 2840
40973, 普通玩家 15 第1次重转 银 宝箱，重转价格：5，G_Var.NormalPlayerPayment = 2845
41093, 普通玩家 15 第2次重转 银 宝箱，重转价格：25，G_Var.NormalPlayerPayment = 2870
41197, 普通玩家 15 第3次重转 银 宝箱，重转价格：50，G_Var.NormalPlayerPayment = 2920
42173, 普通玩家 16 第1次重转 银 宝箱，重转价格：5，G_Var.NormalPlayerPayment = 2925
42265, 普通玩家 16 第2次重转 银 宝箱，重转价格：25，G_Var.NormalPlayerPayment = 2950
42273, 普通玩家 11 第1次重转 银 宝箱，重转价格：5，G_Var.NormalPlayerPayment = 2955
42381, 普通玩家 11 第2次重转 银 宝箱，重转价格：25，G_Var.NormalPlayerPayment = 2980
42389, 普通玩家 16 第3次重转 银 宝箱，重转价格：50，G_Var.NormalPlayerPayment = 3030
42481, 普通玩家 11 第3次重转 银 宝箱，重转价格：50，G_Var.NormalPlayerPayment = 3080
42629, 普通玩家 11 第4次重转 银 宝箱，重转价格：100，G_Var.NormalPlayerPayment = 3180
43337, 普通玩家 8 第1次重转 银 宝箱，重转价格：5，G_Var.NormalPlayerPayment = 3185
43433, 普通玩家 8 第2次重转 银 宝箱，重转价格：25，G_Var.NormalPlayerPayment = 3210
43541, 普通玩家 8 第3次重转 银 宝箱，重转价格：50，G_Var.NormalPlayerPayment = 3260
44065, 普通玩家 18 第1次重转 银 宝箱，重转价格：5，G_Var.NormalPlayerPayment = 3265
44309, 普通玩家 5 第1次重转 银 宝箱，重转价格：5，G_Var.NormalPlayerPayment = 3270
44389, 普通玩家 5 第2次重转 银 宝箱，重转价格：25，G_Var.NormalPlayerPayment = 3295
44425, 普通玩家 10 第1次重转 银 宝箱，重转价格：5，G_Var.NormalPlayerPayment = 3300
44977, 普通玩家 10 第2次重转 银 宝箱，重转价格：25，G_Var.NormalPlayerPayment = 3325
46585, 普通玩家 10 第1次重转 银 宝箱，重转价格：5，G_Var.NormalPlayerPayment = 3330
46749, 普通玩家 8 第1次重转 银 宝箱，重转价格：5，G_Var.NormalPlayerPayment = 3335
46845, 普通玩家 8 第2次重转 银 宝箱，重转价格：25，G_Var.NormalPlayerPayment = 3360
47585, 普通玩家 5 第1次重转 银 宝箱，重转价格：5，G_Var.NormalPlayerPayment = 3365
48001, 普通玩家 14 第1次重转 银 宝箱，重转价格：5，G_Var.NormalPlayerPayment = 3370
48129, 普通玩家 14 第2次重转 银 宝箱，重转价格：25，G_Var.NormalPlayerPayment = 3395
48241, 普通玩家 14 第3次重转 银 宝箱，重转价格：50，G_Var.NormalPlayerPayment = 3445
53717, 普通玩家 6 第1次重转 银 宝箱，重转价格：5，G_Var.NormalPlayerPayment = 3450
53833, 普通玩家 6 第2次重转 银 宝箱，重转价格：25，G_Var.NormalPlayerPayment = 3475
53953, 普通玩家 6 第3次重转 银 宝箱，重转价格：50，G_Var.NormalPlayerPayment = 3525
58185, 普通玩家 19 第258次重转 军机 宝箱，重转价格：10，G_Var.NormalPlayerPayment = 3535
58301, 普通玩家 19 第259次重转 军机 宝箱，重转价格：50，G_Var.NormalPlayerPayment = 3585
58417, 普通玩家 19 第260次重转 军机 宝箱，重转价格：100，G_Var.NormalPlayerPayment = 3685
58749, 普通玩家 5 第258次重转 军机 宝箱，重转价格：10，G_Var.NormalPlayerPayment = 3695
58857, 普通玩家 5 第259次重转 军机 宝箱，重转价格：50，G_Var.NormalPlayerPayment = 3745
58945, 普通玩家 5 第260次重转 军机 宝箱，重转价格：100，G_Var.NormalPlayerPayment = 3845
59789, 普通玩家 19 第1次重转 金 宝箱，重转价格：10，G_Var.NormalPlayerPayment = 3855
59893, 普通玩家 19 第2次重转 金 宝箱，重转价格：50，G_Var.NormalPlayerPayment = 3905
60009, 普通玩家 19 第3次重转 金 宝箱，重转价格：100，G_Var.NormalPlayerPayment = 4005
60429, 普通玩家 5 第1次重转 金 宝箱，重转价格：10，G_Var.NormalPlayerPayment = 4015
60565, 普通玩家 5 第2次重转 金 宝箱，重转价格：50，G_Var.NormalPlayerPayment = 4065
60661, 普通玩家 5 第3次重转 金 宝箱，重转价格：100，G_Var.NormalPlayerPayment = 4165
60977, 普通玩家 14 第1次重转 金 宝箱，重转价格：10，G_Var.NormalPlayerPayment = 4175
61093, 普通玩家 14 第2次重转 金 宝箱，重转价格：50，G_Var.NormalPlayerPayment = 4225
61173, 普通玩家 14 第3次重转 金 宝箱，重转价格：100，G_Var.NormalPlayerPayment = 4325
61593, 普通玩家 8 第258次重转 军机 宝箱，重转价格：10，G_Var.NormalPlayerPayment = 4335
61641, 普通玩家 16 第258次重转 军机 宝箱，重转价格：10，G_Var.NormalPlayerPayment = 4345
61665, 普通玩家 14 第258次重转 军机 宝箱，重转价格：10，G_Var.NormalPlayerPayment = 4355
61757, 普通玩家 16 第259次重转 军机 宝箱，重转价格：50，G_Var.NormalPlayerPayment = 4405
61817, 普通玩家 14 第259次重转 军机 宝箱，重转价格：50，G_Var.NormalPlayerPayment = 4455
61861, 普通玩家 16 第260次重转 军机 宝箱，重转价格：100，G_Var.NormalPlayerPayment = 4555
62453, 普通玩家 11 第258次重转 军机 宝箱，重转价格：10，G_Var.NormalPlayerPayment = 4565
62537, 普通玩家 11 第259次重转 军机 宝箱，重转价格：50，G_Var.NormalPlayerPayment = 4615
62557, 普通玩家 16 第1次重转 金 宝箱，重转价格：10，G_Var.NormalPlayerPayment = 4625
62677, 普通玩家 11 第260次重转 军机 宝箱，重转价格：100，G_Var.NormalPlayerPayment = 4725
62725, 普通玩家 16 第2次重转 金 宝箱，重转价格：50，G_Var.NormalPlayerPayment = 4775
63041, 普通玩家 11 第1次重转 金 宝箱，重转价格：10，G_Var.NormalPlayerPayment = 4785
63361, 普通玩家 11 第2次重转 金 宝箱，重转价格：50，G_Var.NormalPlayerPayment = 4835
63473, 普通玩家 11 第3次重转 金 宝箱，重转价格：100，G_Var.NormalPlayerPayment = 4935
64665, 普通玩家 8 第1次重转 金 宝箱，重转价格：10，G_Var.NormalPlayerPayment = 4945
64709, 普通玩家 15 第1次重转 金 宝箱，重转价格：10，G_Var.NormalPlayerPayment = 4955
64761, 普通玩家 8 第2次重转 金 宝箱，重转价格：50，G_Var.NormalPlayerPayment = 5005
65581, 普通玩家 6 第258次重转 军机 宝箱，重转价格：10，G_Var.NormalPlayerPayment = 5015
65841, 普通玩家 19 第1次重转 金 宝箱，重转价格：10，G_Var.NormalPlayerPayment = 5025
65865, 普通玩家 6 第1次重转 金 宝箱，重转价格：10，G_Var.NormalPlayerPayment = 5035
65969, 普通玩家 6 第2次重转 金 宝箱，重转价格：50，G_Var.NormalPlayerPayment = 5085
66281, 普通玩家 5 第1次重转 金 宝箱，重转价格：10，G_Var.NormalPlayerPayment = 5095
66385, 普通玩家 5 第2次重转 金 宝箱，重转价格：50，G_Var.NormalPlayerPayment = 5145
66481, 普通玩家 5 第3次重转 金 宝箱，重转价格：100，G_Var.NormalPlayerPayment = 5245
66561, 普通玩家 5 第4次重转 金 宝箱，重转价格：100，G_Var.NormalPlayerPayment = 5345
67169, 普通玩家 10 第1次重转 金 宝箱，重转价格：10，G_Var.NormalPlayerPayment = 5355
67797, 普通玩家 11 第1次重转 金 宝箱，重转价格：10，G_Var.NormalPlayerPayment = 5365
67861, 普通玩家 10 第1次重转 金 宝箱，重转价格：10，G_Var.NormalPlayerPayment = 5375
67865, 普通玩家 15 第1次重转 金 宝箱，重转价格：10，G_Var.NormalPlayerPayment = 5385
67913, 普通玩家 11 第2次重转 金 宝箱，重转价格：50，G_Var.NormalPlayerPayment = 5435
69001, 普通玩家 8 第1次重转 金 宝箱，重转价格：10，G_Var.NormalPlayerPayment = 5445
69461, 普通玩家 5 第1次重转 金 宝箱，重转价格：10，G_Var.NormalPlayerPayment = 5455
69477, 普通玩家 8 第1次重转 金 宝箱，重转价格：10，G_Var.NormalPlayerPayment = 5465
69521, 普通玩家 10 第1次重转 金 宝箱，重转价格：10，G_Var.NormalPlayerPayment = 5475
69585, 普通玩家 5 第2次重转 金 宝箱，重转价格：50，G_Var.NormalPlayerPayment = 5525
71077, 普通玩家 14 第1次重转 金 宝箱，重转价格：10，G_Var.NormalPlayerPayment = 5535
71233, 普通玩家 14 第2次重转 金 宝箱，重转价格：50，G_Var.NormalPlayerPayment = 5585
71365, 普通玩家 14 第3次重转 金 宝箱，重转价格：100，G_Var.NormalPlayerPayment = 5685
71465, 普通玩家 14 第4次重转 金 宝箱，重转价格：100，G_Var.NormalPlayerPayment = 5785
73631, 结束界面  old_tt_point=600 , add_tt_point-=0 ,new_tt_point= 600 ,Var_ControlID=7
73631, 结束界面  Rank_Point_delta=0 , w-=100 ,w_1= 100 ,k=1 , k_1=1 ,v= 4 , v_1=4
73631, 结束界面  2  Rank_Point_delta=0
