4760, Check_Dead_Mission_SysEvent G_Tab.HeroEventStatistics[cha_control_id].multi_kill[1]= 0 , cha_control_id=1
4760, CheckMissionGrowItem con_tie= 0 , con_shu=0 , cha_control_id=1
4760, CheckMissionGrowItem cha_control_id= 1 , CheckGodWeapon(1,control_id)=0 , G_Tab.HeroEventStatistics[cha_control_id].multi_kill[2]=0
4760, CheckMissionGrowItem cha_control_id= 1 , CheckGodWeapon(2,control_id)=0,G_Tab.HeroEventStatistics[cha_control_id].multi_kill[2]=0
4908, Check_Dead_Mission_SysEvent G_Tab.HeroEventStatistics[cha_control_id].multi_kill[1]= 0 , cha_control_id=17
4908, CheckMissionGrowItem con_tie= 0 , con_shu=0 , cha_control_id=17
4908, CheckMissionGrowItem cha_control_id= 17 , CheckGodWeapon(1,control_id)=0 , G_Tab.HeroEventStatistics[cha_control_id].multi_kill[2]=0
4908, CheckMissionGrowItem cha_control_id= 17 , CheckGodWeapon(2,control_id)=0,G_Tab.HeroEventStatistics[cha_control_id].multi_kill[2]=0
5133, 积分结算 missionstart p_control_id= 3 , mission[1].id=0 , mission[1].Fstate=0
5133, 积分结算 missionstart p_control_id= 3 , mission[2].id=0 , mission[2].Fstate=0
5133, 积分结算 missionstart p_control_id= 3 , mission[3].id=0 , mission[3].Fstate=0
7211, Check_Dead_Mission_SysEvent G_Tab.HeroEventStatistics[cha_control_id].multi_kill[1]= 0 , cha_control_id=19
7211, CheckMissionGrowItem con_tie= 0 , con_shu=0 , cha_control_id=19
7211, CheckMissionGrowItem cha_control_id= 19 , CheckGodWeapon(1,control_id)=0 , G_Tab.HeroEventStatistics[cha_control_id].multi_kill[2]=0
7211, CheckMissionGrowItem cha_control_id= 19 , CheckGodWeapon(2,control_id)=0,G_Tab.HeroEventStatistics[cha_control_id].multi_kill[2]=0
7477, 积分结算 missionstart p_control_id= 1 , mission[1].id=0 , mission[1].Fstate=0
7477, 积分结算 missionstart p_control_id= 1 , mission[2].id=0 , mission[2].Fstate=0
7477, 积分结算 missionstart p_control_id= 1 , mission[3].id=0 , mission[3].Fstate=0
7629, 积分结算 missionstart p_control_id= 2 , mission[1].id=0 , mission[1].Fstate=0
7629, 积分结算 missionstart p_control_id= 2 , mission[2].id=0 , mission[2].Fstate=0
7629, 积分结算 missionstart p_control_id= 2 , mission[3].id=0 , mission[3].Fstate=0
7650, Check_Dead_Mission_SysEvent G_Tab.HeroEventStatistics[cha_control_id].multi_kill[1]= 0 , cha_control_id=12
7650, CheckMissionGrowItem con_tie= 0 , con_shu=0 , cha_control_id=12
7650, CheckMissionGrowItem cha_control_id= 12 , CheckGodWeapon(1,control_id)=0 , G_Tab.HeroEventStatistics[cha_control_id].multi_kill[2]=0
7650, CheckMissionGrowItem cha_control_id= 12 , CheckGodWeapon(2,control_id)=0,G_Tab.HeroEventStatistics[cha_control_id].multi_kill[2]=0
9249, Check_Dead_Mission_SysEvent G_Tab.HeroEventStatistics[cha_control_id].multi_kill[1]= 0 , cha_control_id=14
9249, CheckMissionGrowItem con_tie= 0 , con_shu=0 , cha_control_id=14
9249, CheckMissionGrowItem cha_control_id= 14 , CheckGodWeapon(1,control_id)=0 , G_Tab.HeroEventStatistics[cha_control_id].multi_kill[2]=0
9249, CheckMissionGrowItem cha_control_id= 14 , CheckGodWeapon(2,control_id)=0,G_Tab.HeroEventStatistics[cha_control_id].multi_kill[2]=0
11109, Check_Dead_Mission_SysEvent G_Tab.HeroEventStatistics[cha_control_id].multi_kill[1]= 0 , cha_control_id=11
11109, CheckMissionGrowItem con_tie= 0 , con_shu=0 , cha_control_id=11
11109, CheckMissionGrowItem cha_control_id= 11 , CheckGodWeapon(1,control_id)=0 , G_Tab.HeroEventStatistics[cha_control_id].multi_kill[2]=0
11109, CheckMissionGrowItem cha_control_id= 11 , CheckGodWeapon(2,control_id)=0,G_Tab.HeroEventStatistics[cha_control_id].multi_kill[2]=0
11821, 积分结算 missionstart p_control_id= 13 , mission[1].id=0 , mission[1].Fstate=0
11821, 积分结算 missionstart p_control_id= 13 , mission[2].id=0 , mission[2].Fstate=0
11821, 积分结算 missionstart p_control_id= 13 , mission[3].id=0 , mission[3].Fstate=0
12244, Check_Dead_Mission_SysEvent G_Tab.HeroEventStatistics[cha_control_id].multi_kill[1]= 0 , cha_control_id=8
12244, CheckMissionGrowItem con_tie= 0 , con_shu=0 , cha_control_id=8
12244, CheckMissionGrowItem cha_control_id= 8 , CheckGodWeapon(1,control_id)=0 , G_Tab.HeroEventStatistics[cha_control_id].multi_kill[2]=0
12244, CheckMissionGrowItem cha_control_id= 8 , CheckGodWeapon(2,control_id)=0,G_Tab.HeroEventStatistics[cha_control_id].multi_kill[2]=0
12434, Check_Dead_Mission_SysEvent G_Tab.HeroEventStatistics[cha_control_id].multi_kill[1]= 1 , cha_control_id=14
12434, CheckMissionGrowItem con_tie= 0 , con_shu=0 , cha_control_id=14
12434, CheckMissionGrowItem cha_control_id= 14 , CheckGodWeapon(1,control_id)=0 , G_Tab.HeroEventStatistics[cha_control_id].multi_kill[2]=0
12434, CheckMissionGrowItem cha_control_id= 14 , CheckGodWeapon(2,control_id)=0,G_Tab.HeroEventStatistics[cha_control_id].multi_kill[2]=0
14440, Check_Dead_Mission_SysEvent G_Tab.HeroEventStatistics[cha_control_id].multi_kill[1]= 1 , cha_control_id=12
14440, CheckMissionGrowItem con_tie= 0 , con_shu=0 , cha_control_id=12
14440, CheckMissionGrowItem cha_control_id= 12 , CheckGodWeapon(1,control_id)=0 , G_Tab.HeroEventStatistics[cha_control_id].multi_kill[2]=0
14440, CheckMissionGrowItem cha_control_id= 12 , CheckGodWeapon(2,control_id)=0,G_Tab.HeroEventStatistics[cha_control_id].multi_kill[2]=0
14996, Check_Dead_Mission_SysEvent G_Tab.HeroEventStatistics[cha_control_id].multi_kill[1]= 1 , cha_control_id=11
14996, CheckMissionGrowItem con_tie= 0 , con_shu=0 , cha_control_id=11
14996, CheckMissionGrowItem cha_control_id= 11 , CheckGodWeapon(1,control_id)=0 , G_Tab.HeroEventStatistics[cha_control_id].multi_kill[2]=0
14996, CheckMissionGrowItem cha_control_id= 11 , CheckGodWeapon(2,control_id)=0,G_Tab.HeroEventStatistics[cha_control_id].multi_kill[2]=0
15552, Check_Dead_Mission_SysEvent G_Tab.HeroEventStatistics[cha_control_id].multi_kill[1]= 1 , cha_control_id=8
15552, CheckMissionGrowItem con_tie= 0 , con_shu=0 , cha_control_id=8
15552, CheckMissionGrowItem cha_control_id= 8 , CheckGodWeapon(1,control_id)=0 , G_Tab.HeroEventStatistics[cha_control_id].multi_kill[2]=0
15552, CheckMissionGrowItem cha_control_id= 8 , CheckGodWeapon(2,control_id)=0,G_Tab.HeroEventStatistics[cha_control_id].multi_kill[2]=0
16125, Check_Dead_Mission_SysEvent G_Tab.HeroEventStatistics[cha_control_id].multi_kill[1]= 1 , cha_control_id=17
16125, CheckMissionGrowItem con_tie= 0 , con_shu=0 , cha_control_id=17
16125, CheckMissionGrowItem cha_control_id= 17 , CheckGodWeapon(1,control_id)=0 , G_Tab.HeroEventStatistics[cha_control_id].multi_kill[2]=0
16125, CheckMissionGrowItem cha_control_id= 17 , CheckGodWeapon(2,control_id)=0,G_Tab.HeroEventStatistics[cha_control_id].multi_kill[2]=0
16178, Check_Dead_Mission_SysEvent G_Tab.HeroEventStatistics[cha_control_id].multi_kill[1]= 2 , cha_control_id=17
16178, CheckMissionGrowItem con_tie= 0 , con_shu=0 , cha_control_id=17
16178, CheckMissionGrowItem cha_control_id= 17 , CheckGodWeapon(1,control_id)=0 , G_Tab.HeroEventStatistics[cha_control_id].multi_kill[2]=0
16178, CheckMissionGrowItem cha_control_id= 17 , CheckGodWeapon(2,control_id)=0,G_Tab.HeroEventStatistics[cha_control_id].multi_kill[2]=0
16356, Check_Dead_Mission_SysEvent G_Tab.HeroEventStatistics[cha_control_id].multi_kill[1]= 0 , cha_control_id=18
16356, CheckMissionGrowItem con_tie= 0 , con_shu=0 , cha_control_id=18
16356, CheckMissionGrowItem cha_control_id= 18 , CheckGodWeapon(1,control_id)=0 , G_Tab.HeroEventStatistics[cha_control_id].multi_kill[2]=0
16356, CheckMissionGrowItem cha_control_id= 18 , CheckGodWeapon(2,control_id)=0,G_Tab.HeroEventStatistics[cha_control_id].multi_kill[2]=0
16635, Check_Dead_Mission_SysEvent G_Tab.HeroEventStatistics[cha_control_id].multi_kill[1]= 3 , cha_control_id=17
16635, CheckMissionGrowItem con_tie= 0 , con_shu=0 , cha_control_id=17
16635, CheckMissionGrowItem cha_control_id= 17 , CheckGodWeapon(1,control_id)=0 , G_Tab.HeroEventStatistics[cha_control_id].multi_kill[2]=1
16635, CheckMissionGrowItem cha_control_id= 17 , CheckGodWeapon(2,control_id)=0,G_Tab.HeroEventStatistics[cha_control_id].multi_kill[2]=1
16935, Check_Dead_Mission_SysEvent G_Tab.HeroEventStatistics[cha_control_id].multi_kill[1]= 1 , cha_control_id=19
16935, CheckMissionGrowItem con_tie= 0 , con_shu=0 , cha_control_id=19
16935, CheckMissionGrowItem cha_control_id= 19 , CheckGodWeapon(1,control_id)=0 , G_Tab.HeroEventStatistics[cha_control_id].multi_kill[2]=0
16935, CheckMissionGrowItem cha_control_id= 19 , CheckGodWeapon(2,control_id)=0,G_Tab.HeroEventStatistics[cha_control_id].multi_kill[2]=0
17237, Check_Dead_Mission_SysEvent G_Tab.HeroEventStatistics[cha_control_id].multi_kill[1]= 0 , cha_control_id=6
17237, CheckMissionGrowItem con_tie= 0 , con_shu=0 , cha_control_id=6
17237, CheckMissionGrowItem cha_control_id= 6 , CheckGodWeapon(1,control_id)=0 , G_Tab.HeroEventStatistics[cha_control_id].multi_kill[2]=0
17237, CheckMissionGrowItem cha_control_id= 6 , CheckGodWeapon(2,control_id)=0,G_Tab.HeroEventStatistics[cha_control_id].multi_kill[2]=0
17345, 积分结算 missionstart p_control_id= 9 , mission[1].id=0 , mission[1].Fstate=0
17345, 积分结算 missionstart p_control_id= 9 , mission[2].id=0 , mission[2].Fstate=0
17345, 积分结算 missionstart p_control_id= 9 , mission[3].id=0 , mission[3].Fstate=0
18675, Check_Dead_Mission_SysEvent G_Tab.HeroEventStatistics[cha_control_id].multi_kill[1]= 1 , cha_control_id=6
18675, CheckMissionGrowItem con_tie= 0 , con_shu=0 , cha_control_id=6
18675, CheckMissionGrowItem cha_control_id= 6 , CheckGodWeapon(1,control_id)=0 , G_Tab.HeroEventStatistics[cha_control_id].multi_kill[2]=0
18675, CheckMissionGrowItem cha_control_id= 6 , CheckGodWeapon(2,control_id)=0,G_Tab.HeroEventStatistics[cha_control_id].multi_kill[2]=0
19355, Check_Dead_Mission_SysEvent G_Tab.HeroEventStatistics[cha_control_id].multi_kill[1]= 0 , cha_control_id=10
19355, CheckMissionGrowItem con_tie= 0 , con_shu=0 , cha_control_id=10
19355, CheckMissionGrowItem cha_control_id= 10 , CheckGodWeapon(1,control_id)=0 , G_Tab.HeroEventStatistics[cha_control_id].multi_kill[2]=0
19355, CheckMissionGrowItem cha_control_id= 10 , CheckGodWeapon(2,control_id)=0,G_Tab.HeroEventStatistics[cha_control_id].multi_kill[2]=0
19569, Check_Dead_Mission_SysEvent G_Tab.HeroEventStatistics[cha_control_id].multi_kill[1]= 0 , cha_control_id=20
19569, CheckMissionGrowItem con_tie= 0 , con_shu=0 , cha_control_id=20
19569, CheckMissionGrowItem cha_control_id= 20 , CheckGodWeapon(1,control_id)=0 , G_Tab.HeroEventStatistics[cha_control_id].multi_kill[2]=0
19569, CheckMissionGrowItem cha_control_id= 20 , CheckGodWeapon(2,control_id)=0,G_Tab.HeroEventStatistics[cha_control_id].multi_kill[2]=0
19750, Check_Dead_Mission_SysEvent G_Tab.HeroEventStatistics[cha_control_id].multi_kill[1]= 0 , cha_control_id=15
19750, CheckMissionGrowItem con_tie= 0 , con_shu=0 , cha_control_id=15
19750, CheckMissionGrowItem cha_control_id= 15 , CheckGodWeapon(1,control_id)=0 , G_Tab.HeroEventStatistics[cha_control_id].multi_kill[2]=0
19750, CheckMissionGrowItem cha_control_id= 15 , CheckGodWeapon(2,control_id)=0,G_Tab.HeroEventStatistics[cha_control_id].multi_kill[2]=0
20009, Check_Dead_Mission_SysEvent G_Tab.HeroEventStatistics[cha_control_id].multi_kill[1]= 2 , cha_control_id=12
20009, CheckMissionGrowItem con_tie= 0 , con_shu=0 , cha_control_id=12
20009, CheckMissionGrowItem cha_control_id= 12 , CheckGodWeapon(1,control_id)=0 , G_Tab.HeroEventStatistics[cha_control_id].multi_kill[2]=0
20009, CheckMissionGrowItem cha_control_id= 12 , CheckGodWeapon(2,control_id)=0,G_Tab.HeroEventStatistics[cha_control_id].multi_kill[2]=0
20214, Check_Dead_Mission_SysEvent G_Tab.HeroEventStatistics[cha_control_id].multi_kill[1]= 1 , cha_control_id=20
20214, CheckMissionGrowItem con_tie= 0 , con_shu=0 , cha_control_id=20
20214, CheckMissionGrowItem cha_control_id= 20 , CheckGodWeapon(1,control_id)=0 , G_Tab.HeroEventStatistics[cha_control_id].multi_kill[2]=0
20214, CheckMissionGrowItem cha_control_id= 20 , CheckGodWeapon(2,control_id)=0,G_Tab.HeroEventStatistics[cha_control_id].multi_kill[2]=0
21016, Check_Dead_Mission_SysEvent G_Tab.HeroEventStatistics[cha_control_id].multi_kill[1]= 2 , cha_control_id=20
21016, CheckMissionGrowItem con_tie= 0 , con_shu=0 , cha_control_id=20
21016, CheckMissionGrowItem cha_control_id= 20 , CheckGodWeapon(1,control_id)=0 , G_Tab.HeroEventStatistics[cha_control_id].multi_kill[2]=0
21016, CheckMissionGrowItem cha_control_id= 20 , CheckGodWeapon(2,control_id)=0,G_Tab.HeroEventStatistics[cha_control_id].multi_kill[2]=0
22260, Check_Dead_Mission_SysEvent G_Tab.HeroEventStatistics[cha_control_id].multi_kill[1]= 0 , cha_control_id=7
22260, CheckMissionGrowItem con_tie= 0 , con_shu=0 , cha_control_id=7
22260, CheckMissionGrowItem cha_control_id= 7 , CheckGodWeapon(1,control_id)=0 , G_Tab.HeroEventStatistics[cha_control_id].multi_kill[2]=0
22260, CheckMissionGrowItem cha_control_id= 7 , CheckGodWeapon(2,control_id)=0,G_Tab.HeroEventStatistics[cha_control_id].multi_kill[2]=0
22348, Check_Dead_Mission_SysEvent G_Tab.HeroEventStatistics[cha_control_id].multi_kill[1]= 0 , cha_control_id=17
22348, CheckMissionGrowItem con_tie= 0 , con_shu=0 , cha_control_id=17
22348, CheckMissionGrowItem cha_control_id= 17 , CheckGodWeapon(1,control_id)=0 , G_Tab.HeroEventStatistics[cha_control_id].multi_kill[2]=0
22348, CheckMissionGrowItem cha_control_id= 17 , CheckGodWeapon(2,control_id)=0,G_Tab.HeroEventStatistics[cha_control_id].multi_kill[2]=0
22742, Check_Dead_Mission_SysEvent G_Tab.HeroEventStatistics[cha_control_id].multi_kill[1]= 3 , cha_control_id=12
22742, CheckMissionGrowItem con_tie= 0 , con_shu=0 , cha_control_id=12
22742, CheckMissionGrowItem cha_control_id= 12 , CheckGodWeapon(1,control_id)=0 , G_Tab.HeroEventStatistics[cha_control_id].multi_kill[2]=1
22742, CheckMissionGrowItem cha_control_id= 12 , CheckGodWeapon(2,control_id)=0,G_Tab.HeroEventStatistics[cha_control_id].multi_kill[2]=1
22901, Check_Dead_Mission_SysEvent G_Tab.HeroEventStatistics[cha_control_id].multi_kill[1]= 0 , cha_control_id=21
24305, Mission_GetNewItem missionstart control_id= 5 , Item_id=187 , item_lv=1
25892, Check_Dead_Mission_SysEvent G_Tab.HeroEventStatistics[cha_control_id].multi_kill[1]= 1 , cha_control_id=17
25892, CheckMissionGrowItem con_tie= 0 , con_shu=5 , cha_control_id=17
25892, CheckMissionGrowItem cha_control_id= 17 , CheckGodWeapon(1,control_id)=0 , G_Tab.HeroEventStatistics[cha_control_id].multi_kill[2]=0
25892, CheckMissionGrowItem cha_control_id= 17 , CheckGodWeapon(2,control_id)=0,G_Tab.HeroEventStatistics[cha_control_id].multi_kill[2]=0
28697, ------共享关系逻辑操作开始；当前所有玩家的可操作英雄列表
28697, 	玩家 4 的可操作英雄列表：
28697, 		pos=1 ;hero=336_鲁肃
28697, 	玩家 5 的可操作英雄列表：
28697, 		pos=1 ;hero=322_马谡
28697, 	玩家 6 的可操作英雄列表：
28697, 		pos=1 ;hero=334_祝融夫人
28697, 	玩家 7 的可操作英雄列表：
28697, 		pos=1 ;hero=360_左慈
28697, 	玩家 8 的可操作英雄列表：
28697, 		pos=1 ;hero=351_颜良
28697, 	玩家 10 的可操作英雄列表：
28697, 		pos=1 ;hero=348_甄姬
28697, 	玩家 11 的可操作英雄列表：
28697, 		pos=1 ;hero=332_邓芝
28697, 	玩家 12 的可操作英雄列表：
28697, 		pos=1 ;hero=362_贾诩
28697, 	玩家 13 的可操作英雄列表：
28697, 	玩家 14 的可操作英雄列表：
28697, 		pos=1 ;hero=328_曹丕
28697, 	玩家 15 的可操作英雄列表：
28697, 		pos=1 ;hero=325_马云禄
28697, 	玩家 16 的可操作英雄列表：
28697, 		pos=1 ;hero=316_马岱
28697, 	玩家 17 的可操作英雄列表：
28697, 		pos=1 ;hero=319_马超
28697, 	玩家 18 的可操作英雄列表：
28697, 		pos=1 ;hero=349_周泰
28697, 	玩家 19 的可操作英雄列表：
28697, 		pos=1 ;hero=333_邓艾
28697, 	玩家 20 的可操作英雄列表：
28697, 		pos=1 ;hero=364_关平
28697, 	玩家 21 的可操作英雄列表：
28697, 	玩家 22 的可操作英雄列表：
28697, 初始化共享关系，把离线的英雄共享给加入者 13
28697, 取消加入者的英雄对其他人的共享关系
28697, 	取消加入者 13 对玩家 1 的共享
28697, 	取消加入者 13 对玩家 2 的共享
28697, 	取消加入者 13 对玩家 3 的共享
28697, 	取消加入者 13 对玩家 4 的共享
28697, 	取消加入者 13 对玩家 5 的共享
28697, 	取消加入者 13 对玩家 6 的共享
28697, 	取消加入者 13 对玩家 7 的共享
28697, 	取消加入者 13 对玩家 8 的共享
28697, 	取消加入者 13 对玩家 9 的共享
28697, 	取消加入者 13 对玩家 10 的共享
28697, 	取消加入者 13 对玩家 11 的共享
28697, 	取消加入者 13 对玩家 12 的共享
28697, 	取消加入者 13 对玩家 14 的共享
28697, 	取消加入者 13 对玩家 15 的共享
28697, 	取消加入者 13 对玩家 16 的共享
28697, 	取消加入者 13 对玩家 17 的共享
28697, 	取消加入者 13 对玩家 18 的共享
28697, 	取消加入者 13 对玩家 19 的共享
28697, 	取消加入者 13 对玩家 20 的共享
28697, 	取消加入者 13 对玩家 21 的共享
28697, 	取消加入者 13 对玩家 22 的共享
28697, 	取消加入者 13 自己的共享
28697, --------共享关系逻辑操作结束；当前所有玩家的可操作英雄列表
28697, 	玩家 4 的可操作英雄列表：
28697, 		pos=1 ;hero=336_鲁肃
28697, 	玩家 5 的可操作英雄列表：
28697, 		pos=1 ;hero=322_马谡
28697, 	玩家 6 的可操作英雄列表：
28697, 		pos=1 ;hero=334_祝融夫人
28697, 	玩家 7 的可操作英雄列表：
28697, 		pos=1 ;hero=360_左慈
28697, 	玩家 8 的可操作英雄列表：
28697, 		pos=1 ;hero=351_颜良
28697, 	玩家 10 的可操作英雄列表：
28697, 		pos=1 ;hero=348_甄姬
28697, 	玩家 11 的可操作英雄列表：
28697, 		pos=1 ;hero=332_邓芝
28697, 	玩家 12 的可操作英雄列表：
28697, 		pos=1 ;hero=362_贾诩
28697, 	玩家 13 的可操作英雄列表：
28697, 	玩家 14 的可操作英雄列表：
28697, 		pos=1 ;hero=328_曹丕
28697, 	玩家 15 的可操作英雄列表：
28697, 		pos=1 ;hero=325_马云禄
28697, 	玩家 16 的可操作英雄列表：
28697, 		pos=1 ;hero=316_马岱
28697, 	玩家 17 的可操作英雄列表：
28697, 		pos=1 ;hero=319_马超
28697, 	玩家 18 的可操作英雄列表：
28697, 		pos=1 ;hero=349_周泰
28697, 	玩家 19 的可操作英雄列表：
28697, 		pos=1 ;hero=333_邓艾
28697, 	玩家 20 的可操作英雄列表：
28697, 		pos=1 ;hero=364_关平
28697, 	玩家 21 的可操作英雄列表：
28697, 	玩家 22 的可操作英雄列表：
29312, Check_Dead_Mission_SysEvent G_Tab.HeroEventStatistics[cha_control_id].multi_kill[1]= 2 , cha_control_id=17
29312, CheckMissionGrowItem con_tie= 0 , con_shu=5 , cha_control_id=17
29312, CheckMissionGrowItem cha_control_id= 17 , CheckGodWeapon(1,control_id)=0 , G_Tab.HeroEventStatistics[cha_control_id].multi_kill[2]=0
29312, CheckMissionGrowItem cha_control_id= 17 , CheckGodWeapon(2,control_id)=0,G_Tab.HeroEventStatistics[cha_control_id].multi_kill[2]=0
29395, Check_Dead_Mission_SysEvent G_Tab.HeroEventStatistics[cha_control_id].multi_kill[1]= 0 , cha_control_id=19
29395, CheckMissionGrowItem con_tie= 0 , con_shu=5 , cha_control_id=19
29395, CheckMissionGrowItem cha_control_id= 19 , CheckGodWeapon(1,control_id)=0 , G_Tab.HeroEventStatistics[cha_control_id].multi_kill[2]=0
29395, CheckMissionGrowItem cha_control_id= 19 , CheckGodWeapon(2,control_id)=0,G_Tab.HeroEventStatistics[cha_control_id].multi_kill[2]=0
29762, Check_Dead_Mission_SysEvent G_Tab.HeroEventStatistics[cha_control_id].multi_kill[1]= 1 , cha_control_id=19
29762, CheckMissionGrowItem con_tie= 0 , con_shu=5 , cha_control_id=19
29762, CheckMissionGrowItem cha_control_id= 19 , CheckGodWeapon(1,control_id)=0 , G_Tab.HeroEventStatistics[cha_control_id].multi_kill[2]=0
29762, CheckMissionGrowItem cha_control_id= 19 , CheckGodWeapon(2,control_id)=0,G_Tab.HeroEventStatistics[cha_control_id].multi_kill[2]=0
30653, 积分结算 missionstart p_control_id= 4 , mission[1].id=0 , mission[1].Fstate=0
30653, 积分结算 missionstart p_control_id= 4 , mission[2].id=0 , mission[2].Fstate=0
30653, 积分结算 missionstart p_control_id= 4 , mission[3].id=0 , mission[3].Fstate=0
31402, Check_Dead_Mission_SysEvent G_Tab.HeroEventStatistics[cha_control_id].multi_kill[1]= 1 , cha_control_id=21
33086, Check_Dead_Mission_SysEvent G_Tab.HeroEventStatistics[cha_control_id].multi_kill[1]= 0 , cha_control_id=11
33086, CheckMissionGrowItem con_tie= 0 , con_shu=5 , cha_control_id=11
33086, CheckMissionGrowItem cha_control_id= 11 , CheckGodWeapon(1,control_id)=0 , G_Tab.HeroEventStatistics[cha_control_id].multi_kill[2]=0
33086, CheckMissionGrowItem cha_control_id= 11 , CheckGodWeapon(2,control_id)=0,G_Tab.HeroEventStatistics[cha_control_id].multi_kill[2]=0
33414, Check_Dead_Mission_SysEvent G_Tab.HeroEventStatistics[cha_control_id].multi_kill[1]= 2 , cha_control_id=6
33414, CheckMissionGrowItem con_tie= 0 , con_shu=5 , cha_control_id=6
33414, CheckMissionGrowItem cha_control_id= 6 , CheckGodWeapon(1,control_id)=0 , G_Tab.HeroEventStatistics[cha_control_id].multi_kill[2]=0
33414, CheckMissionGrowItem cha_control_id= 6 , CheckGodWeapon(2,control_id)=0,G_Tab.HeroEventStatistics[cha_control_id].multi_kill[2]=0
34534, Check_Dead_Mission_SysEvent G_Tab.HeroEventStatistics[cha_control_id].multi_kill[1]= 0 , cha_control_id=5
34534, CheckMissionGrowItem con_tie= 0 , con_shu=5 , cha_control_id=5
34534, CheckMissionGrowItem con_tie= 0 , con_shu=5 , cha_control_id=5,item_lv=1
34534, CheckMissionGrowItem con_tie= 0 , con_shu=5 , cha_control_id=5,G_Tab.HeroEventStatistics[cha_control_id].multi_kill[2]=0
34534, CheckMissionGrowItem cha_control_id= 5 , CheckGodWeapon(1,control_id)=0 , G_Tab.HeroEventStatistics[cha_control_id].multi_kill[2]=0
34534, CheckMissionGrowItem cha_control_id= 5 , CheckGodWeapon(2,control_id)=0,G_Tab.HeroEventStatistics[cha_control_id].multi_kill[2]=0
35040, Check_Dead_Mission_SysEvent G_Tab.HeroEventStatistics[cha_control_id].multi_kill[1]= 3 , cha_control_id=17
35040, CheckMissionGrowItem con_tie= 0 , con_shu=5 , cha_control_id=17
35040, CheckMissionGrowItem cha_control_id= 17 , CheckGodWeapon(1,control_id)=0 , G_Tab.HeroEventStatistics[cha_control_id].multi_kill[2]=1
35040, CheckMissionGrowItem cha_control_id= 17 , CheckGodWeapon(2,control_id)=0,G_Tab.HeroEventStatistics[cha_control_id].multi_kill[2]=1
35050, Check_Dead_Mission_SysEvent G_Tab.HeroEventStatistics[cha_control_id].multi_kill[1]= 3 , cha_control_id=6
35050, CheckMissionGrowItem con_tie= 0 , con_shu=5 , cha_control_id=6
35050, CheckMissionGrowItem cha_control_id= 6 , CheckGodWeapon(1,control_id)=0 , G_Tab.HeroEventStatistics[cha_control_id].multi_kill[2]=1
35050, CheckMissionGrowItem cha_control_id= 6 , CheckGodWeapon(2,control_id)=0,G_Tab.HeroEventStatistics[cha_control_id].multi_kill[2]=1
35430, Check_Dead_Mission_SysEvent G_Tab.HeroEventStatistics[cha_control_id].multi_kill[1]= 4 , cha_control_id=17
35430, CheckMissionGrowItem con_tie= 0 , con_shu=5 , cha_control_id=17
35430, CheckMissionGrowItem cha_control_id= 17 , CheckGodWeapon(1,control_id)=0 , G_Tab.HeroEventStatistics[cha_control_id].multi_kill[2]=2
35430, CheckMissionGrowItem cha_control_id= 17 , CheckGodWeapon(2,control_id)=0,G_Tab.HeroEventStatistics[cha_control_id].multi_kill[2]=2
35630, Check_Dead_Mission_SysEvent G_Tab.HeroEventStatistics[cha_control_id].multi_kill[1]= 5 , cha_control_id=17
35630, CheckMissionGrowItem con_tie= 0 , con_shu=5 , cha_control_id=17
35630, CheckMissionGrowItem cha_control_id= 17 , CheckGodWeapon(1,control_id)=0 , G_Tab.HeroEventStatistics[cha_control_id].multi_kill[2]=3
35630, CheckMissionGrowItem cha_control_id= 17 , CheckGodWeapon(2,control_id)=0,G_Tab.HeroEventStatistics[cha_control_id].multi_kill[2]=3
35677, Check_Dead_Mission_SysEvent G_Tab.HeroEventStatistics[cha_control_id].multi_kill[1]= 0 , cha_control_id=16
35677, CheckMissionGrowItem con_tie= 0 , con_shu=5 , cha_control_id=16
35677, CheckMissionGrowItem cha_control_id= 16 , CheckGodWeapon(1,control_id)=0 , G_Tab.HeroEventStatistics[cha_control_id].multi_kill[2]=0
35677, CheckMissionGrowItem cha_control_id= 16 , CheckGodWeapon(2,control_id)=0,G_Tab.HeroEventStatistics[cha_control_id].multi_kill[2]=0
38473, Check_Dead_Mission_SysEvent G_Tab.HeroEventStatistics[cha_control_id].multi_kill[1]= 0 , cha_control_id=20
38473, CheckMissionGrowItem con_tie= 0 , con_shu=5 , cha_control_id=20
38473, CheckMissionGrowItem cha_control_id= 20 , CheckGodWeapon(1,control_id)=0 , G_Tab.HeroEventStatistics[cha_control_id].multi_kill[2]=0
38473, CheckMissionGrowItem cha_control_id= 20 , CheckGodWeapon(2,control_id)=0,G_Tab.HeroEventStatistics[cha_control_id].multi_kill[2]=0
38808, Check_Dead_Mission_SysEvent G_Tab.HeroEventStatistics[cha_control_id].multi_kill[1]= 6 , cha_control_id=17
38808, CheckMissionGrowItem con_tie= 0 , con_shu=5 , cha_control_id=17
38808, CheckMissionGrowItem cha_control_id= 17 , CheckGodWeapon(1,control_id)=0 , G_Tab.HeroEventStatistics[cha_control_id].multi_kill[2]=4
38808, CheckMissionGrowItem cha_control_id= 17 , CheckGodWeapon(2,control_id)=0,G_Tab.HeroEventStatistics[cha_control_id].multi_kill[2]=4
39342, Check_Dead_Mission_SysEvent G_Tab.HeroEventStatistics[cha_control_id].multi_kill[1]= 7 , cha_control_id=17
39342, CheckMissionGrowItem con_tie= 0 , con_shu=5 , cha_control_id=17
39342, CheckMissionGrowItem cha_control_id= 17 , CheckGodWeapon(1,control_id)=0 , G_Tab.HeroEventStatistics[cha_control_id].multi_kill[2]=5
39342, CheckMissionGrowItem cha_control_id= 17 , CheckGodWeapon(2,control_id)=0,G_Tab.HeroEventStatistics[cha_control_id].multi_kill[2]=5
39507, Check_Dead_Mission_SysEvent G_Tab.HeroEventStatistics[cha_control_id].multi_kill[1]= 0 , cha_control_id=5
39507, CheckMissionGrowItem con_tie= 0 , con_shu=5 , cha_control_id=5
39507, CheckMissionGrowItem con_tie= 0 , con_shu=5 , cha_control_id=5,item_lv=1
39507, CheckMissionGrowItem con_tie= 0 , con_shu=5 , cha_control_id=5,G_Tab.HeroEventStatistics[cha_control_id].multi_kill[2]=0
39507, CheckMissionGrowItem cha_control_id= 5 , CheckGodWeapon(1,control_id)=0 , G_Tab.HeroEventStatistics[cha_control_id].multi_kill[2]=0
39507, CheckMissionGrowItem cha_control_id= 5 , CheckGodWeapon(2,control_id)=0,G_Tab.HeroEventStatistics[cha_control_id].multi_kill[2]=0
41049, Check_Dead_Mission_SysEvent G_Tab.HeroEventStatistics[cha_control_id].multi_kill[1]= 0 , cha_control_id=11
41049, CheckMissionGrowItem con_tie= 0 , con_shu=5 , cha_control_id=11
41049, CheckMissionGrowItem cha_control_id= 11 , CheckGodWeapon(1,control_id)=0 , G_Tab.HeroEventStatistics[cha_control_id].multi_kill[2]=0
41049, CheckMissionGrowItem cha_control_id= 11 , CheckGodWeapon(2,control_id)=0,G_Tab.HeroEventStatistics[cha_control_id].multi_kill[2]=0
41787, Check_Dead_Mission_SysEvent G_Tab.HeroEventStatistics[cha_control_id].multi_kill[1]= 1 , cha_control_id=18
41787, CheckMissionGrowItem con_tie= 0 , con_shu=5 , cha_control_id=18
41787, CheckMissionGrowItem cha_control_id= 18 , CheckGodWeapon(1,control_id)=0 , G_Tab.HeroEventStatistics[cha_control_id].multi_kill[2]=0
41787, CheckMissionGrowItem cha_control_id= 18 , CheckGodWeapon(2,control_id)=0,G_Tab.HeroEventStatistics[cha_control_id].multi_kill[2]=0
42193, Check_Dead_Mission_SysEvent G_Tab.HeroEventStatistics[cha_control_id].multi_kill[1]= 0 , cha_control_id=7
42193, CheckMissionGrowItem con_tie= 0 , con_shu=5 , cha_control_id=7
42193, CheckMissionGrowItem cha_control_id= 7 , CheckGodWeapon(1,control_id)=0 , G_Tab.HeroEventStatistics[cha_control_id].multi_kill[2]=0
42193, CheckMissionGrowItem cha_control_id= 7 , CheckGodWeapon(2,control_id)=0,G_Tab.HeroEventStatistics[cha_control_id].multi_kill[2]=0
42458, Check_Dead_Mission_SysEvent G_Tab.HeroEventStatistics[cha_control_id].multi_kill[1]= 0 , cha_control_id=8
42458, CheckMissionGrowItem con_tie= 0 , con_shu=5 , cha_control_id=8
42458, CheckMissionGrowItem cha_control_id= 8 , CheckGodWeapon(1,control_id)=0 , G_Tab.HeroEventStatistics[cha_control_id].multi_kill[2]=0
42458, CheckMissionGrowItem cha_control_id= 8 , CheckGodWeapon(2,control_id)=0,G_Tab.HeroEventStatistics[cha_control_id].multi_kill[2]=0
42911, Check_Dead_Mission_SysEvent G_Tab.HeroEventStatistics[cha_control_id].multi_kill[1]= 1 , cha_control_id=7
42911, CheckMissionGrowItem con_tie= 0 , con_shu=5 , cha_control_id=7
42911, CheckMissionGrowItem cha_control_id= 7 , CheckGodWeapon(1,control_id)=0 , G_Tab.HeroEventStatistics[cha_control_id].multi_kill[2]=0
42911, CheckMissionGrowItem cha_control_id= 7 , CheckGodWeapon(2,control_id)=0,G_Tab.HeroEventStatistics[cha_control_id].multi_kill[2]=0
43120, Check_Dead_Mission_SysEvent G_Tab.HeroEventStatistics[cha_control_id].multi_kill[1]= 0 , cha_control_id=17
43120, CheckMissionGrowItem con_tie= 0 , con_shu=5 , cha_control_id=17
43120, CheckMissionGrowItem cha_control_id= 17 , CheckGodWeapon(1,control_id)=0 , G_Tab.HeroEventStatistics[cha_control_id].multi_kill[2]=0
43120, CheckMissionGrowItem cha_control_id= 17 , CheckGodWeapon(2,control_id)=0,G_Tab.HeroEventStatistics[cha_control_id].multi_kill[2]=0
43984, Check_Dead_Mission_SysEvent G_Tab.HeroEventStatistics[cha_control_id].multi_kill[1]= 1 , cha_control_id=17
43984, CheckMissionGrowItem con_tie= 0 , con_shu=5 , cha_control_id=17
43984, CheckMissionGrowItem cha_control_id= 17 , CheckGodWeapon(1,control_id)=0 , G_Tab.HeroEventStatistics[cha_control_id].multi_kill[2]=0
43984, CheckMissionGrowItem cha_control_id= 17 , CheckGodWeapon(2,control_id)=0,G_Tab.HeroEventStatistics[cha_control_id].multi_kill[2]=0
44098, Check_Dead_Mission_SysEvent G_Tab.HeroEventStatistics[cha_control_id].multi_kill[1]= 1 , cha_control_id=5
44098, CheckMissionGrowItem con_tie= 0 , con_shu=5 , cha_control_id=5
44098, CheckMissionGrowItem con_tie= 0 , con_shu=5 , cha_control_id=5,item_lv=2
44098, CheckMissionGrowItem con_tie= 0 , con_shu=5 , cha_control_id=5,G_Tab.HeroEventStatistics[cha_control_id].multi_kill[2]=0
44098, CheckMissionGrowItem cha_control_id= 5 , CheckGodWeapon(1,control_id)=0 , G_Tab.HeroEventStatistics[cha_control_id].multi_kill[2]=0
44098, CheckMissionGrowItem cha_control_id= 5 , CheckGodWeapon(2,control_id)=0,G_Tab.HeroEventStatistics[cha_control_id].multi_kill[2]=0
44782, Check_Dead_Mission_SysEvent G_Tab.HeroEventStatistics[cha_control_id].multi_kill[1]= 2 , cha_control_id=5
44782, CheckMissionGrowItem con_tie= 0 , con_shu=5 , cha_control_id=5
44782, CheckMissionGrowItem con_tie= 0 , con_shu=5 , cha_control_id=5,item_lv=3
44782, CheckMissionGrowItem con_tie= 0 , con_shu=5 , cha_control_id=5,G_Tab.HeroEventStatistics[cha_control_id].multi_kill[2]=0
44782, CheckMissionGrowItem cha_control_id= 5 , CheckGodWeapon(1,control_id)=0 , G_Tab.HeroEventStatistics[cha_control_id].multi_kill[2]=0
44782, CheckMissionGrowItem cha_control_id= 5 , CheckGodWeapon(2,control_id)=0,G_Tab.HeroEventStatistics[cha_control_id].multi_kill[2]=0
44788, Check_Dead_Mission_SysEvent G_Tab.HeroEventStatistics[cha_control_id].multi_kill[1]= 1 , cha_control_id=20
44788, CheckMissionGrowItem con_tie= 0 , con_shu=5 , cha_control_id=20
44788, CheckMissionGrowItem cha_control_id= 20 , CheckGodWeapon(1,control_id)=0 , G_Tab.HeroEventStatistics[cha_control_id].multi_kill[2]=0
44788, CheckMissionGrowItem cha_control_id= 20 , CheckGodWeapon(2,control_id)=0,G_Tab.HeroEventStatistics[cha_control_id].multi_kill[2]=0
46763, Check_Dead_Mission_SysEvent G_Tab.HeroEventStatistics[cha_control_id].multi_kill[1]= 0 , cha_control_id=6
46763, CheckMissionGrowItem con_tie= 0 , con_shu=5 , cha_control_id=6
46763, CheckMissionGrowItem cha_control_id= 6 , CheckGodWeapon(1,control_id)=0 , G_Tab.HeroEventStatistics[cha_control_id].multi_kill[2]=0
46763, CheckMissionGrowItem cha_control_id= 6 , CheckGodWeapon(2,control_id)=0,G_Tab.HeroEventStatistics[cha_control_id].multi_kill[2]=0
46886, Check_Dead_Mission_SysEvent G_Tab.HeroEventStatistics[cha_control_id].multi_kill[1]= 2 , cha_control_id=7
46886, CheckMissionGrowItem con_tie= 0 , con_shu=5 , cha_control_id=7
46886, CheckMissionGrowItem cha_control_id= 7 , CheckGodWeapon(1,control_id)=0 , G_Tab.HeroEventStatistics[cha_control_id].multi_kill[2]=0
46886, CheckMissionGrowItem cha_control_id= 7 , CheckGodWeapon(2,control_id)=0,G_Tab.HeroEventStatistics[cha_control_id].multi_kill[2]=0
47041, Check_Dead_Mission_SysEvent G_Tab.HeroEventStatistics[cha_control_id].multi_kill[1]= 0 , cha_control_id=17
47041, CheckMissionGrowItem con_tie= 0 , con_shu=5 , cha_control_id=17
47041, CheckMissionGrowItem cha_control_id= 17 , CheckGodWeapon(1,control_id)=0 , G_Tab.HeroEventStatistics[cha_control_id].multi_kill[2]=0
47041, CheckMissionGrowItem cha_control_id= 17 , CheckGodWeapon(2,control_id)=0,G_Tab.HeroEventStatistics[cha_control_id].multi_kill[2]=0
47243, Check_Dead_Mission_SysEvent G_Tab.HeroEventStatistics[cha_control_id].multi_kill[1]= 1 , cha_control_id=17
47243, CheckMissionGrowItem con_tie= 0 , con_shu=5 , cha_control_id=17
47243, CheckMissionGrowItem cha_control_id= 17 , CheckGodWeapon(1,control_id)=0 , G_Tab.HeroEventStatistics[cha_control_id].multi_kill[2]=0
47243, CheckMissionGrowItem cha_control_id= 17 , CheckGodWeapon(2,control_id)=0,G_Tab.HeroEventStatistics[cha_control_id].multi_kill[2]=0
49998, Mission_GetNewItem missionstart control_id= 19 , Item_id=186 , item_lv=1
50347, Check_Dead_Mission_SysEvent G_Tab.HeroEventStatistics[cha_control_id].multi_kill[1]= 2 , cha_control_id=20
50347, CheckMissionGrowItem con_tie= 19 , con_shu=5 , cha_control_id=20
50347, CheckMissionGrowItem cha_control_id= 20 , CheckGodWeapon(1,control_id)=0 , G_Tab.HeroEventStatistics[cha_control_id].multi_kill[2]=0
50347, CheckMissionGrowItem cha_control_id= 20 , CheckGodWeapon(2,control_id)=0,G_Tab.HeroEventStatistics[cha_control_id].multi_kill[2]=0
50801, Check_Dead_Mission_SysEvent G_Tab.HeroEventStatistics[cha_control_id].multi_kill[1]= 0 , cha_control_id=15
50801, CheckMissionGrowItem con_tie= 19 , con_shu=5 , cha_control_id=15
50801, CheckMissionGrowItem cha_control_id= 15 , CheckGodWeapon(1,control_id)=0 , G_Tab.HeroEventStatistics[cha_control_id].multi_kill[2]=0
50801, CheckMissionGrowItem cha_control_id= 15 , CheckGodWeapon(2,control_id)=0,G_Tab.HeroEventStatistics[cha_control_id].multi_kill[2]=0
51222, Check_Dead_Mission_SysEvent G_Tab.HeroEventStatistics[cha_control_id].multi_kill[1]= 1 , cha_control_id=6
51222, CheckMissionGrowItem con_tie= 19 , con_shu=5 , cha_control_id=6
51222, CheckMissionGrowItem cha_control_id= 6 , CheckGodWeapon(1,control_id)=0 , G_Tab.HeroEventStatistics[cha_control_id].multi_kill[2]=0
51222, CheckMissionGrowItem cha_control_id= 6 , CheckGodWeapon(2,control_id)=0,G_Tab.HeroEventStatistics[cha_control_id].multi_kill[2]=0
52747, Check_Dead_Mission_SysEvent G_Tab.HeroEventStatistics[cha_control_id].multi_kill[1]= 0 , cha_control_id=7
52747, CheckMissionGrowItem con_tie= 19 , con_shu=5 , cha_control_id=7
52747, CheckMissionGrowItem cha_control_id= 7 , CheckGodWeapon(1,control_id)=0 , G_Tab.HeroEventStatistics[cha_control_id].multi_kill[2]=0
52747, CheckMissionGrowItem cha_control_id= 7 , CheckGodWeapon(2,control_id)=0,G_Tab.HeroEventStatistics[cha_control_id].multi_kill[2]=0
53062, Check_Dead_Mission_SysEvent G_Tab.HeroEventStatistics[cha_control_id].multi_kill[1]= 3 , cha_control_id=5
53062, CheckMissionGrowItem con_tie= 19 , con_shu=5 , cha_control_id=5
53062, CheckMissionGrowItem con_tie= 19 , con_shu=5 , cha_control_id=5,item_lv=4
53062, CheckMissionGrowItem con_tie= 19 , con_shu=5 , cha_control_id=5,G_Tab.HeroEventStatistics[cha_control_id].multi_kill[2]=1
53062, CheckMissionGrowItem cha_control_id= 5 , CheckGodWeapon(1,control_id)=0 , G_Tab.HeroEventStatistics[cha_control_id].multi_kill[2]=1
53062, CheckMissionGrowItem cha_control_id= 5 , CheckGodWeapon(2,control_id)=0,G_Tab.HeroEventStatistics[cha_control_id].multi_kill[2]=1
53290, Check_Dead_Mission_SysEvent G_Tab.HeroEventStatistics[cha_control_id].multi_kill[1]= 0 , cha_control_id=8
53290, CheckMissionGrowItem con_tie= 19 , con_shu=5 , cha_control_id=8
53290, CheckMissionGrowItem cha_control_id= 8 , CheckGodWeapon(1,control_id)=0 , G_Tab.HeroEventStatistics[cha_control_id].multi_kill[2]=0
53290, CheckMissionGrowItem cha_control_id= 8 , CheckGodWeapon(2,control_id)=0,G_Tab.HeroEventStatistics[cha_control_id].multi_kill[2]=0
55541, Check_Dead_Mission_SysEvent G_Tab.HeroEventStatistics[cha_control_id].multi_kill[1]= 3 , cha_control_id=20
55541, CheckMissionGrowItem con_tie= 19 , con_shu=5 , cha_control_id=20
55541, CheckMissionGrowItem cha_control_id= 20 , CheckGodWeapon(1,control_id)=0 , G_Tab.HeroEventStatistics[cha_control_id].multi_kill[2]=1
55541, CheckMissionGrowItem cha_control_id= 20 , CheckGodWeapon(2,control_id)=0,G_Tab.HeroEventStatistics[cha_control_id].multi_kill[2]=1
56848, Check_Dead_Mission_SysEvent G_Tab.HeroEventStatistics[cha_control_id].multi_kill[1]= 2 , cha_control_id=6
56848, CheckMissionGrowItem con_tie= 19 , con_shu=5 , cha_control_id=6
56848, CheckMissionGrowItem cha_control_id= 6 , CheckGodWeapon(1,control_id)=0 , G_Tab.HeroEventStatistics[cha_control_id].multi_kill[2]=0
56848, CheckMissionGrowItem cha_control_id= 6 , CheckGodWeapon(2,control_id)=0,G_Tab.HeroEventStatistics[cha_control_id].multi_kill[2]=0
57227, Check_Dead_Mission_SysEvent G_Tab.HeroEventStatistics[cha_control_id].multi_kill[1]= 0 , cha_control_id=14
57227, CheckMissionGrowItem con_tie= 19 , con_shu=5 , cha_control_id=14
57227, CheckMissionGrowItem cha_control_id= 14 , CheckGodWeapon(1,control_id)=0 , G_Tab.HeroEventStatistics[cha_control_id].multi_kill[2]=0
57227, CheckMissionGrowItem cha_control_id= 14 , CheckGodWeapon(2,control_id)=0,G_Tab.HeroEventStatistics[cha_control_id].multi_kill[2]=0
57702, Check_Dead_Mission_SysEvent G_Tab.HeroEventStatistics[cha_control_id].multi_kill[1]= 1 , cha_control_id=15
57702, CheckMissionGrowItem con_tie= 19 , con_shu=5 , cha_control_id=15
57702, CheckMissionGrowItem cha_control_id= 15 , CheckGodWeapon(1,control_id)=0 , G_Tab.HeroEventStatistics[cha_control_id].multi_kill[2]=0
57702, CheckMissionGrowItem cha_control_id= 15 , CheckGodWeapon(2,control_id)=0,G_Tab.HeroEventStatistics[cha_control_id].multi_kill[2]=0
57883, Check_Dead_Mission_SysEvent G_Tab.HeroEventStatistics[cha_control_id].multi_kill[1]= 4 , cha_control_id=5
57883, CheckMissionGrowItem con_tie= 19 , con_shu=5 , cha_control_id=5
57883, CheckMissionGrowItem con_tie= 19 , con_shu=5 , cha_control_id=5,item_lv=5
57883, CheckMissionGrowItem con_tie= 19 , con_shu=5 , cha_control_id=5,G_Tab.HeroEventStatistics[cha_control_id].multi_kill[2]=2
57883, CheckMissionGrowItem cha_control_id= 5 , CheckGodWeapon(1,control_id)=0 , G_Tab.HeroEventStatistics[cha_control_id].multi_kill[2]=2
57883, CheckMissionGrowItem cha_control_id= 5 , CheckGodWeapon(2,control_id)=0,G_Tab.HeroEventStatistics[cha_control_id].multi_kill[2]=2
59066, Check_Dead_Mission_SysEvent G_Tab.HeroEventStatistics[cha_control_id].multi_kill[1]= 0 , cha_control_id=7
59066, CheckMissionGrowItem con_tie= 19 , con_shu=5 , cha_control_id=7
59066, CheckMissionGrowItem cha_control_id= 7 , CheckGodWeapon(1,control_id)=0 , G_Tab.HeroEventStatistics[cha_control_id].multi_kill[2]=0
59066, CheckMissionGrowItem cha_control_id= 7 , CheckGodWeapon(2,control_id)=0,G_Tab.HeroEventStatistics[cha_control_id].multi_kill[2]=0
59207, Check_Dead_Mission_SysEvent G_Tab.HeroEventStatistics[cha_control_id].multi_kill[1]= 1 , cha_control_id=14
59207, CheckMissionGrowItem con_tie= 19 , con_shu=5 , cha_control_id=14
59207, CheckMissionGrowItem cha_control_id= 14 , CheckGodWeapon(1,control_id)=0 , G_Tab.HeroEventStatistics[cha_control_id].multi_kill[2]=0
59207, CheckMissionGrowItem cha_control_id= 14 , CheckGodWeapon(2,control_id)=0,G_Tab.HeroEventStatistics[cha_control_id].multi_kill[2]=0
60187, Check_Dead_Mission_SysEvent G_Tab.HeroEventStatistics[cha_control_id].multi_kill[1]= 0 , cha_control_id=8
60187, CheckMissionGrowItem con_tie= 19 , con_shu=5 , cha_control_id=8
60187, CheckMissionGrowItem cha_control_id= 8 , CheckGodWeapon(1,control_id)=0 , G_Tab.HeroEventStatistics[cha_control_id].multi_kill[2]=0
60187, CheckMissionGrowItem cha_control_id= 8 , CheckGodWeapon(2,control_id)=0,G_Tab.HeroEventStatistics[cha_control_id].multi_kill[2]=0
60820, Check_Dead_Mission_SysEvent G_Tab.HeroEventStatistics[cha_control_id].multi_kill[1]= 4 , cha_control_id=20
60820, CheckMissionGrowItem con_tie= 19 , con_shu=5 , cha_control_id=20
60820, CheckMissionGrowItem cha_control_id= 20 , CheckGodWeapon(1,control_id)=0 , G_Tab.HeroEventStatistics[cha_control_id].multi_kill[2]=2
60820, CheckMissionGrowItem cha_control_id= 20 , CheckGodWeapon(2,control_id)=0,G_Tab.HeroEventStatistics[cha_control_id].multi_kill[2]=2
60821, Check_Dead_Mission_SysEvent G_Tab.HeroEventStatistics[cha_control_id].multi_kill[1]= 0 , cha_control_id=16
60821, CheckMissionGrowItem con_tie= 19 , con_shu=5 , cha_control_id=16
60821, CheckMissionGrowItem cha_control_id= 16 , CheckGodWeapon(1,control_id)=0 , G_Tab.HeroEventStatistics[cha_control_id].multi_kill[2]=0
60821, CheckMissionGrowItem cha_control_id= 16 , CheckGodWeapon(2,control_id)=0,G_Tab.HeroEventStatistics[cha_control_id].multi_kill[2]=0
60900, Check_Dead_Mission_SysEvent G_Tab.HeroEventStatistics[cha_control_id].multi_kill[1]= 3 , cha_control_id=6
60900, CheckMissionGrowItem con_tie= 19 , con_shu=5 , cha_control_id=6
60900, CheckMissionGrowItem cha_control_id= 6 , CheckGodWeapon(1,control_id)=0 , G_Tab.HeroEventStatistics[cha_control_id].multi_kill[2]=1
60900, CheckMissionGrowItem cha_control_id= 6 , CheckGodWeapon(2,control_id)=0,G_Tab.HeroEventStatistics[cha_control_id].multi_kill[2]=1
61420, Check_Dead_Mission_SysEvent G_Tab.HeroEventStatistics[cha_control_id].multi_kill[1]= 0 , cha_control_id=7
61420, CheckMissionGrowItem con_tie= 19 , con_shu=5 , cha_control_id=7
61420, CheckMissionGrowItem cha_control_id= 7 , CheckGodWeapon(1,control_id)=0 , G_Tab.HeroEventStatistics[cha_control_id].multi_kill[2]=0
61420, CheckMissionGrowItem cha_control_id= 7 , CheckGodWeapon(2,control_id)=0,G_Tab.HeroEventStatistics[cha_control_id].multi_kill[2]=0
63297, Check_Dead_Mission_SysEvent G_Tab.HeroEventStatistics[cha_control_id].multi_kill[1]= 5 , cha_control_id=5
63297, CheckMissionGrowItem con_tie= 19 , con_shu=5 , cha_control_id=5
63297, CheckMissionGrowItem con_tie= 19 , con_shu=5 , cha_control_id=5,item_lv=6
63297, CheckMissionGrowItem con_tie= 19 , con_shu=5 , cha_control_id=5,G_Tab.HeroEventStatistics[cha_control_id].multi_kill[2]=3
63297, CheckMissionGrowItem cha_control_id= 5 , CheckGodWeapon(1,control_id)=0 , G_Tab.HeroEventStatistics[cha_control_id].multi_kill[2]=3
63297, CheckMissionGrowItem cha_control_id= 5 , CheckGodWeapon(2,control_id)=0,G_Tab.HeroEventStatistics[cha_control_id].multi_kill[2]=3
63675, Check_Dead_Mission_SysEvent G_Tab.HeroEventStatistics[cha_control_id].multi_kill[1]= 4 , cha_control_id=6
63675, CheckMissionGrowItem con_tie= 19 , con_shu=5 , cha_control_id=6
63675, CheckMissionGrowItem cha_control_id= 6 , CheckGodWeapon(1,control_id)=0 , G_Tab.HeroEventStatistics[cha_control_id].multi_kill[2]=2
63675, CheckMissionGrowItem cha_control_id= 6 , CheckGodWeapon(2,control_id)=0,G_Tab.HeroEventStatistics[cha_control_id].multi_kill[2]=2
64092, Check_Dead_Mission_SysEvent G_Tab.HeroEventStatistics[cha_control_id].multi_kill[1]= 0 , cha_control_id=17
64092, CheckMissionGrowItem con_tie= 19 , con_shu=5 , cha_control_id=17
64092, CheckMissionGrowItem cha_control_id= 17 , CheckGodWeapon(1,control_id)=0 , G_Tab.HeroEventStatistics[cha_control_id].multi_kill[2]=0
64092, CheckMissionGrowItem cha_control_id= 17 , CheckGodWeapon(2,control_id)=0,G_Tab.HeroEventStatistics[cha_control_id].multi_kill[2]=0
64155, Check_Dead_Mission_SysEvent G_Tab.HeroEventStatistics[cha_control_id].multi_kill[1]= 0 , cha_control_id=11
64155, CheckMissionGrowItem con_tie= 19 , con_shu=5 , cha_control_id=11
64155, CheckMissionGrowItem cha_control_id= 11 , CheckGodWeapon(1,control_id)=0 , G_Tab.HeroEventStatistics[cha_control_id].multi_kill[2]=0
64155, CheckMissionGrowItem cha_control_id= 11 , CheckGodWeapon(2,control_id)=0,G_Tab.HeroEventStatistics[cha_control_id].multi_kill[2]=0
64180, Check_Dead_Mission_SysEvent G_Tab.HeroEventStatistics[cha_control_id].multi_kill[1]= 1 , cha_control_id=17
64180, CheckMissionGrowItem con_tie= 19 , con_shu=5 , cha_control_id=17
64180, CheckMissionGrowItem cha_control_id= 17 , CheckGodWeapon(1,control_id)=0 , G_Tab.HeroEventStatistics[cha_control_id].multi_kill[2]=0
64180, CheckMissionGrowItem cha_control_id= 17 , CheckGodWeapon(2,control_id)=0,G_Tab.HeroEventStatistics[cha_control_id].multi_kill[2]=0
64201, Check_Dead_Mission_SysEvent G_Tab.HeroEventStatistics[cha_control_id].multi_kill[1]= 0 , cha_control_id=8
64201, CheckMissionGrowItem con_tie= 19 , con_shu=5 , cha_control_id=8
64201, CheckMissionGrowItem cha_control_id= 8 , CheckGodWeapon(1,control_id)=0 , G_Tab.HeroEventStatistics[cha_control_id].multi_kill[2]=0
64201, CheckMissionGrowItem cha_control_id= 8 , CheckGodWeapon(2,control_id)=0,G_Tab.HeroEventStatistics[cha_control_id].multi_kill[2]=0
64444, Check_Dead_Mission_SysEvent G_Tab.HeroEventStatistics[cha_control_id].multi_kill[1]= 0 , cha_control_id=16
64444, CheckMissionGrowItem con_tie= 19 , con_shu=5 , cha_control_id=16
64444, CheckMissionGrowItem cha_control_id= 16 , CheckGodWeapon(1,control_id)=0 , G_Tab.HeroEventStatistics[cha_control_id].multi_kill[2]=0
64444, CheckMissionGrowItem cha_control_id= 16 , CheckGodWeapon(2,control_id)=0,G_Tab.HeroEventStatistics[cha_control_id].multi_kill[2]=0
68674, Check_Dead_Mission_SysEvent G_Tab.HeroEventStatistics[cha_control_id].multi_kill[1]= 0 , cha_control_id=20
68674, CheckMissionGrowItem con_tie= 19 , con_shu=5 , cha_control_id=20
68674, CheckMissionGrowItem cha_control_id= 20 , CheckGodWeapon(1,control_id)=0 , G_Tab.HeroEventStatistics[cha_control_id].multi_kill[2]=0
68674, CheckMissionGrowItem cha_control_id= 20 , CheckGodWeapon(2,control_id)=0,G_Tab.HeroEventStatistics[cha_control_id].multi_kill[2]=0
68768, Check_Dead_Mission_SysEvent G_Tab.HeroEventStatistics[cha_control_id].multi_kill[1]= 0 , cha_control_id=7
68768, CheckMissionGrowItem con_tie= 19 , con_shu=5 , cha_control_id=7
68768, CheckMissionGrowItem cha_control_id= 7 , CheckGodWeapon(1,control_id)=0 , G_Tab.HeroEventStatistics[cha_control_id].multi_kill[2]=0
68768, CheckMissionGrowItem cha_control_id= 7 , CheckGodWeapon(2,control_id)=0,G_Tab.HeroEventStatistics[cha_control_id].multi_kill[2]=0
68966, Mission_GetNewItem missionstart control_id= 7 , Item_id=186 , item_lv=1
69771, Check_Dead_Mission_SysEvent G_Tab.HeroEventStatistics[cha_control_id].multi_kill[1]= 0 , cha_control_id=6
69771, CheckMissionGrowItem con_tie= 7 , con_shu=5 , cha_control_id=6
69771, CheckMissionGrowItem cha_control_id= 6 , CheckGodWeapon(1,control_id)=0 , G_Tab.HeroEventStatistics[cha_control_id].multi_kill[2]=0
69771, CheckMissionGrowItem cha_control_id= 6 , CheckGodWeapon(2,control_id)=0,G_Tab.HeroEventStatistics[cha_control_id].multi_kill[2]=0
69802, Check_Dead_Mission_SysEvent G_Tab.HeroEventStatistics[cha_control_id].multi_kill[1]= 0 , cha_control_id=11
69802, CheckMissionGrowItem con_tie= 7 , con_shu=5 , cha_control_id=11
69802, CheckMissionGrowItem cha_control_id= 11 , CheckGodWeapon(1,control_id)=0 , G_Tab.HeroEventStatistics[cha_control_id].multi_kill[2]=0
69802, CheckMissionGrowItem cha_control_id= 11 , CheckGodWeapon(2,control_id)=0,G_Tab.HeroEventStatistics[cha_control_id].multi_kill[2]=0
70266, Check_Dead_Mission_SysEvent G_Tab.HeroEventStatistics[cha_control_id].multi_kill[1]= 0 , cha_control_id=14
70266, CheckMissionGrowItem con_tie= 7 , con_shu=5 , cha_control_id=14
70266, CheckMissionGrowItem cha_control_id= 14 , CheckGodWeapon(1,control_id)=0 , G_Tab.HeroEventStatistics[cha_control_id].multi_kill[2]=0
70266, CheckMissionGrowItem cha_control_id= 14 , CheckGodWeapon(2,control_id)=0,G_Tab.HeroEventStatistics[cha_control_id].multi_kill[2]=0
71183, Check_Dead_Mission_SysEvent G_Tab.HeroEventStatistics[cha_control_id].multi_kill[1]= 6 , cha_control_id=5
71183, CheckMissionGrowItem con_tie= 7 , con_shu=5 , cha_control_id=5
71183, CheckMissionGrowItem con_tie= 7 , con_shu=5 , cha_control_id=5,item_lv=7
71183, CheckMissionGrowItem con_tie= 7 , con_shu=5 , cha_control_id=5,G_Tab.HeroEventStatistics[cha_control_id].multi_kill[2]=4
71183, CheckMissionGrowItem cha_control_id= 5 , CheckGodWeapon(1,control_id)=0 , G_Tab.HeroEventStatistics[cha_control_id].multi_kill[2]=4
71183, CheckMissionGrowItem cha_control_id= 5 , CheckGodWeapon(2,control_id)=0,G_Tab.HeroEventStatistics[cha_control_id].multi_kill[2]=4
71308, Check_Dead_Mission_SysEvent G_Tab.HeroEventStatistics[cha_control_id].multi_kill[1]= 1 , cha_control_id=16
71308, CheckMissionGrowItem con_tie= 7 , con_shu=5 , cha_control_id=16
71308, CheckMissionGrowItem cha_control_id= 16 , CheckGodWeapon(1,control_id)=0 , G_Tab.HeroEventStatistics[cha_control_id].multi_kill[2]=0
71308, CheckMissionGrowItem cha_control_id= 16 , CheckGodWeapon(2,control_id)=0,G_Tab.HeroEventStatistics[cha_control_id].multi_kill[2]=0
71761, Check_Dead_Mission_SysEvent G_Tab.HeroEventStatistics[cha_control_id].multi_kill[1]= 0 , cha_control_id=15
71761, CheckMissionGrowItem con_tie= 7 , con_shu=5 , cha_control_id=15
71761, CheckMissionGrowItem cha_control_id= 15 , CheckGodWeapon(1,control_id)=0 , G_Tab.HeroEventStatistics[cha_control_id].multi_kill[2]=0
71761, CheckMissionGrowItem cha_control_id= 15 , CheckGodWeapon(2,control_id)=0,G_Tab.HeroEventStatistics[cha_control_id].multi_kill[2]=0
71777, Mission_GetNewItem missionstart control_id= 15 , Item_id=186 , item_lv=1
72785, Check_Dead_Mission_SysEvent G_Tab.HeroEventStatistics[cha_control_id].multi_kill[1]= 1 , cha_control_id=11
72785, CheckMissionGrowItem con_tie= 15 , con_shu=5 , cha_control_id=11
72785, CheckMissionGrowItem cha_control_id= 11 , CheckGodWeapon(1,control_id)=0 , G_Tab.HeroEventStatistics[cha_control_id].multi_kill[2]=0
72785, CheckMissionGrowItem cha_control_id= 11 , CheckGodWeapon(2,control_id)=0,G_Tab.HeroEventStatistics[cha_control_id].multi_kill[2]=0
72997, Check_Dead_Mission_SysEvent G_Tab.HeroEventStatistics[cha_control_id].multi_kill[1]= 0 , cha_control_id=6
72997, CheckMissionGrowItem con_tie= 15 , con_shu=5 , cha_control_id=6
72997, CheckMissionGrowItem cha_control_id= 6 , CheckGodWeapon(1,control_id)=0 , G_Tab.HeroEventStatistics[cha_control_id].multi_kill[2]=0
72997, CheckMissionGrowItem cha_control_id= 6 , CheckGodWeapon(2,control_id)=0,G_Tab.HeroEventStatistics[cha_control_id].multi_kill[2]=0
73280, Check_Dead_Mission_SysEvent G_Tab.HeroEventStatistics[cha_control_id].multi_kill[1]= 1 , cha_control_id=6
73280, CheckMissionGrowItem con_tie= 15 , con_shu=5 , cha_control_id=6
73280, CheckMissionGrowItem cha_control_id= 6 , CheckGodWeapon(1,control_id)=0 , G_Tab.HeroEventStatistics[cha_control_id].multi_kill[2]=0
73280, CheckMissionGrowItem cha_control_id= 6 , CheckGodWeapon(2,control_id)=0,G_Tab.HeroEventStatistics[cha_control_id].multi_kill[2]=0
73436, Check_Dead_Mission_SysEvent G_Tab.HeroEventStatistics[cha_control_id].multi_kill[1]= 2 , cha_control_id=6
73436, CheckMissionGrowItem con_tie= 15 , con_shu=5 , cha_control_id=6
73436, CheckMissionGrowItem cha_control_id= 6 , CheckGodWeapon(1,control_id)=0 , G_Tab.HeroEventStatistics[cha_control_id].multi_kill[2]=0
73436, CheckMissionGrowItem cha_control_id= 6 , CheckGodWeapon(2,control_id)=0,G_Tab.HeroEventStatistics[cha_control_id].multi_kill[2]=0
73592, Check_Dead_Mission_SysEvent G_Tab.HeroEventStatistics[cha_control_id].multi_kill[1]= 7 , cha_control_id=5
73592, CheckMissionGrowItem con_tie= 15 , con_shu=5 , cha_control_id=5
73592, CheckMissionGrowItem con_tie= 15 , con_shu=5 , cha_control_id=5,item_lv=7
73592, CheckMissionGrowItem con_tie= 15 , con_shu=5 , cha_control_id=5,G_Tab.HeroEventStatistics[cha_control_id].multi_kill[2]=5
73592, CheckMissionGrowItem cha_control_id= 5 , CheckGodWeapon(1,control_id)=0 , G_Tab.HeroEventStatistics[cha_control_id].multi_kill[2]=5
73592, CheckMissionGrowItem cha_control_id= 5 , CheckGodWeapon(2,control_id)=0,G_Tab.HeroEventStatistics[cha_control_id].multi_kill[2]=5
