5133, 存储数据, 玩家3,伤不起小胜,1项画质: 1	数据长度是1	数据类型为number
5133, 存储数据, 玩家3,伤不起小胜,2项滚屏速度: 17	数据长度是8	数据类型为number
5133, 存储数据, 玩家3,伤不起小胜,3项更新内容面板开关: 0	数据长度是1	数据类型为number
5133, 存储数据, 玩家3,伤不起小胜,4项游戏版本号: 1696	数据长度是16	数据类型为number
5133, 存储数据, 玩家3,伤不起小胜,5项语音: 0	数据长度是1	数据类型为number
5133, 存储数据, 玩家3,伤不起小胜,6项音响: 0	数据长度是1	数据类型为number
5133, 存储数据, 玩家3,伤不起小胜,7项麦克风: 0	数据长度是1	数据类型为number
5133, 存储数据, 玩家3,伤不起小胜,8项音响大小: 0	数据长度是8	数据类型为number
5133, 存储数据, 玩家3,伤不起小胜,9项麦克风大小: 0	数据长度是8	数据类型为number
5133, 存储数据, 玩家3,伤不起小胜,10项未知: 1	数据长度是1	数据类型为number
5133, 存储数据, 玩家3,伤不起小胜,11项光照: 100	数据长度是8	数据类型为number
5133, 存储数据, 玩家3,伤不起小胜,12项新F11面板模式: 1	数据长度是1	数据类型为number
5133, 存储数据, 玩家3,伤不起小胜,13项血条区分敌我: 1	数据长度是1	数据类型为number
5133, 存储数据, 玩家3,伤不起小胜,14项快捷键1: 41	数据长度是16	数据类型为number
5133, 存储数据, 玩家3,伤不起小胜,15项快捷键2: 43	数据长度是16	数据类型为number
5133, 存储数据, 玩家3,伤不起小胜,16项快捷键3: 61	数据长度是16	数据类型为number
5133, 存储数据, 玩家3,伤不起小胜,17项快捷键4: 42	数据长度是16	数据类型为number
5133, 存储数据, 玩家3,伤不起小胜,18项快捷键5: 56	数据长度是16	数据类型为number
5133, 存储数据, 玩家3,伤不起小胜,19项快捷键6: 53	数据长度是16	数据类型为number
5133, 存储数据, 玩家3,伤不起小胜,20项快捷键7: 541	数据长度是16	数据类型为number
5133, 存储数据, 玩家3,伤不起小胜,21项快捷键8: 542	数据长度是16	数据类型为number
5133, 存储数据, 玩家3,伤不起小胜,22项快捷键9: 543	数据长度是16	数据类型为number
5133, 存储数据, 玩家3,伤不起小胜,23项快捷键10: 64	数据长度是16	数据类型为number
5133, 存储数据, 玩家3,伤不起小胜,24项快捷键11: 545	数据长度是16	数据类型为number
5133, 存储数据, 玩家3,伤不起小胜,25项快捷键12: 546	数据长度是16	数据类型为number
5133, 存储数据, 玩家3,伤不起小胜,26项快捷键13: 44	数据长度是16	数据类型为number
5133, 存储数据, 玩家3,伤不起小胜,27项快捷键14: 0	数据长度是16	数据类型为number
5133, 存储数据, 玩家3,伤不起小胜,28项快捷键15: 549	数据长度是16	数据类型为number
5133, 存储数据, 玩家3,伤不起小胜,29项快捷键16: 573	数据长度是16	数据类型为number
5133, 存储数据, 玩家3,伤不起小胜,30项快捷键17: 555	数据长度是16	数据类型为number
5133, 存储数据, 玩家3,伤不起小胜,31项快捷键18: 568	数据长度是16	数据类型为number
5133, 存储数据, 玩家3,伤不起小胜,32项是否显示刀光: 1	数据长度是1	数据类型为number
5133, 存储数据, 玩家3,伤不起小胜,33项显示刀光编号: 13	数据长度是8	数据类型为number
5133, 存储数据, 玩家3,伤不起小胜,34项不显示翅膀: 0	数据长度是1	数据类型为number
5133, 存储数据, 玩家3,伤不起小胜,35项显示翅膀编号: 5	数据长度是8	数据类型为number
5133, 存储数据, 玩家3,伤不起小胜,36项孔明灯: 0	数据长度是8	数据类型为number
5133, 存储数据, 玩家3,伤不起小胜,37项免控表现: 0	数据长度是8	数据类型为number
5133, 存储数据, 玩家3,伤不起小胜,38项窗口锁定: 0	数据长度是8	数据类型为number
5133, 存储数据, 玩家3,伤不起小胜,39项打孔明灯: 0	数据长度是8	数据类型为number
5133, 存储数据, 玩家3,伤不起小胜,40项小地图头像: 1	数据长度是8	数据类型为number
5133, 存储数据, 玩家3,伤不起小胜,41项画笔库6: 0	数据长度是8	数据类型为number
5133, 存储数据, 玩家3,伤不起小胜,42项画笔库7: 0	数据长度是8	数据类型为number
5133, 存储数据, 玩家3,伤不起小胜,43项画笔库8: 0	数据长度是8	数据类型为number
5133, 存储数据, 玩家3,伤不起小胜,44项会员功能1: 1	数据长度是1	数据类型为number
5133, 存储数据, 玩家3,伤不起小胜,45项会员功能2: 1	数据长度是1	数据类型为number
5133, 存储数据, 玩家3,伤不起小胜,46项会员功能3: 1	数据长度是1	数据类型为number
5133, 存储数据, 玩家3,伤不起小胜,47项会员功能4: 1	数据长度是1	数据类型为number
5133, 存储数据, 玩家3,伤不起小胜,48项会员功能5: 1	数据长度是1	数据类型为number
5133, 存储数据, 玩家3,伤不起小胜,49项会员功能6: 1	数据长度是1	数据类型为number
5133, 存储数据, 玩家3,伤不起小胜,50项会员功能7: 1	数据长度是1	数据类型为number
5133, 存储数据, 玩家3,伤不起小胜,51项会员功能8: 1	数据长度是1	数据类型为number
5133, 存储数据, 玩家3,伤不起小胜,52项新商店左侧扩展面板: 1	数据长度是1	数据类型为number
5133, 存储数据, 玩家3,伤不起小胜,53项新商店上部扩展面板: 1	数据长度是1	数据类型为number
5133, 存储数据, 玩家3,伤不起小胜,54项新商店购买方式: 0	数据长度是1	数据类型为number
5133, 存储数据, 玩家3,伤不起小胜,55项新商店商店模式: 1	数据长度是1	数据类型为number
5133, 存储数据, 玩家3,伤不起小胜,56项预扣血模式: 0	数据长度是1	数据类型为number
5133, 存储数据, 玩家3,伤不起小胜,57项回城特效: 0	数据长度是8	数据类型为number
7477, 存储数据, 玩家1,瞧你软趴趴,1项画质: 1	数据长度是1	数据类型为number
7477, 存储数据, 玩家1,瞧你软趴趴,2项滚屏速度: 12	数据长度是8	数据类型为number
7477, 存储数据, 玩家1,瞧你软趴趴,3项更新内容面板开关: 1	数据长度是1	数据类型为number
7477, 存储数据, 玩家1,瞧你软趴趴,4项游戏版本号: 1696	数据长度是16	数据类型为number
7477, 存储数据, 玩家1,瞧你软趴趴,5项语音: 0	数据长度是1	数据类型为number
7477, 存储数据, 玩家1,瞧你软趴趴,6项音响: 0	数据长度是1	数据类型为number
7477, 存储数据, 玩家1,瞧你软趴趴,7项麦克风: 0	数据长度是1	数据类型为number
7477, 存储数据, 玩家1,瞧你软趴趴,8项音响大小: 0	数据长度是8	数据类型为number
7477, 存储数据, 玩家1,瞧你软趴趴,9项麦克风大小: 0	数据长度是8	数据类型为number
7477, 存储数据, 玩家1,瞧你软趴趴,10项未知: 1	数据长度是1	数据类型为number
7477, 存储数据, 玩家1,瞧你软趴趴,11项光照: 100	数据长度是8	数据类型为number
7477, 存储数据, 玩家1,瞧你软趴趴,12项新F11面板模式: 1	数据长度是1	数据类型为number
7477, 存储数据, 玩家1,瞧你软趴趴,13项血条区分敌我: 1	数据长度是1	数据类型为number
7477, 存储数据, 玩家1,瞧你软趴趴,14项快捷键1: 41	数据长度是16	数据类型为number
7477, 存储数据, 玩家1,瞧你软趴趴,15项快捷键2: 43	数据长度是16	数据类型为number
7477, 存储数据, 玩家1,瞧你软趴趴,16项快捷键3: 61	数据长度是16	数据类型为number
7477, 存储数据, 玩家1,瞧你软趴趴,17项快捷键4: 42	数据长度是16	数据类型为number
7477, 存储数据, 玩家1,瞧你软趴趴,18项快捷键5: 56	数据长度是16	数据类型为number
7477, 存储数据, 玩家1,瞧你软趴趴,19项快捷键6: 53	数据长度是16	数据类型为number
7477, 存储数据, 玩家1,瞧你软趴趴,20项快捷键7: 541	数据长度是16	数据类型为number
7477, 存储数据, 玩家1,瞧你软趴趴,21项快捷键8: 542	数据长度是16	数据类型为number
7477, 存储数据, 玩家1,瞧你软趴趴,22项快捷键9: 543	数据长度是16	数据类型为number
7477, 存储数据, 玩家1,瞧你软趴趴,23项快捷键10: 544	数据长度是16	数据类型为number
7477, 存储数据, 玩家1,瞧你软趴趴,24项快捷键11: 545	数据长度是16	数据类型为number
7477, 存储数据, 玩家1,瞧你软趴趴,25项快捷键12: 546	数据长度是16	数据类型为number
7477, 存储数据, 玩家1,瞧你软趴趴,26项快捷键13: 547	数据长度是16	数据类型为number
7477, 存储数据, 玩家1,瞧你软趴趴,27项快捷键14: 548	数据长度是16	数据类型为number
7477, 存储数据, 玩家1,瞧你软趴趴,28项快捷键15: 549	数据长度是16	数据类型为number
7477, 存储数据, 玩家1,瞧你软趴趴,29项快捷键16: 573	数据长度是16	数据类型为number
7477, 存储数据, 玩家1,瞧你软趴趴,30项快捷键17: 555	数据长度是16	数据类型为number
7477, 存储数据, 玩家1,瞧你软趴趴,31项快捷键18: 568	数据长度是16	数据类型为number
7477, 存储数据, 玩家1,瞧你软趴趴,32项是否显示刀光: 1	数据长度是1	数据类型为number
7477, 存储数据, 玩家1,瞧你软趴趴,33项显示刀光编号: 13	数据长度是8	数据类型为number
7477, 存储数据, 玩家1,瞧你软趴趴,34项不显示翅膀: 1	数据长度是1	数据类型为number
7477, 存储数据, 玩家1,瞧你软趴趴,35项显示翅膀编号: 0	数据长度是8	数据类型为number
7477, 存储数据, 玩家1,瞧你软趴趴,36项孔明灯: 0	数据长度是8	数据类型为number
7477, 存储数据, 玩家1,瞧你软趴趴,37项免控表现: 0	数据长度是8	数据类型为number
7477, 存储数据, 玩家1,瞧你软趴趴,38项窗口锁定: 0	数据长度是8	数据类型为number
7477, 存储数据, 玩家1,瞧你软趴趴,39项打孔明灯: 0	数据长度是8	数据类型为number
7477, 存储数据, 玩家1,瞧你软趴趴,40项小地图头像: 0	数据长度是8	数据类型为number
7477, 存储数据, 玩家1,瞧你软趴趴,41项画笔库6: 0	数据长度是8	数据类型为number
7477, 存储数据, 玩家1,瞧你软趴趴,42项画笔库7: 0	数据长度是8	数据类型为number
7477, 存储数据, 玩家1,瞧你软趴趴,43项画笔库8: 0	数据长度是8	数据类型为number
7477, 存储数据, 玩家1,瞧你软趴趴,44项会员功能1: 1	数据长度是1	数据类型为number
7477, 存储数据, 玩家1,瞧你软趴趴,45项会员功能2: 1	数据长度是1	数据类型为number
7477, 存储数据, 玩家1,瞧你软趴趴,46项会员功能3: 1	数据长度是1	数据类型为number
7477, 存储数据, 玩家1,瞧你软趴趴,47项会员功能4: 1	数据长度是1	数据类型为number
7477, 存储数据, 玩家1,瞧你软趴趴,48项会员功能5: 1	数据长度是1	数据类型为number
7477, 存储数据, 玩家1,瞧你软趴趴,49项会员功能6: 1	数据长度是1	数据类型为number
7477, 存储数据, 玩家1,瞧你软趴趴,50项会员功能7: 1	数据长度是1	数据类型为number
7477, 存储数据, 玩家1,瞧你软趴趴,51项会员功能8: 1	数据长度是1	数据类型为number
7477, 存储数据, 玩家1,瞧你软趴趴,52项新商店左侧扩展面板: 1	数据长度是1	数据类型为number
7477, 存储数据, 玩家1,瞧你软趴趴,53项新商店上部扩展面板: 1	数据长度是1	数据类型为number
7477, 存储数据, 玩家1,瞧你软趴趴,54项新商店购买方式: 0	数据长度是1	数据类型为number
7477, 存储数据, 玩家1,瞧你软趴趴,55项新商店商店模式: 0	数据长度是1	数据类型为number
7477, 存储数据, 玩家1,瞧你软趴趴,56项预扣血模式: 0	数据长度是1	数据类型为number
7477, 存储数据, 玩家1,瞧你软趴趴,57项回城特效: 9	数据长度是8	数据类型为number
7629, 存储数据, 玩家2,烟灭独舞,1项画质: 1	数据长度是1	数据类型为number
7629, 存储数据, 玩家2,烟灭独舞,2项滚屏速度: 11	数据长度是8	数据类型为number
7629, 存储数据, 玩家2,烟灭独舞,3项更新内容面板开关: 0	数据长度是1	数据类型为number
7629, 存储数据, 玩家2,烟灭独舞,4项游戏版本号: 1696	数据长度是16	数据类型为number
7629, 存储数据, 玩家2,烟灭独舞,5项语音: 0	数据长度是1	数据类型为number
7629, 存储数据, 玩家2,烟灭独舞,6项音响: 0	数据长度是1	数据类型为number
7629, 存储数据, 玩家2,烟灭独舞,7项麦克风: 0	数据长度是1	数据类型为number
7629, 存储数据, 玩家2,烟灭独舞,8项音响大小: 0	数据长度是8	数据类型为number
7629, 存储数据, 玩家2,烟灭独舞,9项麦克风大小: 0	数据长度是8	数据类型为number
7629, 存储数据, 玩家2,烟灭独舞,10项未知: 1	数据长度是1	数据类型为number
7629, 存储数据, 玩家2,烟灭独舞,11项光照: 99	数据长度是8	数据类型为number
7629, 存储数据, 玩家2,烟灭独舞,12项新F11面板模式: 1	数据长度是1	数据类型为number
7629, 存储数据, 玩家2,烟灭独舞,13项血条区分敌我: 1	数据长度是1	数据类型为number
7629, 存储数据, 玩家2,烟灭独舞,14项快捷键1: 41	数据长度是16	数据类型为number
7629, 存储数据, 玩家2,烟灭独舞,15项快捷键2: 43	数据长度是16	数据类型为number
7629, 存储数据, 玩家2,烟灭独舞,16项快捷键3: 61	数据长度是16	数据类型为number
7629, 存储数据, 玩家2,烟灭独舞,17项快捷键4: 42	数据长度是16	数据类型为number
7629, 存储数据, 玩家2,烟灭独舞,18项快捷键5: 0	数据长度是16	数据类型为number
7629, 存储数据, 玩家2,烟灭独舞,19项快捷键6: 53	数据长度是16	数据类型为number
7629, 存储数据, 玩家2,烟灭独舞,20项快捷键7: 541	数据长度是16	数据类型为number
7629, 存储数据, 玩家2,烟灭独舞,21项快捷键8: 542	数据长度是16	数据类型为number
7629, 存储数据, 玩家2,烟灭独舞,22项快捷键9: 543	数据长度是16	数据类型为number
7629, 存储数据, 玩家2,烟灭独舞,23项快捷键10: 544	数据长度是16	数据类型为number
7629, 存储数据, 玩家2,烟灭独舞,24项快捷键11: 545	数据长度是16	数据类型为number
7629, 存储数据, 玩家2,烟灭独舞,25项快捷键12: 546	数据长度是16	数据类型为number
7629, 存储数据, 玩家2,烟灭独舞,26项快捷键13: 547	数据长度是16	数据类型为number
7629, 存储数据, 玩家2,烟灭独舞,27项快捷键14: 548	数据长度是16	数据类型为number
7629, 存储数据, 玩家2,烟灭独舞,28项快捷键15: 549	数据长度是16	数据类型为number
7629, 存储数据, 玩家2,烟灭独舞,29项快捷键16: 573	数据长度是16	数据类型为number
7629, 存储数据, 玩家2,烟灭独舞,30项快捷键17: 0	数据长度是16	数据类型为number
7629, 存储数据, 玩家2,烟灭独舞,31项快捷键18: 568	数据长度是16	数据类型为number
7629, 存储数据, 玩家2,烟灭独舞,32项是否显示刀光: 1	数据长度是1	数据类型为number
7629, 存储数据, 玩家2,烟灭独舞,33项显示刀光编号: 12	数据长度是8	数据类型为number
7629, 存储数据, 玩家2,烟灭独舞,34项不显示翅膀: 0	数据长度是1	数据类型为number
7629, 存储数据, 玩家2,烟灭独舞,35项显示翅膀编号: 1	数据长度是8	数据类型为number
7629, 存储数据, 玩家2,烟灭独舞,36项孔明灯: 0	数据长度是8	数据类型为number
7629, 存储数据, 玩家2,烟灭独舞,37项免控表现: 0	数据长度是8	数据类型为number
7629, 存储数据, 玩家2,烟灭独舞,38项窗口锁定: 0	数据长度是8	数据类型为number
7629, 存储数据, 玩家2,烟灭独舞,39项打孔明灯: 0	数据长度是8	数据类型为number
7629, 存储数据, 玩家2,烟灭独舞,40项小地图头像: 0	数据长度是8	数据类型为number
7629, 存储数据, 玩家2,烟灭独舞,41项画笔库6: 0	数据长度是8	数据类型为number
7629, 存储数据, 玩家2,烟灭独舞,42项画笔库7: 0	数据长度是8	数据类型为number
7629, 存储数据, 玩家2,烟灭独舞,43项画笔库8: 0	数据长度是8	数据类型为number
7629, 存储数据, 玩家2,烟灭独舞,44项会员功能1: 1	数据长度是1	数据类型为number
7629, 存储数据, 玩家2,烟灭独舞,45项会员功能2: 1	数据长度是1	数据类型为number
7629, 存储数据, 玩家2,烟灭独舞,46项会员功能3: 1	数据长度是1	数据类型为number
7629, 存储数据, 玩家2,烟灭独舞,47项会员功能4: 1	数据长度是1	数据类型为number
7629, 存储数据, 玩家2,烟灭独舞,48项会员功能5: 1	数据长度是1	数据类型为number
7629, 存储数据, 玩家2,烟灭独舞,49项会员功能6: 1	数据长度是1	数据类型为number
7629, 存储数据, 玩家2,烟灭独舞,50项会员功能7: 1	数据长度是1	数据类型为number
7629, 存储数据, 玩家2,烟灭独舞,51项会员功能8: 1	数据长度是1	数据类型为number
7629, 存储数据, 玩家2,烟灭独舞,52项新商店左侧扩展面板: 1	数据长度是1	数据类型为number
7629, 存储数据, 玩家2,烟灭独舞,53项新商店上部扩展面板: 1	数据长度是1	数据类型为number
7629, 存储数据, 玩家2,烟灭独舞,54项新商店购买方式: 0	数据长度是1	数据类型为number
7629, 存储数据, 玩家2,烟灭独舞,55项新商店商店模式: 1	数据长度是1	数据类型为number
7629, 存储数据, 玩家2,烟灭独舞,56项预扣血模式: 0	数据长度是1	数据类型为number
7629, 存储数据, 玩家2,烟灭独舞,57项回城特效: 0	数据长度是8	数据类型为number
11821, 存储数据, 玩家13,黄岩啊猪,1项画质: 1	数据长度是1	数据类型为number
11821, 存储数据, 玩家13,黄岩啊猪,2项滚屏速度: 9	数据长度是8	数据类型为number
11821, 存储数据, 玩家13,黄岩啊猪,3项更新内容面板开关: 0	数据长度是1	数据类型为number
11821, 存储数据, 玩家13,黄岩啊猪,4项游戏版本号: 1696	数据长度是16	数据类型为number
11821, 存储数据, 玩家13,黄岩啊猪,5项语音: 0	数据长度是1	数据类型为number
11821, 存储数据, 玩家13,黄岩啊猪,6项音响: 0	数据长度是1	数据类型为number
11821, 存储数据, 玩家13,黄岩啊猪,7项麦克风: 0	数据长度是1	数据类型为number
11821, 存储数据, 玩家13,黄岩啊猪,8项音响大小: 0	数据长度是8	数据类型为number
11821, 存储数据, 玩家13,黄岩啊猪,9项麦克风大小: 0	数据长度是8	数据类型为number
11821, 存储数据, 玩家13,黄岩啊猪,10项未知: 1	数据长度是1	数据类型为number
11821, 存储数据, 玩家13,黄岩啊猪,11项光照: 100	数据长度是8	数据类型为number
11821, 存储数据, 玩家13,黄岩啊猪,12项新F11面板模式: 0	数据长度是1	数据类型为number
11821, 存储数据, 玩家13,黄岩啊猪,13项血条区分敌我: 0	数据长度是1	数据类型为number
11821, 存储数据, 玩家13,黄岩啊猪,14项快捷键1: 41	数据长度是16	数据类型为number
11821, 存储数据, 玩家13,黄岩啊猪,15项快捷键2: 43	数据长度是16	数据类型为number
11821, 存储数据, 玩家13,黄岩啊猪,16项快捷键3: 61	数据长度是16	数据类型为number
11821, 存储数据, 玩家13,黄岩啊猪,17项快捷键4: 42	数据长度是16	数据类型为number
11821, 存储数据, 玩家13,黄岩啊猪,18项快捷键5: 56	数据长度是16	数据类型为number
11821, 存储数据, 玩家13,黄岩啊猪,19项快捷键6: 53	数据长度是16	数据类型为number
11821, 存储数据, 玩家13,黄岩啊猪,20项快捷键7: 541	数据长度是16	数据类型为number
11821, 存储数据, 玩家13,黄岩啊猪,21项快捷键8: 542	数据长度是16	数据类型为number
11821, 存储数据, 玩家13,黄岩啊猪,22项快捷键9: 543	数据长度是16	数据类型为number
11821, 存储数据, 玩家13,黄岩啊猪,23项快捷键10: 544	数据长度是16	数据类型为number
11821, 存储数据, 玩家13,黄岩啊猪,24项快捷键11: 545	数据长度是16	数据类型为number
11821, 存储数据, 玩家13,黄岩啊猪,25项快捷键12: 546	数据长度是16	数据类型为number
11821, 存储数据, 玩家13,黄岩啊猪,26项快捷键13: 547	数据长度是16	数据类型为number
11821, 存储数据, 玩家13,黄岩啊猪,27项快捷键14: 548	数据长度是16	数据类型为number
11821, 存储数据, 玩家13,黄岩啊猪,28项快捷键15: 549	数据长度是16	数据类型为number
11821, 存储数据, 玩家13,黄岩啊猪,29项快捷键16: 573	数据长度是16	数据类型为number
11821, 存储数据, 玩家13,黄岩啊猪,30项快捷键17: 555	数据长度是16	数据类型为number
11821, 存储数据, 玩家13,黄岩啊猪,31项快捷键18: 568	数据长度是16	数据类型为number
11821, 存储数据, 玩家13,黄岩啊猪,32项是否显示刀光: 1	数据长度是1	数据类型为number
11821, 存储数据, 玩家13,黄岩啊猪,33项显示刀光编号: 1	数据长度是8	数据类型为number
11821, 存储数据, 玩家13,黄岩啊猪,34项不显示翅膀: 0	数据长度是1	数据类型为number
11821, 存储数据, 玩家13,黄岩啊猪,35项显示翅膀编号: 1	数据长度是8	数据类型为number
11821, 存储数据, 玩家13,黄岩啊猪,36项孔明灯: 0	数据长度是8	数据类型为number
11821, 存储数据, 玩家13,黄岩啊猪,37项免控表现: 0	数据长度是8	数据类型为number
11821, 存储数据, 玩家13,黄岩啊猪,38项窗口锁定: 0	数据长度是8	数据类型为number
11821, 存储数据, 玩家13,黄岩啊猪,39项打孔明灯: 0	数据长度是8	数据类型为number
11821, 存储数据, 玩家13,黄岩啊猪,40项小地图头像: 3	数据长度是8	数据类型为number
11821, 存储数据, 玩家13,黄岩啊猪,41项画笔库6: 0	数据长度是8	数据类型为number
11821, 存储数据, 玩家13,黄岩啊猪,42项画笔库7: 0	数据长度是8	数据类型为number
11821, 存储数据, 玩家13,黄岩啊猪,43项画笔库8: 0	数据长度是8	数据类型为number
11821, 存储数据, 玩家13,黄岩啊猪,44项会员功能1: 1	数据长度是1	数据类型为number
11821, 存储数据, 玩家13,黄岩啊猪,45项会员功能2: 1	数据长度是1	数据类型为number
11821, 存储数据, 玩家13,黄岩啊猪,46项会员功能3: 1	数据长度是1	数据类型为number
11821, 存储数据, 玩家13,黄岩啊猪,47项会员功能4: 1	数据长度是1	数据类型为number
11821, 存储数据, 玩家13,黄岩啊猪,48项会员功能5: 1	数据长度是1	数据类型为number
11821, 存储数据, 玩家13,黄岩啊猪,49项会员功能6: 1	数据长度是1	数据类型为number
11821, 存储数据, 玩家13,黄岩啊猪,50项会员功能7: 1	数据长度是1	数据类型为number
11821, 存储数据, 玩家13,黄岩啊猪,51项会员功能8: 1	数据长度是1	数据类型为number
11821, 存储数据, 玩家13,黄岩啊猪,52项新商店左侧扩展面板: 1	数据长度是1	数据类型为number
11821, 存储数据, 玩家13,黄岩啊猪,53项新商店上部扩展面板: 1	数据长度是1	数据类型为number
11821, 存储数据, 玩家13,黄岩啊猪,54项新商店购买方式: 0	数据长度是1	数据类型为number
11821, 存储数据, 玩家13,黄岩啊猪,55项新商店商店模式: 1	数据长度是1	数据类型为number
11821, 存储数据, 玩家13,黄岩啊猪,56项预扣血模式: 0	数据长度是1	数据类型为number
11821, 存储数据, 玩家13,黄岩啊猪,57项回城特效: 0	数据长度是8	数据类型为number
17345, 存储数据, 玩家9,就叫李狗蛋,1项画质: 1	数据长度是1	数据类型为number
17345, 存储数据, 玩家9,就叫李狗蛋,2项滚屏速度: 11	数据长度是8	数据类型为number
17345, 存储数据, 玩家9,就叫李狗蛋,3项更新内容面板开关: 0	数据长度是1	数据类型为number
17345, 存储数据, 玩家9,就叫李狗蛋,4项游戏版本号: 1696	数据长度是16	数据类型为number
17345, 存储数据, 玩家9,就叫李狗蛋,5项语音: 0	数据长度是1	数据类型为number
17345, 存储数据, 玩家9,就叫李狗蛋,6项音响: 0	数据长度是1	数据类型为number
17345, 存储数据, 玩家9,就叫李狗蛋,7项麦克风: 0	数据长度是1	数据类型为number
17345, 存储数据, 玩家9,就叫李狗蛋,8项音响大小: 0	数据长度是8	数据类型为number
17345, 存储数据, 玩家9,就叫李狗蛋,9项麦克风大小: 0	数据长度是8	数据类型为number
17345, 存储数据, 玩家9,就叫李狗蛋,10项未知: 1	数据长度是1	数据类型为number
17345, 存储数据, 玩家9,就叫李狗蛋,11项光照: 56	数据长度是8	数据类型为number
17345, 存储数据, 玩家9,就叫李狗蛋,12项新F11面板模式: 1	数据长度是1	数据类型为number
17345, 存储数据, 玩家9,就叫李狗蛋,13项血条区分敌我: 1	数据长度是1	数据类型为number
17345, 存储数据, 玩家9,就叫李狗蛋,14项快捷键1: 41	数据长度是16	数据类型为number
17345, 存储数据, 玩家9,就叫李狗蛋,15项快捷键2: 43	数据长度是16	数据类型为number
17345, 存储数据, 玩家9,就叫李狗蛋,16项快捷键3: 61	数据长度是16	数据类型为number
17345, 存储数据, 玩家9,就叫李狗蛋,17项快捷键4: 42	数据长度是16	数据类型为number
17345, 存储数据, 玩家9,就叫李狗蛋,18项快捷键5: 56	数据长度是16	数据类型为number
17345, 存储数据, 玩家9,就叫李狗蛋,19项快捷键6: 53	数据长度是16	数据类型为number
17345, 存储数据, 玩家9,就叫李狗蛋,20项快捷键7: 541	数据长度是16	数据类型为number
17345, 存储数据, 玩家9,就叫李狗蛋,21项快捷键8: 542	数据长度是16	数据类型为number
17345, 存储数据, 玩家9,就叫李狗蛋,22项快捷键9: 543	数据长度是16	数据类型为number
17345, 存储数据, 玩家9,就叫李狗蛋,23项快捷键10: 544	数据长度是16	数据类型为number
17345, 存储数据, 玩家9,就叫李狗蛋,24项快捷键11: 545	数据长度是16	数据类型为number
17345, 存储数据, 玩家9,就叫李狗蛋,25项快捷键12: 546	数据长度是16	数据类型为number
17345, 存储数据, 玩家9,就叫李狗蛋,26项快捷键13: 64	数据长度是16	数据类型为number
17345, 存储数据, 玩家9,就叫李狗蛋,27项快捷键14: 548	数据长度是16	数据类型为number
17345, 存储数据, 玩家9,就叫李狗蛋,28项快捷键15: 549	数据长度是16	数据类型为number
17345, 存储数据, 玩家9,就叫李狗蛋,29项快捷键16: 573	数据长度是16	数据类型为number
17345, 存储数据, 玩家9,就叫李狗蛋,30项快捷键17: 555	数据长度是16	数据类型为number
17345, 存储数据, 玩家9,就叫李狗蛋,31项快捷键18: 568	数据长度是16	数据类型为number
17345, 存储数据, 玩家9,就叫李狗蛋,32项是否显示刀光: 1	数据长度是1	数据类型为number
17345, 存储数据, 玩家9,就叫李狗蛋,33项显示刀光编号: 16	数据长度是8	数据类型为number
17345, 存储数据, 玩家9,就叫李狗蛋,34项不显示翅膀: 0	数据长度是1	数据类型为number
17345, 存储数据, 玩家9,就叫李狗蛋,35项显示翅膀编号: 4	数据长度是8	数据类型为number
17345, 存储数据, 玩家9,就叫李狗蛋,36项孔明灯: 0	数据长度是8	数据类型为number
17345, 存储数据, 玩家9,就叫李狗蛋,37项免控表现: 0	数据长度是8	数据类型为number
17345, 存储数据, 玩家9,就叫李狗蛋,38项窗口锁定: 0	数据长度是8	数据类型为number
17345, 存储数据, 玩家9,就叫李狗蛋,39项打孔明灯: 0	数据长度是8	数据类型为number
17345, 存储数据, 玩家9,就叫李狗蛋,40项小地图头像: 0	数据长度是8	数据类型为number
17345, 存储数据, 玩家9,就叫李狗蛋,41项画笔库6: 0	数据长度是8	数据类型为number
17345, 存储数据, 玩家9,就叫李狗蛋,42项画笔库7: 0	数据长度是8	数据类型为number
17345, 存储数据, 玩家9,就叫李狗蛋,43项画笔库8: 0	数据长度是8	数据类型为number
17345, 存储数据, 玩家9,就叫李狗蛋,44项会员功能1: 0	数据长度是1	数据类型为number
17345, 存储数据, 玩家9,就叫李狗蛋,45项会员功能2: 1	数据长度是1	数据类型为number
17345, 存储数据, 玩家9,就叫李狗蛋,46项会员功能3: 1	数据长度是1	数据类型为number
17345, 存储数据, 玩家9,就叫李狗蛋,47项会员功能4: 1	数据长度是1	数据类型为number
17345, 存储数据, 玩家9,就叫李狗蛋,48项会员功能5: 1	数据长度是1	数据类型为number
17345, 存储数据, 玩家9,就叫李狗蛋,49项会员功能6: 1	数据长度是1	数据类型为number
17345, 存储数据, 玩家9,就叫李狗蛋,50项会员功能7: 1	数据长度是1	数据类型为number
17345, 存储数据, 玩家9,就叫李狗蛋,51项会员功能8: 1	数据长度是1	数据类型为number
17345, 存储数据, 玩家9,就叫李狗蛋,52项新商店左侧扩展面板: 1	数据长度是1	数据类型为number
17345, 存储数据, 玩家9,就叫李狗蛋,53项新商店上部扩展面板: 1	数据长度是1	数据类型为number
17345, 存储数据, 玩家9,就叫李狗蛋,54项新商店购买方式: 0	数据长度是1	数据类型为number
17345, 存储数据, 玩家9,就叫李狗蛋,55项新商店商店模式: 1	数据长度是1	数据类型为number
17345, 存储数据, 玩家9,就叫李狗蛋,56项预扣血模式: 0	数据长度是1	数据类型为number
17345, 存储数据, 玩家9,就叫李狗蛋,57项回城特效: 11	数据长度是8	数据类型为number
30653, 存储数据, 玩家4,shi512184043,1项画质: 1	数据长度是1	数据类型为number
30653, 存储数据, 玩家4,shi512184043,2项滚屏速度: 21	数据长度是8	数据类型为number
30653, 存储数据, 玩家4,shi512184043,3项更新内容面板开关: 0	数据长度是1	数据类型为number
30653, 存储数据, 玩家4,shi512184043,4项游戏版本号: 1696	数据长度是16	数据类型为number
30653, 存储数据, 玩家4,shi512184043,5项语音: 1	数据长度是1	数据类型为number
30653, 存储数据, 玩家4,shi512184043,6项音响: 0	数据长度是1	数据类型为number
30653, 存储数据, 玩家4,shi512184043,7项麦克风: 1	数据长度是1	数据类型为number
30653, 存储数据, 玩家4,shi512184043,8项音响大小: 0	数据长度是8	数据类型为number
30653, 存储数据, 玩家4,shi512184043,9项麦克风大小: 0	数据长度是8	数据类型为number
30653, 存储数据, 玩家4,shi512184043,10项未知: 1	数据长度是1	数据类型为number
30653, 存储数据, 玩家4,shi512184043,11项光照: 99	数据长度是8	数据类型为number
30653, 存储数据, 玩家4,shi512184043,12项新F11面板模式: 1	数据长度是1	数据类型为number
30653, 存储数据, 玩家4,shi512184043,13项血条区分敌我: 1	数据长度是1	数据类型为number
30653, 存储数据, 玩家4,shi512184043,14项快捷键1: 41	数据长度是16	数据类型为number
30653, 存储数据, 玩家4,shi512184043,15项快捷键2: 43	数据长度是16	数据类型为number
30653, 存储数据, 玩家4,shi512184043,16项快捷键3: 61	数据长度是16	数据类型为number
30653, 存储数据, 玩家4,shi512184043,17项快捷键4: 42	数据长度是16	数据类型为number
30653, 存储数据, 玩家4,shi512184043,18项快捷键5: 56	数据长度是16	数据类型为number
30653, 存储数据, 玩家4,shi512184043,19项快捷键6: 53	数据长度是16	数据类型为number
30653, 存储数据, 玩家4,shi512184043,20项快捷键7: 44	数据长度是16	数据类型为number
30653, 存储数据, 玩家4,shi512184043,21项快捷键8: 45	数据长度是16	数据类型为number
30653, 存储数据, 玩家4,shi512184043,22项快捷键9: 543	数据长度是16	数据类型为number
30653, 存储数据, 玩家4,shi512184043,23项快捷键10: 544	数据长度是16	数据类型为number
30653, 存储数据, 玩家4,shi512184043,24项快捷键11: 545	数据长度是16	数据类型为number
30653, 存储数据, 玩家4,shi512184043,25项快捷键12: 546	数据长度是16	数据类型为number
30653, 存储数据, 玩家4,shi512184043,26项快捷键13: 547	数据长度是16	数据类型为number
30653, 存储数据, 玩家4,shi512184043,27项快捷键14: 548	数据长度是16	数据类型为number
30653, 存储数据, 玩家4,shi512184043,28项快捷键15: 549	数据长度是16	数据类型为number
30653, 存储数据, 玩家4,shi512184043,29项快捷键16: 0	数据长度是16	数据类型为number
30653, 存储数据, 玩家4,shi512184043,30项快捷键17: 0	数据长度是16	数据类型为number
30653, 存储数据, 玩家4,shi512184043,31项快捷键18: 568	数据长度是16	数据类型为number
30653, 存储数据, 玩家4,shi512184043,32项是否显示刀光: 1	数据长度是1	数据类型为number
30653, 存储数据, 玩家4,shi512184043,33项显示刀光编号: 11	数据长度是8	数据类型为number
30653, 存储数据, 玩家4,shi512184043,34项不显示翅膀: 0	数据长度是1	数据类型为number
30653, 存储数据, 玩家4,shi512184043,35项显示翅膀编号: 3	数据长度是8	数据类型为number
30653, 存储数据, 玩家4,shi512184043,36项孔明灯: 0	数据长度是8	数据类型为number
30653, 存储数据, 玩家4,shi512184043,37项免控表现: 0	数据长度是8	数据类型为number
30653, 存储数据, 玩家4,shi512184043,38项窗口锁定: 0	数据长度是8	数据类型为number
30653, 存储数据, 玩家4,shi512184043,39项打孔明灯: 0	数据长度是8	数据类型为number
30653, 存储数据, 玩家4,shi512184043,40项小地图头像: 0	数据长度是8	数据类型为number
30653, 存储数据, 玩家4,shi512184043,41项画笔库6: 0	数据长度是8	数据类型为number
30653, 存储数据, 玩家4,shi512184043,42项画笔库7: 0	数据长度是8	数据类型为number
30653, 存储数据, 玩家4,shi512184043,43项画笔库8: 0	数据长度是8	数据类型为number
30653, 存储数据, 玩家4,shi512184043,44项会员功能1: 1	数据长度是1	数据类型为number
30653, 存储数据, 玩家4,shi512184043,45项会员功能2: 1	数据长度是1	数据类型为number
30653, 存储数据, 玩家4,shi512184043,46项会员功能3: 1	数据长度是1	数据类型为number
30653, 存储数据, 玩家4,shi512184043,47项会员功能4: 1	数据长度是1	数据类型为number
30653, 存储数据, 玩家4,shi512184043,48项会员功能5: 1	数据长度是1	数据类型为number
30653, 存储数据, 玩家4,shi512184043,49项会员功能6: 1	数据长度是1	数据类型为number
30653, 存储数据, 玩家4,shi512184043,50项会员功能7: 1	数据长度是1	数据类型为number
30653, 存储数据, 玩家4,shi512184043,51项会员功能8: 1	数据长度是1	数据类型为number
30653, 存储数据, 玩家4,shi512184043,52项新商店左侧扩展面板: 1	数据长度是1	数据类型为number
30653, 存储数据, 玩家4,shi512184043,53项新商店上部扩展面板: 1	数据长度是1	数据类型为number
30653, 存储数据, 玩家4,shi512184043,54项新商店购买方式: 0	数据长度是1	数据类型为number
30653, 存储数据, 玩家4,shi512184043,55项新商店商店模式: 1	数据长度是1	数据类型为number
30653, 存储数据, 玩家4,shi512184043,56项预扣血模式: 0	数据长度是1	数据类型为number
30653, 存储数据, 玩家4,shi512184043,57项回城特效: 0	数据长度是8	数据类型为number
