0, 长度:952
0, 53193848 武勋buff:0
0, 53194018 武勋buff:0
0, 11939801 武勋buff:0
0, 55953310 武勋buff:0
0, 98148572 武勋buff:0
0, 34101671 武勋buff:0
0, 102912868 武勋buff:0
0, 124128799 武勋buff:0
0, 124508097 武勋buff:0
0, 49912643 武勋buff:0
0, 119253435 武勋buff:0
0, 72609799 武勋buff:0
0, 104302787 武勋buff:0
0, 72006406 武勋buff:0
0, 97268727 武勋buff:0
0, 73339882 武勋buff:0
0, 109175625 武勋buff:0
0, 44966425 武勋buff:0
0, 122725791 武勋buff:0
0, 100154321 武勋buff:0
0, pos:22 value:0
0, 新人pos:22 value:0
0, pos:21 value:0
0, 新人pos:21 value:0
0, pos:10 value:0
0, 新人pos:10 value:0
0, pos:9 value:0
0, 新人pos:9 value:0
0, pos:8 value:0
0, 新人pos:8 value:0
0, pos:7 value:0
0, 新人pos:7 value:0
0, pos:6 value:0
0, 新人pos:6 value:0
0, pos:5 value:0
0, 新人pos:5 value:0
0, pos:4 value:0
0, 新人pos:4 value:0
0, pos:3 value:0
0, 新人pos:3 value:0
0, pos:2 value:0
0, 新人pos:2 value:0
0, pos:1 value:0
0, 新人pos:1 value:0
0, pos:20 value:0
0, 新人pos:20 value:0
0, pos:19 value:0
0, 新人pos:19 value:0
0, pos:18 value:0
0, 新人pos:18 value:0
0, pos:17 value:0
0, 新人pos:17 value:0
0, pos:16 value:0
0, 新人pos:16 value:0
0, pos:15 value:0
0, 新人pos:15 value:0
0, pos:14 value:0
0, 新人pos:14 value:0
0, pos:13 value:0
0, 新人pos:13 value:0
0, pos:12 value:0
0, 新人pos:12 value:0
0, pos:11 value:0
0, 新人pos:11 value:0
705, 玩家:16 总类:1000 选择:3003 实际:3003
729, 玩家:17 总类:1000 选择:1002 实际:1002
777, 玩家:5 总类:1000 选择:2001 实际:2001
781, 玩家:15 总类:1000 选择:1001 实际:1001
897, 玩家:14 总类:1000 选择:2001 实际:2001
1045, 玩家:1 总类:1000 选择:1001 实际:1001
1165, 玩家:11 总类:1000 选择:3001 实际:3001
1573, 玩家:19 总类:1000 选择:1002 实际:1002
1593, 玩家:6 总类:1000 选择:3001 实际:3001
1729, 玩家:4 总类:1000 选择:2001 实际:2001
1749, 玩家:3 总类:1000 选择:1001 实际:1001
2861, 玩家:2 总类:1000 选择:2001 实际:2001
3205, 玩家:10 总类:1000 选择:3001 实际:3001
3333, 玩家:18 总类:1000 选择:4001 实际:4001
3757, 玩家:8 总类:1000 选择:1001 实际:1001
4389, 玩家:7 总类:1000 选择:2001 实际:2001
4401, 玩家:9 总类:1000 选择:3002 实际:3002
4473, 玩家:12 总类:1000 选择:2001 实际:2001
5621, 玩家:20 总类:1000 选择:2001 实际:2001
28697, pos:13 value:0
28697, 新人pos:13 value:0
28697, pos:22 value:0
28697, 新人pos:22 value:0
28697, pos:21 value:0
28697, 新人pos:21 value:0
28697, pos:10 value:0
28697, 新人pos:10 value:0
28697, pos:8 value:0
28697, 新人pos:8 value:0
28697, pos:7 value:0
28697, 新人pos:7 value:0
28697, pos:6 value:0
28697, 新人pos:6 value:0
28697, pos:5 value:0
28697, 新人pos:5 value:0
28697, pos:4 value:0
28697, 新人pos:4 value:0
28697, pos:20 value:0
28697, 新人pos:20 value:0
28697, pos:19 value:0
28697, 新人pos:19 value:0
28697, pos:18 value:0
28697, 新人pos:18 value:0
28697, pos:17 value:0
28697, 新人pos:17 value:0
28697, pos:16 value:0
28697, 新人pos:16 value:0
28697, pos:15 value:0
28697, 新人pos:15 value:0
28697, pos:14 value:0
28697, 新人pos:14 value:0
28697, pos:12 value:0
28697, 新人pos:12 value:0
28697, pos:11 value:0
28697, 新人pos:11 value:0
33721, 玩家:13 总类:1000 选择:5001 实际:5001
