5133, Escape_temp_tab[1]=  3
5133, Escape_temp_tab[2]=  47
5133, Escape_temp_tab[3]=  1
5133, Escape_temp_tab[4]=  1
5133, Escape_temp_tab[5]=  …À≤ª∆–° §
5133, Escape_temp_tab[6]=  0
5133, Escape_temp_tab[7]=  0
5133, Escape_temp_tab[8]=  -1426297999
5133, Escape_temp_tab[9]=  0
5133, Escape_temp_tab[10]=  
5133, Escape_temp_tab[11]=  82
5133, Escape_temp_tab[12]=  
5133, Escape_temp_tab[13]=  104302787
5133, Escape_temp_tab[14]=  0
5133, Escape_temp_tab[15]=  60
5133, Escape_temp_tab[16]=  23
5133, Escape_temp_tab[17]=  0
5133, Escape_temp_tab[18]=  1
5133, Escape_temp_tab[19]=  0
5133, Escape_temp_tab[20]=  0
5133, Escape_temp_tab[21]=  1
5133, Escape_temp_tab[22]=  29
5133, Escape_temp_tab[23]=  πÿ”
5133, Escape_temp_tab[24]=  1
5133, Escape_temp_tab[25]=  0
5133, Escape_temp_tab[26]=  1
5133, Escape_temp_tab[27]=  0
5133, Escape_temp_tab[28]=  1
5133, Escape_temp_tab[29]=  1305
5133, Escape_temp_tab[30]=  0
5133, Escape_temp_tab[31]=  1
5133, Escape_temp_tab[32]=  475
5133, Escape_temp_tab[33]=  1
5133, Escape_temp_tab[34]=  0
5133, Escape_temp_tab[35]=  94
5133, Escape_temp_tab[36]=  0
5133, Escape_temp_tab[37]=  0
5133, Escape_temp_tab[38]=  1
5133, Escape_temp_tab[39]=  0
5133, Escape_temp_tab[40]=  1
5133, Escape_temp_tab[41]=  0
5133, Escape_temp_tab[42]=  0
5133, Escape_temp_tab[43]=  0
5133, Escape_temp_tab[44]=  0
5133, Escape_temp_tab[45]=  0
5133, Escape_temp_tab[46]=  0
5133, Escape_temp_tab[47]=  0
5133, Escape_temp_tab[48]=  0
5133, Escape_temp_tab[49]=  0
5133, Escape_temp_tab[50]=  0
5133, Escape_temp_tab[51]=  0
5133, Escape_temp_tab[52]=  0
5133, Escape_temp_tab[53]=  0
5133, Escape_temp_tab[54]=  0
5133, Escape_temp_tab[55]=  0
5133, Escape_temp_tab[56]=  0
5133, Escape_temp_tab[57]=  0
5133, Escape_temp_tab[58]=  0
5133, Escape_temp_tab[59]=  0
5133, Escape_temp_tab[60]=  257
5133, Escape_temp_tab[61]=  0
5133, Escape_temp_tab[62]=  0
5133, Escape_temp_tab[63]=  0
5133, Escape_temp_tab[64]=  0
5133, Escape_temp_tab[65]=  0
5133, Escape_temp_tab[66]=  0
5133, Escape_temp_tab[67]=  0
5133, Escape_temp_tab[68]=  0
5133, Escape_temp_tab[69]=  0
5133, Escape_temp_tab[70]=  1
5133, Escape_temp_tab[71]=  1
5133, Escape_temp_tab[72]=  0
5133, Escape_temp_tab[73]=  245
5133, Escape_temp_tab[74]=  1781615426
5133, Escape_temp_tab[75]=  0
5133, Escape_temp_tab[76]=  0
5133, Escape_temp_tab[77]=  0
5133, Escape_temp_tab[78]=  0
5133, Escape_temp_tab[79]=  0
5133, Escape_temp_tab[80]=  0
5133, Escape_temp_tab[81]=  0
5133, Escape_temp_tab[82]=  0
5133, Escape_temp_tab[83]=  0
5133, Escape_temp_tab[84]=  0
5133, Escape_temp_tab[85]=  0
5133, Escape_temp_tab[86]=  0
5133, Escape_temp_tab[87]=  0
5133, Escape_temp_tab[88]=  0
5133, Escape_temp_tab[89]=  0
5133, Escape_temp_tab[90]=  0
5133, Escape_temp_tab[91]=  0
5133, Escape_temp_tab[92]=  0
5133, Escape_temp_tab[93]=  0
5133, Escape_temp_tab[94]=  0
5133, Escape_temp_tab[95]=  0
5133, Escape_temp_tab[96]=  0
5133, Escape_temp_tab[97]=  0
5133, Escape_temp_tab[98]=  0
5133, Escape_temp_tab[99]=  0
5133, Escape_temp_tab[100]=  0
5133, Escape_temp_tab[101]=  0
5133, Escape_temp_tab[102]=  0
5133, Escape_temp_tab[103]=  0
5133, Escape_temp_tab[104]=  0
5133, Escape_temp_tab[105]=  0
5133, Escape_temp_tab[106]=  
5133, Escape_temp_tab[107]=  
5133, Escape_temp_tab[108]=  
5133, Escape_temp_tab[109]=  
5133, Escape_temp_tab[110]=  
5133, Escape_temp_tab[111]=  0
5133, Escape_temp_tab[112]=  0
5133, Escape_temp_tab[113]=  0
5133, Escape_temp_tab[114]=  0
5133, Escape_temp_tab[115]=  5
5133, Escape_temp_tab[116]=  0
5133, Escape_temp_tab[117]=  0
5133, Escape_temp_tab[118]=  3441926
5133, Escape_temp_tab[119]=  27
5133, Escape_temp_tab[120]=  0
5133, Escape_temp_tab[121]=  0
5133, Escape_temp_tab[122]=  0
5133, Escape_temp_tab[123]=  0
5133, Escape_temp_tab[124]=  1290
5133, Escape_temp_tab[125]=  1525
5133, Escape_temp_tab[126]=  1660
5133, Escape_temp_tab[127]=  1455
5133, Escape_temp_tab[128]=  1975
5133, Escape_temp_tab[129]=  1985
5133, Escape_temp_tab[130]=  2085
5133, Escape_temp_tab[131]=  1470
5133, Escape_temp_tab[132]=  32803
5133, Escape_temp_tab[133]=  26
5133, Escape_temp_tab[134]=  8192
5133, Escape_temp_tab[135]=  10713
5133, Escape_temp_tab[136]=  11008
5133, Escape_temp_tab[137]=  15616
5133, Escape_temp_tab[138]=  10752
5133, Escape_temp_tab[139]=  14336
5133, Escape_temp_tab[140]=  13568
5133, Escape_temp_tab[141]=  7424
5133, Escape_temp_tab[142]=  7682
5133, Escape_temp_tab[143]=  7938
5133, Escape_temp_tab[144]=  16386
5133, Escape_temp_tab[145]=  8448
5133, Escape_temp_tab[146]=  8706
5133, Escape_temp_tab[147]=  11266
5133, Escape_temp_tab[148]=  0
5133, Escape_temp_tab[149]=  9472
5133, Escape_temp_tab[150]=  15618
5133, Escape_temp_tab[151]=  11010
5133, Escape_temp_tab[152]=  14338
5133, Escape_temp_tab[153]=  6914
5133, Escape_temp_tab[154]=  20
5133, Escape_temp_tab[155]=  0
5133, Escape_temp_tab[156]=  1024
5133, Escape_temp_tab[157]=  0
5133, Escape_temp_tab[158]=  64512
5133, Escape_temp_tab[159]=  47
5133, Escape_temp_tab[160]=  0
5133, Escape_temp_tab[161]=  0
5133, Escape_temp_tab[162]=  0
5133, Escape_temp_tab[163]=  0
5133, Escape_temp_tab[164]=  0
5133, Escape_temp_tab[165]=  0
5133, Escape_temp_tab[166]=  0
5133, Escape_temp_tab[167]=  0
5133, Escape_temp_tab[168]=  0
5133, Escape_temp_tab[169]=  0
5133, Escape_temp_tab[170]=  0
5133, Escape_temp_tab[171]=  0
5133, Escape_temp_tab[172]=  0
5133, Escape_temp_tab[173]=  0
5133, Escape_temp_tab[174]=  0
5133, Escape_temp_tab[175]=  0
5133, Escape_temp_tab[176]=  0
5133, Escape_temp_tab[177]=  0
5133, Escape_temp_tab[178]=  0
5133, Escape_temp_tab[179]=  0
5133, Escape_temp_tab[180]=  0
5133, Escape_temp_tab[181]=  0
5133, Escape_temp_tab[182]=  0
5133, Escape_temp_tab[183]=  0
5133, Escape_temp_tab[184]=  0
5133, Escape_temp_tab[185]=  0
5133, Escape_temp_tab[186]=  0
5133, Escape_temp_tab[187]=  0
5133, Escape_temp_tab[188]=  0
5133, Escape_temp_tab[189]=  0
5133, Escape_temp_tab[190]=  0
5133, Escape_temp_tab[191]=  0
5133, Escape_temp_tab[192]=  0
5133, Escape_temp_tab[193]=  0
5133, Escape_temp_tab[194]=  0
5133, Escape_temp_tab[195]=  0
5133, Escape_temp_tab[196]=  0
5133, Escape_temp_tab[197]=  0
5133, Escape_temp_tab[198]=  0
5133, Escape_temp_tab[199]=  0
5133, Escape_temp_tab[200]=  0
5133, Escape_temp_tab[201]=  0
5133, Escape_temp_tab[202]=  0
5133, Escape_temp_tab[203]=  -14
5133, Escape_temp_tab[204]=  -22
5133, Escape_temp_tab[205]=  1
5133, Escape_temp_tab[206]=  1
5133, Escape_temp_tab[207]=  -30
5133, Escape_temp_tab[208]=  1146
5133, Escape_temp_tab[209]=  2085
5133, Escape_temp_tab[210]=  1
5133, Escape_temp_tab[211]=  1470
5133, Escape_temp_tab[212]=  1290
5133, Escape_temp_tab[213]=  1
5133, Escape_temp_tab[214]=  1525
5133, Escape_temp_tab[215]=  1660
5133, Escape_temp_tab[216]=  1455
5133, Escape_temp_tab[217]=  1975
5133, Escape_temp_tab[218]=  1
5133, Escape_temp_tab[219]=  0
5133, Escape_temp_tab[220]=  0
5133, Escape_temp_tab[221]=  0
5133, Escape_temp_tab[222]=  0
5133, Escape_temp_tab[223]=  0
5133, Escape_temp_tab[224]=  0
5133, Escape_temp_tab[225]=  0
5133, Escape_temp_tab[226]=  0
5133, Escape_temp_tab[227]=  0
5133, Escape_temp_tab[228]=  0
5133, Escape_temp_tab[229]=  0
5133, Escape_temp_tab[230]=  0
5133, Escape_temp_tab[231]=  0
5133, Escape_temp_tab[232]=  0
5133, Escape_temp_tab[233]=  0
5133, Escape_temp_tab[234]=  0
5133, Escape_temp_tab[235]=  0
5133, Escape_temp_tab[236]=  0
5133, Escape_temp_tab[237]=  0
5133, Escape_temp_tab[238]=  0
5133, Escape_temp_tab[239]=  0
5133, Escape_temp_tab[240]=  0
5133, Escape_temp_tab[241]=  0
5133, Escape_temp_tab[242]=  0
5133, Escape_temp_tab[243]=  0
5133, Escape_temp_tab[244]=  0
7477, Escape_temp_tab[1]=  1
7477, Escape_temp_tab[2]=  47
7477, Escape_temp_tab[3]=  1
7477, Escape_temp_tab[4]=  1
7477, Escape_temp_tab[5]=  «∆ƒ„»Ì≈ø≈ø
7477, Escape_temp_tab[6]=  0
7477, Escape_temp_tab[7]=  0
7477, Escape_temp_tab[8]=  916962587
7477, Escape_temp_tab[9]=  0
7477, Escape_temp_tab[10]=  
7477, Escape_temp_tab[11]=  49
7477, Escape_temp_tab[12]=  
7477, Escape_temp_tab[13]=  119253435
7477, Escape_temp_tab[14]=  0
7477, Escape_temp_tab[15]=  120
7477, Escape_temp_tab[16]=  28
7477, Escape_temp_tab[17]=  0
7477, Escape_temp_tab[18]=  0
7477, Escape_temp_tab[19]=  0
7477, Escape_temp_tab[20]=  0
7477, Escape_temp_tab[21]=  1
7477, Escape_temp_tab[22]=  32
7477, Escape_temp_tab[23]=  –°««
7477, Escape_temp_tab[24]=  1
7477, Escape_temp_tab[25]=  0
7477, Escape_temp_tab[26]=  1
7477, Escape_temp_tab[27]=  0
7477, Escape_temp_tab[28]=  1
7477, Escape_temp_tab[29]=  3178
7477, Escape_temp_tab[30]=  0
7477, Escape_temp_tab[31]=  1
7477, Escape_temp_tab[32]=  565
7477, Escape_temp_tab[33]=  0
7477, Escape_temp_tab[34]=  0
7477, Escape_temp_tab[35]=  210
7477, Escape_temp_tab[36]=  0
7477, Escape_temp_tab[37]=  0
7477, Escape_temp_tab[38]=  3
7477, Escape_temp_tab[39]=  1
7477, Escape_temp_tab[40]=  2
7477, Escape_temp_tab[41]=  0
7477, Escape_temp_tab[42]=  0
7477, Escape_temp_tab[43]=  0
7477, Escape_temp_tab[44]=  0
7477, Escape_temp_tab[45]=  0
7477, Escape_temp_tab[46]=  0
7477, Escape_temp_tab[47]=  0
7477, Escape_temp_tab[48]=  0
7477, Escape_temp_tab[49]=  0
7477, Escape_temp_tab[50]=  0
7477, Escape_temp_tab[51]=  0
7477, Escape_temp_tab[52]=  0
7477, Escape_temp_tab[53]=  0
7477, Escape_temp_tab[54]=  0
7477, Escape_temp_tab[55]=  0
7477, Escape_temp_tab[56]=  0
7477, Escape_temp_tab[57]=  0
7477, Escape_temp_tab[58]=  0
7477, Escape_temp_tab[59]=  0
7477, Escape_temp_tab[60]=  257
7477, Escape_temp_tab[61]=  0
7477, Escape_temp_tab[62]=  0
7477, Escape_temp_tab[63]=  0
7477, Escape_temp_tab[64]=  0
7477, Escape_temp_tab[65]=  0
7477, Escape_temp_tab[66]=  0
7477, Escape_temp_tab[67]=  0
7477, Escape_temp_tab[68]=  0
7477, Escape_temp_tab[69]=  3
7477, Escape_temp_tab[70]=  3
7477, Escape_temp_tab[71]=  3
7477, Escape_temp_tab[72]=  0
7477, Escape_temp_tab[73]=  245
7477, Escape_temp_tab[74]=  1781615426
7477, Escape_temp_tab[75]=  0
7477, Escape_temp_tab[76]=  0
7477, Escape_temp_tab[77]=  0
7477, Escape_temp_tab[78]=  0
7477, Escape_temp_tab[79]=  0
7477, Escape_temp_tab[80]=  0
7477, Escape_temp_tab[81]=  0
7477, Escape_temp_tab[82]=  0
7477, Escape_temp_tab[83]=  0
7477, Escape_temp_tab[84]=  0
7477, Escape_temp_tab[85]=  0
7477, Escape_temp_tab[86]=  0
7477, Escape_temp_tab[87]=  0
7477, Escape_temp_tab[88]=  0
7477, Escape_temp_tab[89]=  0
7477, Escape_temp_tab[90]=  0
7477, Escape_temp_tab[91]=  0
7477, Escape_temp_tab[92]=  0
7477, Escape_temp_tab[93]=  0
7477, Escape_temp_tab[94]=  0
7477, Escape_temp_tab[95]=  0
7477, Escape_temp_tab[96]=  0
7477, Escape_temp_tab[97]=  0
7477, Escape_temp_tab[98]=  0
7477, Escape_temp_tab[99]=  0
7477, Escape_temp_tab[100]=  0
7477, Escape_temp_tab[101]=  0
7477, Escape_temp_tab[102]=  0
7477, Escape_temp_tab[103]=  0
7477, Escape_temp_tab[104]=  0
7477, Escape_temp_tab[105]=  0
7477, Escape_temp_tab[106]=  
7477, Escape_temp_tab[107]=  
7477, Escape_temp_tab[108]=  
7477, Escape_temp_tab[109]=  
7477, Escape_temp_tab[110]=  
7477, Escape_temp_tab[111]=  0
7477, Escape_temp_tab[112]=  720896
7477, Escape_temp_tab[113]=  0
7477, Escape_temp_tab[114]=  0
7477, Escape_temp_tab[115]=  5
7477, Escape_temp_tab[116]=  0
7477, Escape_temp_tab[117]=  0
7477, Escape_temp_tab[118]=  714242
7477, Escape_temp_tab[119]=  33
7477, Escape_temp_tab[120]=  0
7477, Escape_temp_tab[121]=  0
7477, Escape_temp_tab[122]=  0
7477, Escape_temp_tab[123]=  0
7477, Escape_temp_tab[124]=  250
7477, Escape_temp_tab[125]=  390
7477, Escape_temp_tab[126]=  240
7477, Escape_temp_tab[127]=  360
7477, Escape_temp_tab[128]=  295
7477, Escape_temp_tab[129]=  440
7477, Escape_temp_tab[130]=  315
7477, Escape_temp_tab[131]=  500
7477, Escape_temp_tab[132]=  33305
7477, Escape_temp_tab[133]=  26
7477, Escape_temp_tab[134]=  8192
7477, Escape_temp_tab[135]=  10713
7477, Escape_temp_tab[136]=  11008
7477, Escape_temp_tab[137]=  15616
7477, Escape_temp_tab[138]=  10752
7477, Escape_temp_tab[139]=  14336
7477, Escape_temp_tab[140]=  13568
7477, Escape_temp_tab[141]=  7424
7477, Escape_temp_tab[142]=  7682
7477, Escape_temp_tab[143]=  7938
7477, Escape_temp_tab[144]=  8194
7477, Escape_temp_tab[145]=  8450
7477, Escape_temp_tab[146]=  8706
7477, Escape_temp_tab[147]=  8962
7477, Escape_temp_tab[148]=  9218
7477, Escape_temp_tab[149]=  9474
7477, Escape_temp_tab[150]=  15618
7477, Escape_temp_tab[151]=  11010
7477, Escape_temp_tab[152]=  14338
7477, Escape_temp_tab[153]=  6914
7477, Escape_temp_tab[154]=  2
7477, Escape_temp_tab[155]=  0
7477, Escape_temp_tab[156]=  0
7477, Escape_temp_tab[157]=  0
7477, Escape_temp_tab[158]=  64512
7477, Escape_temp_tab[159]=  1167
7477, Escape_temp_tab[160]=  0
7477, Escape_temp_tab[161]=  0
7477, Escape_temp_tab[162]=  0
7477, Escape_temp_tab[163]=  0
7477, Escape_temp_tab[164]=  0
7477, Escape_temp_tab[165]=  0
7477, Escape_temp_tab[166]=  0
7477, Escape_temp_tab[167]=  0
7477, Escape_temp_tab[168]=  0
7477, Escape_temp_tab[169]=  0
7477, Escape_temp_tab[170]=  0
7477, Escape_temp_tab[171]=  0
7477, Escape_temp_tab[172]=  0
7477, Escape_temp_tab[173]=  0
7477, Escape_temp_tab[174]=  0
7477, Escape_temp_tab[175]=  0
7477, Escape_temp_tab[176]=  0
7477, Escape_temp_tab[177]=  0
7477, Escape_temp_tab[178]=  0
7477, Escape_temp_tab[179]=  0
7477, Escape_temp_tab[180]=  0
7477, Escape_temp_tab[181]=  0
7477, Escape_temp_tab[182]=  0
7477, Escape_temp_tab[183]=  0
7477, Escape_temp_tab[184]=  0
7477, Escape_temp_tab[185]=  0
7477, Escape_temp_tab[186]=  0
7477, Escape_temp_tab[187]=  0
7477, Escape_temp_tab[188]=  0
7477, Escape_temp_tab[189]=  0
7477, Escape_temp_tab[190]=  0
7477, Escape_temp_tab[191]=  0
7477, Escape_temp_tab[192]=  0
7477, Escape_temp_tab[193]=  0
7477, Escape_temp_tab[194]=  0
7477, Escape_temp_tab[195]=  0
7477, Escape_temp_tab[196]=  0
7477, Escape_temp_tab[197]=  0
7477, Escape_temp_tab[198]=  0
7477, Escape_temp_tab[199]=  0
7477, Escape_temp_tab[200]=  0
7477, Escape_temp_tab[201]=  0
7477, Escape_temp_tab[202]=  0
7477, Escape_temp_tab[203]=  0
7477, Escape_temp_tab[204]=  -9
7477, Escape_temp_tab[205]=  1
7477, Escape_temp_tab[206]=  1
7477, Escape_temp_tab[207]=  0
7477, Escape_temp_tab[208]=  382
7477, Escape_temp_tab[209]=  1025
7477, Escape_temp_tab[210]=  390
7477, Escape_temp_tab[211]=  240
7477, Escape_temp_tab[212]=  360
7477, Escape_temp_tab[213]=  295
7477, Escape_temp_tab[214]=  440
7477, Escape_temp_tab[215]=  315
7477, Escape_temp_tab[216]=  500
7477, Escape_temp_tab[217]=  250
7477, Escape_temp_tab[218]=  1
7477, Escape_temp_tab[219]=  0
7477, Escape_temp_tab[220]=  0
7477, Escape_temp_tab[221]=  0
7477, Escape_temp_tab[222]=  0
7477, Escape_temp_tab[223]=  0
7477, Escape_temp_tab[224]=  0
7477, Escape_temp_tab[225]=  0
7477, Escape_temp_tab[226]=  0
7477, Escape_temp_tab[227]=  0
7477, Escape_temp_tab[228]=  0
7477, Escape_temp_tab[229]=  0
7477, Escape_temp_tab[230]=  0
7477, Escape_temp_tab[231]=  0
7477, Escape_temp_tab[232]=  0
7477, Escape_temp_tab[233]=  0
7477, Escape_temp_tab[234]=  0
7477, Escape_temp_tab[235]=  0
7477, Escape_temp_tab[236]=  0
7477, Escape_temp_tab[237]=  160
7477, Escape_temp_tab[238]=  0
7477, Escape_temp_tab[239]=  0
7477, Escape_temp_tab[240]=  0
7477, Escape_temp_tab[241]=  0
7477, Escape_temp_tab[242]=  0
7477, Escape_temp_tab[243]=  0
7477, Escape_temp_tab[244]=  0
7629, Escape_temp_tab[1]=  2
7629, Escape_temp_tab[2]=  47
7629, Escape_temp_tab[3]=  1
7629, Escape_temp_tab[4]=  1
7629, Escape_temp_tab[5]=  —Ã√∂¿ŒË
7629, Escape_temp_tab[6]=  0
7629, Escape_temp_tab[7]=  0
7629, Escape_temp_tab[8]=  916962587
7629, Escape_temp_tab[9]=  0
7629, Escape_temp_tab[10]=  
7629, Escape_temp_tab[11]=  48
7629, Escape_temp_tab[12]=  
7629, Escape_temp_tab[13]=  72609799
7629, Escape_temp_tab[14]=  0
7629, Escape_temp_tab[15]=  120
7629, Escape_temp_tab[16]=  32
7629, Escape_temp_tab[17]=  0
7629, Escape_temp_tab[18]=  0
7629, Escape_temp_tab[19]=  0
7629, Escape_temp_tab[20]=  0
7629, Escape_temp_tab[21]=  1
7629, Escape_temp_tab[22]=  88
7629, Escape_temp_tab[23]=  π˘ºŒ
7629, Escape_temp_tab[24]=  1
7629, Escape_temp_tab[25]=  0
7629, Escape_temp_tab[26]=  1
7629, Escape_temp_tab[27]=  0
7629, Escape_temp_tab[28]=  1
7629, Escape_temp_tab[29]=  8144
7629, Escape_temp_tab[30]=  0
7629, Escape_temp_tab[31]=  0
7629, Escape_temp_tab[32]=  0
7629, Escape_temp_tab[33]=  0
7629, Escape_temp_tab[34]=  0
7629, Escape_temp_tab[35]=  151
7629, Escape_temp_tab[36]=  0
7629, Escape_temp_tab[37]=  0
7629, Escape_temp_tab[38]=  2
7629, Escape_temp_tab[39]=  0
7629, Escape_temp_tab[40]=  2
7629, Escape_temp_tab[41]=  0
7629, Escape_temp_tab[42]=  0
7629, Escape_temp_tab[43]=  0
7629, Escape_temp_tab[44]=  0
7629, Escape_temp_tab[45]=  0
7629, Escape_temp_tab[46]=  0
7629, Escape_temp_tab[47]=  0
7629, Escape_temp_tab[48]=  0
7629, Escape_temp_tab[49]=  0
7629, Escape_temp_tab[50]=  0
7629, Escape_temp_tab[51]=  0
7629, Escape_temp_tab[52]=  0
7629, Escape_temp_tab[53]=  0
7629, Escape_temp_tab[54]=  0
7629, Escape_temp_tab[55]=  0
7629, Escape_temp_tab[56]=  0
7629, Escape_temp_tab[57]=  0
7629, Escape_temp_tab[58]=  0
7629, Escape_temp_tab[59]=  0
7629, Escape_temp_tab[60]=  257
7629, Escape_temp_tab[61]=  0
7629, Escape_temp_tab[62]=  0
7629, Escape_temp_tab[63]=  0
7629, Escape_temp_tab[64]=  0
7629, Escape_temp_tab[65]=  0
7629, Escape_temp_tab[66]=  0
7629, Escape_temp_tab[67]=  0
7629, Escape_temp_tab[68]=  0
7629, Escape_temp_tab[69]=  5
7629, Escape_temp_tab[70]=  5
7629, Escape_temp_tab[71]=  6
7629, Escape_temp_tab[72]=  2
7629, Escape_temp_tab[73]=  1342
7629, Escape_temp_tab[74]=  1781615426
7629, Escape_temp_tab[75]=  0
7629, Escape_temp_tab[76]=  0
7629, Escape_temp_tab[77]=  0
7629, Escape_temp_tab[78]=  0
7629, Escape_temp_tab[79]=  0
7629, Escape_temp_tab[80]=  0
7629, Escape_temp_tab[81]=  0
7629, Escape_temp_tab[82]=  0
7629, Escape_temp_tab[83]=  0
7629, Escape_temp_tab[84]=  0
7629, Escape_temp_tab[85]=  0
7629, Escape_temp_tab[86]=  0
7629, Escape_temp_tab[87]=  0
7629, Escape_temp_tab[88]=  0
7629, Escape_temp_tab[89]=  0
7629, Escape_temp_tab[90]=  0
7629, Escape_temp_tab[91]=  0
7629, Escape_temp_tab[92]=  0
7629, Escape_temp_tab[93]=  0
7629, Escape_temp_tab[94]=  0
7629, Escape_temp_tab[95]=  0
7629, Escape_temp_tab[96]=  0
7629, Escape_temp_tab[97]=  0
7629, Escape_temp_tab[98]=  0
7629, Escape_temp_tab[99]=  0
7629, Escape_temp_tab[100]=  0
7629, Escape_temp_tab[101]=  0
7629, Escape_temp_tab[102]=  0
7629, Escape_temp_tab[103]=  0
7629, Escape_temp_tab[104]=  0
7629, Escape_temp_tab[105]=  0
7629, Escape_temp_tab[106]=  
7629, Escape_temp_tab[107]=  
7629, Escape_temp_tab[108]=  
7629, Escape_temp_tab[109]=  
7629, Escape_temp_tab[110]=  
7629, Escape_temp_tab[111]=  0
7629, Escape_temp_tab[112]=  720897
7629, Escape_temp_tab[113]=  0
7629, Escape_temp_tab[114]=  0
7629, Escape_temp_tab[115]=  393233
7629, Escape_temp_tab[116]=  0
7629, Escape_temp_tab[117]=  0
7629, Escape_temp_tab[118]=  1006087
7629, Escape_temp_tab[119]=  30
7629, Escape_temp_tab[120]=  0
7629, Escape_temp_tab[121]=  0
7629, Escape_temp_tab[122]=  0
7629, Escape_temp_tab[123]=  0
7629, Escape_temp_tab[124]=  730
7629, Escape_temp_tab[125]=  730
7629, Escape_temp_tab[126]=  540
7629, Escape_temp_tab[127]=  250
7629, Escape_temp_tab[128]=  250
7629, Escape_temp_tab[129]=  435
7629, Escape_temp_tab[130]=  490
7629, Escape_temp_tab[131]=  505
7629, Escape_temp_tab[132]=  32791
7629, Escape_temp_tab[133]=  26
7629, Escape_temp_tab[134]=  57344
7629, Escape_temp_tab[135]=  10712
7629, Escape_temp_tab[136]=  11008
7629, Escape_temp_tab[137]=  15616
7629, Escape_temp_tab[138]=  10752
7629, Escape_temp_tab[139]=  0
7629, Escape_temp_tab[140]=  13568
7629, Escape_temp_tab[141]=  7424
7629, Escape_temp_tab[142]=  7682
7629, Escape_temp_tab[143]=  7938
7629, Escape_temp_tab[144]=  8194
7629, Escape_temp_tab[145]=  8450
7629, Escape_temp_tab[146]=  8706
7629, Escape_temp_tab[147]=  8962
7629, Escape_temp_tab[148]=  9218
7629, Escape_temp_tab[149]=  9474
7629, Escape_temp_tab[150]=  15618
7629, Escape_temp_tab[151]=  2
7629, Escape_temp_tab[152]=  14336
7629, Escape_temp_tab[153]=  6402
7629, Escape_temp_tab[154]=  4
7629, Escape_temp_tab[155]=  0
7629, Escape_temp_tab[156]=  0
7629, Escape_temp_tab[157]=  0
7629, Escape_temp_tab[158]=  64512
7629, Escape_temp_tab[159]=  47
7629, Escape_temp_tab[160]=  0
7629, Escape_temp_tab[161]=  0
7629, Escape_temp_tab[162]=  0
7629, Escape_temp_tab[163]=  0
7629, Escape_temp_tab[164]=  0
7629, Escape_temp_tab[165]=  0
7629, Escape_temp_tab[166]=  0
7629, Escape_temp_tab[167]=  0
7629, Escape_temp_tab[168]=  0
7629, Escape_temp_tab[169]=  0
7629, Escape_temp_tab[170]=  0
7629, Escape_temp_tab[171]=  0
7629, Escape_temp_tab[172]=  0
7629, Escape_temp_tab[173]=  0
7629, Escape_temp_tab[174]=  0
7629, Escape_temp_tab[175]=  0
7629, Escape_temp_tab[176]=  0
7629, Escape_temp_tab[177]=  0
7629, Escape_temp_tab[178]=  0
7629, Escape_temp_tab[179]=  0
7629, Escape_temp_tab[180]=  0
7629, Escape_temp_tab[181]=  0
7629, Escape_temp_tab[182]=  0
7629, Escape_temp_tab[183]=  0
7629, Escape_temp_tab[184]=  0
7629, Escape_temp_tab[185]=  0
7629, Escape_temp_tab[186]=  0
7629, Escape_temp_tab[187]=  0
7629, Escape_temp_tab[188]=  0
7629, Escape_temp_tab[189]=  0
7629, Escape_temp_tab[190]=  0
7629, Escape_temp_tab[191]=  0
7629, Escape_temp_tab[192]=  0
7629, Escape_temp_tab[193]=  0
7629, Escape_temp_tab[194]=  0
7629, Escape_temp_tab[195]=  0
7629, Escape_temp_tab[196]=  0
7629, Escape_temp_tab[197]=  0
7629, Escape_temp_tab[198]=  0
7629, Escape_temp_tab[199]=  0
7629, Escape_temp_tab[200]=  0
7629, Escape_temp_tab[201]=  0
7629, Escape_temp_tab[202]=  0
7629, Escape_temp_tab[203]=  0
7629, Escape_temp_tab[204]=  -9
7629, Escape_temp_tab[205]=  1
7629, Escape_temp_tab[206]=  1
7629, Escape_temp_tab[207]=  0
7629, Escape_temp_tab[208]=  445
7629, Escape_temp_tab[209]=  515
7629, Escape_temp_tab[210]=  490
7629, Escape_temp_tab[211]=  505
7629, Escape_temp_tab[212]=  730
7629, Escape_temp_tab[213]=  730
7629, Escape_temp_tab[214]=  540
7629, Escape_temp_tab[215]=  250
7629, Escape_temp_tab[216]=  250
7629, Escape_temp_tab[217]=  435
7629, Escape_temp_tab[218]=  1
7629, Escape_temp_tab[219]=  0
7629, Escape_temp_tab[220]=  0
7629, Escape_temp_tab[221]=  0
7629, Escape_temp_tab[222]=  0
7629, Escape_temp_tab[223]=  0
7629, Escape_temp_tab[224]=  0
7629, Escape_temp_tab[225]=  0
7629, Escape_temp_tab[226]=  0
7629, Escape_temp_tab[227]=  0
7629, Escape_temp_tab[228]=  0
7629, Escape_temp_tab[229]=  0
7629, Escape_temp_tab[230]=  0
7629, Escape_temp_tab[231]=  0
7629, Escape_temp_tab[232]=  0
7629, Escape_temp_tab[233]=  0
7629, Escape_temp_tab[234]=  0
7629, Escape_temp_tab[235]=  0
7629, Escape_temp_tab[236]=  0
7629, Escape_temp_tab[237]=  270
7629, Escape_temp_tab[238]=  0
7629, Escape_temp_tab[239]=  0
7629, Escape_temp_tab[240]=  0
7629, Escape_temp_tab[241]=  0
7629, Escape_temp_tab[242]=  0
7629, Escape_temp_tab[243]=  0
7629, Escape_temp_tab[244]=  0
11821, Escape_temp_tab[1]=  13
11821, Escape_temp_tab[2]=  47
11821, Escape_temp_tab[3]=  1
11821, Escape_temp_tab[4]=  2
11821, Escape_temp_tab[5]=  ª∆—“∞°÷Ì
11821, Escape_temp_tab[6]=  0
11821, Escape_temp_tab[7]=  0
11821, Escape_temp_tab[8]=  1955687549
11821, Escape_temp_tab[9]=  0
11821, Escape_temp_tab[10]=  
11821, Escape_temp_tab[11]=  206
11821, Escape_temp_tab[12]=  
11821, Escape_temp_tab[13]=  11939801
11821, Escape_temp_tab[14]=  0
11821, Escape_temp_tab[15]=  180
11821, Escape_temp_tab[16]=  45
11821, Escape_temp_tab[17]=  0
11821, Escape_temp_tab[18]=  0
11821, Escape_temp_tab[19]=  0
11821, Escape_temp_tab[20]=  0
11821, Escape_temp_tab[21]=  0
11821, Escape_temp_tab[22]=  0
11821, Escape_temp_tab[23]=  
11821, Escape_temp_tab[24]=  1
11821, Escape_temp_tab[25]=  0
11821, Escape_temp_tab[26]=  0
11821, Escape_temp_tab[27]=  1
11821, Escape_temp_tab[28]=  0
11821, Escape_temp_tab[29]=  1472
11821, Escape_temp_tab[30]=  0
11821, Escape_temp_tab[31]=  0
11821, Escape_temp_tab[32]=  0
11821, Escape_temp_tab[33]=  0
11821, Escape_temp_tab[34]=  0
11821, Escape_temp_tab[35]=  0
11821, Escape_temp_tab[36]=  0
11821, Escape_temp_tab[37]=  0
11821, Escape_temp_tab[38]=  0
11821, Escape_temp_tab[39]=  0
11821, Escape_temp_tab[40]=  0
11821, Escape_temp_tab[41]=  0
11821, Escape_temp_tab[42]=  0
11821, Escape_temp_tab[43]=  0
11821, Escape_temp_tab[44]=  0
11821, Escape_temp_tab[45]=  0
11821, Escape_temp_tab[46]=  0
11821, Escape_temp_tab[47]=  0
11821, Escape_temp_tab[48]=  0
11821, Escape_temp_tab[49]=  0
11821, Escape_temp_tab[50]=  0
11821, Escape_temp_tab[51]=  0
11821, Escape_temp_tab[52]=  0
11821, Escape_temp_tab[53]=  0
11821, Escape_temp_tab[54]=  0
11821, Escape_temp_tab[55]=  0
11821, Escape_temp_tab[56]=  0
11821, Escape_temp_tab[57]=  0
11821, Escape_temp_tab[58]=  0
11821, Escape_temp_tab[59]=  0
11821, Escape_temp_tab[60]=  257
11821, Escape_temp_tab[61]=  0
11821, Escape_temp_tab[62]=  0
11821, Escape_temp_tab[63]=  0
11821, Escape_temp_tab[64]=  0
11821, Escape_temp_tab[65]=  0
11821, Escape_temp_tab[66]=  0
11821, Escape_temp_tab[67]=  0
11821, Escape_temp_tab[68]=  0
11821, Escape_temp_tab[69]=  2
11821, Escape_temp_tab[70]=  2
11821, Escape_temp_tab[71]=  2
11821, Escape_temp_tab[72]=  0
11821, Escape_temp_tab[73]=  245
11821, Escape_temp_tab[74]=  1775452376
11821, Escape_temp_tab[75]=  0
11821, Escape_temp_tab[76]=  0
11821, Escape_temp_tab[77]=  0
11821, Escape_temp_tab[78]=  0
11821, Escape_temp_tab[79]=  0
11821, Escape_temp_tab[80]=  0
11821, Escape_temp_tab[81]=  0
11821, Escape_temp_tab[82]=  0
11821, Escape_temp_tab[83]=  0
11821, Escape_temp_tab[84]=  0
11821, Escape_temp_tab[85]=  0
11821, Escape_temp_tab[86]=  0
11821, Escape_temp_tab[87]=  0
11821, Escape_temp_tab[88]=  0
11821, Escape_temp_tab[89]=  0
11821, Escape_temp_tab[90]=  0
11821, Escape_temp_tab[91]=  0
11821, Escape_temp_tab[92]=  0
11821, Escape_temp_tab[93]=  0
11821, Escape_temp_tab[94]=  0
11821, Escape_temp_tab[95]=  0
11821, Escape_temp_tab[96]=  0
11821, Escape_temp_tab[97]=  0
11821, Escape_temp_tab[98]=  0
11821, Escape_temp_tab[99]=  0
11821, Escape_temp_tab[100]=  0
11821, Escape_temp_tab[101]=  0
11821, Escape_temp_tab[102]=  0
11821, Escape_temp_tab[103]=  0
11821, Escape_temp_tab[104]=  0
11821, Escape_temp_tab[105]=  0
11821, Escape_temp_tab[106]=  
11821, Escape_temp_tab[107]=  
11821, Escape_temp_tab[108]=  
11821, Escape_temp_tab[109]=  
11821, Escape_temp_tab[110]=  
11821, Escape_temp_tab[111]=  0
11821, Escape_temp_tab[112]=  0
11821, Escape_temp_tab[113]=  0
11821, Escape_temp_tab[114]=  0
11821, Escape_temp_tab[115]=  0
11821, Escape_temp_tab[116]=  0
11821, Escape_temp_tab[117]=  0
11821, Escape_temp_tab[118]=  1130245
11821, Escape_temp_tab[119]=  33
11821, Escape_temp_tab[120]=  0
11821, Escape_temp_tab[121]=  0
11821, Escape_temp_tab[122]=  0
11821, Escape_temp_tab[123]=  0
11821, Escape_temp_tab[124]=  465
11821, Escape_temp_tab[125]=  955
11821, Escape_temp_tab[126]=  340
11821, Escape_temp_tab[127]=  620
11821, Escape_temp_tab[128]=  645
11821, Escape_temp_tab[129]=  250
11821, Escape_temp_tab[130]=  230
11821, Escape_temp_tab[131]=  910
11821, Escape_temp_tab[132]=  32787
11821, Escape_temp_tab[133]=  26
11821, Escape_temp_tab[134]=  8192
11821, Escape_temp_tab[135]=  10521
11821, Escape_temp_tab[136]=  11008
11821, Escape_temp_tab[137]=  15616
11821, Escape_temp_tab[138]=  10752
11821, Escape_temp_tab[139]=  14336
11821, Escape_temp_tab[140]=  13568
11821, Escape_temp_tab[141]=  7424
11821, Escape_temp_tab[142]=  7682
11821, Escape_temp_tab[143]=  7938
11821, Escape_temp_tab[144]=  8194
11821, Escape_temp_tab[145]=  8450
11821, Escape_temp_tab[146]=  8706
11821, Escape_temp_tab[147]=  8962
11821, Escape_temp_tab[148]=  9218
11821, Escape_temp_tab[149]=  9474
11821, Escape_temp_tab[150]=  15618
11821, Escape_temp_tab[151]=  11010
11821, Escape_temp_tab[152]=  14338
11821, Escape_temp_tab[153]=  770
11821, Escape_temp_tab[154]=  4
11821, Escape_temp_tab[155]=  0
11821, Escape_temp_tab[156]=  3072
11821, Escape_temp_tab[157]=  0
11821, Escape_temp_tab[158]=  64512
11821, Escape_temp_tab[159]=  47
11821, Escape_temp_tab[160]=  0
11821, Escape_temp_tab[161]=  0
11821, Escape_temp_tab[162]=  0
11821, Escape_temp_tab[163]=  0
11821, Escape_temp_tab[164]=  0
11821, Escape_temp_tab[165]=  0
11821, Escape_temp_tab[166]=  0
11821, Escape_temp_tab[167]=  0
11821, Escape_temp_tab[168]=  0
11821, Escape_temp_tab[169]=  0
11821, Escape_temp_tab[170]=  0
11821, Escape_temp_tab[171]=  0
11821, Escape_temp_tab[172]=  0
11821, Escape_temp_tab[173]=  0
11821, Escape_temp_tab[174]=  0
11821, Escape_temp_tab[175]=  0
11821, Escape_temp_tab[176]=  0
11821, Escape_temp_tab[177]=  0
11821, Escape_temp_tab[178]=  0
11821, Escape_temp_tab[179]=  0
11821, Escape_temp_tab[180]=  0
11821, Escape_temp_tab[181]=  0
11821, Escape_temp_tab[182]=  0
11821, Escape_temp_tab[183]=  0
11821, Escape_temp_tab[184]=  0
11821, Escape_temp_tab[185]=  0
11821, Escape_temp_tab[186]=  0
11821, Escape_temp_tab[187]=  0
11821, Escape_temp_tab[188]=  0
11821, Escape_temp_tab[189]=  0
11821, Escape_temp_tab[190]=  0
11821, Escape_temp_tab[191]=  0
11821, Escape_temp_tab[192]=  0
11821, Escape_temp_tab[193]=  0
11821, Escape_temp_tab[194]=  0
11821, Escape_temp_tab[195]=  0
11821, Escape_temp_tab[196]=  0
11821, Escape_temp_tab[197]=  0
11821, Escape_temp_tab[198]=  0
11821, Escape_temp_tab[199]=  0
11821, Escape_temp_tab[200]=  0
11821, Escape_temp_tab[201]=  0
11821, Escape_temp_tab[202]=  0
11821, Escape_temp_tab[203]=  -8
11821, Escape_temp_tab[204]=  -14
11821, Escape_temp_tab[205]=  1
11821, Escape_temp_tab[206]=  1
11821, Escape_temp_tab[207]=  -18
11821, Escape_temp_tab[208]=  192
11821, Escape_temp_tab[209]=  1
11821, Escape_temp_tab[210]=  955
11821, Escape_temp_tab[211]=  1
11821, Escape_temp_tab[212]=  340
11821, Escape_temp_tab[213]=  1
11821, Escape_temp_tab[214]=  620
11821, Escape_temp_tab[215]=  1
11821, Escape_temp_tab[216]=  1
11821, Escape_temp_tab[217]=  1
11821, Escape_temp_tab[218]=  1
11821, Escape_temp_tab[219]=  0
11821, Escape_temp_tab[220]=  0
11821, Escape_temp_tab[221]=  0
11821, Escape_temp_tab[222]=  0
11821, Escape_temp_tab[223]=  0
11821, Escape_temp_tab[224]=  0
11821, Escape_temp_tab[225]=  0
11821, Escape_temp_tab[226]=  0
11821, Escape_temp_tab[227]=  0
11821, Escape_temp_tab[228]=  0
11821, Escape_temp_tab[229]=  0
11821, Escape_temp_tab[230]=  0
11821, Escape_temp_tab[231]=  0
11821, Escape_temp_tab[232]=  0
11821, Escape_temp_tab[233]=  0
11821, Escape_temp_tab[234]=  0
11821, Escape_temp_tab[235]=  0
11821, Escape_temp_tab[236]=  0
11821, Escape_temp_tab[237]=  0
11821, Escape_temp_tab[238]=  0
11821, Escape_temp_tab[239]=  0
11821, Escape_temp_tab[240]=  0
11821, Escape_temp_tab[241]=  0
11821, Escape_temp_tab[242]=  0
11821, Escape_temp_tab[243]=  0
11821, Escape_temp_tab[244]=  0
17345, Escape_temp_tab[1]=  9
17345, Escape_temp_tab[2]=  47
17345, Escape_temp_tab[3]=  1
17345, Escape_temp_tab[4]=  1
17345, Escape_temp_tab[5]=  æÕΩ–¿Óπ∑µ∞
17345, Escape_temp_tab[6]=  0
17345, Escape_temp_tab[7]=  0
17345, Escape_temp_tab[8]=  -623016997
17345, Escape_temp_tab[9]=  0
17345, Escape_temp_tab[10]=  
17345, Escape_temp_tab[11]=  107
17345, Escape_temp_tab[12]=  
17345, Escape_temp_tab[13]=  122725791
17345, Escape_temp_tab[14]=  0
17345, Escape_temp_tab[15]=  240
17345, Escape_temp_tab[16]=  29
17345, Escape_temp_tab[17]=  0
17345, Escape_temp_tab[18]=  3
17345, Escape_temp_tab[19]=  0
17345, Escape_temp_tab[20]=  0
17345, Escape_temp_tab[21]=  1
17345, Escape_temp_tab[22]=  60
17345, Escape_temp_tab[23]=  ’‘‘∆
17345, Escape_temp_tab[24]=  1
17345, Escape_temp_tab[25]=  0
17345, Escape_temp_tab[26]=  0
17345, Escape_temp_tab[27]=  1
17345, Escape_temp_tab[28]=  0
17345, Escape_temp_tab[29]=  10728
17345, Escape_temp_tab[30]=  0
17345, Escape_temp_tab[31]=  0
17345, Escape_temp_tab[32]=  0
17345, Escape_temp_tab[33]=  0
17345, Escape_temp_tab[34]=  0
17345, Escape_temp_tab[35]=  0
17345, Escape_temp_tab[36]=  0
17345, Escape_temp_tab[37]=  1
17345, Escape_temp_tab[38]=  13
17345, Escape_temp_tab[39]=  0
17345, Escape_temp_tab[40]=  13
17345, Escape_temp_tab[41]=  1
17345, Escape_temp_tab[42]=  0
17345, Escape_temp_tab[43]=  0
17345, Escape_temp_tab[44]=  0
17345, Escape_temp_tab[45]=  0
17345, Escape_temp_tab[46]=  0
17345, Escape_temp_tab[47]=  0
17345, Escape_temp_tab[48]=  0
17345, Escape_temp_tab[49]=  0
17345, Escape_temp_tab[50]=  0
17345, Escape_temp_tab[51]=  0
17345, Escape_temp_tab[52]=  0
17345, Escape_temp_tab[53]=  0
17345, Escape_temp_tab[54]=  0
17345, Escape_temp_tab[55]=  0
17345, Escape_temp_tab[56]=  0
17345, Escape_temp_tab[57]=  0
17345, Escape_temp_tab[58]=  0
17345, Escape_temp_tab[59]=  0
17345, Escape_temp_tab[60]=  0
17345, Escape_temp_tab[61]=  0
17345, Escape_temp_tab[62]=  0
17345, Escape_temp_tab[63]=  0
17345, Escape_temp_tab[64]=  0
17345, Escape_temp_tab[65]=  0
17345, Escape_temp_tab[66]=  0
17345, Escape_temp_tab[67]=  0
17345, Escape_temp_tab[68]=  0
17345, Escape_temp_tab[69]=  4
17345, Escape_temp_tab[70]=  3
17345, Escape_temp_tab[71]=  4
17345, Escape_temp_tab[72]=  0
17345, Escape_temp_tab[73]=  2022
17345, Escape_temp_tab[74]=  1781615426
17345, Escape_temp_tab[75]=  0
17345, Escape_temp_tab[76]=  1
17345, Escape_temp_tab[77]=  0
17345, Escape_temp_tab[78]=  0
17345, Escape_temp_tab[79]=  0
17345, Escape_temp_tab[80]=  0
17345, Escape_temp_tab[81]=  0
17345, Escape_temp_tab[82]=  0
17345, Escape_temp_tab[83]=  0
17345, Escape_temp_tab[84]=  0
17345, Escape_temp_tab[85]=  0
17345, Escape_temp_tab[86]=  0
17345, Escape_temp_tab[87]=  0
17345, Escape_temp_tab[88]=  0
17345, Escape_temp_tab[89]=  0
17345, Escape_temp_tab[90]=  0
17345, Escape_temp_tab[91]=  0
17345, Escape_temp_tab[92]=  0
17345, Escape_temp_tab[93]=  0
17345, Escape_temp_tab[94]=  0
17345, Escape_temp_tab[95]=  0
17345, Escape_temp_tab[96]=  0
17345, Escape_temp_tab[97]=  0
17345, Escape_temp_tab[98]=  0
17345, Escape_temp_tab[99]=  0
17345, Escape_temp_tab[100]=  0
17345, Escape_temp_tab[101]=  0
17345, Escape_temp_tab[102]=  0
17345, Escape_temp_tab[103]=  0
17345, Escape_temp_tab[104]=  0
17345, Escape_temp_tab[105]=  0
17345, Escape_temp_tab[106]=  
17345, Escape_temp_tab[107]=  
17345, Escape_temp_tab[108]=  
17345, Escape_temp_tab[109]=  
17345, Escape_temp_tab[110]=  
17345, Escape_temp_tab[111]=  0
17345, Escape_temp_tab[112]=  720897
17345, Escape_temp_tab[113]=  2147483648
17345, Escape_temp_tab[114]=  0
17345, Escape_temp_tab[115]=  0
17345, Escape_temp_tab[116]=  0
17345, Escape_temp_tab[117]=  0
17345, Escape_temp_tab[118]=  1140488
17345, Escape_temp_tab[119]=  32
17345, Escape_temp_tab[120]=  0
17345, Escape_temp_tab[121]=  0
17345, Escape_temp_tab[122]=  0
17345, Escape_temp_tab[123]=  0
17345, Escape_temp_tab[124]=  520
17345, Escape_temp_tab[125]=  300
17345, Escape_temp_tab[126]=  675
17345, Escape_temp_tab[127]=  260
17345, Escape_temp_tab[128]=  650
17345, Escape_temp_tab[129]=  670
17345, Escape_temp_tab[130]=  630
17345, Escape_temp_tab[131]=  750
17345, Escape_temp_tab[132]=  32791
17345, Escape_temp_tab[133]=  26
17345, Escape_temp_tab[134]=  8192
17345, Escape_temp_tab[135]=  10702
17345, Escape_temp_tab[136]=  11008
17345, Escape_temp_tab[137]=  15616
17345, Escape_temp_tab[138]=  10752
17345, Escape_temp_tab[139]=  14336
17345, Escape_temp_tab[140]=  13568
17345, Escape_temp_tab[141]=  7424
17345, Escape_temp_tab[142]=  7682
17345, Escape_temp_tab[143]=  7938
17345, Escape_temp_tab[144]=  8194
17345, Escape_temp_tab[145]=  8450
17345, Escape_temp_tab[146]=  8706
17345, Escape_temp_tab[147]=  16386
17345, Escape_temp_tab[148]=  9216
17345, Escape_temp_tab[149]=  9474
17345, Escape_temp_tab[150]=  15618
17345, Escape_temp_tab[151]=  11010
17345, Escape_temp_tab[152]=  14338
17345, Escape_temp_tab[153]=  8450
17345, Escape_temp_tab[154]=  16
17345, Escape_temp_tab[155]=  0
17345, Escape_temp_tab[156]=  0
17345, Escape_temp_tab[157]=  0
17345, Escape_temp_tab[158]=  63488
17345, Escape_temp_tab[159]=  1455
17345, Escape_temp_tab[160]=  0
17345, Escape_temp_tab[161]=  0
17345, Escape_temp_tab[162]=  0
17345, Escape_temp_tab[163]=  0
17345, Escape_temp_tab[164]=  0
17345, Escape_temp_tab[165]=  0
17345, Escape_temp_tab[166]=  0
17345, Escape_temp_tab[167]=  0
17345, Escape_temp_tab[168]=  0
17345, Escape_temp_tab[169]=  0
17345, Escape_temp_tab[170]=  0
17345, Escape_temp_tab[171]=  0
17345, Escape_temp_tab[172]=  0
17345, Escape_temp_tab[173]=  0
17345, Escape_temp_tab[174]=  0
17345, Escape_temp_tab[175]=  0
17345, Escape_temp_tab[176]=  0
17345, Escape_temp_tab[177]=  0
17345, Escape_temp_tab[178]=  0
17345, Escape_temp_tab[179]=  0
17345, Escape_temp_tab[180]=  0
17345, Escape_temp_tab[181]=  0
17345, Escape_temp_tab[182]=  0
17345, Escape_temp_tab[183]=  0
17345, Escape_temp_tab[184]=  0
17345, Escape_temp_tab[185]=  0
17345, Escape_temp_tab[186]=  0
17345, Escape_temp_tab[187]=  0
17345, Escape_temp_tab[188]=  0
17345, Escape_temp_tab[189]=  0
17345, Escape_temp_tab[190]=  0
17345, Escape_temp_tab[191]=  0
17345, Escape_temp_tab[192]=  0
17345, Escape_temp_tab[193]=  0
17345, Escape_temp_tab[194]=  0
17345, Escape_temp_tab[195]=  0
17345, Escape_temp_tab[196]=  0
17345, Escape_temp_tab[197]=  0
17345, Escape_temp_tab[198]=  0
17345, Escape_temp_tab[199]=  0
17345, Escape_temp_tab[200]=  0
17345, Escape_temp_tab[201]=  0
17345, Escape_temp_tab[202]=  0
17345, Escape_temp_tab[203]=  -11
17345, Escape_temp_tab[204]=  -19
17345, Escape_temp_tab[205]=  1
17345, Escape_temp_tab[206]=  1
17345, Escape_temp_tab[207]=  -24
17345, Escape_temp_tab[208]=  446
17345, Escape_temp_tab[209]=  1
17345, Escape_temp_tab[210]=  750
17345, Escape_temp_tab[211]=  520
17345, Escape_temp_tab[212]=  300
17345, Escape_temp_tab[213]=  675
17345, Escape_temp_tab[214]=  260
17345, Escape_temp_tab[215]=  650
17345, Escape_temp_tab[216]=  670
17345, Escape_temp_tab[217]=  630
17345, Escape_temp_tab[218]=  1
17345, Escape_temp_tab[219]=  0
17345, Escape_temp_tab[220]=  0
17345, Escape_temp_tab[221]=  0
17345, Escape_temp_tab[222]=  0
17345, Escape_temp_tab[223]=  0
17345, Escape_temp_tab[224]=  0
17345, Escape_temp_tab[225]=  0
17345, Escape_temp_tab[226]=  0
17345, Escape_temp_tab[227]=  0
17345, Escape_temp_tab[228]=  0
17345, Escape_temp_tab[229]=  0
17345, Escape_temp_tab[230]=  0
17345, Escape_temp_tab[231]=  0
17345, Escape_temp_tab[232]=  0
17345, Escape_temp_tab[233]=  0
17345, Escape_temp_tab[234]=  0
17345, Escape_temp_tab[235]=  0
17345, Escape_temp_tab[236]=  0
17345, Escape_temp_tab[237]=  170
17345, Escape_temp_tab[238]=  0
17345, Escape_temp_tab[239]=  0
17345, Escape_temp_tab[240]=  0
17345, Escape_temp_tab[241]=  0
17345, Escape_temp_tab[242]=  0
17345, Escape_temp_tab[243]=  0
17345, Escape_temp_tab[244]=  0
30653, Escape_temp_tab[1]=  4
30653, Escape_temp_tab[2]=  47
30653, Escape_temp_tab[3]=  1
30653, Escape_temp_tab[4]=  1
30653, Escape_temp_tab[5]=  shi512184043
30653, Escape_temp_tab[6]=  0
30653, Escape_temp_tab[7]=  0
30653, Escape_temp_tab[8]=  1283240303
30653, Escape_temp_tab[9]=  0
30653, Escape_temp_tab[10]=  
30653, Escape_temp_tab[11]=  218
30653, Escape_temp_tab[12]=  
30653, Escape_temp_tab[13]=  72006406
30653, Escape_temp_tab[14]=  0
30653, Escape_temp_tab[15]=  480
30653, Escape_temp_tab[16]=  41
30653, Escape_temp_tab[17]=  0
30653, Escape_temp_tab[18]=  0
30653, Escape_temp_tab[19]=  0
30653, Escape_temp_tab[20]=  0
30653, Escape_temp_tab[21]=  1
30653, Escape_temp_tab[22]=  204
30653, Escape_temp_tab[23]=  ¬≥À‡
30653, Escape_temp_tab[24]=  1
30653, Escape_temp_tab[25]=  0
30653, Escape_temp_tab[26]=  0
30653, Escape_temp_tab[27]=  1
30653, Escape_temp_tab[28]=  0
30653, Escape_temp_tab[29]=  12274
30653, Escape_temp_tab[30]=  0
30653, Escape_temp_tab[31]=  7
30653, Escape_temp_tab[32]=  3438
30653, Escape_temp_tab[33]=  2
30653, Escape_temp_tab[34]=  0
30653, Escape_temp_tab[35]=  5024
30653, Escape_temp_tab[36]=  0
30653, Escape_temp_tab[37]=  3
30653, Escape_temp_tab[38]=  5
30653, Escape_temp_tab[39]=  0
30653, Escape_temp_tab[40]=  5
30653, Escape_temp_tab[41]=  0
30653, Escape_temp_tab[42]=  0
30653, Escape_temp_tab[43]=  0
30653, Escape_temp_tab[44]=  0
30653, Escape_temp_tab[45]=  0
30653, Escape_temp_tab[46]=  0
30653, Escape_temp_tab[47]=  0
30653, Escape_temp_tab[48]=  0
30653, Escape_temp_tab[49]=  0
30653, Escape_temp_tab[50]=  0
30653, Escape_temp_tab[51]=  0
30653, Escape_temp_tab[52]=  0
30653, Escape_temp_tab[53]=  0
30653, Escape_temp_tab[54]=  0
30653, Escape_temp_tab[55]=  0
30653, Escape_temp_tab[56]=  0
30653, Escape_temp_tab[57]=  0
30653, Escape_temp_tab[58]=  0
30653, Escape_temp_tab[59]=  0
30653, Escape_temp_tab[60]=  257
30653, Escape_temp_tab[61]=  0
30653, Escape_temp_tab[62]=  0
30653, Escape_temp_tab[63]=  0
30653, Escape_temp_tab[64]=  0
30653, Escape_temp_tab[65]=  0
30653, Escape_temp_tab[66]=  0
30653, Escape_temp_tab[67]=  0
30653, Escape_temp_tab[68]=  0
30653, Escape_temp_tab[69]=  4
30653, Escape_temp_tab[70]=  3
30653, Escape_temp_tab[71]=  4
30653, Escape_temp_tab[72]=  0
30653, Escape_temp_tab[73]=  3585
30653, Escape_temp_tab[74]=  1781615426
30653, Escape_temp_tab[75]=  0
30653, Escape_temp_tab[76]=  0
30653, Escape_temp_tab[77]=  0
30653, Escape_temp_tab[78]=  0
30653, Escape_temp_tab[79]=  0
30653, Escape_temp_tab[80]=  0
30653, Escape_temp_tab[81]=  0
30653, Escape_temp_tab[82]=  0
30653, Escape_temp_tab[83]=  0
30653, Escape_temp_tab[84]=  0
30653, Escape_temp_tab[85]=  0
30653, Escape_temp_tab[86]=  0
30653, Escape_temp_tab[87]=  0
30653, Escape_temp_tab[88]=  0
30653, Escape_temp_tab[89]=  0
30653, Escape_temp_tab[90]=  0
30653, Escape_temp_tab[91]=  0
30653, Escape_temp_tab[92]=  0
30653, Escape_temp_tab[93]=  0
30653, Escape_temp_tab[94]=  0
30653, Escape_temp_tab[95]=  0
30653, Escape_temp_tab[96]=  0
30653, Escape_temp_tab[97]=  0
30653, Escape_temp_tab[98]=  0
30653, Escape_temp_tab[99]=  0
30653, Escape_temp_tab[100]=  0
30653, Escape_temp_tab[101]=  0
30653, Escape_temp_tab[102]=  0
30653, Escape_temp_tab[103]=  0
30653, Escape_temp_tab[104]=  0
30653, Escape_temp_tab[105]=  0
30653, Escape_temp_tab[106]=  
30653, Escape_temp_tab[107]=  
30653, Escape_temp_tab[108]=  
30653, Escape_temp_tab[109]=  
30653, Escape_temp_tab[110]=  
30653, Escape_temp_tab[111]=  0
30653, Escape_temp_tab[112]=  0
30653, Escape_temp_tab[113]=  0
30653, Escape_temp_tab[114]=  0
30653, Escape_temp_tab[115]=  0
30653, Escape_temp_tab[116]=  0
30653, Escape_temp_tab[117]=  0
30653, Escape_temp_tab[118]=  773124
30653, Escape_temp_tab[119]=  24
30653, Escape_temp_tab[120]=  0
30653, Escape_temp_tab[121]=  0
30653, Escape_temp_tab[122]=  0
30653, Escape_temp_tab[123]=  0
30653, Escape_temp_tab[124]=  270
30653, Escape_temp_tab[125]=  480
30653, Escape_temp_tab[126]=  250
30653, Escape_temp_tab[127]=  440
30653, Escape_temp_tab[128]=  165
30653, Escape_temp_tab[129]=  770
30653, Escape_temp_tab[130]=  385
30653, Escape_temp_tab[131]=  260
30653, Escape_temp_tab[132]=  32811
30653, Escape_temp_tab[133]=  5146
30653, Escape_temp_tab[134]=  57344
30653, Escape_temp_tab[135]=  10712
30653, Escape_temp_tab[136]=  11008
30653, Escape_temp_tab[137]=  15616
30653, Escape_temp_tab[138]=  10752
30653, Escape_temp_tab[139]=  14336
30653, Escape_temp_tab[140]=  13568
30653, Escape_temp_tab[141]=  11264
30653, Escape_temp_tab[142]=  11520
30653, Escape_temp_tab[143]=  7936
30653, Escape_temp_tab[144]=  8194
30653, Escape_temp_tab[145]=  8450
30653, Escape_temp_tab[146]=  8706
30653, Escape_temp_tab[147]=  8962
30653, Escape_temp_tab[148]=  9218
30653, Escape_temp_tab[149]=  9474
30653, Escape_temp_tab[150]=  2
30653, Escape_temp_tab[151]=  0
30653, Escape_temp_tab[152]=  14336
30653, Escape_temp_tab[153]=  5890
30653, Escape_temp_tab[154]=  12
30653, Escape_temp_tab[155]=  0
30653, Escape_temp_tab[156]=  0
30653, Escape_temp_tab[157]=  0
30653, Escape_temp_tab[158]=  64512
30653, Escape_temp_tab[159]=  47
30653, Escape_temp_tab[160]=  0
30653, Escape_temp_tab[161]=  0
30653, Escape_temp_tab[162]=  0
30653, Escape_temp_tab[163]=  0
30653, Escape_temp_tab[164]=  0
30653, Escape_temp_tab[165]=  0
30653, Escape_temp_tab[166]=  0
30653, Escape_temp_tab[167]=  0
30653, Escape_temp_tab[168]=  0
30653, Escape_temp_tab[169]=  0
30653, Escape_temp_tab[170]=  0
30653, Escape_temp_tab[171]=  0
30653, Escape_temp_tab[172]=  0
30653, Escape_temp_tab[173]=  0
30653, Escape_temp_tab[174]=  0
30653, Escape_temp_tab[175]=  0
30653, Escape_temp_tab[176]=  0
30653, Escape_temp_tab[177]=  0
30653, Escape_temp_tab[178]=  0
30653, Escape_temp_tab[179]=  0
30653, Escape_temp_tab[180]=  0
30653, Escape_temp_tab[181]=  0
30653, Escape_temp_tab[182]=  0
30653, Escape_temp_tab[183]=  0
30653, Escape_temp_tab[184]=  0
30653, Escape_temp_tab[185]=  0
30653, Escape_temp_tab[186]=  0
30653, Escape_temp_tab[187]=  0
30653, Escape_temp_tab[188]=  0
30653, Escape_temp_tab[189]=  0
30653, Escape_temp_tab[190]=  0
30653, Escape_temp_tab[191]=  0
30653, Escape_temp_tab[192]=  0
30653, Escape_temp_tab[193]=  0
30653, Escape_temp_tab[194]=  0
30653, Escape_temp_tab[195]=  0
30653, Escape_temp_tab[196]=  0
30653, Escape_temp_tab[197]=  0
30653, Escape_temp_tab[198]=  0
30653, Escape_temp_tab[199]=  0
30653, Escape_temp_tab[200]=  0
30653, Escape_temp_tab[201]=  0
30653, Escape_temp_tab[202]=  0
30653, Escape_temp_tab[203]=  -23
30653, Escape_temp_tab[204]=  -14
30653, Escape_temp_tab[205]=  1
30653, Escape_temp_tab[206]=  1
30653, Escape_temp_tab[207]=  -46
30653, Escape_temp_tab[208]=  302
30653, Escape_temp_tab[209]=  440
30653, Escape_temp_tab[210]=  165
30653, Escape_temp_tab[211]=  770
30653, Escape_temp_tab[212]=  385
30653, Escape_temp_tab[213]=  260
30653, Escape_temp_tab[214]=  270
30653, Escape_temp_tab[215]=  480
30653, Escape_temp_tab[216]=  250
30653, Escape_temp_tab[217]=  1
30653, Escape_temp_tab[218]=  1
30653, Escape_temp_tab[219]=  0
30653, Escape_temp_tab[220]=  0
30653, Escape_temp_tab[221]=  0
30653, Escape_temp_tab[222]=  0
30653, Escape_temp_tab[223]=  0
30653, Escape_temp_tab[224]=  0
30653, Escape_temp_tab[225]=  0
30653, Escape_temp_tab[226]=  0
30653, Escape_temp_tab[227]=  0
30653, Escape_temp_tab[228]=  0
30653, Escape_temp_tab[229]=  0
30653, Escape_temp_tab[230]=  0
30653, Escape_temp_tab[231]=  0
30653, Escape_temp_tab[232]=  0
30653, Escape_temp_tab[233]=  0
30653, Escape_temp_tab[234]=  0
30653, Escape_temp_tab[235]=  0
30653, Escape_temp_tab[236]=  0
30653, Escape_temp_tab[237]=  70
30653, Escape_temp_tab[238]=  0
30653, Escape_temp_tab[239]=  0
30653, Escape_temp_tab[240]=  0
30653, Escape_temp_tab[241]=  0
30653, Escape_temp_tab[242]=  0
30653, Escape_temp_tab[243]=  0
30653, Escape_temp_tab[244]=  0
