5133, ////////////////天梯ELO积分计算――逃跑///////////////////
5133, TT_New_Point = 592
5133, TT_Old_Point = 615
5133, TT_Add_Point = -23
7477, ////////////////天梯ELO积分计算――逃跑///////////////////
7477, TT_New_Point = 478
7477, TT_Old_Point = 501
7477, TT_Add_Point = -23
7629, ////////////////天梯ELO积分计算――逃跑///////////////////
7629, TT_New_Point = 478
7629, TT_Old_Point = 501
7629, TT_Add_Point = -23
11821, ////////////////天梯ELO积分计算――逃跑///////////////////
11821, TT_New_Point = 535
11821, TT_Old_Point = 559
11821, TT_Add_Point = -24
17345, ////////////////天梯ELO积分计算――逃跑///////////////////
17345, TT_New_Point = 638
17345, TT_Old_Point = 662
17345, TT_Add_Point = -24
30653, ////////////////天梯ELO积分计算――逃跑///////////////////
30653, TT_New_Point = 555
30653, TT_Old_Point = 578
30653, TT_Add_Point = -23
