9716,  0:2:45 ,消灭魏国刀兵,获得69
10025,  0:2:50 ,消灭魏国刀兵,获得69
12435,  0:3:31 ,消灭魏国刀兵,获得81
21643,  0:6:7 ,消灭魏国弩手,获得92
22260,  0:6:18 ,英雄歼灭马超,获得227
24510,  0:6:56 ,消灭魏国刀兵,获得76
24510,  0:6:56 ,消灭魏国刀兵,获得76
24679,  0:6:59 ,消灭魏国弩手,获得78
24698,  0:6:59 ,消灭魏国弩手,获得69
33670,  0:9:32 ,消灭魏国刀兵,获得81
33766,  0:9:34 ,消灭魏国刀兵,获得81
33993,  0:9:37 ,消灭魏国弩手,获得78
34717,  0:9:50 ,消灭魏国刀兵,获得83
34722,  0:9:50 ,消灭魏国刀兵,获得78
38439,  0:10:53 ,消灭魏国刀兵,获得69
38458,  0:10:53 ,消灭魏国刀兵,获得81
42193,  0:11:57 ,英雄歼灭曹丕,获得168
42911,  0:12:9 ,英雄歼灭马云禄,获得230
46886,  0:13:17 ,消灭老虎,获得140
46886,  0:13:17 ,英雄歼灭马云禄,获得231
52747,  0:14:56 ,英雄歼灭贾诩,获得238
53478,  0:15:9 ,消灭魏国刀兵,获得71
53555,  0:15:10 ,消灭魏国弩手,获得99
53951,  0:15:17 ,消灭魏国刀兵,获得83
53959,  0:15:17 ,消灭魏国刀兵,获得83
54092,  0:15:19 ,消灭投石车,获得189
54257,  0:15:22 ,消灭魏国刀兵,获得71
58231,  0:16:29 ,消灭魏国刀兵,获得81
58237,  0:16:30 ,消灭魏国刀兵,获得74
59066,  0:16:44 ,英雄歼灭邓芝,获得196
61420,  0:17:24 ,英雄歼灭马岱,获得232
61423,  0:17:24 ,消灭魏国弩手,获得71
62543,  0:17:43 ,消灭投石车,获得191
62690,  0:17:45 ,消灭孔明灯,获得36
66266,  0:18:46 ,消灭魏国弩手,获得77
66357,  0:18:48 ,消灭孔明灯,获得36
66754,  0:18:54 ,消灭投石车,获得191
67282,  0:19:3 ,消灭魏国刀兵,获得77
67304,  0:19:4 ,消灭魏国弩手,获得82
67320,  0:19:4 ,消灭魏国弩手,获得77
67542,  0:19:8 ,消灭魏国刀兵,获得84
67897,  0:19:14 ,消灭投石车,获得192
68708,  0:19:28 ,消灭老虎(小),获得72
68768,  0:19:29 ,英雄歼灭邓艾,获得321
71255,  0:20:11 ,消灭魏国刀兵,获得82
71256,  0:20:11 ,消灭魏国刀兵,获得72
71258,  0:20:11 ,消灭魏国刀兵,获得87
71272,  0:20:11 ,消灭魏国弩手,获得72
71341,  0:20:12 ,消灭魏国弩手,获得77
