2018-10-08 21:26:26:831 PID:12552 FM:     0  ReplayName = D:\起凡\7fgame\replay\MyGame\AutoSave\my_replays0131.7fr  
2018-10-08 21:26:26:831 PID:12552 FM:     0  自动保存的平台路径：/replay="D:\起凡\7fgame\replay\MyGame\AutoSave\my_replays0131.7fr"  
2018-10-08 21:26:26:831 PID:12552 FM:     0   ReplayName2 = D:\起凡\7fgame\replay\MyGame  
2018-10-08 21:26:26:831 PID:12552 FM:     0  玩家保存的平台路径：/replaypath="D:\起凡\7fgame\replay\MyGame\"  
2018-10-08 21:26:38:224 PID:12552 FM:     0  TRUN_VASL[4] 
2018-10-08 21:28:21:461 PID:12552 FM:  3221  保存录像[354687] FM[3221] [ ] 
2018-10-08 21:28:21:463 PID:12552 FM:  3221  压缩文件[.\core\hct.o]成功。(.\core\hct.o.zip) 
2018-10-08 21:28:21:464 PID:12552 FM:  3221  FILES 0 13493 .\core\hct.o  
2018-10-08 21:28:21:465 PID:12552 FM:  3221  删除临时文件[1] [.\core\hct.o.zip]  
2018-10-08 21:28:58:150 PID:12552 FM:  5389  保存录像[391375] FM[5389] [ ] 
2018-10-08 21:29:33:932 PID:12552 FM:  7501  保存录像[427156] FM[7501] [ ] 
2018-10-08 21:30:09:681 PID:12552 FM:  9609  保存录像[462906] FM[9609] [ ] 
2018-10-08 21:30:45:276 PID:12552 FM: 11709  保存录像[498500] FM[11709] [ ] 
2018-10-08 21:31:20:712 PID:12552 FM: 13801  保存录像[533937] FM[13801] [ ] 
2018-10-08 21:31:55:572 PID:12552 FM: 15857  保存录像[568796] FM[15857] [ ] 
2018-10-08 21:32:30:885 PID:12552 FM: 17941  保存录像[604109] FM[17941] [ ] 
2018-10-08 21:33:08:152 PID:12552 FM: 20137  保存录像[641375] FM[20137] [ ] 
2018-10-08 21:33:43:416 PID:12552 FM: 22221  保存录像[676640] FM[22221] [ ] 
2018-10-08 21:34:19:931 PID:12552 FM: 24365  保存录像[713156] FM[24365] [ ] 
2018-10-08 21:34:55:752 PID:12552 FM: 26489  保存录像[748968] FM[26489] [ ] 
2018-10-08 21:35:33:259 PID:12552 FM: 28701  保存录像[786484] FM[28701] [ ] 
2018-10-08 21:36:08:558 PID:12552 FM: 30785  保存录像[821781] FM[30785] [ ] 
2018-10-08 21:36:43:963 PID:12552 FM: 32873  保存录像[857187] FM[32873] [ ] 
2018-10-08 21:37:19:353 PID:12552 FM: 34961  保存录像[892578] FM[34961] [ ] 
2018-10-08 21:37:54:947 PID:12552 FM: 37061  保存录像[928171] FM[37061] [ ] 
2018-10-08 21:38:31:551 PID:12552 FM: 39205  保存录像[964765] FM[39205] [ ] 
2018-10-08 21:39:06:619 PID:12552 FM: 41289  保存录像[999843] FM[41289] [ ] 
2018-10-08 21:39:41:853 PID:12552 FM: 43369  保存录像[1035078] FM[43369] [ ] 
2018-10-08 21:40:17:665 PID:12552 FM: 45481  保存录像[1070890] FM[45481] [ ] 
2018-10-08 21:40:54:136 PID:12552 FM: 47633  保存录像[1107359] FM[47633] [ ] 
2018-10-08 21:41:29:776 PID:12552 FM: 49733  保存录像[1143000] FM[49733] [ ] 
2018-10-08 21:42:04:917 PID:12552 FM: 51809  保存录像[1178140] FM[51809] [ ] 
2018-10-08 21:42:39:748 PID:12552 FM: 53865  保存录像[1212968] FM[53865] [ ] 
2018-10-08 21:43:15:275 PID:12552 FM: 55961  保存录像[1248500] FM[55961] [ ] 
2018-10-08 21:43:50:182 PID:12552 FM: 58021  保存录像[1283406] FM[58021] [ ] 
2018-10-08 21:44:25:713 PID:12552 FM: 60117  保存录像[1318937] FM[60117] [ ] 
2018-10-08 21:45:02:027 PID:12552 FM: 62245  保存录像[1355250] FM[62245] [ ] 
2018-10-08 21:45:36:901 PID:12552 FM: 64317  保存录像[1390125] FM[64317] [ ] 
2018-10-08 21:46:12:494 PID:12552 FM: 66417  保存录像[1425718] FM[66417] [ ] 
2018-10-08 21:46:47:135 PID:12552 FM: 68461  保存录像[1460359] FM[68461] [ ] 
2018-10-08 21:47:23:760 PID:12552 FM: 70621  保存录像[1496984] FM[70621] [ ] 
2018-10-08 21:47:58:956 PID:12552 FM: 72701  保存录像[1532171] FM[72701] [ ] 
2018-10-08 21:48:34:276 PID:12552 FM: 74781  保存录像[1567500] FM[74781] [ ] 
2018-10-08 21:49:10:181 PID:12552 FM: 76893  保存录像[1603406] FM[76893] [ ] 
2018-10-08 21:49:45:104 PID:12552 FM: 78961  保存录像[1638328] FM[78961] [ ] 
2018-10-08 21:50:20:509 PID:12552 FM: 81049  保存录像[1673734] FM[81049] [ ] 
2018-10-08 21:50:55:886 PID:12552 FM: 83137  保存录像[1709109] FM[83137] [ ] 
2018-10-08 21:51:31:479 PID:12552 FM: 85237  保存录像[1744703] FM[85237] [ ] 
2018-10-08 21:52:08:431 PID:12552 FM: 87417  保存录像[1781656] FM[87417] [ ] 
2018-10-08 21:52:43:838 PID:12552 FM: 89501  保存录像[1817062] FM[89501] [ ] 
2018-10-08 21:53:20:150 PID:12552 FM: 91649  保存录像[1853375] FM[91649] [ ] 
2018-10-08 21:53:57:651 PID:12552 FM: 93861  保存录像[1890875] FM[93861] [ ] 
2018-10-08 21:54:34:683 PID:12552 FM: 96045  保存录像[1927906] FM[96045] [ ] 
2018-10-08 21:55:10:052 PID:12552 FM: 98125  保存录像[1963265] FM[98125] [ ] 
2018-10-08 21:55:45:509 PID:12552 FM:100225  保存录像[1998734] FM[100225] [ ] 
2018-10-08 21:56:20:792 PID:12552 FM:102305  保存录像[2034015] FM[102305] [ ] 
2018-10-08 21:56:58:137 PID:12552 FM:104505  保存录像[2071359] FM[104505] [ ] 
2018-10-08 21:57:33:820 PID:12552 FM:106613  保存录像[2107031] FM[106613] [ ] 
2018-10-08 21:58:09:400 PID:12552 FM:108713  保存录像[2142625] FM[108713] [ ] 
2018-10-08 21:58:44:509 PID:12552 FM:110785  保存录像[2177734] FM[110785] [ ] 
2018-10-08 21:59:20:635 PID:12552 FM:112917  保存录像[2213859] FM[112917] [ ] 
2018-10-08 21:59:55:338 PID:12552 FM:114965  保存录像[2248562] FM[114965] [ ] 
2018-10-08 22:00:31:653 PID:12552 FM:117105  保存录像[2284875] FM[117105] [ ] 
2018-10-08 22:01:06:869 PID:12552 FM:119185  保存录像[2320093] FM[119185] [ ] 
2018-10-08 22:01:42:010 PID:12552 FM:121257  保存录像[2355234] FM[121257] [ ] 
2018-10-08 22:02:17:824 PID:12552 FM:123369  保存录像[2391046] FM[123369] [ ] 
2018-10-08 22:02:54:339 PID:12552 FM:125521  保存录像[2427562] FM[125521] [ ] 
2018-10-08 22:03:31:370 PID:12552 FM:127701  保存录像[2464593] FM[127701] [ ] 
2018-10-08 22:04:06:464 PID:12552 FM:129781  保存录像[2499687] FM[129781] [ ] 
2018-10-08 22:04:43:589 PID:12552 FM:131949  保存录像[2536812] FM[131949] [ ] 
2018-10-08 22:05:19:558 PID:12552 FM:134093  保存录像[2572781] FM[134093] [ ] 
2018-10-08 22:05:56:028 PID:12552 FM:136245  保存录像[2609250] FM[136245] [ ] 
2018-10-08 22:06:32:009 PID:12552 FM:138369  保存录像[2645234] FM[138369] [ ] 
2018-10-08 22:07:06:855 PID:12552 FM:140425  保存录像[2680078] FM[140425] [ ] 
2018-10-08 22:07:42:449 PID:12552 FM:142525  保存录像[2715671] FM[142525] [ ] 
2018-10-08 22:08:19:197 PID:12552 FM:144689  保存录像[2752421] FM[144689] [ ] 
2018-10-08 22:08:48:338 PID:12552 FM:146335  填充脚本自定义数据[2781562] FM[146335] LEN[11221] 
2018-10-08 22:08:48:338 PID:12552 FM:146335  ONOVERVIDEOSYS [] 
2018-10-08 22:08:48:338 PID:12552 FM:146335  保存录像[2781562] FM[146335] [ ] 
2018-10-08 22:08:48:338 PID:12552 FM:146335  游戏结束保存录像 [1] 
2018-10-08 22:08:48:341 PID:12552 FM:146335  SAVEAS[2781562] [OK] LOCAL [log12552-2018.10.08-21.26.26/replay12552.7fr] Error[0] 
2018-10-08 22:08:48:341 PID:12552 FM:146335  SAVEAS[2781562] [OK] TARGET[D:\起凡\7fgame\replay\MyGame\AutoSave\my_replays0131.7fr] Error[0] 
2018-10-08 22:08:48:342 PID:12552 FM:146335  退出游戏(结束), code 1
 
2018-10-08 22:08:48:342 PID:12552 FM:146335  向服务器发送录像信息(无请求) 
