7849, s341/2/0
7849, t341/21834/10
7981, s342/2/0
7981, t342/21824/50
8089, s343/2/0
8089, t343/21774/100
8201, s344/2/0
8201, t344/21674/100
8985, s271/2/0
8985, t271/21574/10
9425, s272/2/0
9425, t272/21564/20
10453, s271/2/0
10453, t271/21544/10
10545, s272/2/0
10545, t272/21534/20
10649, s273/2/0
10649, t273/21514/100
10997, s273/2/0
10997, t273/21414/100
11853, s273/2/0
11853, t273/21314/100
12001, s273/2/0
12001, t273/21214/100
31881, s279/2/0
31881, t279/21114/5
32013, s280/2/0
32013, t280/21109/25
32121, s281/2/0
32121, t281/21084/50
46257, s279/2/0
46257, t279/21034/5
49785, s279/2/0
49785, t279/21029/5
49897, s280/2/0
49897, t280/21024/25
49981, s281/2/0
49981, t281/20999/50
50081, s282/2/0
50081, t282/20949/100
50225, s282/2/0
50225, t282/20849/100
57585, s598/2/0
57585, t598/20749/10
57705, s599/2/0
57705, t599/20739/50
58385, s600/2/0
58385, t600/20689/100
62621, s309/2/0
62621, t309/20589/10
62733, s310/2/0
62733, t310/20579/50
62845, s311/2/0
62845, t311/20529/100
62965, s312/2/0
62965, t312/20429/100
63077, s312/2/0
63077, t312/20329/100
63185, s312/2/0
63185, t312/20229/100
63297, s312/2/0
63297, t312/20129/100
65665, s309/2/0
65665, t309/20029/10
65773, s310/2/0
65773, t310/20019/50
65869, s311/2/0
65869, t311/19969/100
71193, s309/2/0
71193, t309/19869/10
71305, s310/2/0
71305, t310/19859/50
71665, s311/2/0
71665, t311/19809/100
71785, s312/2/0
71785, t312/19709/100
71885, s312/2/0
71885, t312/19609/100
71985, s312/2/0
71985, t312/19509/100
72081, s312/2/0
72081, t312/19409/100
75141, s309/2/0
75141, t309/19309/10
75245, s310/2/0
75245, t310/19299/50
75353, s311/2/0
75353, t311/19249/100
75453, s312/2/0
75453, t312/19149/100
75553, s312/2/0
75553, t312/19049/100
75669, s312/2/0
75669, t312/18949/100
75781, s312/2/0
75781, t312/18849/100
82121, s309/2/0
82121, t309/18749/10
82405, s310/2/0
82405, t310/18739/50
82669, s311/2/0
82669, t311/18689/100
83077, s312/2/0
83077, t312/18589/100
83209, s312/2/0
83209, t312/18489/100
83309, s312/2/0
83309, t312/18389/100
83421, s312/2/0
83421, t312/18289/100
84573, s309/2/0
84573, t309/18189/10
84697, s310/2/0
84697, t310/18179/50
84785, s311/2/0
84785, t311/18129/100
84889, s312/2/0
84889, t312/18029/100
85001, s312/2/0
85001, t312/17929/100
87145, s309/2/0
87145, t309/17829/10
87281, s310/2/0
87281, t310/17819/50
87401, s311/2/0
87401, t311/17769/100
87529, s312/2/0
87529, t312/17669/100
95045, s309/2/0
95045, t309/17569/10
95153, s310/2/0
95153, t310/17559/50
95297, s311/2/0
95297, t311/17509/100
98221, s309/2/0
98221, t309/17409/10
99065, s310/2/0
99065, t310/17399/50
99573, s311/2/0
99573, t311/17349/100
99749, s312/2/0
99749, t312/17249/100
99897, s312/2/0
99897, t312/17149/100
107013, s309/2/0
107013, t309/17049/10
107145, s310/2/0
107145, t310/17039/50
107285, s311/2/0
107285, t311/16989/100
107397, s312/2/0
107397, t312/16889/100
107601, s312/2/0
107601, t312/16789/100
