146335, mvp_value =461, famous_point = 1, famous_point_per = 10
146335, result_per = 1, time_per = 1, num_per = 1
146335, 计算经验值为471
146335, 需刷新,疲劳度为200
146335, 计算经验值为942
146335, mvp_value =303, famous_point = 0, famous_point_per = 10
146335, result_per = 1, time_per = 1, num_per = 1
146335, 计算经验值为303
146335, 需刷新,疲劳度为200
146335, 计算经验值为606
146335, mvp_value =500, famous_point = 7, famous_point_per = 10
146335, result_per = 1, time_per = 1, num_per = 1
146335, 计算经验值为570
146335, 需刷新,疲劳度为200
146335, 计算经验值为1140
146335, mvp_value =500, famous_point = 1, famous_point_per = 10
146335, result_per = 1, time_per = 1, num_per = 1
146335, 计算经验值为510
146335, 需刷新,疲劳度为200
146335, 计算经验值为1020
146335, mvp_value =433, famous_point = 0, famous_point_per = 10
146335, result_per = 1, time_per = 1, num_per = 1
146335, 计算经验值为433
146335, 需刷新,疲劳度为200
146335, 计算经验值为866
146335, mvp_value =428, famous_point = 0, famous_point_per = 10
146335, result_per = 1, time_per = 1, num_per = 1
146335, 计算经验值为428
146335, 需刷新,疲劳度为200
146335, 计算经验值为856
146335, mvp_value =500, famous_point = 4, famous_point_per = 10
146335, result_per = 1, time_per = 1, num_per = 1
146335, 计算经验值为540
146335, 需刷新,疲劳度为200
146335, 计算经验值为1080
146335, mvp_value =500, famous_point = 1, famous_point_per = 10
146335, result_per = 1, time_per = 1, num_per = 1
146335, 计算经验值为510
146335, 需刷新,疲劳度为200
146335, 计算经验值为1020
146335, mvp_value =351, famous_point = 0, famous_point_per = 10
146335, result_per = 1, time_per = 1, num_per = 1
146335, 计算经验值为351
146335, 需刷新,疲劳度为200
146335, 计算经验值为702
146335, mvp_value =500, famous_point = 0, famous_point_per = 10
146335, result_per = 1, time_per = 1, num_per = 1
146335, 计算经验值为500
146335, 需刷新,疲劳度为200
146335, 计算经验值为1000
146335, mvp_value =362, famous_point = 0, famous_point_per = 10
146335, result_per = 0.6, time_per = 1, num_per = 1
146335, 计算经验值为217
146335, 需刷新,疲劳度为200
146335, 计算经验值为434
146335, mvp_value =266, famous_point = 0, famous_point_per = 10
146335, result_per = 0.6, time_per = 1, num_per = 1
146335, 计算经验值为160
146335, 需刷新,疲劳度为200
146335, 计算经验值为320
146335, mvp_value =500, famous_point = 0, famous_point_per = 10
146335, result_per = 0.6, time_per = 1, num_per = 1
146335, 计算经验值为300
146335, 需刷新,疲劳度为200
146335, 计算经验值为600
146335, mvp_value =384, famous_point = 0, famous_point_per = 10
146335, result_per = 0.6, time_per = 1, num_per = 1
146335, 计算经验值为230
146335, 需刷新,疲劳度为200
146335, 计算经验值为460
146335, mvp_value =500, famous_point = 2, famous_point_per = 10
146335, result_per = 0.6, time_per = 1, num_per = 1
146335, 计算经验值为312
146335, 需刷新,疲劳度为200
146335, 计算经验值为624
146335, mvp_value =252, famous_point = 1, famous_point_per = 10
146335, result_per = 0.6, time_per = 1, num_per = 1
146335, 计算经验值为157
146335, 需刷新,疲劳度为200
146335, 计算经验值为314
146335, mvp_value =310, famous_point = 0, famous_point_per = 10
146335, result_per = 0.6, time_per = 1, num_per = 1
146335, 计算经验值为186
146335, 需刷新,疲劳度为200
146335, 计算经验值为372
146335, mvp_value =358, famous_point = 0, famous_point_per = 10
146335, result_per = 0.6, time_per = 1, num_per = 1
146335, 计算经验值为215
146335, 需刷新,疲劳度为200
146335, 计算经验值为430
146335, mvp_value =471, famous_point = 0, famous_point_per = 10
146335, result_per = 0.6, time_per = 1, num_per = 1
146335, 计算经验值为283
146335, 需刷新,疲劳度为200
146335, 计算经验值为566
