37237, free_local = 1, free_local_s = 0, free_local_w = 1
37237, full game rtn 1
37237, 取消求助
37237, control_id = 7, session_id = 2, zhenying = 1, roomID = 3755
37237, =======================================
39333, free_local = 0, free_local_s = 0, free_local_w = 0
39333, full game rtn 1
39333, 取消求助
39333, control_id = 14, session_id = 2, zhenying = 2, roomID = 3755
39333, =======================================
72201, free_local = 0, free_local_s = 0, free_local_w = 0
72201, full game rtn 1
72201, 取消求助
72201, control_id = 14, session_id = 2, zhenying = 2, roomID = 3755
72201, =======================================
87417, free_local = 0, free_local_s = 0, free_local_w = 0
87417, full game rtn 1
87417, 取消求助
87417, control_id = 12, session_id = 2, zhenying = 2, roomID = 3755
87417, =======================================
98285, free_local = 0, free_local_s = 0, free_local_w = 0
98285, full game rtn 1
98285, 取消求助
98285, control_id = 12, session_id = 2, zhenying = 2, roomID = 3755
98285, =======================================
136825, free_local = 0, free_local_s = 0, free_local_w = 0
136825, full game rtn 1
136825, 取消求助
136825, control_id = 18, session_id = 2, zhenying = 2, roomID = 3755
136825, =======================================
