146335, p_control_id = 1
146335, Old_Point = 716
146335, Add_Point = 16
146335, New_Point_Real = 732
146335, G_Tab.ELOpoint[p_control_id][ELOkind + 2] = 77
146335, p_control_id = 2
146335, Old_Point = 598
146335, Add_Point = 21
146335, New_Point_Real = 619
146335, G_Tab.ELOpoint[p_control_id][ELOkind + 2] = 131
146335, p_control_id = 3
146335, Old_Point = 778
146335, Add_Point = 26
146335, New_Point_Real = 804
146335, G_Tab.ELOpoint[p_control_id][ELOkind + 2] = 239
146335, p_control_id = 4
146335, Old_Point = 544
146335, Add_Point = 23
146335, New_Point_Real = 567
146335, G_Tab.ELOpoint[p_control_id][ELOkind + 2] = 4263
146335, p_control_id = 5
146335, Old_Point = 711
146335, Add_Point = 16
146335, New_Point_Real = 727
146335, G_Tab.ELOpoint[p_control_id][ELOkind + 2] = 2314
146335, p_control_id = 6
146335, Old_Point = 794
146335, Add_Point = 12
146335, New_Point_Real = 806
146335, G_Tab.ELOpoint[p_control_id][ELOkind + 2] = 215
146335, p_control_id = 7
146335, Old_Point = 744
146335, Add_Point = 21
146335, New_Point_Real = 765
146335, G_Tab.ELOpoint[p_control_id][ELOkind + 2] = 302
146335, p_control_id = 8
146335, Old_Point = 693
146335, Add_Point = 20
146335, New_Point_Real = 713
146335, G_Tab.ELOpoint[p_control_id][ELOkind + 2] = 2500
146335, p_control_id = 9
146335, Old_Point = 730
146335, Add_Point = 15
146335, New_Point_Real = 745
146335, G_Tab.ELOpoint[p_control_id][ELOkind + 2] = 633
146335, p_control_id = 10
146335, Old_Point = 794
146335, Add_Point = 12
146335, New_Point_Real = 806
146335, G_Tab.ELOpoint[p_control_id][ELOkind + 2] = 250
146335, p_control_id = 11
146335, Old_Point = 716
146335, Add_Point = -16
146335, New_Point_Real = 700
146335, G_Tab.ELOpoint[p_control_id][ELOkind + 2] = 5959
146335, p_control_id = 12
146335, Old_Point = 788
146335, Add_Point = -20
146335, New_Point_Real = 768
146335, G_Tab.ELOpoint[p_control_id][ELOkind + 2] = 6328
146335, p_control_id = 13
146335, Old_Point = 740
146335, Add_Point = -10
146335, New_Point_Real = 730
146335, G_Tab.ELOpoint[p_control_id][ELOkind + 2] = 93
146335, p_control_id = 14
146335, Old_Point = 644
146335, Add_Point = -13
146335, New_Point_Real = 631
146335, G_Tab.ELOpoint[p_control_id][ELOkind + 2] = 208
146335, p_control_id = 15
146335, Old_Point = 758
146335, Add_Point = -9
146335, New_Point_Real = 749
146335, G_Tab.ELOpoint[p_control_id][ELOkind + 2] = 2054
146335, p_control_id = 16
146335, Old_Point = 683
146335, Add_Point = -15
146335, New_Point_Real = 668
146335, G_Tab.ELOpoint[p_control_id][ELOkind + 2] = 2827
146335, p_control_id = 17
146335, Old_Point = 725
146335, Add_Point = -17
146335, New_Point_Real = 708
146335, G_Tab.ELOpoint[p_control_id][ELOkind + 2] = 5924
146335, p_control_id = 18
146335, Old_Point = 434
146335, Add_Point = -5
146335, New_Point_Real = 429
146335, G_Tab.ELOpoint[p_control_id][ELOkind + 2] = 508
146335, p_control_id = 19
146335, Old_Point = 748
146335, Add_Point = -18
146335, New_Point_Real = 730
146335, G_Tab.ELOpoint[p_control_id][ELOkind + 2] = 1666
146335, p_control_id = 20
146335, Old_Point = 828
146335, Add_Point = -15
146335, New_Point_Real = 813
146335, G_Tab.ELOpoint[p_control_id][ELOkind + 2] = 4207
