146335, control_id = 1
146335, MyMVP = 461
146335, Midmvp = 461
146335, iswin = 1
146335, control_id = 1
146335, MyMVP = 461
146335, Midmvp = 461
146335, iswin = 1
146335, control_id = 2
146335, MyMVP = 303
146335, Midmvp = 461
146335, iswin = 1
146335, control_id = 2
146335, MyMVP = 303
146335, Midmvp = 461
146335, iswin = 1
146335, control_id = 3
146335, MyMVP = 668
146335, Midmvp = 461
146335, iswin = 1
146335, control_id = 3
146335, MyMVP = 668
146335, Midmvp = 461
146335, iswin = 1
146335, control_id = 4
146335, MyMVP = 544
146335, Midmvp = 461
146335, iswin = 1
146335, control_id = 4
146335, MyMVP = 544
146335, Midmvp = 461
146335, iswin = 1
146335, control_id = 5
146335, MyMVP = 433
146335, Midmvp = 461
146335, iswin = 1
146335, control_id = 5
146335, MyMVP = 433
146335, Midmvp = 461
146335, iswin = 1
146335, control_id = 6
146335, MyMVP = 428
146335, Midmvp = 461
146335, iswin = 1
146335, control_id = 6
146335, MyMVP = 428
146335, Midmvp = 461
146335, iswin = 1
146335, control_id = 7
146335, MyMVP = 632
146335, Midmvp = 461
146335, iswin = 1
146335, control_id = 7
146335, MyMVP = 632
146335, Midmvp = 461
146335, iswin = 1
146335, control_id = 8
146335, MyMVP = 588
146335, Midmvp = 461
146335, iswin = 1
146335, control_id = 8
146335, MyMVP = 588
146335, Midmvp = 461
146335, iswin = 1
146335, control_id = 9
146335, MyMVP = 351
146335, Midmvp = 461
146335, iswin = 1
146335, control_id = 9
146335, MyMVP = 351
146335, Midmvp = 461
146335, iswin = 1
146335, control_id = 10
146335, MyMVP = 580
146335, Midmvp = 461
146335, iswin = 1
146335, control_id = 10
146335, MyMVP = 580
146335, Midmvp = 461
146335, iswin = 1
146335, control_id = 11
146335, MyMVP = 362
146335, Midmvp = 358
146335, iswin = 0
146335, control_id = 11
146335, MyMVP = 362
146335, Midmvp = 358
146335, iswin = 0
146335, control_id = 12
146335, MyMVP = 266
146335, Midmvp = 358
146335, iswin = 0
146335, control_id = 12
146335, MyMVP = 266
146335, Midmvp = 358
146335, iswin = 0
146335, control_id = 13
146335, MyMVP = 529
146335, Midmvp = 358
146335, iswin = 0
146335, control_id = 13
146335, MyMVP = 529
146335, Midmvp = 358
146335, iswin = 0
146335, control_id = 14
146335, MyMVP = 384
146335, Midmvp = 358
146335, iswin = 0
146335, control_id = 14
146335, MyMVP = 384
146335, Midmvp = 358
146335, iswin = 0
146335, control_id = 15
146335, MyMVP = 650
146335, Midmvp = 358
146335, iswin = 0
146335, control_id = 15
146335, MyMVP = 650
146335, Midmvp = 358
146335, iswin = 0
146335, control_id = 16
146335, MyMVP = 252
146335, Midmvp = 358
146335, iswin = 0
146335, control_id = 16
146335, MyMVP = 252
146335, Midmvp = 358
146335, iswin = 0
146335, control_id = 17
146335, MyMVP = 310
146335, Midmvp = 358
146335, iswin = 0
146335, control_id = 17
146335, MyMVP = 310
146335, Midmvp = 358
146335, iswin = 0
146335, control_id = 18
146335, MyMVP = 291
146335, Midmvp = 358
146335, iswin = 0
146335, control_id = 19
146335, MyMVP = 358
146335, Midmvp = 358
146335, iswin = 0
146335, control_id = 19
146335, MyMVP = 358
146335, Midmvp = 358
146335, iswin = 0
146335, control_id = 20
146335, MyMVP = 471
146335, Midmvp = 358
146335, iswin = 0
146335, control_id = 20
146335, MyMVP = 471
146335, Midmvp = 358
146335, iswin = 0
