146335, 	玩家名	controlid	天梯10V10竞技积分	普通匹配10V10竞技积分	天梯10V10局数	普通10V10局数	天梯10V10竞技加分	普通匹配10V10竞技加分	表现系数	波动系数	高分系数	当局MVP	消费信息
146335, 	为了遇见你6	1	501	716	66	77	13	16	1	1	1	461	458
146335, 	农夫洒拳	2	514	598	126	131	13	21	1	1	1	303	467
146335, 	丿丶望天行	3	644	778	48	239	6	26	2	1	1	668	1434
146335, 	q1007121167	4	620	544	357	4263	12	23	1	1	1	544	232
146335, 	QQ邂逅的夕阳	5	551	711	178	2314	12	16	1	1	1	433	405
146335, 	萌颖颖	6	638	794	119	215	12	12	1	1	1	428	1190
146335, 	心酸苦酒自己尝	7	766	744	29	302	17	21	1.5	1	1	632	708
146335, 	最流氓的班主任	8	590	693	162	2500	10	20	1.2	1	1	588	483
146335, 	右耳钉丶残恋	9	596	730	61	633	4	15	1	1	1	351	668
146335, 	a2059069545	10	614	794	60	250	12	12	1	1	1	580	798
146335, 	q1w2chang2015	11	551	716	181	5959	-12	-16	1	1	1	362	320
146335, 	昔日小宇	12	707	788	26	6328	-6	-20	1	1	1	266	943
146335, 	走南闯北1	13	551	740	90	93	-7	-10	0.6	1	1	529	419
146335, 	YuanHang	14	553	644	178	208	-2	-13	1	1	1	384	443
146335, 	青青孑妗丶	15	600	758	177	2054	-6	-9	0.5	1	1	650	3581
146335, 	神话Oo小金龙oO	16	551	683	181	2827	-12	-15	1	1	1	252	474
146335, 	离开0000以后	17	601	725	101	5924	0	-17	1	1	1	310	296
146335, 	折支桃花换酒钱	18	501	434	49	508	0	-5	1	1	1	291	163
146335, 	qq752757499	19	615	748	73	1666	-12	-18	1	1	1	358	1043
146335, 	轩辕魂枫	20	642	828	93	4207	-8	-15	0.7	1	1	471	966
146335, ***************以下是开局时的匹配信息****************
146335, 	玩家名	controlid	天梯10V10竞技积分	普通匹配10V10竞技积分	天梯10V10局数	普通10V10局数	组队系数	组队后匹配信息	消费信息	局质量
146335, 	狼牙将士;font=390573176;a=255;r=138;g=133;b=78;|return=5|;|text=为了遇见你6	1	501	716	66	77	1.05	526	433	61
146335, 	狼牙将士;font=390573176;a=255;r=138;g=133;b=78;|return=5|;|text=农夫洒拳	2	514	598	126	131	1.05	540	432	61
146335, 	狼牙将士;font=390573176;a=255;r=138;g=133;b=78;|return=5|;|text=丿丶望天行	3	644	778	48	239	1	644	1367	61
146335, 	狼牙将士;font=390573176;a=255;r=138;g=133;b=78;|return=5|;|text=q1007121167	4	620	544	357	4263	1	620	219	61
146335, 	狼牙将士;font=390573176;a=255;r=138;g=133;b=78;|return=5|;|text=QQ邂逅的夕阳	5	551	711	178	2314	1	551	379	61
146335, 	狼牙将士;font=390573176;a=255;r=138;g=133;b=78;|return=5|;|text=萌颖颖	6	638	794	119	215	1	638	1092	61
146335, 	0	7	0	0	0	0	1	0	0	61
146335, 	狼牙将士;font=390573176;a=255;r=138;g=133;b=78;|return=5|;|text=最流氓的班主任	8	590	693	162	2500	1	590	506	61
146335, 	狼牙将士;font=390573176;a=255;r=138;g=133;b=78;|return=5|;|text=右耳钉丶残恋	9	596	730	61	633	1	596	590	61
146335, 	狼牙将士;font=390573176;a=255;r=138;g=133;b=78;|return=5|;|text=a2059069545	10	614	794	60	250	1	614	845	61
146335, 	狼牙将士;font=390573176;a=255;r=138;g=133;b=78;|return=5|;|text=q1w2chang2015	11	551	716	181	5959	1.05	579	334	61
146335, 	元芳神了	12	538	714	364	3413	1.05	565	332	61
146335, 	狼牙将士;font=390573176;a=255;r=138;g=133;b=78;|return=5|;|text=走南闯北1	13	551	740	90	93	1	551	287	61
146335, 	a张飞很帅	14	620	588	9	2363	1	620	1246	61
146335, 	狼牙将士;font=390573176;a=255;r=138;g=133;b=78;|return=5|;|text=青青孑妗丶	15	600	758	177	2054	1	600	3066	61
146335, 	狼牙将士;font=390573176;a=255;r=138;g=133;b=78;|return=5|;|text=神话Oo小金龙oO	16	551	683	181	2827	1	551	506	61
146335, 	狼牙将士;font=390573176;a=255;r=138;g=133;b=78;|return=5|;|text=离开0000以后	17	601	725	101	5924	1	601	1	61
146335, 	陈小波	18	584	717	54	390	1	584	1074	61
146335, 	狼牙将士;font=390573176;a=255;r=138;g=133;b=78;|return=5|;|text=qq752757499	19	615	748	73	1666	1	615	940	61
146335, 	狼牙将士;font=390573176;a=255;r=138;g=133;b=78;|return=5|;|text=轩辕魂枫	20	642	828	93	4207	1	642	914	61
146335, 更详细的记录在eloScore
