5, ***************开局查询积分**********************
5, 玩家名：q1w2chang2015
5, 天梯10V10竞技积分 = 564
5, 普通匹配10V10竞技积分 = 734
5, 天梯10V10局数 = 180
5, 普通10V10局数 = 5958
5, 预留 = 28
5, 段位 =  兵卒四等
5, ***************开局查询积分**********************
5, 玩家名：a张飞很帅
5, 天梯10V10竞技积分 = 620
5, 普通匹配10V10竞技积分 = 588
5, 天梯10V10局数 = 9
5, 普通10V10局数 = 2363
5, 预留 = 64
5, 段位 =  兵卒三等
5, ***************开局查询积分**********************
5, 玩家名：萌颖颖
5, 天梯10V10竞技积分 = 638
5, 普通匹配10V10竞技积分 = 794
5, 天梯10V10局数 = 119
5, 普通10V10局数 = 215
5, 预留 = 76
5, 段位 =  兵卒三等
5, ***************开局查询积分**********************
5, 玩家名：QQ邂逅的夕阳
5, 天梯10V10竞技积分 = 567
5, 普通匹配10V10竞技积分 = 722
5, 天梯10V10局数 = 177
5, 普通10V10局数 = 2313
5, 预留 = 34
5, 段位 =  兵卒四等
5, ***************开局查询积分**********************
5, 玩家名：qq752757499
5, 天梯10V10竞技积分 = 615
5, 普通匹配10V10竞技积分 = 748
5, 天梯10V10局数 = 73
5, 普通10V10局数 = 1666
5, 预留 = 30
5, 段位 =  兵卒三等
5, ***************开局查询积分**********************
5, 玩家名：轩辕魂枫
5, 天梯10V10竞技积分 = 642
5, 普通匹配10V10竞技积分 = 828
5, 天梯10V10局数 = 93
5, 普通10V10局数 = 4207
5, 预留 = 84
5, 段位 =  兵卒三等
5, ***************开局查询积分**********************
5, 玩家名：走南闯北1
5, 天梯10V10竞技积分 = 552
5, 普通匹配10V10竞技积分 = 758
5, 天梯10V10局数 = 89
5, 普通10V10局数 = 92
5, 预留 = 4
5, 段位 =  兵卒四等
5, ***************开局查询积分**********************
5, 玩家名：青青孑妗丶
5, 天梯10V10竞技积分 = 600
5, 普通匹配10V10竞技积分 = 758
5, 天梯10V10局数 = 177
5, 普通10V10局数 = 2054
5, 预留 = 100
5, 段位 =  兵卒四等
5, ***************开局查询积分**********************
5, 玩家名：为了遇见你6
5, 天梯10V10竞技积分 = 501
5, 普通匹配10V10竞技积分 = 716
5, 天梯10V10局数 = 66
5, 普通10V10局数 = 77
5, 预留 = 0
5, 段位 =  兵卒五等
5, ***************开局查询积分**********************
5, 玩家名：农夫洒拳
5, 天梯10V10竞技积分 = 514
5, 普通匹配10V10竞技积分 = 598
5, 天梯10V10局数 = 126
5, 普通10V10局数 = 131
5, 预留 = 28
5, 段位 =  兵卒五等
5, ***************开局查询积分**********************
5, 玩家名：陈小波
5, 天梯10V10竞技积分 = 584
5, 普通匹配10V10竞技积分 = 717
5, 天梯10V10局数 = 54
5, 普通10V10局数 = 390
5, 预留 = 68
5, 段位 =  兵卒四等
5, ***************开局查询积分**********************
5, 玩家名：神话Oo小金龙oO
5, 天梯10V10竞技积分 = 551
5, 普通匹配10V10竞技积分 = 683
5, 天梯10V10局数 = 181
5, 普通10V10局数 = 2827
5, 预留 = 0
5, 段位 =  兵卒四等
5, ***************开局查询积分**********************
5, 玩家名：元芳神了
5, 天梯10V10竞技积分 = 538
5, 普通匹配10V10竞技积分 = 714
5, 天梯10V10局数 = 364
5, 普通10V10局数 = 3413
5, 预留 = 76
5, 段位 =  兵卒五等
5, ***************开局查询积分**********************
5, 玩家名：q1007121167
5, 天梯10V10竞技积分 = 620
5, 普通匹配10V10竞技积分 = 544
5, 天梯10V10局数 = 357
5, 普通10V10局数 = 4263
5, 预留 = 40
5, 段位 =  兵卒三等
5, ***************开局查询积分**********************
5, 玩家名：a2059069545
5, 天梯10V10竞技积分 = 614
5, 普通匹配10V10竞技积分 = 794
5, 天梯10V10局数 = 60
5, 普通10V10局数 = 250
5, 预留 = 28
5, 段位 =  兵卒三等
5, ***************开局查询积分**********************
5, 玩家名：丿丶望天行
5, 天梯10V10竞技积分 = 644
5, 普通匹配10V10竞技积分 = 778
5, 天梯10V10局数 = 48
5, 普通10V10局数 = 239
5, 预留 = 88
5, 段位 =  兵卒三等
5, ***************开局查询积分**********************
5, 玩家名：离开0000以后
5, 天梯10V10竞技积分 = 611
5, 普通匹配10V10竞技积分 = 724
5, 天梯10V10局数 = 100
5, 普通10V10局数 = 5923
5, 预留 = 22
5, 段位 =  兵卒三等
5, ***************开局查询积分**********************
5, 玩家名：最流氓的班主任
5, 天梯10V10竞技积分 = 590
5, 普通匹配10V10竞技积分 = 693
5, 天梯10V10局数 = 162
5, 普通10V10局数 = 2500
5, 预留 = 80
5, 段位 =  兵卒四等
5, ***************开局查询积分**********************
5, 玩家名：右耳钉丶残恋
5, 天梯10V10竞技积分 = 596
5, 普通匹配10V10竞技积分 = 730
5, 天梯10V10局数 = 61
5, 普通10V10局数 = 633
5, 预留 = 92
5, 段位 =  兵卒四等
5, ***************整理逃跑玩家信息**********************
5, 玩家名：狂看那比1
5, ELOSwitch = 1
5, ELOkind = 2
5, Add_Point = 1
5, 天梯10V10竞技积分 = -10
5, 普通匹配10V10竞技积分 = 1
5, 天梯10V10局数 = 1
5, 普通10V10局数 = 1
5, 表现系数 = 1
5, 波动系数 = 1
5, 高分系数 = 1
5, 消费信息 = 1
14333, ***************整理逃跑玩家信息**********************
14333, 玩家名：a张飞很帅
14333, ELOSwitch = 1
14333, ELOkind = 2
14333, Add_Point = -8
14333, 天梯10V10竞技积分 = -21
14333, 普通匹配10V10竞技积分 = -8
14333, 天梯10V10局数 = 1
14333, 普通10V10局数 = 1
14333, 表现系数 = 1
14333, 波动系数 = 1
14333, 高分系数 = 1
14333, 消费信息 = 1122
37333, ***************开局查询积分**********************
37333, 玩家名：心酸苦酒自己尝
37333, 天梯10V10竞技积分 = 766
37333, 普通匹配10V10竞技积分 = 744
37333, 天梯10V10局数 = 29
37333, 普通10V10局数 = 302
37333, 预留 = 32
37333, 段位 =  伍长五等
37861, ***************开局查询积分**********************
37861, 玩家名：心酸苦酒自己尝
37861, 天梯10V10竞技积分 = 766
37861, 普通匹配10V10竞技积分 = 744
37861, 天梯10V10局数 = 29
37861, 普通10V10局数 = 302
37861, 预留 = 32
37861, 段位 =  伍长五等
39385, ***************开局查询积分**********************
39385, 玩家名：azsa12345
39385, 天梯10V10竞技积分 = 676
39385, 普通匹配10V10竞技积分 = 769
39385, 天梯10V10局数 = 279
39385, 普通10V10局数 = 8120
39385, 预留 = 52
39385, 段位 =  兵卒二等
39825, ***************开局查询积分**********************
39825, 玩家名：azsa12345
39825, 天梯10V10竞技积分 = 676
39825, 普通匹配10V10竞技积分 = 769
39825, 天梯10V10局数 = 279
39825, 普通10V10局数 = 8120
39825, 预留 = 52
39825, 段位 =  兵卒二等
67513, ***************整理逃跑玩家信息**********************
67513, 玩家名：azsa12345
67513, ELOSwitch = 1
67513, ELOkind = 2
67513, Add_Point = -19
67513, 天梯10V10竞技积分 = 0
67513, 普通匹配10V10竞技积分 = -19
67513, 天梯10V10局数 = 1
67513, 普通10V10局数 = 1
67513, 表现系数 = 1
67513, 波动系数 = 1
67513, 高分系数 = 1
67513, 消费信息 = 586
72261, ***************开局查询积分**********************
72261, 玩家名：YuanHang
72261, 天梯10V10竞技积分 = 553
72261, 普通匹配10V10竞技积分 = 644
72261, 天梯10V10局数 = 178
72261, 普通10V10局数 = 208
72261, 预留 = 6
72261, 段位 =  兵卒四等
72537, ***************开局查询积分**********************
72537, 玩家名：YuanHang
72537, 天梯10V10竞技积分 = 553
72537, 普通匹配10V10竞技积分 = 644
72537, 天梯10V10局数 = 178
72537, 普通10V10局数 = 208
72537, 预留 = 6
72537, 段位 =  兵卒四等
82969, ***************整理逃跑玩家信息**********************
82969, 玩家名：狼牙将士;font=390573176;a=255;r=138;g=133;b=78;|return=5|;|text=元芳神了
82969, ELOSwitch = 1
82969, ELOkind = 2
82969, Add_Point = -16
82969, 天梯10V10竞技积分 = -24
82969, 普通匹配10V10竞技积分 = -16
82969, 天梯10V10局数 = 1
82969, 普通10V10局数 = 1
82969, 表现系数 = 1
82969, 波动系数 = 1
82969, 高分系数 = 1
82969, 消费信息 = 332
87465, ***************开局查询积分**********************
87465, 玩家名：科技易能丶贰
87465, 天梯10V10竞技积分 = 507
87465, 普通匹配10V10竞技积分 = 420
87465, 天梯10V10局数 = 141
87465, 普通10V10局数 = 2333
87465, 预留 = 14
87465, 段位 =  兵卒五等
87761, ***************开局查询积分**********************
87761, 玩家名：科技易能丶贰
87761, 天梯10V10竞技积分 = 507
87761, 普通匹配10V10竞技积分 = 420
87761, 天梯10V10局数 = 141
87761, 普通10V10局数 = 2333
87761, 预留 = 14
87761, 段位 =  兵卒五等
93121, ***************整理逃跑玩家信息**********************
93121, 玩家名：科技易能丶贰
93121, ELOSwitch = 1
93121, ELOkind = 2
93121, Add_Point = -5
93121, 天梯10V10竞技积分 = 0
93121, 普通匹配10V10竞技积分 = -5
93121, 天梯10V10局数 = 1
93121, 普通10V10局数 = 1
93121, 表现系数 = 1
93121, 波动系数 = 1
93121, 高分系数 = 1
93121, 消费信息 = 80
98349, ***************开局查询积分**********************
98349, 玩家名：昔日小宇
98349, 天梯10V10竞技积分 = 707
98349, 普通匹配10V10竞技积分 = 788
98349, 天梯10V10局数 = 26
98349, 普通10V10局数 = 6328
98349, 预留 = 14
98349, 段位 =  兵卒一等
98669, ***************开局查询积分**********************
98669, 玩家名：昔日小宇
98669, 天梯10V10竞技积分 = 707
98669, 普通匹配10V10竞技积分 = 788
98669, 天梯10V10局数 = 26
98669, 普通10V10局数 = 6328
98669, 预留 = 14
98669, 段位 =  兵卒一等
132345, ***************整理逃跑玩家信息**********************
132345, 玩家名：狼牙将士;font=390573176;a=255;r=138;g=133;b=78;|return=5|;|text=陈小波
132345, ELOSwitch = 1
132345, ELOkind = 2
132345, Add_Point = -16
132345, 天梯10V10竞技积分 = -23
132345, 普通匹配10V10竞技积分 = -16
132345, 天梯10V10局数 = 1
132345, 普通10V10局数 = 1
132345, 表现系数 = 1
132345, 波动系数 = 1
132345, 高分系数 = 1
132345, 消费信息 = 967
136893, ***************开局查询积分**********************
136893, 玩家名：折支桃花换酒钱
136893, 天梯10V10竞技积分 = 501
136893, 普通匹配10V10竞技积分 = 434
136893, 天梯10V10局数 = 49
136893, 普通10V10局数 = 508
136893, 预留 = 0
136893, 段位 =  兵卒五等
137157, ***************开局查询积分**********************
137157, 玩家名：折支桃花换酒钱
137157, 天梯10V10竞技积分 = 501
137157, 普通匹配10V10竞技积分 = 434
137157, 天梯10V10局数 = 49
137157, 普通10V10局数 = 508
137157, 预留 = 0
137157, 段位 =  兵卒五等
144093, ***************整理逃跑玩家信息**********************
144093, 玩家名：折支桃花换酒钱
144093, ELOSwitch = 1
144093, ELOkind = 2
144093, Add_Point = -5
144093, 天梯10V10竞技积分 = 0
144093, 普通匹配10V10竞技积分 = -5
144093, 天梯10V10局数 = 1
144093, 普通10V10局数 = 1
144093, 表现系数 = 1
144093, 波动系数 = 1
144093, 高分系数 = 1
144093, 消费信息 = 163
146057, ***************开局查询积分**********************
146057, 玩家名：狼牙将士;font=390573176;a=255;r=138;g=133;b=78;|return=5|;|text=轩辕魂枫
146057, 天梯10V10竞技积分 = 642
146057, 普通匹配10V10竞技积分 = 828
146057, 天梯10V10局数 = 93
146057, 普通10V10局数 = 4207
146057, 预留 = 84
146057, 段位 =  兵卒三等
146057, ***************开局查询积分**********************
146057, 玩家名：狼牙将士;font=390573176;a=255;r=138;g=133;b=78;|return=5|;|text=q1w2chang2015
146057, 天梯10V10竞技积分 = 551
146057, 普通匹配10V10竞技积分 = 716
146057, 天梯10V10局数 = 181
146057, 普通10V10局数 = 5959
146057, 预留 = 0
146057, 段位 =  兵卒四等
146057, ***************开局查询积分**********************
146057, 玩家名：狼牙将士;font=390573176;a=255;r=138;g=133;b=78;|return=5|;|text=为了遇见你6
146057, 天梯10V10竞技积分 = 501
146057, 普通匹配10V10竞技积分 = 716
146057, 天梯10V10局数 = 66
146057, 普通10V10局数 = 77
146057, 预留 = 0
146057, 段位 =  兵卒五等
146057, ***************开局查询积分**********************
146057, 玩家名：狼牙将士;font=390573176;a=255;r=138;g=133;b=78;|return=5|;|text=农夫洒拳
146057, 天梯10V10竞技积分 = 514
146057, 普通匹配10V10竞技积分 = 598
146057, 天梯10V10局数 = 126
146057, 普通10V10局数 = 131
146057, 预留 = 28
146057, 段位 =  兵卒五等
146057, ***************开局查询积分**********************
146057, 玩家名：狼牙将士;font=390573176;a=255;r=138;g=133;b=78;|return=5|;|text=走南闯北1
146057, 天梯10V10竞技积分 = 551
146057, 普通匹配10V10竞技积分 = 740
146057, 天梯10V10局数 = 90
146057, 普通10V10局数 = 93
146057, 预留 = 0
146057, 段位 =  兵卒四等
146057, ***************开局查询积分**********************
146057, 玩家名：狼牙将士;font=390573176;a=255;r=138;g=133;b=78;|return=5|;|text=qq752757499
146057, 天梯10V10竞技积分 = 615
146057, 普通匹配10V10竞技积分 = 748
146057, 天梯10V10局数 = 73
146057, 普通10V10局数 = 1666
146057, 预留 = 30
146057, 段位 =  兵卒三等
146057, ***************开局查询积分**********************
146057, 玩家名：昔日小宇
146057, 天梯10V10竞技积分 = 707
146057, 普通匹配10V10竞技积分 = 788
146057, 天梯10V10局数 = 26
146057, 普通10V10局数 = 6328
146057, 预留 = 14
146057, 段位 =  兵卒一等
146057, ***************开局查询积分**********************
146057, 玩家名：狼牙将士;font=390573176;a=255;r=138;g=133;b=78;|return=5|;|text=青青孑妗丶
146057, 天梯10V10竞技积分 = 600
146057, 普通匹配10V10竞技积分 = 758
146057, 天梯10V10局数 = 177
146057, 普通10V10局数 = 2054
146057, 预留 = 100
146057, 段位 =  兵卒四等
146057, ***************开局查询积分**********************
146057, 玩家名：狼牙将士;font=390573176;a=255;r=138;g=133;b=78;|return=5|;|text=右耳钉丶残恋
146057, 天梯10V10竞技积分 = 596
146057, 普通匹配10V10竞技积分 = 730
146057, 天梯10V10局数 = 61
146057, 普通10V10局数 = 633
146057, 预留 = 92
146057, 段位 =  兵卒四等
146057, ***************开局查询积分**********************
146057, 玩家名：狼牙将士;font=390573176;a=255;r=138;g=133;b=78;|return=5|;|text=丿丶望天行
146057, 天梯10V10竞技积分 = 644
146057, 普通匹配10V10竞技积分 = 778
146057, 天梯10V10局数 = 48
146057, 普通10V10局数 = 239
146057, 预留 = 88
146057, 段位 =  兵卒三等
146057, ***************开局查询积分**********************
146057, 玩家名：狼牙将士;font=390573176;a=255;r=138;g=133;b=78;|return=5|;|text=神话Oo小金龙oO
146057, 天梯10V10竞技积分 = 551
146057, 普通匹配10V10竞技积分 = 683
146057, 天梯10V10局数 = 181
146057, 普通10V10局数 = 2827
146057, 预留 = 0
146057, 段位 =  兵卒四等
146057, ***************开局查询积分**********************
146057, 玩家名：狼牙将士;font=390573176;a=255;r=138;g=133;b=78;|return=5|;|text=QQ邂逅的夕阳
146057, 天梯10V10竞技积分 = 551
146057, 普通匹配10V10竞技积分 = 711
146057, 天梯10V10局数 = 178
146057, 普通10V10局数 = 2314
146057, 预留 = 0
146057, 段位 =  兵卒四等
146057, ***************开局查询积分**********************
146057, 玩家名：狼牙将士;font=390573176;a=255;r=138;g=133;b=78;|return=5|;|text=萌颖颖
146057, 天梯10V10竞技积分 = 638
146057, 普通匹配10V10竞技积分 = 794
146057, 天梯10V10局数 = 119
146057, 普通10V10局数 = 215
146057, 预留 = 76
146057, 段位 =  兵卒三等
146057, ***************开局查询积分**********************
146057, 玩家名：狼牙将士;font=390573176;a=255;r=138;g=133;b=78;|return=5|;|text=a2059069545
146057, 天梯10V10竞技积分 = 614
146057, 普通匹配10V10竞技积分 = 794
146057, 天梯10V10局数 = 60
146057, 普通10V10局数 = 250
146057, 预留 = 28
146057, 段位 =  兵卒三等
146061, ***************开局查询积分**********************
146061, 玩家名：YuanHang
146061, 天梯10V10竞技积分 = 553
146061, 普通匹配10V10竞技积分 = 644
146061, 天梯10V10局数 = 178
146061, 普通10V10局数 = 208
146061, 预留 = 6
146061, 段位 =  兵卒四等
146061, ***************开局查询积分**********************
146061, 玩家名：狼牙将士;font=390573176;a=255;r=138;g=133;b=78;|return=5|;|text=q1007121167
146061, 天梯10V10竞技积分 = 620
146061, 普通匹配10V10竞技积分 = 544
146061, 天梯10V10局数 = 357
146061, 普通10V10局数 = 4263
146061, 预留 = 40
146061, 段位 =  兵卒三等
146065, ***************开局查询积分**********************
146065, 玩家名：驰狼都尉;font=390573176;a=255;r=138;g=133;b=78;|return=5|;|text=心酸苦酒自己尝
146065, 天梯10V10竞技积分 = 766
146065, 普通匹配10V10竞技积分 = 744
146065, 天梯10V10局数 = 29
146065, 普通10V10局数 = 302
146065, 预留 = 32
146065, 段位 =  伍长五等
146077, ***************开局查询积分**********************
146077, 玩家名：狼牙将士;font=390573176;a=255;r=138;g=133;b=78;|return=5|;|text=离开0000以后
146077, 天梯10V10竞技积分 = 601
146077, 普通匹配10V10竞技积分 = 725
146077, 天梯10V10局数 = 101
146077, 普通10V10局数 = 5924
146077, 预留 = 22
146077, 段位 =  兵卒三等
146085, ***************开局查询积分**********************
146085, 玩家名：狼牙将士;font=390573176;a=255;r=138;g=133;b=78;|return=5|;|text=最流氓的班主任
146085, 天梯10V10竞技积分 = 590
146085, 普通匹配10V10竞技积分 = 693
146085, 天梯10V10局数 = 162
146085, 普通10V10局数 = 2500
146085, 预留 = 80
146085, 段位 =  兵卒四等
146335, 消费信息 = 458
146335, ***************整理正常玩家信息**********************
146335, 玩家名：狼牙将士;font=390573176;a=255;r=138;g=133;b=78;|return=5|;|text=为了遇见你6
146335, ELOSwitch = 1
146335, ELOkind = 2
146335, Add_Point = 16
146335, 天梯10V10竞技积分 = 13
146335, 普通匹配10V10竞技积分 = 16
146335, 天梯10V10局数 = 1
146335, 普通10V10局数 = 1
146335, 表现系数 = 1
146335, 波动系数 = 1
146335, 高分系数 = 1
146335, 消费信息 = 467
146335, ***************整理正常玩家信息**********************
146335, 玩家名：狼牙将士;font=390573176;a=255;r=138;g=133;b=78;|return=5|;|text=农夫洒拳
146335, ELOSwitch = 1
146335, ELOkind = 2
146335, Add_Point = 21
146335, 天梯10V10竞技积分 = 13
146335, 普通匹配10V10竞技积分 = 21
146335, 天梯10V10局数 = 1
146335, 普通10V10局数 = 1
146335, 表现系数 = 1
146335, 波动系数 = 1
146335, 高分系数 = 1
146335, 消费信息 = 1434
146335, ***************整理正常玩家信息**********************
146335, 玩家名：狼牙将士;font=390573176;a=255;r=138;g=133;b=78;|return=5|;|text=丿丶望天行
146335, ELOSwitch = 1
146335, ELOkind = 2
146335, Add_Point = 26
146335, 天梯10V10竞技积分 = 6
146335, 普通匹配10V10竞技积分 = 26
146335, 天梯10V10局数 = 1
146335, 普通10V10局数 = 1
146335, 表现系数 = 1
146335, 波动系数 = 1
146335, 高分系数 = 1
146335, 消费信息 = 232
146335, ***************整理正常玩家信息**********************
146335, 玩家名：狼牙将士;font=390573176;a=255;r=138;g=133;b=78;|return=5|;|text=q1007121167
146335, ELOSwitch = 1
146335, ELOkind = 2
146335, Add_Point = 23
146335, 天梯10V10竞技积分 = 12
146335, 普通匹配10V10竞技积分 = 23
146335, 天梯10V10局数 = 1
146335, 普通10V10局数 = 1
146335, 表现系数 = 1
146335, 波动系数 = 1
146335, 高分系数 = 1
146335, 消费信息 = 405
146335, ***************整理正常玩家信息**********************
146335, 玩家名：狼牙将士;font=390573176;a=255;r=138;g=133;b=78;|return=5|;|text=QQ邂逅的夕阳
146335, ELOSwitch = 1
146335, ELOkind = 2
146335, Add_Point = 16
146335, 天梯10V10竞技积分 = 12
146335, 普通匹配10V10竞技积分 = 16
146335, 天梯10V10局数 = 1
146335, 普通10V10局数 = 1
146335, 表现系数 = 1
146335, 波动系数 = 1
146335, 高分系数 = 1
146335, 消费信息 = 1190
146335, ***************整理正常玩家信息**********************
146335, 玩家名：狼牙将士;font=390573176;a=255;r=138;g=133;b=78;|return=5|;|text=萌颖颖
146335, ELOSwitch = 1
146335, ELOkind = 2
146335, Add_Point = 12
146335, 天梯10V10竞技积分 = 12
146335, 普通匹配10V10竞技积分 = 12
146335, 天梯10V10局数 = 1
146335, 普通10V10局数 = 1
146335, 表现系数 = 1
146335, 波动系数 = 1
146335, 高分系数 = 1
146335, 消费信息 = 708
146335, ***************整理正常玩家信息**********************
146335, 玩家名：驰狼都尉;font=390573176;a=255;r=138;g=133;b=78;|return=5|;|text=心酸苦酒自己尝
146335, ELOSwitch = 1
146335, ELOkind = 2
146335, Add_Point = 21
146335, 天梯10V10竞技积分 = 17
146335, 普通匹配10V10竞技积分 = 21
146335, 天梯10V10局数 = 1
146335, 普通10V10局数 = 1
146335, 表现系数 = 1
146335, 波动系数 = 1
146335, 高分系数 = 1
146335, 消费信息 = 483
146335, ***************整理正常玩家信息**********************
146335, 玩家名：狼牙将士;font=390573176;a=255;r=138;g=133;b=78;|return=5|;|text=最流氓的班主任
146335, ELOSwitch = 1
146335, ELOkind = 2
146335, Add_Point = 20
146335, 天梯10V10竞技积分 = 10
146335, 普通匹配10V10竞技积分 = 20
146335, 天梯10V10局数 = 1
146335, 普通10V10局数 = 1
146335, 表现系数 = 1
146335, 波动系数 = 1
146335, 高分系数 = 1
146335, 消费信息 = 668
146335, ***************整理正常玩家信息**********************
146335, 玩家名：狼牙将士;font=390573176;a=255;r=138;g=133;b=78;|return=5|;|text=右耳钉丶残恋
146335, ELOSwitch = 1
146335, ELOkind = 2
146335, Add_Point = 15
146335, 天梯10V10竞技积分 = 4
146335, 普通匹配10V10竞技积分 = 15
146335, 天梯10V10局数 = 1
146335, 普通10V10局数 = 1
146335, 表现系数 = 1
146335, 波动系数 = 1
146335, 高分系数 = 1
146335, 消费信息 = 798
146335, ***************整理正常玩家信息**********************
146335, 玩家名：狼牙将士;font=390573176;a=255;r=138;g=133;b=78;|return=5|;|text=a2059069545
146335, ELOSwitch = 1
146335, ELOkind = 2
146335, Add_Point = 12
146335, 天梯10V10竞技积分 = 12
146335, 普通匹配10V10竞技积分 = 12
146335, 天梯10V10局数 = 1
146335, 普通10V10局数 = 1
146335, 表现系数 = 1
146335, 波动系数 = 1
146335, 高分系数 = 1
146335, 消费信息 = 320
146335, ***************整理正常玩家信息**********************
146335, 玩家名：狼牙将士;font=390573176;a=255;r=138;g=133;b=78;|return=5|;|text=q1w2chang2015
146335, ELOSwitch = 1
146335, ELOkind = 2
146335, Add_Point = -16
146335, 天梯10V10竞技积分 = -12
146335, 普通匹配10V10竞技积分 = -16
146335, 天梯10V10局数 = 1
146335, 普通10V10局数 = 1
146335, 表现系数 = 1
146335, 波动系数 = 1
146335, 高分系数 = 1
146335, 消费信息 = 943
146335, ***************整理正常玩家信息**********************
146335, 玩家名：昔日小宇
146335, ELOSwitch = 1
146335, ELOkind = 2
146335, Add_Point = -20
146335, 天梯10V10竞技积分 = -6
146335, 普通匹配10V10竞技积分 = -20
146335, 天梯10V10局数 = 1
146335, 普通10V10局数 = 1
146335, 表现系数 = 1
146335, 波动系数 = 1
146335, 高分系数 = 1
146335, 消费信息 = 419
146335, ***************整理正常玩家信息**********************
146335, 玩家名：狼牙将士;font=390573176;a=255;r=138;g=133;b=78;|return=5|;|text=走南闯北1
146335, ELOSwitch = 1
146335, ELOkind = 2
146335, Add_Point = -10
146335, 天梯10V10竞技积分 = -7
146335, 普通匹配10V10竞技积分 = -10
146335, 天梯10V10局数 = 1
146335, 普通10V10局数 = 1
146335, 表现系数 = 1
146335, 波动系数 = 1
146335, 高分系数 = 1
146335, 消费信息 = 443
146335, ***************整理正常玩家信息**********************
146335, 玩家名：YuanHang
146335, ELOSwitch = 1
146335, ELOkind = 2
146335, Add_Point = -13
146335, 天梯10V10竞技积分 = -2
146335, 普通匹配10V10竞技积分 = -13
146335, 天梯10V10局数 = 1
146335, 普通10V10局数 = 1
146335, 表现系数 = 1
146335, 波动系数 = 1
146335, 高分系数 = 1
146335, 消费信息 = 3581
146335, ***************整理正常玩家信息**********************
146335, 玩家名：狼牙将士;font=390573176;a=255;r=138;g=133;b=78;|return=5|;|text=青青孑妗丶
146335, ELOSwitch = 1
146335, ELOkind = 2
146335, Add_Point = -9
146335, 天梯10V10竞技积分 = -6
146335, 普通匹配10V10竞技积分 = -9
146335, 天梯10V10局数 = 1
146335, 普通10V10局数 = 1
146335, 表现系数 = 1
146335, 波动系数 = 1
146335, 高分系数 = 1
146335, 消费信息 = 474
146335, ***************整理正常玩家信息**********************
146335, 玩家名：狼牙将士;font=390573176;a=255;r=138;g=133;b=78;|return=5|;|text=神话Oo小金龙oO
146335, ELOSwitch = 1
146335, ELOkind = 2
146335, Add_Point = -15
146335, 天梯10V10竞技积分 = -12
146335, 普通匹配10V10竞技积分 = -15
146335, 天梯10V10局数 = 1
146335, 普通10V10局数 = 1
146335, 表现系数 = 1
146335, 波动系数 = 1
146335, 高分系数 = 1
146335, 消费信息 = 296
146335, ***************整理正常玩家信息**********************
146335, 玩家名：狼牙将士;font=390573176;a=255;r=138;g=133;b=78;|return=5|;|text=离开0000以后
146335, ELOSwitch = 1
146335, ELOkind = 2
146335, Add_Point = -17
146335, 天梯10V10竞技积分 = 0
146335, 普通匹配10V10竞技积分 = -17
146335, 天梯10V10局数 = 1
146335, 普通10V10局数 = 1
146335, 表现系数 = 1
146335, 波动系数 = 1
146335, 高分系数 = 1
146335, 消费信息 = 163
146335, ***************整理正常玩家信息**********************
146335, 玩家名：折支桃花换酒钱
146335, ELOSwitch = 1
146335, ELOkind = 2
146335, Add_Point = -5
146335, 天梯10V10竞技积分 = 0
146335, 普通匹配10V10竞技积分 = -5
146335, 天梯10V10局数 = 1
146335, 普通10V10局数 = 1
146335, 表现系数 = 1
146335, 波动系数 = 1
146335, 高分系数 = 1
146335, 消费信息 = 1043
146335, ***************整理正常玩家信息**********************
146335, 玩家名：狼牙将士;font=390573176;a=255;r=138;g=133;b=78;|return=5|;|text=qq752757499
146335, ELOSwitch = 1
146335, ELOkind = 2
146335, Add_Point = -18
146335, 天梯10V10竞技积分 = -12
146335, 普通匹配10V10竞技积分 = -18
146335, 天梯10V10局数 = 1
146335, 普通10V10局数 = 1
146335, 表现系数 = 1
146335, 波动系数 = 1
146335, 高分系数 = 1
146335, 消费信息 = 966
146335, ***************整理正常玩家信息**********************
146335, 玩家名：狼牙将士;font=390573176;a=255;r=138;g=133;b=78;|return=5|;|text=轩辕魂枫
146335, ELOSwitch = 1
146335, ELOkind = 2
146335, Add_Point = -15
146335, 天梯10V10竞技积分 = -8
146335, 普通匹配10V10竞技积分 = -15
146335, 天梯10V10局数 = 1
146335, 普通10V10局数 = 1
146335, 表现系数 = 1
146335, 波动系数 = 1
146335, 高分系数 = 1
146335, ***************整理正常玩家信息**********************
146335, 玩家名：蜀国
146335, ELOSwitch = 1
146335, ELOkind = 1
146335, Add_Point = 0
146335, 天梯10V10竞技积分 = 0
146335, 普通匹配10V10竞技积分 = 0
146335, 天梯10V10局数 = 1
146335, 普通10V10局数 = 0
146335, 表现系数 = 1
146335, 波动系数 = 1
146335, 高分系数 = 1
146335, ***************整理正常玩家信息**********************
146335, 玩家名：魏国
146335, ELOSwitch = 1
146335, ELOkind = 1
146335, Add_Point = 0
146335, 天梯10V10竞技积分 = 0
146335, 普通匹配10V10竞技积分 = 0
146335, 天梯10V10局数 = 1
146335, 普通10V10局数 = 0
146335, 表现系数 = 1
146335, 波动系数 = 1
146335, 高分系数 = 1
146335, ***************整理正常玩家信息**********************
146335, 玩家名：中立敌对
146335, ELOSwitch = 1
146335, ELOkind = 1
146335, Add_Point = 0
146335, 天梯10V10竞技积分 = 0
146335, 普通匹配10V10竞技积分 = 0
146335, 天梯10V10局数 = 1
146335, 普通10V10局数 = 0
146335, 表现系数 = 1
146335, 波动系数 = 1
146335, 高分系数 = 1
146335, ***************整理正常玩家信息**********************
146335, 玩家名：中立无敌意
146335, ELOSwitch = 1
146335, ELOkind = 1
146335, Add_Point = 0
146335, 天梯10V10竞技积分 = 0
146335, 普通匹配10V10竞技积分 = 0
146335, 天梯10V10局数 = 1
146335, 普通10V10局数 = 0
146335, 表现系数 = 1
146335, 波动系数 = 1
146335, 高分系数 = 1
