5, 查询到的结果4
5, 付费积分 = 334
5, 查询到的结果0
5, 付费积分 = 1246
5, 查询到的结果0
5, 付费积分 = 1092
5, 查询到的结果0
5, 付费积分 = 426
5, 查询到的结果5
5, 付费积分 = 940
5, 查询到的结果0
5, 付费积分 = 914
5, 查询到的结果0
5, 付费积分 = 334
5, 查询到的结果0
5, 付费积分 = 3066
5, 查询到的结果0
5, 付费积分 = 433
5, 查询到的结果0
5, 付费积分 = 432
5, 查询到的结果5
5, 付费积分 = 1074
5, 查询到的结果0
5, 付费积分 = 506
5, 查询到的结果0
5, 付费积分 = 332
5, 查询到的结果0
5, 付费积分 = 219
5, 查询到的结果0
5, 付费积分 = 845
5, 查询到的结果0
5, 付费积分 = 1367
5, 查询到的结果0
5, 付费积分 = 427
5, 查询到的结果0
5, 付费积分 = 506
5, 查询到的结果4
5, 付费积分 = 590
557, Check_Herostyle control =3, unit_id=60 , style=0
613, Check_Herostyle control =11, unit_id=50 , style=0
617, Check_Herostyle control =1, unit_id=188 , style=0
641, Check_Herostyle control =8, unit_id=141 , style=0
793, Check_Herostyle control =12, unit_id=221 , style=0
833, Check_Herostyle control =13, unit_id=272 , style=0
893, Check_Herostyle control =4, unit_id=145 , style=0
993, Check_Herostyle control =17, unit_id=180 , style=0
1493, Check_Herostyle control =18, unit_id=218 , style=0
1657, Check_Herostyle control =10, unit_id=299 , style=0
1929, Check_Herostyle control =19, unit_id=10 , style=0
2081, Check_Herostyle control =6, unit_id=142 , style=0
2173, Check_Herostyle control =16, unit_id=255 , style=0
2241, Check_Herostyle control =9, unit_id=260 , style=0
2349, Check_Herostyle control =14, unit_id=8 , style=0
2581, Check_Herostyle control =15, unit_id=175 , style=0
2605, Check_Herostyle control =20, unit_id=276 , style=0
2841, Check_Herostyle control =2, unit_id=223 , style=0
5281, Check_Herostyle control =5, unit_id=274 , style=0
37333, 查询到的结果0
37333, 付费积分 = 613
37861, 查询到的结果0
37861, 付费积分 = 613
39373, Check_Herostyle control =7, unit_id=298 , style=0
39385, 查询到的结果5
39385, 付费积分 = 602
39825, 查询到的结果5
39825, 付费积分 = 602
72261, 查询到的结果0
72261, 付费积分 = 498
72537, 查询到的结果0
72537, 付费积分 = 498
87465, 查询到的结果262152
87465, 付费积分 = 80
87761, 查询到的结果262152
87761, 付费积分 = 80
98349, 查询到的结果5
98349, 付费积分 = 988
98669, 查询到的结果5
98669, 付费积分 = 988
136893, 查询到的结果4
136893, 付费积分 = 163
137157, 查询到的结果4
137157, 付费积分 = 163
146057, 查询到的结果0
146057, 付费积分 = 914
146057, 查询到的结果4
146057, 付费积分 = 334
146057, 查询到的结果0
146057, 付费积分 = 433
146057, 查询到的结果0
146057, 付费积分 = 432
146057, 查询到的结果0
146057, 付费积分 = 287
146057, 查询到的结果5
146057, 付费积分 = 940
146057, 查询到的结果5
146057, 付费积分 = 988
146057, 查询到的结果0
146057, 付费积分 = 3066
146057, 查询到的结果4
146057, 付费积分 = 590
146057, 查询到的结果0
146057, 付费积分 = 1367
146057, 查询到的结果0
146057, 付费积分 = 506
146057, 查询到的结果0
146057, 付费积分 = 379
146057, 查询到的结果0
146057, 付费积分 = 1092
146057, 查询到的结果0
146057, 付费积分 = 845
146061, 查询到的结果0
146061, 付费积分 = 498
146061, 查询到的结果0
146061, 付费积分 = 219
146065, 查询到的结果0
146065, 付费积分 = 613
146077, 查询到的结果0
146077, 付费积分 = 1
146085, 查询到的结果0
146085, 付费积分 = 506
146335, uploadScore       in
146335, uploadScore      in score2
146335, pcs;88;45;178;210;51;176;178;72;58;53;7;118;143;239;178;9
146335, uploadScore       return
146335, uploadScore       done
Game::Disconnect!
