0, Loading 新武勋大段：1,  小段：5,  玩家：1
0, Loading 新武勋大段：1,  小段：5,  玩家：2
0, Loading 新武勋大段：1,  小段：3,  玩家：3
0, Loading 新武勋大段：1,  小段：3,  玩家：4
0, Loading 新武勋大段：1,  小段：4,  玩家：5
0, Loading 新武勋大段：1,  小段：3,  玩家：6
0, Loading 新武勋大段：1,  小段：3,  玩家：7
0, Loading 新武勋大段：1,  小段：4,  玩家：8
0, Loading 新武勋大段：1,  小段：4,  玩家：9
0, Loading 新武勋大段：1,  小段：3,  玩家：10
0, Loading 新武勋大段：1,  小段：4,  玩家：11
0, Loading 新武勋大段：1,  小段：5,  玩家：12
0, Loading 新武勋大段：1,  小段：4,  玩家：13
0, Loading 新武勋大段：0,  小段：0,  玩家：14
0, Loading 新武勋大段：1,  小段：4,  玩家：15
0, Loading 新武勋大段：1,  小段：4,  玩家：16
0, Loading 新武勋大段：1,  小段：3,  玩家：17
0, Loading 新武勋大段：1,  小段：4,  玩家：18
0, Loading 新武勋大段：1,  小段：3,  玩家：19
0, Loading 新武勋大段：1,  小段：3,  玩家：20
5, GetSpeItemAdd 定级赛不生效 ， control_id=7
5, 游戏时间不足，不进行异常局处理
1093, CheckSpeItemWorkEvent 1 Item_id =6
1157, CheckSpeItemWorkEvent 1 Item_id =376
1233, CheckSpeItemWorkEvent 1 Item_id =6
1253, CheckSpeItemWorkEvent 1 Item_id =24
1349, CheckSpeItemWorkEvent 1 Item_id =24
1385, CheckSpeItemWorkEvent 1 Item_id =6
1429, CheckSpeItemWorkEvent 1 Item_id =380
1589, CheckSpeItemWorkEvent 1 Item_id =6
1621, CheckSpeItemWorkEvent 1 Item_id =25
1689, CheckSpeItemWorkEvent 1 Item_id =6
1693, CheckSpeItemWorkEvent 1 Item_id =25
1737, CheckSpeItemWorkEvent 1 Item_id =24
1753, CheckSpeItemWorkEvent 1 Item_id =6
1757, CheckSpeItemWorkEvent 1 Item_id =24
1785, CheckSpeItemWorkEvent 1 Item_id =6
1825, CheckSpeItemWorkEvent 1 Item_id =24
1909, CheckSpeItemWorkEvent 1 Item_id =6
1949, CheckSpeItemWorkEvent 1 Item_id =25
1969, CheckSpeItemWorkEvent 1 Item_id =25
2245, CheckSpeItemWorkEvent 1 Item_id =25
2265, CheckSpeItemWorkEvent 1 Item_id =25
2293, CheckSpeItemWorkEvent 1 Item_id =24
2301, CheckSpeItemWorkEvent 1 Item_id =6
2309, CheckSpeItemWorkEvent 1 Item_id =25
2333, CheckSpeItemWorkEvent 1 Item_id =24
2353, CheckSpeItemWorkEvent 1 Item_id =25
2385, CheckSpeItemWorkEvent 1 Item_id =24
2497, CheckSpeItemWorkEvent 1 Item_id =6
2529, CheckSpeItemWorkEvent 1 Item_id =6
2541, CheckSpeItemWorkEvent 1 Item_id =25
2557, CheckSpeItemWorkEvent 1 Item_id =25
2565, CheckSpeItemWorkEvent 1 Item_id =24
2593, CheckSpeItemWorkEvent 1 Item_id =24
2601, CheckSpeItemWorkEvent 1 Item_id =24
2629, CheckSpeItemWorkEvent 1 Item_id =25
2969, CheckSpeItemWorkEvent 1 Item_id =6
2997, CheckSpeItemWorkEvent 1 Item_id =24
3049, CheckSpeItemWorkEvent 1 Item_id =25
3085, CheckSpeItemWorkEvent 1 Item_id =24
3101, CheckSpeItemWorkEvent 1 Item_id =6
3125, CheckSpeItemWorkEvent 1 Item_id =25
3145, CheckSpeItemWorkEvent 1 Item_id =108
3189, CheckSpeItemWorkEvent 1 Item_id =25
3193, CheckSpeItemWorkEvent 1 Item_id =380
3221, CheckSpeItemWorkEvent 1 Item_id =376
3253, CheckSpeItemWorkEvent 1 Item_id =380
3297, CheckSpeItemWorkEvent 1 Item_id =376
3341, CheckSpeItemWorkEvent 1 Item_id =24
3365, CheckSpeItemWorkEvent 1 Item_id =6
3401, CheckSpeItemWorkEvent 1 Item_id =6
3437, CheckSpeItemWorkEvent 1 Item_id =24
3469, CheckSpeItemWorkEvent 1 Item_id =24
3537, CheckSpeItemWorkEvent 1 Item_id =25
3661, CheckSpeItemWorkEvent 1 Item_id =380
3769, CheckSpeItemWorkEvent 1 Item_id =6
4325, CheckSpeItemWorkEvent 1 Item_id =380
4345, CheckSpeItemWorkEvent 1 Item_id =380
4365, CheckSpeItemWorkEvent 1 Item_id =6
4377, CheckSpeItemWorkEvent 1 Item_id =31
4777, CheckSpeItemWorkEvent 1 Item_id =10
4809, CheckSpeItemWorkEvent 1 Item_id =38
5001, CheckSpeItemWorkEvent 1 Item_id =54
5093, CheckSpeItemWorkEvent 1 Item_id =6
5153, CheckSpeItemWorkEvent 1 Item_id =376
5173, CheckSpeItemWorkEvent 1 Item_id =376
5201, CheckSpeItemWorkEvent 1 Item_id =380
5261, CheckSpeItemWorkEvent 1 Item_id =380
6013, CheckSpeItemWorkEvent 1 Item_id =6
6089, CheckSpeItemWorkEvent 1 Item_id =380
6109, CheckSpeItemWorkEvent 1 Item_id =380
6129, CheckSpeItemWorkEvent 1 Item_id =380
6145, CheckSpeItemWorkEvent 1 Item_id =380
6213, CheckSpeItemWorkEvent 1 Item_id =376
6229, CheckSpeItemWorkEvent 1 Item_id =376
6293, CheckSpeItemWorkEvent 1 Item_id =380
6313, CheckSpeItemWorkEvent 1 Item_id =380
7861, CheckSpeItemWorkEvent 1 Item_id =341
7989, CheckSpeItemWorkEvent 1 Item_id =342
8101, CheckSpeItemWorkEvent 1 Item_id =343
8217, CheckSpeItemWorkEvent 1 Item_id =344
8273, CheckSpeItemWorkEvent 1 Item_id =31
8389, CheckSpeItemWorkEvent 1 Item_id =24
8513, CheckSpeItemWorkEvent 1 Item_id =120
8997, CheckSpeItemWorkEvent 1 Item_id =271
9437, CheckSpeItemWorkEvent 1 Item_id =272
9621, CheckSpeItemWorkEvent 1 Item_id =81
9637, CheckSpeItemWorkEvent 1 Item_id =81
9681, CheckSpeItemWorkEvent 1 Item_id =380
9701, CheckSpeItemWorkEvent 1 Item_id =380
9753, CheckSpeItemWorkEvent 1 Item_id =376
10181, CheckSpeItemWorkEvent 1 Item_id =43
10465, CheckSpeItemWorkEvent 1 Item_id =271
10557, CheckSpeItemWorkEvent 1 Item_id =272
10661, CheckSpeItemWorkEvent 1 Item_id =273
10929, CheckSpeItemWorkEvent 1 Item_id =78
11009, CheckSpeItemWorkEvent 1 Item_id =273
11013, CheckSpeItemWorkEvent 1 Item_id =24
11033, CheckSpeItemWorkEvent 1 Item_id =24
11233, CheckSpeItemWorkEvent 1 Item_id =108
11369, CheckSpeItemWorkEvent 1 Item_id =120
11441, CheckSpeItemWorkEvent 1 Item_id =24
11465, CheckSpeItemWorkEvent 1 Item_id =25
11657, CheckSpeItemWorkEvent 1 Item_id =83
11861, CheckSpeItemWorkEvent 1 Item_id =273
12017, CheckSpeItemWorkEvent 1 Item_id =273
12565, CheckSpeItemWorkEvent 1 Item_id =20
12685, CheckSpeItemWorkEvent 1 Item_id =54
12809, CheckSpeItemWorkEvent 1 Item_id =81
13025, CheckSpeItemWorkEvent 1 Item_id =24
13073, CheckSpeItemWorkEvent 1 Item_id =25
13093, CheckSpeItemWorkEvent 1 Item_id =25
13453, CheckSpeItemWorkEvent 1 Item_id =25
13481, CheckSpeItemWorkEvent 1 Item_id =25
13501, CheckSpeItemWorkEvent 1 Item_id =25
13717, CheckSpeItemWorkEvent 1 Item_id =376
13733, CheckSpeItemWorkEvent 1 Item_id =376
13785, CheckSpeItemWorkEvent 1 Item_id =31
13789, CheckSpeItemWorkEvent 1 Item_id =380
13805, CheckSpeItemWorkEvent 1 Item_id =380
14333, GetSpeItemAdd 定级赛不生效 ， control_id=14
14705, CheckSpeItemWorkEvent 1 Item_id =376
14725, CheckSpeItemWorkEvent 1 Item_id =83
16689, CheckSpeItemWorkEvent 1 Item_id =83
16821, CheckSpeItemWorkEvent 1 Item_id =85
17165, CheckSpeItemWorkEvent 1 Item_id =387
17301, CheckSpeItemWorkEvent 1 Item_id =87
17461, CheckSpeItemWorkEvent 1 Item_id =54
17645, CheckSpeItemWorkEvent 1 Item_id =25
18393, CheckSpeItemWorkEvent 1 Item_id =376
18417, CheckSpeItemWorkEvent 1 Item_id =380
18589, CheckSpeItemWorkEvent 1 Item_id =80
18605, CheckSpeItemWorkEvent 1 Item_id =103
18625, CheckSpeItemWorkEvent 1 Item_id =103
18861, CheckSpeItemWorkEvent 1 Item_id =25
18865, CheckSpeItemWorkEvent 1 Item_id =429
18885, CheckSpeItemWorkEvent 1 Item_id =24
18909, CheckSpeItemWorkEvent 1 Item_id =25
18929, CheckSpeItemWorkEvent 1 Item_id =24
19141, CheckSpeItemWorkEvent 1 Item_id =85
19397, CheckSpeItemWorkEvent 1 Item_id =380
19433, CheckSpeItemWorkEvent 1 Item_id =376
19817, CheckSpeItemWorkEvent 1 Item_id =46
19881, CheckSpeItemWorkEvent 1 Item_id =54
20597, CheckSpeItemWorkEvent 1 Item_id =24
20633, CheckSpeItemWorkEvent 1 Item_id =87
21685, CheckSpeItemWorkEvent 1 Item_id =87
21761, CheckSpeItemWorkEvent 1 Item_id =25
21781, CheckSpeItemWorkEvent 1 Item_id =25
22361, CheckSpeItemWorkEvent 1 Item_id =31
22521, CheckSpeItemWorkEvent 1 Item_id =621
22785, CheckSpeItemWorkEvent 1 Item_id =122
23021, CheckSpeItemWorkEvent 1 Item_id =104
23117, CheckSpeItemWorkEvent 1 Item_id =61
23249, CheckSpeItemWorkEvent 1 Item_id =25
23409, CheckSpeItemWorkEvent 1 Item_id =81
23701, CheckSpeItemWorkEvent 1 Item_id =86
23717, CheckSpeItemWorkEvent 1 Item_id =30
23753, CheckSpeItemWorkEvent 1 Item_id =380
23773, CheckSpeItemWorkEvent 1 Item_id =380
24061, CheckSpeItemWorkEvent 1 Item_id =166
24105, CheckSpeItemWorkEvent 1 Item_id =387
24169, CheckSpeItemWorkEvent 1 Item_id =393
24181, CheckSpeItemWorkEvent 1 Item_id =85
24369, CheckSpeItemWorkEvent 1 Item_id =31
24385, CheckSpeItemWorkEvent 1 Item_id =31
24413, CheckSpeItemWorkEvent 1 Item_id =88
24489, CheckSpeItemWorkEvent 1 Item_id =380
24509, CheckSpeItemWorkEvent 1 Item_id =380
24529, CheckSpeItemWorkEvent 1 Item_id =380
24565, CheckSpeItemWorkEvent 1 Item_id =376
24593, CheckSpeItemWorkEvent 1 Item_id =376
24613, CheckSpeItemWorkEvent 1 Item_id =376
24657, CheckSpeItemWorkEvent 1 Item_id =25
24685, CheckSpeItemWorkEvent 1 Item_id =24
24717, CheckSpeItemWorkEvent 1 Item_id =25
25061, CheckSpeItemWorkEvent 1 Item_id =83
25333, CheckSpeItemWorkEvent 1 Item_id =41
26829, CheckSpeItemWorkEvent 1 Item_id =429
26969, CheckSpeItemWorkEvent 1 Item_id =87
26989, CheckSpeItemWorkEvent 1 Item_id =86
27005, CheckSpeItemWorkEvent 1 Item_id =85
27017, CheckSpeItemWorkEvent 1 Item_id =24
27037, CheckSpeItemWorkEvent 1 Item_id =24
27073, CheckSpeItemWorkEvent 1 Item_id =25
27097, CheckSpeItemWorkEvent 1 Item_id =25
28241, CheckSpeItemWorkEvent 1 Item_id =202
28277, CheckSpeItemWorkEvent 1 Item_id =391
29473, CheckSpeItemWorkEvent 1 Item_id =621
29821, CheckSpeItemWorkEvent 1 Item_id =42
30393, CheckSpeItemWorkEvent 1 Item_id =18
30417, CheckSpeItemWorkEvent 1 Item_id =78
31373, CheckSpeItemWorkEvent 1 Item_id =88
31613, CheckSpeItemWorkEvent 1 Item_id =41
31757, CheckSpeItemWorkEvent 1 Item_id =83
31881, CheckSpeItemWorkEvent 1 Item_id =25
31893, CheckSpeItemWorkEvent 1 Item_id =279
31961, CheckSpeItemWorkEvent 1 Item_id =608
32021, CheckSpeItemWorkEvent 1 Item_id =280
32133, CheckSpeItemWorkEvent 1 Item_id =281
33213, CheckSpeItemWorkEvent 1 Item_id =104
33781, CheckSpeItemWorkEvent 1 Item_id =380
33805, CheckSpeItemWorkEvent 1 Item_id =376
34001, CheckSpeItemWorkEvent 1 Item_id =25
34021, CheckSpeItemWorkEvent 1 Item_id =24
34037, CheckSpeItemWorkEvent 1 Item_id =25
34057, CheckSpeItemWorkEvent 1 Item_id =24
34073, CheckSpeItemWorkEvent 1 Item_id =25
34089, CheckSpeItemWorkEvent 1 Item_id =24
34645, CheckSpeItemWorkEvent 1 Item_id =88
34737, CheckSpeItemWorkEvent 1 Item_id =86
35145, CheckSpeItemWorkEvent 1 Item_id =393
35353, CheckSpeItemWorkEvent 1 Item_id =380
35369, CheckSpeItemWorkEvent 1 Item_id =380
35385, CheckSpeItemWorkEvent 1 Item_id =380
35405, CheckSpeItemWorkEvent 1 Item_id =380
35421, CheckSpeItemWorkEvent 1 Item_id =380
35437, CheckSpeItemWorkEvent 1 Item_id =380
35957, CheckSpeItemWorkEvent 1 Item_id =41
36017, CheckSpeItemWorkEvent 1 Item_id =202
36169, CheckSpeItemWorkEvent 1 Item_id =25
37105, CheckSpeItemWorkEvent 1 Item_id =174
37157, CheckSpeItemWorkEvent 1 Item_id =43
37225, CheckSpeItemWorkEvent 1 Item_id =86
37417, CheckSpeItemWorkEvent 1 Item_id =189
37741, CheckSpeItemWorkEvent 1 Item_id =380
38309, CheckSpeItemWorkEvent 1 Item_id =46
38385, CheckSpeItemWorkEvent 1 Item_id =31
38465, CheckSpeItemWorkEvent 1 Item_id =387
38833, CheckSpeItemWorkEvent 1 Item_id =88
38837, CheckSpeItemWorkEvent 1 Item_id =87
39365, CheckSpeItemWorkEvent 1 Item_id =50
39385, CheckSpeItemWorkEvent 1 Item_id =80
40289, CheckSpeItemWorkEvent 1 Item_id =6
40401, CheckSpeItemWorkEvent 1 Item_id =78
40453, CheckSpeItemWorkEvent 1 Item_id =31
40473, CheckSpeItemWorkEvent 1 Item_id =31
40489, CheckSpeItemWorkEvent 1 Item_id =31
40621, CheckSpeItemWorkEvent 1 Item_id =86
40833, CheckSpeItemWorkEvent 1 Item_id =431
41201, CheckSpeItemWorkEvent 1 Item_id =31
41481, CheckSpeItemWorkEvent 1 Item_id =803
41549, 开始CheckJoinShopSpe  game_time =706 , past_time=38 , G_Tab.CONTROL_PLAYER_joined[playerid][queue].Enter_time=668
41629, CheckSpeItemWorkEvent 1 Item_id =29
41665, CheckSpeItemWorkEvent 1 Item_id =19
41793, CheckSpeItemWorkEvent 1 Item_id =88
41845, CheckSpeItemWorkEvent 1 Item_id =610
41861, CheckSpeItemWorkEvent 1 Item_id =667
41969, CheckSpeItemWorkEvent 1 Item_id =25
41997, CheckSpeItemWorkEvent 1 Item_id =25
42441, CheckSpeItemWorkEvent 1 Item_id =391
42861, CheckSpeItemWorkEvent 1 Item_id =124
43437, 开始CheckJoinShopSpe  game_time =738 , past_time=70 , G_Tab.CONTROL_PLAYER_joined[playerid][queue].Enter_time=668
44109, CheckSpeItemWorkEvent 1 Item_id =78
44329, CheckSpeItemWorkEvent 1 Item_id =667
44401, CheckSpeItemWorkEvent 1 Item_id =87
44401, CheckSpeItemWorkEvent 1 Item_id =667
44549, CheckSpeItemWorkEvent 1 Item_id =25
44577, CheckSpeItemWorkEvent 1 Item_id =24
44761, CheckSpeItemWorkEvent 1 Item_id =667
45033, CheckSpeItemWorkEvent 1 Item_id =515
45277, CheckSpeItemWorkEvent 1 Item_id =31
45301, CheckSpeItemWorkEvent 1 Item_id =31
45329, CheckSpeItemWorkEvent 1 Item_id =25
45585, CheckSpeItemWorkEvent 1 Item_id =667
45601, CheckSpeItemWorkEvent 1 Item_id =2138
45777, 开始CheckJoinShopSpe  game_time =778 , past_time=145 , G_Tab.CONTROL_PLAYER_joined[playerid][queue].Enter_time=633
45909, CheckSpeItemWorkEvent 1 Item_id =201
46121, CheckSpeItemWorkEvent 1 Item_id =667
46125, CheckSpeItemWorkEvent 1 Item_id =667
46141, CheckSpeItemWorkEvent 1 Item_id =177
46173, CheckSpeItemWorkEvent 1 Item_id =25
46269, CheckSpeItemWorkEvent 1 Item_id =279
46357, CheckSpeItemWorkEvent 1 Item_id =89
46393, CheckSpeItemWorkEvent 1 Item_id =29
46425, CheckSpeItemWorkEvent 1 Item_id =19
46449, 开始CheckJoinShopSpe  game_time =789 , past_time=156 , G_Tab.CONTROL_PLAYER_joined[playerid][queue].Enter_time=633
46637, CheckSpeItemWorkEvent 1 Item_id =20
46669, CheckSpeItemWorkEvent 1 Item_id =380
46693, CheckSpeItemWorkEvent 1 Item_id =380
46733, CheckSpeItemWorkEvent 1 Item_id =376
46737, CheckSpeItemWorkEvent 1 Item_id =818
46749, CheckSpeItemWorkEvent 1 Item_id =376
46829, CheckSpeItemWorkEvent 1 Item_id =31
46969, CheckSpeItemWorkEvent 1 Item_id =622
47149, CheckSpeItemWorkEvent 1 Item_id =42
47149, CheckSpeItemWorkEvent 1 Item_id =41
47433, CheckSpeItemWorkEvent 1 Item_id =667
47545, CheckSpeItemWorkEvent 1 Item_id =611
49545, CheckSpeItemWorkEvent 1 Item_id =31
49561, CheckSpeItemWorkEvent 1 Item_id =31
49793, CheckSpeItemWorkEvent 1 Item_id =279
49909, CheckSpeItemWorkEvent 1 Item_id =280
49993, CheckSpeItemWorkEvent 1 Item_id =281
50105, CheckSpeItemWorkEvent 1 Item_id =282
50237, CheckSpeItemWorkEvent 1 Item_id =282
50253, CheckSpeItemWorkEvent 1 Item_id =41
50753, CheckSpeItemWorkEvent 1 Item_id =88
50881, CheckSpeItemWorkEvent 1 Item_id =667
51001, CheckSpeItemWorkEvent 1 Item_id =391
51165, CheckSpeItemWorkEvent 1 Item_id =36
51581, CheckSpeItemWorkEvent 1 Item_id =20
51625, CheckSpeItemWorkEvent 1 Item_id =41
52233, CheckSpeItemWorkEvent 1 Item_id =667
52441, CheckSpeItemWorkEvent 1 Item_id =622
52553, CheckSpeItemWorkEvent 1 Item_id =202
53225, CheckSpeItemWorkEvent 1 Item_id =610
53713, CheckSpeItemWorkEvent 1 Item_id =431
54317, CheckSpeItemWorkEvent 1 Item_id =42
54333, CheckSpeItemWorkEvent 1 Item_id =2137
54461, CheckSpeItemWorkEvent 1 Item_id =358
54505, CheckSpeItemWorkEvent 1 Item_id =88
54509, CheckSpeItemWorkEvent 1 Item_id =380
54525, CheckSpeItemWorkEvent 1 Item_id =380
54533, CheckSpeItemWorkEvent 1 Item_id =43
54549, CheckSpeItemWorkEvent 1 Item_id =31
54589, CheckSpeItemWorkEvent 1 Item_id =20
55217, CheckSpeItemWorkEvent 1 Item_id =189
55241, CheckSpeItemWorkEvent 1 Item_id =393
55309, CheckSpeItemWorkEvent 1 Item_id =570
55385, CheckSpeItemWorkEvent 1 Item_id =41
56061, CheckSpeItemWorkEvent 1 Item_id =608
56633, CheckSpeItemWorkEvent 1 Item_id =78
56733, CheckSpeItemWorkEvent 1 Item_id =13
56805, CheckSpeItemWorkEvent 1 Item_id =31
56825, CheckSpeItemWorkEvent 1 Item_id =13
56837, CheckSpeItemWorkEvent 1 Item_id =31
57593, CheckSpeItemWorkEvent 1 Item_id =120
57597, CheckSpeItemWorkEvent 1 Item_id =598
57717, CheckSpeItemWorkEvent 1 Item_id =599
57861, CheckSpeItemWorkEvent 1 Item_id =41
58093, CheckSpeItemWorkEvent 1 Item_id =358
58393, CheckSpeItemWorkEvent 1 Item_id =600
58457, CheckSpeItemWorkEvent 1 Item_id =816
58485, CheckSpeItemWorkEvent 1 Item_id =31
58501, CheckSpeItemWorkEvent 1 Item_id =667
58501, CheckSpeItemWorkEvent 1 Item_id =31
58525, CheckSpeItemWorkEvent 1 Item_id =31
58585, CheckSpeItemWorkEvent 1 Item_id =393
58701, CheckSpeItemWorkEvent 1 Item_id =380
58721, CheckSpeItemWorkEvent 1 Item_id =380
58737, CheckSpeItemWorkEvent 1 Item_id =380
58753, CheckSpeItemWorkEvent 1 Item_id =380
58789, CheckSpeItemWorkEvent 1 Item_id =376
58809, CheckSpeItemWorkEvent 1 Item_id =376
58821, CheckSpeItemWorkEvent 1 Item_id =376
58865, CheckSpeItemWorkEvent 1 Item_id =380
59133, CheckSpeItemWorkEvent 1 Item_id =401
59541, CheckSpeItemWorkEvent 1 Item_id =54
60257, CheckSpeItemWorkEvent 1 Item_id =667
60533, CheckSpeItemWorkEvent 1 Item_id =13
60573, CheckSpeItemWorkEvent 1 Item_id =358
60789, CheckSpeItemWorkEvent 1 Item_id =17
61561, CheckSpeItemWorkEvent 1 Item_id =50
61841, CheckSpeItemWorkEvent 1 Item_id =80
62041, CheckSpeItemWorkEvent 1 Item_id =31
62373, CheckSpeItemWorkEvent 1 Item_id =363
62405, CheckSpeItemWorkEvent 1 Item_id =393
62633, CheckSpeItemWorkEvent 1 Item_id =309
62745, CheckSpeItemWorkEvent 1 Item_id =310
62853, CheckSpeItemWorkEvent 1 Item_id =311
62973, CheckSpeItemWorkEvent 1 Item_id =312
63089, CheckSpeItemWorkEvent 1 Item_id =312
63101, CheckSpeItemWorkEvent 1 Item_id =393
63197, CheckSpeItemWorkEvent 1 Item_id =312
63305, CheckSpeItemWorkEvent 1 Item_id =312
63525, CheckSpeItemWorkEvent 1 Item_id =2173
63673, CheckSpeItemWorkEvent 1 Item_id =2176
63753, CheckSpeItemWorkEvent 1 Item_id =45
63941, CheckSpeItemWorkEvent 1 Item_id =24
63969, CheckSpeItemWorkEvent 1 Item_id =24
64045, CheckSpeItemWorkEvent 1 Item_id =358
64121, CheckSpeItemWorkEvent 1 Item_id =35
64321, CheckSpeItemWorkEvent 1 Item_id =78
64337, CheckSpeItemWorkEvent 1 Item_id =31
64365, CheckSpeItemWorkEvent 1 Item_id =31
64585, CheckSpeItemWorkEvent 1 Item_id =46
64837, CheckSpeItemWorkEvent 1 Item_id =32
64897, CheckSpeItemWorkEvent 1 Item_id =31
64913, CheckSpeItemWorkEvent 1 Item_id =31
64933, CheckSpeItemWorkEvent 1 Item_id =31
65249, CheckSpeItemWorkEvent 1 Item_id =31
65265, CheckSpeItemWorkEvent 1 Item_id =88
65285, CheckSpeItemWorkEvent 1 Item_id =391
65425, CheckSpeItemWorkEvent 1 Item_id =41
65437, CheckSpeItemWorkEvent 1 Item_id =78
65673, CheckSpeItemWorkEvent 1 Item_id =309
65685, CheckSpeItemWorkEvent 1 Item_id =2138
65781, CheckSpeItemWorkEvent 1 Item_id =310
65881, CheckSpeItemWorkEvent 1 Item_id =311
65965, CheckSpeItemWorkEvent 1 Item_id =192
66041, CheckSpeItemWorkEvent 1 Item_id =200
66049, CheckSpeItemWorkEvent 1 Item_id =667
66157, CheckSpeItemWorkEvent 1 Item_id =2138
66189, CheckSpeItemWorkEvent 1 Item_id =667
66421, CheckSpeItemWorkEvent 1 Item_id =31
66457, CheckSpeItemWorkEvent 1 Item_id =31
66477, CheckSpeItemWorkEvent 1 Item_id =31
67393, CheckSpeItemWorkEvent 1 Item_id =2165
67513, GetSpeItemAdd 不是开局玩家， control_id=14
67517, CheckSpeItemWorkEvent 1 Item_id =2173
68505, CheckSpeItemWorkEvent 1 Item_id =31
68537, CheckSpeItemWorkEvent 1 Item_id =31
68573, CheckSpeItemWorkEvent 1 Item_id =31
68753, CheckSpeItemWorkEvent 1 Item_id =83
68801, CheckSpeItemWorkEvent 1 Item_id =318
69037, CheckSpeItemWorkEvent 1 Item_id =364
69457, CheckSpeItemWorkEvent 1 Item_id =622
69637, CheckSpeItemWorkEvent 1 Item_id =31
69653, CheckSpeItemWorkEvent 1 Item_id =31
69681, CheckSpeItemWorkEvent 1 Item_id =31
69697, CheckSpeItemWorkEvent 1 Item_id =31
69701, CheckSpeItemWorkEvent 1 Item_id =76
69869, CheckSpeItemWorkEvent 1 Item_id =571
69917, CheckSpeItemWorkEvent 1 Item_id =78
70113, CheckSpeItemWorkEvent 1 Item_id =429
70157, CheckSpeItemWorkEvent 1 Item_id =358
71205, CheckSpeItemWorkEvent 1 Item_id =309
71317, CheckSpeItemWorkEvent 1 Item_id =310
71465, CheckSpeItemWorkEvent 1 Item_id =340
71673, CheckSpeItemWorkEvent 1 Item_id =311
71797, CheckSpeItemWorkEvent 1 Item_id =312
71897, CheckSpeItemWorkEvent 1 Item_id =312
71997, CheckSpeItemWorkEvent 1 Item_id =312
72093, CheckSpeItemWorkEvent 1 Item_id =312
72101, CheckSpeItemWorkEvent 1 Item_id =80
72409, CheckSpeItemWorkEvent 1 Item_id =13
72449, CheckSpeItemWorkEvent 1 Item_id =41
72777, CheckSpeItemWorkEvent 1 Item_id =41
73173, CheckSpeItemWorkEvent 1 Item_id =393
73293, CheckSpeItemWorkEvent 1 Item_id =78
73621, CheckSpeItemWorkEvent 1 Item_id =78
73789, CheckSpeItemWorkEvent 1 Item_id =431
74125, CheckSpeItemWorkEvent 1 Item_id =667
74165, CheckSpeItemWorkEvent 1 Item_id =17
74269, CheckSpeItemWorkEvent 1 Item_id =19
74817, CheckSpeItemWorkEvent 1 Item_id =237
75153, CheckSpeItemWorkEvent 1 Item_id =309
75241, CheckSpeItemWorkEvent 1 Item_id =610
75257, CheckSpeItemWorkEvent 1 Item_id =310
75361, CheckSpeItemWorkEvent 1 Item_id =311
75473, CheckSpeItemWorkEvent 1 Item_id =312
75557, CheckSpeItemWorkEvent 1 Item_id =50
75565, CheckSpeItemWorkEvent 1 Item_id =312
75565, CheckSpeItemWorkEvent 1 Item_id =89
75593, CheckSpeItemWorkEvent 1 Item_id =318
75633, CheckSpeItemWorkEvent 1 Item_id =90
75681, CheckSpeItemWorkEvent 1 Item_id =312
75793, CheckSpeItemWorkEvent 1 Item_id =312
76325, CheckSpeItemWorkEvent 1 Item_id =90
76421, CheckSpeItemWorkEvent 1 Item_id =667
76481, CheckSpeItemWorkEvent 1 Item_id =47
76481, CheckSpeItemWorkEvent 1 Item_id =31
76485, CheckSpeItemWorkEvent 1 Item_id =89
76501, CheckSpeItemWorkEvent 1 Item_id =31
76517, CheckSpeItemWorkEvent 1 Item_id =31
76537, CheckSpeItemWorkEvent 1 Item_id =31
76541, CheckSpeItemWorkEvent 1 Item_id =31
76557, CheckSpeItemWorkEvent 1 Item_id =31
76905, CheckSpeItemWorkEvent 1 Item_id =291
76949, CheckSpeItemWorkEvent 1 Item_id =515
77049, CheckSpeItemWorkEvent 1 Item_id =76
77137, CheckSpeItemWorkEvent 1 Item_id =31
77165, CheckSpeItemWorkEvent 1 Item_id =174
77165, CheckSpeItemWorkEvent 1 Item_id =31
77317, CheckSpeItemWorkEvent 1 Item_id =803
77593, CheckSpeItemWorkEvent 1 Item_id =43
77645, CheckSpeItemWorkEvent 1 Item_id =569
78905, CheckSpeItemWorkEvent 1 Item_id =166
79093, CheckSpeItemWorkEvent 1 Item_id =391
79205, CheckSpeItemWorkEvent 1 Item_id =393
79541, CheckSpeItemWorkEvent 1 Item_id =90
79773, CheckSpeItemWorkEvent 1 Item_id =174
79845, CheckSpeItemWorkEvent 1 Item_id =2137
80153, CheckSpeItemWorkEvent 1 Item_id =75
80325, CheckSpeItemWorkEvent 1 Item_id =31
80333, CheckSpeItemWorkEvent 1 Item_id =318
80345, CheckSpeItemWorkEvent 1 Item_id =31
80517, CheckSpeItemWorkEvent 1 Item_id =2172
80521, CheckSpeItemWorkEvent 1 Item_id =820
80533, CheckSpeItemWorkEvent 1 Item_id =31
80561, CheckSpeItemWorkEvent 1 Item_id =31
80577, CheckSpeItemWorkEvent 1 Item_id =2182
80581, CheckSpeItemWorkEvent 1 Item_id =31
80601, CheckSpeItemWorkEvent 1 Item_id =31
80953, CheckSpeItemWorkEvent 1 Item_id =31
80973, CheckSpeItemWorkEvent 1 Item_id =31
81057, CheckSpeItemWorkEvent 1 Item_id =293
81145, CheckSpeItemWorkEvent 1 Item_id =391
81321, CheckSpeItemWorkEvent 1 Item_id =320
81777, CheckSpeItemWorkEvent 1 Item_id =2177
81881, CheckSpeItemWorkEvent 1 Item_id =803
81969, CheckSpeItemWorkEvent 1 Item_id =2172
82069, CheckSpeItemWorkEvent 1 Item_id =380
82105, CheckSpeItemWorkEvent 1 Item_id =380
82129, CheckSpeItemWorkEvent 1 Item_id =309
82213, CheckSpeItemWorkEvent 1 Item_id =431
82417, CheckSpeItemWorkEvent 1 Item_id =310
82677, CheckSpeItemWorkEvent 1 Item_id =311
83085, CheckSpeItemWorkEvent 1 Item_id =312
83105, CheckSpeItemWorkEvent 1 Item_id =75
83221, CheckSpeItemWorkEvent 1 Item_id =312
83305, CheckSpeItemWorkEvent 1 Item_id =2173
83325, CheckSpeItemWorkEvent 1 Item_id =312
83405, CheckSpeItemWorkEvent 1 Item_id =47
83437, CheckSpeItemWorkEvent 1 Item_id =312
83697, CheckSpeItemWorkEvent 1 Item_id =11
83701, CheckSpeItemWorkEvent 1 Item_id =75
83757, CheckSpeItemWorkEvent 1 Item_id =2172
83889, CheckSpeItemWorkEvent 1 Item_id =324
84585, CheckSpeItemWorkEvent 1 Item_id =309
84709, CheckSpeItemWorkEvent 1 Item_id =310
84801, CheckSpeItemWorkEvent 1 Item_id =311
84901, CheckSpeItemWorkEvent 1 Item_id =312
85013, CheckSpeItemWorkEvent 1 Item_id =312
85213, CheckSpeItemWorkEvent 1 Item_id =611
85933, CheckSpeItemWorkEvent 1 Item_id =318
85989, CheckSpeItemWorkEvent 1 Item_id =393
86089, CheckSpeItemWorkEvent 1 Item_id =478
86313, CheckSpeItemWorkEvent 1 Item_id =94
86365, CheckSpeItemWorkEvent 1 Item_id =324
86373, CheckSpeItemWorkEvent 1 Item_id =30
86457, CheckSpeItemWorkEvent 1 Item_id =2184
86605, CheckSpeItemWorkEvent 1 Item_id =478
86889, CheckSpeItemWorkEvent 1 Item_id =80
86981, CheckSpeItemWorkEvent 1 Item_id =31
87001, CheckSpeItemWorkEvent 1 Item_id =31
87005, CheckSpeItemWorkEvent 1 Item_id =50
87021, CheckSpeItemWorkEvent 1 Item_id =31
87137, CheckSpeItemWorkEvent 1 Item_id =106
87161, CheckSpeItemWorkEvent 1 Item_id =309
87229, CheckSpeItemWorkEvent 1 Item_id =2183
87293, CheckSpeItemWorkEvent 1 Item_id =310
87413, CheckSpeItemWorkEvent 1 Item_id =311
87521, CheckSpeItemWorkEvent 1 Item_id =31
87533, CheckSpeItemWorkEvent 1 Item_id =31
87541, CheckSpeItemWorkEvent 1 Item_id =312
87545, CheckSpeItemWorkEvent 1 Item_id =31
87553, CheckSpeItemWorkEvent 1 Item_id =31
87565, CheckSpeItemWorkEvent 1 Item_id =31
87569, CheckSpeItemWorkEvent 1 Item_id =31
87581, CheckSpeItemWorkEvent 1 Item_id =31
87589, CheckSpeItemWorkEvent 1 Item_id =31
87609, CheckSpeItemWorkEvent 1 Item_id =31
87685, CheckSpeItemWorkEvent 1 Item_id =387
87853, CheckSpeItemWorkEvent 1 Item_id =608
88069, CheckSpeItemWorkEvent 1 Item_id =816
88577, CheckSpeItemWorkEvent 1 Item_id =324
88977, CheckSpeItemWorkEvent 1 Item_id =117
89641, CheckSpeItemWorkEvent 1 Item_id =2184
89797, CheckSpeItemWorkEvent 1 Item_id =827
89933, CheckSpeItemWorkEvent 1 Item_id =827
90273, CheckSpeItemWorkEvent 1 Item_id =820
90853, CheckSpeItemWorkEvent 1 Item_id =610
90925, CheckSpeItemWorkEvent 1 Item_id =2137
91521, CheckSpeItemWorkEvent 1 Item_id =803
91957, CheckSpeItemWorkEvent 1 Item_id =827
92301, CheckSpeItemWorkEvent 1 Item_id =20
92661, CheckSpeItemWorkEvent 1 Item_id =20
92693, CheckSpeItemWorkEvent 1 Item_id =31
92713, CheckSpeItemWorkEvent 1 Item_id =31
92729, CheckSpeItemWorkEvent 1 Item_id =31
92769, CheckSpeItemWorkEvent 1 Item_id =31
92773, CheckSpeItemWorkEvent 1 Item_id =318
92801, CheckSpeItemWorkEvent 1 Item_id =31
93121, GetSpeItemAdd 不是开局玩家， control_id=12
93321, CheckSpeItemWorkEvent 1 Item_id =380
93341, CheckSpeItemWorkEvent 1 Item_id =380
93357, CheckSpeItemWorkEvent 1 Item_id =31
93361, CheckSpeItemWorkEvent 1 Item_id =380
93377, CheckSpeItemWorkEvent 1 Item_id =380
93413, CheckSpeItemWorkEvent 1 Item_id =380
94005, CheckSpeItemWorkEvent 1 Item_id =50
94289, CheckSpeItemWorkEvent 1 Item_id =106
94617, CheckSpeItemWorkEvent 1 Item_id =237
94657, CheckSpeItemWorkEvent 1 Item_id =324
94673, CheckSpeItemWorkEvent 1 Item_id =393
94869, CheckSpeItemWorkEvent 1 Item_id =478
94893, CheckSpeItemWorkEvent 1 Item_id =31
94913, CheckSpeItemWorkEvent 1 Item_id =31
94933, CheckSpeItemWorkEvent 1 Item_id =31
94949, CheckSpeItemWorkEvent 1 Item_id =31
94969, CheckSpeItemWorkEvent 1 Item_id =31
95041, CheckSpeItemWorkEvent 1 Item_id =75
95053, CheckSpeItemWorkEvent 1 Item_id =309
95121, CheckSpeItemWorkEvent 1 Item_id =329
95161, CheckSpeItemWorkEvent 1 Item_id =310
95305, CheckSpeItemWorkEvent 1 Item_id =311
95965, CheckSpeItemWorkEvent 1 Item_id =391
96101, CheckSpeItemWorkEvent 1 Item_id =611
96693, CheckSpeItemWorkEvent 1 Item_id =608
96809, CheckSpeItemWorkEvent 1 Item_id =31
96845, CheckSpeItemWorkEvent 1 Item_id =31
96865, CheckSpeItemWorkEvent 1 Item_id =31
96881, CheckSpeItemWorkEvent 1 Item_id =31
96917, CheckSpeItemWorkEvent 1 Item_id =31
97029, CheckSpeItemWorkEvent 1 Item_id =393
97265, CheckSpeItemWorkEvent 1 Item_id =818
97365, CheckSpeItemWorkEvent 1 Item_id =611
97381, CheckSpeItemWorkEvent 1 Item_id =610
97605, CheckSpeItemWorkEvent 1 Item_id =89
97693, CheckSpeItemWorkEvent 1 Item_id =31
97713, CheckSpeItemWorkEvent 1 Item_id =31
97729, CheckSpeItemWorkEvent 1 Item_id =31
97749, CheckSpeItemWorkEvent 1 Item_id =31
97769, CheckSpeItemWorkEvent 1 Item_id =31
97793, CheckSpeItemWorkEvent 1 Item_id =90
98229, CheckSpeItemWorkEvent 1 Item_id =309
99073, CheckSpeItemWorkEvent 1 Item_id =310
99433, CheckSpeItemWorkEvent 1 Item_id =318
99581, CheckSpeItemWorkEvent 1 Item_id =311
99761, CheckSpeItemWorkEvent 1 Item_id =312
99817, CheckSpeItemWorkEvent 1 Item_id =80
99905, CheckSpeItemWorkEvent 1 Item_id =312
100469, CheckSpeItemWorkEvent 1 Item_id =2137
100549, CheckSpeItemWorkEvent 1 Item_id =31
100581, CheckSpeItemWorkEvent 1 Item_id =31
100601, CheckSpeItemWorkEvent 1 Item_id =31
100637, CheckSpeItemWorkEvent 1 Item_id =31
101045, CheckSpeItemWorkEvent 1 Item_id =90
101269, CheckSpeItemWorkEvent 1 Item_id =318
101349, CheckSpeItemWorkEvent 1 Item_id =100
101429, CheckSpeItemWorkEvent 1 Item_id =89
101781, CheckSpeItemWorkEvent 1 Item_id =637
102165, CheckSpeItemWorkEvent 1 Item_id =818
102213, CheckSpeItemWorkEvent 1 Item_id =401
102273, CheckSpeItemWorkEvent 1 Item_id =318
102361, CheckSpeItemWorkEvent 1 Item_id =500
102445, CheckSpeItemWorkEvent 1 Item_id =610
102445, CheckSpeItemWorkEvent 1 Item_id =2137
102713, CheckSpeItemWorkEvent 1 Item_id =31
102737, CheckSpeItemWorkEvent 1 Item_id =31
102757, CheckSpeItemWorkEvent 1 Item_id =31
102773, CheckSpeItemWorkEvent 1 Item_id =31
102785, CheckSpeItemWorkEvent 1 Item_id =611
102813, CheckSpeItemWorkEvent 1 Item_id =31
102833, CheckSpeItemWorkEvent 1 Item_id =31
102853, CheckSpeItemWorkEvent 1 Item_id =31
102857, CheckSpeItemWorkEvent 1 Item_id =31
102869, CheckSpeItemWorkEvent 1 Item_id =31
102869, CheckSpeItemWorkEvent 1 Item_id =31
103421, CheckSpeItemWorkEvent 1 Item_id =2177
103613, CheckSpeItemWorkEvent 1 Item_id =429
103741, CheckSpeItemWorkEvent 1 Item_id =401
103745, CheckSpeItemWorkEvent 1 Item_id =364
103905, CheckSpeItemWorkEvent 1 Item_id =31
103925, CheckSpeItemWorkEvent 1 Item_id =31
103941, CheckSpeItemWorkEvent 1 Item_id =31
103961, CheckSpeItemWorkEvent 1 Item_id =31
103981, CheckSpeItemWorkEvent 1 Item_id =31
104013, CheckSpeItemWorkEvent 1 Item_id =570
104253, CheckSpeItemWorkEvent 1 Item_id =80
104285, CheckSpeItemWorkEvent 1 Item_id =103
104317, CheckSpeItemWorkEvent 1 Item_id =103
104433, CheckSpeItemWorkEvent 1 Item_id =89
104441, CheckSpeItemWorkEvent 1 Item_id =189
105257, CheckSpeItemWorkEvent 1 Item_id =31
105277, CheckSpeItemWorkEvent 1 Item_id =31
105297, CheckSpeItemWorkEvent 1 Item_id =31
105317, CheckSpeItemWorkEvent 1 Item_id =31
105353, CheckSpeItemWorkEvent 1 Item_id =31
105741, CheckSpeItemWorkEvent 1 Item_id =31
105757, CheckSpeItemWorkEvent 1 Item_id =31
106089, CheckSpeItemWorkEvent 1 Item_id =90
106289, CheckSpeItemWorkEvent 1 Item_id =31
106309, CheckSpeItemWorkEvent 1 Item_id =31
106329, CheckSpeItemWorkEvent 1 Item_id =31
106505, CheckSpeItemWorkEvent 1 Item_id =202
106605, CheckSpeItemWorkEvent 1 Item_id =90
107025, CheckSpeItemWorkEvent 1 Item_id =309
107157, CheckSpeItemWorkEvent 1 Item_id =310
107269, CheckSpeItemWorkEvent 1 Item_id =31
107289, CheckSpeItemWorkEvent 1 Item_id =31
107293, CheckSpeItemWorkEvent 1 Item_id =311
107309, CheckSpeItemWorkEvent 1 Item_id =31
107325, CheckSpeItemWorkEvent 1 Item_id =31
107409, CheckSpeItemWorkEvent 1 Item_id =312
107609, CheckSpeItemWorkEvent 1 Item_id =312
107677, CheckSpeItemWorkEvent 1 Item_id =820
107917, CheckSpeItemWorkEvent 1 Item_id =318
108049, CheckSpeItemWorkEvent 1 Item_id =2165
108717, CheckSpeItemWorkEvent 1 Item_id =320
108945, CheckSpeItemWorkEvent 1 Item_id =324
108993, CheckSpeItemWorkEvent 1 Item_id =820
110789, CheckSpeItemWorkEvent 1 Item_id =117
110821, CheckSpeItemWorkEvent 1 Item_id =335
111265, CheckSpeItemWorkEvent 1 Item_id =431
112357, CheckSpeItemWorkEvent 1 Item_id =323
112985, CheckSpeItemWorkEvent 1 Item_id =571
114453, CheckSpeItemWorkEvent 1 Item_id =637
114553, CheckSpeItemWorkEvent 1 Item_id =31
114573, CheckSpeItemWorkEvent 1 Item_id =31
114593, CheckSpeItemWorkEvent 1 Item_id =31
114609, CheckSpeItemWorkEvent 1 Item_id =31
115253, CheckSpeItemWorkEvent 1 Item_id =335
115257, CheckSpeItemWorkEvent 1 Item_id =611
115753, CheckSpeItemWorkEvent 1 Item_id =647
115973, CheckSpeItemWorkEvent 1 Item_id =582
116201, CheckSpeItemWorkEvent 1 Item_id =318
116201, CheckSpeItemWorkEvent 1 Item_id =20
116273, CheckSpeItemWorkEvent 1 Item_id =31
116285, CheckSpeItemWorkEvent 1 Item_id =31
116305, CheckSpeItemWorkEvent 1 Item_id =31
116965, CheckSpeItemWorkEvent 1 Item_id =655
117021, CheckSpeItemWorkEvent 1 Item_id =2142
117089, CheckSpeItemWorkEvent 1 Item_id =31
117121, CheckSpeItemWorkEvent 1 Item_id =31
117889, CheckSpeItemWorkEvent 1 Item_id =31
117929, CheckSpeItemWorkEvent 1 Item_id =31
118437, CheckSpeItemWorkEvent 1 Item_id =2163
119477, CheckSpeItemWorkEvent 1 Item_id =117
119641, CheckSpeItemWorkEvent 1 Item_id =500
120025, CheckSpeItemWorkEvent 1 Item_id =583
120061, CheckSpeItemWorkEvent 1 Item_id =126
121537, CheckSpeItemWorkEvent 1 Item_id =318
121977, CheckSpeItemWorkEvent 1 Item_id =50
122065, CheckSpeItemWorkEvent 1 Item_id =31
122085, CheckSpeItemWorkEvent 1 Item_id =31
122101, CheckSpeItemWorkEvent 1 Item_id =31
122121, CheckSpeItemWorkEvent 1 Item_id =31
122133, CheckSpeItemWorkEvent 1 Item_id =645
123105, CheckSpeItemWorkEvent 1 Item_id =31
123125, CheckSpeItemWorkEvent 1 Item_id =31
123145, CheckSpeItemWorkEvent 1 Item_id =31
123161, CheckSpeItemWorkEvent 1 Item_id =31
123181, CheckSpeItemWorkEvent 1 Item_id =31
123485, CheckSpeItemWorkEvent 1 Item_id =571
123621, CheckSpeItemWorkEvent 1 Item_id =100
123741, CheckSpeItemWorkEvent 1 Item_id =651
123809, CheckSpeItemWorkEvent 1 Item_id =31
123829, CheckSpeItemWorkEvent 1 Item_id =31
123853, CheckSpeItemWorkEvent 1 Item_id =31
123869, CheckSpeItemWorkEvent 1 Item_id =31
125977, CheckSpeItemWorkEvent 1 Item_id =637
126717, CheckSpeItemWorkEvent 1 Item_id =637
127077, CheckSpeItemWorkEvent 1 Item_id =827
127145, CheckSpeItemWorkEvent 1 Item_id =31
127181, CheckSpeItemWorkEvent 1 Item_id =31
127213, CheckSpeItemWorkEvent 1 Item_id =31
127229, CheckSpeItemWorkEvent 1 Item_id =820
127317, CheckSpeItemWorkEvent 1 Item_id =126
127569, CheckSpeItemWorkEvent 1 Item_id =2168
127649, CheckSpeItemWorkEvent 1 Item_id =31
127661, CheckSpeItemWorkEvent 1 Item_id =31
127681, CheckSpeItemWorkEvent 1 Item_id =31
128105, CheckSpeItemWorkEvent 1 Item_id =2142
128237, CheckSpeItemWorkEvent 1 Item_id =31
128273, CheckSpeItemWorkEvent 1 Item_id =31
128293, CheckSpeItemWorkEvent 1 Item_id =31
128313, CheckSpeItemWorkEvent 1 Item_id =31
128625, CheckSpeItemWorkEvent 1 Item_id =31
128641, CheckSpeItemWorkEvent 1 Item_id =31
128661, CheckSpeItemWorkEvent 1 Item_id =31
128677, CheckSpeItemWorkEvent 1 Item_id =31
128685, CheckSpeItemWorkEvent 1 Item_id =31
128697, CheckSpeItemWorkEvent 1 Item_id =31
128713, CheckSpeItemWorkEvent 1 Item_id =31
128729, CheckSpeItemWorkEvent 1 Item_id =31
128753, CheckSpeItemWorkEvent 1 Item_id =31
128777, CheckSpeItemWorkEvent 1 Item_id =31
128881, CheckSpeItemWorkEvent 1 Item_id =31
128901, CheckSpeItemWorkEvent 1 Item_id =31
128921, CheckSpeItemWorkEvent 1 Item_id =31
128941, CheckSpeItemWorkEvent 1 Item_id =31
128961, CheckSpeItemWorkEvent 1 Item_id =31
128985, CheckSpeItemWorkEvent 1 Item_id =31
129009, CheckSpeItemWorkEvent 1 Item_id =31
129033, CheckSpeItemWorkEvent 1 Item_id =31
129053, CheckSpeItemWorkEvent 1 Item_id =31
130585, CheckSpeItemWorkEvent 1 Item_id =31
130609, CheckSpeItemWorkEvent 1 Item_id =31
130645, CheckSpeItemWorkEvent 1 Item_id =31
131437, CheckSpeItemWorkEvent 1 Item_id =31
131457, CheckSpeItemWorkEvent 1 Item_id =31
131477, CheckSpeItemWorkEvent 1 Item_id =31
131737, CheckSpeItemWorkEvent 1 Item_id =31
131753, CheckSpeItemWorkEvent 1 Item_id =31
131773, CheckSpeItemWorkEvent 1 Item_id =31
131789, CheckSpeItemWorkEvent 1 Item_id =31
131809, CheckSpeItemWorkEvent 1 Item_id =31
132037, CheckSpeItemWorkEvent 1 Item_id =117
132461, CheckSpeItemWorkEvent 1 Item_id =31
132477, CheckSpeItemWorkEvent 1 Item_id =31
132497, CheckSpeItemWorkEvent 1 Item_id =31
132517, CheckSpeItemWorkEvent 1 Item_id =31
132625, CheckSpeItemWorkEvent 1 Item_id =31
132649, CheckSpeItemWorkEvent 1 Item_id =31
132689, CheckSpeItemWorkEvent 1 Item_id =31
132725, CheckSpeItemWorkEvent 1 Item_id =31
132745, CheckSpeItemWorkEvent 1 Item_id =31
133353, CheckSpeItemWorkEvent 1 Item_id =31
133385, CheckSpeItemWorkEvent 1 Item_id =31
133405, CheckSpeItemWorkEvent 1 Item_id =31
133421, CheckSpeItemWorkEvent 1 Item_id =31
133441, CheckSpeItemWorkEvent 1 Item_id =31
134873, CheckSpeItemWorkEvent 1 Item_id =31
134897, CheckSpeItemWorkEvent 1 Item_id =31
137545, CheckSpeItemWorkEvent 1 Item_id =2142
138329, CheckSpeItemWorkEvent 1 Item_id =637
138449, CheckSpeItemWorkEvent 1 Item_id =31
138469, CheckSpeItemWorkEvent 1 Item_id =31
138493, CheckSpeItemWorkEvent 1 Item_id =31
138513, CheckSpeItemWorkEvent 1 Item_id =31
138533, CheckSpeItemWorkEvent 1 Item_id =31
138869, CheckSpeItemWorkEvent 1 Item_id =2165
139225, CheckSpeItemWorkEvent 1 Item_id =31
139245, CheckSpeItemWorkEvent 1 Item_id =31
139269, CheckSpeItemWorkEvent 1 Item_id =31
139289, CheckSpeItemWorkEvent 1 Item_id =31
139313, CheckSpeItemWorkEvent 1 Item_id =31
139937, CheckSpeItemWorkEvent 1 Item_id =31
140089, CheckSpeItemWorkEvent 1 Item_id =31
140113, CheckSpeItemWorkEvent 1 Item_id =31
140137, CheckSpeItemWorkEvent 1 Item_id =31
140141, CheckSpeItemWorkEvent 1 Item_id =31
140161, CheckSpeItemWorkEvent 1 Item_id =31
140169, CheckSpeItemWorkEvent 1 Item_id =31
140181, CheckSpeItemWorkEvent 1 Item_id =31
140193, CheckSpeItemWorkEvent 1 Item_id =31
140221, CheckSpeItemWorkEvent 1 Item_id =31
140241, CheckSpeItemWorkEvent 1 Item_id =31
140305, CheckSpeItemWorkEvent 1 Item_id =393
140409, CheckSpeItemWorkEvent 1 Item_id =637
142157, CheckSpeItemWorkEvent 1 Item_id =291
144093, GetSpeItemAdd 不是开局玩家， control_id=18
145425, CheckSpeItemWorkEvent 1 Item_id =31
145441, CheckSpeItemWorkEvent 1 Item_id =31
145477, CheckSpeItemWorkEvent 1 Item_id =31
145493, CheckSpeItemWorkEvent 1 Item_id =31
146335, GetSpeItemAdd 不是开局玩家， control_id=7
146335, GetSpeItemAdd 没有获胜， control_id=11
146335, GetSpeItemAdd 不是开局玩家， control_id=12
146335, GetSpeItemAdd 没有获胜， control_id=13
146335, GetSpeItemAdd 不是开局玩家， control_id=14
146335, GetSpeItemAdd 没有获胜， control_id=15
146335, GetSpeItemAdd 没有获胜， control_id=16
146335, GetSpeItemAdd 没有获胜， control_id=17
146335, GetSpeItemAdd 没有获胜， control_id=19
146335, GetSpeItemAdd 没有获胜， control_id=20
