131181, 当前挂机的家伙18
131181, 挂机认定G_Tab.GuaJiJuBao[18][1] = 0
131181, 挂机认定G_Tab.GuaJiJuBao[18][2] = 0
131181, 挂机认定G_Tab.GuaJiJuBao[18][3] = 0
131181, 挂机认定G_Tab.GuaJiJuBao[18][4] = 0
131181, 挂机认定G_Tab.GuaJiJuBao[18][5] = 0
131181, 挂机认定G_Tab.GuaJiJuBao[18][6] = 0
131181, 挂机认定G_Tab.GuaJiJuBao[18][7] = 0
131181, 挂机认定G_Tab.GuaJiJuBao[18][8] = 0
131181, 挂机认定G_Tab.GuaJiJuBao[18][9] = 0
131181, 挂机认定G_Tab.GuaJiJuBao[18][10] = 0
131181, 挂机认定G_Tab.GuaJiJuBao[18][11] = 0
131181, 挂机认定G_Tab.GuaJiJuBao[18][12] = 1
131181, 挂机认定G_Tab.GuaJiJuBao[18][13] = 0
131181, 挂机认定G_Tab.GuaJiJuBao[18][14] = 0
131181, 挂机认定G_Tab.GuaJiJuBao[18][15] = 0
131181, 挂机认定G_Tab.GuaJiJuBao[18][16] = 0
131181, 挂机认定G_Tab.GuaJiJuBao[18][17] = 0
131181, 挂机认定G_Tab.GuaJiJuBao[18][18] = 0
131181, 挂机认定G_Tab.GuaJiJuBao[18][19] = 0
131181, 挂机认定G_Tab.GuaJiJuBao[18][20] = 0
131181, 确认的人数1
131181, control1挂机等级0
131181, control2挂机等级0
131181, control3挂机等级0
131181, control4挂机等级0
131181, control5挂机等级0
131181, control6挂机等级0
131181, control7挂机等级0
131181, control8挂机等级0
131181, control9挂机等级0
131181, control10挂机等级0
131181, control11挂机等级0
131181, control12挂机等级0
131181, control13挂机等级0
131181, control14挂机等级0
131181, control15挂机等级0
131181, control16挂机等级0
131181, control17挂机等级0
131181, control18挂机等级1
131181, control19挂机等级0
131181, control20挂机等级0
131181, 当前没有挂机的人数9
131189, 当前挂机的家伙18
131189, 挂机认定G_Tab.GuaJiJuBao[18][1] = 0
131189, 挂机认定G_Tab.GuaJiJuBao[18][2] = 0
131189, 挂机认定G_Tab.GuaJiJuBao[18][3] = 0
131189, 挂机认定G_Tab.GuaJiJuBao[18][4] = 0
131189, 挂机认定G_Tab.GuaJiJuBao[18][5] = 0
131189, 挂机认定G_Tab.GuaJiJuBao[18][6] = 0
131189, 挂机认定G_Tab.GuaJiJuBao[18][7] = 0
131189, 挂机认定G_Tab.GuaJiJuBao[18][8] = 0
131189, 挂机认定G_Tab.GuaJiJuBao[18][9] = 0
131189, 挂机认定G_Tab.GuaJiJuBao[18][10] = 0
131189, 挂机认定G_Tab.GuaJiJuBao[18][11] = 0
131189, 挂机认定G_Tab.GuaJiJuBao[18][12] = 1
131189, 挂机认定G_Tab.GuaJiJuBao[18][13] = 0
131189, 挂机认定G_Tab.GuaJiJuBao[18][14] = 0
131189, 挂机认定G_Tab.GuaJiJuBao[18][15] = 0
131189, 挂机认定G_Tab.GuaJiJuBao[18][16] = 0
131189, 挂机认定G_Tab.GuaJiJuBao[18][17] = 0
131189, 挂机认定G_Tab.GuaJiJuBao[18][18] = 0
131189, 挂机认定G_Tab.GuaJiJuBao[18][19] = 0
131189, 挂机认定G_Tab.GuaJiJuBao[18][20] = 1
131189, 确认的人数2
131189, control1挂机等级0
131189, control2挂机等级0
131189, control3挂机等级0
131189, control4挂机等级0
131189, control5挂机等级0
131189, control6挂机等级0
131189, control7挂机等级0
131189, control8挂机等级0
131189, control9挂机等级0
131189, control10挂机等级0
131189, control11挂机等级0
131189, control12挂机等级0
131189, control13挂机等级0
131189, control14挂机等级0
131189, control15挂机等级0
131189, control16挂机等级0
131189, control17挂机等级0
131189, control18挂机等级1
131189, control19挂机等级0
131189, control20挂机等级0
131189, 当前没有挂机的人数9
131197, 当前挂机的家伙18
131197, 挂机认定G_Tab.GuaJiJuBao[18][1] = 0
131197, 挂机认定G_Tab.GuaJiJuBao[18][2] = 0
131197, 挂机认定G_Tab.GuaJiJuBao[18][3] = 0
131197, 挂机认定G_Tab.GuaJiJuBao[18][4] = 0
131197, 挂机认定G_Tab.GuaJiJuBao[18][5] = 0
131197, 挂机认定G_Tab.GuaJiJuBao[18][6] = 0
131197, 挂机认定G_Tab.GuaJiJuBao[18][7] = 0
131197, 挂机认定G_Tab.GuaJiJuBao[18][8] = 0
131197, 挂机认定G_Tab.GuaJiJuBao[18][9] = 0
131197, 挂机认定G_Tab.GuaJiJuBao[18][10] = 0
131197, 挂机认定G_Tab.GuaJiJuBao[18][11] = 0
131197, 挂机认定G_Tab.GuaJiJuBao[18][12] = 1
131197, 挂机认定G_Tab.GuaJiJuBao[18][13] = 0
131197, 挂机认定G_Tab.GuaJiJuBao[18][14] = 0
131197, 挂机认定G_Tab.GuaJiJuBao[18][15] = 0
131197, 挂机认定G_Tab.GuaJiJuBao[18][16] = 0
131197, 挂机认定G_Tab.GuaJiJuBao[18][17] = 1
131197, 挂机认定G_Tab.GuaJiJuBao[18][18] = 0
131197, 挂机认定G_Tab.GuaJiJuBao[18][19] = 0
131197, 挂机认定G_Tab.GuaJiJuBao[18][20] = 1
131197, 确认的人数3
131197, control1挂机等级0
131197, control2挂机等级0
131197, control3挂机等级0
131197, control4挂机等级0
131197, control5挂机等级0
131197, control6挂机等级0
131197, control7挂机等级0
131197, control8挂机等级0
131197, control9挂机等级0
131197, control10挂机等级0
131197, control11挂机等级0
131197, control12挂机等级0
131197, control13挂机等级0
131197, control14挂机等级0
131197, control15挂机等级0
131197, control16挂机等级0
131197, control17挂机等级0
131197, control18挂机等级1
131197, control19挂机等级0
131197, control20挂机等级0
131197, 当前没有挂机的人数9
131197, 当前挂机的家伙18
131197, 挂机认定G_Tab.GuaJiJuBao[18][1] = 0
131197, 挂机认定G_Tab.GuaJiJuBao[18][2] = 0
131197, 挂机认定G_Tab.GuaJiJuBao[18][3] = 0
131197, 挂机认定G_Tab.GuaJiJuBao[18][4] = 0
131197, 挂机认定G_Tab.GuaJiJuBao[18][5] = 0
131197, 挂机认定G_Tab.GuaJiJuBao[18][6] = 0
131197, 挂机认定G_Tab.GuaJiJuBao[18][7] = 0
131197, 挂机认定G_Tab.GuaJiJuBao[18][8] = 0
131197, 挂机认定G_Tab.GuaJiJuBao[18][9] = 0
131197, 挂机认定G_Tab.GuaJiJuBao[18][10] = 0
131197, 挂机认定G_Tab.GuaJiJuBao[18][11] = 0
131197, 挂机认定G_Tab.GuaJiJuBao[18][12] = 1
131197, 挂机认定G_Tab.GuaJiJuBao[18][13] = 0
131197, 挂机认定G_Tab.GuaJiJuBao[18][14] = 0
131197, 挂机认定G_Tab.GuaJiJuBao[18][15] = 0
131197, 挂机认定G_Tab.GuaJiJuBao[18][16] = 0
131197, 挂机认定G_Tab.GuaJiJuBao[18][17] = 1
131197, 挂机认定G_Tab.GuaJiJuBao[18][18] = 0
131197, 挂机认定G_Tab.GuaJiJuBao[18][19] = 1
131197, 挂机认定G_Tab.GuaJiJuBao[18][20] = 1
131197, 确认的人数4
131197, control1挂机等级0
131197, control2挂机等级0
131197, control3挂机等级0
131197, control4挂机等级0
131197, control5挂机等级0
131197, control6挂机等级0
131197, control7挂机等级0
131197, control8挂机等级0
131197, control9挂机等级0
131197, control10挂机等级0
131197, control11挂机等级0
131197, control12挂机等级0
131197, control13挂机等级0
131197, control14挂机等级0
131197, control15挂机等级0
131197, control16挂机等级0
131197, control17挂机等级0
131197, control18挂机等级1
131197, control19挂机等级0
131197, control20挂机等级0
131197, 当前没有挂机的人数9
131241, 当前挂机的家伙18
131241, 挂机认定G_Tab.GuaJiJuBao[18][1] = 0
131241, 挂机认定G_Tab.GuaJiJuBao[18][2] = 0
131241, 挂机认定G_Tab.GuaJiJuBao[18][3] = 0
131241, 挂机认定G_Tab.GuaJiJuBao[18][4] = 0
131241, 挂机认定G_Tab.GuaJiJuBao[18][5] = 0
131241, 挂机认定G_Tab.GuaJiJuBao[18][6] = 0
131241, 挂机认定G_Tab.GuaJiJuBao[18][7] = 0
131241, 挂机认定G_Tab.GuaJiJuBao[18][8] = 0
131241, 挂机认定G_Tab.GuaJiJuBao[18][9] = 0
131241, 挂机认定G_Tab.GuaJiJuBao[18][10] = 0
131241, 挂机认定G_Tab.GuaJiJuBao[18][11] = 0
131241, 挂机认定G_Tab.GuaJiJuBao[18][12] = 1
131241, 挂机认定G_Tab.GuaJiJuBao[18][13] = 0
131241, 挂机认定G_Tab.GuaJiJuBao[18][14] = 1
131241, 挂机认定G_Tab.GuaJiJuBao[18][15] = 0
131241, 挂机认定G_Tab.GuaJiJuBao[18][16] = 0
131241, 挂机认定G_Tab.GuaJiJuBao[18][17] = 1
131241, 挂机认定G_Tab.GuaJiJuBao[18][18] = 0
131241, 挂机认定G_Tab.GuaJiJuBao[18][19] = 1
131241, 挂机认定G_Tab.GuaJiJuBao[18][20] = 1
131241, 确认的人数5
131241, control1挂机等级0
131241, control2挂机等级0
131241, control3挂机等级0
131241, control4挂机等级0
131241, control5挂机等级0
131241, control6挂机等级0
131241, control7挂机等级0
131241, control8挂机等级0
131241, control9挂机等级0
131241, control10挂机等级0
131241, control11挂机等级0
131241, control12挂机等级0
131241, control13挂机等级0
131241, control14挂机等级0
131241, control15挂机等级0
131241, control16挂机等级0
131241, control17挂机等级0
131241, control18挂机等级1
131241, control19挂机等级0
131241, control20挂机等级0
131241, 当前没有挂机的人数9
131289, 当前挂机的家伙18
131289, 挂机认定G_Tab.GuaJiJuBao[18][1] = 0
131289, 挂机认定G_Tab.GuaJiJuBao[18][2] = 0
131289, 挂机认定G_Tab.GuaJiJuBao[18][3] = 0
131289, 挂机认定G_Tab.GuaJiJuBao[18][4] = 0
131289, 挂机认定G_Tab.GuaJiJuBao[18][5] = 0
131289, 挂机认定G_Tab.GuaJiJuBao[18][6] = 0
131289, 挂机认定G_Tab.GuaJiJuBao[18][7] = 0
131289, 挂机认定G_Tab.GuaJiJuBao[18][8] = 0
131289, 挂机认定G_Tab.GuaJiJuBao[18][9] = 0
131289, 挂机认定G_Tab.GuaJiJuBao[18][10] = 0
131289, 挂机认定G_Tab.GuaJiJuBao[18][11] = 1
131289, 挂机认定G_Tab.GuaJiJuBao[18][12] = 1
131289, 挂机认定G_Tab.GuaJiJuBao[18][13] = 0
131289, 挂机认定G_Tab.GuaJiJuBao[18][14] = 1
131289, 挂机认定G_Tab.GuaJiJuBao[18][15] = 0
131289, 挂机认定G_Tab.GuaJiJuBao[18][16] = 0
131289, 挂机认定G_Tab.GuaJiJuBao[18][17] = 1
131289, 挂机认定G_Tab.GuaJiJuBao[18][18] = 0
131289, 挂机认定G_Tab.GuaJiJuBao[18][19] = 1
131289, 挂机认定G_Tab.GuaJiJuBao[18][20] = 1
131289, 确认的人数6
131289, control1挂机等级0
131289, control2挂机等级0
131289, control3挂机等级0
131289, control4挂机等级0
131289, control5挂机等级0
131289, control6挂机等级0
131289, control7挂机等级0
131289, control8挂机等级0
131289, control9挂机等级0
131289, control10挂机等级0
131289, control11挂机等级0
131289, control12挂机等级0
131289, control13挂机等级0
131289, control14挂机等级0
131289, control15挂机等级0
131289, control16挂机等级0
131289, control17挂机等级0
131289, control18挂机等级1
131289, control19挂机等级0
131289, control20挂机等级0
131289, 当前没有挂机的人数9
131445, 当前挂机的家伙18
131445, 挂机认定G_Tab.GuaJiJuBao[18][1] = 0
131445, 挂机认定G_Tab.GuaJiJuBao[18][2] = 0
131445, 挂机认定G_Tab.GuaJiJuBao[18][3] = 0
131445, 挂机认定G_Tab.GuaJiJuBao[18][4] = 0
131445, 挂机认定G_Tab.GuaJiJuBao[18][5] = 0
131445, 挂机认定G_Tab.GuaJiJuBao[18][6] = 0
131445, 挂机认定G_Tab.GuaJiJuBao[18][7] = 0
131445, 挂机认定G_Tab.GuaJiJuBao[18][8] = 0
131445, 挂机认定G_Tab.GuaJiJuBao[18][9] = 0
131445, 挂机认定G_Tab.GuaJiJuBao[18][10] = 0
131445, 挂机认定G_Tab.GuaJiJuBao[18][11] = 1
131445, 挂机认定G_Tab.GuaJiJuBao[18][12] = 1
131445, 挂机认定G_Tab.GuaJiJuBao[18][13] = 0
131445, 挂机认定G_Tab.GuaJiJuBao[18][14] = 1
131445, 挂机认定G_Tab.GuaJiJuBao[18][15] = 0
131445, 挂机认定G_Tab.GuaJiJuBao[18][16] = 1
131445, 挂机认定G_Tab.GuaJiJuBao[18][17] = 1
131445, 挂机认定G_Tab.GuaJiJuBao[18][18] = 0
131445, 挂机认定G_Tab.GuaJiJuBao[18][19] = 1
131445, 挂机认定G_Tab.GuaJiJuBao[18][20] = 1
131445, 确认的人数7
131445, control1挂机等级0
131445, control2挂机等级0
131445, control3挂机等级0
131445, control4挂机等级0
131445, control5挂机等级0
131445, control6挂机等级0
131445, control7挂机等级0
131445, control8挂机等级0
131445, control9挂机等级0
131445, control10挂机等级0
131445, control11挂机等级0
131445, control12挂机等级0
131445, control13挂机等级0
131445, control14挂机等级0
131445, control15挂机等级0
131445, control16挂机等级0
131445, control17挂机等级0
131445, control18挂机等级1
131445, control19挂机等级0
131445, control20挂机等级0
131445, 当前没有挂机的人数9
131769, 当前挂机的家伙18
131769, 挂机认定G_Tab.GuaJiJuBao[18][1] = 0
131769, 挂机认定G_Tab.GuaJiJuBao[18][2] = 0
131769, 挂机认定G_Tab.GuaJiJuBao[18][3] = 0
131769, 挂机认定G_Tab.GuaJiJuBao[18][4] = 0
131769, 挂机认定G_Tab.GuaJiJuBao[18][5] = 0
131769, 挂机认定G_Tab.GuaJiJuBao[18][6] = 0
131769, 挂机认定G_Tab.GuaJiJuBao[18][7] = 0
131769, 挂机认定G_Tab.GuaJiJuBao[18][8] = 0
131769, 挂机认定G_Tab.GuaJiJuBao[18][9] = 0
131769, 挂机认定G_Tab.GuaJiJuBao[18][10] = 0
131769, 挂机认定G_Tab.GuaJiJuBao[18][11] = 1
131769, 挂机认定G_Tab.GuaJiJuBao[18][12] = 1
131769, 挂机认定G_Tab.GuaJiJuBao[18][13] = 0
131769, 挂机认定G_Tab.GuaJiJuBao[18][14] = 1
131769, 挂机认定G_Tab.GuaJiJuBao[18][15] = 1
131769, 挂机认定G_Tab.GuaJiJuBao[18][16] = 1
131769, 挂机认定G_Tab.GuaJiJuBao[18][17] = 1
131769, 挂机认定G_Tab.GuaJiJuBao[18][18] = 0
131769, 挂机认定G_Tab.GuaJiJuBao[18][19] = 1
131769, 挂机认定G_Tab.GuaJiJuBao[18][20] = 1
131769, 确认的人数8
131769, control1挂机等级0
131769, control2挂机等级0
131769, control3挂机等级0
131769, control4挂机等级0
131769, control5挂机等级0
131769, control6挂机等级0
131769, control7挂机等级0
131769, control8挂机等级0
131769, control9挂机等级0
131769, control10挂机等级0
131769, control11挂机等级0
131769, control12挂机等级0
131769, control13挂机等级0
131769, control14挂机等级0
131769, control15挂机等级0
131769, control16挂机等级0
131769, control17挂机等级0
131769, control18挂机等级1
131769, control19挂机等级0
131769, control20挂机等级0
131769, 当前没有挂机的人数9
132785, 当前挂机的家伙18
132785, 挂机认定G_Tab.GuaJiJuBao[18][1] = 0
132785, 挂机认定G_Tab.GuaJiJuBao[18][2] = 0
132785, 挂机认定G_Tab.GuaJiJuBao[18][3] = 0
132785, 挂机认定G_Tab.GuaJiJuBao[18][4] = 0
132785, 挂机认定G_Tab.GuaJiJuBao[18][5] = 0
132785, 挂机认定G_Tab.GuaJiJuBao[18][6] = 0
132785, 挂机认定G_Tab.GuaJiJuBao[18][7] = 0
132785, 挂机认定G_Tab.GuaJiJuBao[18][8] = 0
132785, 挂机认定G_Tab.GuaJiJuBao[18][9] = 0
132785, 挂机认定G_Tab.GuaJiJuBao[18][10] = 0
132785, 挂机认定G_Tab.GuaJiJuBao[18][11] = 1
132785, 挂机认定G_Tab.GuaJiJuBao[18][12] = 1
132785, 挂机认定G_Tab.GuaJiJuBao[18][13] = 1
132785, 挂机认定G_Tab.GuaJiJuBao[18][14] = 1
132785, 挂机认定G_Tab.GuaJiJuBao[18][15] = 1
132785, 挂机认定G_Tab.GuaJiJuBao[18][16] = 1
132785, 挂机认定G_Tab.GuaJiJuBao[18][17] = 1
132785, 挂机认定G_Tab.GuaJiJuBao[18][18] = 0
132785, 挂机认定G_Tab.GuaJiJuBao[18][19] = 1
132785, 挂机认定G_Tab.GuaJiJuBao[18][20] = 1
132785, 确认的人数9
132785, control1挂机等级0
132785, control2挂机等级0
132785, control3挂机等级0
132785, control4挂机等级0
132785, control5挂机等级0
132785, control6挂机等级0
132785, control7挂机等级0
132785, control8挂机等级0
132785, control9挂机等级0
132785, control10挂机等级0
132785, control11挂机等级0
132785, control12挂机等级0
132785, control13挂机等级0
132785, control14挂机等级0
132785, control15挂机等级0
132785, control16挂机等级0
132785, control17挂机等级0
132785, control18挂机等级1
132785, control19挂机等级0
132785, control20挂机等级0
132785, 当前没有挂机的人数9
