6647, 2/283
6647, result=true
6728, 4/281
6728, result=true
6990, 2/277
6990, result=true
9356, 2/275
9356, result=true
9447, 4/273
9447, result=true
31876, 1/269
31876, result=true
31989, 5/268
31989, result=true
32080, 10/263
32080, result=true
40721, 1/253
40721, result=true
40826, 5/252
40826, result=true
62807, 2/247
62807, result=true
63132, 2/245
63132, result=true
70164, 2/243
70164, result=true
70256, 10/241
70256, result=true
70351, 20/231
70351, result=true
75383, 2/211
75383, result=true
75463, 10/209
75463, result=true
75636, 20/199
75636, result=true
80484, 2/179
80484, result=true
80584, 10/177
80584, result=true
86201, 2/167
86201, result=true
86318, 10/165
86318, result=true
86408, 20/155
86408, result=true
91225, 2/135
91225, result=true
91363, 10/133
91363, result=true
98425, 2/123
98425, result=true
98538, 10/121
98538, result=true
107137, 2/111
107137, result=true
115282, 2/109
115282, result=true
115456, 10/107
115456, result=true
115554, 20/97
115554, result=true
119134, 2/77
119134, result=true
