146040, ===[1][为了遇见你6][孙权]===
146040, 0
146040, 0
146040, 0
146040, --------
146040, 贾诩 精忠 ★ ★
146040, 姜维 精忠 ★
146040, 朱雀 ★ ★ ★
146040, 移动速度 + 32.4
146040, 法术伤害 + 29.64
146040, 法术穿透 + 2.73
146040, 法术暴击伤害 + 12.96％
146040, 生命上限 + 225
146040, 法术伤害 + 2.59％
146040, ===[2][农夫洒拳][曹丕]===
146040, 0
146040, 0
146040, 0
146040, 0
146040, 0
146040, 0
146040, 0
146040, --------
146040, 法术伤害 + 10.98
146040, 每秒法力恢复 + 0.29
146040, 法术暴击伤害 + 3.6％
146040, 冷却缩减 + 3.5％
146040, 物理攻击 + 5.7
146040, 攻击速度 + 6％
146040, 物理攻击 + 2％
146040, 法力上限 + 57.6
146040, 法术吸血 + 2.4％
146040, 法术穿透 + 2.5％
146040, 生命上限 + 82.32
146040, 法术抗性 + 0.86
146040, 控制时间减免 + 9.6％
146040, 伤害减免 + 1.5％
146040, 护甲穿透 + 0.58
146040, 生命偷取 + 4.8％
146040, 护甲穿透 + 2.5％
146040, 物理防御 + 0.86
146040, 复活时间 + -8％
146040, ===[3][丿丶望天行][赵云]===
146040, 0
146040, 0
146040, 0
146040, --------
146040, 赵云 精忠 ★ ★ ★
146040, 白虎 ★ ★ ★
146040, 物理攻击 + 14.79
146040, 护甲穿透 + 3.12
146040, 物理攻击 + 4.32％
146040, 移动速度 + 25.6
146040, 生命上限 + 150
146040, 暴击伤害 + 25.92％
146040, 暴击概率 + 5.4％
146040, ===[4][q1007121167][太史慈]===
146040, 0
146040, 0
146040, 0
146040, 0
146040, 0
146040, 0
146040, --------
146040, 物理攻击 + 16.44
146040, 攻击速度 + 21.6％
146040, 生命偷取 + 9.6％
146040, 冷却缩减 + 3.5％
146040, 护甲穿透 + 1.16
146040, 暴击伤害 + 21.6％
146040, 复活时间 + -8％
146040, 移动速度 + 24
146040, 击中生命恢复 + 14.4
146040, 物理攻击 + 2.4％
146040, ===[5][QQ邂逅的夕阳][徐盛]===
146040, 0
146040, 0
146040, 0
146040, --------
146040, 郭嘉 精忠 ★
146040, 蒋琬 精忠 ★
146040, 玄武 ★ ★ ★
146040, 暴击概率 + 5.4％
146040, 法术伤害 + 9.88
146040, 法术穿透 + 1.82
146040, 法术吸血 + 4.32％
146040, 移动速度 + 11
146040, 生命上限 + 148.18
146040, 每秒获得金钱 + 1.3
146040, 法力上限 + 103.68
146040, 法术穿透 + 4.5％
146040, 法术暴击概率 + 4.5％
146040, ===[6][萌颖颖][姜维]===
146040, 0
146040, 0
146040, 0
146040, --------
146040, 文丑 精忠 ★
146040, 祝融夫人 精忠 ★
146040, 太史慈 精忠 ★
146040, 青龙 ★ ★ ★
146040, 物理攻击 + 9.86
146040, 生命偷取 + 8.64％
146040, 护甲穿透 + 4.5％
146040, 每秒生命恢复 + 2.59
146040, 移动速度 + 12
146040, 攻击速度 + 12.96％
146040, 暴击伤害 + 12.96％
146040, 伤害减免 + 2.7％
146040, 物理攻击 + 4.32％
146040, 基础攻击速度 + 3.6％
146040, 生命上限 + 74.09
146040, 法术抗性 + 1.56
146040, ===[7][心酸苦酒自己尝][陈宫]===
146040, 0
146040, 0
146040, 0
146040, --------
146040, 许褚 精忠 ★ ★
146040, 马岱 精忠 ★
146040, 朱雀 ★ ★ ★
146040, 暴击概率 + 5.4％
146040, 法术伤害 + 29.64
146040, 每秒法力恢复 + 0.52
146040, 法术伤害 + 5.18％
146040, 移动速度 + 19.8
146040, 暴击伤害 + 12.96％
146040, 法术穿透 + 0.91
146040, 冷却缩减 + 6.3％
146040, 法术抗性 + 1.56
146040, 生命上限 + 75
146040, ===[8][最流氓的班主任][马岱]===
146040, 0
146040, 0
146040, 0
146040, --------
146040, 马岱 精忠 ★ ★ ★
146040, 白虎 ★ ★ ★
146040, 物理攻击 + 14.79
146040, 护甲穿透 + 3.12
146040, 物理攻击 + 4.32％
146040, 暴击概率 + 16.2％
146040, 移动速度 + 12
146040, 暴击伤害 + 25.92％
146040, ===[9][右耳钉丶残恋][邓芝]===
146040, 0
146040, 0
146040, 0
146040, --------
146040, 孙策 精忠 ★
146040, 鲁肃 精忠 ★
146040, 李典 精忠 ★
146040, 朱雀 ★ ★ ★
146040, 法术伤害 + 29.64
146040, 法术穿透 + 1.82
146040, 法术暴击伤害 + 12.96％
146040, 冷却缩减 + 6.3％
146040, 移动速度 + 13
146040, 暴击伤害 + 12.96％
146040, 法术暴击概率 + 4.5％
146040, 击中生命恢复 + 25.92
146040, 暴击概率 + 5.4％
146040, ===[10][a2059069545][高顺]===
146040, 0
146040, 0
146040, 0
146040, --------
146040, 吕布 精忠 ★
146040, 鲁肃 精忠 ★
146040, 邓艾 精忠 ★
146040, 青龙 ★ ★ ★
146040, 物理攻击 + 14.79
146040, 击中生命恢复 + 77.76
146040, 暴击伤害 + 12.96％
146040, 移动速度 + 32.4
146040, 生命上限 + 225
146040, 物理攻击 + 8.64％
146040, ===[11][q1w2chang2015][魏延]===
146040, 0
146040, 0
146040, 0
146040, --------
146040, 朱雀 ★ ★ ★
146040, 法术伤害 + 29.64
146040, 法力上限 + 103.68
146040, 法术吸血 + 8.64％
146040, 冷却缩减 + 12.6％
146040, 移动速度 + 20.8
146040, 法术穿透 + 1.82
146040, 法术暴击伤害 + 6.48％
146040, 生命上限 + 75
146040, ===[12][昔日小宇][法正]===
146040, 0
146040, 0
146040, 0
146040, 0
146040, --------
146040, 青龙 ★
146040, 白虎 ★
146040, 生命上限 + 82.32
146040, 法术抗性 + 1.72
146040, 生命上限 + 3.6％
146040, 移动速度 + 20
146040, 物理攻击 + 9.86
146040, 击中生命恢复 + 25.92
146040, 物理攻击 + 4.32％
146040, 护甲穿透 + 4.5％
146040, 攻击速度 + 12.96％
146040, 生命偷取 + 8.64％
146040, 基础攻击速度 + 3.6％
146040, ===[13][走南闯北1][周泰]===
146040, 0
146040, 0
146040, 0
146040, --------
146040, 曹操 精忠 ★
146040, 夏侯渊 精忠 ★
146040, 凌统 精忠 ★
146040, 白虎 ★ ★ ★
146040, 物理攻击 + 14.79
146040, 护甲穿透 + 2.08
146040, 物理攻击 + 12.96％
146040, 基础攻击速度 + 7.2％
146040, 移动速度 + 20.8
146040, 生命上限 + 75
146040, 攻击速度 + 12.96％
146040, ===[14][YuanHang][貂蝉]===
146040, 0
146040, 0
146040, 0
146040, --------
146040, 张角 精忠 ★
146040, 青龙 ★
146040, 玄武 ★
146040, 朱雀 ★
146040, 物理攻击 + 14.79
146040, 攻击速度 + 12.96％
146040, 每秒获得金钱 + 0.65
146040, 移动速度 + 25.6
146040, 生命上限 + 150
146040, 击中生命恢复 + 25.92
146040, 生命偷取 + 8.64％
146040, 暴击概率 + 5.4％
146040, 每秒法力恢复 + 0.52
146040, 法术吸血 + 4.32％
146040, ===[15][青青孑妗丶][孙策]===
146040, 0
146040, 0
146040, 0
146040, --------
146040, 太史慈 精忠 ★
146040, 青龙 ★
146040, 玄武 ★
146040, 朱雀 ★
146040, 物理攻击 + 14.79
146040, 击中生命恢复 + 77.76
146040, 暴击伤害 + 12.96％
146040, 伤害减免 + 2.7％
146040, 移动速度 + 19.8
146040, 生命偷取 + 17.28％
146040, 生命上限 + 75
146040, 基础攻击速度 + 3.6％
146040, ===[16][神话Oo小金龙oO][邓艾]===
146040, 0
146040, 0
146040, 0
146040, --------
146040, 白虎 ★ ★
146040, 玄武 ★
146040, 物理攻击 + 14.79
146040, 护甲穿透 + 1.04
146040, 暴击伤害 + 25.92％
146040, 暴击概率 + 10.8％
146040, 移动速度 + 13
146040, 攻击速度 + 25.92％
146040, 物理攻击 + 4.32％
146040, 基础攻击速度 + 3.6％
146040, ===[17][离开0000以后][甄姬]===
146040, 0
146040, 0
146040, 0
146040, --------
146040, 青龙 ★ ★ ★
146040, 生命上限 + 148.18
146040, 生命上限 + 3.24％
146040, 法力上限 + 103.68
146040, 法术穿透 + 4.5％
146040, 移动速度 + 13
146040, 击中生命恢复 + 25.92
146040, 法术吸血 + 4.32％
146040, 冷却缩减 + 6.3％
146040, 物理攻击 + 4.93
146040, 攻击速度 + 12.96％
146040, 物理攻击 + 4.32％
146040, 基础攻击速度 + 3.6％
146040, ===[18][折支桃花换酒钱][甘宁]===
146040, --------
146040, ===[19][qq752757499][张飞]===
146040, 0
146040, 0
146040, 0
146040, --------
146040, 司马懿 精忠 ★
146040, 陈宫 精忠 ★
146040, 吕布 精忠 ★
146040, 白虎 ★ ★ ★
146040, 物理攻击 + 14.79
146040, 护甲穿透 + 1.04
146040, 每秒获得金钱 + 0.65
146040, 移动速度 + 32.4
146040, 生命上限 + 225
146040, 攻击速度 + 25.92％
146040, 暴击伤害 + 12.96％
146040, 物理攻击 + 4.32％
146040, ===[20][轩辕魂枫][曹休]===
146040, 0
146040, 0
146040, 0
146040, 0
146040, 0
146040, --------
146040, 吕布 精忠 ★
146040, 白虎 ★
146040, 暴击伤害 + 14.4％
146040, 移动速度 + 23
146040, 法术伤害 + 20.86
146040, 法术穿透 + 0.5
146040, 护甲穿透 + 1.04
146040, 基础攻击速度 + 3.6％
146040, 法术暴击伤害 + 6.48％
146040, 生命上限 + 1.8％
146040, 法力上限 + 57.6
146040, 物理攻击 + 5.48
146040, 攻击速度 + 14.4％
146040, 法术穿透 + 2.5％
146040, 物理攻击 + 2.4％
146150, ===[1][为了遇见你6][孙权]===
146150, 0
146150, 0
146150, 0
146150, --------
146150, 贾诩 精忠 ★ ★
146150, 姜维 精忠 ★
146150, 朱雀 ★ ★ ★
146150, 移动速度 + 32.4
146150, 法术伤害 + 29.64
146150, 法术穿透 + 2.73
146150, 法术暴击伤害 + 12.96％
146150, 生命上限 + 225
146150, 法术伤害 + 2.59％
146150, ===[2][农夫洒拳][曹丕]===
146150, 0
146150, 0
146150, 0
146150, 0
146150, 0
146150, 0
146150, 0
146150, --------
146150, 法术伤害 + 10.98
146150, 每秒法力恢复 + 0.29
146150, 法术暴击伤害 + 3.6％
146150, 冷却缩减 + 3.5％
146150, 物理攻击 + 5.7
146150, 攻击速度 + 6％
146150, 物理攻击 + 2％
146150, 法力上限 + 57.6
146150, 法术吸血 + 2.4％
146150, 法术穿透 + 2.5％
146150, 生命上限 + 82.32
146150, 法术抗性 + 0.86
146150, 控制时间减免 + 9.6％
146150, 伤害减免 + 1.5％
146150, 护甲穿透 + 0.58
146150, 生命偷取 + 4.8％
146150, 护甲穿透 + 2.5％
146150, 物理防御 + 0.86
146150, 复活时间 + -8％
146150, ===[3][丿丶望天行][赵云]===
146150, 0
146150, 0
146150, 0
146150, --------
146150, 赵云 精忠 ★ ★ ★
146150, 白虎 ★ ★ ★
146150, 物理攻击 + 14.79
146150, 护甲穿透 + 3.12
146150, 物理攻击 + 4.32％
146150, 移动速度 + 25.6
146150, 生命上限 + 150
146150, 暴击伤害 + 25.92％
146150, 暴击概率 + 5.4％
146150, ===[4][q1007121167][太史慈]===
146150, 0
146150, 0
146150, 0
146150, 0
146150, 0
146150, 0
146150, --------
146150, 物理攻击 + 16.44
146150, 攻击速度 + 21.6％
146150, 生命偷取 + 9.6％
146150, 冷却缩减 + 3.5％
146150, 护甲穿透 + 1.16
146150, 暴击伤害 + 21.6％
146150, 复活时间 + -8％
146150, 移动速度 + 24
146150, 击中生命恢复 + 14.4
146150, 物理攻击 + 2.4％
146150, ===[5][QQ邂逅的夕阳][徐盛]===
146150, 0
146150, 0
146150, 0
146150, --------
146150, 郭嘉 精忠 ★
146150, 蒋琬 精忠 ★
146150, 玄武 ★ ★ ★
146150, 暴击概率 + 5.4％
146150, 法术伤害 + 9.88
146150, 法术穿透 + 1.82
146150, 法术吸血 + 4.32％
146150, 移动速度 + 11
146150, 生命上限 + 148.18
146150, 每秒获得金钱 + 1.3
146150, 法力上限 + 103.68
146150, 法术穿透 + 4.5％
146150, 法术暴击概率 + 4.5％
146150, ===[6][萌颖颖][姜维]===
146150, 0
146150, 0
146150, 0
146150, --------
146150, 文丑 精忠 ★
146150, 祝融夫人 精忠 ★
146150, 太史慈 精忠 ★
146150, 青龙 ★ ★ ★
146150, 物理攻击 + 9.86
146150, 生命偷取 + 8.64％
146150, 护甲穿透 + 4.5％
146150, 每秒生命恢复 + 2.59
146150, 移动速度 + 12
146150, 攻击速度 + 12.96％
146150, 暴击伤害 + 12.96％
146150, 伤害减免 + 2.7％
146150, 物理攻击 + 4.32％
146150, 基础攻击速度 + 3.6％
146150, 生命上限 + 74.09
146150, 法术抗性 + 1.56
146150, ===[7][心酸苦酒自己尝][陈宫]===
146150, 0
146150, 0
146150, 0
146150, --------
146150, 许褚 精忠 ★ ★
146150, 马岱 精忠 ★
146150, 朱雀 ★ ★ ★
146150, 暴击概率 + 5.4％
146150, 法术伤害 + 29.64
146150, 每秒法力恢复 + 0.52
146150, 法术伤害 + 5.18％
146150, 移动速度 + 19.8
146150, 暴击伤害 + 12.96％
146150, 法术穿透 + 0.91
146150, 冷却缩减 + 6.3％
146150, 法术抗性 + 1.56
146150, 生命上限 + 75
146150, ===[8][最流氓的班主任][马岱]===
146150, 0
146150, 0
146150, 0
146150, --------
146150, 马岱 精忠 ★ ★ ★
146150, 白虎 ★ ★ ★
146150, 物理攻击 + 14.79
146150, 护甲穿透 + 3.12
146150, 物理攻击 + 4.32％
146150, 暴击概率 + 16.2％
146150, 移动速度 + 12
146150, 暴击伤害 + 25.92％
146150, ===[9][右耳钉丶残恋][邓芝]===
146150, 0
146150, 0
146150, 0
146150, --------
146150, 孙策 精忠 ★
146150, 鲁肃 精忠 ★
146150, 李典 精忠 ★
146150, 朱雀 ★ ★ ★
146150, 法术伤害 + 29.64
146150, 法术穿透 + 1.82
146150, 法术暴击伤害 + 12.96％
146150, 冷却缩减 + 6.3％
146150, 移动速度 + 13
146150, 暴击伤害 + 12.96％
146150, 法术暴击概率 + 4.5％
146150, 击中生命恢复 + 25.92
146150, 暴击概率 + 5.4％
146150, ===[10][a2059069545][高顺]===
146150, 0
146150, 0
146150, 0
146150, --------
146150, 吕布 精忠 ★
146150, 鲁肃 精忠 ★
146150, 邓艾 精忠 ★
146150, 青龙 ★ ★ ★
146150, 物理攻击 + 14.79
146150, 击中生命恢复 + 77.76
146150, 暴击伤害 + 12.96％
146150, 移动速度 + 32.4
146150, 生命上限 + 225
146150, 物理攻击 + 8.64％
146150, ===[11][q1w2chang2015][魏延]===
146150, 0
146150, 0
146150, 0
146150, --------
146150, 朱雀 ★ ★ ★
146150, 法术伤害 + 29.64
146150, 法力上限 + 103.68
146150, 法术吸血 + 8.64％
146150, 冷却缩减 + 12.6％
146150, 移动速度 + 20.8
146150, 法术穿透 + 1.82
146150, 法术暴击伤害 + 6.48％
146150, 生命上限 + 75
146150, ===[12][昔日小宇][法正]===
146150, 0
146150, 0
146150, 0
146150, 0
146150, --------
146150, 青龙 ★
146150, 白虎 ★
146150, 生命上限 + 82.32
146150, 法术抗性 + 1.72
146150, 生命上限 + 3.6％
146150, 移动速度 + 20
146150, 物理攻击 + 9.86
146150, 击中生命恢复 + 25.92
146150, 物理攻击 + 4.32％
146150, 护甲穿透 + 4.5％
146150, 攻击速度 + 12.96％
146150, 生命偷取 + 8.64％
146150, 基础攻击速度 + 3.6％
146150, ===[13][走南闯北1][周泰]===
146150, 0
146150, 0
146150, 0
146150, --------
146150, 曹操 精忠 ★
146150, 夏侯渊 精忠 ★
146150, 凌统 精忠 ★
146150, 白虎 ★ ★ ★
146150, 物理攻击 + 14.79
146150, 护甲穿透 + 2.08
146150, 物理攻击 + 12.96％
146150, 基础攻击速度 + 7.2％
146150, 移动速度 + 20.8
146150, 生命上限 + 75
146150, 攻击速度 + 12.96％
146150, ===[14][YuanHang][貂蝉]===
146150, 0
146150, 0
146150, 0
146150, --------
146150, 张角 精忠 ★
146150, 青龙 ★
146150, 玄武 ★
146150, 朱雀 ★
146150, 物理攻击 + 14.79
146150, 攻击速度 + 12.96％
146150, 每秒获得金钱 + 0.65
146150, 移动速度 + 25.6
146150, 生命上限 + 150
146150, 击中生命恢复 + 25.92
146150, 生命偷取 + 8.64％
146150, 暴击概率 + 5.4％
146150, 每秒法力恢复 + 0.52
146150, 法术吸血 + 4.32％
146150, ===[15][青青孑妗丶][孙策]===
146150, 0
146150, 0
146150, 0
146150, --------
146150, 太史慈 精忠 ★
146150, 青龙 ★
146150, 玄武 ★
146150, 朱雀 ★
146150, 物理攻击 + 14.79
146150, 击中生命恢复 + 77.76
146150, 暴击伤害 + 12.96％
146150, 伤害减免 + 2.7％
146150, 移动速度 + 19.8
146150, 生命偷取 + 17.28％
146150, 生命上限 + 75
146150, 基础攻击速度 + 3.6％
146150, ===[16][神话Oo小金龙oO][邓艾]===
146150, 0
146150, 0
146150, 0
146150, --------
146150, 白虎 ★ ★
146150, 玄武 ★
146150, 物理攻击 + 14.79
146150, 护甲穿透 + 1.04
146150, 暴击伤害 + 25.92％
146150, 暴击概率 + 10.8％
146150, 移动速度 + 13
146150, 攻击速度 + 25.92％
146150, 物理攻击 + 4.32％
146150, 基础攻击速度 + 3.6％
146150, ===[17][离开0000以后][甄姬]===
146150, 0
146150, 0
146150, 0
146150, --------
146150, 青龙 ★ ★ ★
146150, 生命上限 + 148.18
146150, 生命上限 + 3.24％
146150, 法力上限 + 103.68
146150, 法术穿透 + 4.5％
146150, 移动速度 + 13
146150, 击中生命恢复 + 25.92
146150, 法术吸血 + 4.32％
146150, 冷却缩减 + 6.3％
146150, 物理攻击 + 4.93
146150, 攻击速度 + 12.96％
146150, 物理攻击 + 4.32％
146150, 基础攻击速度 + 3.6％
146150, ===[18][折支桃花换酒钱][甘宁]===
146150, --------
146150, ===[19][qq752757499][张飞]===
146150, 0
146150, 0
146150, 0
146150, --------
146150, 司马懿 精忠 ★
146150, 陈宫 精忠 ★
146150, 吕布 精忠 ★
146150, 白虎 ★ ★ ★
146150, 物理攻击 + 14.79
146150, 护甲穿透 + 1.04
146150, 每秒获得金钱 + 0.65
146150, 移动速度 + 32.4
146150, 生命上限 + 225
146150, 攻击速度 + 25.92％
146150, 暴击伤害 + 12.96％
146150, 物理攻击 + 4.32％
146150, ===[20][轩辕魂枫][曹休]===
146150, 0
146150, 0
146150, 0
146150, 0
146150, 0
146150, --------
146150, 吕布 精忠 ★
146150, 白虎 ★
146150, 暴击伤害 + 14.4％
146150, 移动速度 + 23
146150, 法术伤害 + 20.86
146150, 法术穿透 + 0.5
146150, 护甲穿透 + 1.04
146150, 基础攻击速度 + 3.6％
146150, 法术暴击伤害 + 6.48％
146150, 生命上限 + 1.8％
146150, 法力上限 + 57.6
146150, 物理攻击 + 5.48
146150, 攻击速度 + 14.4％
146150, 法术穿透 + 2.5％
146150, 物理攻击 + 2.4％
