compilation time: Sep 19 2018 23:13:18
pid 12552
/pipe=GAME_XQYFZ_CHS_123456 /mapfile=115078 /mode=1 /replay="D:\起凡\7fgame\replay\MyGame\AutoSave\my_replays0131.7fr" /replaypath="D:\起凡\7fgame\replay\MyGame\" /partner=0 /vfs= /enc=(930d41e17106,d64a6ee7855274f5b77c779f502542c6bad5400e37665a7f09d214cd6f706709850feb1d67f6b0dd673579512058f7ee),(5a415eec364c,42266652abbb34b7e487c9cd53ebf87fbbb34f9f412638a9cf223a6a818385b0af68e7c50dbc2cb76544f0f19f7e7960),(114edb2ac55e,52812c6874899178ffa9f9c609ec4b8009f87b602385f075f24c3ea86ed946e1d24922b35b39f07beee9a2b1d2432fd6)
/pipe=GAME_XQYFZ_CHS_123456
/mapfile=115078
/mode=1
2018-10-08 21:26:26:831 PID:12552 FM:     0  自动保存的平台路径：/replay="D:\起凡\7fgame\replay\MyGame\AutoSave\my_replays0131.7fr"  
2018-10-08 21:26:26:831 PID:12552 FM:     0  玩家保存的平台路径：/replaypath="D:\起凡\7fgame\replay\MyGame\"  
vertxt:D:\起凡\7fgame\game


-----------------------------------------------------------------
游戏开始启动, 首先获取机器配置信息
-----------------------------------------------------------------

一。操作系统:
Windows  Vista以上版本
版本号: 6,2, Build 9200
运行模式:normal mode.
系统语言: 中文简体

三。CPU:
8 个 CPU:
CPU:
  Intel(R) Core(TM) i5-8250U CPU @ 1.60GHz
VendorIdentifier:
  GenuineIntel
Identifier:
  Intel64 Family 6 Model 142 Stepping 10

四。内存:
MemoryLoad:31,
  TotalPhys:2047M, AvailPhys:2047M,
  AvailPageFile:1479M, TotalPageFile:4095M,
  AvailVirtual:1869M,TotalVirtual:2047M

五。显卡:
D3D Driver: nvldumd.dll
Description: NVIDIA GeForce MX150
Version: 23.21.13.8873

六。显示模式:
Enum displaymode: 640 x 400, 32
Enum displaymode: 640 x 480, 32
Enum displaymode: 800 x 600, 32
Enum displaymode: 1024 x 768, 32
Enum displaymode: 1152 x 864, 32
Enum displaymode: 1280 x 600, 32
Enum displaymode: 1280 x 720, 32
Enum displaymode: 1280 x 768, 32
Enum displaymode: 1280 x 800, 32
Enum displaymode: 1280 x 960, 32
Enum displaymode: 1280 x 1024, 32
Enum displaymode: 1360 x 768, 32
Enum displaymode: 1366 x 768, 32
Enum displaymode: 1400 x 1050, 32
Enum displaymode: 1440 x 900, 32
Enum displaymode: 1600 x 900, 32
Enum displaymode: 1680 x 1050, 32
Enum displaymode: 1920 x 1080, 32
Receive displaymode: 800 x 600
Receive displaymode: 1024 x 768
Receive displaymode: 1152 x 864
Receive displaymode: 1280 x 600
Receive displaymode: 1280 x 720
Receive displaymode: 1280 x 768
Receive displaymode: 1280 x 800
Receive displaymode: 1280 x 960
Receive displaymode: 1280 x 1024
Receive displaymode: 1360 x 768
Receive displaymode: 1366 x 768
Receive displaymode: 1400 x 1050
Receive displaymode: 1440 x 900
Receive displaymode: 1600 x 900
Receive displaymode: 1680 x 1050
Receive displaymode: 1920 x 1080

七。显存:
未知的显存!


八。当前路径:
D:\起凡\7fgame\game
启动时分辨率为(1920 X 1080)，对应窗口调整为(1920 X 1080)
启动时为全屏模式!
设置完窗口位置和大小之后, 客户区尺寸取出来为[1920 1080]
传入给D3D设备的窗口尺寸为[1920 1080], fullscreen = 0
启动脚本游戏平台!


// 游戏设置:
Game Screen:
  1920 X 1080
VS_1.0 Support:
  true
dot3 Support:
 true

2018-10-08 21:26:33:721 PID:12552 FM:     0  声卡驱动： 
2018-10-08 21:26:33:721 PID:12552 FM:     0  1  主声音驱动程序  
2018-10-08 21:26:33:721 PID:12552 FM:     0  2  扬声器 (Realtek High Definition Audio)  
2018-10-08 21:26:33:733 PID:12552 FM:     0  使用 主声音驱动程序  
2018-10-08 21:26:33:735 PID:12552 FM:     0  音效系统 初始化成功! 
2018-10-08 21:26:33:821 PID:12552 FM:     0  音乐系统 初始化成功! 
2018-10-08 21:26:33:843 PID:12552 FM:     0  pipe data init Success。 
设置读取地图名[sanguo_b]


调用GameInit, game logic frame 清0
启动脚本游戏平台!
do [core/gpi.o] ok!
读取地图表格, 加载地图相关脚本!
do [map/sanguo_b/sanguo_b.o] ok!
D:\起凡\7fgame\game\core\..\..\7fChatMsgFilter.dll
版本 980502003-001945-090090-sanguo:000001
[MPRender::BeginRender()]!
GameEventJoinGame[sanguo_b, 群雄逐鹿]

加载.\core\hct.o!
SetSessionInfo // 通知客户端服务器端脚本信息
LoadMap[0] = 0 
[0] begin load map[sanguo_b]
Scene : LoadMap, CreateUICha, CreateShadeArray! OK!
LoadMap[1] = 43 
LoadMap[2] = 0 
设置角色光[0.67 0.67 1.00]
[0] 成功执行map_init
[0] 下一步:生成动态障碍信息
LoadMap [3]= 844 (map_init)  
LoadMap[4] = 4065 
enableb 0

roleinit_after_loadmap函数定义不存在, map=[sanguo_b]

[0] GameEvent_MapInit() ok!
LoadMap[5] = 3944 
[0] load snap ok!
LoadMap[6] = 44 
7fxp path: core\7fxp.dll
7fxp.dll Not Found
LoadMap[7] = 16 
Loading end。  58912 
Begin RunGameLogic, RenderCount = 31
5, *,14,0
5, HUS,1
5, HNSC_OPEN,1
5, HTS_OPEN,0
5, HPS_OPEN,1
5, HSS_OPEN,1
5, HES_OPEN,1
5, 982010
5, 991755
5, 982010
5, 985746
5, 982010
5, 51002
5, 14,109
5, *,20,0
5, HUS,1
5, HNSC_OPEN,1
5, HTS_OPEN,0
5, HPS_OPEN,1
5, HSS_OPEN,1
5, HES_OPEN,1
5, 982010
5, 991755
5, 982010
5, 985746
5, 982010
5, 51002
5, 20,41
5, *,11,0
5, HUS,1
5, HNSC_OPEN,1
5, HTS_OPEN,0
5, HPS_OPEN,1
5, HSS_OPEN,1
5, HES_OPEN,1
5, 982010
5, 991755
5, 982010
5, 985746
5, 982010
5, 51002
5, 11,184
5, *,6,0
5, HUS,1
5, HNSC_OPEN,1
5, HTS_OPEN,0
5, HPS_OPEN,1
5, HSS_OPEN,1
5, HES_OPEN,1
5, 982010
5, 991755
5, 982010
5, 985746
5, 982010
5, 51002
5, 6,47
5, *,5,0
5, HUS,1
5, HNSC_OPEN,1
5, HTS_OPEN,0
5, HPS_OPEN,1
5, HSS_OPEN,1
5, HES_OPEN,1
5, 982010
5, 991755
5, 982010
5, 985746
5, 982010
5, 51002
5, 5,246
5, *,19,0
5, HUS,1
5, HNSC_OPEN,1
5, HTS_OPEN,0
5, HPS_OPEN,1
5, HSS_OPEN,1
5, HES_OPEN,1
5, 982010
5, 991755
5, 982010
5, 985746
5, 982010
5, 51002
5, 19,1
5, *,13,0
5, HUS,1
5, HNSC_OPEN,1
5, HTS_OPEN,0
5, HPS_OPEN,1
5, HSS_OPEN,1
5, HES_OPEN,1
5, 982010
5, 991755
5, 982010
5, 985746
5, 982010
5, 51002
5, 13,1
5, *,2,0
5, HUS,1
5, HNSC_OPEN,1
5, HTS_OPEN,0
5, HPS_OPEN,1
5, HSS_OPEN,1
5, HES_OPEN,1
5, 982010
5, 991755
5, 982010
5, 985746
5, 982010
5, 51002
5, 2,20
5, *,1,0
5, HUS,1
5, HNSC_OPEN,1
5, HTS_OPEN,0
5, HPS_OPEN,1
5, HSS_OPEN,1
5, HES_OPEN,1
5, 982010
5, 991755
5, 982010
5, 985746
5, 982010
5, 51002
5, 1,1
5, *,15,0
5, HUS,1
5, HNSC_OPEN,1
5, HTS_OPEN,0
5, HPS_OPEN,1
5, HSS_OPEN,1
5, HES_OPEN,1
5, 982010
5, 991755
5, 982010
5, 985746
5, 982010
5, 51002
5, 15,470
5, *,10,0
5, HUS,1
5, HNSC_OPEN,1
5, HTS_OPEN,0
5, HPS_OPEN,1
5, HSS_OPEN,1
5, HES_OPEN,1
5, 982010
5, 991755
5, 982010
5, 985746
5, 982010
5, 51002
5, 10,149
5, *,16,0
5, HUS,1
5, HNSC_OPEN,1
5, HTS_OPEN,0
5, HPS_OPEN,1
5, HSS_OPEN,1
5, HES_OPEN,1
5, 982010
5, 991755
5, 982010
5, 985746
5, 982010
5, 51002
5, 16,71
5, *,12,0
5, HUS,1
5, HNSC_OPEN,1
5, HTS_OPEN,0
5, HPS_OPEN,1
5, HSS_OPEN,1
5, HES_OPEN,1
5, 982010
5, 991755
5, 982010
5, 985746
5, 982010
5, 51002
5, 12,128
5, *,18,0
5, HUS,1
5, HNSC_OPEN,1
5, HTS_OPEN,0
5, HPS_OPEN,1
5, HSS_OPEN,1
5, HES_OPEN,1
5, 982010
5, 991755
5, 982010
5, 985746
5, 982010
5, 51002
5, 18,1
5, *,3,0
5, HUS,1
5, HNSC_OPEN,1
5, HTS_OPEN,0
5, HPS_OPEN,1
5, HSS_OPEN,1
5, HES_OPEN,1
5, 982010
5, 991755
5, 982010
5, 985746
5, 982010
5, 51002
5, 3,1
5, *,4,0
5, HUS,1
5, HNSC_OPEN,1
5, HTS_OPEN,0
5, HPS_OPEN,1
5, HSS_OPEN,1
5, HES_OPEN,1
5, 982010
5, 991755
5, 982010
5, 985746
5, 982010
5, 51002
5, 4,1
5, *,8,0
5, HUS,1
5, HNSC_OPEN,1
5, HTS_OPEN,0
5, HPS_OPEN,1
5, HSS_OPEN,1
5, HES_OPEN,1
5, 982010
5, 991755
5, 982010
5, 985746
5, 982010
5, 51002
5, 8,67
5, *,17,0
5, HUS,1
5, HNSC_OPEN,1
5, HTS_OPEN,0
5, HPS_OPEN,1
5, HSS_OPEN,1
5, HES_OPEN,1
5, 982010
5, 991755
5, 982010
5, 985746
5, 982010
5, 51002
5, 17,42
5, *,9,0
5, HUS,1
5, HNSC_OPEN,1
5, HTS_OPEN,0
5, HPS_OPEN,1
5, HSS_OPEN,1
5, HES_OPEN,1
5, 982010
5, 991755
5, 982010
5, 985746
5, 982010
5, 51002
5, 9,1
37785, *,7,0
37785, HUS,1
37785, HNSC_OPEN,1
37785, HTS_OPEN,0
37785, HPS_OPEN,1
37785, HSS_OPEN,1
37785, HES_OPEN,1
37785, 982010
37785, 991755
37785, 982010
37785, 985746
37785, 982010
37785, 51002
37785, 7,1
39709, *,14,0
39709, HUS,1
39709, HNSC_OPEN,1
39709, HTS_OPEN,0
39709, HPS_OPEN,1
39709, HSS_OPEN,1
39709, HES_OPEN,1
39709, 982010
39709, 991755
39709, 982010
39709, 985746
39709, 982010
39709, 51002
39709, 14,44
72481, *,14,0
72481, HUS,1
72481, HNSC_OPEN,1
72481, HTS_OPEN,0
72481, HPS_OPEN,1
72481, HSS_OPEN,1
72481, HES_OPEN,1
72481, 982010
72481, 991755
72481, 982010
72481, 985746
72481, 982010
72481, 51002
72481, 14,194
87673, *,12,0
87673, HUS,1
87673, HNSC_OPEN,1
87673, HTS_OPEN,0
87673, HPS_OPEN,1
87673, HSS_OPEN,1
87673, HES_OPEN,1
87673, 982010
87673, 991755
87673, 982010
87673, 985746
87673, 982010
87673, 51002
87673, 12,146
98589, *,12,0
98589, HUS,1
98589, HNSC_OPEN,1
98589, HTS_OPEN,0
98589, HPS_OPEN,1
98589, HSS_OPEN,1
98589, HES_OPEN,1
98589, 982010
98589, 991755
98589, 982010
98589, 985746
98589, 982010
98589, 51002
98589, 12,43
137085, *,18,0
137085, HUS,1
137085, HNSC_OPEN,1
137085, HTS_OPEN,0
137085, HPS_OPEN,1
137085, HSS_OPEN,1
137085, HES_OPEN,1
137085, 982010
137085, 991755
137085, 982010
137085, 985746
137085, 982010
137085, 51002
137085, 18,60
Render Average Time = 0ms