0, 长度:952
0, 91768531 武勋buff:0
0, 97422889 武勋buff:0
0, 124672075 武勋buff:0
0, 109249945 武勋buff:0
0, 113513941 武勋buff:0
0, 39178856 武勋buff:0
0, 36336608 武勋buff:0
0, 120757753 武勋buff:0
0, 9542802 武勋buff:0
0, 84947556 武勋buff:0
0, 123700657 武勋buff:0
0, 124207810 武勋buff:0
0, 123884619 武勋buff:0
0, 113679260 武勋buff:0
0, 65389560 武勋buff:0
0, 123853835 武勋buff:0
0, 39021718 武勋buff:0
0, 48045739 武勋buff:0
0, 109175625 武勋buff:0
0, 123800449 武勋buff:0
0, pos:22 value:0
0, 新人pos:22 value:0
0, pos:21 value:0
0, 新人pos:21 value:0
0, pos:10 value:0
0, 新人pos:10 value:0
0, pos:9 value:0
0, 新人pos:9 value:0
0, pos:8 value:0
0, 新人pos:8 value:0
0, pos:7 value:0
0, 新人pos:7 value:0
0, pos:6 value:0
0, 新人pos:6 value:0
0, pos:5 value:0
0, 新人pos:5 value:0
0, pos:4 value:0
0, 新人pos:4 value:0
0, pos:3 value:0
0, 新人pos:3 value:0
0, pos:2 value:0
0, 新人pos:2 value:0
0, pos:1 value:0
0, 新人pos:1 value:0
0, pos:20 value:0
0, 新人pos:20 value:0
0, pos:19 value:0
0, 新人pos:19 value:0
0, pos:18 value:0
0, 新人pos:18 value:0
0, pos:17 value:0
0, 新人pos:17 value:0
0, pos:16 value:0
0, 新人pos:16 value:0
0, pos:15 value:0
0, 新人pos:15 value:0
0, pos:14 value:0
0, 新人pos:14 value:0
0, pos:13 value:0
0, 新人pos:13 value:0
0, pos:12 value:0
0, 新人pos:12 value:0
0, pos:11 value:0
0, 新人pos:11 value:0
841, 玩家:8 总类:1000 选择:1002 实际:1002
953, 玩家:1 总类:1000 选择:2001 实际:2001
1053, 玩家:11 总类:1000 选择:2002 实际:2002
1065, 玩家:13 总类:1000 选择:1001 实际:1001
1413, 玩家:12 总类:1000 选择:1003 实际:1003
1497, 玩家:18 总类:1000 选择:1003 实际:1003
1605, 玩家:3 总类:1000 选择:1001 实际:1001
1657, 玩家:10 总类:1000 选择:1001 实际:1001
1749, 玩家:17 总类:1000 选择:3003 实际:3003
1809, 玩家:4 总类:1000 选择:4001 实际:4001
2349, 玩家:14 总类:1000 选择:1001 实际:1001
2545, 玩家:16 总类:1000 选择:3002 实际:3002
2945, 玩家:20 总类:1000 选择:1001 实际:1001
2997, 玩家:2 总类:1000 选择:2001 实际:2001
3141, 玩家:9 总类:1000 选择:3002 实际:3002
3573, 玩家:15 总类:1000 选择:4001 实际:4001
4133, 玩家:19 总类:1000 选择:1002 实际:1002
4545, 玩家:6 总类:1000 选择:1001 实际:1001
5805, 玩家:5 总类:1000 选择:2001 实际:2001
37237, pos:7 value:0
37237, 新人pos:7 value:0
37237, pos:22 value:0
37237, 新人pos:22 value:0
37237, pos:21 value:0
37237, 新人pos:21 value:0
37237, pos:10 value:0
37237, 新人pos:10 value:0
37237, pos:9 value:0
37237, 新人pos:9 value:0
37237, pos:8 value:0
37237, 新人pos:8 value:0
37237, pos:6 value:0
37237, 新人pos:6 value:0
37237, pos:5 value:0
37237, 新人pos:5 value:0
37237, pos:4 value:0
37237, 新人pos:4 value:0
37237, pos:3 value:0
37237, 新人pos:3 value:0
37237, pos:2 value:0
37237, 新人pos:2 value:0
37237, pos:1 value:0
37237, 新人pos:1 value:0
37237, pos:20 value:0
37237, 新人pos:20 value:0
37237, pos:19 value:0
37237, 新人pos:19 value:0
37237, pos:18 value:0
37237, 新人pos:18 value:0
37237, pos:17 value:0
37237, 新人pos:17 value:0
37237, pos:16 value:0
37237, 新人pos:16 value:0
37237, pos:15 value:0
37237, 新人pos:15 value:0
37237, pos:13 value:0
37237, 新人pos:13 value:0
37237, pos:12 value:0
37237, 新人pos:12 value:0
37237, pos:11 value:0
37237, 新人pos:11 value:0
39333, pos:14 value:0
39333, 新人pos:14 value:0
39333, pos:7 value:0
39333, 新人pos:7 value:0
39333, pos:22 value:0
39333, 新人pos:22 value:0
39333, pos:21 value:0
39333, 新人pos:21 value:0
39333, pos:10 value:0
39333, 新人pos:10 value:0
39333, pos:9 value:0
39333, 新人pos:9 value:0
39333, pos:8 value:0
39333, 新人pos:8 value:0
39333, pos:6 value:0
39333, 新人pos:6 value:0
39333, pos:5 value:0
39333, 新人pos:5 value:0
39333, pos:4 value:0
39333, 新人pos:4 value:0
39333, pos:3 value:0
39333, 新人pos:3 value:0
39333, pos:2 value:0
39333, 新人pos:2 value:0
39333, pos:1 value:0
39333, 新人pos:1 value:0
39333, pos:20 value:0
39333, 新人pos:20 value:0
39333, pos:19 value:0
39333, 新人pos:19 value:0
39333, pos:18 value:0
39333, 新人pos:18 value:0
39333, pos:17 value:0
39333, 新人pos:17 value:0
39333, pos:16 value:0
39333, 新人pos:16 value:0
39333, pos:15 value:0
39333, 新人pos:15 value:0
39333, pos:13 value:0
39333, 新人pos:13 value:0
39333, pos:12 value:0
39333, 新人pos:12 value:0
39333, pos:11 value:0
39333, 新人pos:11 value:0
40105, 玩家:7 总类:1000 选择:2001 实际:2001
72201, pos:14 value:0
72201, 新人pos:14 value:0
72201, pos:7 value:0
72201, 新人pos:7 value:0
72201, pos:22 value:0
72201, 新人pos:22 value:0
72201, pos:21 value:0
72201, 新人pos:21 value:0
72201, pos:10 value:0
72201, 新人pos:10 value:0
72201, pos:9 value:0
72201, 新人pos:9 value:0
72201, pos:8 value:0
72201, 新人pos:8 value:0
72201, pos:6 value:0
72201, 新人pos:6 value:0
72201, pos:5 value:0
72201, 新人pos:5 value:0
72201, pos:4 value:0
72201, 新人pos:4 value:0
72201, pos:3 value:0
72201, 新人pos:3 value:0
72201, pos:2 value:0
72201, 新人pos:2 value:0
72201, pos:1 value:0
72201, 新人pos:1 value:0
72201, pos:20 value:0
72201, 新人pos:20 value:0
72201, pos:19 value:0
72201, 新人pos:19 value:0
72201, pos:18 value:0
72201, 新人pos:18 value:0
72201, pos:17 value:0
72201, 新人pos:17 value:0
72201, pos:16 value:0
72201, 新人pos:16 value:0
72201, pos:15 value:0
72201, 新人pos:15 value:0
72201, pos:13 value:0
72201, 新人pos:13 value:0
72201, pos:12 value:0
72201, 新人pos:12 value:0
72201, pos:11 value:0
72201, 新人pos:11 value:0
87417, pos:12 value:0
87417, 新人pos:12 value:0
87417, pos:14 value:0
87417, 新人pos:14 value:0
87417, pos:7 value:0
87417, 新人pos:7 value:0
87417, pos:22 value:0
87417, 新人pos:22 value:0
87417, pos:21 value:0
87417, 新人pos:21 value:0
87417, pos:10 value:0
87417, 新人pos:10 value:0
87417, pos:9 value:0
87417, 新人pos:9 value:0
87417, pos:8 value:0
87417, 新人pos:8 value:0
87417, pos:6 value:0
87417, 新人pos:6 value:0
87417, pos:5 value:0
87417, 新人pos:5 value:0
87417, pos:4 value:0
87417, 新人pos:4 value:0
87417, pos:3 value:0
87417, 新人pos:3 value:0
87417, pos:2 value:0
87417, 新人pos:2 value:0
87417, pos:1 value:0
87417, 新人pos:1 value:0
87417, pos:20 value:0
87417, 新人pos:20 value:0
87417, pos:19 value:0
87417, 新人pos:19 value:0
87417, pos:18 value:0
87417, 新人pos:18 value:0
87417, pos:17 value:0
87417, 新人pos:17 value:0
87417, pos:16 value:0
87417, 新人pos:16 value:0
87417, pos:15 value:0
87417, 新人pos:15 value:0
87417, pos:13 value:0
87417, 新人pos:13 value:0
87417, pos:11 value:0
87417, 新人pos:11 value:0
98285, pos:12 value:0
98285, 新人pos:12 value:0
98285, pos:14 value:0
98285, 新人pos:14 value:0
98285, pos:7 value:0
98285, 新人pos:7 value:0
98285, pos:22 value:0
98285, 新人pos:22 value:0
98285, pos:21 value:0
98285, 新人pos:21 value:0
98285, pos:10 value:0
98285, 新人pos:10 value:0
98285, pos:9 value:0
98285, 新人pos:9 value:0
98285, pos:8 value:0
98285, 新人pos:8 value:0
98285, pos:6 value:0
98285, 新人pos:6 value:0
98285, pos:5 value:0
98285, 新人pos:5 value:0
98285, pos:4 value:0
98285, 新人pos:4 value:0
98285, pos:3 value:0
98285, 新人pos:3 value:0
98285, pos:2 value:0
98285, 新人pos:2 value:0
98285, pos:1 value:0
98285, 新人pos:1 value:0
98285, pos:20 value:0
98285, 新人pos:20 value:0
98285, pos:19 value:0
98285, 新人pos:19 value:0
98285, pos:18 value:0
98285, 新人pos:18 value:0
98285, pos:17 value:0
98285, 新人pos:17 value:0
98285, pos:16 value:0
98285, 新人pos:16 value:0
98285, pos:15 value:0
98285, 新人pos:15 value:0
98285, pos:13 value:0
98285, 新人pos:13 value:0
98285, pos:11 value:0
98285, 新人pos:11 value:0
136825, pos:18 value:0
136825, 新人pos:18 value:0
136825, pos:12 value:0
136825, 新人pos:12 value:0
136825, pos:14 value:0
136825, 新人pos:14 value:0
136825, pos:7 value:0
136825, 新人pos:7 value:0
136825, pos:22 value:0
136825, 新人pos:22 value:0
136825, pos:21 value:0
136825, 新人pos:21 value:0
136825, pos:10 value:0
136825, 新人pos:10 value:0
136825, pos:9 value:0
136825, 新人pos:9 value:0
136825, pos:8 value:0
136825, 新人pos:8 value:0
136825, pos:6 value:0
136825, 新人pos:6 value:0
136825, pos:5 value:0
136825, 新人pos:5 value:0
136825, pos:4 value:0
136825, 新人pos:4 value:0
136825, pos:3 value:0
136825, 新人pos:3 value:0
136825, pos:2 value:0
136825, 新人pos:2 value:0
136825, pos:1 value:0
136825, 新人pos:1 value:0
136825, pos:20 value:0
136825, 新人pos:20 value:0
136825, pos:19 value:0
136825, 新人pos:19 value:0
136825, pos:17 value:0
136825, 新人pos:17 value:0
136825, pos:16 value:0
136825, 新人pos:16 value:0
136825, pos:15 value:0
136825, 新人pos:15 value:0
136825, pos:13 value:0
136825, 新人pos:13 value:0
136825, pos:11 value:0
136825, 新人pos:11 value:0
146040, 有效局
146040, 嘿 104206 1040
