146335, {
146335, 	[1] = 2,
146335, 	[2] = 6.6099769121798e+018,
146335, 	[3] = 0,
146335, 	[4] = 'q1w2chang2015',
146335, 	[5] = 22,
146335, 	[6] = 47,
146335, 	[7] = 'ÈºÐÛÖðÂ¹10v10',
146335, 	[8] = 7,
146335, 	[9] = 22,
146335, 	[10] = '2833-2-1539005179',
146335, 	[11] = 4,
146335, 	[12] = 1,
146335, 	[13] = 10,
146335, 	[14] = 10,
146335, 	[15] = 558,
146335, 	[16] = 20,
146335, 	[17] = 105,
146335, 	[18] = 90,
146335, 	[19] = 28,
146335, 	[20] = 0,
146335, 	[21] = 0,
146335, 	[22] = 0,
146335, 	[23] = 0,
146335, 	[24] = 0,
146335, 	[25] = 20,
146335, 	[26] = 0,
146335, 	[27] = 300,
146335, 	[28] = 282,
146335, 	[29] = 195,
146335, 	[30] = 143,
146335, 	[31] = 2488,
146335, 	[32] = 3,
146335, },
146335, 
