11158,  0:3:9 ,消灭魏国弩手,获得78
18712,  0:5:18 ,消灭魏国刀兵,获得74
20238,  0:5:44 ,消灭魏国刀兵,获得81
20291,  0:5:44 ,英雄歼灭周泰,获得224
21298,  0:6:2 ,消灭魏国刀兵,获得71
21454,  0:6:4 ,消灭魏国刀兵,获得78
21708,  0:6:9 ,消灭魏国弩手,获得87
22278,  0:6:18 ,消灭魏国弩手,获得92
23661,  0:6:42 ,消灭老虎(小),获得69
31310,  0:8:52 ,消灭魏国刀兵,获得71
31548,  0:8:56 ,消灭魏国刀兵,获得74
32544,  0:9:13 ,消灭魏国刀兵,获得69
34088,  0:9:39 ,消灭魏国刀兵,获得69
35039,  0:9:55 ,消灭强盗,获得83
35343,  0:10:0 ,消灭强盗,获得87
35606,  0:10:5 ,消灭老虎(小),获得83
35915,  0:10:10 ,消灭老虎(小),获得97
36510,  0:10:20 ,消灭玄武,获得225
36784,  0:10:25 ,消灭孔明灯,获得35
37284,  0:10:33 ,消灭魏国刀兵,获得74
40643,  0:11:30 ,消灭魏国刀兵,获得78
40861,  0:11:34 ,消灭魏国弩手,获得69
42189,  0:11:57 ,英雄歼灭周泰,获得161
42902,  0:12:9 ,消灭魏国弩手,获得70
42995,  0:12:10 ,消灭魏国刀兵,获得75
43184,  0:12:14 ,消灭魏国弩手,获得93
48588,  0:13:45 ,消灭魏国刀兵,获得77
49562,  0:14:2 ,消灭西羌将领,获得59
51152,  0:14:29 ,英雄歼灭孙策,获得235
57106,  0:16:10 ,英雄歼灭甘宁,获得170
60476,  0:17:8 ,消灭老虎(小),获得86
60922,  0:17:15 ,消灭老虎,获得171
62207,  0:17:37 ,消灭魏国弩手,获得81
72319,  0:20:29 ,消灭魏国刀兵,获得77
73303,  0:20:46 ,消灭魏国军需官,获得61
78602,  0:22:16 ,消灭强盗,获得87
78753,  0:22:18 ,消灭强盗,获得74
79196,  0:22:26 ,消灭魏国刀兵,获得81
79250,  0:22:27 ,消灭魏国刀兵,获得76
79334,  0:22:28 ,消灭魏国弩手,获得87
79380,  0:22:29 ,消灭魏国弩手,获得87
80072,  0:22:41 ,消灭魏国刀兵,获得78
80124,  0:22:42 ,消灭魏国刀兵,获得76
80216,  0:22:43 ,消灭魏国刀兵,获得81
83393,  0:23:37 ,消灭魏国刀兵,获得86
83494,  0:23:39 ,消灭魏国刀兵,获得83
83640,  0:23:41 ,消灭魏国刀兵,获得81
83687,  0:23:42 ,消灭魏国弩手,获得93
85241,  0:24:9 ,消灭魏国左路据点,获得0
88033,  0:24:56 ,消灭魏国刀兵,获得86
90626,  0:25:40 ,消灭强盗,获得104
90668,  0:25:41 ,消灭强盗,获得79
90763,  0:25:42 ,消灭强盗,获得99
91025,  0:25:47 ,消灭老虎,获得178
91075,  0:25:48 ,消灭老虎(小),获得89
91440,  0:25:54 ,消灭玄武,获得243
92978,  0:26:20 ,英雄歼灭法正,获得230
96582,  0:27:21 ,消灭孔明灯,获得38
100112,  0:28:21 ,消灭魏国弩手,获得100
100123,  0:28:22 ,消灭魏国弩手,获得75
100413,  0:28:27 ,消灭强盗,获得95
100506,  0:28:28 ,消灭强盗,获得81
100598,  0:28:30 ,消灭强盗,获得95
105899,  0:30:0 ,英雄歼灭曹休,获得376
106069,  0:30:3 ,消灭魏国弩手,获得91
106124,  0:30:4 ,消灭魏国弩手,获得81
106518,  0:30:10 ,消灭魏国刀兵,获得89
106528,  0:30:10 ,消灭魏国刀兵,获得91
106628,  0:30:12 ,消灭魏国刀兵,获得89
106662,  0:30:13 ,消灭魏国弩手,获得97
106715,  0:30:14 ,消灭魏国弩手,获得76
107589,  0:30:29 ,消灭魏国刀兵,获得78
107600,  0:30:29 ,消灭魏国刀兵,获得86
107669,  0:30:30 ,消灭魏国刀兵,获得76
107751,  0:30:31 ,消灭魏国弩手,获得97
107786,  0:30:32 ,消灭魏国弩手,获得91
109491,  0:31:1 ,英雄歼灭邓艾,获得230
109551,  0:31:2 ,消灭魏国刀兵,获得82
109595,  0:31:3 ,消灭魏国弩手,获得92
109634,  0:31:3 ,消灭魏国弩手,获得86
109669,  0:31:4 ,消灭魏国刀兵,获得79
109709,  0:31:5 ,消灭魏国刀兵,获得79
112536,  0:31:53 ,英雄歼灭曹休,获得386
113065,  0:32:2 ,消灭魏国刀兵,获得82
113115,  0:32:2 ,消灭魏国刀兵,获得90
113202,  0:32:4 ,消灭魏国刀兵,获得79
113238,  0:32:5 ,消灭魏国弩手,获得107
113273,  0:32:5 ,消灭魏国弩手,获得107
113456,  0:32:8 ,消灭魏国刀兵,获得82
113580,  0:32:10 ,消灭魏国刀兵,获得92
113625,  0:32:11 ,消灭魏国刀兵,获得82
113660,  0:32:12 ,消灭魏国弩手,获得97
113690,  0:32:12 ,消灭魏国弩手,获得77
114922,  0:32:33 ,消灭魏国刀兵,获得79
114979,  0:32:34 ,消灭魏国刀兵,获得86
115093,  0:32:36 ,消灭魏国弩手,获得92
122632,  0:34:44 ,消灭魏国刀兵,获得93
122707,  0:34:46 ,消灭魏国弩手,获得104
122750,  0:34:46 ,消灭魏国弩手,获得108
122830,  0:34:48 ,消灭魏国弩手,获得83
122987,  0:34:50 ,消灭投石车,获得206
125226,  0:35:28 ,消灭魏国刀兵,获得83
125529,  0:35:33 ,消灭魏国刀兵,获得85
126266,  0:35:46 ,消灭魏国刀兵,获得81
130735,  0:37:2 ,消灭魏国弩手,获得78
134348,  0:38:3 ,消灭魏国刀兵,获得92
139948,  0:39:39 ,消灭投石车,获得210
141711,  0:40:9 ,英雄歼灭周泰,获得465
142976,  0:40:30 ,消灭魏国弩手,获得90
144205,  0:40:51 ,消灭黄巾军,获得79
145944,  0:41:21 ,英雄歼灭魏延,获得593
