158706, p_control_id = 1
158706, Old_Point = 781
158706, Add_Point = -19
158706, New_Point_Real = 762
158706, G_Tab.ELOpoint[p_control_id][ELOkind + 2] = 4238
158706, p_control_id = 2
158706, Old_Point = 695
158706, Add_Point = -7
158706, New_Point_Real = 688
158706, G_Tab.ELOpoint[p_control_id][ELOkind + 2] = 5354
158706, p_control_id = 3
158706, Old_Point = 697
158706, Add_Point = -15
158706, New_Point_Real = 682
158706, G_Tab.ELOpoint[p_control_id][ELOkind + 2] = 713
158706, p_control_id = 4
158706, Old_Point = 584
158706, Add_Point = -10
158706, New_Point_Real = 574
158706, G_Tab.ELOpoint[p_control_id][ELOkind + 2] = 751
158706, p_control_id = 5
158706, Old_Point = 783
158706, Add_Point = -19
158706, New_Point_Real = 764
158706, G_Tab.ELOpoint[p_control_id][ELOkind + 2] = 950
158706, p_control_id = 6
158706, Old_Point = 671
158706, Add_Point = -10
158706, New_Point_Real = 661
158706, G_Tab.ELOpoint[p_control_id][ELOkind + 2] = 3160
158706, p_control_id = 7
158706, Old_Point = 772
158706, Add_Point = -19
158706, New_Point_Real = 753
158706, G_Tab.ELOpoint[p_control_id][ELOkind + 2] = 2847
158706, p_control_id = 8
158706, Old_Point = 726
158706, Add_Point = -10
158706, New_Point_Real = 716
158706, G_Tab.ELOpoint[p_control_id][ELOkind + 2] = 911
158706, p_control_id = 9
158706, Old_Point = 719
158706, Add_Point = -16
158706, New_Point_Real = 703
158706, G_Tab.ELOpoint[p_control_id][ELOkind + 2] = 7342
158706, p_control_id = 10
158706, Old_Point = 727
158706, Add_Point = -16
158706, New_Point_Real = 711
158706, G_Tab.ELOpoint[p_control_id][ELOkind + 2] = 637
158706, p_control_id = 11
158706, Old_Point = 732
158706, Add_Point = 15
158706, New_Point_Real = 747
158706, G_Tab.ELOpoint[p_control_id][ELOkind + 2] = 1797
158706, p_control_id = 12
158706, Old_Point = 483
158706, Add_Point = 25
158706, New_Point_Real = 508
158706, G_Tab.ELOpoint[p_control_id][ELOkind + 2] = 2272
158706, p_control_id = 13
158706, Old_Point = 716
158706, Add_Point = 19
158706, New_Point_Real = 735
158706, G_Tab.ELOpoint[p_control_id][ELOkind + 2] = 3027
158706, p_control_id = 14
158706, Old_Point = 771
158706, Add_Point = 13
158706, New_Point_Real = 784
158706, G_Tab.ELOpoint[p_control_id][ELOkind + 2] = 2197
158706, p_control_id = 15
158706, Old_Point = 744
158706, Add_Point = 15
158706, New_Point_Real = 759
158706, G_Tab.ELOpoint[p_control_id][ELOkind + 2] = 2885
158706, p_control_id = 16
158706, Old_Point = 748
158706, Add_Point = 15
158706, New_Point_Real = 763
158706, G_Tab.ELOpoint[p_control_id][ELOkind + 2] = 5212
158706, p_control_id = 17
158706, Old_Point = 703
158706, Add_Point = 17
158706, New_Point_Real = 720
158706, G_Tab.ELOpoint[p_control_id][ELOkind + 2] = 2781
158706, p_control_id = 18
158706, Old_Point = 791
158706, Add_Point = 25
158706, New_Point_Real = 816
158706, G_Tab.ELOpoint[p_control_id][ELOkind + 2] = 487
158706, p_control_id = 19
158706, Old_Point = 699
158706, Add_Point = 25
158706, New_Point_Real = 724
158706, G_Tab.ELOpoint[p_control_id][ELOkind + 2] = 1972
158706, p_control_id = 20
158706, Old_Point = 783
158706, Add_Point = 13
158706, New_Point_Real = 796
158706, G_Tab.ELOpoint[p_control_id][ELOkind + 2] = 5650
