158706, control_id = 1
158706, MyMVP = 368
158706, Midmvp = 365
158706, iswin = 0
158706, control_id = 1
158706, MyMVP = 368
158706, Midmvp = 365
158706, iswin = 0
158706, control_id = 2
158706, MyMVP = 601
158706, Midmvp = 365
158706, iswin = 0
158706, control_id = 2
158706, MyMVP = 601
158706, Midmvp = 365
158706, iswin = 0
158706, control_id = 3
158706, MyMVP = 378
158706, Midmvp = 365
158706, iswin = 0
158706, control_id = 3
158706, MyMVP = 378
158706, Midmvp = 365
158706, iswin = 0
158706, control_id = 4
158706, MyMVP = 297
158706, Midmvp = 365
158706, iswin = 0
158706, control_id = 4
158706, MyMVP = 297
158706, Midmvp = 365
158706, iswin = 0
158706, control_id = 5
158706, MyMVP = 355
158706, Midmvp = 365
158706, iswin = 0
158706, control_id = 5
158706, MyMVP = 355
158706, Midmvp = 365
158706, iswin = 0
158706, control_id = 6
158706, MyMVP = 510
158706, Midmvp = 365
158706, iswin = 0
158706, control_id = 6
158706, MyMVP = 510
158706, Midmvp = 365
158706, iswin = 0
158706, control_id = 7
158706, MyMVP = 365
158706, Midmvp = 365
158706, iswin = 0
158706, control_id = 7
158706, MyMVP = 365
158706, Midmvp = 365
158706, iswin = 0
158706, control_id = 8
158706, MyMVP = 554
158706, Midmvp = 365
158706, iswin = 0
158706, control_id = 8
158706, MyMVP = 554
158706, Midmvp = 365
158706, iswin = 0
158706, control_id = 9
158706, MyMVP = 251
158706, Midmvp = 365
158706, iswin = 0
158706, control_id = 9
158706, MyMVP = 251
158706, Midmvp = 365
158706, iswin = 0
158706, control_id = 10
158706, MyMVP = 345
158706, Midmvp = 365
158706, iswin = 0
158706, control_id = 10
158706, MyMVP = 345
158706, Midmvp = 365
158706, iswin = 0
158706, control_id = 11
158706, MyMVP = 352
158706, Midmvp = 369
158706, iswin = 1
158706, control_id = 11
158706, MyMVP = 352
158706, Midmvp = 369
158706, iswin = 1
158706, control_id = 12
158706, MyMVP = 177
158706, Midmvp = 369
158706, iswin = 1
158706, control_id = 12
158706, MyMVP = 177
158706, Midmvp = 369
158706, iswin = 1
158706, control_id = 13
158706, MyMVP = 458
158706, Midmvp = 369
158706, iswin = 1
158706, control_id = 13
158706, MyMVP = 458
158706, Midmvp = 369
158706, iswin = 1
158706, control_id = 14
158706, MyMVP = 454
158706, Midmvp = 369
158706, iswin = 1
158706, control_id = 14
158706, MyMVP = 454
158706, Midmvp = 369
158706, iswin = 1
158706, control_id = 15
158706, MyMVP = 452
158706, Midmvp = 369
158706, iswin = 1
158706, control_id = 15
158706, MyMVP = 452
158706, Midmvp = 369
158706, iswin = 1
158706, control_id = 16
158706, MyMVP = 369
158706, Midmvp = 369
158706, iswin = 1
158706, control_id = 16
158706, MyMVP = 369
158706, Midmvp = 369
158706, iswin = 1
158706, control_id = 17
158706, MyMVP = 296
158706, Midmvp = 369
158706, iswin = 1
158706, control_id = 17
158706, MyMVP = 296
158706, Midmvp = 369
158706, iswin = 1
158706, control_id = 18
158706, MyMVP = 672
158706, Midmvp = 369
158706, iswin = 1
158706, control_id = 18
158706, MyMVP = 672
158706, Midmvp = 369
158706, iswin = 1
158706, control_id = 19
158706, MyMVP = 508
158706, Midmvp = 369
158706, iswin = 1
158706, control_id = 19
158706, MyMVP = 508
158706, Midmvp = 369
158706, iswin = 1
158706, control_id = 20
158706, MyMVP = 329
158706, Midmvp = 369
158706, iswin = 1
158706, control_id = 20
158706, MyMVP = 329
158706, Midmvp = 369
158706, iswin = 1
158706, control_id = 10
158706, MyMVP = 345
158706, Midmvp = 365
158706, iswin = 0
