5, ***************开局查询积分**********************
5, 玩家名：威芬520
5, 天梯10V10竞技积分 = 634
5, 普通匹配10V10竞技积分 = 716
5, 天梯10V10局数 = 44
5, 普通10V10局数 = 3027
5, 预留 = 68
5, 段位 =  兵卒三等
5, ***************开局查询积分**********************
5, 玩家名：再续那温柔
5, 天梯10V10竞技积分 = 570
5, 普通匹配10V10竞技积分 = 671
5, 天梯10V10局数 = 64
5, 普通10V10局数 = 3160
5, 预留 = 40
5, 段位 =  兵卒四等
5, ***************开局查询积分**********************
5, 玩家名：大猛子3
5, 天梯10V10竞技积分 = 650
5, 普通匹配10V10竞技积分 = 791
5, 天梯10V10局数 = 95
5, 普通10V10局数 = 487
5, 预留 = 100
5, 段位 =  兵卒三等
5, ***************开局查询积分**********************
5, 玩家名：哥不是软柿子
5, 天梯10V10竞技积分 = 554
5, 普通匹配10V10竞技积分 = 574
5, 天梯10V10局数 = 34
5, 普通10V10局数 = 2384
5, 预留 = 8
5, 段位 =  兵卒四等
5, ***************开局查询积分**********************
5, 玩家名：把莪遗忘
5, 天梯10V10竞技积分 = 634
5, 普通匹配10V10竞技积分 = 771
5, 天梯10V10局数 = 52
5, 普通10V10局数 = 2197
5, 预留 = 68
5, 段位 =  兵卒三等
5, ***************开局查询积分**********************
5, 玩家名：新手三百三
5, 天梯10V10竞技积分 = 613
5, 普通匹配10V10竞技积分 = 748
5, 天梯10V10局数 = 312
5, 普通10V10局数 = 5212
5, 预留 = 26
5, 段位 =  兵卒三等
5, ***************开局查询积分**********************
5, 玩家名：手指太阳说丨曰
5, 天梯10V10竞技积分 = 643
5, 普通匹配10V10竞技积分 = 732
5, 天梯10V10局数 = 29
5, 普通10V10局数 = 1797
5, 预留 = 86
5, 段位 =  兵卒三等
5, ***************开局查询积分**********************
5, 玩家名：hejiting
5, 天梯10V10竞技积分 = 588
5, 普通匹配10V10竞技积分 = 726
5, 天梯10V10局数 = 56
5, 普通10V10局数 = 911
5, 预留 = 76
5, 段位 =  兵卒四等
5, ***************开局查询积分**********************
5, 玩家名：消逝地承诺
5, 天梯10V10竞技积分 = 612
5, 普通匹配10V10竞技积分 = 772
5, 天梯10V10局数 = 258
5, 普通10V10局数 = 2847
5, 预留 = 24
5, 段位 =  兵卒三等
5, ***************开局查询积分**********************
5, 玩家名：珉昊2
5, 天梯10V10竞技积分 = 579
5, 普通匹配10V10竞技积分 = 703
5, 天梯10V10局数 = 374
5, 普通10V10局数 = 2781
5, 预留 = 58
5, 段位 =  兵卒四等
5, ***************开局查询积分**********************
5, 玩家名：w0426251
5, 天梯10V10竞技积分 = 575
5, 普通匹配10V10竞技积分 = 718
5, 天梯10V10局数 = 251
5, 普通10V10局数 = 1292
5, 预留 = 50
5, 段位 =  兵卒四等
5, ***************开局查询积分**********************
5, 玩家名：我的懿宝
5, 天梯10V10竞技积分 = 650
5, 普通匹配10V10竞技积分 = 783
5, 天梯10V10局数 = 245
5, 普通10V10局数 = 5650
5, 预留 = 100
5, 段位 =  兵卒三等
5, ***************开局查询积分**********************
5, 玩家名：找偷情少妇
5, 天梯10V10竞技积分 = 551
5, 普通匹配10V10竞技积分 = 695
5, 天梯10V10局数 = 117
5, 普通10V10局数 = 5354
5, 预留 = 0
5, 段位 =  兵卒四等
5, ***************开局查询积分**********************
5, 玩家名：q421628632
5, 天梯10V10竞技积分 = 558
5, 普通匹配10V10竞技积分 = 719
5, 天梯10V10局数 = 202
5, 普通10V10局数 = 7342
5, 预留 = 16
5, 段位 =  兵卒四等
5, ***************开局查询积分**********************
5, 玩家名：心境比较平淡
5, 天梯10V10竞技积分 = 601
5, 普通匹配10V10竞技积分 = 781
5, 天梯10V10局数 = 203
5, 普通10V10局数 = 4238
5, 预留 = 0
5, 段位 =  兵卒三等
5, ***************开局查询积分**********************
5, 玩家名：txp000
5, 天梯10V10竞技积分 = 593
5, 普通匹配10V10竞技积分 = 744
5, 天梯10V10局数 = 266
5, 普通10V10局数 = 2885
5, 预留 = 86
5, 段位 =  兵卒四等
5, ***************开局查询积分**********************
5, 玩家名：包子没有腰丶
5, 天梯10V10竞技积分 = 589
5, 普通匹配10V10竞技积分 = 697
5, 天梯10V10局数 = 397
5, 普通10V10局数 = 713
5, 预留 = 78
5, 段位 =  兵卒四等
5, ***************开局查询积分**********************
5, 玩家名：一级就被杀
5, 天梯10V10竞技积分 = 626
5, 普通匹配10V10竞技积分 = 699
5, 天梯10V10局数 = 172
5, 普通10V10局数 = 1972
5, 预留 = 52
5, 段位 =  兵卒三等
5, ***************开局查询积分**********************
5, 玩家名：右耳钉丶残恋
5, 天梯10V10竞技积分 = 577
5, 普通匹配10V10竞技积分 = 727
5, 天梯10V10局数 = 65
5, 普通10V10局数 = 637
5, 预留 = 54
5, 段位 =  兵卒四等
5, ***************开局查询积分**********************
5, 玩家名：小黄啊啊啊啊123
5, 天梯10V10竞技积分 = 625
5, 普通匹配10V10竞技积分 = 783
5, 天梯10V10局数 = 82
5, 普通10V10局数 = 950
5, 预留 = 50
5, 段位 =  兵卒三等
4533, ***************整理逃跑玩家信息**********************
4533, 玩家名：w0426251
4533, ELOSwitch = 1
4533, ELOkind = 2
4533, Add_Point = -16
4533, 天梯10V10竞技积分 = -23
4533, 普通匹配10V10竞技积分 = -16
4533, 天梯10V10局数 = 1
4533, 普通10V10局数 = 1
4533, 表现系数 = 1
4533, 波动系数 = 1
4533, 高分系数 = 1
4533, 消费信息 = 401
17545, ***************整理逃跑玩家信息**********************
17545, 玩家名：狼牙将士;font=397651064;a=255;r=138;g=133;b=78;|return=5|;|text=哥不是软柿子
17545, ELOSwitch = 1
17545, ELOkind = 2
17545, Add_Point = -9
17545, 天梯10V10竞技积分 = -3
17545, 普通匹配10V10竞技积分 = -9
17545, 天梯10V10局数 = 1
17545, 普通10V10局数 = 1
17545, 表现系数 = 1
17545, 波动系数 = 1
17545, 高分系数 = 1
17545, 消费信息 = 190
33173, ***************开局查询积分**********************
33173, 玩家名：爽儿亲亲
33173, 天梯10V10竞技积分 = 516
33173, 普通匹配10V10竞技积分 = 595
33173, 天梯10V10局数 = 268
33173, 普通10V10局数 = 750
33173, 预留 = 32
33173, 段位 =  兵卒五等
33597, ***************开局查询积分**********************
33597, 玩家名：爽儿亲亲
33597, 天梯10V10竞技积分 = 516
33597, 普通匹配10V10竞技积分 = 595
33597, 天梯10V10局数 = 268
33597, 普通10V10局数 = 750
33597, 预留 = 32
33597, 段位 =  兵卒五等
97761, ***************开局查询积分**********************
97761, 玩家名：天下无双灬独眼
97761, 天梯10V10竞技积分 = 504
97761, 普通匹配10V10竞技积分 = 483
97761, 天梯10V10局数 = 584
97761, 普通10V10局数 = 2272
97761, 预留 = 8
97761, 段位 =  兵卒五等
98329, ***************开局查询积分**********************
98329, 玩家名：天下无双灬独眼
98329, 天梯10V10竞技积分 = 504
98329, 普通匹配10V10竞技积分 = 483
98329, 天梯10V10局数 = 584
98329, 普通10V10局数 = 2272
98329, 预留 = 8
98329, 段位 =  兵卒五等
158425, ***************开局查询积分**********************
158425, 玩家名：狼牙将士;font=397651064;a=255;r=138;g=133;b=78;|return=5|;|text=把莪遗忘
158425, 天梯10V10竞技积分 = 634
158425, 普通匹配10V10竞技积分 = 771
158425, 天梯10V10局数 = 52
158425, 普通10V10局数 = 2197
158425, 预留 = 68
158425, 段位 =  兵卒三等
158429, ***************开局查询积分**********************
158429, 玩家名：狼牙将士;font=397651064;a=255;r=138;g=133;b=78;|return=5|;|text=消逝地承诺
158429, 天梯10V10竞技积分 = 612
158429, 普通匹配10V10竞技积分 = 772
158429, 天梯10V10局数 = 258
158429, 普通10V10局数 = 2847
158429, 预留 = 24
158429, 段位 =  兵卒三等
158429, ***************开局查询积分**********************
158429, 玩家名：狼牙将士;font=397651064;a=255;r=138;g=133;b=78;|return=5|;|text=威芬520
158429, 天梯10V10竞技积分 = 634
158429, 普通匹配10V10竞技积分 = 716
158429, 天梯10V10局数 = 44
158429, 普通10V10局数 = 3027
158429, 预留 = 68
158429, 段位 =  兵卒三等
158429, ***************开局查询积分**********************
158429, 玩家名：狼牙将士;font=397651064;a=255;r=138;g=133;b=78;|return=5|;|text=找偷情少妇
158429, 天梯10V10竞技积分 = 551
158429, 普通匹配10V10竞技积分 = 695
158429, 天梯10V10局数 = 117
158429, 普通10V10局数 = 5354
158429, 预留 = 0
158429, 段位 =  兵卒四等
158429, ***************开局查询积分**********************
158429, 玩家名：狼牙将士;font=397651064;a=255;r=138;g=133;b=78;|return=5|;|text=我的懿宝
158429, 天梯10V10竞技积分 = 650
158429, 普通匹配10V10竞技积分 = 783
158429, 天梯10V10局数 = 245
158429, 普通10V10局数 = 5650
158429, 预留 = 100
158429, 段位 =  兵卒三等
158429, ***************开局查询积分**********************
158429, 玩家名：狼牙将士;font=397651064;a=255;r=138;g=133;b=78;|return=5|;|text=再续那温柔
158429, 天梯10V10竞技积分 = 570
158429, 普通匹配10V10竞技积分 = 671
158429, 天梯10V10局数 = 64
158429, 普通10V10局数 = 3160
158429, 预留 = 40
158429, 段位 =  兵卒四等
158429, ***************开局查询积分**********************
158429, 玩家名：狼牙将士;font=397651064;a=255;r=138;g=133;b=78;|return=5|;|text=包子没有腰丶
158429, 天梯10V10竞技积分 = 589
158429, 普通匹配10V10竞技积分 = 697
158429, 天梯10V10局数 = 397
158429, 普通10V10局数 = 713
158429, 预留 = 78
158429, 段位 =  兵卒四等
158429, ***************开局查询积分**********************
158429, 玩家名：狼牙将士;font=397651064;a=255;r=138;g=133;b=78;|return=5|;|text=爽儿亲亲
158429, 天梯10V10竞技积分 = 501
158429, 普通匹配10V10竞技积分 = 584
158429, 天梯10V10局数 = 269
158429, 普通10V10局数 = 751
158429, 预留 = -16
158429, 段位 =  兵卒五等
158429, ***************开局查询积分**********************
158429, 玩家名：狼牙将士;font=397651064;a=255;r=138;g=133;b=78;|return=5|;|text=手指太阳说丨曰
158429, 天梯10V10竞技积分 = 643
158429, 普通匹配10V10竞技积分 = 732
158429, 天梯10V10局数 = 29
158429, 普通10V10局数 = 1797
158429, 预留 = 86
158429, 段位 =  兵卒三等
158429, ***************开局查询积分**********************
158429, 玩家名：狼牙将士;font=397651064;a=255;r=138;g=133;b=78;|return=5|;|text=右耳钉丶残恋
158429, 天梯10V10竞技积分 = 577
158429, 普通匹配10V10竞技积分 = 727
158429, 天梯10V10局数 = 65
158429, 普通10V10局数 = 637
158429, 预留 = 54
158429, 段位 =  兵卒四等
158429, ***************开局查询积分**********************
158429, 玩家名：狼牙将士;font=397651064;a=255;r=138;g=133;b=78;|return=5|;|text=hejiting
158429, 天梯10V10竞技积分 = 588
158429, 普通匹配10V10竞技积分 = 726
158429, 天梯10V10局数 = 56
158429, 普通10V10局数 = 911
158429, 预留 = 76
158429, 段位 =  兵卒四等
158429, ***************开局查询积分**********************
158429, 玩家名：狼牙将士;font=397651064;a=255;r=138;g=133;b=78;|return=5|;|text=大猛子3
158429, 天梯10V10竞技积分 = 650
158429, 普通匹配10V10竞技积分 = 791
158429, 天梯10V10局数 = 95
158429, 普通10V10局数 = 487
158429, 预留 = 100
158429, 段位 =  兵卒三等
158429, ***************开局查询积分**********************
158429, 玩家名：狼牙将士;font=397651064;a=255;r=138;g=133;b=78;|return=5|;|text=心境比较平淡
158429, 天梯10V10竞技积分 = 601
158429, 普通匹配10V10竞技积分 = 781
158429, 天梯10V10局数 = 203
158429, 普通10V10局数 = 4238
158429, 预留 = 0
158429, 段位 =  兵卒三等
158429, ***************开局查询积分**********************
158429, 玩家名：狼牙将士;font=397651064;a=255;r=138;g=133;b=78;|return=5|;|text=新手三百三
158429, 天梯10V10竞技积分 = 613
158429, 普通匹配10V10竞技积分 = 748
158429, 天梯10V10局数 = 312
158429, 普通10V10局数 = 5212
158429, 预留 = 26
158429, 段位 =  兵卒三等
158429, ***************开局查询积分**********************
158429, 玩家名：狼牙将士;font=397651064;a=255;r=138;g=133;b=78;|return=5|;|text=一级就被杀
158429, 天梯10V10竞技积分 = 626
158429, 普通匹配10V10竞技积分 = 699
158429, 天梯10V10局数 = 172
158429, 普通10V10局数 = 1972
158429, 预留 = 52
158429, 段位 =  兵卒三等
158429, ***************开局查询积分**********************
158429, 玩家名：天下无双灬独眼
158429, 天梯10V10竞技积分 = 504
158429, 普通匹配10V10竞技积分 = 483
158429, 天梯10V10局数 = 584
158429, 普通10V10局数 = 2272
158429, 预留 = 8
158429, 段位 =  兵卒五等
158433, ***************开局查询积分**********************
158433, 玩家名：狼牙将士;font=397651064;a=255;r=138;g=133;b=78;|return=5|;|text=珉昊2
158433, 天梯10V10竞技积分 = 579
158433, 普通匹配10V10竞技积分 = 703
158433, 天梯10V10局数 = 374
158433, 普通10V10局数 = 2781
158433, 预留 = 58
158433, 段位 =  兵卒四等
158433, ***************开局查询积分**********************
158433, 玩家名：狼牙将士;font=397651064;a=255;r=138;g=133;b=78;|return=5|;|text=txp000
158433, 天梯10V10竞技积分 = 593
158433, 普通匹配10V10竞技积分 = 744
158433, 天梯10V10局数 = 266
158433, 普通10V10局数 = 2885
158433, 预留 = 86
158433, 段位 =  兵卒四等
158433, ***************开局查询积分**********************
158433, 玩家名：狼牙将士;font=397651064;a=255;r=138;g=133;b=78;|return=5|;|text=小黄啊啊啊啊123
158433, 天梯10V10竞技积分 = 625
158433, 普通匹配10V10竞技积分 = 783
158433, 天梯10V10局数 = 82
158433, 普通10V10局数 = 950
158433, 预留 = 50
158433, 段位 =  兵卒三等
158445, ***************开局查询积分**********************
158445, 玩家名：狼牙将士;font=397651064;a=255;r=138;g=133;b=78;|return=5|;|text=q421628632
158445, 天梯10V10竞技积分 = 558
158445, 普通匹配10V10竞技积分 = 719
158445, 天梯10V10局数 = 202
158445, 普通10V10局数 = 7342
158445, 预留 = 16
158445, 段位 =  兵卒四等
158706, 消费信息 = 1324
158706, ***************整理正常玩家信息**********************
158706, 玩家名：狼牙将士;font=397651064;a=255;r=138;g=133;b=78;|return=5|;|text=心境比较平淡
158706, ELOSwitch = 1
158706, ELOkind = 2
158706, Add_Point = -19
158706, 天梯10V10竞技积分 = -11
158706, 普通匹配10V10竞技积分 = -19
158706, 天梯10V10局数 = 1
158706, 普通10V10局数 = 1
158706, 表现系数 = 1
158706, 波动系数 = 1
158706, 高分系数 = 1
158706, 消费信息 = 1450
158706, ***************整理正常玩家信息**********************
158706, 玩家名：狼牙将士;font=397651064;a=255;r=138;g=133;b=78;|return=5|;|text=找偷情少妇
158706, ELOSwitch = 1
158706, ELOkind = 2
158706, Add_Point = -7
158706, 天梯10V10竞技积分 = -6
158706, 普通匹配10V10竞技积分 = -7
158706, 天梯10V10局数 = 1
158706, 普通10V10局数 = 1
158706, 表现系数 = 1
158706, 波动系数 = 1
158706, 高分系数 = 1
158706, 消费信息 = 436
158706, ***************整理正常玩家信息**********************
158706, 玩家名：狼牙将士;font=397651064;a=255;r=138;g=133;b=78;|return=5|;|text=包子没有腰丶
158706, ELOSwitch = 1
158706, ELOkind = 2
158706, Add_Point = -15
158706, 天梯10V10竞技积分 = -11
158706, 普通匹配10V10竞技积分 = -15
158706, 天梯10V10局数 = 1
158706, 普通10V10局数 = 1
158706, 表现系数 = 1
158706, 波动系数 = 1
158706, 高分系数 = 1
158706, 消费信息 = 277
158706, ***************整理正常玩家信息**********************
158706, 玩家名：狼牙将士;font=397651064;a=255;r=138;g=133;b=78;|return=5|;|text=爽儿亲亲
158706, ELOSwitch = 1
158706, ELOkind = 2
158706, Add_Point = -10
158706, 天梯10V10竞技积分 = 0
158706, 普通匹配10V10竞技积分 = -10
158706, 天梯10V10局数 = 1
158706, 普通10V10局数 = 1
158706, 表现系数 = 1
158706, 波动系数 = 1
158706, 高分系数 = 1
158706, 消费信息 = 840
158706, ***************整理正常玩家信息**********************
158706, 玩家名：狼牙将士;font=397651064;a=255;r=138;g=133;b=78;|return=5|;|text=小黄啊啊啊啊123
158706, ELOSwitch = 1
158706, ELOkind = 2
158706, Add_Point = -19
158706, 天梯10V10竞技积分 = -12
158706, 普通匹配10V10竞技积分 = -19
158706, 天梯10V10局数 = 1
158706, 普通10V10局数 = 1
158706, 表现系数 = 1
158706, 波动系数 = 1
158706, 高分系数 = 1
158706, 消费信息 = 493
158706, ***************整理正常玩家信息**********************
158706, 玩家名：狼牙将士;font=397651064;a=255;r=138;g=133;b=78;|return=5|;|text=再续那温柔
158706, ELOSwitch = 1
158706, ELOkind = 2
158706, Add_Point = -10
158706, 天梯10V10竞技积分 = -8
158706, 普通匹配10V10竞技积分 = -10
158706, 天梯10V10局数 = 1
158706, 普通10V10局数 = 1
158706, 表现系数 = 1
158706, 波动系数 = 1
158706, 高分系数 = 1
158706, 消费信息 = 725
158706, ***************整理正常玩家信息**********************
158706, 玩家名：狼牙将士;font=397651064;a=255;r=138;g=133;b=78;|return=5|;|text=消逝地承诺
158706, ELOSwitch = 1
158706, ELOkind = 2
158706, Add_Point = -19
158706, 天梯10V10竞技积分 = -11
158706, 普通匹配10V10竞技积分 = -19
158706, 天梯10V10局数 = 1
158706, 普通10V10局数 = 1
158706, 表现系数 = 1
158706, 波动系数 = 1
158706, 高分系数 = 1
158706, 消费信息 = 736
158706, ***************整理正常玩家信息**********************
158706, 玩家名：狼牙将士;font=397651064;a=255;r=138;g=133;b=78;|return=5|;|text=hejiting
158706, ELOSwitch = 1
158706, ELOkind = 2
158706, Add_Point = -10
158706, 天梯10V10竞技积分 = -7
158706, 普通匹配10V10竞技积分 = -10
158706, 天梯10V10局数 = 1
158706, 普通10V10局数 = 1
158706, 表现系数 = 1
158706, 波动系数 = 1
158706, 高分系数 = 1
158706, 消费信息 = 697
158706, ***************整理正常玩家信息**********************
158706, 玩家名：狼牙将士;font=397651064;a=255;r=138;g=133;b=78;|return=5|;|text=q421628632
158706, ELOSwitch = 1
158706, ELOkind = 2
158706, Add_Point = -16
158706, 天梯10V10竞技积分 = -7
158706, 普通匹配10V10竞技积分 = -16
158706, 天梯10V10局数 = 1
158706, 普通10V10局数 = 1
158706, 表现系数 = 1
158706, 波动系数 = 1
158706, 高分系数 = 1
158706, 消费信息 = 650
158706, ***************整理正常玩家信息**********************
158706, 玩家名：狼牙将士;font=397651064;a=255;r=138;g=133;b=78;|return=5|;|text=右耳钉丶残恋
158706, ELOSwitch = 1
158706, ELOkind = 2
158706, Add_Point = -16
158706, 天梯10V10竞技积分 = -11
158706, 普通匹配10V10竞技积分 = -16
158706, 天梯10V10局数 = 1
158706, 普通10V10局数 = 1
158706, 表现系数 = 1
158706, 波动系数 = 1
158706, 高分系数 = 1
158706, 消费信息 = 1332
158706, ***************整理正常玩家信息**********************
158706, 玩家名：狼牙将士;font=397651064;a=255;r=138;g=133;b=78;|return=5|;|text=手指太阳说丨曰
158706, ELOSwitch = 1
158706, ELOkind = 2
158706, Add_Point = 15
158706, 天梯10V10竞技积分 = 7
158706, 普通匹配10V10竞技积分 = 15
158706, 天梯10V10局数 = 1
158706, 普通10V10局数 = 1
158706, 表现系数 = 1
158706, 波动系数 = 1
158706, 高分系数 = 1
158706, 消费信息 = 29
158706, ***************整理正常玩家信息**********************
158706, 玩家名：天下无双灬独眼
158706, ELOSwitch = 1
158706, ELOkind = 2
158706, Add_Point = 25
158706, 天梯10V10竞技积分 = 13
158706, 普通匹配10V10竞技积分 = 25
158706, 天梯10V10局数 = 1
158706, 普通10V10局数 = 1
158706, 表现系数 = 1
158706, 波动系数 = 1
158706, 高分系数 = 1
158706, 消费信息 = 921
158706, ***************整理正常玩家信息**********************
158706, 玩家名：狼牙将士;font=397651064;a=255;r=138;g=133;b=78;|return=5|;|text=威芬520
158706, ELOSwitch = 1
158706, ELOkind = 2
158706, Add_Point = 19
158706, 天梯10V10竞技积分 = 14
158706, 普通匹配10V10竞技积分 = 19
158706, 天梯10V10局数 = 1
158706, 普通10V10局数 = 1
158706, 表现系数 = 1
158706, 波动系数 = 1
158706, 高分系数 = 1
158706, 消费信息 = 1044
158706, ***************整理正常玩家信息**********************
158706, 玩家名：狼牙将士;font=397651064;a=255;r=138;g=133;b=78;|return=5|;|text=把莪遗忘
158706, ELOSwitch = 1
158706, ELOkind = 2
158706, Add_Point = 13
158706, 天梯10V10竞技积分 = 12
158706, 普通匹配10V10竞技积分 = 13
158706, 天梯10V10局数 = 1
158706, 普通10V10局数 = 1
158706, 表现系数 = 1
158706, 波动系数 = 1
158706, 高分系数 = 1
158706, 消费信息 = 446
158706, ***************整理正常玩家信息**********************
158706, 玩家名：狼牙将士;font=397651064;a=255;r=138;g=133;b=78;|return=5|;|text=txp000
158706, ELOSwitch = 1
158706, ELOkind = 2
158706, Add_Point = 15
158706, 天梯10V10竞技积分 = 7
158706, 普通匹配10V10竞技积分 = 15
158706, 天梯10V10局数 = 1
158706, 普通10V10局数 = 1
158706, 表现系数 = 1
158706, 波动系数 = 1
158706, 高分系数 = 1
158706, 消费信息 = 577
158706, ***************整理正常玩家信息**********************
158706, 玩家名：狼牙将士;font=397651064;a=255;r=138;g=133;b=78;|return=5|;|text=新手三百三
158706, ELOSwitch = 1
158706, ELOkind = 2
158706, Add_Point = 15
158706, 天梯10V10竞技积分 = 12
158706, 普通匹配10V10竞技积分 = 15
158706, 天梯10V10局数 = 1
158706, 普通10V10局数 = 1
158706, 表现系数 = 1
158706, 波动系数 = 1
158706, 高分系数 = 1
158706, 消费信息 = 505
158706, ***************整理正常玩家信息**********************
158706, 玩家名：狼牙将士;font=397651064;a=255;r=138;g=133;b=78;|return=5|;|text=珉昊2
158706, ELOSwitch = 1
158706, ELOkind = 2
158706, Add_Point = 17
158706, 天梯10V10竞技积分 = 12
158706, 普通匹配10V10竞技积分 = 17
158706, 天梯10V10局数 = 1
158706, 普通10V10局数 = 1
158706, 表现系数 = 1
158706, 波动系数 = 1
158706, 高分系数 = 1
158706, 消费信息 = 428
158706, ***************整理正常玩家信息**********************
158706, 玩家名：狼牙将士;font=397651064;a=255;r=138;g=133;b=78;|return=5|;|text=大猛子3
158706, ELOSwitch = 1
158706, ELOkind = 2
158706, Add_Point = 25
158706, 天梯10V10竞技积分 = 24
158706, 普通匹配10V10竞技积分 = 25
158706, 天梯10V10局数 = 1
158706, 普通10V10局数 = 1
158706, 表现系数 = 1
158706, 波动系数 = 1
158706, 高分系数 = 1
158706, 消费信息 = 490
158706, ***************整理正常玩家信息**********************
158706, 玩家名：狼牙将士;font=397651064;a=255;r=138;g=133;b=78;|return=5|;|text=一级就被杀
158706, ELOSwitch = 1
158706, ELOkind = 2
158706, Add_Point = 25
158706, 天梯10V10竞技积分 = 18
158706, 普通匹配10V10竞技积分 = 25
158706, 天梯10V10局数 = 1
158706, 普通10V10局数 = 1
158706, 表现系数 = 1
158706, 波动系数 = 1
158706, 高分系数 = 1
158706, 消费信息 = 571
158706, ***************整理正常玩家信息**********************
158706, 玩家名：狼牙将士;font=397651064;a=255;r=138;g=133;b=78;|return=5|;|text=我的懿宝
158706, ELOSwitch = 1
158706, ELOkind = 2
158706, Add_Point = 13
158706, 天梯10V10竞技积分 = 12
158706, 普通匹配10V10竞技积分 = 13
158706, 天梯10V10局数 = 1
158706, 普通10V10局数 = 1
158706, 表现系数 = 1
158706, 波动系数 = 1
158706, 高分系数 = 1
158706, ***************整理正常玩家信息**********************
158706, 玩家名：蜀国
158706, ELOSwitch = 1
158706, ELOkind = 1
158706, Add_Point = 0
158706, 天梯10V10竞技积分 = 0
158706, 普通匹配10V10竞技积分 = 0
158706, 天梯10V10局数 = 1
158706, 普通10V10局数 = 0
158706, 表现系数 = 1
158706, 波动系数 = 1
158706, 高分系数 = 1
158706, ***************整理正常玩家信息**********************
158706, 玩家名：魏国
158706, ELOSwitch = 1
158706, ELOkind = 1
158706, Add_Point = 0
158706, 天梯10V10竞技积分 = 0
158706, 普通匹配10V10竞技积分 = 0
158706, 天梯10V10局数 = 1
158706, 普通10V10局数 = 0
158706, 表现系数 = 1
158706, 波动系数 = 1
158706, 高分系数 = 1
158706, ***************整理正常玩家信息**********************
158706, 玩家名：中立敌对
158706, ELOSwitch = 1
158706, ELOkind = 1
158706, Add_Point = 0
158706, 天梯10V10竞技积分 = 0
158706, 普通匹配10V10竞技积分 = 0
158706, 天梯10V10局数 = 1
158706, 普通10V10局数 = 0
158706, 表现系数 = 1
158706, 波动系数 = 1
158706, 高分系数 = 1
158706, ***************整理正常玩家信息**********************
158706, 玩家名：中立无敌意
158706, ELOSwitch = 1
158706, ELOkind = 1
158706, Add_Point = 0
158706, 天梯10V10竞技积分 = 0
158706, 普通匹配10V10竞技积分 = 0
158706, 天梯10V10局数 = 1
158706, 普通10V10局数 = 0
158706, 表现系数 = 1
158706, 波动系数 = 1
158706, 高分系数 = 1
