5, 查询到的结果0
5, 付费积分 = 989
5, 查询到的结果1
5, 付费积分 = 502
5, 查询到的结果5
5, 付费积分 = 433
5, 查询到的结果5
5, 付费积分 = 190
5, 查询到的结果0
5, 付费积分 = 1006
5, 查询到的结果0
5, 付费积分 = 663
5, 查询到的结果0
5, 付费积分 = 1543
5, 查询到的结果0
5, 付费积分 = 727
5, 查询到的结果4
5, 付费积分 = 735
5, 查询到的结果0
5, 付费积分 = 526
5, 查询到的结果0
5, 付费积分 = 472
5, 查询到的结果0
5, 付费积分 = 521
5, 查询到的结果0
5, 付费积分 = 1430
5, 查询到的结果0
5, 付费积分 = 723
5, 查询到的结果0
5, 付费积分 = 1428
5, 查询到的结果0
5, 付费积分 = 426
5, 查询到的结果0
5, 付费积分 = 423
5, 查询到的结果0
5, 付费积分 = 508
5, 查询到的结果4
5, 付费积分 = 625
5, 查询到的结果0
5, 付费积分 = 729
493, Check_Herostyle control =2, unit_id=149 , style=0
609, Check_Herostyle control =18, unit_id=218 , style=0
617, Check_Herostyle control =11, unit_id=263 , style=0
621, Check_Herostyle control =20, unit_id=51 , style=0
677, Check_Herostyle control =1, unit_id=223 , style=0
693, Check_Herostyle control =5, unit_id=60 , style=0
797, Check_Herostyle control =17, unit_id=85 , style=0
797, Check_Herostyle control =19, unit_id=82 , style=0
829, Check_Herostyle control =8, unit_id=299 , style=0
913, Check_Herostyle control =12, unit_id=144 , style=0
1073, Check_Herostyle control =15, unit_id=277 , style=0
1185, Check_Herostyle control =14, unit_id=255 , style=0
1285, Check_Herostyle control =16, unit_id=221 , style=0
1709, Check_Herostyle control =7, unit_id=188 , style=0
1789, Check_Herostyle control =9, unit_id=88 , style=0
1929, Check_Herostyle control =6, unit_id=317 , style=0
2185, Check_Herostyle control =3, unit_id=146 , style=0
2201, Check_Herostyle control =13, unit_id=141 , style=0
3025, Check_Herostyle control =10, unit_id=13 , style=0
33173, 查询到的结果0
33173, 付费积分 = 309
33597, 查询到的结果0
33597, 付费积分 = 309
36477, Check_Herostyle control =4, unit_id=204 , style=0
97761, 查询到的结果0
97761, 付费积分 = 23
98329, 查询到的结果0
98329, 付费积分 = 23
158425, 查询到的结果0
158425, 付费积分 = 1006
158429, 查询到的结果4
158429, 付费积分 = 735
158429, 查询到的结果0
158429, 付费积分 = 989
158429, 查询到的结果0
158429, 付费积分 = 1430
158429, 查询到的结果0
158429, 付费积分 = 521
158429, 查询到的结果1
158429, 付费积分 = 502
158429, 查询到的结果0
158429, 付费积分 = 423
158429, 查询到的结果0
158429, 付费积分 = 255
158429, 查询到的结果0
158429, 付费积分 = 1543
158429, 查询到的结果4
158429, 付费积分 = 625
158429, 查询到的结果0
158429, 付费积分 = 727
158429, 查询到的结果5
158429, 付费积分 = 433
158429, 查询到的结果0
158429, 付费积分 = 1428
158429, 查询到的结果0
158429, 付费积分 = 663
158429, 查询到的结果0
158429, 付费积分 = 508
158429, 查询到的结果0
158429, 付费积分 = 23
158433, 查询到的结果0
158433, 付费积分 = 526
158433, 查询到的结果0
158433, 付费积分 = 426
158433, 查询到的结果0
158433, 付费积分 = 729
158445, 查询到的结果0
158445, 付费积分 = 723
158706, uploadScore       in
158706, uploadScore      in score2
158706, pcs;72;39;80;141;68;111;137;222;133;49;232;224;49;231;211;212
158706, uploadScore       return
158706, uploadScore       done
Game::Disconnect!
