158706, 88616662,心境比较平淡,223,0
158706, 73996569,找偷情少妇,149,256
158706, 124265869,包子没有腰丶,146,1024
158706, 124504996,爽儿亲亲,204,0
158706, 100847864,小黄啊啊啊啊123,60,0
158706, 112246087,再续那温柔,317,0
158706, 116924910,消逝地承诺,188,32
158706, 60047112,hejiting,299,0
158706, 83275412,q421628632,88,0
158706, 109175625,右耳钉丶残恋,13,0
158706, 72581019,手指太阳说丨曰,263,0
158706, 113663981,天下无双灬独眼,144,0
158706, 83708895,威芬520,141,8
158706, 45123899,把莪遗忘,255,144
158706, 109958209,txp000,277,0
158706, 102945227,新手三百三,221,0
158706, 123506690,珉昊2,85,0
158706, 122001918,大猛子3,218,578
158706, 16750869,一级就被杀,82,5
158706, 25211572,我的懿宝,51,0
