4533, 整合数据1项画质:1	数据长度是1
4533, 整合数据2项滚屏速度:20	数据长度是8
4533, 整合数据3项更新内容面板开关:0	数据长度是1
4533, 整合数据4项游戏版本号:1696	数据长度是16
4533, 整合数据5项语音:0	数据长度是1
4533, 整合数据6项音响:0	数据长度是1
4533, 整合数据7项麦克风:0	数据长度是1
4533, 整合数据8项音响大小:0	数据长度是8
4533, 整合数据9项麦克风大小:0	数据长度是8
4533, 整合数据10项未知:1	数据长度是1
4533, 整合数据11项光照:99	数据长度是8
4533, 整合数据12项新F11面板模式:1	数据长度是1
4533, 整合数据13项血条区分敌我:1	数据长度是1
4533, 整合数据14项快捷键1:41	数据长度是16
4533, 整合数据15项快捷键2:43	数据长度是16
4533, 整合数据16项快捷键3:61	数据长度是16
4533, 整合数据17项快捷键4:42	数据长度是16
4533, 整合数据18项快捷键5:56	数据长度是16
4533, 整合数据19项快捷键6:53	数据长度是16
4533, 整合数据20项快捷键7:541	数据长度是16
4533, 整合数据21项快捷键8:542	数据长度是16
4533, 整合数据22项快捷键9:543	数据长度是16
4533, 整合数据23项快捷键10:544	数据长度是16
4533, 整合数据24项快捷键11:545	数据长度是16
4533, 整合数据25项快捷键12:546	数据长度是16
4533, 整合数据26项快捷键13:547	数据长度是16
4533, 整合数据27项快捷键14:548	数据长度是16
4533, 整合数据28项快捷键15:549	数据长度是16
4533, 整合数据29项快捷键16:573	数据长度是16
4533, 整合数据30项快捷键17:555	数据长度是16
4533, 整合数据31项快捷键18:568	数据长度是16
4533, 整合数据32项是否显示刀光:1	数据长度是1
4533, 整合数据33项显示刀光编号:1	数据长度是8
4533, 整合数据34项不显示翅膀:1	数据长度是1
4533, 整合数据35项显示翅膀编号:0	数据长度是8
4533, 整合数据36项孔明灯:0	数据长度是8
4533, 整合数据37项免控表现:0	数据长度是8
4533, 整合数据38项窗口锁定:0	数据长度是8
4533, 整合数据39项打孔明灯:0	数据长度是8
4533, 整合数据40项小地图头像:0	数据长度是8
4533, 整合数据41项画笔库6:0	数据长度是8
4533, 整合数据42项画笔库7:0	数据长度是8
4533, 整合数据43项画笔库8:0	数据长度是8
4533, 整合数据44项会员功能1:1	数据长度是1
4533, 整合数据45项会员功能2:1	数据长度是1
4533, 整合数据46项会员功能3:1	数据长度是1
4533, 整合数据47项会员功能4:1	数据长度是1
4533, 整合数据48项会员功能5:1	数据长度是1
4533, 整合数据49项会员功能6:1	数据长度是1
4533, 整合数据50项会员功能7:1	数据长度是1
4533, 整合数据51项会员功能8:1	数据长度是1
4533, 整合数据52项新商店左侧扩展面板:1	数据长度是1
4533, 整合数据53项新商店上部扩展面板:1	数据长度是1
4533, 整合数据54项新商店购买方式:0	数据长度是1
4533, 整合数据55项新商店商店模式:1	数据长度是1
4533, 整合数据56项预扣血模式:0	数据长度是1
4533, 整合数据57项回城特效:0	数据长度是8
17545, 整合数据1项画质:1	数据长度是1
17545, 整合数据2项滚屏速度:12	数据长度是8
17545, 整合数据3项更新内容面板开关:0	数据长度是1
17545, 整合数据4项游戏版本号:1696	数据长度是16
17545, 整合数据5项语音:0	数据长度是1
17545, 整合数据6项音响:0	数据长度是1
17545, 整合数据7项麦克风:0	数据长度是1
17545, 整合数据8项音响大小:0	数据长度是8
17545, 整合数据9项麦克风大小:51	数据长度是8
17545, 整合数据10项未知:1	数据长度是1
17545, 整合数据11项光照:99	数据长度是8
17545, 整合数据12项新F11面板模式:1	数据长度是1
17545, 整合数据13项血条区分敌我:1	数据长度是1
17545, 整合数据14项快捷键1:41	数据长度是16
17545, 整合数据15项快捷键2:43	数据长度是16
17545, 整合数据16项快捷键3:61	数据长度是16
17545, 整合数据17项快捷键4:42	数据长度是16
17545, 整合数据18项快捷键5:56	数据长度是16
17545, 整合数据19项快捷键6:53	数据长度是16
17545, 整合数据20项快捷键7:541	数据长度是16
17545, 整合数据21项快捷键8:542	数据长度是16
17545, 整合数据22项快捷键9:543	数据长度是16
17545, 整合数据23项快捷键10:544	数据长度是16
17545, 整合数据24项快捷键11:545	数据长度是16
17545, 整合数据25项快捷键12:546	数据长度是16
17545, 整合数据26项快捷键13:64	数据长度是16
17545, 整合数据27项快捷键14:548	数据长度是16
17545, 整合数据28项快捷键15:44	数据长度是16
17545, 整合数据29项快捷键16:567	数据长度是16
17545, 整合数据30项快捷键17:555	数据长度是16
17545, 整合数据31项快捷键18:568	数据长度是16
17545, 整合数据32项是否显示刀光:1	数据长度是1
17545, 整合数据33项显示刀光编号:8	数据长度是8
17545, 整合数据34项不显示翅膀:0	数据长度是1
17545, 整合数据35项显示翅膀编号:1	数据长度是8
17545, 整合数据36项孔明灯:0	数据长度是8
17545, 整合数据37项免控表现:0	数据长度是8
17545, 整合数据38项窗口锁定:0	数据长度是8
17545, 整合数据39项打孔明灯:0	数据长度是8
17545, 整合数据40项小地图头像:1	数据长度是8
17545, 整合数据41项画笔库6:0	数据长度是8
17545, 整合数据42项画笔库7:0	数据长度是8
17545, 整合数据43项画笔库8:0	数据长度是8
17545, 整合数据44项会员功能1:1	数据长度是1
17545, 整合数据45项会员功能2:1	数据长度是1
17545, 整合数据46项会员功能3:0	数据长度是1
17545, 整合数据47项会员功能4:1	数据长度是1
17545, 整合数据48项会员功能5:1	数据长度是1
17545, 整合数据49项会员功能6:1	数据长度是1
17545, 整合数据50项会员功能7:1	数据长度是1
17545, 整合数据51项会员功能8:1	数据长度是1
17545, 整合数据52项新商店左侧扩展面板:1	数据长度是1
17545, 整合数据53项新商店上部扩展面板:1	数据长度是1
17545, 整合数据54项新商店购买方式:0	数据长度是1
17545, 整合数据55项新商店商店模式:1	数据长度是1
17545, 整合数据56项预扣血模式:1	数据长度是1
17545, 整合数据57项回城特效:0	数据长度是8
158706, 整合数据1项画质:1	数据长度是1
158706, 整合数据2项滚屏速度:20	数据长度是8
158706, 整合数据3项更新内容面板开关:0	数据长度是1
158706, 整合数据4项游戏版本号:1696	数据长度是16
158706, 整合数据5项语音:0	数据长度是1
158706, 整合数据6项音响:0	数据长度是1
158706, 整合数据7项麦克风:0	数据长度是1
158706, 整合数据8项音响大小:0	数据长度是8
158706, 整合数据9项麦克风大小:0	数据长度是8
158706, 整合数据10项未知:1	数据长度是1
158706, 整合数据11项光照:99	数据长度是8
158706, 整合数据12项新F11面板模式:1	数据长度是1
158706, 整合数据13项血条区分敌我:1	数据长度是1
158706, 整合数据14项快捷键1:41	数据长度是16
158706, 整合数据15项快捷键2:43	数据长度是16
158706, 整合数据16项快捷键3:61	数据长度是16
158706, 整合数据17项快捷键4:42	数据长度是16
158706, 整合数据18项快捷键5:56	数据长度是16
158706, 整合数据19项快捷键6:53	数据长度是16
158706, 整合数据20项快捷键7:541	数据长度是16
158706, 整合数据21项快捷键8:542	数据长度是16
158706, 整合数据22项快捷键9:543	数据长度是16
158706, 整合数据23项快捷键10:544	数据长度是16
158706, 整合数据24项快捷键11:545	数据长度是16
158706, 整合数据25项快捷键12:546	数据长度是16
158706, 整合数据26项快捷键13:547	数据长度是16
158706, 整合数据27项快捷键14:548	数据长度是16
158706, 整合数据28项快捷键15:549	数据长度是16
158706, 整合数据29项快捷键16:573	数据长度是16
158706, 整合数据30项快捷键17:555	数据长度是16
158706, 整合数据31项快捷键18:568	数据长度是16
158706, 整合数据32项是否显示刀光:1	数据长度是1
158706, 整合数据33项显示刀光编号:14	数据长度是8
158706, 整合数据34项不显示翅膀:0	数据长度是1
158706, 整合数据35项显示翅膀编号:3	数据长度是8
158706, 整合数据36项孔明灯:6	数据长度是8
158706, 整合数据37项免控表现:0	数据长度是8
158706, 整合数据38项窗口锁定:0	数据长度是8
158706, 整合数据39项打孔明灯:0	数据长度是8
158706, 整合数据40项小地图头像:0	数据长度是8
158706, 整合数据41项画笔库6:0	数据长度是8
158706, 整合数据42项画笔库7:0	数据长度是8
158706, 整合数据43项画笔库8:0	数据长度是8
158706, 整合数据44项会员功能1:1	数据长度是1
158706, 整合数据45项会员功能2:1	数据长度是1
158706, 整合数据46项会员功能3:1	数据长度是1
158706, 整合数据47项会员功能4:1	数据长度是1
158706, 整合数据48项会员功能5:1	数据长度是1
158706, 整合数据49项会员功能6:1	数据长度是1
158706, 整合数据50项会员功能7:1	数据长度是1
158706, 整合数据51项会员功能8:1	数据长度是1
158706, 整合数据52项新商店左侧扩展面板:1	数据长度是1
158706, 整合数据53项新商店上部扩展面板:1	数据长度是1
158706, 整合数据54项新商店购买方式:0	数据长度是1
158706, 整合数据55项新商店商店模式:0	数据长度是1
158706, 整合数据56项预扣血模式:0	数据长度是1
158706, 整合数据57项回城特效:4	数据长度是8
158706, 整合数据1项画质:1	数据长度是1
158706, 整合数据2项滚屏速度:14	数据长度是8
158706, 整合数据3项更新内容面板开关:0	数据长度是1
158706, 整合数据4项游戏版本号:1696	数据长度是16
158706, 整合数据5项语音:0	数据长度是1
158706, 整合数据6项音响:0	数据长度是1
158706, 整合数据7项麦克风:0	数据长度是1
158706, 整合数据8项音响大小:0	数据长度是8
158706, 整合数据9项麦克风大小:0	数据长度是8
158706, 整合数据10项未知:1	数据长度是1
158706, 整合数据11项光照:99	数据长度是8
158706, 整合数据12项新F11面板模式:1	数据长度是1
158706, 整合数据13项血条区分敌我:1	数据长度是1
158706, 整合数据14项快捷键1:41	数据长度是16
158706, 整合数据15项快捷键2:43	数据长度是16
158706, 整合数据16项快捷键3:61	数据长度是16
158706, 整合数据17项快捷键4:42	数据长度是16
158706, 整合数据18项快捷键5:56	数据长度是16
158706, 整合数据19项快捷键6:53	数据长度是16
158706, 整合数据20项快捷键7:541	数据长度是16
158706, 整合数据21项快捷键8:542	数据长度是16
158706, 整合数据22项快捷键9:543	数据长度是16
158706, 整合数据23项快捷键10:544	数据长度是16
158706, 整合数据24项快捷键11:545	数据长度是16
158706, 整合数据25项快捷键12:546	数据长度是16
158706, 整合数据26项快捷键13:547	数据长度是16
158706, 整合数据27项快捷键14:548	数据长度是16
158706, 整合数据28项快捷键15:549	数据长度是16
158706, 整合数据29项快捷键16:573	数据长度是16
158706, 整合数据30项快捷键17:555	数据长度是16
158706, 整合数据31项快捷键18:568	数据长度是16
158706, 整合数据32项是否显示刀光:1	数据长度是1
158706, 整合数据33项显示刀光编号:10	数据长度是8
158706, 整合数据34项不显示翅膀:0	数据长度是1
158706, 整合数据35项显示翅膀编号:5	数据长度是8
158706, 整合数据36项孔明灯:0	数据长度是8
158706, 整合数据37项免控表现:0	数据长度是8
158706, 整合数据38项窗口锁定:0	数据长度是8
158706, 整合数据39项打孔明灯:0	数据长度是8
158706, 整合数据40项小地图头像:0	数据长度是8
158706, 整合数据41项画笔库6:0	数据长度是8
158706, 整合数据42项画笔库7:0	数据长度是8
158706, 整合数据43项画笔库8:0	数据长度是8
158706, 整合数据44项会员功能1:0	数据长度是1
158706, 整合数据45项会员功能2:0	数据长度是1
158706, 整合数据46项会员功能3:1	数据长度是1
158706, 整合数据47项会员功能4:0	数据长度是1
158706, 整合数据48项会员功能5:0	数据长度是1
158706, 整合数据49项会员功能6:0	数据长度是1
158706, 整合数据50项会员功能7:1	数据长度是1
158706, 整合数据51项会员功能8:1	数据长度是1
158706, 整合数据52项新商店左侧扩展面板:1	数据长度是1
158706, 整合数据53项新商店上部扩展面板:1	数据长度是1
158706, 整合数据54项新商店购买方式:0	数据长度是1
158706, 整合数据55项新商店商店模式:0	数据长度是1
158706, 整合数据56项预扣血模式:1	数据长度是1
158706, 整合数据57项回城特效:0	数据长度是8
158706, 整合数据1项画质:1	数据长度是1
158706, 整合数据2项滚屏速度:20	数据长度是8
158706, 整合数据3项更新内容面板开关:0	数据长度是1
158706, 整合数据4项游戏版本号:1696	数据长度是16
158706, 整合数据5项语音:0	数据长度是1
158706, 整合数据6项音响:0	数据长度是1
158706, 整合数据7项麦克风:0	数据长度是1
158706, 整合数据8项音响大小:0	数据长度是8
158706, 整合数据9项麦克风大小:0	数据长度是8
158706, 整合数据10项未知:1	数据长度是1
158706, 整合数据11项光照:99	数据长度是8
158706, 整合数据12项新F11面板模式:1	数据长度是1
158706, 整合数据13项血条区分敌我:1	数据长度是1
158706, 整合数据14项快捷键1:41	数据长度是16
158706, 整合数据15项快捷键2:43	数据长度是16
158706, 整合数据16项快捷键3:61	数据长度是16
158706, 整合数据17项快捷键4:42	数据长度是16
158706, 整合数据18项快捷键5:0	数据长度是16
158706, 整合数据19项快捷键6:53	数据长度是16
158706, 整合数据20项快捷键7:541	数据长度是16
158706, 整合数据21项快捷键8:542	数据长度是16
158706, 整合数据22项快捷键9:56	数据长度是16
158706, 整合数据23项快捷键10:544	数据长度是16
158706, 整合数据24项快捷键11:545	数据长度是16
158706, 整合数据25项快捷键12:546	数据长度是16
158706, 整合数据26项快捷键13:547	数据长度是16
158706, 整合数据27项快捷键14:548	数据长度是16
158706, 整合数据28项快捷键15:549	数据长度是16
158706, 整合数据29项快捷键16:44	数据长度是16
158706, 整合数据30项快捷键17:555	数据长度是16
158706, 整合数据31项快捷键18:568	数据长度是16
158706, 整合数据32项是否显示刀光:1	数据长度是1
158706, 整合数据33项显示刀光编号:13	数据长度是8
158706, 整合数据34项不显示翅膀:0	数据长度是1
158706, 整合数据35项显示翅膀编号:2	数据长度是8
158706, 整合数据36项孔明灯:0	数据长度是8
158706, 整合数据37项免控表现:0	数据长度是8
158706, 整合数据38项窗口锁定:0	数据长度是8
158706, 整合数据39项打孔明灯:0	数据长度是8
158706, 整合数据40项小地图头像:0	数据长度是8
158706, 整合数据41项画笔库6:0	数据长度是8
158706, 整合数据42项画笔库7:0	数据长度是8
158706, 整合数据43项画笔库8:0	数据长度是8
158706, 整合数据44项会员功能1:1	数据长度是1
158706, 整合数据45项会员功能2:1	数据长度是1
158706, 整合数据46项会员功能3:0	数据长度是1
158706, 整合数据47项会员功能4:1	数据长度是1
158706, 整合数据48项会员功能5:1	数据长度是1
158706, 整合数据49项会员功能6:1	数据长度是1
158706, 整合数据50项会员功能7:1	数据长度是1
158706, 整合数据51项会员功能8:1	数据长度是1
158706, 整合数据52项新商店左侧扩展面板:1	数据长度是1
158706, 整合数据53项新商店上部扩展面板:1	数据长度是1
158706, 整合数据54项新商店购买方式:0	数据长度是1
158706, 整合数据55项新商店商店模式:1	数据长度是1
158706, 整合数据56项预扣血模式:0	数据长度是1
158706, 整合数据57项回城特效:7	数据长度是8
158706, 整合数据1项画质:1	数据长度是1
158706, 整合数据2项滚屏速度:19	数据长度是8
158706, 整合数据3项更新内容面板开关:0	数据长度是1
158706, 整合数据4项游戏版本号:1696	数据长度是16
158706, 整合数据5项语音:0	数据长度是1
158706, 整合数据6项音响:0	数据长度是1
158706, 整合数据7项麦克风:0	数据长度是1
158706, 整合数据8项音响大小:0	数据长度是8
158706, 整合数据9项麦克风大小:0	数据长度是8
158706, 整合数据10项未知:1	数据长度是1
158706, 整合数据11项光照:99	数据长度是8
158706, 整合数据12项新F11面板模式:1	数据长度是1
158706, 整合数据13项血条区分敌我:1	数据长度是1
158706, 整合数据14项快捷键1:41	数据长度是16
158706, 整合数据15项快捷键2:43	数据长度是16
158706, 整合数据16项快捷键3:61	数据长度是16
158706, 整合数据17项快捷键4:42	数据长度是16
158706, 整合数据18项快捷键5:56	数据长度是16
158706, 整合数据19项快捷键6:53	数据长度是16
158706, 整合数据20项快捷键7:541	数据长度是16
158706, 整合数据21项快捷键8:542	数据长度是16
158706, 整合数据22项快捷键9:543	数据长度是16
158706, 整合数据23项快捷键10:544	数据长度是16
158706, 整合数据24项快捷键11:545	数据长度是16
158706, 整合数据25项快捷键12:546	数据长度是16
158706, 整合数据26项快捷键13:547	数据长度是16
158706, 整合数据27项快捷键14:548	数据长度是16
158706, 整合数据28项快捷键15:549	数据长度是16
158706, 整合数据29项快捷键16:573	数据长度是16
158706, 整合数据30项快捷键17:555	数据长度是16
158706, 整合数据31项快捷键18:568	数据长度是16
158706, 整合数据32项是否显示刀光:1	数据长度是1
158706, 整合数据33项显示刀光编号:17	数据长度是8
158706, 整合数据34项不显示翅膀:0	数据长度是1
158706, 整合数据35项显示翅膀编号:5	数据长度是8
158706, 整合数据36项孔明灯:0	数据长度是8
158706, 整合数据37项免控表现:0	数据长度是8
158706, 整合数据38项窗口锁定:0	数据长度是8
158706, 整合数据39项打孔明灯:0	数据长度是8
158706, 整合数据40项小地图头像:0	数据长度是8
158706, 整合数据41项画笔库6:0	数据长度是8
158706, 整合数据42项画笔库7:0	数据长度是8
158706, 整合数据43项画笔库8:0	数据长度是8
158706, 整合数据44项会员功能1:1	数据长度是1
158706, 整合数据45项会员功能2:1	数据长度是1
158706, 整合数据46项会员功能3:0	数据长度是1
158706, 整合数据47项会员功能4:1	数据长度是1
158706, 整合数据48项会员功能5:1	数据长度是1
158706, 整合数据49项会员功能6:1	数据长度是1
158706, 整合数据50项会员功能7:1	数据长度是1
158706, 整合数据51项会员功能8:1	数据长度是1
158706, 整合数据52项新商店左侧扩展面板:1	数据长度是1
158706, 整合数据53项新商店上部扩展面板:1	数据长度是1
158706, 整合数据54项新商店购买方式:0	数据长度是1
158706, 整合数据55项新商店商店模式:0	数据长度是1
158706, 整合数据56项预扣血模式:1	数据长度是1
158706, 整合数据57项回城特效:0	数据长度是8
158706, 整合数据1项画质:1	数据长度是1
158706, 整合数据2项滚屏速度:12	数据长度是8
158706, 整合数据3项更新内容面板开关:0	数据长度是1
158706, 整合数据4项游戏版本号:1696	数据长度是16
158706, 整合数据5项语音:0	数据长度是1
158706, 整合数据6项音响:0	数据长度是1
158706, 整合数据7项麦克风:0	数据长度是1
158706, 整合数据8项音响大小:0	数据长度是8
158706, 整合数据9项麦克风大小:0	数据长度是8
158706, 整合数据10项未知:1	数据长度是1
158706, 整合数据11项光照:96	数据长度是8
158706, 整合数据12项新F11面板模式:1	数据长度是1
158706, 整合数据13项血条区分敌我:1	数据长度是1
158706, 整合数据14项快捷键1:41	数据长度是16
158706, 整合数据15项快捷键2:43	数据长度是16
158706, 整合数据16项快捷键3:61	数据长度是16
158706, 整合数据17项快捷键4:42	数据长度是16
158706, 整合数据18项快捷键5:0	数据长度是16
158706, 整合数据19项快捷键6:53	数据长度是16
158706, 整合数据20项快捷键7:541	数据长度是16
158706, 整合数据21项快捷键8:542	数据长度是16
158706, 整合数据22项快捷键9:543	数据长度是16
158706, 整合数据23项快捷键10:56	数据长度是16
158706, 整合数据24项快捷键11:44	数据长度是16
158706, 整合数据25项快捷键12:34	数据长度是16
158706, 整合数据26项快捷键13:64	数据长度是16
158706, 整合数据27项快捷键14:548	数据长度是16
158706, 整合数据28项快捷键15:0	数据长度是16
158706, 整合数据29项快捷键16:573	数据长度是16
158706, 整合数据30项快捷键17:567	数据长度是16
158706, 整合数据31项快捷键18:0	数据长度是16
158706, 整合数据32项是否显示刀光:1	数据长度是1
158706, 整合数据33项显示刀光编号:1	数据长度是8
158706, 整合数据34项不显示翅膀:1	数据长度是1
158706, 整合数据35项显示翅膀编号:0	数据长度是8
158706, 整合数据36项孔明灯:0	数据长度是8
158706, 整合数据37项免控表现:1	数据长度是8
158706, 整合数据38项窗口锁定:1	数据长度是8
158706, 整合数据39项打孔明灯:0	数据长度是8
158706, 整合数据40项小地图头像:0	数据长度是8
158706, 整合数据41项画笔库6:0	数据长度是8
158706, 整合数据42项画笔库7:0	数据长度是8
158706, 整合数据43项画笔库8:0	数据长度是8
158706, 整合数据44项会员功能1:1	数据长度是1
158706, 整合数据45项会员功能2:0	数据长度是1
158706, 整合数据46项会员功能3:1	数据长度是1
158706, 整合数据47项会员功能4:1	数据长度是1
158706, 整合数据48项会员功能5:1	数据长度是1
158706, 整合数据49项会员功能6:1	数据长度是1
158706, 整合数据50项会员功能7:1	数据长度是1
158706, 整合数据51项会员功能8:1	数据长度是1
158706, 整合数据52项新商店左侧扩展面板:1	数据长度是1
158706, 整合数据53项新商店上部扩展面板:1	数据长度是1
158706, 整合数据54项新商店购买方式:0	数据长度是1
158706, 整合数据55项新商店商店模式:0	数据长度是1
158706, 整合数据56项预扣血模式:0	数据长度是1
158706, 整合数据57项回城特效:11	数据长度是8
158706, 整合数据1项画质:1	数据长度是1
158706, 整合数据2项滚屏速度:25	数据长度是8
158706, 整合数据3项更新内容面板开关:0	数据长度是1
158706, 整合数据4项游戏版本号:1696	数据长度是16
158706, 整合数据5项语音:0	数据长度是1
158706, 整合数据6项音响:0	数据长度是1
158706, 整合数据7项麦克风:0	数据长度是1
158706, 整合数据8项音响大小:0	数据长度是8
158706, 整合数据9项麦克风大小:0	数据长度是8
158706, 整合数据10项未知:1	数据长度是1
158706, 整合数据11项光照:99	数据长度是8
158706, 整合数据12项新F11面板模式:0	数据长度是1
158706, 整合数据13项血条区分敌我:1	数据长度是1
158706, 整合数据14项快捷键1:41	数据长度是16
158706, 整合数据15项快捷键2:43	数据长度是16
158706, 整合数据16项快捷键3:61	数据长度是16
158706, 整合数据17项快捷键4:42	数据长度是16
158706, 整合数据18项快捷键5:56	数据长度是16
158706, 整合数据19项快捷键6:44	数据长度是16
158706, 整合数据20项快捷键7:541	数据长度是16
158706, 整合数据21项快捷键8:542	数据长度是16
158706, 整合数据22项快捷键9:543	数据长度是16
158706, 整合数据23项快捷键10:29	数据长度是16
158706, 整合数据24项快捷键11:30	数据长度是16
158706, 整合数据25项快捷键12:31	数据长度是16
158706, 整合数据26项快捷键13:64	数据长度是16
158706, 整合数据27项快捷键14:62	数据长度是16
158706, 整合数据28项快捷键15:32	数据长度是16
158706, 整合数据29项快捷键16:573	数据长度是16
158706, 整合数据30项快捷键17:555	数据长度是16
158706, 整合数据31项快捷键18:553	数据长度是16
158706, 整合数据32项是否显示刀光:1	数据长度是1
158706, 整合数据33项显示刀光编号:14	数据长度是8
158706, 整合数据34项不显示翅膀:1	数据长度是1
158706, 整合数据35项显示翅膀编号:0	数据长度是8
158706, 整合数据36项孔明灯:0	数据长度是8
158706, 整合数据37项免控表现:0	数据长度是8
158706, 整合数据38项窗口锁定:0	数据长度是8
158706, 整合数据39项打孔明灯:0	数据长度是8
158706, 整合数据40项小地图头像:0	数据长度是8
158706, 整合数据41项画笔库6:0	数据长度是8
158706, 整合数据42项画笔库7:0	数据长度是8
158706, 整合数据43项画笔库8:0	数据长度是8
158706, 整合数据44项会员功能1:1	数据长度是1
158706, 整合数据45项会员功能2:0	数据长度是1
158706, 整合数据46项会员功能3:1	数据长度是1
158706, 整合数据47项会员功能4:1	数据长度是1
158706, 整合数据48项会员功能5:1	数据长度是1
158706, 整合数据49项会员功能6:1	数据长度是1
158706, 整合数据50项会员功能7:1	数据长度是1
158706, 整合数据51项会员功能8:1	数据长度是1
158706, 整合数据52项新商店左侧扩展面板:1	数据长度是1
158706, 整合数据53项新商店上部扩展面板:1	数据长度是1
158706, 整合数据54项新商店购买方式:0	数据长度是1
158706, 整合数据55项新商店商店模式:1	数据长度是1
158706, 整合数据56项预扣血模式:0	数据长度是1
158706, 整合数据57项回城特效:0	数据长度是8
158706, 整合数据1项画质:1	数据长度是1
158706, 整合数据2项滚屏速度:20	数据长度是8
158706, 整合数据3项更新内容面板开关:0	数据长度是1
158706, 整合数据4项游戏版本号:1696	数据长度是16
158706, 整合数据5项语音:0	数据长度是1
158706, 整合数据6项音响:0	数据长度是1
158706, 整合数据7项麦克风:0	数据长度是1
158706, 整合数据8项音响大小:0	数据长度是8
158706, 整合数据9项麦克风大小:0	数据长度是8
158706, 整合数据10项未知:1	数据长度是1
158706, 整合数据11项光照:100	数据长度是8
158706, 整合数据12项新F11面板模式:1	数据长度是1
158706, 整合数据13项血条区分敌我:1	数据长度是1
158706, 整合数据14项快捷键1:41	数据长度是16
158706, 整合数据15项快捷键2:43	数据长度是16
158706, 整合数据16项快捷键3:61	数据长度是16
158706, 整合数据17项快捷键4:42	数据长度是16
158706, 整合数据18项快捷键5:0	数据长度是16
158706, 整合数据19项快捷键6:53	数据长度是16
158706, 整合数据20项快捷键7:541	数据长度是16
158706, 整合数据21项快捷键8:542	数据长度是16
158706, 整合数据22项快捷键9:543	数据长度是16
158706, 整合数据23项快捷键10:544	数据长度是16
158706, 整合数据24项快捷键11:567	数据长度是16
158706, 整合数据25项快捷键12:55	数据长度是16
158706, 整合数据26项快捷键13:56	数据长度是16
158706, 整合数据27项快捷键14:548	数据长度是16
158706, 整合数据28项快捷键15:549	数据长度是16
158706, 整合数据29项快捷键16:568	数据长度是16
158706, 整合数据30项快捷键17:555	数据长度是16
158706, 整合数据31项快捷键18:0	数据长度是16
158706, 整合数据32项是否显示刀光:1	数据长度是1
158706, 整合数据33项显示刀光编号:7	数据长度是8
158706, 整合数据34项不显示翅膀:1	数据长度是1
158706, 整合数据35项显示翅膀编号:0	数据长度是8
158706, 整合数据36项孔明灯:0	数据长度是8
158706, 整合数据37项免控表现:0	数据长度是8
158706, 整合数据38项窗口锁定:0	数据长度是8
158706, 整合数据39项打孔明灯:0	数据长度是8
158706, 整合数据40项小地图头像:0	数据长度是8
158706, 整合数据41项画笔库6:0	数据长度是8
158706, 整合数据42项画笔库7:0	数据长度是8
158706, 整合数据43项画笔库8:0	数据长度是8
158706, 整合数据44项会员功能1:1	数据长度是1
158706, 整合数据45项会员功能2:1	数据长度是1
158706, 整合数据46项会员功能3:1	数据长度是1
158706, 整合数据47项会员功能4:1	数据长度是1
158706, 整合数据48项会员功能5:1	数据长度是1
158706, 整合数据49项会员功能6:1	数据长度是1
158706, 整合数据50项会员功能7:1	数据长度是1
158706, 整合数据51项会员功能8:1	数据长度是1
158706, 整合数据52项新商店左侧扩展面板:1	数据长度是1
158706, 整合数据53项新商店上部扩展面板:1	数据长度是1
158706, 整合数据54项新商店购买方式:0	数据长度是1
158706, 整合数据55项新商店商店模式:1	数据长度是1
158706, 整合数据56项预扣血模式:1	数据长度是1
158706, 整合数据57项回城特效:0	数据长度是8
158706, 整合数据1项画质:1	数据长度是1
158706, 整合数据2项滚屏速度:46	数据长度是8
158706, 整合数据3项更新内容面板开关:0	数据长度是1
158706, 整合数据4项游戏版本号:1696	数据长度是16
158706, 整合数据5项语音:0	数据长度是1
158706, 整合数据6项音响:0	数据长度是1
158706, 整合数据7项麦克风:0	数据长度是1
158706, 整合数据8项音响大小:0	数据长度是8
158706, 整合数据9项麦克风大小:0	数据长度是8
158706, 整合数据10项未知:1	数据长度是1
158706, 整合数据11项光照:84	数据长度是8
158706, 整合数据12项新F11面板模式:1	数据长度是1
158706, 整合数据13项血条区分敌我:1	数据长度是1
158706, 整合数据14项快捷键1:41	数据长度是16
158706, 整合数据15项快捷键2:43	数据长度是16
158706, 整合数据16项快捷键3:61	数据长度是16
158706, 整合数据17项快捷键4:42	数据长度是16
158706, 整合数据18项快捷键5:56	数据长度是16
158706, 整合数据19项快捷键6:53	数据长度是16
158706, 整合数据20项快捷键7:541	数据长度是16
158706, 整合数据21项快捷键8:542	数据长度是16
158706, 整合数据22项快捷键9:543	数据长度是16
158706, 整合数据23项快捷键10:544	数据长度是16
158706, 整合数据24项快捷键11:545	数据长度是16
158706, 整合数据25项快捷键12:546	数据长度是16
158706, 整合数据26项快捷键13:547	数据长度是16
158706, 整合数据27项快捷键14:548	数据长度是16
158706, 整合数据28项快捷键15:549	数据长度是16
158706, 整合数据29项快捷键16:573	数据长度是16
158706, 整合数据30项快捷键17:555	数据长度是16
158706, 整合数据31项快捷键18:568	数据长度是16
158706, 整合数据32项是否显示刀光:1	数据长度是1
158706, 整合数据33项显示刀光编号:13	数据长度是8
158706, 整合数据34项不显示翅膀:0	数据长度是1
158706, 整合数据35项显示翅膀编号:4	数据长度是8
158706, 整合数据36项孔明灯:9	数据长度是8
158706, 整合数据37项免控表现:0	数据长度是8
158706, 整合数据38项窗口锁定:0	数据长度是8
158706, 整合数据39项打孔明灯:0	数据长度是8
158706, 整合数据40项小地图头像:3	数据长度是8
158706, 整合数据41项画笔库6:0	数据长度是8
158706, 整合数据42项画笔库7:0	数据长度是8
158706, 整合数据43项画笔库8:0	数据长度是8
158706, 整合数据44项会员功能1:1	数据长度是1
158706, 整合数据45项会员功能2:1	数据长度是1
158706, 整合数据46项会员功能3:1	数据长度是1
158706, 整合数据47项会员功能4:1	数据长度是1
158706, 整合数据48项会员功能5:1	数据长度是1
158706, 整合数据49项会员功能6:1	数据长度是1
158706, 整合数据50项会员功能7:1	数据长度是1
158706, 整合数据51项会员功能8:1	数据长度是1
158706, 整合数据52项新商店左侧扩展面板:1	数据长度是1
158706, 整合数据53项新商店上部扩展面板:1	数据长度是1
158706, 整合数据54项新商店购买方式:0	数据长度是1
158706, 整合数据55项新商店商店模式:1	数据长度是1
158706, 整合数据56项预扣血模式:0	数据长度是1
158706, 整合数据57项回城特效:14	数据长度是8
158706, 整合数据1项画质:1	数据长度是1
158706, 整合数据2项滚屏速度:12	数据长度是8
158706, 整合数据3项更新内容面板开关:0	数据长度是1
158706, 整合数据4项游戏版本号:1696	数据长度是16
158706, 整合数据5项语音:0	数据长度是1
158706, 整合数据6项音响:0	数据长度是1
158706, 整合数据7项麦克风:0	数据长度是1
158706, 整合数据8项音响大小:54	数据长度是8
158706, 整合数据9项麦克风大小:30	数据长度是8
158706, 整合数据10项未知:1	数据长度是1
158706, 整合数据11项光照:74	数据长度是8
158706, 整合数据12项新F11面板模式:1	数据长度是1
158706, 整合数据13项血条区分敌我:1	数据长度是1
158706, 整合数据14项快捷键1:41	数据长度是16
158706, 整合数据15项快捷键2:43	数据长度是16
158706, 整合数据16项快捷键3:61	数据长度是16
158706, 整合数据17项快捷键4:42	数据长度是16
158706, 整合数据18项快捷键5:0	数据长度是16
158706, 整合数据19项快捷键6:53	数据长度是16
158706, 整合数据20项快捷键7:0	数据长度是16
158706, 整合数据21项快捷键8:56	数据长度是16
158706, 整合数据22项快捷键9:543	数据长度是16
158706, 整合数据23项快捷键10:544	数据长度是16
158706, 整合数据24项快捷键11:545	数据长度是16
158706, 整合数据25项快捷键12:546	数据长度是16
158706, 整合数据26项快捷键13:547	数据长度是16
158706, 整合数据27项快捷键14:548	数据长度是16
158706, 整合数据28项快捷键15:549	数据长度是16
158706, 整合数据29项快捷键16:573	数据长度是16
158706, 整合数据30项快捷键17:555	数据长度是16
158706, 整合数据31项快捷键18:568	数据长度是16
158706, 整合数据32项是否显示刀光:1	数据长度是1
158706, 整合数据33项显示刀光编号:7	数据长度是8
158706, 整合数据34项不显示翅膀:0	数据长度是1
158706, 整合数据35项显示翅膀编号:4	数据长度是8
158706, 整合数据36项孔明灯:0	数据长度是8
158706, 整合数据37项免控表现:1	数据长度是8
158706, 整合数据38项窗口锁定:0	数据长度是8
158706, 整合数据39项打孔明灯:0	数据长度是8
158706, 整合数据40项小地图头像:0	数据长度是8
158706, 整合数据41项画笔库6:0	数据长度是8
158706, 整合数据42项画笔库7:0	数据长度是8
158706, 整合数据43项画笔库8:0	数据长度是8
158706, 整合数据44项会员功能1:1	数据长度是1
158706, 整合数据45项会员功能2:1	数据长度是1
158706, 整合数据46项会员功能3:1	数据长度是1
158706, 整合数据47项会员功能4:1	数据长度是1
158706, 整合数据48项会员功能5:1	数据长度是1
158706, 整合数据49项会员功能6:1	数据长度是1
158706, 整合数据50项会员功能7:1	数据长度是1
158706, 整合数据51项会员功能8:1	数据长度是1
158706, 整合数据52项新商店左侧扩展面板:1	数据长度是1
158706, 整合数据53项新商店上部扩展面板:1	数据长度是1
158706, 整合数据54项新商店购买方式:0	数据长度是1
158706, 整合数据55项新商店商店模式:1	数据长度是1
158706, 整合数据56项预扣血模式:0	数据长度是1
158706, 整合数据57项回城特效:0	数据长度是8
158706, 整合数据1项画质:1	数据长度是1
158706, 整合数据2项滚屏速度:12	数据长度是8
158706, 整合数据3项更新内容面板开关:0	数据长度是1
158706, 整合数据4项游戏版本号:1696	数据长度是16
158706, 整合数据5项语音:0	数据长度是1
158706, 整合数据6项音响:0	数据长度是1
158706, 整合数据7项麦克风:0	数据长度是1
158706, 整合数据8项音响大小:0	数据长度是8
158706, 整合数据9项麦克风大小:0	数据长度是8
158706, 整合数据10项未知:1	数据长度是1
158706, 整合数据11项光照:100	数据长度是8
158706, 整合数据12项新F11面板模式:0	数据长度是1
158706, 整合数据13项血条区分敌我:1	数据长度是1
158706, 整合数据14项快捷键1:41	数据长度是16
158706, 整合数据15项快捷键2:43	数据长度是16
158706, 整合数据16项快捷键3:61	数据长度是16
158706, 整合数据17项快捷键4:42	数据长度是16
158706, 整合数据18项快捷键5:56	数据长度是16
158706, 整合数据19项快捷键6:53	数据长度是16
158706, 整合数据20项快捷键7:541	数据长度是16
158706, 整合数据21项快捷键8:542	数据长度是16
158706, 整合数据22项快捷键9:543	数据长度是16
158706, 整合数据23项快捷键10:544	数据长度是16
158706, 整合数据24项快捷键11:545	数据长度是16
158706, 整合数据25项快捷键12:44	数据长度是16
158706, 整合数据26项快捷键13:55	数据长度是16
158706, 整合数据27项快捷键14:62	数据长度是16
158706, 整合数据28项快捷键15:64	数据长度是16
158706, 整合数据29项快捷键16:573	数据长度是16
158706, 整合数据30项快捷键17:555	数据长度是16
158706, 整合数据31项快捷键18:568	数据长度是16
158706, 整合数据32项是否显示刀光:1	数据长度是1
158706, 整合数据33项显示刀光编号:8	数据长度是8
158706, 整合数据34项不显示翅膀:1	数据长度是1
158706, 整合数据35项显示翅膀编号:0	数据长度是8
158706, 整合数据36项孔明灯:0	数据长度是8
158706, 整合数据37项免控表现:0	数据长度是8
158706, 整合数据38项窗口锁定:0	数据长度是8
158706, 整合数据39项打孔明灯:0	数据长度是8
158706, 整合数据40项小地图头像:0	数据长度是8
158706, 整合数据41项画笔库6:0	数据长度是8
158706, 整合数据42项画笔库7:0	数据长度是8
158706, 整合数据43项画笔库8:0	数据长度是8
158706, 整合数据44项会员功能1:1	数据长度是1
158706, 整合数据45项会员功能2:1	数据长度是1
158706, 整合数据46项会员功能3:0	数据长度是1
158706, 整合数据47项会员功能4:1	数据长度是1
158706, 整合数据48项会员功能5:1	数据长度是1
158706, 整合数据49项会员功能6:1	数据长度是1
158706, 整合数据50项会员功能7:1	数据长度是1
158706, 整合数据51项会员功能8:1	数据长度是1
158706, 整合数据52项新商店左侧扩展面板:1	数据长度是1
158706, 整合数据53项新商店上部扩展面板:1	数据长度是1
158706, 整合数据54项新商店购买方式:0	数据长度是1
158706, 整合数据55项新商店商店模式:1	数据长度是1
158706, 整合数据56项预扣血模式:1	数据长度是1
158706, 整合数据57项回城特效:0	数据长度是8
158706, 整合数据1项画质:1	数据长度是1
158706, 整合数据2项滚屏速度:9	数据长度是8
158706, 整合数据3项更新内容面板开关:0	数据长度是1
158706, 整合数据4项游戏版本号:1696	数据长度是16
158706, 整合数据5项语音:0	数据长度是1
158706, 整合数据6项音响:0	数据长度是1
158706, 整合数据7项麦克风:0	数据长度是1
158706, 整合数据8项音响大小:4	数据长度是8
158706, 整合数据9项麦克风大小:0	数据长度是8
158706, 整合数据10项未知:1	数据长度是1
158706, 整合数据11项光照:99	数据长度是8
158706, 整合数据12项新F11面板模式:1	数据长度是1
158706, 整合数据13项血条区分敌我:1	数据长度是1
158706, 整合数据14项快捷键1:41	数据长度是16
158706, 整合数据15项快捷键2:43	数据长度是16
158706, 整合数据16项快捷键3:61	数据长度是16
158706, 整合数据17项快捷键4:42	数据长度是16
158706, 整合数据18项快捷键5:56	数据长度是16
158706, 整合数据19项快捷键6:53	数据长度是16
158706, 整合数据20项快捷键7:541	数据长度是16
158706, 整合数据21项快捷键8:542	数据长度是16
158706, 整合数据22项快捷键9:543	数据长度是16
158706, 整合数据23项快捷键10:544	数据长度是16
158706, 整合数据24项快捷键11:545	数据长度是16
158706, 整合数据25项快捷键12:546	数据长度是16
158706, 整合数据26项快捷键13:547	数据长度是16
158706, 整合数据27项快捷键14:44	数据长度是16
158706, 整合数据28项快捷键15:45	数据长度是16
158706, 整合数据29项快捷键16:62	数据长度是16
158706, 整合数据30项快捷键17:64	数据长度是16
158706, 整合数据31项快捷键18:568	数据长度是16
158706, 整合数据32项是否显示刀光:1	数据长度是1
158706, 整合数据33项显示刀光编号:12	数据长度是8
158706, 整合数据34项不显示翅膀:0	数据长度是1
158706, 整合数据35项显示翅膀编号:4	数据长度是8
158706, 整合数据36项孔明灯:0	数据长度是8
158706, 整合数据37项免控表现:0	数据长度是8
158706, 整合数据38项窗口锁定:0	数据长度是8
158706, 整合数据39项打孔明灯:0	数据长度是8
158706, 整合数据40项小地图头像:0	数据长度是8
158706, 整合数据41项画笔库6:0	数据长度是8
158706, 整合数据42项画笔库7:0	数据长度是8
158706, 整合数据43项画笔库8:0	数据长度是8
158706, 整合数据44项会员功能1:1	数据长度是1
158706, 整合数据45项会员功能2:1	数据长度是1
158706, 整合数据46项会员功能3:1	数据长度是1
158706, 整合数据47项会员功能4:1	数据长度是1
158706, 整合数据48项会员功能5:1	数据长度是1
158706, 整合数据49项会员功能6:1	数据长度是1
158706, 整合数据50项会员功能7:1	数据长度是1
158706, 整合数据51项会员功能8:1	数据长度是1
158706, 整合数据52项新商店左侧扩展面板:1	数据长度是1
158706, 整合数据53项新商店上部扩展面板:1	数据长度是1
158706, 整合数据54项新商店购买方式:0	数据长度是1
158706, 整合数据55项新商店商店模式:1	数据长度是1
158706, 整合数据56项预扣血模式:0	数据长度是1
158706, 整合数据57项回城特效:14	数据长度是8
158706, 整合数据1项画质:1	数据长度是1
158706, 整合数据2项滚屏速度:29	数据长度是8
158706, 整合数据3项更新内容面板开关:1	数据长度是1
158706, 整合数据4项游戏版本号:1696	数据长度是16
158706, 整合数据5项语音:0	数据长度是1
158706, 整合数据6项音响:0	数据长度是1
158706, 整合数据7项麦克风:0	数据长度是1
158706, 整合数据8项音响大小:0	数据长度是8
158706, 整合数据9项麦克风大小:0	数据长度是8
158706, 整合数据10项未知:1	数据长度是1
158706, 整合数据11项光照:100	数据长度是8
158706, 整合数据12项新F11面板模式:1	数据长度是1
158706, 整合数据13项血条区分敌我:1	数据长度是1
158706, 整合数据14项快捷键1:41	数据长度是16
158706, 整合数据15项快捷键2:43	数据长度是16
158706, 整合数据16项快捷键3:61	数据长度是16
158706, 整合数据17项快捷键4:42	数据长度是16
158706, 整合数据18项快捷键5:56	数据长度是16
158706, 整合数据19项快捷键6:53	数据长度是16
158706, 整合数据20项快捷键7:541	数据长度是16
158706, 整合数据21项快捷键8:542	数据长度是16
158706, 整合数据22项快捷键9:543	数据长度是16
158706, 整合数据23项快捷键10:44	数据长度是16
158706, 整合数据24项快捷键11:45	数据长度是16
158706, 整合数据25项快捷键12:64	数据长度是16
158706, 整合数据26项快捷键13:547	数据长度是16
158706, 整合数据27项快捷键14:548	数据长度是16
158706, 整合数据28项快捷键15:549	数据长度是16
158706, 整合数据29项快捷键16:557	数据长度是16
158706, 整合数据30项快捷键17:556	数据长度是16
158706, 整合数据31项快捷键18:568	数据长度是16
158706, 整合数据32项是否显示刀光:1	数据长度是1
158706, 整合数据33项显示刀光编号:8	数据长度是8
158706, 整合数据34项不显示翅膀:0	数据长度是1
158706, 整合数据35项显示翅膀编号:1	数据长度是8
158706, 整合数据36项孔明灯:0	数据长度是8
158706, 整合数据37项免控表现:0	数据长度是8
158706, 整合数据38项窗口锁定:0	数据长度是8
158706, 整合数据39项打孔明灯:0	数据长度是8
158706, 整合数据40项小地图头像:0	数据长度是8
158706, 整合数据41项画笔库6:0	数据长度是8
158706, 整合数据42项画笔库7:0	数据长度是8
158706, 整合数据43项画笔库8:0	数据长度是8
158706, 整合数据44项会员功能1:1	数据长度是1
158706, 整合数据45项会员功能2:1	数据长度是1
158706, 整合数据46项会员功能3:1	数据长度是1
158706, 整合数据47项会员功能4:1	数据长度是1
158706, 整合数据48项会员功能5:1	数据长度是1
158706, 整合数据49项会员功能6:1	数据长度是1
158706, 整合数据50项会员功能7:1	数据长度是1
158706, 整合数据51项会员功能8:1	数据长度是1
158706, 整合数据52项新商店左侧扩展面板:1	数据长度是1
158706, 整合数据53项新商店上部扩展面板:1	数据长度是1
158706, 整合数据54项新商店购买方式:1	数据长度是1
158706, 整合数据55项新商店商店模式:0	数据长度是1
158706, 整合数据56项预扣血模式:0	数据长度是1
158706, 整合数据57项回城特效:0	数据长度是8
158706, 整合数据1项画质:1	数据长度是1
158706, 整合数据2项滚屏速度:8	数据长度是8
158706, 整合数据3项更新内容面板开关:0	数据长度是1
158706, 整合数据4项游戏版本号:1696	数据长度是16
158706, 整合数据5项语音:0	数据长度是1
158706, 整合数据6项音响:0	数据长度是1
158706, 整合数据7项麦克风:0	数据长度是1
158706, 整合数据8项音响大小:0	数据长度是8
158706, 整合数据9项麦克风大小:0	数据长度是8
158706, 整合数据10项未知:1	数据长度是1
158706, 整合数据11项光照:88	数据长度是8
158706, 整合数据12项新F11面板模式:1	数据长度是1
158706, 整合数据13项血条区分敌我:1	数据长度是1
158706, 整合数据14项快捷键1:41	数据长度是16
158706, 整合数据15项快捷键2:43	数据长度是16
158706, 整合数据16项快捷键3:61	数据长度是16
158706, 整合数据17项快捷键4:42	数据长度是16
158706, 整合数据18项快捷键5:56	数据长度是16
158706, 整合数据19项快捷键6:53	数据长度是16
158706, 整合数据20项快捷键7:541	数据长度是16
158706, 整合数据21项快捷键8:542	数据长度是16
158706, 整合数据22项快捷键9:543	数据长度是16
158706, 整合数据23项快捷键10:544	数据长度是16
158706, 整合数据24项快捷键11:545	数据长度是16
158706, 整合数据25项快捷键12:546	数据长度是16
158706, 整合数据26项快捷键13:44	数据长度是16
158706, 整合数据27项快捷键14:548	数据长度是16
158706, 整合数据28项快捷键15:549	数据长度是16
158706, 整合数据29项快捷键16:567	数据长度是16
158706, 整合数据30项快捷键17:555	数据长度是16
158706, 整合数据31项快捷键18:568	数据长度是16
158706, 整合数据32项是否显示刀光:1	数据长度是1
158706, 整合数据33项显示刀光编号:3	数据长度是8
158706, 整合数据34项不显示翅膀:0	数据长度是1
158706, 整合数据35项显示翅膀编号:5	数据长度是8
158706, 整合数据36项孔明灯:0	数据长度是8
158706, 整合数据37项免控表现:0	数据长度是8
158706, 整合数据38项窗口锁定:0	数据长度是8
158706, 整合数据39项打孔明灯:0	数据长度是8
158706, 整合数据40项小地图头像:0	数据长度是8
158706, 整合数据41项画笔库6:0	数据长度是8
158706, 整合数据42项画笔库7:0	数据长度是8
158706, 整合数据43项画笔库8:0	数据长度是8
158706, 整合数据44项会员功能1:1	数据长度是1
158706, 整合数据45项会员功能2:1	数据长度是1
158706, 整合数据46项会员功能3:1	数据长度是1
158706, 整合数据47项会员功能4:1	数据长度是1
158706, 整合数据48项会员功能5:1	数据长度是1
158706, 整合数据49项会员功能6:1	数据长度是1
158706, 整合数据50项会员功能7:1	数据长度是1
158706, 整合数据51项会员功能8:1	数据长度是1
158706, 整合数据52项新商店左侧扩展面板:1	数据长度是1
158706, 整合数据53项新商店上部扩展面板:1	数据长度是1
158706, 整合数据54项新商店购买方式:0	数据长度是1
158706, 整合数据55项新商店商店模式:0	数据长度是1
158706, 整合数据56项预扣血模式:0	数据长度是1
158706, 整合数据57项回城特效:10	数据长度是8
158706, 整合数据1项画质:1	数据长度是1
158706, 整合数据2项滚屏速度:11	数据长度是8
158706, 整合数据3项更新内容面板开关:0	数据长度是1
158706, 整合数据4项游戏版本号:1696	数据长度是16
158706, 整合数据5项语音:0	数据长度是1
158706, 整合数据6项音响:0	数据长度是1
158706, 整合数据7项麦克风:0	数据长度是1
158706, 整合数据8项音响大小:0	数据长度是8
158706, 整合数据9项麦克风大小:0	数据长度是8
158706, 整合数据10项未知:1	数据长度是1
158706, 整合数据11项光照:99	数据长度是8
158706, 整合数据12项新F11面板模式:0	数据长度是1
158706, 整合数据13项血条区分敌我:0	数据长度是1
158706, 整合数据14项快捷键1:41	数据长度是16
158706, 整合数据15项快捷键2:43	数据长度是16
158706, 整合数据16项快捷键3:61	数据长度是16
158706, 整合数据17项快捷键4:42	数据长度是16
158706, 整合数据18项快捷键5:62	数据长度是16
158706, 整合数据19项快捷键6:0	数据长度是16
158706, 整合数据20项快捷键7:541	数据长度是16
158706, 整合数据21项快捷键8:542	数据长度是16
158706, 整合数据22项快捷键9:543	数据长度是16
158706, 整合数据23项快捷键10:44	数据长度是16
158706, 整合数据24项快捷键11:45	数据长度是16
158706, 整合数据25项快捷键12:546	数据长度是16
158706, 整合数据26项快捷键13:547	数据长度是16
158706, 整合数据27项快捷键14:64	数据长度是16
158706, 整合数据28项快捷键15:549	数据长度是16
158706, 整合数据29项快捷键16:573	数据长度是16
158706, 整合数据30项快捷键17:555	数据长度是16
158706, 整合数据31项快捷键18:568	数据长度是16
158706, 整合数据32项是否显示刀光:1	数据长度是1
158706, 整合数据33项显示刀光编号:20	数据长度是8
158706, 整合数据34项不显示翅膀:0	数据长度是1
158706, 整合数据35项显示翅膀编号:4	数据长度是8
158706, 整合数据36项孔明灯:0	数据长度是8
158706, 整合数据37项免控表现:0	数据长度是8
158706, 整合数据38项窗口锁定:0	数据长度是8
158706, 整合数据39项打孔明灯:0	数据长度是8
158706, 整合数据40项小地图头像:0	数据长度是8
158706, 整合数据41项画笔库6:0	数据长度是8
158706, 整合数据42项画笔库7:0	数据长度是8
158706, 整合数据43项画笔库8:0	数据长度是8
158706, 整合数据44项会员功能1:1	数据长度是1
158706, 整合数据45项会员功能2:1	数据长度是1
158706, 整合数据46项会员功能3:1	数据长度是1
158706, 整合数据47项会员功能4:1	数据长度是1
158706, 整合数据48项会员功能5:1	数据长度是1
158706, 整合数据49项会员功能6:1	数据长度是1
158706, 整合数据50项会员功能7:1	数据长度是1
158706, 整合数据51项会员功能8:1	数据长度是1
158706, 整合数据52项新商店左侧扩展面板:1	数据长度是1
158706, 整合数据53项新商店上部扩展面板:1	数据长度是1
158706, 整合数据54项新商店购买方式:0	数据长度是1
158706, 整合数据55项新商店商店模式:1	数据长度是1
158706, 整合数据56项预扣血模式:0	数据长度是1
158706, 整合数据57项回城特效:5	数据长度是8
158706, 整合数据1项画质:1	数据长度是1
158706, 整合数据2项滚屏速度:27	数据长度是8
158706, 整合数据3项更新内容面板开关:0	数据长度是1
158706, 整合数据4项游戏版本号:1696	数据长度是16
158706, 整合数据5项语音:0	数据长度是1
158706, 整合数据6项音响:0	数据长度是1
158706, 整合数据7项麦克风:0	数据长度是1
158706, 整合数据8项音响大小:0	数据长度是8
158706, 整合数据9项麦克风大小:0	数据长度是8
158706, 整合数据10项未知:1	数据长度是1
158706, 整合数据11项光照:99	数据长度是8
158706, 整合数据12项新F11面板模式:1	数据长度是1
158706, 整合数据13项血条区分敌我:1	数据长度是1
158706, 整合数据14项快捷键1:41	数据长度是16
158706, 整合数据15项快捷键2:44	数据长度是16
158706, 整合数据16项快捷键3:61	数据长度是16
158706, 整合数据17项快捷键4:45	数据长度是16
158706, 整合数据18项快捷键5:0	数据长度是16
158706, 整合数据19项快捷键6:53	数据长度是16
158706, 整合数据20项快捷键7:40	数据长度是16
158706, 整合数据21项快捷键8:52	数据长度是16
158706, 整合数据22项快捷键9:56	数据长度是16
158706, 整合数据23项快捷键10:0	数据长度是16
158706, 整合数据24项快捷键11:545	数据长度是16
158706, 整合数据25项快捷键12:546	数据长度是16
158706, 整合数据26项快捷键13:547	数据长度是16
158706, 整合数据27项快捷键14:548	数据长度是16
158706, 整合数据28项快捷键15:549	数据长度是16
158706, 整合数据29项快捷键16:573	数据长度是16
158706, 整合数据30项快捷键17:555	数据长度是16
158706, 整合数据31项快捷键18:568	数据长度是16
158706, 整合数据32项是否显示刀光:1	数据长度是1
158706, 整合数据33项显示刀光编号:25	数据长度是8
158706, 整合数据34项不显示翅膀:0	数据长度是1
158706, 整合数据35项显示翅膀编号:8	数据长度是8
158706, 整合数据36项孔明灯:0	数据长度是8
158706, 整合数据37项免控表现:0	数据长度是8
158706, 整合数据38项窗口锁定:0	数据长度是8
158706, 整合数据39项打孔明灯:0	数据长度是8
158706, 整合数据40项小地图头像:3	数据长度是8
158706, 整合数据41项画笔库6:0	数据长度是8
158706, 整合数据42项画笔库7:0	数据长度是8
158706, 整合数据43项画笔库8:0	数据长度是8
158706, 整合数据44项会员功能1:1	数据长度是1
158706, 整合数据45项会员功能2:1	数据长度是1
158706, 整合数据46项会员功能3:1	数据长度是1
158706, 整合数据47项会员功能4:1	数据长度是1
158706, 整合数据48项会员功能5:1	数据长度是1
158706, 整合数据49项会员功能6:1	数据长度是1
158706, 整合数据50项会员功能7:1	数据长度是1
158706, 整合数据51项会员功能8:1	数据长度是1
158706, 整合数据52项新商店左侧扩展面板:1	数据长度是1
158706, 整合数据53项新商店上部扩展面板:1	数据长度是1
158706, 整合数据54项新商店购买方式:0	数据长度是1
158706, 整合数据55项新商店商店模式:1	数据长度是1
158706, 整合数据56项预扣血模式:0	数据长度是1
158706, 整合数据57项回城特效:0	数据长度是8
158706, 整合数据1项画质:1	数据长度是1
158706, 整合数据2项滚屏速度:24	数据长度是8
158706, 整合数据3项更新内容面板开关:0	数据长度是1
158706, 整合数据4项游戏版本号:1696	数据长度是16
158706, 整合数据5项语音:0	数据长度是1
158706, 整合数据6项音响:0	数据长度是1
158706, 整合数据7项麦克风:0	数据长度是1
158706, 整合数据8项音响大小:0	数据长度是8
158706, 整合数据9项麦克风大小:0	数据长度是8
158706, 整合数据10项未知:1	数据长度是1
158706, 整合数据11项光照:99	数据长度是8
158706, 整合数据12项新F11面板模式:1	数据长度是1
158706, 整合数据13项血条区分敌我:1	数据长度是1
158706, 整合数据14项快捷键1:41	数据长度是16
158706, 整合数据15项快捷键2:43	数据长度是16
158706, 整合数据16项快捷键3:61	数据长度是16
158706, 整合数据17项快捷键4:42	数据长度是16
158706, 整合数据18项快捷键5:56	数据长度是16
158706, 整合数据19项快捷键6:53	数据长度是16
158706, 整合数据20项快捷键7:541	数据长度是16
158706, 整合数据21项快捷键8:542	数据长度是16
158706, 整合数据22项快捷键9:543	数据长度是16
158706, 整合数据23项快捷键10:544	数据长度是16
158706, 整合数据24项快捷键11:545	数据长度是16
158706, 整合数据25项快捷键12:546	数据长度是16
158706, 整合数据26项快捷键13:547	数据长度是16
158706, 整合数据27项快捷键14:548	数据长度是16
158706, 整合数据28项快捷键15:549	数据长度是16
158706, 整合数据29项快捷键16:573	数据长度是16
158706, 整合数据30项快捷键17:555	数据长度是16
158706, 整合数据31项快捷键18:568	数据长度是16
158706, 整合数据32项是否显示刀光:1	数据长度是1
158706, 整合数据33项显示刀光编号:14	数据长度是8
158706, 整合数据34项不显示翅膀:0	数据长度是1
158706, 整合数据35项显示翅膀编号:5	数据长度是8
158706, 整合数据36项孔明灯:0	数据长度是8
158706, 整合数据37项免控表现:0	数据长度是8
158706, 整合数据38项窗口锁定:0	数据长度是8
158706, 整合数据39项打孔明灯:0	数据长度是8
158706, 整合数据40项小地图头像:0	数据长度是8
158706, 整合数据41项画笔库6:0	数据长度是8
158706, 整合数据42项画笔库7:0	数据长度是8
158706, 整合数据43项画笔库8:0	数据长度是8
158706, 整合数据44项会员功能1:1	数据长度是1
158706, 整合数据45项会员功能2:1	数据长度是1
158706, 整合数据46项会员功能3:1	数据长度是1
158706, 整合数据47项会员功能4:1	数据长度是1
158706, 整合数据48项会员功能5:1	数据长度是1
158706, 整合数据49项会员功能6:1	数据长度是1
158706, 整合数据50项会员功能7:1	数据长度是1
158706, 整合数据51项会员功能8:1	数据长度是1
158706, 整合数据52项新商店左侧扩展面板:1	数据长度是1
158706, 整合数据53项新商店上部扩展面板:1	数据长度是1
158706, 整合数据54项新商店购买方式:0	数据长度是1
158706, 整合数据55项新商店商店模式:0	数据长度是1
158706, 整合数据56项预扣血模式:0	数据长度是1
158706, 整合数据57项回城特效:5	数据长度是8
158706, 整合数据1项画质:1	数据长度是1
158706, 整合数据2项滚屏速度:20	数据长度是8
158706, 整合数据3项更新内容面板开关:0	数据长度是1
158706, 整合数据4项游戏版本号:1696	数据长度是16
158706, 整合数据5项语音:0	数据长度是1
158706, 整合数据6项音响:0	数据长度是1
158706, 整合数据7项麦克风:0	数据长度是1
158706, 整合数据8项音响大小:0	数据长度是8
158706, 整合数据9项麦克风大小:0	数据长度是8
158706, 整合数据10项未知:1	数据长度是1
158706, 整合数据11项光照:99	数据长度是8
158706, 整合数据12项新F11面板模式:1	数据长度是1
158706, 整合数据13项血条区分敌我:1	数据长度是1
158706, 整合数据14项快捷键1:41	数据长度是16
158706, 整合数据15项快捷键2:43	数据长度是16
158706, 整合数据16项快捷键3:61	数据长度是16
158706, 整合数据17项快捷键4:42	数据长度是16
158706, 整合数据18项快捷键5:56	数据长度是16
158706, 整合数据19项快捷键6:53	数据长度是16
158706, 整合数据20项快捷键7:541	数据长度是16
158706, 整合数据21项快捷键8:542	数据长度是16
158706, 整合数据22项快捷键9:543	数据长度是16
158706, 整合数据23项快捷键10:544	数据长度是16
158706, 整合数据24项快捷键11:545	数据长度是16
158706, 整合数据25项快捷键12:546	数据长度是16
158706, 整合数据26项快捷键13:547	数据长度是16
158706, 整合数据27项快捷键14:548	数据长度是16
158706, 整合数据28项快捷键15:549	数据长度是16
158706, 整合数据29项快捷键16:573	数据长度是16
158706, 整合数据30项快捷键17:555	数据长度是16
158706, 整合数据31项快捷键18:568	数据长度是16
158706, 整合数据32项是否显示刀光:1	数据长度是1
158706, 整合数据33项显示刀光编号:1	数据长度是8
158706, 整合数据34项不显示翅膀:0	数据长度是1
158706, 整合数据35项显示翅膀编号:1	数据长度是8
158706, 整合数据36项孔明灯:0	数据长度是8
158706, 整合数据37项免控表现:1	数据长度是8
158706, 整合数据38项窗口锁定:0	数据长度是8
158706, 整合数据39项打孔明灯:0	数据长度是8
158706, 整合数据40项小地图头像:1	数据长度是8
158706, 整合数据41项画笔库6:0	数据长度是8
158706, 整合数据42项画笔库7:0	数据长度是8
158706, 整合数据43项画笔库8:0	数据长度是8
158706, 整合数据44项会员功能1:1	数据长度是1
158706, 整合数据45项会员功能2:1	数据长度是1
158706, 整合数据46项会员功能3:1	数据长度是1
158706, 整合数据47项会员功能4:1	数据长度是1
158706, 整合数据48项会员功能5:1	数据长度是1
158706, 整合数据49项会员功能6:1	数据长度是1
158706, 整合数据50项会员功能7:1	数据长度是1
158706, 整合数据51项会员功能8:1	数据长度是1
158706, 整合数据52项新商店左侧扩展面板:1	数据长度是1
158706, 整合数据53项新商店上部扩展面板:1	数据长度是1
158706, 整合数据54项新商店购买方式:0	数据长度是1
158706, 整合数据55项新商店商店模式:1	数据长度是1
158706, 整合数据56项预扣血模式:0	数据长度是1
158706, 整合数据57项回城特效:0	数据长度是8
158706, 整合数据1项画质:1	数据长度是1
158706, 整合数据2项滚屏速度:20	数据长度是8
158706, 整合数据3项更新内容面板开关:0	数据长度是1
158706, 整合数据4项游戏版本号:1696	数据长度是16
158706, 整合数据5项语音:0	数据长度是1
158706, 整合数据6项音响:0	数据长度是1
158706, 整合数据7项麦克风:0	数据长度是1
158706, 整合数据8项音响大小:0	数据长度是8
158706, 整合数据9项麦克风大小:0	数据长度是8
158706, 整合数据10项未知:1	数据长度是1
158706, 整合数据11项光照:99	数据长度是8
158706, 整合数据12项新F11面板模式:1	数据长度是1
158706, 整合数据13项血条区分敌我:1	数据长度是1
158706, 整合数据14项快捷键1:41	数据长度是16
158706, 整合数据15项快捷键2:43	数据长度是16
158706, 整合数据16项快捷键3:61	数据长度是16
158706, 整合数据17项快捷键4:42	数据长度是16
158706, 整合数据18项快捷键5:56	数据长度是16
158706, 整合数据19项快捷键6:53	数据长度是16
158706, 整合数据20项快捷键7:541	数据长度是16
158706, 整合数据21项快捷键8:542	数据长度是16
158706, 整合数据22项快捷键9:543	数据长度是16
158706, 整合数据23项快捷键10:544	数据长度是16
158706, 整合数据24项快捷键11:545	数据长度是16
158706, 整合数据25项快捷键12:546	数据长度是16
158706, 整合数据26项快捷键13:547	数据长度是16
158706, 整合数据27项快捷键14:548	数据长度是16
158706, 整合数据28项快捷键15:549	数据长度是16
158706, 整合数据29项快捷键16:573	数据长度是16
158706, 整合数据30项快捷键17:555	数据长度是16
158706, 整合数据31项快捷键18:568	数据长度是16
158706, 整合数据32项是否显示刀光:1	数据长度是1
158706, 整合数据33项显示刀光编号:13	数据长度是8
158706, 整合数据34项不显示翅膀:1	数据长度是1
158706, 整合数据35项显示翅膀编号:0	数据长度是8
158706, 整合数据36项孔明灯:0	数据长度是8
158706, 整合数据37项免控表现:0	数据长度是8
158706, 整合数据38项窗口锁定:0	数据长度是8
158706, 整合数据39项打孔明灯:0	数据长度是8
158706, 整合数据40项小地图头像:3	数据长度是8
158706, 整合数据41项画笔库6:0	数据长度是8
158706, 整合数据42项画笔库7:0	数据长度是8
158706, 整合数据43项画笔库8:0	数据长度是8
158706, 整合数据44项会员功能1:1	数据长度是1
158706, 整合数据45项会员功能2:1	数据长度是1
158706, 整合数据46项会员功能3:1	数据长度是1
158706, 整合数据47项会员功能4:1	数据长度是1
158706, 整合数据48项会员功能5:1	数据长度是1
158706, 整合数据49项会员功能6:1	数据长度是1
158706, 整合数据50项会员功能7:1	数据长度是1
158706, 整合数据51项会员功能8:1	数据长度是1
158706, 整合数据52项新商店左侧扩展面板:1	数据长度是1
158706, 整合数据53项新商店上部扩展面板:1	数据长度是1
158706, 整合数据54项新商店购买方式:0	数据长度是1
158706, 整合数据55项新商店商店模式:0	数据长度是1
158706, 整合数据56项预扣血模式:0	数据长度是1
158706, 整合数据57项回城特效:0	数据长度是8
158706, 整合数据1项画质:1	数据长度是1
158706, 整合数据2项滚屏速度:20	数据长度是8
158706, 整合数据3项更新内容面板开关:0	数据长度是1
158706, 整合数据4项游戏版本号:1696	数据长度是16
158706, 整合数据5项语音:0	数据长度是1
158706, 整合数据6项音响:0	数据长度是1
158706, 整合数据7项麦克风:0	数据长度是1
158706, 整合数据8项音响大小:0	数据长度是8
158706, 整合数据9项麦克风大小:0	数据长度是8
158706, 整合数据10项未知:1	数据长度是1
158706, 整合数据11项光照:97	数据长度是8
158706, 整合数据12项新F11面板模式:1	数据长度是1
158706, 整合数据13项血条区分敌我:1	数据长度是1
158706, 整合数据14项快捷键1:41	数据长度是16
158706, 整合数据15项快捷键2:43	数据长度是16
158706, 整合数据16项快捷键3:61	数据长度是16
158706, 整合数据17项快捷键4:42	数据长度是16
158706, 整合数据18项快捷键5:56	数据长度是16
158706, 整合数据19项快捷键6:53	数据长度是16
158706, 整合数据20项快捷键7:541	数据长度是16
158706, 整合数据21项快捷键8:542	数据长度是16
158706, 整合数据22项快捷键9:543	数据长度是16
158706, 整合数据23项快捷键10:544	数据长度是16
158706, 整合数据24项快捷键11:545	数据长度是16
158706, 整合数据25项快捷键12:546	数据长度是16
158706, 整合数据26项快捷键13:547	数据长度是16
158706, 整合数据27项快捷键14:548	数据长度是16
158706, 整合数据28项快捷键15:549	数据长度是16
158706, 整合数据29项快捷键16:573	数据长度是16
158706, 整合数据30项快捷键17:555	数据长度是16
158706, 整合数据31项快捷键18:568	数据长度是16
158706, 整合数据32项是否显示刀光:1	数据长度是1
158706, 整合数据33项显示刀光编号:1	数据长度是8
158706, 整合数据34项不显示翅膀:1	数据长度是1
158706, 整合数据35项显示翅膀编号:0	数据长度是8
158706, 整合数据36项孔明灯:0	数据长度是8
158706, 整合数据37项免控表现:0	数据长度是8
158706, 整合数据38项窗口锁定:0	数据长度是8
158706, 整合数据39项打孔明灯:0	数据长度是8
158706, 整合数据40项小地图头像:3	数据长度是8
158706, 整合数据41项画笔库6:0	数据长度是8
158706, 整合数据42项画笔库7:0	数据长度是8
158706, 整合数据43项画笔库8:0	数据长度是8
158706, 整合数据44项会员功能1:1	数据长度是1
158706, 整合数据45项会员功能2:1	数据长度是1
158706, 整合数据46项会员功能3:1	数据长度是1
158706, 整合数据47项会员功能4:1	数据长度是1
158706, 整合数据48项会员功能5:1	数据长度是1
158706, 整合数据49项会员功能6:1	数据长度是1
158706, 整合数据50项会员功能7:1	数据长度是1
158706, 整合数据51项会员功能8:1	数据长度是1
158706, 整合数据52项新商店左侧扩展面板:1	数据长度是1
158706, 整合数据53项新商店上部扩展面板:1	数据长度是1
158706, 整合数据54项新商店购买方式:0	数据长度是1
158706, 整合数据55项新商店商店模式:1	数据长度是1
158706, 整合数据56项预扣血模式:0	数据长度是1
158706, 整合数据57项回城特效:0	数据长度是8
158706, 整合数据1项画质:1	数据长度是1
158706, 整合数据2项滚屏速度:15	数据长度是8
158706, 整合数据3项更新内容面板开关:0	数据长度是1
158706, 整合数据4项游戏版本号:1696	数据长度是16
158706, 整合数据5项语音:1	数据长度是1
158706, 整合数据6项音响:0	数据长度是1
158706, 整合数据7项麦克风:1	数据长度是1
158706, 整合数据8项音响大小:0	数据长度是8
158706, 整合数据9项麦克风大小:0	数据长度是8
158706, 整合数据10项未知:1	数据长度是1
158706, 整合数据11项光照:99	数据长度是8
158706, 整合数据12项新F11面板模式:1	数据长度是1
158706, 整合数据13项血条区分敌我:1	数据长度是1
158706, 整合数据14项快捷键1:41	数据长度是16
158706, 整合数据15项快捷键2:43	数据长度是16
158706, 整合数据16项快捷键3:0	数据长度是16
158706, 整合数据17项快捷键4:42	数据长度是16
158706, 整合数据18项快捷键5:56	数据长度是16
158706, 整合数据19项快捷键6:53	数据长度是16
158706, 整合数据20项快捷键7:61	数据长度是16
158706, 整合数据21项快捷键8:542	数据长度是16
158706, 整合数据22项快捷键9:543	数据长度是16
158706, 整合数据23项快捷键10:544	数据长度是16
158706, 整合数据24项快捷键11:545	数据长度是16
158706, 整合数据25项快捷键12:546	数据长度是16
158706, 整合数据26项快捷键13:547	数据长度是16
158706, 整合数据27项快捷键14:548	数据长度是16
158706, 整合数据28项快捷键15:549	数据长度是16
158706, 整合数据29项快捷键16:573	数据长度是16
158706, 整合数据30项快捷键17:555	数据长度是16
158706, 整合数据31项快捷键18:568	数据长度是16
158706, 整合数据32项是否显示刀光:1	数据长度是1
158706, 整合数据33项显示刀光编号:14	数据长度是8
158706, 整合数据34项不显示翅膀:0	数据长度是1
158706, 整合数据35项显示翅膀编号:1	数据长度是8
158706, 整合数据36项孔明灯:0	数据长度是8
158706, 整合数据37项免控表现:0	数据长度是8
158706, 整合数据38项窗口锁定:0	数据长度是8
158706, 整合数据39项打孔明灯:0	数据长度是8
158706, 整合数据40项小地图头像:3	数据长度是8
158706, 整合数据41项画笔库6:0	数据长度是8
158706, 整合数据42项画笔库7:0	数据长度是8
158706, 整合数据43项画笔库8:0	数据长度是8
158706, 整合数据44项会员功能1:1	数据长度是1
158706, 整合数据45项会员功能2:1	数据长度是1
158706, 整合数据46项会员功能3:0	数据长度是1
158706, 整合数据47项会员功能4:1	数据长度是1
158706, 整合数据48项会员功能5:1	数据长度是1
158706, 整合数据49项会员功能6:1	数据长度是1
158706, 整合数据50项会员功能7:1	数据长度是1
158706, 整合数据51项会员功能8:1	数据长度是1
158706, 整合数据52项新商店左侧扩展面板:1	数据长度是1
158706, 整合数据53项新商店上部扩展面板:1	数据长度是1
158706, 整合数据54项新商店购买方式:0	数据长度是1
158706, 整合数据55项新商店商店模式:0	数据长度是1
158706, 整合数据56项预扣血模式:1	数据长度是1
158706, 整合数据57项回城特效:8	数据长度是8
158706, 整合数据1项画质:1	数据长度是1
158706, 整合数据2项滚屏速度:20	数据长度是8
158706, 整合数据3项更新内容面板开关:0	数据长度是1
158706, 整合数据4项游戏版本号:0	数据长度是16
158706, 整合数据5项语音:0	数据长度是1
158706, 整合数据6项音响:0	数据长度是1
158706, 整合数据7项麦克风:0	数据长度是1
158706, 整合数据8项音响大小:0	数据长度是8
158706, 整合数据9项麦克风大小:0	数据长度是8
158706, 整合数据10项未知:0	数据长度是1
158706, 整合数据11项光照:99	数据长度是8
158706, 整合数据12项新F11面板模式:1	数据长度是1
158706, 整合数据13项血条区分敌我:1	数据长度是1
158706, 整合数据14项快捷键1:41	数据长度是16
158706, 整合数据15项快捷键2:43	数据长度是16
158706, 整合数据16项快捷键3:61	数据长度是16
158706, 整合数据17项快捷键4:42	数据长度是16
158706, 整合数据18项快捷键5:56	数据长度是16
158706, 整合数据19项快捷键6:53	数据长度是16
158706, 整合数据20项快捷键7:541	数据长度是16
158706, 整合数据21项快捷键8:542	数据长度是16
158706, 整合数据22项快捷键9:543	数据长度是16
158706, 整合数据23项快捷键10:544	数据长度是16
158706, 整合数据24项快捷键11:545	数据长度是16
158706, 整合数据25项快捷键12:546	数据长度是16
158706, 整合数据26项快捷键13:547	数据长度是16
158706, 整合数据27项快捷键14:548	数据长度是16
158706, 整合数据28项快捷键15:549	数据长度是16
158706, 整合数据29项快捷键16:573	数据长度是16
158706, 整合数据30项快捷键17:555	数据长度是16
158706, 整合数据31项快捷键18:568	数据长度是16
158706, 整合数据32项是否显示刀光:1	数据长度是1
158706, 整合数据33项显示刀光编号:1	数据长度是8
158706, 整合数据34项不显示翅膀:0	数据长度是1
158706, 整合数据35项显示翅膀编号:0	数据长度是8
158706, 整合数据36项孔明灯:0	数据长度是8
158706, 整合数据37项免控表现:1	数据长度是8
158706, 整合数据38项窗口锁定:0	数据长度是8
158706, 整合数据39项打孔明灯:0	数据长度是8
158706, 整合数据40项小地图头像:1	数据长度是8
158706, 整合数据41项画笔库6:0	数据长度是8
158706, 整合数据42项画笔库7:0	数据长度是8
158706, 整合数据43项画笔库8:0	数据长度是8
158706, 整合数据44项会员功能1:1	数据长度是1
158706, 整合数据45项会员功能2:1	数据长度是1
158706, 整合数据46项会员功能3:1	数据长度是1
158706, 整合数据47项会员功能4:1	数据长度是1
158706, 整合数据48项会员功能5:1	数据长度是1
158706, 整合数据49项会员功能6:1	数据长度是1
158706, 整合数据50项会员功能7:1	数据长度是1
158706, 整合数据51项会员功能8:1	数据长度是1
158706, 整合数据52项新商店左侧扩展面板:1	数据长度是1
158706, 整合数据53项新商店上部扩展面板:1	数据长度是1
158706, 整合数据54项新商店购买方式:0	数据长度是1
158706, 整合数据55项新商店商店模式:0	数据长度是1
158706, 整合数据56项预扣血模式:0	数据长度是1
158706, 整合数据57项回城特效:0	数据长度是8
158706, 整合数据1项画质:1	数据长度是1
158706, 整合数据2项滚屏速度:20	数据长度是8
158706, 整合数据3项更新内容面板开关:0	数据长度是1
158706, 整合数据4项游戏版本号:0	数据长度是16
158706, 整合数据5项语音:0	数据长度是1
158706, 整合数据6项音响:0	数据长度是1
158706, 整合数据7项麦克风:0	数据长度是1
158706, 整合数据8项音响大小:0	数据长度是8
158706, 整合数据9项麦克风大小:0	数据长度是8
158706, 整合数据10项未知:0	数据长度是1
158706, 整合数据11项光照:99	数据长度是8
158706, 整合数据12项新F11面板模式:1	数据长度是1
158706, 整合数据13项血条区分敌我:1	数据长度是1
158706, 整合数据14项快捷键1:41	数据长度是16
158706, 整合数据15项快捷键2:43	数据长度是16
158706, 整合数据16项快捷键3:61	数据长度是16
158706, 整合数据17项快捷键4:42	数据长度是16
158706, 整合数据18项快捷键5:56	数据长度是16
158706, 整合数据19项快捷键6:53	数据长度是16
158706, 整合数据20项快捷键7:541	数据长度是16
158706, 整合数据21项快捷键8:542	数据长度是16
158706, 整合数据22项快捷键9:543	数据长度是16
158706, 整合数据23项快捷键10:544	数据长度是16
158706, 整合数据24项快捷键11:545	数据长度是16
158706, 整合数据25项快捷键12:546	数据长度是16
158706, 整合数据26项快捷键13:547	数据长度是16
158706, 整合数据27项快捷键14:548	数据长度是16
158706, 整合数据28项快捷键15:549	数据长度是16
158706, 整合数据29项快捷键16:573	数据长度是16
158706, 整合数据30项快捷键17:555	数据长度是16
158706, 整合数据31项快捷键18:568	数据长度是16
158706, 整合数据32项是否显示刀光:1	数据长度是1
158706, 整合数据33项显示刀光编号:1	数据长度是8
158706, 整合数据34项不显示翅膀:0	数据长度是1
158706, 整合数据35项显示翅膀编号:0	数据长度是8
158706, 整合数据36项孔明灯:0	数据长度是8
158706, 整合数据37项免控表现:1	数据长度是8
158706, 整合数据38项窗口锁定:0	数据长度是8
158706, 整合数据39项打孔明灯:0	数据长度是8
158706, 整合数据40项小地图头像:1	数据长度是8
158706, 整合数据41项画笔库6:0	数据长度是8
158706, 整合数据42项画笔库7:0	数据长度是8
158706, 整合数据43项画笔库8:0	数据长度是8
158706, 整合数据44项会员功能1:1	数据长度是1
158706, 整合数据45项会员功能2:1	数据长度是1
158706, 整合数据46项会员功能3:1	数据长度是1
158706, 整合数据47项会员功能4:1	数据长度是1
158706, 整合数据48项会员功能5:1	数据长度是1
158706, 整合数据49项会员功能6:1	数据长度是1
158706, 整合数据50项会员功能7:1	数据长度是1
158706, 整合数据51项会员功能8:1	数据长度是1
158706, 整合数据52项新商店左侧扩展面板:1	数据长度是1
158706, 整合数据53项新商店上部扩展面板:1	数据长度是1
158706, 整合数据54项新商店购买方式:0	数据长度是1
158706, 整合数据55项新商店商店模式:0	数据长度是1
158706, 整合数据56项预扣血模式:0	数据长度是1
158706, 整合数据57项回城特效:0	数据长度是8
158706, 整合数据1项画质:1	数据长度是1
158706, 整合数据2项滚屏速度:20	数据长度是8
158706, 整合数据3项更新内容面板开关:0	数据长度是1
158706, 整合数据4项游戏版本号:0	数据长度是16
158706, 整合数据5项语音:0	数据长度是1
158706, 整合数据6项音响:0	数据长度是1
158706, 整合数据7项麦克风:0	数据长度是1
158706, 整合数据8项音响大小:0	数据长度是8
158706, 整合数据9项麦克风大小:0	数据长度是8
158706, 整合数据10项未知:0	数据长度是1
158706, 整合数据11项光照:99	数据长度是8
158706, 整合数据12项新F11面板模式:1	数据长度是1
158706, 整合数据13项血条区分敌我:1	数据长度是1
158706, 整合数据14项快捷键1:41	数据长度是16
158706, 整合数据15项快捷键2:43	数据长度是16
158706, 整合数据16项快捷键3:61	数据长度是16
158706, 整合数据17项快捷键4:42	数据长度是16
158706, 整合数据18项快捷键5:56	数据长度是16
158706, 整合数据19项快捷键6:53	数据长度是16
158706, 整合数据20项快捷键7:541	数据长度是16
158706, 整合数据21项快捷键8:542	数据长度是16
158706, 整合数据22项快捷键9:543	数据长度是16
158706, 整合数据23项快捷键10:544	数据长度是16
158706, 整合数据24项快捷键11:545	数据长度是16
158706, 整合数据25项快捷键12:546	数据长度是16
158706, 整合数据26项快捷键13:547	数据长度是16
158706, 整合数据27项快捷键14:548	数据长度是16
158706, 整合数据28项快捷键15:549	数据长度是16
158706, 整合数据29项快捷键16:573	数据长度是16
158706, 整合数据30项快捷键17:555	数据长度是16
158706, 整合数据31项快捷键18:568	数据长度是16
158706, 整合数据32项是否显示刀光:1	数据长度是1
158706, 整合数据33项显示刀光编号:1	数据长度是8
158706, 整合数据34项不显示翅膀:0	数据长度是1
158706, 整合数据35项显示翅膀编号:0	数据长度是8
158706, 整合数据36项孔明灯:0	数据长度是8
158706, 整合数据37项免控表现:1	数据长度是8
158706, 整合数据38项窗口锁定:0	数据长度是8
158706, 整合数据39项打孔明灯:0	数据长度是8
158706, 整合数据40项小地图头像:1	数据长度是8
158706, 整合数据41项画笔库6:0	数据长度是8
158706, 整合数据42项画笔库7:0	数据长度是8
158706, 整合数据43项画笔库8:0	数据长度是8
158706, 整合数据44项会员功能1:1	数据长度是1
158706, 整合数据45项会员功能2:1	数据长度是1
158706, 整合数据46项会员功能3:1	数据长度是1
158706, 整合数据47项会员功能4:1	数据长度是1
158706, 整合数据48项会员功能5:1	数据长度是1
158706, 整合数据49项会员功能6:1	数据长度是1
158706, 整合数据50项会员功能7:1	数据长度是1
158706, 整合数据51项会员功能8:1	数据长度是1
158706, 整合数据52项新商店左侧扩展面板:1	数据长度是1
158706, 整合数据53项新商店上部扩展面板:1	数据长度是1
158706, 整合数据54项新商店购买方式:0	数据长度是1
158706, 整合数据55项新商店商店模式:0	数据长度是1
158706, 整合数据56项预扣血模式:0	数据长度是1
158706, 整合数据57项回城特效:0	数据长度是8
158706, 整合数据1项画质:1	数据长度是1
158706, 整合数据2项滚屏速度:20	数据长度是8
158706, 整合数据3项更新内容面板开关:0	数据长度是1
158706, 整合数据4项游戏版本号:0	数据长度是16
158706, 整合数据5项语音:0	数据长度是1
158706, 整合数据6项音响:0	数据长度是1
158706, 整合数据7项麦克风:0	数据长度是1
158706, 整合数据8项音响大小:0	数据长度是8
158706, 整合数据9项麦克风大小:0	数据长度是8
158706, 整合数据10项未知:0	数据长度是1
158706, 整合数据11项光照:99	数据长度是8
158706, 整合数据12项新F11面板模式:1	数据长度是1
158706, 整合数据13项血条区分敌我:1	数据长度是1
158706, 整合数据14项快捷键1:41	数据长度是16
158706, 整合数据15项快捷键2:43	数据长度是16
158706, 整合数据16项快捷键3:61	数据长度是16
158706, 整合数据17项快捷键4:42	数据长度是16
158706, 整合数据18项快捷键5:56	数据长度是16
158706, 整合数据19项快捷键6:53	数据长度是16
158706, 整合数据20项快捷键7:541	数据长度是16
158706, 整合数据21项快捷键8:542	数据长度是16
158706, 整合数据22项快捷键9:543	数据长度是16
158706, 整合数据23项快捷键10:544	数据长度是16
158706, 整合数据24项快捷键11:545	数据长度是16
158706, 整合数据25项快捷键12:546	数据长度是16
158706, 整合数据26项快捷键13:547	数据长度是16
158706, 整合数据27项快捷键14:548	数据长度是16
158706, 整合数据28项快捷键15:549	数据长度是16
158706, 整合数据29项快捷键16:573	数据长度是16
158706, 整合数据30项快捷键17:555	数据长度是16
158706, 整合数据31项快捷键18:568	数据长度是16
158706, 整合数据32项是否显示刀光:1	数据长度是1
158706, 整合数据33项显示刀光编号:1	数据长度是8
158706, 整合数据34项不显示翅膀:0	数据长度是1
158706, 整合数据35项显示翅膀编号:0	数据长度是8
158706, 整合数据36项孔明灯:0	数据长度是8
158706, 整合数据37项免控表现:1	数据长度是8
158706, 整合数据38项窗口锁定:0	数据长度是8
158706, 整合数据39项打孔明灯:0	数据长度是8
158706, 整合数据40项小地图头像:1	数据长度是8
158706, 整合数据41项画笔库6:0	数据长度是8
158706, 整合数据42项画笔库7:0	数据长度是8
158706, 整合数据43项画笔库8:0	数据长度是8
158706, 整合数据44项会员功能1:1	数据长度是1
158706, 整合数据45项会员功能2:1	数据长度是1
158706, 整合数据46项会员功能3:1	数据长度是1
158706, 整合数据47项会员功能4:1	数据长度是1
158706, 整合数据48项会员功能5:1	数据长度是1
158706, 整合数据49项会员功能6:1	数据长度是1
158706, 整合数据50项会员功能7:1	数据长度是1
158706, 整合数据51项会员功能8:1	数据长度是1
158706, 整合数据52项新商店左侧扩展面板:1	数据长度是1
158706, 整合数据53项新商店上部扩展面板:1	数据长度是1
158706, 整合数据54项新商店购买方式:0	数据长度是1
158706, 整合数据55项新商店商店模式:0	数据长度是1
158706, 整合数据56项预扣血模式:0	数据长度是1
158706, 整合数据57项回城特效:0	数据长度是8
