0, 长度:952
0, 72581019 武勋buff:0
0, 51530901 武勋buff:0
0, 83708895 武勋buff:0
0, 45123899 武勋buff:0
0, 109958209 武勋buff:0
0, 102945227 武勋buff:0
0, 123506690 武勋buff:0
0, 122001918 武勋buff:0
0, 16750869 武勋buff:0
0, 25211572 武勋buff:0
0, 88616662 武勋buff:0
0, 73996569 武勋buff:0
0, 124265869 武勋buff:0
0, 123142550 武勋buff:0
0, 100847864 武勋buff:0
0, 112246087 武勋buff:0
0, 116924910 武勋buff:0
0, 60047112 武勋buff:0
0, 83275412 武勋buff:0
0, 109175625 武勋buff:0
0, pos:22 value:0
0, 新人pos:22 value:0
0, pos:21 value:0
0, 新人pos:21 value:0
0, pos:10 value:0
0, 新人pos:10 value:0
0, pos:9 value:0
0, 新人pos:9 value:0
0, pos:8 value:0
0, 新人pos:8 value:0
0, pos:7 value:0
0, 新人pos:7 value:0
0, pos:6 value:0
0, 新人pos:6 value:0
0, pos:5 value:0
0, 新人pos:5 value:0
0, pos:4 value:0
0, 新人pos:4 value:0
0, pos:3 value:0
0, 新人pos:3 value:0
0, pos:2 value:0
0, 新人pos:2 value:0
0, pos:1 value:0
0, 新人pos:1 value:0
0, pos:20 value:0
0, 新人pos:20 value:0
0, pos:19 value:0
0, 新人pos:19 value:0
0, pos:18 value:0
0, 新人pos:18 value:0
0, pos:17 value:0
0, 新人pos:17 value:0
0, pos:16 value:0
0, 新人pos:16 value:0
0, pos:15 value:0
0, 新人pos:15 value:0
0, pos:14 value:0
0, 新人pos:14 value:0
0, pos:13 value:0
0, 新人pos:13 value:0
0, pos:12 value:0
0, 新人pos:12 value:0
0, pos:11 value:0
0, 新人pos:11 value:0
605, 玩家:2 总类:1000 选择:1001 实际:1001
701, 玩家:20 总类:1000 选择:1001 实际:1001
737, 玩家:18 总类:1000 选择:4002 实际:4002
881, 玩家:5 总类:1000 选择:1001 实际:1001
929, 玩家:19 总类:1000 选择:5002 实际:5002
1057, 玩家:17 总类:1000 选择:3003 实际:3003
1061, 玩家:8 总类:1000 选择:1001 实际:1001
1153, 玩家:15 总类:1000 选择:2002 实际:2002
1289, 玩家:16 总类:1000 选择:1001 实际:1001
1473, 玩家:1 总类:1000 选择:2002 实际:2002
1853, 玩家:7 总类:1000 选择:2001 实际:2001
2189, 玩家:11 总类:1000 选择:3001 实际:3001
2493, 玩家:6 总类:1000 选择:1001 实际:1001
2561, 玩家:12 总类:1000 选择:1001 实际:1001
2729, 玩家:9 总类:1000 选择:2001 实际:2001
3017, 玩家:14 总类:1000 选择:1002 实际:1002
3069, 玩家:13 总类:1000 选择:3001 实际:3001
3165, 玩家:3 总类:1000 选择:2002 实际:2002
3481, 玩家:10 总类:1000 选择:2001 实际:2001
33113, pos:4 value:0
33113, 新人pos:4 value:0
33113, pos:22 value:0
33113, 新人pos:22 value:0
33113, pos:21 value:0
33113, 新人pos:21 value:0
33113, pos:10 value:0
33113, 新人pos:10 value:0
33113, pos:9 value:0
33113, 新人pos:9 value:0
33113, pos:8 value:0
33113, 新人pos:8 value:0
33113, pos:7 value:0
33113, 新人pos:7 value:0
33113, pos:6 value:0
33113, 新人pos:6 value:0
33113, pos:5 value:0
33113, 新人pos:5 value:0
33113, pos:3 value:0
33113, 新人pos:3 value:0
33113, pos:2 value:0
33113, 新人pos:2 value:0
33113, pos:1 value:0
33113, 新人pos:1 value:0
33113, pos:20 value:0
33113, 新人pos:20 value:0
33113, pos:19 value:0
33113, 新人pos:19 value:0
33113, pos:18 value:0
33113, 新人pos:18 value:0
33113, pos:17 value:0
33113, 新人pos:17 value:0
33113, pos:16 value:0
33113, 新人pos:16 value:0
33113, pos:15 value:0
33113, 新人pos:15 value:0
33113, pos:14 value:0
33113, 新人pos:14 value:0
33113, pos:13 value:0
33113, 新人pos:13 value:0
33113, pos:11 value:0
33113, 新人pos:11 value:0
37141, 玩家:4 总类:1000 选择:4002 实际:4002
97677, pos:12 value:0
97677, 新人pos:12 value:0
97677, pos:4 value:0
97677, 新人pos:4 value:0
97677, pos:22 value:0
97677, 新人pos:22 value:0
97677, pos:21 value:0
97677, 新人pos:21 value:0
97677, pos:10 value:0
97677, 新人pos:10 value:0
97677, pos:9 value:0
97677, 新人pos:9 value:0
97677, pos:8 value:0
97677, 新人pos:8 value:0
97677, pos:7 value:0
97677, 新人pos:7 value:0
97677, pos:6 value:0
97677, 新人pos:6 value:0
97677, pos:5 value:0
97677, 新人pos:5 value:0
97677, pos:3 value:0
97677, 新人pos:3 value:0
97677, pos:2 value:0
97677, 新人pos:2 value:0
97677, pos:1 value:0
97677, 新人pos:1 value:0
97677, pos:20 value:0
97677, 新人pos:20 value:0
97677, pos:19 value:0
97677, 新人pos:19 value:0
97677, pos:18 value:0
97677, 新人pos:18 value:0
97677, pos:17 value:0
97677, 新人pos:17 value:0
97677, pos:16 value:0
97677, 新人pos:16 value:0
97677, pos:15 value:0
97677, 新人pos:15 value:0
97677, pos:14 value:0
97677, 新人pos:14 value:0
97677, pos:13 value:0
97677, 新人pos:13 value:0
97677, pos:11 value:0
97677, 新人pos:11 value:0
158411, 有效局
158411, 嘿 95004 500
