9066,  0:2:34 ,消灭魏国刀兵,获得83
9218,  0:2:36 ,消灭魏国弩手,获得69
9228,  0:2:36 ,消灭魏国弩手,获得69
11595,  0:3:17 ,消灭魏国刀兵,获得78
13324,  0:3:46 ,消灭魏国弩手,获得74
13684,  0:3:52 ,英雄歼灭曹洪,获得222
15075,  0:4:16 ,消灭魏国刀兵,获得71
15214,  0:4:18 ,消灭魏国弩手,获得74
15214,  0:4:18 ,消灭魏国弩手,获得87
15980,  0:4:31 ,消灭魏国刀兵,获得69
19686,  0:5:34 ,消灭魏国弩手,获得69
21976,  0:6:13 ,消灭强盗,获得69
21976,  0:6:13 ,消灭强盗,获得74
21976,  0:6:13 ,消灭强盗,获得97
22472,  0:6:22 ,消灭老虎(小),获得97
22764,  0:6:26 ,消灭老虎,获得152
23702,  0:6:42 ,消灭魏国刀兵,获得78
23770,  0:6:44 ,消灭魏国刀兵,获得71
24479,  0:6:56 ,英雄歼灭祝融夫人,获得163
26694,  0:7:33 ,消灭强盗,获得92
27782,  0:7:52 ,消灭魏国刀兵,获得76
27782,  0:7:52 ,消灭魏国刀兵,获得83
28371,  0:8:2 ,消灭魏国刀兵,获得76
28736,  0:8:8 ,消灭魏国弩手,获得92
29155,  0:8:15 ,消灭孔明灯,获得35
30210,  0:8:33 ,消灭魏国弩手,获得92
30210,  0:8:33 ,消灭魏国弩手,获得78
30704,  0:8:41 ,消灭魏国弩手,获得97
30722,  0:8:42 ,消灭魏国弩手,获得69
31430,  0:8:54 ,英雄歼灭孙尚香,获得185
31730,  0:8:59 ,消灭魏国弩手,获得74
31730,  0:8:59 ,消灭魏国弩手,获得87
34974,  0:9:54 ,消灭魏国弩手,获得78
35710,  0:10:7 ,消灭魏国弩手,获得83
35710,  0:10:7 ,消灭魏国弩手,获得87
35759,  0:10:7 ,消灭魏国刀兵,获得83
35793,  0:10:8 ,消灭魏国刀兵,获得83
35920,  0:10:10 ,消灭魏国刀兵,获得74
36356,  0:10:18 ,消灭玄武,获得219
40094,  0:11:21 ,英雄歼灭甘宁,获得397
40152,  0:11:22 ,消灭魏国弩手,获得83
40210,  0:11:23 ,消灭魏国刀兵,获得69
45006,  0:12:45 ,消灭老虎(小),获得84
45167,  0:12:47 ,消灭老虎,获得153
48626,  0:13:46 ,英雄歼灭邓艾,获得227
49560,  0:14:2 ,消灭魏国弩手,获得70
49560,  0:14:2 ,消灭魏国弩手,获得75
52582,  0:14:53 ,消灭强盗,获得84
52691,  0:14:55 ,消灭强盗,获得94
52710,  0:14:56 ,消灭强盗,获得84
53062,  0:15:2 ,消灭老虎(小),获得99
53926,  0:15:16 ,英雄歼灭邓艾,获得227
57624,  0:16:19 ,消灭玄武,获得239
63891,  0:18:6 ,英雄歼灭典韦,获得204
64608,  0:18:18 ,消灭玄武,获得242
64842,  0:18:22 ,消灭老虎(小),获得79
64842,  0:18:22 ,消灭老虎(小),获得86
64870,  0:18:22 ,消灭老虎,获得173
66816,  0:18:55 ,消灭强盗,获得95
66816,  0:18:55 ,消灭强盗,获得71
67910,  0:19:14 ,消灭魏国弩手,获得101
72508,  0:20:32 ,消灭魏国刀兵,获得77
72544,  0:20:33 ,消灭魏国刀兵,获得72
72544,  0:20:33 ,消灭魏国刀兵,获得85
72544,  0:20:33 ,消灭魏国弩手,获得82
72544,  0:20:33 ,消灭魏国弩手,获得101
72544,  0:20:33 ,英雄歼灭典韦,获得230
77108,  0:21:50 ,消灭魏国刀兵,获得83
77108,  0:21:50 ,消灭魏国弩手,获得102
77168,  0:21:51 ,消灭魏国刀兵,获得78
77324,  0:21:54 ,消灭魏国弩手,获得78
78188,  0:22:9 ,消灭魏国弩手,获得93
78188,  0:22:9 ,消灭魏国弩手,获得87
78258,  0:22:10 ,消灭魏国刀兵,获得85
78276,  0:22:10 ,消灭魏国刀兵,获得76
78294,  0:22:10 ,消灭魏国刀兵,获得76
79738,  0:22:35 ,消灭玄武,获得239
80174,  0:22:42 ,消灭老虎(小),获得95
80174,  0:22:42 ,消灭老虎(小),获得87
80352,  0:22:45 ,消灭老虎,获得168
80610,  0:22:50 ,消灭强盗,获得98
80670,  0:22:51 ,消灭强盗,获得83
80670,  0:22:51 ,消灭强盗,获得83
82954,  0:23:30 ,消灭魏国弩手,获得78
83186,  0:23:34 ,英雄歼灭祝融夫人,获得336
86815,  0:24:35 ,消灭魏国刀兵,获得84
86912,  0:24:37 ,消灭魏国弩手,获得93
86912,  0:24:37 ,消灭魏国弩手,获得84
87076,  0:24:40 ,消灭魏国弩手,获得93
87076,  0:24:40 ,消灭魏国弩手,获得78
87136,  0:24:41 ,消灭魏国刀兵,获得78
87172,  0:24:41 ,消灭魏国刀兵,获得89
87332,  0:24:44 ,消灭魏国刀兵,获得74
87562,  0:24:48 ,消灭魏国外围箭塔,获得315
90354,  0:25:36 ,消灭强盗,获得89
90354,  0:25:36 ,消灭强盗,获得104
91984,  0:26:3 ,消灭孔明灯,获得37
95508,  0:27:3 ,英雄歼灭孙尚香,获得296
98614,  0:27:56 ,英雄歼灭邓艾,获得358
99548,  0:28:12 ,英雄歼灭法正,获得370
103594,  0:29:21 ,消灭魏国刀兵,获得76
103604,  0:29:21 ,消灭魏国刀兵,获得78
103614,  0:29:21 ,消灭魏国弩手,获得101
103614,  0:29:21 ,消灭魏国弩手,获得81
103614,  0:29:21 ,消灭魏国弩手,获得76
103708,  0:29:23 ,消灭魏国弩手,获得85
103708,  0:29:23 ,消灭魏国刀兵,获得78
103708,  0:29:23 ,消灭魏国刀兵,获得89
103710,  0:29:23 ,消灭魏国刀兵,获得76
103893,  0:29:26 ,消灭魏国刀兵,获得76
104082,  0:29:29 ,消灭投石车,获得201
104200,  0:29:31 ,消灭投石车,获得201
104200,  0:29:31 ,消灭投石车,获得201
104744,  0:29:40 ,消灭魏国弩手,获得95
104744,  0:29:40 ,消灭魏国弩手,获得81
104852,  0:29:42 ,消灭魏国刀兵,获得76
104866,  0:29:42 ,消灭魏国刀兵,获得83
105170,  0:29:47 ,消灭投石车,获得201
106492,  0:30:10 ,英雄歼灭孙尚香,获得244
110172,  0:31:12 ,消灭魏国刀兵,获得82
110172,  0:31:12 ,消灭魏国刀兵,获得92
110172,  0:31:12 ,消灭魏国刀兵,获得79
110838,  0:31:24 ,消灭魏国外围箭塔,获得317
111744,  0:31:39 ,消灭魏国左路据点,获得0
115466,  0:32:42 ,英雄歼灭曹洪,获得325
119478,  0:33:51 ,英雄歼灭法正,获得389
120290,  0:34:4 ,消灭魏国弩手,获得98
120290,  0:34:4 ,消灭魏国弩手,获得83
120290,  0:34:4 ,消灭魏国弩手,获得108
120578,  0:34:9 ,消灭投石车,获得206
120748,  0:34:12 ,消灭孔明灯,获得39
121142,  0:34:19 ,消灭魏国刀兵,获得77
121162,  0:34:19 ,消灭魏国弩手,获得87
121162,  0:34:19 ,消灭魏国弩手,获得93
121202,  0:34:20 ,消灭魏国刀兵,获得93
121240,  0:34:21 ,消灭魏国刀兵,获得79
121337,  0:34:22 ,消灭投石车,获得206
121902,  0:34:32 ,英雄歼灭马岱,获得388
126362,  0:35:48 ,消灭魏国刀兵,获得93
126372,  0:35:48 ,消灭魏国弩手,获得83
126378,  0:35:48 ,消灭魏国刀兵,获得89
126378,  0:35:48 ,消灭魏国弩手,获得83
126490,  0:35:50 ,消灭魏国刀兵,获得81
131800,  0:37:20 ,消灭魏国刀兵,获得84
131810,  0:37:20 ,消灭魏国弩手,获得109
131820,  0:37:20 ,消灭魏国刀兵,获得91
131918,  0:37:22 ,消灭魏国弩手,获得94
131918,  0:37:22 ,消灭魏国弩手,获得89
132186,  0:37:27 ,消灭魏国刀兵,获得81
132274,  0:37:28 ,消灭投石车,获得209
132726,  0:37:36 ,消灭魏国刀兵,获得91
132726,  0:37:36 ,消灭魏国刀兵,获得89
132736,  0:37:36 ,消灭魏国弩手,获得78
132736,  0:37:36 ,消灭魏国弩手,获得78
132750,  0:37:36 ,消灭魏国刀兵,获得91
133228,  0:37:44 ,消灭投石车,获得209
136568,  0:38:41 ,消灭魏国刀兵,获得84
136578,  0:38:41 ,消灭魏国刀兵,获得82
136578,  0:38:41 ,消灭魏国弩手,获得110
136588,  0:38:41 ,消灭魏国弩手,获得105
140794,  0:39:53 ,消灭魏国弩手,获得106
141448,  0:40:4 ,消灭孔明灯,获得40
143764,  0:40:43 ,消灭魏国弩手,获得100
143774,  0:40:44 ,消灭魏国刀兵,获得87
143774,  0:40:44 ,消灭魏国弩手,获得85
143862,  0:40:45 ,消灭投石车,获得212
144552,  0:40:57 ,消灭魏国刀兵,获得82
144552,  0:40:57 ,消灭魏国刀兵,获得79
144562,  0:40:57 ,消灭魏国弩手,获得79
144562,  0:40:57 ,消灭魏国弩手,获得106
148562,  0:42:5 ,消灭孔明灯,获得40
148642,  0:42:6 ,消灭魏国刀兵,获得83
148662,  0:42:7 ,消灭魏国弩手,获得107
152667,  0:43:15 ,英雄歼灭邓艾,获得673
153200,  0:43:24 ,英雄歼灭甘宁,获得845
158418,  0:44:53 ,英雄歼灭祝融夫人,获得344
