2018-10-06 22:30:21:496 PID:1904 FM:     0  ReplayName = D:\起凡\7fgame\replay\MyGame\AutoSave\my_replays0125.7fr  
2018-10-06 22:30:21:496 PID:1904 FM:     0  自动保存的平台路径：/replay="D:\起凡\7fgame\replay\MyGame\AutoSave\my_replays0125.7fr"  
2018-10-06 22:30:21:497 PID:1904 FM:     0   ReplayName2 = D:\起凡\7fgame\replay\MyGame  
2018-10-06 22:30:21:497 PID:1904 FM:     0  玩家保存的平台路径：/replaypath="D:\起凡\7fgame\replay\MyGame\"  
2018-10-06 22:30:29:611 PID:1904 FM:     0  TRUN_VASL[4] 
2018-10-06 22:32:01:479 PID:1904 FM:  3025  保存录像[103771703] FM[3025] [ ] 
2018-10-06 22:32:01:481 PID:1904 FM:  3025  压缩文件[.\core\hct.o]成功。(.\core\hct.o.zip) 
2018-10-06 22:32:01:481 PID:1904 FM:  3025  FILES 0 11253 .\core\hct.o  
2018-10-06 22:32:01:489 PID:1904 FM:  3025  删除临时文件[1] [.\core\hct.o.zip]  
2018-10-06 22:32:39:025 PID:1904 FM:  5241  保存录像[103809250] FM[5241] [ ] 
2018-10-06 22:33:14:839 PID:1904 FM:  7353  保存录像[103845062] FM[7353] [ ] 
2018-10-06 22:33:50:432 PID:1904 FM:  9453  保存录像[103880656] FM[9453] [ ] 
2018-10-06 22:34:26:231 PID:1904 FM: 11565  保存录像[103916453] FM[11565] [ ] 
2018-10-06 22:35:01:588 PID:1904 FM: 13653  保存录像[103951812] FM[13653] [ ] 
2018-10-06 22:35:36:589 PID:1904 FM: 15717  保存录像[103986812] FM[15717] [ ] 
2018-10-06 22:36:11:683 PID:1904 FM: 17789  保存录像[104021906] FM[17789] [ ] 
2018-10-06 22:36:47:760 PID:1904 FM: 19917  保存录像[104057984] FM[19917] [ ] 
2018-10-06 22:37:23:572 PID:1904 FM: 22029  保存录像[104093796] FM[22029] [ ] 
2018-10-06 22:37:59:462 PID:1904 FM: 24149  保存录像[104129687] FM[24149] [ ] 
2018-10-06 22:38:36:058 PID:1904 FM: 26305  保存录像[104166281] FM[26305] [ ] 
2018-10-06 22:39:11:918 PID:1904 FM: 28421  保存录像[104202140] FM[28421] [ ] 
2018-10-06 22:39:48:258 PID:1904 FM: 30565  保存录像[104238468] FM[30565] [ ] 
2018-10-06 22:40:24:089 PID:1904 FM: 32681  保存录像[104274312] FM[32681] [ ] 
2018-10-06 22:40:59:916 PID:1904 FM: 34793  保存录像[104310140] FM[34793] [ ] 
2018-10-06 22:41:35:900 PID:1904 FM: 36917  保存录像[104346125] FM[36917] [ ] 
2018-10-06 22:42:12:650 PID:1904 FM: 39085  保存录像[104382875] FM[39085] [ ] 
2018-10-06 22:42:48:464 PID:1904 FM: 41197  保存录像[104418687] FM[41197] [ ] 
2018-10-06 22:43:25:239 PID:1904 FM: 43365  保存录像[104455453] FM[43365] [ ] 
2018-10-06 22:44:02:259 PID:1904 FM: 45549  保存录像[104492484] FM[45549] [ ] 
2018-10-06 22:44:37:949 PID:1904 FM: 47657  保存录像[104528171] FM[47657] [ ] 
2018-10-06 22:45:15:010 PID:1904 FM: 49841  保存录像[104565234] FM[49841] [ ] 
2018-10-06 22:45:50:292 PID:1904 FM: 51925  保存录像[104600515] FM[51925] [ ] 
2018-10-06 22:46:26:291 PID:1904 FM: 54049  保存录像[104636515] FM[54049] [ ] 
2018-10-06 22:47:01:869 PID:1904 FM: 56149  保存录像[104672093] FM[56149] [ ] 
2018-10-06 22:47:37:041 PID:1904 FM: 58225  保存录像[104707265] FM[58225] [ ] 
2018-10-06 22:48:12:822 PID:1904 FM: 60337  保存录像[104743046] FM[60337] [ ] 
2018-10-06 22:48:49:224 PID:1904 FM: 62481  保存录像[104779437] FM[62481] [ ] 
2018-10-06 22:49:25:886 PID:1904 FM: 64645  保存录像[104816109] FM[64645] [ ] 
2018-10-06 22:50:01:995 PID:1904 FM: 66777  保存录像[104852218] FM[66777] [ ] 
2018-10-06 22:50:38:884 PID:1904 FM: 68953  保存录像[104889109] FM[68953] [ ] 
2018-10-06 22:51:15:979 PID:1904 FM: 71141  保存录像[104926203] FM[71141] [ ] 
2018-10-06 22:51:51:236 PID:1904 FM: 73221  保存录像[104961453] FM[73221] [ ] 
2018-10-06 22:52:27:775 PID:1904 FM: 75377  保存录像[104998000] FM[75377] [ ] 
2018-10-06 22:53:04:112 PID:1904 FM: 77521  保存录像[105034328] FM[77521] [ ] 
2018-10-06 22:53:39:041 PID:1904 FM: 79581  保存录像[105069265] FM[79581] [ ] 
2018-10-06 22:54:15:028 PID:1904 FM: 81705  保存录像[105105250] FM[81705] [ ] 
2018-10-06 22:54:50:963 PID:1904 FM: 83825  保存录像[105141187] FM[83825] [ ] 
2018-10-06 22:55:26:744 PID:1904 FM: 85937  保存录像[105176968] FM[85937] [ ] 
2018-10-06 22:56:03:760 PID:1904 FM: 88121  保存录像[105213984] FM[88121] [ ] 
2018-10-06 22:56:39:699 PID:1904 FM: 90241  保存录像[105249921] FM[90241] [ ] 
2018-10-06 22:57:15:714 PID:1904 FM: 92365  保存录像[105285937] FM[92365] [ ] 
2018-10-06 22:57:52:103 PID:1904 FM: 94513  保存录像[105322328] FM[94513] [ ] 
2018-10-06 22:58:28:495 PID:1904 FM: 96661  保存录像[105358718] FM[96661] [ ] 
2018-10-06 22:59:04:962 PID:1904 FM: 98813  保存录像[105395187] FM[98813] [ ] 
2018-10-06 22:59:41:854 PID:1904 FM:100985  保存录像[105432078] FM[100985] [ ] 
2018-10-06 23:00:17:854 PID:1904 FM:103113  保存录像[105468078] FM[103113] [ ] 
2018-10-06 23:00:54:729 PID:1904 FM:105289  保存录像[105504953] FM[105289] [ ] 
2018-10-06 23:01:29:854 PID:1904 FM:107361  保存录像[105540078] FM[107361] [ ] 
2018-10-06 23:02:06:058 PID:1904 FM:109497  保存录像[105576281] FM[109497] [ ] 
2018-10-06 23:02:42:588 PID:1904 FM:111653  保存录像[105612812] FM[111653] [ ] 
2018-10-06 23:03:19:635 PID:1904 FM:113837  保存录像[105649859] FM[113837] [ ] 
2018-10-06 23:03:55:636 PID:1904 FM:115961  保存录像[105685859] FM[115961] [ ] 
2018-10-06 23:04:33:525 PID:1904 FM:118197  保存录像[105723750] FM[118197] [ ] 
2018-10-06 23:05:09:963 PID:1904 FM:120349  保存录像[105760187] FM[120349] [ ] 
2018-10-06 23:05:47:448 PID:1904 FM:122561  保存录像[105797671] FM[122561] [ ] 
2018-10-06 23:06:22:885 PID:1904 FM:124649  保存录像[105833109] FM[124649] [ ] 
2018-10-06 23:07:00:183 PID:1904 FM:126849  保存录像[105870406] FM[126849] [ ] 
2018-10-06 23:07:36:978 PID:1904 FM:129021  保存录像[105907203] FM[129021] [ ] 
2018-10-06 23:08:12:509 PID:1904 FM:131117  保存录像[105942734] FM[131117] [ ] 
2018-10-06 23:08:49:165 PID:1904 FM:133281  保存录像[105979390] FM[133281] [ ] 
2018-10-06 23:09:25:714 PID:1904 FM:135437  保存录像[106015937] FM[135437] [ ] 
2018-10-06 23:10:02:932 PID:1904 FM:137633  保存录像[106053156] FM[137633] [ ] 
2018-10-06 23:10:40:917 PID:1904 FM:139873  保存录像[106091140] FM[139873] [ ] 
2018-10-06 23:11:18:245 PID:1904 FM:142077  保存录像[106128468] FM[142077] [ ] 
2018-10-06 23:11:58:806 PID:1904 FM:144469  保存录像[106169031] FM[144469] [ ] 
2018-10-06 23:12:36:229 PID:1904 FM:146677  保存录像[106206453] FM[146677] [ ] 
2018-10-06 23:13:15:745 PID:1904 FM:149009  保存录像[106245968] FM[149009] [ ] 
2018-10-06 23:13:51:839 PID:1904 FM:151137  保存录像[106282062] FM[151137] [ ] 
2018-10-06 23:14:28:104 PID:1904 FM:153277  保存录像[106318328] FM[153277] [ ] 
2018-10-06 23:15:05:667 PID:1904 FM:155493  保存录像[106355890] FM[155493] [ ] 
2018-10-06 23:15:42:483 PID:1904 FM:157665  保存录像[106392703] FM[157665] [ ] 
2018-10-06 23:16:20:900 PID:1904 FM:159933  保存录像[106431125] FM[159933] [ ] 
2018-10-06 23:16:42:757 PID:1904 FM:161145  填充脚本自定义数据[106452968] FM[161145] LEN[11184] 
2018-10-06 23:16:42:757 PID:1904 FM:161145  ONOVERVIDEOSYS [] 
2018-10-06 23:16:42:757 PID:1904 FM:161145  保存录像[106452968] FM[161145] [ ] 
2018-10-06 23:16:42:757 PID:1904 FM:161145  游戏结束保存录像 [1] 
2018-10-06 23:16:42:761 PID:1904 FM:161145  SAVEAS[106452984] [OK] LOCAL [log1904-2018.10.06-22.30.21/replay1904.7fr] Error[0] 
2018-10-06 23:16:42:761 PID:1904 FM:161145  SAVEAS[106452984] [OK] TARGET[D:\起凡\7fgame\replay\MyGame\AutoSave\my_replays0125.7fr] Error[0] 
2018-10-06 23:16:42:761 PID:1904 FM:161145  退出游戏(结束), code 1
 
2018-10-06 23:16:42:761 PID:1904 FM:161145  向服务器发送录像信息(无请求) 
