161145, mvp_value =377, famous_point = 0, famous_point_per = 10
161145, result_per = 1, time_per = 1, num_per = 1
161145, 计算经验值为377
161145, 需刷新,疲劳度为200
161145, 计算经验值为754
161145, mvp_value =312, famous_point = 0, famous_point_per = 10
161145, result_per = 1, time_per = 1, num_per = 1
161145, 计算经验值为312
161145, 需刷新,疲劳度为200
161145, 计算经验值为624
161145, mvp_value =345, famous_point = 2, famous_point_per = 10
161145, result_per = 1, time_per = 1, num_per = 1
161145, 计算经验值为365
161145, 需刷新,疲劳度为200
161145, 计算经验值为730
161145, mvp_value =324, famous_point = 0, famous_point_per = 10
161145, result_per = 1, time_per = 1, num_per = 1
161145, 计算经验值为324
161145, 需刷新,疲劳度为200
161145, 计算经验值为648
161145, mvp_value =421, famous_point = 0, famous_point_per = 10
161145, result_per = 1, time_per = 1, num_per = 1
161145, 计算经验值为421
161145, 需刷新,疲劳度为200
161145, 计算经验值为842
161145, mvp_value =481, famous_point = 3, famous_point_per = 10
161145, result_per = 1, time_per = 1, num_per = 1
161145, 计算经验值为511
161145, 需刷新,疲劳度为200
161145, 计算经验值为1022
161145, mvp_value =362, famous_point = 0, famous_point_per = 10
161145, result_per = 1, time_per = 1, num_per = 1
161145, 计算经验值为362
161145, 需刷新,疲劳度为200
161145, 计算经验值为724
161145, mvp_value =464, famous_point = 1, famous_point_per = 10
161145, result_per = 1, time_per = 1, num_per = 1
161145, 计算经验值为474
161145, 需刷新,疲劳度为200
161145, 计算经验值为948
161145, mvp_value =500, famous_point = 7, famous_point_per = 10
161145, result_per = 1, time_per = 1, num_per = 1
161145, 计算经验值为570
161145, 需刷新,疲劳度为200
161145, 计算经验值为1140
161145, mvp_value =323, famous_point = 0, famous_point_per = 10
161145, result_per = 1, time_per = 1, num_per = 1
161145, 计算经验值为323
161145, 需刷新,疲劳度为200
161145, 计算经验值为646
161145, mvp_value =487, famous_point = 1, famous_point_per = 10
161145, result_per = 0.6, time_per = 1, num_per = 1
161145, 计算经验值为298
161145, 需刷新,疲劳度为200
161145, 计算经验值为596
161145, mvp_value =101, famous_point = 0, famous_point_per = 10
161145, result_per = 0.6, time_per = 1, num_per = 1
161145, 计算经验值为61
161145, 需刷新,疲劳度为200
161145, 计算经验值为122
161145, mvp_value =500, famous_point = 2, famous_point_per = 10
161145, result_per = 0.6, time_per = 1, num_per = 1
161145, 计算经验值为312
161145, 需刷新,疲劳度为200
161145, 计算经验值为624
161145, mvp_value =206, famous_point = 0, famous_point_per = 10
161145, result_per = 0.6, time_per = 1, num_per = 1
161145, 计算经验值为124
161145, 需刷新,疲劳度为200
161145, 计算经验值为248
161145, mvp_value =457, famous_point = 1, famous_point_per = 10
161145, result_per = 0.6, time_per = 1, num_per = 1
161145, 计算经验值为280
161145, 需刷新,疲劳度为200
161145, 计算经验值为560
161145, mvp_value =225, famous_point = 0, famous_point_per = 10
161145, result_per = 0.6, time_per = 1, num_per = 1
161145, 计算经验值为135
161145, 需刷新,疲劳度为200
161145, 计算经验值为270
161145, mvp_value =217, famous_point = 0, famous_point_per = 10
161145, result_per = 0.6, time_per = 1, num_per = 1
161145, 计算经验值为130
161145, 需刷新,疲劳度为200
161145, 计算经验值为260
161145, mvp_value =365, famous_point = 0, famous_point_per = 10
161145, result_per = 0.6, time_per = 1, num_per = 1
161145, 计算经验值为219
161145, 需刷新,疲劳度为200
161145, 计算经验值为438
161145, mvp_value =264, famous_point = 0, famous_point_per = 10
161145, result_per = 0.6, time_per = 1, num_per = 1
161145, 计算经验值为158
161145, 需刷新,疲劳度为200
161145, 计算经验值为316
161145, mvp_value =389, famous_point = 0, famous_point_per = 10
161145, result_per = 0.6, time_per = 1, num_per = 1
161145, 计算经验值为233
161145, 需刷新,疲劳度为200
161145, 计算经验值为466
