161145, p_control_id = 1
161145, Old_Point = 510
161145, Add_Point = 20
161145, New_Point_Real = 530
161145, G_Tab.ELOpoint[p_control_id][ELOkind + 2] = 1877
161145, p_control_id = 2
161145, Old_Point = 637
161145, Add_Point = 15
161145, New_Point_Real = 652
161145, G_Tab.ELOpoint[p_control_id][ELOkind + 2] = 1968
161145, p_control_id = 3
161145, Old_Point = 448
161145, Add_Point = 23
161145, New_Point_Real = 471
161145, G_Tab.ELOpoint[p_control_id][ELOkind + 2] = 460
161145, p_control_id = 4
161145, Old_Point = 543
161145, Add_Point = 19
161145, New_Point_Real = 562
161145, G_Tab.ELOpoint[p_control_id][ELOkind + 2] = 3758
161145, p_control_id = 5
161145, Old_Point = 678
161145, Add_Point = 13
161145, New_Point_Real = 691
161145, G_Tab.ELOpoint[p_control_id][ELOkind + 2] = 5458
161145, p_control_id = 6
161145, Old_Point = 582
161145, Add_Point = 26
161145, New_Point_Real = 608
161145, G_Tab.ELOpoint[p_control_id][ELOkind + 2] = 12853
161145, p_control_id = 7
161145, Old_Point = 623
161145, Add_Point = 15
161145, New_Point_Real = 638
161145, G_Tab.ELOpoint[p_control_id][ELOkind + 2] = 2105
161145, p_control_id = 8
161145, Old_Point = 672
161145, Add_Point = 16
161145, New_Point_Real = 688
161145, G_Tab.ELOpoint[p_control_id][ELOkind + 2] = 6450
161145, p_control_id = 9
161145, Old_Point = 683
161145, Add_Point = 25
161145, New_Point_Real = 708
161145, G_Tab.ELOpoint[p_control_id][ELOkind + 2] = 2250
161145, p_control_id = 10
161145, Old_Point = 594
161145, Add_Point = 17
161145, New_Point_Real = 611
161145, G_Tab.ELOpoint[p_control_id][ELOkind + 2] = 7891
161145, p_control_id = 11
161145, Old_Point = 731
161145, Add_Point = -13
161145, New_Point_Real = 718
161145, G_Tab.ELOpoint[p_control_id][ELOkind + 2] = 113
161145, p_control_id = 12
161145, Old_Point = 254
161145, Add_Point = -4
161145, New_Point_Real = 250
161145, G_Tab.ELOpoint[p_control_id][ELOkind + 2] = 2459
161145, p_control_id = 13
161145, Old_Point = 349
161145, Add_Point = -3
161145, New_Point_Real = 346
161145, G_Tab.ELOpoint[p_control_id][ELOkind + 2] = 4872
161145, p_control_id = 14
161145, Old_Point = 755
161145, Add_Point = -23
161145, New_Point_Real = 732
161145, G_Tab.ELOpoint[p_control_id][ELOkind + 2] = 46
161145, p_control_id = 15
161145, Old_Point = 816
161145, Add_Point = -17
161145, New_Point_Real = 799
161145, G_Tab.ELOpoint[p_control_id][ELOkind + 2] = 35
161145, p_control_id = 16
161145, Old_Point = 717
161145, Add_Point = -21
161145, New_Point_Real = 696
161145, G_Tab.ELOpoint[p_control_id][ELOkind + 2] = 814
161145, p_control_id = 17
161145, Old_Point = 510
161145, Add_Point = -12
161145, New_Point_Real = 498
161145, G_Tab.ELOpoint[p_control_id][ELOkind + 2] = 375
161145, p_control_id = 18
161145, Old_Point = 645
161145, Add_Point = -18
161145, New_Point_Real = 627
161145, G_Tab.ELOpoint[p_control_id][ELOkind + 2] = 1482
161145, p_control_id = 19
161145, Old_Point = 701
161145, Add_Point = -21
161145, New_Point_Real = 680
161145, G_Tab.ELOpoint[p_control_id][ELOkind + 2] = 3581
161145, p_control_id = 20
161145, Old_Point = 575
161145, Add_Point = -15
161145, New_Point_Real = 560
161145, G_Tab.ELOpoint[p_control_id][ELOkind + 2] = 1314
