161145, control_id = 1
161145, MyMVP = 377
161145, Midmvp = 362
161145, iswin = 1
161145, control_id = 1
161145, MyMVP = 377
161145, Midmvp = 362
161145, iswin = 1
161145, control_id = 2
161145, MyMVP = 312
161145, Midmvp = 362
161145, iswin = 1
161145, control_id = 2
161145, MyMVP = 312
161145, Midmvp = 362
161145, iswin = 1
161145, control_id = 3
161145, MyMVP = 345
161145, Midmvp = 362
161145, iswin = 1
161145, control_id = 3
161145, MyMVP = 345
161145, Midmvp = 362
161145, iswin = 1
161145, control_id = 4
161145, MyMVP = 324
161145, Midmvp = 362
161145, iswin = 1
161145, control_id = 4
161145, MyMVP = 324
161145, Midmvp = 362
161145, iswin = 1
161145, control_id = 5
161145, MyMVP = 421
161145, Midmvp = 362
161145, iswin = 1
161145, control_id = 5
161145, MyMVP = 421
161145, Midmvp = 362
161145, iswin = 1
161145, control_id = 6
161145, MyMVP = 481
161145, Midmvp = 362
161145, iswin = 1
161145, control_id = 6
161145, MyMVP = 481
161145, Midmvp = 362
161145, iswin = 1
161145, control_id = 7
161145, MyMVP = 362
161145, Midmvp = 362
161145, iswin = 1
161145, control_id = 7
161145, MyMVP = 362
161145, Midmvp = 362
161145, iswin = 1
161145, control_id = 8
161145, MyMVP = 464
161145, Midmvp = 362
161145, iswin = 1
161145, control_id = 8
161145, MyMVP = 464
161145, Midmvp = 362
161145, iswin = 1
161145, control_id = 9
161145, MyMVP = 661
161145, Midmvp = 362
161145, iswin = 1
161145, control_id = 9
161145, MyMVP = 661
161145, Midmvp = 362
161145, iswin = 1
161145, control_id = 10
161145, MyMVP = 323
161145, Midmvp = 362
161145, iswin = 1
161145, control_id = 10
161145, MyMVP = 323
161145, Midmvp = 362
161145, iswin = 1
161145, control_id = 11
161145, MyMVP = 487
161145, Midmvp = 264
161145, iswin = 0
161145, control_id = 11
161145, MyMVP = 487
161145, Midmvp = 264
161145, iswin = 0
161145, control_id = 12
161145, MyMVP = 101
161145, Midmvp = 264
161145, iswin = 0
161145, control_id = 13
161145, MyMVP = 594
161145, Midmvp = 264
161145, iswin = 0
161145, control_id = 13
161145, MyMVP = 594
161145, Midmvp = 264
161145, iswin = 0
161145, control_id = 14
161145, MyMVP = 206
161145, Midmvp = 264
161145, iswin = 0
161145, control_id = 14
161145, MyMVP = 206
161145, Midmvp = 264
161145, iswin = 0
161145, control_id = 15
161145, MyMVP = 457
161145, Midmvp = 264
161145, iswin = 0
161145, control_id = 15
161145, MyMVP = 457
161145, Midmvp = 264
161145, iswin = 0
161145, control_id = 16
161145, MyMVP = 225
161145, Midmvp = 264
161145, iswin = 0
161145, control_id = 16
161145, MyMVP = 225
161145, Midmvp = 264
161145, iswin = 0
161145, control_id = 17
161145, MyMVP = 217
161145, Midmvp = 264
161145, iswin = 0
161145, control_id = 17
161145, MyMVP = 217
161145, Midmvp = 264
161145, iswin = 0
161145, control_id = 18
161145, MyMVP = 365
161145, Midmvp = 264
161145, iswin = 0
161145, control_id = 18
161145, MyMVP = 365
161145, Midmvp = 264
161145, iswin = 0
161145, control_id = 19
161145, MyMVP = 264
161145, Midmvp = 264
161145, iswin = 0
161145, control_id = 19
161145, MyMVP = 264
161145, Midmvp = 264
161145, iswin = 0
161145, control_id = 20
161145, MyMVP = 389
161145, Midmvp = 264
161145, iswin = 0
161145, control_id = 20
161145, MyMVP = 389
161145, Midmvp = 264
161145, iswin = 0
