161145, 	玩家名	controlid	天梯10V10竞技积分	普通匹配10V10竞技积分	天梯10V10局数	普通10V10局数	天梯10V10竞技加分	普通匹配10V10竞技加分	表现系数	波动系数	高分系数	当局MVP	消费信息
161145, 	浮夸一世丶宇mmm	1	541	510	6	1877	31	20	1	1	1	377	1214
161145, 	无哈哈534	2	527	637	21	1968	12	15	1	1	1	312	1112
161145, 	C灭天	3	504	448	9	460	23	23	1	1	1	345	198
161145, 	战天英豪	4	535	543	103	3758	12	19	1	1	1	324	132
161145, 	真心丶难过	5	544	678	157	5458	6	13	1	1	1	421	669
161145, 	夜色终堕落	6	518	582	89	12853	18	26	1.5	1	1	481	575
161145, 	wt7358639	7	529	623	34	2105	12	15	1	1	1	362	618
161145, 	极品鸭子3000	8	524	672	130	6450	14	16	1.2	1	1	464	350
161145, 	过期号码	9	550	683	185	2250	26	25	2	1	1	661	460
161145, 	孤影流星11	10	501	594	175	7891	13	17	1	1	1	323	547
161145, 	夏季风	11	530	731	23	113	-7	-13	0.6	1	1	487	1327
161145, 	zuodada	12	514	254	244	2459	0	-4	1	1	1	101	1
161145, 	晴丶爱你一辈子	13	550	349	28	4872	-6	-3	0.5	1	1	594	924
161145, 	No乱世丶小败家	14	526	755	35	46	-12	-23	1	1	1	206	823
161145, 	天气太热了1	15	514	816	35	35	-8	-17	0.7	1	1	457	309
161145, 	出去开始	16	582	717	78	814	-12	-21	1	1	1	225	345
161145, 	迩妈丿成妓侍汗	17	514	510	104	375	-12	-12	1	1	1	217	431
161145, 	lcdpxt921218	18	534	645	305	1482	-12	-18	1	1	1	365	606
161145, 	qazwsx736	19	539	701	138	3581	-12	-21	1	1	1	264	404
161145, 	涛妹251	20	510	575	20	1314	-9	-15	1	1	1	389	542
161145, ***************以下是开局时的匹配信息****************
161145, 	玩家名	controlid	天梯10V10竞技积分	普通匹配10V10竞技积分	天梯10V10局数	普通10V10局数	组队系数	组队后匹配信息	消费信息	局质量
161145, 	浮夸一世丶宇mmm	1	541	510	6	1877	1	541	1210	100
161145, 	狼牙将士;font=418163832;a=255;r=138;g=133;b=78;|return=5|;|text=无哈哈534	2	527	637	21	1968	1	527	953	100
161145, 	C灭天	3	504	448	9	460	1	504	198	100
161145, 	平凡一技	4	527	566	128	4541	1	527	305	100
161145, 	狼牙将士;font=418163832;a=255;r=138;g=133;b=78;|return=5|;|text=真心丶难过	5	544	678	157	5458	1	544	648	100
161145, 	被遗忘了的叶	6	514	499	83	220	1	514	440	100
161145, 	狼牙将士;font=418163832;a=255;r=138;g=133;b=78;|return=5|;|text=wt7358639	7	529	623	34	2105	1	529	629	100
161145, 	狼牙将士;font=418163832;a=255;r=138;g=133;b=78;|return=5|;|text=极品鸭子3000	8	524	672	130	6450	1	524	381	100
161145, 	狼牙将士;font=418163832;a=255;r=138;g=133;b=78;|return=5|;|text=过期号码	9	550	683	185	2250	1	550	460	100
161145, 	狼牙将士;font=418163832;a=255;r=138;g=133;b=78;|return=5|;|text=孤影流星11	10	501	594	175	7891	1	501	534	100
161145, 	狼牙将士;font=418163832;a=255;r=138;g=133;b=78;|return=5|;|text=夏季风	11	530	731	23	113	1	530	1438	100
161145, 	o0血灬彪	12	501	1396	1	58	1	501	1	100
161145, 	狼牙将士;font=418163832;a=255;r=138;g=133;b=78;|return=5|;|text=晴丶爱你一辈子	13	550	349	28	4872	1	550	779	100
161145, 	狼牙将士;font=418163832;a=255;r=138;g=133;b=78;|return=5|;|text=No乱世丶小败家	14	526	755	35	46	1	526	764	100
161145, 	狼牙将士;font=418163832;a=255;r=138;g=133;b=78;|return=5|;|text=天气太热了1	15	514	816	35	35	1	514	283	100
161145, 	灬夏末秋凉灬	16	501	397	11	1610	1	501	741	100
161145, 	狼牙将士;font=418163832;a=255;r=138;g=133;b=78;|return=5|;|text=迩妈丿成妓侍汗	17	514	510	104	375	1	514	464	100
161145, 	狼牙将士;font=418163832;a=255;r=138;g=133;b=78;|return=5|;|text=lcdpxt921218	18	534	645	305	1482	1	534	645	100
161145, 	狼牙将士;font=418163832;a=255;r=138;g=133;b=78;|return=5|;|text=qazwsx736	19	539	701	138	3581	1	539	398	100
161145, 	狼牙将士;font=418163832;a=255;r=138;g=133;b=78;|return=5|;|text=涛妹251	20	510	575	20	1314	1	510	537	100
161145, 更详细的记录在eloScore
