5, ***************开局查询积分**********************
5, 玩家名：平凡一技
5, 天梯10V10竞技积分 = 527
5, 普通匹配10V10竞技积分 = 566
5, 天梯10V10局数 = 128
5, 普通10V10局数 = 4541
5, 预留 = 54
5, 段位 =  兵卒五等
5, ***************开局查询积分**********************
5, 玩家名：迩妈丿成妓侍汗
5, 天梯10V10竞技积分 = 514
5, 普通匹配10V10竞技积分 = 510
5, 天梯10V10局数 = 104
5, 普通10V10局数 = 375
5, 预留 = 28
5, 段位 =  兵卒五等
5, ***************开局查询积分**********************
5, 玩家名：o0血灬彪
5, 天梯10V10竞技积分 = 501
5, 普通匹配10V10竞技积分 = 1396
5, 天梯10V10局数 = 1
5, 普通10V10局数 = 58
5, 预留 = 65
5, 段位 =  兵卒五等
5, ***************开局查询积分**********************
5, 玩家名：无哈哈534
5, 天梯10V10竞技积分 = 527
5, 普通匹配10V10竞技积分 = 637
5, 天梯10V10局数 = 21
5, 普通10V10局数 = 1968
5, 预留 = 54
5, 段位 =  兵卒五等
5, ***************开局查询积分**********************
5, 玩家名：过期号码
5, 天梯10V10竞技积分 = 550
5, 普通匹配10V10竞技积分 = 683
5, 天梯10V10局数 = 185
5, 普通10V10局数 = 2250
5, 预留 = 100
5, 段位 =  兵卒五等
5, ***************开局查询积分**********************
5, 玩家名：被遗忘了的叶
5, 天梯10V10竞技积分 = 514
5, 普通匹配10V10竞技积分 = 499
5, 天梯10V10局数 = 83
5, 普通10V10局数 = 220
5, 预留 = 28
5, 段位 =  兵卒五等
5, ***************开局查询积分**********************
5, 玩家名：No乱世丶小败家
5, 天梯10V10竞技积分 = 526
5, 普通匹配10V10竞技积分 = 755
5, 天梯10V10局数 = 35
5, 普通10V10局数 = 46
5, 预留 = 52
5, 段位 =  兵卒五等
5, ***************开局查询积分**********************
5, 玩家名：晴丶爱你一辈子
5, 天梯10V10竞技积分 = 550
5, 普通匹配10V10竞技积分 = 349
5, 天梯10V10局数 = 28
5, 普通10V10局数 = 4872
5, 预留 = 100
5, 段位 =  兵卒五等
5, ***************开局查询积分**********************
5, 玩家名：wt7358639
5, 天梯10V10竞技积分 = 529
5, 普通匹配10V10竞技积分 = 623
5, 天梯10V10局数 = 34
5, 普通10V10局数 = 2105
5, 预留 = 58
5, 段位 =  兵卒五等
5, ***************开局查询积分**********************
5, 玩家名：极品鸭子3000
5, 天梯10V10竞技积分 = 524
5, 普通匹配10V10竞技积分 = 672
5, 天梯10V10局数 = 130
5, 普通10V10局数 = 6450
5, 预留 = 48
5, 段位 =  兵卒五等
5, ***************开局查询积分**********************
5, 玩家名：孤影流星11
5, 天梯10V10竞技积分 = 501
5, 普通匹配10V10竞技积分 = 594
5, 天梯10V10局数 = 175
5, 普通10V10局数 = 7891
5, 预留 = 0
5, 段位 =  兵卒五等
5, ***************开局查询积分**********************
5, 玩家名：真心丶难过
5, 天梯10V10竞技积分 = 544
5, 普通匹配10V10竞技积分 = 678
5, 天梯10V10局数 = 157
5, 普通10V10局数 = 5458
5, 预留 = 88
5, 段位 =  兵卒五等
5, ***************开局查询积分**********************
5, 玩家名：天气太热了1
5, 天梯10V10竞技积分 = 514
5, 普通匹配10V10竞技积分 = 816
5, 天梯10V10局数 = 35
5, 普通10V10局数 = 35
5, 预留 = 28
5, 段位 =  兵卒五等
5, ***************开局查询积分**********************
5, 玩家名：浮夸一世丶宇mmm
5, 天梯10V10竞技积分 = 541
5, 普通匹配10V10竞技积分 = 510
5, 天梯10V10局数 = 6
5, 普通10V10局数 = 1877
5, 预留 = 62
5, 段位 =  兵卒五等
5, ***************开局查询积分**********************
5, 玩家名：qazwsx736
5, 天梯10V10竞技积分 = 539
5, 普通匹配10V10竞技积分 = 701
5, 天梯10V10局数 = 138
5, 普通10V10局数 = 3581
5, 预留 = 78
5, 段位 =  兵卒五等
5, ***************开局查询积分**********************
5, 玩家名：灬夏末秋凉灬
5, 天梯10V10竞技积分 = 501
5, 普通匹配10V10竞技积分 = 397
5, 天梯10V10局数 = 11
5, 普通10V10局数 = 1610
5, 预留 = 0
5, 段位 =  兵卒五等
5, ***************开局查询积分**********************
5, 玩家名：涛妹251
5, 天梯10V10竞技积分 = 510
5, 普通匹配10V10竞技积分 = 575
5, 天梯10V10局数 = 20
5, 普通10V10局数 = 1314
5, 预留 = 20
5, 段位 =  兵卒五等
5, ***************开局查询积分**********************
5, 玩家名：C灭天
5, 天梯10V10竞技积分 = 504
5, 普通匹配10V10竞技积分 = 448
5, 天梯10V10局数 = 9
5, 普通10V10局数 = 460
5, 预留 = 68
5, 段位 =  兵卒五等
5, ***************开局查询积分**********************
5, 玩家名：lcdpxt921218
5, 天梯10V10竞技积分 = 534
5, 普通匹配10V10竞技积分 = 645
5, 天梯10V10局数 = 305
5, 普通10V10局数 = 1482
5, 预留 = 68
5, 段位 =  兵卒五等
5, ***************开局查询积分**********************
5, 玩家名：夏季风
5, 天梯10V10竞技积分 = 530
5, 普通匹配10V10竞技积分 = 731
5, 天梯10V10局数 = 23
5, 普通10V10局数 = 113
5, 预留 = 60
5, 段位 =  兵卒五等
11929, ***************整理逃跑玩家信息**********************
11929, 玩家名：平凡一技
11929, ELOSwitch = 1
11929, ELOkind = 2
11929, Add_Point = -11
11929, 天梯10V10竞技积分 = -24
11929, 普通匹配10V10竞技积分 = -11
11929, 天梯10V10局数 = 1
11929, 普通10V10局数 = 1
11929, 表现系数 = 1
11929, 波动系数 = 1
11929, 高分系数 = 1
11929, 消费信息 = 271
47469, ***************整理逃跑玩家信息**********************
47469, 玩家名：狼牙将士;font=418163832;a=255;r=138;g=133;b=78;|return=5|;|text=被遗忘了的叶
47469, ELOSwitch = 1
47469, ELOkind = 2
47469, Add_Point = -8
47469, 天梯10V10竞技积分 = -13
47469, 普通匹配10V10竞技积分 = -8
47469, 天梯10V10局数 = 1
47469, 普通10V10局数 = 1
47469, 表现系数 = 1
47469, 波动系数 = 1
47469, 高分系数 = 1
47469, 消费信息 = 369
51765, ***************开局查询积分**********************
51765, 玩家名：战天英豪
51765, 天梯10V10竞技积分 = 535
51765, 普通匹配10V10竞技积分 = 543
51765, 天梯10V10局数 = 103
51765, 普通10V10局数 = 3758
51765, 预留 = 70
51765, 段位 =  兵卒五等
52049, ***************开局查询积分**********************
52049, 玩家名：战天英豪
52049, 天梯10V10竞技积分 = 535
52049, 普通匹配10V10竞技积分 = 543
52049, 天梯10V10局数 = 103
52049, 普通10V10局数 = 3758
52049, 预留 = 70
52049, 段位 =  兵卒五等
52473, ***************开局查询积分**********************
52473, 玩家名：夜色终堕落
52473, 天梯10V10竞技积分 = 518
52473, 普通匹配10V10竞技积分 = 594
52473, 天梯10V10局数 = 88
52473, 普通10V10局数 = 12852
52473, 预留 = 36
52473, 段位 =  兵卒五等
52745, ***************开局查询积分**********************
52745, 玩家名：夜色终堕落
52745, 天梯10V10竞技积分 = 518
52745, 普通匹配10V10竞技积分 = 594
52745, 天梯10V10局数 = 88
52745, 普通10V10局数 = 12852
52745, 预留 = 36
52745, 段位 =  兵卒五等
96489, ***************整理逃跑玩家信息**********************
96489, 玩家名：狼牙将士;font=418163832;a=255;r=138;g=133;b=78;|return=5|;|text=灬夏末秋凉灬
96489, ELOSwitch = 1
96489, ELOkind = 2
96489, Add_Point = -8
96489, 天梯10V10竞技积分 = 0
96489, 普通匹配10V10竞技积分 = -8
96489, 天梯10V10局数 = 1
96489, 普通10V10局数 = 1
96489, 表现系数 = 1
96489, 波动系数 = 1
96489, 高分系数 = 1
96489, 消费信息 = 542
101213, ***************开局查询积分**********************
101213, 玩家名：丨丶傲爷灬城
101213, 天梯10V10竞技积分 = 638
101213, 普通匹配10V10竞技积分 = 534
101213, 天梯10V10局数 = 150
101213, 普通10V10局数 = 2838
101213, 预留 = 76
101213, 段位 =  兵卒三等
101517, ***************开局查询积分**********************
101517, 玩家名：丨丶傲爷灬城
101517, 天梯10V10竞技积分 = 638
101517, 普通匹配10V10竞技积分 = 534
101517, 天梯10V10局数 = 150
101517, 普通10V10局数 = 2838
101517, 预留 = 76
101517, 段位 =  兵卒三等
114285, ***************整理逃跑玩家信息**********************
114285, 玩家名：丨丶傲爷灬城
114285, ELOSwitch = 1
114285, ELOkind = 2
114285, Add_Point = -13
114285, 天梯10V10竞技积分 = 0
114285, 普通匹配10V10竞技积分 = -13
114285, 天梯10V10局数 = 1
114285, 普通10V10局数 = 1
114285, 表现系数 = 1
114285, 波动系数 = 1
114285, 高分系数 = 1
114285, 消费信息 = 158
119113, ***************开局查询积分**********************
119113, 玩家名：出去开始
119113, 天梯10V10竞技积分 = 582
119113, 普通匹配10V10竞技积分 = 717
119113, 天梯10V10局数 = 78
119113, 普通10V10局数 = 814
119113, 预留 = 64
119113, 段位 =  兵卒四等
119445, ***************开局查询积分**********************
119445, 玩家名：出去开始
119445, 天梯10V10竞技积分 = 582
119445, 普通匹配10V10竞技积分 = 717
119445, 天梯10V10局数 = 78
119445, 普通10V10局数 = 814
119445, 预留 = 64
119445, 段位 =  兵卒四等
124389, ***************整理逃跑玩家信息**********************
124389, 玩家名：o0血灬彪
124389, ELOSwitch = 1
124389, ELOkind = 2
124389, Add_Point = -29
124389, 天梯10V10竞技积分 = 0
124389, 普通匹配10V10竞技积分 = -29
124389, 天梯10V10局数 = 1
124389, 普通10V10局数 = 1
124389, 表现系数 = 1
124389, 波动系数 = 1
124389, 高分系数 = 1
124389, 消费信息 = 1
132725, ***************开局查询积分**********************
132725, 玩家名：马岱玩新手
132725, 天梯10V10竞技积分 = 538
132725, 普通匹配10V10竞技积分 = 624
132725, 天梯10V10局数 = 119
132725, 普通10V10局数 = 4263
132725, 预留 = 76
132725, 段位 =  兵卒五等
133037, ***************开局查询积分**********************
133037, 玩家名：马岱玩新手
133037, 天梯10V10竞技积分 = 538
133037, 普通匹配10V10竞技积分 = 624
133037, 天梯10V10局数 = 119
133037, 普通10V10局数 = 4263
133037, 预留 = 76
133037, 段位 =  兵卒五等
134053, ***************整理逃跑玩家信息**********************
134053, 玩家名：马岱玩新手
134053, ELOSwitch = 1
134053, ELOkind = 2
134053, Add_Point = -17
134053, 天梯10V10竞技积分 = 0
134053, 普通匹配10V10竞技积分 = -17
134053, 天梯10V10局数 = 1
134053, 普通10V10局数 = 1
134053, 表现系数 = 1
134053, 波动系数 = 1
134053, 高分系数 = 1
134053, 消费信息 = 401
139989, ***************开局查询积分**********************
139989, 玩家名：zuodada
139989, 天梯10V10竞技积分 = 514
139989, 普通匹配10V10竞技积分 = 254
139989, 天梯10V10局数 = 244
139989, 普通10V10局数 = 2459
139989, 预留 = -1478
139989, 段位 =  兵卒五等
140237, ***************开局查询积分**********************
140237, 玩家名：zuodada
140237, 天梯10V10竞技积分 = 514
140237, 普通匹配10V10竞技积分 = 254
140237, 天梯10V10局数 = 244
140237, 普通10V10局数 = 2459
140237, 预留 = -1478
140237, 段位 =  兵卒五等
160865, ***************开局查询积分**********************
160865, 玩家名：浮夸一世丶宇mmm
160865, 天梯10V10竞技积分 = 541
160865, 普通匹配10V10竞技积分 = 510
160865, 天梯10V10局数 = 6
160865, 普通10V10局数 = 1877
160865, 预留 = 62
160865, 段位 =  兵卒五等
160869, ***************开局查询积分**********************
160869, 玩家名：狼牙将士;font=418163832;a=255;r=138;g=133;b=78;|return=5|;|text=无哈哈534
160869, 天梯10V10竞技积分 = 527
160869, 普通匹配10V10竞技积分 = 637
160869, 天梯10V10局数 = 21
160869, 普通10V10局数 = 1968
160869, 预留 = 54
160869, 段位 =  兵卒五等
160869, ***************开局查询积分**********************
160869, 玩家名：狼牙将士;font=418163832;a=255;r=138;g=133;b=78;|return=5|;|text=迩妈丿成妓侍汗
160869, 天梯10V10竞技积分 = 514
160869, 普通匹配10V10竞技积分 = 510
160869, 天梯10V10局数 = 104
160869, 普通10V10局数 = 375
160869, 预留 = 28
160869, 段位 =  兵卒五等
160869, ***************开局查询积分**********************
160869, 玩家名：夜色终堕落
160869, 天梯10V10竞技积分 = 518
160869, 普通匹配10V10竞技积分 = 582
160869, 天梯10V10局数 = 89
160869, 普通10V10局数 = 12853
160869, 预留 = 36
160869, 段位 =  兵卒五等
160869, ***************开局查询积分**********************
160869, 玩家名：出去开始
160869, 天梯10V10竞技积分 = 582
160869, 普通匹配10V10竞技积分 = 717
160869, 天梯10V10局数 = 78
160869, 普通10V10局数 = 814
160869, 预留 = 64
160869, 段位 =  兵卒四等
160869, ***************开局查询积分**********************
160869, 玩家名：狼牙将士;font=418163832;a=255;r=138;g=133;b=78;|return=5|;|text=战天英豪
160869, 天梯10V10竞技积分 = 535
160869, 普通匹配10V10竞技积分 = 543
160869, 天梯10V10局数 = 103
160869, 普通10V10局数 = 3758
160869, 预留 = 70
160869, 段位 =  兵卒五等
160869, ***************开局查询积分**********************
160869, 玩家名：C灭天
160869, 天梯10V10竞技积分 = 504
160869, 普通匹配10V10竞技积分 = 448
160869, 天梯10V10局数 = 9
160869, 普通10V10局数 = 460
160869, 预留 = 68
160869, 段位 =  兵卒五等
160869, ***************开局查询积分**********************
160869, 玩家名：狼牙将士;font=418163832;a=255;r=138;g=133;b=78;|return=5|;|text=孤影流星11
160869, 天梯10V10竞技积分 = 501
160869, 普通匹配10V10竞技积分 = 594
160869, 天梯10V10局数 = 175
160869, 普通10V10局数 = 7891
160869, 预留 = 0
160869, 段位 =  兵卒五等
160869, ***************开局查询积分**********************
160869, 玩家名：zuodada
160869, 天梯10V10竞技积分 = 514
160869, 普通匹配10V10竞技积分 = 254
160869, 天梯10V10局数 = 244
160869, 普通10V10局数 = 2459
160869, 预留 = -1478
160869, 段位 =  兵卒五等
160869, ***************开局查询积分**********************
160869, 玩家名：狼牙将士;font=418163832;a=255;r=138;g=133;b=78;|return=5|;|text=涛妹251
160869, 天梯10V10竞技积分 = 510
160869, 普通匹配10V10竞技积分 = 575
160869, 天梯10V10局数 = 20
160869, 普通10V10局数 = 1314
160869, 预留 = 20
160869, 段位 =  兵卒五等
160873, ***************开局查询积分**********************
160873, 玩家名：狼牙将士;font=418163832;a=255;r=138;g=133;b=78;|return=5|;|text=晴丶爱你一辈子
160873, 天梯10V10竞技积分 = 550
160873, 普通匹配10V10竞技积分 = 349
160873, 天梯10V10局数 = 28
160873, 普通10V10局数 = 4872
160873, 预留 = 100
160873, 段位 =  兵卒五等
160873, ***************开局查询积分**********************
160873, 玩家名：狼牙将士;font=418163832;a=255;r=138;g=133;b=78;|return=5|;|text=wt7358639
160873, 天梯10V10竞技积分 = 529
160873, 普通匹配10V10竞技积分 = 623
160873, 天梯10V10局数 = 34
160873, 普通10V10局数 = 2105
160873, 预留 = 58
160873, 段位 =  兵卒五等
160873, ***************开局查询积分**********************
160873, 玩家名：狼牙将士;font=418163832;a=255;r=138;g=133;b=78;|return=5|;|text=真心丶难过
160873, 天梯10V10竞技积分 = 544
160873, 普通匹配10V10竞技积分 = 678
160873, 天梯10V10局数 = 157
160873, 普通10V10局数 = 5458
160873, 预留 = 88
160873, 段位 =  兵卒五等
160873, ***************开局查询积分**********************
160873, 玩家名：狼牙将士;font=418163832;a=255;r=138;g=133;b=78;|return=5|;|text=过期号码
160873, 天梯10V10竞技积分 = 550
160873, 普通匹配10V10竞技积分 = 683
160873, 天梯10V10局数 = 185
160873, 普通10V10局数 = 2250
160873, 预留 = 100
160873, 段位 =  兵卒五等
160873, ***************开局查询积分**********************
160873, 玩家名：狼牙将士;font=418163832;a=255;r=138;g=133;b=78;|return=5|;|text=天气太热了1
160873, 天梯10V10竞技积分 = 514
160873, 普通匹配10V10竞技积分 = 816
160873, 天梯10V10局数 = 35
160873, 普通10V10局数 = 35
160873, 预留 = 28
160873, 段位 =  兵卒五等
160877, ***************开局查询积分**********************
160877, 玩家名：狼牙将士;font=418163832;a=255;r=138;g=133;b=78;|return=5|;|text=No乱世丶小败家
160877, 天梯10V10竞技积分 = 526
160877, 普通匹配10V10竞技积分 = 755
160877, 天梯10V10局数 = 35
160877, 普通10V10局数 = 46
160877, 预留 = 52
160877, 段位 =  兵卒五等
160881, ***************开局查询积分**********************
160881, 玩家名：狼牙将士;font=418163832;a=255;r=138;g=133;b=78;|return=5|;|text=qazwsx736
160881, 天梯10V10竞技积分 = 539
160881, 普通匹配10V10竞技积分 = 701
160881, 天梯10V10局数 = 138
160881, 普通10V10局数 = 3581
160881, 预留 = 78
160881, 段位 =  兵卒五等
160881, ***************开局查询积分**********************
160881, 玩家名：狼牙将士;font=418163832;a=255;r=138;g=133;b=78;|return=5|;|text=夏季风
160881, 天梯10V10竞技积分 = 530
160881, 普通匹配10V10竞技积分 = 731
160881, 天梯10V10局数 = 23
160881, 普通10V10局数 = 113
160881, 预留 = 60
160881, 段位 =  兵卒五等
160889, ***************开局查询积分**********************
160889, 玩家名：狼牙将士;font=418163832;a=255;r=138;g=133;b=78;|return=5|;|text=极品鸭子3000
160889, 天梯10V10竞技积分 = 524
160889, 普通匹配10V10竞技积分 = 672
160889, 天梯10V10局数 = 130
160889, 普通10V10局数 = 6450
160889, 预留 = 48
160889, 段位 =  兵卒五等
160897, ***************开局查询积分**********************
160897, 玩家名：狼牙将士;font=418163832;a=255;r=138;g=133;b=78;|return=5|;|text=lcdpxt921218
160897, 天梯10V10竞技积分 = 534
160897, 普通匹配10V10竞技积分 = 645
160897, 天梯10V10局数 = 305
160897, 普通10V10局数 = 1482
160897, 预留 = 68
160897, 段位 =  兵卒五等
161145, 消费信息 = 1214
161145, ***************整理正常玩家信息**********************
161145, 玩家名：浮夸一世丶宇mmm
161145, ELOSwitch = 1
161145, ELOkind = 2
161145, Add_Point = 20
161145, 天梯10V10竞技积分 = 31
161145, 普通匹配10V10竞技积分 = 20
161145, 天梯10V10局数 = 1
161145, 普通10V10局数 = 1
161145, 表现系数 = 1
161145, 波动系数 = 1
161145, 高分系数 = 1
161145, 消费信息 = 1112
161145, ***************整理正常玩家信息**********************
161145, 玩家名：狼牙将士;font=418163832;a=255;r=138;g=133;b=78;|return=5|;|text=无哈哈534
161145, ELOSwitch = 1
161145, ELOkind = 2
161145, Add_Point = 15
161145, 天梯10V10竞技积分 = 12
161145, 普通匹配10V10竞技积分 = 15
161145, 天梯10V10局数 = 1
161145, 普通10V10局数 = 1
161145, 表现系数 = 1
161145, 波动系数 = 1
161145, 高分系数 = 1
161145, 消费信息 = 198
161145, ***************整理正常玩家信息**********************
161145, 玩家名：C灭天
161145, ELOSwitch = 1
161145, ELOkind = 2
161145, Add_Point = 23
161145, 天梯10V10竞技积分 = 23
161145, 普通匹配10V10竞技积分 = 23
161145, 天梯10V10局数 = 1
161145, 普通10V10局数 = 1
161145, 表现系数 = 1
161145, 波动系数 = 1
161145, 高分系数 = 1
161145, 消费信息 = 132
161145, ***************整理正常玩家信息**********************
161145, 玩家名：狼牙将士;font=418163832;a=255;r=138;g=133;b=78;|return=5|;|text=战天英豪
161145, ELOSwitch = 1
161145, ELOkind = 2
161145, Add_Point = 19
161145, 天梯10V10竞技积分 = 12
161145, 普通匹配10V10竞技积分 = 19
161145, 天梯10V10局数 = 1
161145, 普通10V10局数 = 1
161145, 表现系数 = 1
161145, 波动系数 = 1
161145, 高分系数 = 1
161145, 消费信息 = 669
161145, ***************整理正常玩家信息**********************
161145, 玩家名：狼牙将士;font=418163832;a=255;r=138;g=133;b=78;|return=5|;|text=真心丶难过
161145, ELOSwitch = 1
161145, ELOkind = 2
161145, Add_Point = 13
161145, 天梯10V10竞技积分 = 6
161145, 普通匹配10V10竞技积分 = 13
161145, 天梯10V10局数 = 1
161145, 普通10V10局数 = 1
161145, 表现系数 = 1
161145, 波动系数 = 1
161145, 高分系数 = 1
161145, 消费信息 = 575
161145, ***************整理正常玩家信息**********************
161145, 玩家名：夜色终堕落
161145, ELOSwitch = 1
161145, ELOkind = 2
161145, Add_Point = 26
161145, 天梯10V10竞技积分 = 18
161145, 普通匹配10V10竞技积分 = 26
161145, 天梯10V10局数 = 1
161145, 普通10V10局数 = 1
161145, 表现系数 = 1
161145, 波动系数 = 1
161145, 高分系数 = 1
161145, 消费信息 = 618
161145, ***************整理正常玩家信息**********************
161145, 玩家名：狼牙将士;font=418163832;a=255;r=138;g=133;b=78;|return=5|;|text=wt7358639
161145, ELOSwitch = 1
161145, ELOkind = 2
161145, Add_Point = 15
161145, 天梯10V10竞技积分 = 12
161145, 普通匹配10V10竞技积分 = 15
161145, 天梯10V10局数 = 1
161145, 普通10V10局数 = 1
161145, 表现系数 = 1
161145, 波动系数 = 1
161145, 高分系数 = 1
161145, 消费信息 = 350
161145, ***************整理正常玩家信息**********************
161145, 玩家名：狼牙将士;font=418163832;a=255;r=138;g=133;b=78;|return=5|;|text=极品鸭子3000
161145, ELOSwitch = 1
161145, ELOkind = 2
161145, Add_Point = 16
161145, 天梯10V10竞技积分 = 14
161145, 普通匹配10V10竞技积分 = 16
161145, 天梯10V10局数 = 1
161145, 普通10V10局数 = 1
161145, 表现系数 = 1
161145, 波动系数 = 1
161145, 高分系数 = 1
161145, 消费信息 = 460
161145, ***************整理正常玩家信息**********************
161145, 玩家名：狼牙将士;font=418163832;a=255;r=138;g=133;b=78;|return=5|;|text=过期号码
161145, ELOSwitch = 1
161145, ELOkind = 2
161145, Add_Point = 25
161145, 天梯10V10竞技积分 = 26
161145, 普通匹配10V10竞技积分 = 25
161145, 天梯10V10局数 = 1
161145, 普通10V10局数 = 1
161145, 表现系数 = 1
161145, 波动系数 = 1
161145, 高分系数 = 1
161145, 消费信息 = 547
161145, ***************整理正常玩家信息**********************
161145, 玩家名：狼牙将士;font=418163832;a=255;r=138;g=133;b=78;|return=5|;|text=孤影流星11
161145, ELOSwitch = 1
161145, ELOkind = 2
161145, Add_Point = 17
161145, 天梯10V10竞技积分 = 13
161145, 普通匹配10V10竞技积分 = 17
161145, 天梯10V10局数 = 1
161145, 普通10V10局数 = 1
161145, 表现系数 = 1
161145, 波动系数 = 1
161145, 高分系数 = 1
161145, 消费信息 = 1327
161145, ***************整理正常玩家信息**********************
161145, 玩家名：狼牙将士;font=418163832;a=255;r=138;g=133;b=78;|return=5|;|text=夏季风
161145, ELOSwitch = 1
161145, ELOkind = 2
161145, Add_Point = -13
161145, 天梯10V10竞技积分 = -7
161145, 普通匹配10V10竞技积分 = -13
161145, 天梯10V10局数 = 1
161145, 普通10V10局数 = 1
161145, 表现系数 = 1
161145, 波动系数 = 1
161145, 高分系数 = 1
161145, 消费信息 = 1
161145, ***************整理正常玩家信息**********************
161145, 玩家名：zuodada
161145, ELOSwitch = 1
161145, ELOkind = 2
161145, Add_Point = -4
161145, 天梯10V10竞技积分 = 0
161145, 普通匹配10V10竞技积分 = -4
161145, 天梯10V10局数 = 1
161145, 普通10V10局数 = 1
161145, 表现系数 = 1
161145, 波动系数 = 1
161145, 高分系数 = 1
161145, 消费信息 = 924
161145, ***************整理正常玩家信息**********************
161145, 玩家名：狼牙将士;font=418163832;a=255;r=138;g=133;b=78;|return=5|;|text=晴丶爱你一辈子
161145, ELOSwitch = 1
161145, ELOkind = 2
161145, Add_Point = -3
161145, 天梯10V10竞技积分 = -6
161145, 普通匹配10V10竞技积分 = -3
161145, 天梯10V10局数 = 1
161145, 普通10V10局数 = 1
161145, 表现系数 = 1
161145, 波动系数 = 1
161145, 高分系数 = 1
161145, 消费信息 = 823
161145, ***************整理正常玩家信息**********************
161145, 玩家名：狼牙将士;font=418163832;a=255;r=138;g=133;b=78;|return=5|;|text=No乱世丶小败家
161145, ELOSwitch = 1
161145, ELOkind = 2
161145, Add_Point = -23
161145, 天梯10V10竞技积分 = -12
161145, 普通匹配10V10竞技积分 = -23
161145, 天梯10V10局数 = 1
161145, 普通10V10局数 = 1
161145, 表现系数 = 1
161145, 波动系数 = 1
161145, 高分系数 = 1
161145, 消费信息 = 309
161145, ***************整理正常玩家信息**********************
161145, 玩家名：狼牙将士;font=418163832;a=255;r=138;g=133;b=78;|return=5|;|text=天气太热了1
161145, ELOSwitch = 1
161145, ELOkind = 2
161145, Add_Point = -17
161145, 天梯10V10竞技积分 = -8
161145, 普通匹配10V10竞技积分 = -17
161145, 天梯10V10局数 = 1
161145, 普通10V10局数 = 1
161145, 表现系数 = 1
161145, 波动系数 = 1
161145, 高分系数 = 1
161145, 消费信息 = 345
161145, ***************整理正常玩家信息**********************
161145, 玩家名：出去开始
161145, ELOSwitch = 1
161145, ELOkind = 2
161145, Add_Point = -21
161145, 天梯10V10竞技积分 = -12
161145, 普通匹配10V10竞技积分 = -21
161145, 天梯10V10局数 = 1
161145, 普通10V10局数 = 1
161145, 表现系数 = 1
161145, 波动系数 = 1
161145, 高分系数 = 1
161145, 消费信息 = 431
161145, ***************整理正常玩家信息**********************
161145, 玩家名：狼牙将士;font=418163832;a=255;r=138;g=133;b=78;|return=5|;|text=迩妈丿成妓侍汗
161145, ELOSwitch = 1
161145, ELOkind = 2
161145, Add_Point = -12
161145, 天梯10V10竞技积分 = -12
161145, 普通匹配10V10竞技积分 = -12
161145, 天梯10V10局数 = 1
161145, 普通10V10局数 = 1
161145, 表现系数 = 1
161145, 波动系数 = 1
161145, 高分系数 = 1
161145, 消费信息 = 606
161145, ***************整理正常玩家信息**********************
161145, 玩家名：狼牙将士;font=418163832;a=255;r=138;g=133;b=78;|return=5|;|text=lcdpxt921218
161145, ELOSwitch = 1
161145, ELOkind = 2
161145, Add_Point = -18
161145, 天梯10V10竞技积分 = -12
161145, 普通匹配10V10竞技积分 = -18
161145, 天梯10V10局数 = 1
161145, 普通10V10局数 = 1
161145, 表现系数 = 1
161145, 波动系数 = 1
161145, 高分系数 = 1
161145, 消费信息 = 404
161145, ***************整理正常玩家信息**********************
161145, 玩家名：狼牙将士;font=418163832;a=255;r=138;g=133;b=78;|return=5|;|text=qazwsx736
161145, ELOSwitch = 1
161145, ELOkind = 2
161145, Add_Point = -21
161145, 天梯10V10竞技积分 = -12
161145, 普通匹配10V10竞技积分 = -21
161145, 天梯10V10局数 = 1
161145, 普通10V10局数 = 1
161145, 表现系数 = 1
161145, 波动系数 = 1
161145, 高分系数 = 1
161145, 消费信息 = 542
161145, ***************整理正常玩家信息**********************
161145, 玩家名：狼牙将士;font=418163832;a=255;r=138;g=133;b=78;|return=5|;|text=涛妹251
161145, ELOSwitch = 1
161145, ELOkind = 2
161145, Add_Point = -15
161145, 天梯10V10竞技积分 = -9
161145, 普通匹配10V10竞技积分 = -15
161145, 天梯10V10局数 = 1
161145, 普通10V10局数 = 1
161145, 表现系数 = 1
161145, 波动系数 = 1
161145, 高分系数 = 1
161145, ***************整理正常玩家信息**********************
161145, 玩家名：蜀国
161145, ELOSwitch = 1
161145, ELOkind = 1
161145, Add_Point = 0
161145, 天梯10V10竞技积分 = 0
161145, 普通匹配10V10竞技积分 = 0
161145, 天梯10V10局数 = 1
161145, 普通10V10局数 = 0
161145, 表现系数 = 1
161145, 波动系数 = 1
161145, 高分系数 = 1
161145, ***************整理正常玩家信息**********************
161145, 玩家名：魏国
161145, ELOSwitch = 1
161145, ELOkind = 1
161145, Add_Point = 0
161145, 天梯10V10竞技积分 = 0
161145, 普通匹配10V10竞技积分 = 0
161145, 天梯10V10局数 = 1
161145, 普通10V10局数 = 0
161145, 表现系数 = 1
161145, 波动系数 = 1
161145, 高分系数 = 1
161145, ***************整理正常玩家信息**********************
161145, 玩家名：中立敌对
161145, ELOSwitch = 1
161145, ELOkind = 1
161145, Add_Point = 0
161145, 天梯10V10竞技积分 = 0
161145, 普通匹配10V10竞技积分 = 0
161145, 天梯10V10局数 = 1
161145, 普通10V10局数 = 0
161145, 表现系数 = 1
161145, 波动系数 = 1
161145, 高分系数 = 1
161145, ***************整理正常玩家信息**********************
161145, 玩家名：中立无敌意
161145, ELOSwitch = 1
161145, ELOkind = 1
161145, Add_Point = 0
161145, 天梯10V10竞技积分 = 0
161145, 普通匹配10V10竞技积分 = 0
161145, 天梯10V10局数 = 1
161145, 普通10V10局数 = 0
161145, 表现系数 = 1
161145, 波动系数 = 1
161145, 高分系数 = 1
