5, 查询到的结果0
5, 付费积分 = 305
5, 查询到的结果5
5, 付费积分 = 464
5, 查询到的结果0
5, 付费积分 = 1
5, 查询到的结果0
5, 付费积分 = 953
5, 查询到的结果0
5, 付费积分 = 460
5, 查询到的结果0
5, 付费积分 = 440
5, 查询到的结果0
5, 付费积分 = 764
5, 查询到的结果0
5, 付费积分 = 779
5, 查询到的结果393248
5, 付费积分 = 629
5, 查询到的结果0
5, 付费积分 = 381
5, 查询到的结果0
5, 付费积分 = 534
5, 查询到的结果0
5, 付费积分 = 648
5, 查询到的结果0
5, 付费积分 = 283
5, 查询到的结果0
5, 付费积分 = 1210
5, 查询到的结果0
5, 付费积分 = 398
5, 查询到的结果0
5, 付费积分 = 741
5, 查询到的结果5
5, 付费积分 = 537
5, 查询到的结果0
5, 付费积分 = 198
5, 查询到的结果0
5, 付费积分 = 645
5, 查询到的结果0
5, 付费积分 = 1438
609, Check_Herostyle control =13, unit_id=385 , style=0
617, Check_Herostyle control =18, unit_id=61 , style=0
657, Check_Herostyle control =5, unit_id=260 , style=0
697, Check_Herostyle control =1, unit_id=223 , style=0
729, Check_Herostyle control =14, unit_id=255 , style=0
785, Check_Herostyle control =20, unit_id=29 , style=0
789, Check_Herostyle control =3, unit_id=26 , style=0
793, Check_Herostyle control =8, unit_id=81 , style=0
797, Check_Herostyle control =19, unit_id=149 , style=0
893, Check_Herostyle control =2, unit_id=288 , style=0
929, Check_Herostyle control =9, unit_id=180 , style=0
1293, Check_Herostyle control =6, unit_id=60 , style=0
1345, Check_Herostyle control =11, unit_id=330 , style=0
1701, Check_Herostyle control =15, unit_id=218 , style=0
1949, Check_Herostyle control =12, unit_id=184 , style=0
2929, Check_Herostyle control =17, unit_id=146 , style=0
3017, Check_Herostyle control =16, unit_id=141 , style=0
3857, Check_Herostyle control =7, unit_id=188 , style=0
6929, Check_Herostyle control =10, unit_id=51 , style=0
51765, 查询到的结果0
51765, 付费积分 = 109
52049, 查询到的结果0
52049, 付费积分 = 109
52473, 查询到的结果0
52473, 付费积分 = 658
52569, Check_Herostyle control =4, unit_id=50 , style=0
52745, 查询到的结果0
52745, 付费积分 = 658
101213, 查询到的结果0
101213, 付费积分 = 158
101517, 查询到的结果0
101517, 付费积分 = 158
119113, 查询到的结果0
119113, 付费积分 = 346
119445, 查询到的结果0
119445, 付费积分 = 346
132725, 查询到的结果1115168
132725, 付费积分 = 515
133037, 查询到的结果1115168
133037, 付费积分 = 515
139989, 查询到的结果0
139989, 付费积分 = 1
140237, 查询到的结果0
140237, 付费积分 = 1
160865, 查询到的结果0
160865, 付费积分 = 1210
160869, 查询到的结果0
160869, 付费积分 = 953
160869, 查询到的结果5
160869, 付费积分 = 464
160869, 查询到的结果0
160869, 付费积分 = 574
160869, 查询到的结果0
160869, 付费积分 = 346
160869, 查询到的结果0
160869, 付费积分 = 109
160869, 查询到的结果0
160869, 付费积分 = 198
160869, 查询到的结果0
160869, 付费积分 = 534
160869, 查询到的结果0
160869, 付费积分 = 1
160869, 查询到的结果5
160869, 付费积分 = 537
160873, 查询到的结果0
160873, 付费积分 = 779
160873, 查询到的结果393248
160873, 付费积分 = 629
160873, 查询到的结果0
160873, 付费积分 = 648
160873, 查询到的结果0
160873, 付费积分 = 460
160873, 查询到的结果0
160873, 付费积分 = 283
160877, 查询到的结果0
160877, 付费积分 = 764
160881, 查询到的结果0
160881, 付费积分 = 398
160881, 查询到的结果0
160881, 付费积分 = 1438
160889, 查询到的结果0
160889, 付费积分 = 381
160897, 查询到的结果0
160897, 付费积分 = 645
161145, uploadScore       in
161145, uploadScore      in score2
161145, pcs;135;142;161;231;28;92;12;152;110;251;97;65;193;127;210;48
161145, uploadScore       return
161145, uploadScore       done
