0, Loading 新武勋大段：0,  小段：0,  玩家：1
0, Loading 新武勋大段：1,  小段：5,  玩家：2
0, Loading 新武勋大段：0,  小段：0,  玩家：3
0, Loading 新武勋大段：1,  小段：5,  玩家：4
0, Loading 新武勋大段：1,  小段：5,  玩家：5
0, Loading 新武勋大段：1,  小段：5,  玩家：6
0, Loading 新武勋大段：1,  小段：5,  玩家：7
0, Loading 新武勋大段：1,  小段：5,  玩家：8
0, Loading 新武勋大段：1,  小段：5,  玩家：9
0, Loading 新武勋大段：1,  小段：5,  玩家：10
0, Loading 新武勋大段：1,  小段：5,  玩家：11
0, Loading 新武勋大段：0,  小段：0,  玩家：12
0, Loading 新武勋大段：1,  小段：5,  玩家：13
0, Loading 新武勋大段：1,  小段：5,  玩家：14
0, Loading 新武勋大段：1,  小段：5,  玩家：15
0, Loading 新武勋大段：1,  小段：5,  玩家：16
0, Loading 新武勋大段：1,  小段：5,  玩家：17
0, Loading 新武勋大段：1,  小段：5,  玩家：18
0, Loading 新武勋大段：1,  小段：5,  玩家：19
0, Loading 新武勋大段：1,  小段：5,  玩家：20
937, CheckSpeItemWorkEvent 1 Item_id =6
1005, CheckSpeItemWorkEvent 1 Item_id =6
1053, CheckSpeItemWorkEvent 1 Item_id =24
1201, CheckSpeItemWorkEvent 1 Item_id =6
1265, CheckSpeItemWorkEvent 1 Item_id =25
1293, CheckSpeItemWorkEvent 1 Item_id =6
1357, CheckSpeItemWorkEvent 1 Item_id =24
1529, CheckSpeItemWorkEvent 1 Item_id =6
1561, CheckSpeItemWorkEvent 1 Item_id =24
1657, CheckSpeItemWorkEvent 1 Item_id =6
1701, CheckSpeItemWorkEvent 1 Item_id =376
1709, CheckSpeItemWorkEvent 1 Item_id =25
1885, CheckSpeItemWorkEvent 1 Item_id =108
2173, CheckSpeItemWorkEvent 1 Item_id =6
2225, CheckSpeItemWorkEvent 1 Item_id =6
2225, CheckSpeItemWorkEvent 1 Item_id =6
2265, CheckSpeItemWorkEvent 1 Item_id =24
2285, CheckSpeItemWorkEvent 1 Item_id =24
2305, CheckSpeItemWorkEvent 1 Item_id =24
2473, CheckSpeItemWorkEvent 1 Item_id =24
2477, CheckSpeItemWorkEvent 1 Item_id =6
2501, CheckSpeItemWorkEvent 1 Item_id =25
2565, CheckSpeItemWorkEvent 1 Item_id =25
2573, CheckSpeItemWorkEvent 1 Item_id =6
2605, CheckSpeItemWorkEvent 1 Item_id =24
2609, CheckSpeItemWorkEvent 1 Item_id =6
2609, CheckSpeItemWorkEvent 1 Item_id =24
2625, CheckSpeItemWorkEvent 1 Item_id =24
2641, CheckSpeItemWorkEvent 1 Item_id =24
2649, CheckSpeItemWorkEvent 1 Item_id =25
2921, CheckSpeItemWorkEvent 1 Item_id =24
2953, CheckSpeItemWorkEvent 1 Item_id =25
2957, CheckSpeItemWorkEvent 1 Item_id =25
3061, CheckSpeItemWorkEvent 1 Item_id =6
3109, CheckSpeItemWorkEvent 1 Item_id =25
3149, CheckSpeItemWorkEvent 1 Item_id =25
3165, CheckSpeItemWorkEvent 1 Item_id =25
3257, CheckSpeItemWorkEvent 1 Item_id =376
3285, CheckSpeItemWorkEvent 1 Item_id =380
3305, CheckSpeItemWorkEvent 1 Item_id =380
3349, CheckSpeItemWorkEvent 1 Item_id =376
3401, CheckSpeItemWorkEvent 1 Item_id =6
3417, CheckSpeItemWorkEvent 1 Item_id =24
3457, CheckSpeItemWorkEvent 1 Item_id =25
3757, CheckSpeItemWorkEvent 1 Item_id =6
3797, CheckSpeItemWorkEvent 1 Item_id =25
3897, CheckSpeItemWorkEvent 1 Item_id =25
3945, CheckSpeItemWorkEvent 1 Item_id =24
3985, CheckSpeItemWorkEvent 1 Item_id =25
4137, CheckSpeItemWorkEvent 1 Item_id =24
5357, CheckSpeItemWorkEvent 1 Item_id =6
5381, CheckSpeItemWorkEvent 1 Item_id =25
5409, CheckSpeItemWorkEvent 1 Item_id =25
5437, CheckSpeItemWorkEvent 1 Item_id =25
5461, CheckSpeItemWorkEvent 1 Item_id =25
5481, CheckSpeItemWorkEvent 1 Item_id =25
5497, CheckSpeItemWorkEvent 1 Item_id =25
5609, CheckSpeItemWorkEvent 1 Item_id =6
5857, CheckSpeItemWorkEvent 1 Item_id =380
5889, CheckSpeItemWorkEvent 1 Item_id =376
5921, CheckSpeItemWorkEvent 1 Item_id =380
5969, CheckSpeItemWorkEvent 1 Item_id =380
6025, CheckSpeItemWorkEvent 1 Item_id =376
6073, CheckSpeItemWorkEvent 1 Item_id =380
6137, CheckSpeItemWorkEvent 1 Item_id =6
6169, CheckSpeItemWorkEvent 1 Item_id =24
6193, CheckSpeItemWorkEvent 1 Item_id =24
6213, CheckSpeItemWorkEvent 1 Item_id =24
6297, CheckSpeItemWorkEvent 1 Item_id =25
7637, CheckSpeItemWorkEvent 1 Item_id =6
7733, CheckSpeItemWorkEvent 1 Item_id =380
7785, CheckSpeItemWorkEvent 1 Item_id =376
7917, CheckSpeItemWorkEvent 1 Item_id =31
7945, CheckSpeItemWorkEvent 1 Item_id =376
7965, CheckSpeItemWorkEvent 1 Item_id =376
8137, CheckSpeItemWorkEvent 1 Item_id =376
8153, CheckSpeItemWorkEvent 1 Item_id =25
8157, CheckSpeItemWorkEvent 1 Item_id =376
8213, CheckSpeItemWorkEvent 1 Item_id =380
8217, CheckSpeItemWorkEvent 1 Item_id =81
8353, CheckSpeItemWorkEvent 1 Item_id =376
8369, CheckSpeItemWorkEvent 1 Item_id =376
8393, CheckSpeItemWorkEvent 1 Item_id =376
8405, CheckSpeItemWorkEvent 1 Item_id =376
8449, CheckSpeItemWorkEvent 1 Item_id =380
8465, CheckSpeItemWorkEvent 1 Item_id =380
8485, CheckSpeItemWorkEvent 1 Item_id =380
8561, CheckSpeItemWorkEvent 1 Item_id =380
8629, CheckSpeItemWorkEvent 1 Item_id =376
10613, CheckSpeItemWorkEvent 1 Item_id =25
10633, CheckSpeItemWorkEvent 1 Item_id =25
10649, CheckSpeItemWorkEvent 1 Item_id =25
10701, CheckSpeItemWorkEvent 1 Item_id =31
10717, CheckSpeItemWorkEvent 1 Item_id =31
10793, CheckSpeItemWorkEvent 1 Item_id =376
10797, CheckSpeItemWorkEvent 1 Item_id =80
10949, CheckSpeItemWorkEvent 1 Item_id =380
11129, CheckSpeItemWorkEvent 1 Item_id =83
11929, GetSpeItemAdd 游戏时间不满20分钟， control_id=4
12145, CheckSpeItemWorkEvent 1 Item_id =19
12165, CheckSpeItemWorkEvent 1 Item_id =19
12285, CheckSpeItemWorkEvent 1 Item_id =25
12317, CheckSpeItemWorkEvent 1 Item_id =24
12325, CheckSpeItemWorkEvent 1 Item_id =31
12345, CheckSpeItemWorkEvent 1 Item_id =31
12385, CheckSpeItemWorkEvent 1 Item_id =31
13749, CheckSpeItemWorkEvent 1 Item_id =31
13773, CheckSpeItemWorkEvent 1 Item_id =31
13793, CheckSpeItemWorkEvent 1 Item_id =31
13809, CheckSpeItemWorkEvent 1 Item_id =31
13833, CheckSpeItemWorkEvent 1 Item_id =31
14873, CheckSpeItemWorkEvent 1 Item_id =41
15025, CheckSpeItemWorkEvent 1 Item_id =24
15041, CheckSpeItemWorkEvent 1 Item_id =24
15061, CheckSpeItemWorkEvent 1 Item_id =24
15073, CheckSpeItemWorkEvent 1 Item_id =104
15077, CheckSpeItemWorkEvent 1 Item_id =24
15145, CheckSpeItemWorkEvent 1 Item_id =25
15165, CheckSpeItemWorkEvent 1 Item_id =25
15185, CheckSpeItemWorkEvent 1 Item_id =25
15229, CheckSpeItemWorkEvent 1 Item_id =43
15305, CheckSpeItemWorkEvent 1 Item_id =83
15477, CheckSpeItemWorkEvent 1 Item_id =376
15993, CheckSpeItemWorkEvent 1 Item_id =15
16089, CheckSpeItemWorkEvent 1 Item_id =81
16273, CheckSpeItemWorkEvent 1 Item_id =25
16293, CheckSpeItemWorkEvent 1 Item_id =25
16313, CheckSpeItemWorkEvent 1 Item_id =25
16333, CheckSpeItemWorkEvent 1 Item_id =25
16337, CheckSpeItemWorkEvent 1 Item_id =89
16541, CheckSpeItemWorkEvent 1 Item_id =25
16561, CheckSpeItemWorkEvent 1 Item_id =25
16857, CheckSpeItemWorkEvent 1 Item_id =83
17425, CheckSpeItemWorkEvent 1 Item_id =87
17581, CheckSpeItemWorkEvent 1 Item_id =83
17749, CheckSpeItemWorkEvent 1 Item_id =81
17781, CheckSpeItemWorkEvent 1 Item_id =24
17789, CheckSpeItemWorkEvent 1 Item_id =104
17885, CheckSpeItemWorkEvent 1 Item_id =25
17921, CheckSpeItemWorkEvent 1 Item_id =25
17941, CheckSpeItemWorkEvent 1 Item_id =25
17957, CheckSpeItemWorkEvent 1 Item_id =25
18225, CheckSpeItemWorkEvent 1 Item_id =42
19097, CheckSpeItemWorkEvent 1 Item_id =31
19109, CheckSpeItemWorkEvent 1 Item_id =31
19137, CheckSpeItemWorkEvent 1 Item_id =31
19165, CheckSpeItemWorkEvent 1 Item_id =31
19613, CheckSpeItemWorkEvent 1 Item_id =83
20277, CheckSpeItemWorkEvent 1 Item_id =80
20457, CheckSpeItemWorkEvent 1 Item_id =82
21369, CheckSpeItemWorkEvent 1 Item_id =380
21389, CheckSpeItemWorkEvent 1 Item_id =380
21409, CheckSpeItemWorkEvent 1 Item_id =380
21473, CheckSpeItemWorkEvent 1 Item_id =86
21577, CheckSpeItemWorkEvent 1 Item_id =31
21597, CheckSpeItemWorkEvent 1 Item_id =31
21617, CheckSpeItemWorkEvent 1 Item_id =31
21633, CheckSpeItemWorkEvent 1 Item_id =31
21649, CheckSpeItemWorkEvent 1 Item_id =31
22985, CheckSpeItemWorkEvent 1 Item_id =376
23013, CheckSpeItemWorkEvent 1 Item_id =380
23037, CheckSpeItemWorkEvent 1 Item_id =376
23181, CheckSpeItemWorkEvent 1 Item_id =85
23533, CheckSpeItemWorkEvent 1 Item_id =29
23733, CheckSpeItemWorkEvent 1 Item_id =380
23761, CheckSpeItemWorkEvent 1 Item_id =125
23777, CheckSpeItemWorkEvent 1 Item_id =376
23797, CheckSpeItemWorkEvent 1 Item_id =387
23825, CheckSpeItemWorkEvent 1 Item_id =380
23853, CheckSpeItemWorkEvent 1 Item_id =376
23885, CheckSpeItemWorkEvent 1 Item_id =380
23913, CheckSpeItemWorkEvent 1 Item_id =380
23925, CheckSpeItemWorkEvent 1 Item_id =19
24061, CheckSpeItemWorkEvent 1 Item_id =83
24189, CheckSpeItemWorkEvent 1 Item_id =24
24205, CheckSpeItemWorkEvent 1 Item_id =24
25477, CheckSpeItemWorkEvent 1 Item_id =76
25541, CheckSpeItemWorkEvent 1 Item_id =31
25561, CheckSpeItemWorkEvent 1 Item_id =31
25577, CheckSpeItemWorkEvent 1 Item_id =31
25585, CheckSpeItemWorkEvent 1 Item_id =87
25601, CheckSpeItemWorkEvent 1 Item_id =31
25629, CheckSpeItemWorkEvent 1 Item_id =31
25697, CheckSpeItemWorkEvent 1 Item_id =75
25753, CheckSpeItemWorkEvent 1 Item_id =43
25829, CheckSpeItemWorkEvent 1 Item_id =20
25861, CheckSpeItemWorkEvent 1 Item_id =31
25889, CheckSpeItemWorkEvent 1 Item_id =31
25965, CheckSpeItemWorkEvent 1 Item_id =25
25981, CheckSpeItemWorkEvent 1 Item_id =86
25981, CheckSpeItemWorkEvent 1 Item_id =25
25997, CheckSpeItemWorkEvent 1 Item_id =25
26009, CheckSpeItemWorkEvent 1 Item_id =25
26085, CheckSpeItemWorkEvent 1 Item_id =13
26125, CheckSpeItemWorkEvent 1 Item_id =41
26129, CheckSpeItemWorkEvent 1 Item_id =174
26205, CheckSpeItemWorkEvent 1 Item_id =24
26225, CheckSpeItemWorkEvent 1 Item_id =24
26301, CheckSpeItemWorkEvent 1 Item_id =25
26321, CheckSpeItemWorkEvent 1 Item_id =25
26865, CheckSpeItemWorkEvent 1 Item_id =380
26905, CheckSpeItemWorkEvent 1 Item_id =9
27033, CheckSpeItemWorkEvent 1 Item_id =41
28741, CheckSpeItemWorkEvent 1 Item_id =88
28865, CheckSpeItemWorkEvent 1 Item_id =41
28985, CheckSpeItemWorkEvent 1 Item_id =25
29005, CheckSpeItemWorkEvent 1 Item_id =25
29025, CheckSpeItemWorkEvent 1 Item_id =25
29561, CheckSpeItemWorkEvent 1 Item_id =20
29893, CheckSpeItemWorkEvent 1 Item_id =429
30017, CheckSpeItemWorkEvent 1 Item_id =25
30041, CheckSpeItemWorkEvent 1 Item_id =24
30717, CheckSpeItemWorkEvent 1 Item_id =87
30801, CheckSpeItemWorkEvent 1 Item_id =88
31125, CheckSpeItemWorkEvent 1 Item_id =515
31237, CheckSpeItemWorkEvent 1 Item_id =376
32081, CheckSpeItemWorkEvent 1 Item_id =429
32173, CheckSpeItemWorkEvent 1 Item_id =78
32905, CheckSpeItemWorkEvent 1 Item_id =86
33021, CheckSpeItemWorkEvent 1 Item_id =31
33037, CheckSpeItemWorkEvent 1 Item_id =31
33057, CheckSpeItemWorkEvent 1 Item_id =31
33073, CheckSpeItemWorkEvent 1 Item_id =31
33089, CheckSpeItemWorkEvent 1 Item_id =31
33145, CheckSpeItemWorkEvent 1 Item_id =25
33165, CheckSpeItemWorkEvent 1 Item_id =25
33185, CheckSpeItemWorkEvent 1 Item_id =25
34081, CheckSpeItemWorkEvent 1 Item_id =88
34253, CheckSpeItemWorkEvent 1 Item_id =20
35105, CheckSpeItemWorkEvent 1 Item_id =86
35701, CheckSpeItemWorkEvent 1 Item_id =41
36593, CheckSpeItemWorkEvent 1 Item_id =88
36877, CheckSpeItemWorkEvent 1 Item_id =391
36961, CheckSpeItemWorkEvent 1 Item_id =41
37273, CheckSpeItemWorkEvent 1 Item_id =42
37581, CheckSpeItemWorkEvent 1 Item_id =106
37753, CheckSpeItemWorkEvent 1 Item_id =166
37825, CheckSpeItemWorkEvent 1 Item_id =31
37857, CheckSpeItemWorkEvent 1 Item_id =31
38149, CheckSpeItemWorkEvent 1 Item_id =89
38249, CheckSpeItemWorkEvent 1 Item_id =90
38305, CheckSpeItemWorkEvent 1 Item_id =177
38341, CheckSpeItemWorkEvent 1 Item_id =41
38373, CheckSpeItemWorkEvent 1 Item_id =176
38389, CheckSpeItemWorkEvent 1 Item_id =177
38481, CheckSpeItemWorkEvent 1 Item_id =41
38569, CheckSpeItemWorkEvent 1 Item_id =391
38617, CheckSpeItemWorkEvent 1 Item_id =87
39789, CheckSpeItemWorkEvent 1 Item_id =47
41753, CheckSpeItemWorkEvent 1 Item_id =667
42061, CheckSpeItemWorkEvent 1 Item_id =358
42161, CheckSpeItemWorkEvent 1 Item_id =78
42341, CheckSpeItemWorkEvent 1 Item_id =35
42413, CheckSpeItemWorkEvent 1 Item_id =667
42521, CheckSpeItemWorkEvent 1 Item_id =376
42541, CheckSpeItemWorkEvent 1 Item_id =376
42585, CheckSpeItemWorkEvent 1 Item_id =380
42605, CheckSpeItemWorkEvent 1 Item_id =380
42677, CheckSpeItemWorkEvent 1 Item_id =82
42681, CheckSpeItemWorkEvent 1 Item_id =89
42873, CheckSpeItemWorkEvent 1 Item_id =31
42893, CheckSpeItemWorkEvent 1 Item_id =31
43157, CheckSpeItemWorkEvent 1 Item_id =20
43581, CheckSpeItemWorkEvent 1 Item_id =515
44057, CheckSpeItemWorkEvent 1 Item_id =2138
44073, CheckSpeItemWorkEvent 1 Item_id =191
44133, CheckSpeItemWorkEvent 1 Item_id =393
44221, CheckSpeItemWorkEvent 1 Item_id =174
44321, CheckSpeItemWorkEvent 1 Item_id =31
44473, CheckSpeItemWorkEvent 1 Item_id =667
44485, CheckSpeItemWorkEvent 1 Item_id =81
44533, CheckSpeItemWorkEvent 1 Item_id =31
45593, CheckSpeItemWorkEvent 1 Item_id =38
45609, CheckSpeItemWorkEvent 1 Item_id =38
45993, CheckSpeItemWorkEvent 1 Item_id =393
46209, CheckSpeItemWorkEvent 1 Item_id =88
46253, CheckSpeItemWorkEvent 1 Item_id =41
46377, CheckSpeItemWorkEvent 1 Item_id =361
46553, CheckSpeItemWorkEvent 1 Item_id =31
46573, CheckSpeItemWorkEvent 1 Item_id =31
46593, CheckSpeItemWorkEvent 1 Item_id =31
46633, CheckSpeItemWorkEvent 1 Item_id =31
47325, CheckSpeItemWorkEvent 1 Item_id =106
47365, CheckSpeItemWorkEvent 1 Item_id =2182
47469, GetSpeItemAdd 游戏时间不满20分钟， control_id=6
47609, CheckSpeItemWorkEvent 1 Item_id =78
47633, CheckSpeItemWorkEvent 1 Item_id =90
48237, CheckSpeItemWorkEvent 1 Item_id =59
48397, CheckSpeItemWorkEvent 1 Item_id =29
48497, CheckSpeItemWorkEvent 1 Item_id =667
48665, CheckSpeItemWorkEvent 1 Item_id =358
48781, CheckSpeItemWorkEvent 1 Item_id =2138
48985, CheckSpeItemWorkEvent 1 Item_id =31
49365, CheckSpeItemWorkEvent 1 Item_id =31
49393, CheckSpeItemWorkEvent 1 Item_id =31
49457, CheckSpeItemWorkEvent 1 Item_id =31
49489, CheckSpeItemWorkEvent 1 Item_id =31
50161, CheckSpeItemWorkEvent 1 Item_id =177
50349, CheckSpeItemWorkEvent 1 Item_id =667
50533, CheckSpeItemWorkEvent 1 Item_id =20
50545, CheckSpeItemWorkEvent 1 Item_id =31
50965, CheckSpeItemWorkEvent 1 Item_id =20
51205, CheckSpeItemWorkEvent 1 Item_id =41
51449, CheckSpeItemWorkEvent 1 Item_id =201
52337, CheckSpeItemWorkEvent 1 Item_id =54
53037, CheckSpeItemWorkEvent 1 Item_id =83
53709, CheckSpeItemWorkEvent 1 Item_id =6
53729, CheckSpeItemWorkEvent 1 Item_id =91
54377, 开始CheckJoinShopSpe  game_time =924 , past_time=33 , G_Tab.CONTROL_PLAYER_joined[playerid][queue].Enter_time=891
54433, 开始CheckJoinShopSpe  game_time =925 , past_time=34 , G_Tab.CONTROL_PLAYER_joined[playerid][queue].Enter_time=891
55037, CheckSpeItemWorkEvent 1 Item_id =174
55149, CheckSpeItemWorkEvent 1 Item_id =19
55273, CheckSpeItemWorkEvent 1 Item_id =124
55333, CheckSpeItemWorkEvent 1 Item_id =86
55561, CheckSpeItemWorkEvent 1 Item_id =78
55657, CheckSpeItemWorkEvent 1 Item_id =31
55661, CheckSpeItemWorkEvent 1 Item_id =191
55661, CheckSpeItemWorkEvent 1 Item_id =9
55673, CheckSpeItemWorkEvent 1 Item_id =31
55853, CheckSpeItemWorkEvent 1 Item_id =13
55965, CheckSpeItemWorkEvent 1 Item_id =667
56161, CheckSpeItemWorkEvent 1 Item_id =30
56213, CheckSpeItemWorkEvent 1 Item_id =201
56861, CheckSpeItemWorkEvent 1 Item_id =361
56921, CheckSpeItemWorkEvent 1 Item_id =515
56961, CheckSpeItemWorkEvent 1 Item_id =803
57185, CheckSpeItemWorkEvent 1 Item_id =2159
57257, CheckSpeItemWorkEvent 1 Item_id =28
57517, CheckSpeItemWorkEvent 1 Item_id =31
57545, CheckSpeItemWorkEvent 1 Item_id =31
57577, CheckSpeItemWorkEvent 1 Item_id =31
57609, CheckSpeItemWorkEvent 1 Item_id =31
58237, CheckSpeItemWorkEvent 1 Item_id =41
58405, CheckSpeItemWorkEvent 1 Item_id =401
58837, CheckSpeItemWorkEvent 1 Item_id =31
58857, CheckSpeItemWorkEvent 1 Item_id =31
58877, CheckSpeItemWorkEvent 1 Item_id =31
58897, CheckSpeItemWorkEvent 1 Item_id =31
58917, CheckSpeItemWorkEvent 1 Item_id =31
59441, CheckSpeItemWorkEvent 1 Item_id =50
59557, CheckSpeItemWorkEvent 1 Item_id =667
60009, CheckSpeItemWorkEvent 1 Item_id =31
60029, CheckSpeItemWorkEvent 1 Item_id =31
60045, CheckSpeItemWorkEvent 1 Item_id =31
60301, CheckSpeItemWorkEvent 1 Item_id =166
60521, CheckSpeItemWorkEvent 1 Item_id =391
61625, CheckSpeItemWorkEvent 1 Item_id =31
61641, CheckSpeItemWorkEvent 1 Item_id =31
61661, CheckSpeItemWorkEvent 1 Item_id =31
61977, CheckSpeItemWorkEvent 1 Item_id =87
62101, CheckSpeItemWorkEvent 1 Item_id =88
62105, CheckSpeItemWorkEvent 1 Item_id =358
62153, CheckSpeItemWorkEvent 1 Item_id =401
62837, CheckSpeItemWorkEvent 1 Item_id =174
63109, CheckSpeItemWorkEvent 1 Item_id =2138
63205, CheckSpeItemWorkEvent 1 Item_id =376
63209, CheckSpeItemWorkEvent 1 Item_id =376
63229, CheckSpeItemWorkEvent 1 Item_id =31
63245, CheckSpeItemWorkEvent 1 Item_id =380
63245, CheckSpeItemWorkEvent 1 Item_id =201
63265, CheckSpeItemWorkEvent 1 Item_id =31
63293, CheckSpeItemWorkEvent 1 Item_id =31
63313, CheckSpeItemWorkEvent 1 Item_id =31
63321, CheckSpeItemWorkEvent 1 Item_id =201
63413, CheckSpeItemWorkEvent 1 Item_id =31
63433, CheckSpeItemWorkEvent 1 Item_id =31
63445, CheckSpeItemWorkEvent 1 Item_id =31
63653, CheckSpeItemWorkEvent 1 Item_id =380
63677, CheckSpeItemWorkEvent 1 Item_id =376
63717, CheckSpeItemWorkEvent 1 Item_id =376
63745, CheckSpeItemWorkEvent 1 Item_id =380
64581, CheckSpeItemWorkEvent 1 Item_id =166
64725, CheckSpeItemWorkEvent 1 Item_id =120
65189, CheckSpeItemWorkEvent 1 Item_id =667
65281, CheckSpeItemWorkEvent 1 Item_id =120
65385, CheckSpeItemWorkEvent 1 Item_id =387
65449, CheckSpeItemWorkEvent 1 Item_id =78
65481, CheckSpeItemWorkEvent 1 Item_id =816
65505, CheckSpeItemWorkEvent 1 Item_id =41
65641, CheckSpeItemWorkEvent 1 Item_id =102
66165, CheckSpeItemWorkEvent 1 Item_id =363
66369, CheckSpeItemWorkEvent 1 Item_id =318
66741, CheckSpeItemWorkEvent 1 Item_id =803
66793, CheckSpeItemWorkEvent 1 Item_id =515
66833, CheckSpeItemWorkEvent 1 Item_id =324
66921, CheckSpeItemWorkEvent 1 Item_id =90
67217, CheckSpeItemWorkEvent 1 Item_id =203
67541, CheckSpeItemWorkEvent 1 Item_id =501
68021, CheckSpeItemWorkEvent 1 Item_id =2137
68189, CheckSpeItemWorkEvent 1 Item_id =31
68757, CheckSpeItemWorkEvent 1 Item_id =166
69353, CheckSpeItemWorkEvent 1 Item_id =87
69389, CheckSpeItemWorkEvent 1 Item_id =41
69577, CheckSpeItemWorkEvent 1 Item_id =13
69637, CheckSpeItemWorkEvent 1 Item_id =391
69965, CheckSpeItemWorkEvent 1 Item_id =76
70001, CheckSpeItemWorkEvent 1 Item_id =2137
70409, CheckSpeItemWorkEvent 1 Item_id =2173
70685, CheckSpeItemWorkEvent 1 Item_id =393
71357, CheckSpeItemWorkEvent 1 Item_id =358
71393, CheckSpeItemWorkEvent 1 Item_id =20
71401, CheckSpeItemWorkEvent 1 Item_id =361
71533, CheckSpeItemWorkEvent 1 Item_id =41
71629, CheckSpeItemWorkEvent 1 Item_id =31
71649, CheckSpeItemWorkEvent 1 Item_id =31
71669, CheckSpeItemWorkEvent 1 Item_id =31
72289, CheckSpeItemWorkEvent 1 Item_id =31
72309, CheckSpeItemWorkEvent 1 Item_id =31
72329, CheckSpeItemWorkEvent 1 Item_id =31
72589, CheckSpeItemWorkEvent 1 Item_id =608
72705, CheckSpeItemWorkEvent 1 Item_id =2182
72753, CheckSpeItemWorkEvent 1 Item_id =364
73145, CheckSpeItemWorkEvent 1 Item_id =2172
73449, CheckSpeItemWorkEvent 1 Item_id =387
73549, CheckSpeItemWorkEvent 1 Item_id =76
73721, CheckSpeItemWorkEvent 1 Item_id =41
73809, CheckSpeItemWorkEvent 1 Item_id =89
74025, CheckSpeItemWorkEvent 1 Item_id =391
74353, CheckSpeItemWorkEvent 1 Item_id =31
74597, CheckSpeItemWorkEvent 1 Item_id =35
74721, CheckSpeItemWorkEvent 1 Item_id =358
74981, CheckSpeItemWorkEvent 1 Item_id =13
75093, CheckSpeItemWorkEvent 1 Item_id =43
75569, CheckSpeItemWorkEvent 1 Item_id =78
75573, CheckSpeItemWorkEvent 1 Item_id =78
77005, CheckSpeItemWorkEvent 1 Item_id =431
77089, CheckSpeItemWorkEvent 1 Item_id =31
77109, CheckSpeItemWorkEvent 1 Item_id =31
77129, CheckSpeItemWorkEvent 1 Item_id =31
77149, CheckSpeItemWorkEvent 1 Item_id =31
77173, CheckSpeItemWorkEvent 1 Item_id =31
77501, CheckSpeItemWorkEvent 1 Item_id =78
77913, CheckSpeItemWorkEvent 1 Item_id =237
79609, CheckSpeItemWorkEvent 1 Item_id =803
79821, CheckSpeItemWorkEvent 1 Item_id =571
79853, CheckSpeItemWorkEvent 1 Item_id =88
80265, CheckSpeItemWorkEvent 1 Item_id =31
80289, CheckSpeItemWorkEvent 1 Item_id =31
80289, CheckSpeItemWorkEvent 1 Item_id =2184
80313, CheckSpeItemWorkEvent 1 Item_id =31
80641, CheckSpeItemWorkEvent 1 Item_id =610
80785, CheckSpeItemWorkEvent 1 Item_id =611
80841, CheckSpeItemWorkEvent 1 Item_id =31
80857, CheckSpeItemWorkEvent 1 Item_id =31
80877, CheckSpeItemWorkEvent 1 Item_id =31
80885, CheckSpeItemWorkEvent 1 Item_id =126
80893, CheckSpeItemWorkEvent 1 Item_id =31
81029, CheckSpeItemWorkEvent 1 Item_id =20
81065, CheckSpeItemWorkEvent 1 Item_id =41
81145, CheckSpeItemWorkEvent 1 Item_id =31
81165, CheckSpeItemWorkEvent 1 Item_id =31
81185, CheckSpeItemWorkEvent 1 Item_id =31
81205, CheckSpeItemWorkEvent 1 Item_id =31
81353, CheckSpeItemWorkEvent 1 Item_id =582
81981, CheckSpeItemWorkEvent 1 Item_id =90
82033, CheckSpeItemWorkEvent 1 Item_id =582
82145, CheckSpeItemWorkEvent 1 Item_id =608
82329, CheckSpeItemWorkEvent 1 Item_id =803
82657, CheckSpeItemWorkEvent 1 Item_id =827
82905, CheckSpeItemWorkEvent 1 Item_id =2137
82969, CheckSpeItemWorkEvent 1 Item_id =335
83309, CheckSpeItemWorkEvent 1 Item_id =78
83389, CheckSpeItemWorkEvent 1 Item_id =20
83437, CheckSpeItemWorkEvent 1 Item_id =393
84157, CheckSpeItemWorkEvent 1 Item_id =2138
84221, CheckSpeItemWorkEvent 1 Item_id =201
84449, CheckSpeItemWorkEvent 1 Item_id =78
84513, CheckSpeItemWorkEvent 1 Item_id =50
86033, CheckSpeItemWorkEvent 1 Item_id =571
86145, CheckSpeItemWorkEvent 1 Item_id =50
86481, CheckSpeItemWorkEvent 1 Item_id =72
86761, CheckSpeItemWorkEvent 1 Item_id =75
86969, CheckSpeItemWorkEvent 1 Item_id =827
86977, CheckSpeItemWorkEvent 1 Item_id =318
87069, CheckSpeItemWorkEvent 1 Item_id =324
87137, CheckSpeItemWorkEvent 1 Item_id =78
87673, CheckSpeItemWorkEvent 1 Item_id =31
87693, CheckSpeItemWorkEvent 1 Item_id =358
87697, CheckSpeItemWorkEvent 1 Item_id =31
87713, CheckSpeItemWorkEvent 1 Item_id =31
87733, CheckSpeItemWorkEvent 1 Item_id =31
87741, CheckSpeItemWorkEvent 1 Item_id =2137
87781, CheckSpeItemWorkEvent 1 Item_id =31
87825, CheckSpeItemWorkEvent 1 Item_id =2184
87861, CheckSpeItemWorkEvent 1 Item_id =361
88033, CheckSpeItemWorkEvent 1 Item_id =608
88137, CheckSpeItemWorkEvent 1 Item_id =391
88149, CheckSpeItemWorkEvent 1 Item_id =363
88181, CheckSpeItemWorkEvent 1 Item_id =570
88305, CheckSpeItemWorkEvent 1 Item_id =358
88429, CheckSpeItemWorkEvent 1 Item_id =90
88461, CheckSpeItemWorkEvent 1 Item_id =515
88525, CheckSpeItemWorkEvent 1 Item_id =570
89193, CheckSpeItemWorkEvent 1 Item_id =2165
89341, CheckSpeItemWorkEvent 1 Item_id =803
89701, CheckSpeItemWorkEvent 1 Item_id =78
89729, CheckSpeItemWorkEvent 1 Item_id =478
89897, CheckSpeItemWorkEvent 1 Item_id =20
90245, CheckSpeItemWorkEvent 1 Item_id =661
90725, CheckSpeItemWorkEvent 1 Item_id =31
90741, CheckSpeItemWorkEvent 1 Item_id =31
90813, CheckSpeItemWorkEvent 1 Item_id =816
91985, CheckSpeItemWorkEvent 1 Item_id =318
92805, CheckSpeItemWorkEvent 1 Item_id =2137
92913, CheckSpeItemWorkEvent 1 Item_id =203
93017, CheckSpeItemWorkEvent 1 Item_id =571
93125, CheckSpeItemWorkEvent 1 Item_id =2183
93937, CheckSpeItemWorkEvent 1 Item_id =50
94025, CheckSpeItemWorkEvent 1 Item_id =571
94809, CheckSpeItemWorkEvent 1 Item_id =318
94949, CheckSpeItemWorkEvent 1 Item_id =31
94969, CheckSpeItemWorkEvent 1 Item_id =31
95053, CheckSpeItemWorkEvent 1 Item_id =611
95393, CheckSpeItemWorkEvent 1 Item_id =571
95537, CheckSpeItemWorkEvent 1 Item_id =75
95721, CheckSpeItemWorkEvent 1 Item_id =318
96929, CheckSpeItemWorkEvent 1 Item_id =478
97029, CheckSpeItemWorkEvent 1 Item_id =393
97549, CheckSpeItemWorkEvent 1 Item_id =818
97621, CheckSpeItemWorkEvent 1 Item_id =329
97741, CheckSpeItemWorkEvent 1 Item_id =655
97857, CheckSpeItemWorkEvent 1 Item_id =31
97873, CheckSpeItemWorkEvent 1 Item_id =31
97897, CheckSpeItemWorkEvent 1 Item_id =31
98837, CheckSpeItemWorkEvent 1 Item_id =431
99085, CheckSpeItemWorkEvent 1 Item_id =803
99133, CheckSpeItemWorkEvent 1 Item_id =31
99157, CheckSpeItemWorkEvent 1 Item_id =31
99177, CheckSpeItemWorkEvent 1 Item_id =31
99197, CheckSpeItemWorkEvent 1 Item_id =31
99341, CheckSpeItemWorkEvent 1 Item_id =324
99565, CheckSpeItemWorkEvent 1 Item_id =76
99673, CheckSpeItemWorkEvent 1 Item_id =324
99677, CheckSpeItemWorkEvent 1 Item_id =174
99845, CheckSpeItemWorkEvent 1 Item_id =391
100089, CheckSpeItemWorkEvent 1 Item_id =76
100229, CheckSpeItemWorkEvent 1 Item_id =174
100329, CheckSpeItemWorkEvent 1 Item_id =174
100353, CheckSpeItemWorkEvent 1 Item_id =816
100681, CheckSpeItemWorkEvent 1 Item_id =31
100705, CheckSpeItemWorkEvent 1 Item_id =31
100725, CheckSpeItemWorkEvent 1 Item_id =31
100729, CheckSpeItemWorkEvent 1 Item_id =14
100749, CheckSpeItemWorkEvent 1 Item_id =31
100769, CheckSpeItemWorkEvent 1 Item_id =31
100833, CheckSpeItemWorkEvent 1 Item_id =622
100837, CheckSpeItemWorkEvent 1 Item_id =318
100993, CheckSpeItemWorkEvent 1 Item_id =611
101029, CheckSpeItemWorkEvent 1 Item_id =75
101093, CheckSpeItemWorkEvent 1 Item_id =31
101117, CheckSpeItemWorkEvent 1 Item_id =31
101277, CheckSpeItemWorkEvent 1 Item_id =31
101297, CheckSpeItemWorkEvent 1 Item_id =31
101321, CheckSpeItemWorkEvent 1 Item_id =31
101357, CheckSpeItemWorkEvent 1 Item_id =31
101381, CheckSpeItemWorkEvent 1 Item_id =31
101545, CheckSpeItemWorkEvent 1 Item_id =117
101561, CheckSpeItemWorkEvent 1 Item_id =2172
101641, CheckSpeItemWorkEvent 1 Item_id =500
101737, CheckSpeItemWorkEvent 1 Item_id =31
102397, 开始CheckJoinShopSpe  game_time =1740 , past_time=21 , G_Tab.CONTROL_PLAYER_joined[playerid][queue].Enter_time=1719
102517, CheckSpeItemWorkEvent 1 Item_id =318
103077, CheckSpeItemWorkEvent 1 Item_id =391
103193, CheckSpeItemWorkEvent 1 Item_id =318
103289, CheckSpeItemWorkEvent 1 Item_id =90
103701, CheckSpeItemWorkEvent 1 Item_id =202
103973, CheckSpeItemWorkEvent 1 Item_id =174
104653, 开始CheckJoinShopSpe  game_time =1779 , past_time=60 , G_Tab.CONTROL_PLAYER_joined[playerid][queue].Enter_time=1719
104773, CheckSpeItemWorkEvent 1 Item_id =582
104985, CheckSpeItemWorkEvent 1 Item_id =89
105093, CheckSpeItemWorkEvent 1 Item_id =31
105117, CheckSpeItemWorkEvent 1 Item_id =31
105137, CheckSpeItemWorkEvent 1 Item_id =31
105161, CheckSpeItemWorkEvent 1 Item_id =31
105181, CheckSpeItemWorkEvent 1 Item_id =31
105221, CheckSpeItemWorkEvent 1 Item_id =85
105233, CheckSpeItemWorkEvent 1 Item_id =31
105253, CheckSpeItemWorkEvent 1 Item_id =31
105273, CheckSpeItemWorkEvent 1 Item_id =31
105561, CheckSpeItemWorkEvent 1 Item_id =31
105601, CheckSpeItemWorkEvent 1 Item_id =31
105645, CheckSpeItemWorkEvent 1 Item_id =663
105757, CheckSpeItemWorkEvent 1 Item_id =818
106145, CheckSpeItemWorkEvent 1 Item_id =11
106297, CheckSpeItemWorkEvent 1 Item_id =500
106481, CheckSpeItemWorkEvent 1 Item_id =31
106497, CheckSpeItemWorkEvent 1 Item_id =31
106517, CheckSpeItemWorkEvent 1 Item_id =31
106533, CheckSpeItemWorkEvent 1 Item_id =31
107005, CheckSpeItemWorkEvent 1 Item_id =318
107225, CheckSpeItemWorkEvent 1 Item_id =651
107425, CheckSpeItemWorkEvent 1 Item_id =26
107733, CheckSpeItemWorkEvent 1 Item_id =76
107881, CheckSpeItemWorkEvent 1 Item_id =393
108221, CheckSpeItemWorkEvent 1 Item_id =203
108717, CheckSpeItemWorkEvent 1 Item_id =393
108749, CheckSpeItemWorkEvent 1 Item_id =89
108841, CheckSpeItemWorkEvent 1 Item_id =88
109805, CheckSpeItemWorkEvent 1 Item_id =90
109993, CheckSpeItemWorkEvent 1 Item_id =31
110021, CheckSpeItemWorkEvent 1 Item_id =501
110029, CheckSpeItemWorkEvent 1 Item_id =31
110069, CheckSpeItemWorkEvent 1 Item_id =31
110093, CheckSpeItemWorkEvent 1 Item_id =31
110125, CheckSpeItemWorkEvent 1 Item_id =610
110309, CheckSpeItemWorkEvent 1 Item_id =126
110993, CheckSpeItemWorkEvent 1 Item_id =31
111017, CheckSpeItemWorkEvent 1 Item_id =31
111037, CheckSpeItemWorkEvent 1 Item_id =31
111497, CheckSpeItemWorkEvent 1 Item_id =2168
111621, CheckSpeItemWorkEvent 1 Item_id =324
112065, CheckSpeItemWorkEvent 1 Item_id =92
112397, CheckSpeItemWorkEvent 1 Item_id =90
112549, CheckSpeItemWorkEvent 1 Item_id =31
112593, CheckSpeItemWorkEvent 1 Item_id =31
112625, CheckSpeItemWorkEvent 1 Item_id =31
112645, CheckSpeItemWorkEvent 1 Item_id =31
112665, CheckSpeItemWorkEvent 1 Item_id =31
112685, CheckSpeItemWorkEvent 1 Item_id =31
112869, CheckSpeItemWorkEvent 1 Item_id =363
113129, CheckSpeItemWorkEvent 1 Item_id =31
113165, CheckSpeItemWorkEvent 1 Item_id =31
113185, CheckSpeItemWorkEvent 1 Item_id =31
113321, CheckSpeItemWorkEvent 1 Item_id =31
113341, CheckSpeItemWorkEvent 1 Item_id =31
114125, CheckSpeItemWorkEvent 1 Item_id =611
114141, CheckSpeItemWorkEvent 1 Item_id =174
114285, GetSpeItemAdd 不是开局玩家， control_id=16
114417, CheckSpeItemWorkEvent 1 Item_id =31
115729, CheckSpeItemWorkEvent 1 Item_id =23
117565, CheckSpeItemWorkEvent 1 Item_id =31
117585, CheckSpeItemWorkEvent 1 Item_id =31
117609, CheckSpeItemWorkEvent 1 Item_id =31
117625, CheckSpeItemWorkEvent 1 Item_id =31
117641, CheckSpeItemWorkEvent 1 Item_id =86
117645, CheckSpeItemWorkEvent 1 Item_id =31
117729, CheckSpeItemWorkEvent 1 Item_id =84
117769, CheckSpeItemWorkEvent 1 Item_id =2184
117805, CheckSpeItemWorkEvent 1 Item_id =500
117833, CheckSpeItemWorkEvent 1 Item_id =364
118037, CheckSpeItemWorkEvent 1 Item_id =126
118053, CheckSpeItemWorkEvent 1 Item_id =117
118237, CheckSpeItemWorkEvent 1 Item_id =31
118249, CheckSpeItemWorkEvent 1 Item_id =31
118661, CheckSpeItemWorkEvent 1 Item_id =31
118681, CheckSpeItemWorkEvent 1 Item_id =31
118701, CheckSpeItemWorkEvent 1 Item_id =31
119601, CheckSpeItemWorkEvent 1 Item_id =31
119625, CheckSpeItemWorkEvent 1 Item_id =31
119645, CheckSpeItemWorkEvent 1 Item_id =31
120109, CheckSpeItemWorkEvent 1 Item_id =31
120133, CheckSpeItemWorkEvent 1 Item_id =31
120929, CheckSpeItemWorkEvent 1 Item_id =333
121493, CheckSpeItemWorkEvent 1 Item_id =637
121577, CheckSpeItemWorkEvent 1 Item_id =31
121597, CheckSpeItemWorkEvent 1 Item_id =31
121613, CheckSpeItemWorkEvent 1 Item_id =31
121621, CheckSpeItemWorkEvent 1 Item_id =31
121633, CheckSpeItemWorkEvent 1 Item_id =31
121717, CheckSpeItemWorkEvent 1 Item_id =31
121737, CheckSpeItemWorkEvent 1 Item_id =31
121753, CheckSpeItemWorkEvent 1 Item_id =31
121789, CheckSpeItemWorkEvent 1 Item_id =582
121801, CheckSpeItemWorkEvent 1 Item_id =31
121861, CheckSpeItemWorkEvent 1 Item_id =655
122033, CheckSpeItemWorkEvent 1 Item_id =2183
122681, CheckSpeItemWorkEvent 1 Item_id =31
122721, CheckSpeItemWorkEvent 1 Item_id =31
122761, CheckSpeItemWorkEvent 1 Item_id =31
122797, CheckSpeItemWorkEvent 1 Item_id =31
122821, CheckSpeItemWorkEvent 1 Item_id =74
124297, CheckSpeItemWorkEvent 1 Item_id =651
124389, GetSpeItemAdd 定级赛不生效 ， control_id=12
124665, CheckSpeItemWorkEvent 1 Item_id =501
124689, CheckSpeItemWorkEvent 1 Item_id =501
124981, CheckSpeItemWorkEvent 1 Item_id =78
125025, CheckSpeItemWorkEvent 1 Item_id =31
125049, CheckSpeItemWorkEvent 1 Item_id =31
125073, CheckSpeItemWorkEvent 1 Item_id =31
125097, CheckSpeItemWorkEvent 1 Item_id =31
125153, CheckSpeItemWorkEvent 1 Item_id =637
125725, CheckSpeItemWorkEvent 1 Item_id =637
125873, CheckSpeItemWorkEvent 1 Item_id =31
125893, CheckSpeItemWorkEvent 1 Item_id =31
125969, CheckSpeItemWorkEvent 1 Item_id =31
126009, CheckSpeItemWorkEvent 1 Item_id =31
126029, CheckSpeItemWorkEvent 1 Item_id =100
126789, CheckSpeItemWorkEvent 1 Item_id =100
127789, CheckSpeItemWorkEvent 1 Item_id =663
127805, CheckSpeItemWorkEvent 1 Item_id =583
127961, CheckSpeItemWorkEvent 1 Item_id =393
128405, CheckSpeItemWorkEvent 1 Item_id =31
128425, CheckSpeItemWorkEvent 1 Item_id =31
128449, CheckSpeItemWorkEvent 1 Item_id =31
128489, CheckSpeItemWorkEvent 1 Item_id =31
128765, CheckSpeItemWorkEvent 1 Item_id =571
129005, CheckSpeItemWorkEvent 1 Item_id =637
129081, CheckSpeItemWorkEvent 1 Item_id =31
129117, CheckSpeItemWorkEvent 1 Item_id =31
129133, CheckSpeItemWorkEvent 1 Item_id =31
129153, CheckSpeItemWorkEvent 1 Item_id =31
129193, CheckSpeItemWorkEvent 1 Item_id =31
129213, CheckSpeItemWorkEvent 1 Item_id =31
129229, CheckSpeItemWorkEvent 1 Item_id =31
129245, CheckSpeItemWorkEvent 1 Item_id =31
129249, CheckSpeItemWorkEvent 1 Item_id =31
129269, CheckSpeItemWorkEvent 1 Item_id =31
129289, CheckSpeItemWorkEvent 1 Item_id =31
129309, CheckSpeItemWorkEvent 1 Item_id =31
129321, CheckSpeItemWorkEvent 1 Item_id =820
129725, CheckSpeItemWorkEvent 1 Item_id =31
129749, CheckSpeItemWorkEvent 1 Item_id =31
129769, CheckSpeItemWorkEvent 1 Item_id =31
130353, CheckSpeItemWorkEvent 1 Item_id =90
130585, CheckSpeItemWorkEvent 1 Item_id =637
131085, CheckSpeItemWorkEvent 1 Item_id =31
131125, CheckSpeItemWorkEvent 1 Item_id =31
131177, CheckSpeItemWorkEvent 1 Item_id =31
131197, CheckSpeItemWorkEvent 1 Item_id =31
131421, CheckSpeItemWorkEvent 1 Item_id =820
132573, CheckSpeItemWorkEvent 1 Item_id =9
132681, CheckSpeItemWorkEvent 1 Item_id =318
132817, CheckSpeItemWorkEvent 1 Item_id =31
132825, CheckSpeItemWorkEvent 1 Item_id =320
132977, CheckSpeItemWorkEvent 1 Item_id =31
133009, CheckSpeItemWorkEvent 1 Item_id =31
133041, CheckSpeItemWorkEvent 1 Item_id =31
133225, CheckSpeItemWorkEvent 1 Item_id =827
133501, CheckSpeItemWorkEvent 1 Item_id =31
134001, CheckSpeItemWorkEvent 1 Item_id =31
134041, CheckSpeItemWorkEvent 1 Item_id =31
134053, GetSpeItemAdd 不是开局玩家， control_id=12
134089, CheckSpeItemWorkEvent 1 Item_id =31
134301, CheckSpeItemWorkEvent 1 Item_id =583
136069, CheckSpeItemWorkEvent 1 Item_id =637
136141, CheckSpeItemWorkEvent 1 Item_id =611
137101, CheckSpeItemWorkEvent 1 Item_id =50
138833, CheckSpeItemWorkEvent 1 Item_id =2182
139141, CheckSpeItemWorkEvent 1 Item_id =31
139161, CheckSpeItemWorkEvent 1 Item_id =31
139281, CheckSpeItemWorkEvent 1 Item_id =31
139301, CheckSpeItemWorkEvent 1 Item_id =31
139317, CheckSpeItemWorkEvent 1 Item_id =31
139337, CheckSpeItemWorkEvent 1 Item_id =31
139349, CheckSpeItemWorkEvent 1 Item_id =31
139805, CheckSpeItemWorkEvent 1 Item_id =661
141117, CheckSpeItemWorkEvent 1 Item_id =637
141297, CheckSpeItemWorkEvent 1 Item_id =655
141333, CheckSpeItemWorkEvent 1 Item_id =2142
142357, CheckSpeItemWorkEvent 1 Item_id =31
142381, CheckSpeItemWorkEvent 1 Item_id =31
142485, CheckSpeItemWorkEvent 1 Item_id =31
142701, CheckSpeItemWorkEvent 1 Item_id =2168
143537, CheckSpeItemWorkEvent 1 Item_id =820
144281, CheckSpeItemWorkEvent 1 Item_id =86
144613, CheckSpeItemWorkEvent 1 Item_id =31
144637, CheckSpeItemWorkEvent 1 Item_id =31
144669, CheckSpeItemWorkEvent 1 Item_id =31
144769, CheckSpeItemWorkEvent 1 Item_id =31
144805, CheckSpeItemWorkEvent 1 Item_id =31
145041, CheckSpeItemWorkEvent 1 Item_id =323
145069, CheckSpeItemWorkEvent 1 Item_id =31
145765, CheckSpeItemWorkEvent 1 Item_id =2137
145805, CheckSpeItemWorkEvent 1 Item_id =31
145841, CheckSpeItemWorkEvent 1 Item_id =31
145877, CheckSpeItemWorkEvent 1 Item_id =31
146153, CheckSpeItemWorkEvent 1 Item_id =94
146213, CheckSpeItemWorkEvent 1 Item_id =2144
146489, CheckSpeItemWorkEvent 1 Item_id =641
146605, CheckSpeItemWorkEvent 1 Item_id =571
146841, CheckSpeItemWorkEvent 1 Item_id =2182
147257, CheckSpeItemWorkEvent 1 Item_id =31
147281, CheckSpeItemWorkEvent 1 Item_id =31
147529, CheckSpeItemWorkEvent 1 Item_id =324
147841, CheckSpeItemWorkEvent 1 Item_id =31
147885, CheckSpeItemWorkEvent 1 Item_id =31
147893, CheckSpeItemWorkEvent 1 Item_id =2183
147905, CheckSpeItemWorkEvent 1 Item_id =31
147929, CheckSpeItemWorkEvent 1 Item_id =31
148289, CheckSpeItemWorkEvent 1 Item_id =100
149601, CheckSpeItemWorkEvent 1 Item_id =818
150245, CheckSpeItemWorkEvent 1 Item_id =31
150289, CheckSpeItemWorkEvent 1 Item_id =31
150325, CheckSpeItemWorkEvent 1 Item_id =31
150341, CheckSpeItemWorkEvent 1 Item_id =31
152185, CheckSpeItemWorkEvent 1 Item_id =663
152201, CheckSpeItemWorkEvent 1 Item_id =637
152953, CheckSpeItemWorkEvent 1 Item_id =818
154441, CheckSpeItemWorkEvent 1 Item_id =31
154461, CheckSpeItemWorkEvent 1 Item_id =31
154481, CheckSpeItemWorkEvent 1 Item_id =31
154505, CheckSpeItemWorkEvent 1 Item_id =31
154581, CheckSpeItemWorkEvent 1 Item_id =31
154625, CheckSpeItemWorkEvent 1 Item_id =31
154649, CheckSpeItemWorkEvent 1 Item_id =31
156221, CheckSpeItemWorkEvent 1 Item_id =31
156245, CheckSpeItemWorkEvent 1 Item_id =31
156281, CheckSpeItemWorkEvent 1 Item_id =31
156289, CheckSpeItemWorkEvent 1 Item_id =31
156325, CheckSpeItemWorkEvent 1 Item_id =31
156397, CheckSpeItemWorkEvent 1 Item_id =117
156841, CheckSpeItemWorkEvent 1 Item_id =31
156861, CheckSpeItemWorkEvent 1 Item_id =31
156881, CheckSpeItemWorkEvent 1 Item_id =31
158173, CheckSpeItemWorkEvent 1 Item_id =31
158193, CheckSpeItemWorkEvent 1 Item_id =31
158297, CheckSpeItemWorkEvent 1 Item_id =31
158321, CheckSpeItemWorkEvent 1 Item_id =31
158345, CheckSpeItemWorkEvent 1 Item_id =31
159209, CheckSpeItemWorkEvent 1 Item_id =31
159237, CheckSpeItemWorkEvent 1 Item_id =31
159265, CheckSpeItemWorkEvent 1 Item_id =31
159285, CheckSpeItemWorkEvent 1 Item_id =31
160057, CheckSpeItemWorkEvent 1 Item_id =31
160085, CheckSpeItemWorkEvent 1 Item_id =31
160117, CheckSpeItemWorkEvent 1 Item_id =31
160717, CheckSpeItemWorkEvent 1 Item_id =31
160737, CheckSpeItemWorkEvent 1 Item_id =31
160757, CheckSpeItemWorkEvent 1 Item_id =31
160777, CheckSpeItemWorkEvent 1 Item_id =31
161145, GetSpeItemAdd 定级赛不生效 ， control_id=1
161145, GetSpeItemAdd 定级赛不生效 ， control_id=3
161145, GetSpeItemAdd 不是开局玩家， control_id=4
161145, GetSpeItemAdd 不是开局玩家， control_id=6
161145, GetSpeItemAdd 没有获胜， control_id=11
161145, GetSpeItemAdd 没有获胜， control_id=13
161145, GetSpeItemAdd 没有获胜， control_id=14
161145, GetSpeItemAdd 没有获胜， control_id=15
161145, GetSpeItemAdd 不是开局玩家， control_id=16
161145, GetSpeItemAdd 没有获胜， control_id=17
161145, GetSpeItemAdd 没有获胜， control_id=18
161145, GetSpeItemAdd 没有获胜， control_id=19
161145, GetSpeItemAdd 没有获胜， control_id=20
