11929, run control_id= 4 ,K = 16.892 , EA=0.5026863234275 ,G_Var.Wuxunconf= 0 ,Old_Point= 527 ,New_Point=502.97963672134 , myaddpointbasiclose=7 , Escapeflag=2
11929, fin run  p_control_id= 4 ,TT_Add_Point = -24 , MK=1 ,BK= 1 ,GK= 1
11929, fin run  p_control_id= 4 ,TT_Add_Point_new = -24 , MK=1 ,BK= 1 ,GK= 1 ,Mode_K=1
47469, run control_id= 6 ,K = 16.944 , EA=0.50076752776146 ,G_Var.Wuxunconf= 0 ,Old_Point= 514 ,New_Point=490.01924463056 , myaddpointbasiclose=7 , Escapeflag=2
47469, fin run  p_control_id= 6 ,TT_Add_Point = -24 , MK=1 ,BK= 1 ,GK= 1
47469, fin run  p_control_id= 6 ,TT_Add_Point_new = -24 , MK=1 ,BK= 1 ,GK= 1 ,Mode_K=1
96489, run control_id= 16 ,K = 16.996 , EA=0.49923247223854 ,G_Var.Wuxunconf= 0 ,Old_Point= 501 ,New_Point=477.04083519233 , myaddpointbasiclose=7 , Escapeflag=2
96489, fin run  p_control_id= 16 ,TT_Add_Point = -24 , MK=1 ,BK= 1 ,GK= 1
96489, fin run  p_control_id= 16 ,TT_Add_Point_new = -24 , MK=1 ,BK= 1 ,GK= 1 ,Mode_K=1
114285, 中途加入run control_id= 16 ,K = 16.448 , EA=0.53486586321611 ,G_Var.Wuxunconf= 0 ,Old_Point= 638 ,New_Point=625.45846523931 , myaddpointbasiclose=7
114285, fin run  p_control_id= 16 ,TT_Add_Point = -13 , MK=1 ,BK= 1 ,GK= 1
114285, fin run  p_control_id= 16 ,TT_Add_Point_new = -13 , MK=1 ,BK= 1 ,GK= 1 ,Mode_K=1
124389, run control_id= 12 ,K = 16.996 , EA=0.49923247223854 ,G_Var.Wuxunconf= 0 ,Old_Point= 501 ,New_Point=477.04083519233 , myaddpointbasiclose=7 , Escapeflag=2
124389, fin run  p_control_id= 12 ,TT_Add_Point = -24 , MK=1 ,BK= 1 ,GK= 1
124389, fin run  p_control_id= 12 ,TT_Add_Point_new = -24 , MK=1 ,BK= 1 ,GK= 1 ,Mode_K=1
124389, control_id= 12 ,K = 65 , flag=65 ,Game_num= 1 ,Win_num= 5 ,Old_Point=501
124389, control_id= 12 ,K = 65 , flag=65 ,Game_num= 1 ,Win_num= 5 ,New_Point=448.35
124389, 定级赛taopao 333 p_control_id= 12 ,temp_player_tab[207] = -5 ,coefficient= 65 ,GetInt(G_Tab.ELOpoint[p_control_id][5]/10)*10= 70
134053, 中途加入run control_id= 12 ,K = 16.848 , EA=0.5 ,G_Var.Wuxunconf= 0 ,Old_Point= 538 ,New_Point=526.076 , myaddpointbasiclose=7
134053, fin run  p_control_id= 12 ,TT_Add_Point = -12 , MK=1 ,BK= 1 ,GK= 1
134053, fin run  p_control_id= 12 ,TT_Add_Point_new = -12 , MK=1 ,BK= 1 ,GK= 1 ,Mode_K=1
161145, 开始CollectPlayerInfo  G_Var.TT_Switch =1 , p_game_time=45
161145, win control_id= 1 ,K = 16.836 , EA=0.50153505190574 ,G_Var.Wuxunconf= 0 ,Old_Point= 541 ,New_Point=553.37987545087 , myaddpointbasicwin=8
161145, CheckLaoBingBuff p_control_id= 1 ,G_Tab.LaoJiang_Mark[side] = 0,side=1.G_Var.TT_Switch=1
161145, jisuan  TT_Old_Point=541
161145, fin  p_control_id= 1 ,TT_Add_Point = 12 , MK=1 ,BK= 1 ,GK= 1,Mode_K=1
161145, fin  p_control_id= 1 ,TT_Add_Point_new1 = 12 , MK=1 ,BK= 1 ,GK= 1,Mode_K=1
161145, fin  p_control_id= 1 ,TT_Add_Point_new2 = 12 , MK=1 ,BK= 1 ,GK= 1
161145, Check_MaxAddPoint control_id = 1 ,add_point1= 12 ,old_point = 541
161145, Check_MaxAddPoint control_id = 1 ,add_point2= 12 ,old_point = 541
161145, 定级赛=====
161145, control_id= 1 ,K = 65 , flag=62 ,Game_num= 6 ,Win_num= 2 ,Old_Point=541
161145, control_id= 1 ,K = 65 , flag=62 ,Game_num= 6 ,Win_num= 2 ,New_Point=572.0892985
161145, 定级赛 p_control_id= 1 ,MK = 1 , TT_Add_Point_NewMan=31 ,temp_player_tab[203]= 31 , G_Tab.MyRiseRank[p_control_id][1] =0,G_Tab.ELOpoint[p_control_id][3]=6
161145, 定级赛 333 p_control_id= 1 ,temp_player_tab[207] = 6 ,coefficient= 65 ,GetInt(G_Tab.ELOpoint[p_control_id][5]/10)*10= 60
161145, WhetherFristPlayer(p_control_id)  =1 , p_control_id=1
161145, 成就卡  iselowin= 1
161145, 成就卡  num= 0
161145,  5555 p_control_id= 1 ,temp_player_tab[207] = 6,temp_player_tab[203]=31
161145, 开始CollectPlayerInfo  G_Var.TT_Switch =1 , p_game_time=45
161145, win control_id= 2 ,K = 16.892 , EA=0.49961623589319 ,G_Var.Wuxunconf= 0 ,Old_Point= 527 ,New_Point=539.45555265615 , myaddpointbasicwin=8
161145, CheckLaoBingBuff p_control_id= 2 ,G_Tab.LaoJiang_Mark[side] = 0,side=1.G_Var.TT_Switch=1
161145, jisuan  TT_Old_Point=527
161145, fin  p_control_id= 2 ,TT_Add_Point = 12 , MK=1 ,BK= 1 ,GK= 1,Mode_K=1
161145, fin  p_control_id= 2 ,TT_Add_Point_new1 = 12 , MK=1 ,BK= 1 ,GK= 1,Mode_K=1
161145, fin  p_control_id= 2 ,TT_Add_Point_new2 = 12 , MK=1 ,BK= 1 ,GK= 1
161145, Check_MaxAddPoint control_id = 2 ,add_point1= 12 ,old_point = 527
161145, Check_MaxAddPoint control_id = 2 ,add_point2= 12 ,old_point = 527
161145, p_control_id= 2 ,G_Tab.MyRiseRank[p_control_id][1] = 0
161145,  正常打 GetRankLv my_old_big_lv= 1 ,my_old_lit_lv= 5 ,my_old_exp= 54
161145,  正常打 2 GetRankLv my_old_exp= 54
161145,  正常打 GetRankLv my_new_big_lv= 1 ,my_new_lit_lv= 5 ,my_new_exp= 78
161145,  CheckCanRankVP p_control_id= 2 ,point = 527
161145,  正常打 G_Tab.MyRiseRank[p_control_id][1]-2= 0
161145, 胜利者  end my_new_score=539 , TT_Add_Point=12
161145, 胜利者  end up_new_addscore_1=12 , up_add_exp_1=24 , my_new_exp=78 ,my_old_exp= 54
161145,   p_control_id= 2 ,temp_player_tab[316] = 0 , PlayerRankScore_new=0 , PlayerRankScore_old=0
161145, WhetherFristPlayer(p_control_id)  =1 , p_control_id=2
161145, 成就卡  iselowin= 1
161145, 成就卡  num= 0
161145,  5555 p_control_id= 2 ,temp_player_tab[207] = 24,temp_player_tab[203]=12
161145, 开始CollectPlayerInfo  G_Var.TT_Switch =1 , p_game_time=45
161145, win control_id= 3 ,K = 16.984 , EA=0.49692992512563 ,G_Var.Wuxunconf= 0 ,Old_Point= 504 ,New_Point=516.56870275066 , myaddpointbasicwin=8
161145, CheckLaoBingBuff p_control_id= 3 ,G_Tab.LaoJiang_Mark[side] = 0,side=1.G_Var.TT_Switch=1
161145, jisuan  TT_Old_Point=504
161145, fin  p_control_id= 3 ,TT_Add_Point = 13 , MK=1 ,BK= 1 ,GK= 1,Mode_K=1
161145, fin  p_control_id= 3 ,TT_Add_Point_new1 = 13 , MK=1 ,BK= 1 ,GK= 1,Mode_K=1
161145, fin  p_control_id= 3 ,TT_Add_Point_new2 = 13 , MK=1 ,BK= 1 ,GK= 1
161145, Check_MaxAddPoint control_id = 3 ,add_point1= 13 ,old_point = 504
161145, Check_MaxAddPoint control_id = 3 ,add_point2= 13 ,old_point = 504
161145, 定级赛=====
161145, control_id= 3 ,K = 65 , flag=68 ,Game_num= 9 ,Win_num= 8 ,Old_Point=504
161145, control_id= 3 ,K = 65 , flag=68 ,Game_num= 9 ,Win_num= 8 ,New_Point=526.6640986065
161145, 定级赛 p_control_id= 3 ,MK = 1 , TT_Add_Point_NewMan=23 ,temp_player_tab[203]= 23 , G_Tab.MyRiseRank[p_control_id][1] =0,G_Tab.ELOpoint[p_control_id][3]=9
161145, 定级赛 9 p_control_id= 3 ,temp_player_tab[207] = -34
161145, WhetherFristPlayer(p_control_id)  =1 , p_control_id=3
161145, 成就卡  iselowin= 1
161145, 成就卡  num= 0
161145,  5555 p_control_id= 3 ,temp_player_tab[207] = -34,temp_player_tab[203]=23
161145, 开始CollectPlayerInfo  G_Var.TT_Switch =1 , p_game_time=30
161145, win control_id= 4 ,K = 16.86 , EA=0.49923247223854 ,G_Var.Wuxunconf= 0 ,Old_Point= 535 ,New_Point=547.44908074015 , myaddpointbasicwin=8
161145, CheckLaoBingBuff p_control_id= 4 ,G_Tab.LaoJiang_Mark[side] = 0,side=1.G_Var.TT_Switch=1
161145, jisuan  TT_Old_Point=535
161145, fin  p_control_id= 4 ,TT_Add_Point = 12 , MK=1 ,BK= 1 ,GK= 1,Mode_K=1
161145, fin  p_control_id= 4 ,TT_Add_Point_new1 = 12 , MK=1 ,BK= 1 ,GK= 1,Mode_K=1
161145, fin  p_control_id= 4 ,TT_Add_Point_new2 = 12 , MK=1 ,BK= 1 ,GK= 1
161145, Check_MaxAddPoint control_id = 4 ,add_point1= 12 ,old_point = 535
161145, Check_MaxAddPoint control_id = 4 ,add_point2= 12 ,old_point = 535
161145, p_control_id= 4 ,G_Tab.MyRiseRank[p_control_id][1] = 0
161145,  正常打 GetRankLv my_old_big_lv= 1 ,my_old_lit_lv= 5 ,my_old_exp= 70
161145,  正常打 2 GetRankLv my_old_exp= 70
161145,  正常打 GetRankLv my_new_big_lv= 1 ,my_new_lit_lv= 5 ,my_new_exp= 94
161145,  CheckCanRankVP p_control_id= 4 ,point = 535
161145,  正常打 G_Tab.MyRiseRank[p_control_id][1]-2= 0
161145, 胜利者  end my_new_score=547 , TT_Add_Point=12
161145, 胜利者  end up_new_addscore_1=12 , up_add_exp_1=24 , my_new_exp=94 ,my_old_exp= 70
161145,   p_control_id= 4 ,temp_player_tab[316] = 0 , PlayerRankScore_new=0 , PlayerRankScore_old=0
161145, WhetherFristPlayer(p_control_id)  =0 , p_control_id=4
161145,  5555 p_control_id= 4 ,temp_player_tab[207] = 24,temp_player_tab[203]=12
161145, 开始CollectPlayerInfo  G_Var.TT_Switch =1 , p_game_time=45
161145, win control_id= 5 ,K = 16.824 , EA=0.4915579903178 ,G_Var.Wuxunconf= 0 ,Old_Point= 544 ,New_Point=556.62156444835 , myaddpointbasicwin=8
161145, CheckLaoBingBuff p_control_id= 5 ,G_Tab.LaoJiang_Mark[side] = 0,side=1.G_Var.TT_Switch=1
161145, jisuan  TT_Old_Point=544
161145, fin  p_control_id= 5 ,TT_Add_Point = 13 , MK=1 ,BK= 1 ,GK= 1,Mode_K=1
161145, fin  p_control_id= 5 ,TT_Add_Point_new1 = 13 , MK=1 ,BK= 1 ,GK= 1,Mode_K=1
161145, fin  p_control_id= 5 ,TT_Add_Point_new2 = 13 , MK=1 ,BK= 1 ,GK= 1
161145, Check_MaxAddPoint control_id = 5 ,add_point1= 13 ,old_point = 544
161145, Check_MaxAddPoint control_id = 5 ,add_point2= 13 ,old_point = 544
161145, p_control_id= 5 ,G_Tab.MyRiseRank[p_control_id][1] = 0
161145,  正常打 GetRankLv my_old_big_lv= 1 ,my_old_lit_lv= 5 ,my_old_exp= 88
161145,  正常打 2 GetRankLv my_old_exp= 88
161145,  正常打 GetRankLv my_new_big_lv= 1 ,my_new_lit_lv= 4 ,my_new_exp= 14
161145,  CheckCanRankVP p_control_id= 5 ,point = 544
161145,  正常打 G_Tab.MyRiseRank[p_control_id][1]-2= 0
161145, 胜利者  end my_new_score=557 , TT_Add_Point=13
161145, 胜利者  end up_new_addscore_1=13 , up_add_exp_1=-74 , my_new_exp=14 ,my_old_exp= 88
161145,  小段晋级 GetRankLv my_old_exp= 88
161145,   p_control_id= 5 ,temp_player_tab[316] = 0 , PlayerRankScore_new=0 , PlayerRankScore_old=0
161145, WhetherFristPlayer(p_control_id)  =1 , p_control_id=5
161145, 成就卡  iselowin= 1
161145, 成就卡  num= 0
161145,  5555 p_control_id= 5 ,temp_player_tab[207] = 12,temp_player_tab[203]=6
161145, 开始CollectPlayerInfo  G_Var.TT_Switch =1 , p_game_time=30
161145, win control_id= 6 ,K = 16.928 , EA=0.50153505190574 ,G_Var.Wuxunconf= 0 ,Old_Point= 518 ,New_Point=530.42573422609 , myaddpointbasicwin=8
161145, CheckLaoBingBuff p_control_id= 6 ,G_Tab.LaoJiang_Mark[side] = 0,side=1.G_Var.TT_Switch=1
161145, jisuan  TT_Old_Point=518
161145, fin  p_control_id= 6 ,TT_Add_Point = 12 , MK=1.5 ,BK= 1 ,GK= 1,Mode_K=1
161145, fin  p_control_id= 6 ,TT_Add_Point_new1 = 18 , MK=1.5 ,BK= 1 ,GK= 1,Mode_K=1
161145, fin  p_control_id= 6 ,TT_Add_Point_new2 = 18 , MK=1.5 ,BK= 1 ,GK= 1
161145, Check_MaxAddPoint control_id = 6 ,add_point1= 18 ,old_point = 518
161145, Check_MaxAddPoint control_id = 6 ,add_point2= 18 ,old_point = 518
161145, p_control_id= 6 ,G_Tab.MyRiseRank[p_control_id][1] = 0
161145,  正常打 GetRankLv my_old_big_lv= 1 ,my_old_lit_lv= 5 ,my_old_exp= 36
161145,  正常打 2 GetRankLv my_old_exp= 36
161145,  正常打 GetRankLv my_new_big_lv= 1 ,my_new_lit_lv= 5 ,my_new_exp= 72
161145,  CheckCanRankVP p_control_id= 6 ,point = 518
161145,  正常打 G_Tab.MyRiseRank[p_control_id][1]-2= 0
161145, 胜利者  end my_new_score=536 , TT_Add_Point=18
161145, 胜利者  end up_new_addscore_1=18 , up_add_exp_1=36 , my_new_exp=72 ,my_old_exp= 36
161145,   p_control_id= 6 ,temp_player_tab[316] = 0 , PlayerRankScore_new=0 , PlayerRankScore_old=0
161145, WhetherFristPlayer(p_control_id)  =0 , p_control_id=6
161145,  5555 p_control_id= 6 ,temp_player_tab[207] = 36,temp_player_tab[203]=18
161145, 开始CollectPlayerInfo  G_Var.TT_Switch =1 , p_game_time=45
161145, win control_id= 7 ,K = 16.884 , EA=0.50038376410681 ,G_Var.Wuxunconf= 0 ,Old_Point= 529 ,New_Point=541.43245041397 , myaddpointbasicwin=8
161145, CheckLaoBingBuff p_control_id= 7 ,G_Tab.LaoJiang_Mark[side] = 0,side=1.G_Var.TT_Switch=1
161145, jisuan  TT_Old_Point=529
161145, fin  p_control_id= 7 ,TT_Add_Point = 12 , MK=1 ,BK= 1 ,GK= 1,Mode_K=1
161145, fin  p_control_id= 7 ,TT_Add_Point_new1 = 12 , MK=1 ,BK= 1 ,GK= 1,Mode_K=1
161145, fin  p_control_id= 7 ,TT_Add_Point_new2 = 12 , MK=1 ,BK= 1 ,GK= 1
161145, Check_MaxAddPoint control_id = 7 ,add_point1= 12 ,old_point = 529
161145, Check_MaxAddPoint control_id = 7 ,add_point2= 12 ,old_point = 529
161145, p_control_id= 7 ,G_Tab.MyRiseRank[p_control_id][1] = 0
161145,  正常打 GetRankLv my_old_big_lv= 1 ,my_old_lit_lv= 5 ,my_old_exp= 58
161145,  正常打 2 GetRankLv my_old_exp= 58
161145,  正常打 GetRankLv my_new_big_lv= 1 ,my_new_lit_lv= 5 ,my_new_exp= 82
161145,  CheckCanRankVP p_control_id= 7 ,point = 529
161145,  正常打 G_Tab.MyRiseRank[p_control_id][1]-2= 0
161145, 胜利者  end my_new_score=541 , TT_Add_Point=12
161145, 胜利者  end up_new_addscore_1=12 , up_add_exp_1=24 , my_new_exp=82 ,my_old_exp= 58
161145,   p_control_id= 7 ,temp_player_tab[316] = 0 , PlayerRankScore_new=0 , PlayerRankScore_old=0
161145, WhetherFristPlayer(p_control_id)  =1 , p_control_id=7
161145, 成就卡  iselowin= 1
161145, 成就卡  num= 0
161145,  5555 p_control_id= 7 ,temp_player_tab[207] = 24,temp_player_tab[203]=12
161145, 开始CollectPlayerInfo  G_Var.TT_Switch =1 , p_game_time=45
161145, win control_id= 8 ,K = 16.904 , EA=0.50383756646497 ,G_Var.Wuxunconf= 0 ,Old_Point= 524 ,New_Point=536.35642924476 , myaddpointbasicwin=8
161145, CheckLaoBingBuff p_control_id= 8 ,G_Tab.LaoJiang_Mark[side] = 0,side=1.G_Var.TT_Switch=1
161145, jisuan  TT_Old_Point=524
161145, fin  p_control_id= 8 ,TT_Add_Point = 12 , MK=1.2 ,BK= 1 ,GK= 1,Mode_K=1
161145, fin  p_control_id= 8 ,TT_Add_Point_new1 = 14 , MK=1.2 ,BK= 1 ,GK= 1,Mode_K=1
161145, fin  p_control_id= 8 ,TT_Add_Point_new2 = 14 , MK=1.2 ,BK= 1 ,GK= 1
161145, Check_MaxAddPoint control_id = 8 ,add_point1= 14 ,old_point = 524
161145, Check_MaxAddPoint control_id = 8 ,add_point2= 14 ,old_point = 524
161145, p_control_id= 8 ,G_Tab.MyRiseRank[p_control_id][1] = 0
161145,  正常打 GetRankLv my_old_big_lv= 1 ,my_old_lit_lv= 5 ,my_old_exp= 48
161145,  正常打 2 GetRankLv my_old_exp= 48
161145,  正常打 GetRankLv my_new_big_lv= 1 ,my_new_lit_lv= 5 ,my_new_exp= 76
161145,  CheckCanRankVP p_control_id= 8 ,point = 524
161145,  正常打 G_Tab.MyRiseRank[p_control_id][1]-2= 0
161145, 胜利者  end my_new_score=538 , TT_Add_Point=14
161145, 胜利者  end up_new_addscore_1=14 , up_add_exp_1=28 , my_new_exp=76 ,my_old_exp= 48
161145,   p_control_id= 8 ,temp_player_tab[316] = 0 , PlayerRankScore_new=0 , PlayerRankScore_old=0
161145, WhetherFristPlayer(p_control_id)  =1 , p_control_id=8
161145, 成就卡  iselowin= 1
161145, 成就卡  num= 0
161145,  5555 p_control_id= 8 ,temp_player_tab[207] = 28,temp_player_tab[203]=14
161145, 开始CollectPlayerInfo  G_Var.TT_Switch =1 , p_game_time=45
161145, win control_id= 9 ,K = 16.8 , EA=0.49386008173501 ,G_Var.Wuxunconf= 0 ,Old_Point= 550 ,New_Point=562.55226997297 , myaddpointbasicwin=8
161145, CheckLaoBingBuff p_control_id= 9 ,G_Tab.LaoJiang_Mark[side] = 0,side=1.G_Var.TT_Switch=1
161145, jisuan  TT_Old_Point=550
161145, fin  p_control_id= 9 ,TT_Add_Point = 13 , MK=2 ,BK= 1 ,GK= 1,Mode_K=1
161145, fin  p_control_id= 9 ,TT_Add_Point_new1 = 26 , MK=2 ,BK= 1 ,GK= 1,Mode_K=1
161145, fin  p_control_id= 9 ,TT_Add_Point_new2 = 26 , MK=2 ,BK= 1 ,GK= 1
161145, Check_MaxAddPoint control_id = 9 ,add_point1= 26 ,old_point = 550
161145, Check_MaxAddPoint control_id = 9 ,add_point2= 26 ,old_point = 550
161145, p_control_id= 9 ,G_Tab.MyRiseRank[p_control_id][1] = 0
161145,  正常打 GetRankLv my_old_big_lv= 1 ,my_old_lit_lv= 5 ,my_old_exp= 100
161145,  正常打 2 GetRankLv my_old_exp= 100
161145,  正常打 GetRankLv my_new_big_lv= 1 ,my_new_lit_lv= 4 ,my_new_exp= 52
161145,  CheckCanRankVP p_control_id= 9 ,point = 550
161145,  正常打 G_Tab.MyRiseRank[p_control_id][1]-2= 0
161145, 胜利者  end my_new_score=576 , TT_Add_Point=26
161145, 胜利者  end up_new_addscore_1=26 , up_add_exp_1=-48 , my_new_exp=52 ,my_old_exp= 100
161145,   p_control_id= 9 ,temp_player_tab[316] = 0 , PlayerRankScore_new=0 , PlayerRankScore_old=0
161145, WhetherFristPlayer(p_control_id)  =1 , p_control_id=9
161145, 成就卡  iselowin= 1
161145, 成就卡  num= 0
161145,  5555 p_control_id= 9 ,temp_player_tab[207] = -48,temp_player_tab[203]=26
161145, 开始CollectPlayerInfo  G_Var.TT_Switch =1 , p_game_time=45
161145, win control_id= 10 ,K = 16.996 , EA=0.49577869429544 ,G_Var.Wuxunconf= 0 ,Old_Point= 501 ,New_Point=513.60351575739 , myaddpointbasicwin=8
161145, CheckLaoBingBuff p_control_id= 10 ,G_Tab.LaoJiang_Mark[side] = 0,side=1.G_Var.TT_Switch=1
161145, jisuan  TT_Old_Point=501
161145, fin  p_control_id= 10 ,TT_Add_Point = 13 , MK=1 ,BK= 1 ,GK= 1,Mode_K=1
161145, fin  p_control_id= 10 ,TT_Add_Point_new1 = 13 , MK=1 ,BK= 1 ,GK= 1,Mode_K=1
161145, fin  p_control_id= 10 ,TT_Add_Point_new2 = 13 , MK=1 ,BK= 1 ,GK= 1
161145, Check_MaxAddPoint control_id = 10 ,add_point1= 13 ,old_point = 501
161145, Check_MaxAddPoint control_id = 10 ,add_point2= 13 ,old_point = 501
161145, p_control_id= 10 ,G_Tab.MyRiseRank[p_control_id][1] = 0
161145,  正常打 GetRankLv my_old_big_lv= 1 ,my_old_lit_lv= 5 ,my_old_exp= 0
161145,  正常打 2 GetRankLv my_old_exp= 0
161145,  正常打 GetRankLv my_new_big_lv= 1 ,my_new_lit_lv= 5 ,my_new_exp= 28
161145,  CheckCanRankVP p_control_id= 10 ,point = 501
161145,  正常打 G_Tab.MyRiseRank[p_control_id][1]-2= 0
161145, 胜利者  end my_new_score=514 , TT_Add_Point=13
161145, 胜利者  end up_new_addscore_1=13 , up_add_exp_1=28 , my_new_exp=28 ,my_old_exp= 0
161145,   p_control_id= 10 ,temp_player_tab[316] = -1 , PlayerRankScore_new=0 , PlayerRankScore_old=1
161145, WhetherFristPlayer(p_control_id)  =1 , p_control_id=10
161145, 成就卡  iselowin= 1
161145, 成就卡  num= 0
161145,  5555 p_control_id= 10 ,temp_player_tab[207] = 28,temp_player_tab[203]=13
161145, 开始CollectPlayerInfo  G_Var.TT_Switch =1 , p_game_time=45
161145, lose control_id= 11 ,K = 16.88 , EA=0.50076752776146 ,G_Var.Wuxunconf= 0 ,Old_Point= 530 ,New_Point=518.04167143706 , myaddpointbasiclose=7
161145, jisuan  TT_Old_Point=530
161145, fin  p_control_id= 11 ,TT_Add_Point = -12 , MK=0.6 ,BK= 1 ,GK= 1,Mode_K=1
161145, fin  p_control_id= 11 ,TT_Add_Point_new1 = -7 , MK=0.6 ,BK= 1 ,GK= 1,Mode_K=1
161145, fin  p_control_id= 11 ,TT_Add_Point_new2 = -7 , MK=0.6 ,BK= 1 ,GK= 1
161145, Check_MaxAddPoint control_id = 11 ,add_point1= -7 ,old_point = 530
161145, Check_MaxAddPoint control_id = 11 ,add_point2= -7 ,old_point = 530
161145, p_control_id= 11 ,G_Tab.MyRiseRank[p_control_id][1] = 0
161145,  正常打 GetRankLv my_old_big_lv= 1 ,my_old_lit_lv= 5 ,my_old_exp= 60
161145,  正常打 2 GetRankLv my_old_exp= 60
161145,  正常打 GetRankLv my_new_big_lv= 1 ,my_new_lit_lv= 5 ,my_new_exp= 46
161145,  CheckCanRankVP p_control_id= 11 ,point = 530
161145,  正常打 G_Tab.MyRiseRank[p_control_id][1]-2= 0
161145, 失败  ，p_num2=0
161145, 失败  my_new_score=523 , TT_Add_Point-=-7
161145, 失败  end up_new_addscore_2=-7 , up_add_exp_2=-14
161145,   p_control_id= 11 ,temp_player_tab[316] = 0 , PlayerRankScore_new=0 , PlayerRankScore_old=0
161145, WhetherFristPlayer(p_control_id)  =1 , p_control_id=11
161145, 成就卡  iselowin= 0
161145, 成就卡  num= 0
161145,  5555 p_control_id= 11 ,temp_player_tab[207] = -14,temp_player_tab[203]=-7
161145, 开始CollectPlayerInfo  G_Var.TT_Switch =1 , p_game_time=5
161145, 开始CollectPlayerInfo  G_Var.TT_Switch =1 , p_game_time=45
161145, lose control_id= 13 ,K = 16.8 , EA=0.50115129051182 ,G_Var.Wuxunconf= 0 ,Old_Point= 550 ,New_Point=538.07259928582 , myaddpointbasiclose=7
161145, jisuan  TT_Old_Point=550
161145, fin  p_control_id= 13 ,TT_Add_Point = -12 , MK=0.5 ,BK= 1 ,GK= 1,Mode_K=1
161145, fin  p_control_id= 13 ,TT_Add_Point_new1 = -6 , MK=0.5 ,BK= 1 ,GK= 1,Mode_K=1
161145, fin  p_control_id= 13 ,TT_Add_Point_new2 = -6 , MK=0.5 ,BK= 1 ,GK= 1
161145, Check_MaxAddPoint control_id = 13 ,add_point1= -6 ,old_point = 550
161145, Check_MaxAddPoint control_id = 13 ,add_point2= -6 ,old_point = 550
161145, p_control_id= 13 ,G_Tab.MyRiseRank[p_control_id][1] = 0
161145,  正常打 GetRankLv my_old_big_lv= 1 ,my_old_lit_lv= 5 ,my_old_exp= 100
161145,  正常打 2 GetRankLv my_old_exp= 100
161145,  正常打 GetRankLv my_new_big_lv= 1 ,my_new_lit_lv= 5 ,my_new_exp= 88
161145,  CheckCanRankVP p_control_id= 13 ,point = 550
161145,  正常打 G_Tab.MyRiseRank[p_control_id][1]-2= 0
161145, 失败  ，p_num2=0
161145, 失败  my_new_score=544 , TT_Add_Point-=-6
161145, 失败  end up_new_addscore_2=-6 , up_add_exp_2=-12
161145,   p_control_id= 13 ,temp_player_tab[316] = 0 , PlayerRankScore_new=0 , PlayerRankScore_old=0
161145, WhetherFristPlayer(p_control_id)  =1 , p_control_id=13
161145, 成就卡  iselowin= 0
161145, 成就卡  num= 0
161145,  5555 p_control_id= 13 ,temp_player_tab[207] = -12,temp_player_tab[203]=-6
161145, 开始CollectPlayerInfo  G_Var.TT_Switch =1 , p_game_time=45
161145, lose control_id= 14 ,K = 16.896 , EA=0.49923247223854 ,G_Var.Wuxunconf= 0 ,Old_Point= 526 ,New_Point=514.07034084339 , myaddpointbasiclose=7
161145, jisuan  TT_Old_Point=526
161145, fin  p_control_id= 14 ,TT_Add_Point = -12 , MK=1 ,BK= 1 ,GK= 1,Mode_K=1
161145, fin  p_control_id= 14 ,TT_Add_Point_new1 = -12 , MK=1 ,BK= 1 ,GK= 1,Mode_K=1
161145, fin  p_control_id= 14 ,TT_Add_Point_new2 = -12 , MK=1 ,BK= 1 ,GK= 1
161145, Check_MaxAddPoint control_id = 14 ,add_point1= -12 ,old_point = 526
161145, Check_MaxAddPoint control_id = 14 ,add_point2= -12 ,old_point = 526
161145, p_control_id= 14 ,G_Tab.MyRiseRank[p_control_id][1] = 0
161145,  正常打 GetRankLv my_old_big_lv= 1 ,my_old_lit_lv= 5 ,my_old_exp= 52
161145,  正常打 2 GetRankLv my_old_exp= 52
161145,  正常打 GetRankLv my_new_big_lv= 1 ,my_new_lit_lv= 5 ,my_new_exp= 28
161145,  CheckCanRankVP p_control_id= 14 ,point = 526
161145,  正常打 G_Tab.MyRiseRank[p_control_id][1]-2= 0
161145, 失败  ，p_num2=0
161145, 失败  my_new_score=514 , TT_Add_Point-=-12
161145, 失败  end up_new_addscore_2=-12 , up_add_exp_2=-24
161145,   p_control_id= 14 ,temp_player_tab[316] = 0 , PlayerRankScore_new=0 , PlayerRankScore_old=0
161145, WhetherFristPlayer(p_control_id)  =1 , p_control_id=14
161145, 成就卡  iselowin= 0
161145, 成就卡  num= 0
161145,  5555 p_control_id= 14 ,temp_player_tab[207] = -24,temp_player_tab[203]=-12
161145, 开始CollectPlayerInfo  G_Var.TT_Switch =1 , p_game_time=45
161145, lose control_id= 15 ,K = 16.944 , EA=0.4973136765725 ,G_Var.Wuxunconf= 0 ,Old_Point= 514 ,New_Point=502.09232132815 , myaddpointbasiclose=7
161145, jisuan  TT_Old_Point=514
161145, fin  p_control_id= 15 ,TT_Add_Point = -12 , MK=0.7 ,BK= 1 ,GK= 1,Mode_K=1
161145, fin  p_control_id= 15 ,TT_Add_Point_new1 = -8 , MK=0.7 ,BK= 1 ,GK= 1,Mode_K=1
161145, fin  p_control_id= 15 ,TT_Add_Point_new2 = -8 , MK=0.7 ,BK= 1 ,GK= 1
161145, Check_MaxAddPoint control_id = 15 ,add_point1= -8 ,old_point = 514
161145, Check_MaxAddPoint control_id = 15 ,add_point2= -8 ,old_point = 514
161145, p_control_id= 15 ,G_Tab.MyRiseRank[p_control_id][1] = 0
161145,  正常打 GetRankLv my_old_big_lv= 1 ,my_old_lit_lv= 5 ,my_old_exp= 28
161145,  正常打 2 GetRankLv my_old_exp= 28
161145,  正常打 GetRankLv my_new_big_lv= 1 ,my_new_lit_lv= 5 ,my_new_exp= 12
161145,  CheckCanRankVP p_control_id= 15 ,point = 514
161145,  正常打 G_Tab.MyRiseRank[p_control_id][1]-2= 0
161145, 失败  ，p_num2=0
161145, 失败  my_new_score=506 , TT_Add_Point-=-8
161145, 失败  end up_new_addscore_2=-8 , up_add_exp_2=-16
161145,   p_control_id= 15 ,temp_player_tab[316] = 0 , PlayerRankScore_new=0 , PlayerRankScore_old=0
161145, WhetherFristPlayer(p_control_id)  =1 , p_control_id=15
161145, 成就卡  iselowin= 0
161145, 成就卡  num= 0
161145,  5555 p_control_id= 15 ,temp_player_tab[207] = -16,temp_player_tab[203]=-8
161145, 开始CollectPlayerInfo  G_Var.TT_Switch =1 , p_game_time=11
161145, lose control_id= 16 ,K = 16.672 , EA=0.51342851631394 ,G_Var.Wuxunconf= 0 ,Old_Point= 582 ,New_Point=569.84612016182 , myaddpointbasiclose=7
161145, jisuan  TT_Old_Point=582
161145, fin  p_control_id= 16 ,TT_Add_Point = -12 , MK=1 ,BK= 1 ,GK= 1,Mode_K=1
161145, fin  p_control_id= 16 ,TT_Add_Point_new1 = -12 , MK=1 ,BK= 1 ,GK= 1,Mode_K=1
161145, fin  p_control_id= 16 ,TT_Add_Point_new2 = -12 , MK=1 ,BK= 1 ,GK= 1
161145, Check_MaxAddPoint control_id = 16 ,add_point1= -12 ,old_point = 582
161145, Check_MaxAddPoint control_id = 16 ,add_point2= -12 ,old_point = 582
161145, p_control_id= 16 ,G_Tab.MyRiseRank[p_control_id][1] = 0
161145,  正常打 GetRankLv my_old_big_lv= 1 ,my_old_lit_lv= 4 ,my_old_exp= 64
161145,  正常打 2 GetRankLv my_old_exp= 64
161145,  正常打 GetRankLv my_new_big_lv= 1 ,my_new_lit_lv= 4 ,my_new_exp= 40
161145,  CheckCanRankVP p_control_id= 16 ,point = 582
161145,  正常打 G_Tab.MyRiseRank[p_control_id][1]-2= 0
161145, 失败  ，p_num2=0
161145, 失败  my_new_score=570 , TT_Add_Point-=-12
161145, 失败  end up_new_addscore_2=-12 , up_add_exp_2=-24
161145,   p_control_id= 16 ,temp_player_tab[316] = 0 , PlayerRankScore_new=0 , PlayerRankScore_old=0
161145, WhetherFristPlayer(p_control_id)  =0 , p_control_id=16
161145,  5555 p_control_id= 16 ,temp_player_tab[207] = -24,temp_player_tab[203]=-12
161145, 开始CollectPlayerInfo  G_Var.TT_Switch =1 , p_game_time=45
161145, lose control_id= 17 ,K = 16.944 , EA=0.4973136765725 ,G_Var.Wuxunconf= 0 ,Old_Point= 514 ,New_Point=502.09232132815 , myaddpointbasiclose=7
161145, jisuan  TT_Old_Point=514
161145, fin  p_control_id= 17 ,TT_Add_Point = -12 , MK=1 ,BK= 1 ,GK= 1,Mode_K=1
161145, fin  p_control_id= 17 ,TT_Add_Point_new1 = -12 , MK=1 ,BK= 1 ,GK= 1,Mode_K=1
161145, fin  p_control_id= 17 ,TT_Add_Point_new2 = -12 , MK=1 ,BK= 1 ,GK= 1
161145, Check_MaxAddPoint control_id = 17 ,add_point1= -12 ,old_point = 514
161145, Check_MaxAddPoint control_id = 17 ,add_point2= -12 ,old_point = 514
161145, p_control_id= 17 ,G_Tab.MyRiseRank[p_control_id][1] = 0
161145,  正常打 GetRankLv my_old_big_lv= 1 ,my_old_lit_lv= 5 ,my_old_exp= 28
161145,  正常打 2 GetRankLv my_old_exp= 28
161145,  正常打 GetRankLv my_new_big_lv= 1 ,my_new_lit_lv= 5 ,my_new_exp= 4
161145,  CheckCanRankVP p_control_id= 17 ,point = 514
161145,  正常打 G_Tab.MyRiseRank[p_control_id][1]-2= 0
161145, 失败  ，p_num2=0
161145, 失败  my_new_score=502 , TT_Add_Point-=-12
161145, 失败  end up_new_addscore_2=-12 , up_add_exp_2=-24
161145,   p_control_id= 17 ,temp_player_tab[316] = 0 , PlayerRankScore_new=0 , PlayerRankScore_old=0
161145, WhetherFristPlayer(p_control_id)  =1 , p_control_id=17
161145, 成就卡  iselowin= 0
161145, 成就卡  num= 0
161145,  5555 p_control_id= 17 ,temp_player_tab[207] = -24,temp_player_tab[203]=-12
161145, 开始CollectPlayerInfo  G_Var.TT_Switch =1 , p_game_time=45
161145, lose control_id= 18 ,K = 16.864 , EA=0.49846494809426 ,G_Var.Wuxunconf= 0 ,Old_Point= 534 ,New_Point=522.10463247868 , myaddpointbasiclose=7
161145, jisuan  TT_Old_Point=534
161145, fin  p_control_id= 18 ,TT_Add_Point = -12 , MK=1 ,BK= 1 ,GK= 1,Mode_K=1
161145, fin  p_control_id= 18 ,TT_Add_Point_new1 = -12 , MK=1 ,BK= 1 ,GK= 1,Mode_K=1
161145, fin  p_control_id= 18 ,TT_Add_Point_new2 = -12 , MK=1 ,BK= 1 ,GK= 1
161145, Check_MaxAddPoint control_id = 18 ,add_point1= -12 ,old_point = 534
161145, Check_MaxAddPoint control_id = 18 ,add_point2= -12 ,old_point = 534
161145, p_control_id= 18 ,G_Tab.MyRiseRank[p_control_id][1] = 0
161145,  正常打 GetRankLv my_old_big_lv= 1 ,my_old_lit_lv= 5 ,my_old_exp= 68
161145,  正常打 2 GetRankLv my_old_exp= 68
161145,  正常打 GetRankLv my_new_big_lv= 1 ,my_new_lit_lv= 5 ,my_new_exp= 44
161145,  CheckCanRankVP p_control_id= 18 ,point = 534
161145,  正常打 G_Tab.MyRiseRank[p_control_id][1]-2= 0
161145, 失败  ，p_num2=0
161145, 失败  my_new_score=522 , TT_Add_Point-=-12
161145, 失败  end up_new_addscore_2=-12 , up_add_exp_2=-24
161145,   p_control_id= 18 ,temp_player_tab[316] = 0 , PlayerRankScore_new=0 , PlayerRankScore_old=0
161145, WhetherFristPlayer(p_control_id)  =1 , p_control_id=18
161145, 成就卡  iselowin= 0
161145, 成就卡  num= 0
161145,  5555 p_control_id= 18 ,temp_player_tab[207] = -24,temp_player_tab[203]=-12
161145, 开始CollectPlayerInfo  G_Var.TT_Switch =1 , p_game_time=45
161145, lose control_id= 19 ,K = 16.844 , EA=0.50038376410681 ,G_Var.Wuxunconf= 0 ,Old_Point= 539 ,New_Point=527.06884952864 , myaddpointbasiclose=7
161145, jisuan  TT_Old_Point=539
161145, fin  p_control_id= 19 ,TT_Add_Point = -12 , MK=1 ,BK= 1 ,GK= 1,Mode_K=1
161145, fin  p_control_id= 19 ,TT_Add_Point_new1 = -12 , MK=1 ,BK= 1 ,GK= 1,Mode_K=1
161145, fin  p_control_id= 19 ,TT_Add_Point_new2 = -12 , MK=1 ,BK= 1 ,GK= 1
161145, Check_MaxAddPoint control_id = 19 ,add_point1= -12 ,old_point = 539
161145, Check_MaxAddPoint control_id = 19 ,add_point2= -12 ,old_point = 539
161145, p_control_id= 19 ,G_Tab.MyRiseRank[p_control_id][1] = 0
161145,  正常打 GetRankLv my_old_big_lv= 1 ,my_old_lit_lv= 5 ,my_old_exp= 78
161145,  正常打 2 GetRankLv my_old_exp= 78
161145,  正常打 GetRankLv my_new_big_lv= 1 ,my_new_lit_lv= 5 ,my_new_exp= 54
161145,  CheckCanRankVP p_control_id= 19 ,point = 539
161145,  正常打 G_Tab.MyRiseRank[p_control_id][1]-2= 0
161145, 失败  ，p_num2=0
161145, 失败  my_new_score=527 , TT_Add_Point-=-12
161145, 失败  end up_new_addscore_2=-12 , up_add_exp_2=-24
161145,   p_control_id= 19 ,temp_player_tab[316] = 0 , PlayerRankScore_new=0 , PlayerRankScore_old=0
161145, WhetherFristPlayer(p_control_id)  =1 , p_control_id=19
161145, 成就卡  iselowin= 0
161145, 成就卡  num= 0
161145,  5555 p_control_id= 19 ,temp_player_tab[207] = -24,temp_player_tab[203]=-12
161145, 开始CollectPlayerInfo  G_Var.TT_Switch =1 , p_game_time=45
161145, lose control_id= 20 ,K = 16.96 , EA=0.5026863234275 ,G_Var.Wuxunconf= 0 ,Old_Point= 510 ,New_Point=497.95563569068 , myaddpointbasiclose=7
161145, jisuan  TT_Old_Point=510
161145, fin  p_control_id= 20 ,TT_Add_Point = -12 , MK=1 ,BK= 1 ,GK= 1,Mode_K=1
161145, fin  p_control_id= 20 ,TT_Add_Point_new1 = -12 , MK=1 ,BK= 1 ,GK= 1,Mode_K=1
161145, fin  p_control_id= 20 ,TT_Add_Point_new2 = -12 , MK=1 ,BK= 1 ,GK= 1
161145, Check_MaxAddPoint control_id = 20 ,add_point1= -12 ,old_point = 510
161145, Check_MaxAddPoint control_id = 20 ,add_point2= -12 ,old_point = 510
161145, p_control_id= 20 ,G_Tab.MyRiseRank[p_control_id][1] = 0
161145,  正常打 GetRankLv my_old_big_lv= 1 ,my_old_lit_lv= 5 ,my_old_exp= 20
161145,  正常打 2 GetRankLv my_old_exp= 20
161145,  正常打 GetRankLv my_new_big_lv= 0 ,my_new_lit_lv= 0 ,my_new_exp= 0
161145,  CheckCanRankVP p_control_id= 20 ,point = 510
161145,  正常打 G_Tab.MyRiseRank[p_control_id][1]-2= 0
161145, 失败  ，p_num2=0
161145, 失败  my_new_score=498 , TT_Add_Point-=-12
161145, 失败  end up_new_addscore_2=-12 , up_add_exp_2=-20
161145,   p_control_id= 20 ,temp_player_tab[316] = 1 , PlayerRankScore_new=1 , PlayerRankScore_old=0
161145, WhetherFristPlayer(p_control_id)  =1 , p_control_id=20
161145, 成就卡  iselowin= 0
161145, 成就卡  num= 0
161145,  5555 p_control_id= 20 ,temp_player_tab[207] = -20,temp_player_tab[203]=-9
161145, 开始CollectPlayerInfo  G_Var.TT_Switch =1 , p_game_time=45
161145, 开始CollectPlayerInfo  G_Var.TT_Switch =1 , p_game_time=45
161145, 开始CollectPlayerInfo  G_Var.TT_Switch =1 , p_game_time=45
161145, 开始CollectPlayerInfo  G_Var.TT_Switch =1 , p_game_time=45
161145, ~~~~~~~~~~~~~~以下是金钱获得统计~~~~~~~~~~~~~~~
161145, name	消灭获得	助攻获得	队友消灭	工资	补刀获得	分红	新boss粮仓	分摊	加钱	征伐	军令	
161145, 曹丕	8169	1693	0	10600	11498	1495	900	3783	596	1268	0
161145, 马谡	5424	1290	0	10600	11866	1495	1050	3830	1312	1911	0
161145, 华佗	223	5326	0	13288	3556	1495	900	6702	186	83	0
161145, 魏延	4529	2775	0	7965	2377	1495	900	3916	160	24	0
161145, 邓芝	4922	1706	0	10600	14656	1265	900	3707	1042	1385	0
161145, 赵云	7744	1171	0	10242	22945	1380	2700	2909	2142	3806	0
161145, 孙权	6272	2944	0	10600	3203	1495	900	4354	127	133	0
161145, 夏侯渊	5090	2291	0	10600	11975	1265	4500	3927	663	516	0
161145, 甄姬	9735	2536	0	10600	15016	1380	900	4567	637	2005	0
161145, 典韦	3377	1059	0	10600	12259	1265	900	3638	619	462	0
161145, 蔡文姬	10449	1621	0	10468	12475	1610	600	4475	815	902	0
161145, 黄月英	847	1314	0	9548	6315	1035	600	3154	358	178	0
161145, 华雄	7401	1965	0	10468	14057	1495	600	3869	778	1287	0
161145, 邓艾	2087	549	0	10468	15013	1610	600	2009	1511	1031	0
161145, 甘宁	1668	3497	0	10468	10202	1495	600	6213	720	590	0
161145, 马岱	1508	2750	0	9847	10816	1610	600	4439	434	915	0
161145, 贾诩	2788	2151	0	10468	5552	1610	600	5268	192	364	0
161145, 周瑜	8621	2277	0	10468	12616	1610	600	3838	618	1038	0
161145, 马超	4464	1321	0	10468	7070	1610	600	4024	344	240	0
161145, 关羽	5334	2192	0	10468	11873	1380	600	5019	1404	685	0
161145, ~~~~~~~~~~~~~~以下是军令金钱获得统计~~~~~~~~~~~~~~~
161145, name	总	断粮	斩将	破城	内务	掠阵	暗谋	掠夺	暗杀	击虚	明察	牌子
161145, 曹丕	0	0	0	0	0	0	0	0	0	0	0	0
161145, 马谡	0	0	0	0	0	0	0	0	0	0	0	0
161145, 华佗	0	0	0	0	0	0	0	0	0	0	0	0
161145, 魏延	0	0	0	0	0	0	0	0	0	0	0	0
161145, 邓芝	0	0	0	0	0	0	0	0	0	0	0	0
161145, 赵云	0	0	0	0	0	0	0	0	0	0	0	0
161145, 孙权	0	0	0	0	0	0	0	0	0	0	0	0
161145, 夏侯渊	0	0	0	0	0	0	0	0	0	0	0	0
161145, 甄姬	0	0	0	0	0	0	0	0	0	0	0	0
161145, 典韦	0	0	0	0	0	0	0	0	0	0	0	0
161145, 蔡文姬	0	0	0	0	0	0	0	0	0	0	0	0
161145, 黄月英	0	0	0	0	0	0	0	0	0	0	0	0
161145, 华雄	0	0	0	0	0	0	0	0	0	0	0	0
161145, 邓艾	0	0	0	0	0	0	0	0	0	0	0	0
161145, 甘宁	0	0	0	0	0	0	0	0	0	0	0	0
161145, 马岱	0	0	0	0	0	0	0	0	0	0	0	0
161145, 贾诩	0	0	0	0	0	0	0	0	0	0	0	0
161145, 周瑜	0	0	0	0	0	0	0	0	0	0	0	0
161145, 马超	0	0	0	0	0	0	0	0	0	0	0	0
161145, 关羽	0	0	0	0	0	0	0	0	0	0	0	0
