10697, 当前挂机的家伙4
10697, 挂机认定G_Tab.GuaJiJuBao[4][1] = 1
10697, 挂机认定G_Tab.GuaJiJuBao[4][2] = 0
10697, 挂机认定G_Tab.GuaJiJuBao[4][3] = 0
10697, 挂机认定G_Tab.GuaJiJuBao[4][4] = 0
10697, 挂机认定G_Tab.GuaJiJuBao[4][5] = 0
10697, 挂机认定G_Tab.GuaJiJuBao[4][6] = 0
10697, 挂机认定G_Tab.GuaJiJuBao[4][7] = 0
10697, 挂机认定G_Tab.GuaJiJuBao[4][8] = 0
10697, 挂机认定G_Tab.GuaJiJuBao[4][9] = 0
10697, 挂机认定G_Tab.GuaJiJuBao[4][10] = 0
10697, 挂机认定G_Tab.GuaJiJuBao[4][11] = 0
10697, 挂机认定G_Tab.GuaJiJuBao[4][12] = 0
10697, 挂机认定G_Tab.GuaJiJuBao[4][13] = 0
10697, 挂机认定G_Tab.GuaJiJuBao[4][14] = 0
10697, 挂机认定G_Tab.GuaJiJuBao[4][15] = 0
10697, 挂机认定G_Tab.GuaJiJuBao[4][16] = 0
10697, 挂机认定G_Tab.GuaJiJuBao[4][17] = 0
10697, 挂机认定G_Tab.GuaJiJuBao[4][18] = 0
10697, 挂机认定G_Tab.GuaJiJuBao[4][19] = 0
10697, 挂机认定G_Tab.GuaJiJuBao[4][20] = 0
10697, 确认的人数1
10697, control1挂机等级0
10697, control2挂机等级0
10697, control3挂机等级0
10697, control4挂机等级1
10697, control5挂机等级0
10697, control6挂机等级0
10697, control7挂机等级0
10697, control8挂机等级0
10697, control9挂机等级0
10697, control10挂机等级0
10697, control11挂机等级0
10697, control12挂机等级0
10697, control13挂机等级0
10697, control14挂机等级0
10697, control15挂机等级0
10697, control16挂机等级0
10697, control17挂机等级0
10697, control18挂机等级0
10697, control19挂机等级0
10697, control20挂机等级0
10697, 当前没有挂机的人数9
10709, 当前挂机的家伙4
10709, 挂机认定G_Tab.GuaJiJuBao[4][1] = 1
10709, 挂机认定G_Tab.GuaJiJuBao[4][2] = 0
10709, 挂机认定G_Tab.GuaJiJuBao[4][3] = 0
10709, 挂机认定G_Tab.GuaJiJuBao[4][4] = 0
10709, 挂机认定G_Tab.GuaJiJuBao[4][5] = 0
10709, 挂机认定G_Tab.GuaJiJuBao[4][6] = 1
10709, 挂机认定G_Tab.GuaJiJuBao[4][7] = 0
10709, 挂机认定G_Tab.GuaJiJuBao[4][8] = 0
10709, 挂机认定G_Tab.GuaJiJuBao[4][9] = 0
10709, 挂机认定G_Tab.GuaJiJuBao[4][10] = 0
10709, 挂机认定G_Tab.GuaJiJuBao[4][11] = 0
10709, 挂机认定G_Tab.GuaJiJuBao[4][12] = 0
10709, 挂机认定G_Tab.GuaJiJuBao[4][13] = 0
10709, 挂机认定G_Tab.GuaJiJuBao[4][14] = 0
10709, 挂机认定G_Tab.GuaJiJuBao[4][15] = 0
10709, 挂机认定G_Tab.GuaJiJuBao[4][16] = 0
10709, 挂机认定G_Tab.GuaJiJuBao[4][17] = 0
10709, 挂机认定G_Tab.GuaJiJuBao[4][18] = 0
10709, 挂机认定G_Tab.GuaJiJuBao[4][19] = 0
10709, 挂机认定G_Tab.GuaJiJuBao[4][20] = 0
10709, 确认的人数2
10709, control1挂机等级0
10709, control2挂机等级0
10709, control3挂机等级0
10709, control4挂机等级1
10709, control5挂机等级0
10709, control6挂机等级0
10709, control7挂机等级0
10709, control8挂机等级0
10709, control9挂机等级0
10709, control10挂机等级0
10709, control11挂机等级0
10709, control12挂机等级0
10709, control13挂机等级0
10709, control14挂机等级0
10709, control15挂机等级0
10709, control16挂机等级0
10709, control17挂机等级0
10709, control18挂机等级0
10709, control19挂机等级0
10709, control20挂机等级0
10709, 当前没有挂机的人数9
10777, 当前挂机的家伙4
10777, 挂机认定G_Tab.GuaJiJuBao[4][1] = 1
10777, 挂机认定G_Tab.GuaJiJuBao[4][2] = 0
10777, 挂机认定G_Tab.GuaJiJuBao[4][3] = 0
10777, 挂机认定G_Tab.GuaJiJuBao[4][4] = 0
10777, 挂机认定G_Tab.GuaJiJuBao[4][5] = 1
10777, 挂机认定G_Tab.GuaJiJuBao[4][6] = 1
10777, 挂机认定G_Tab.GuaJiJuBao[4][7] = 0
10777, 挂机认定G_Tab.GuaJiJuBao[4][8] = 0
10777, 挂机认定G_Tab.GuaJiJuBao[4][9] = 0
10777, 挂机认定G_Tab.GuaJiJuBao[4][10] = 0
10777, 挂机认定G_Tab.GuaJiJuBao[4][11] = 0
10777, 挂机认定G_Tab.GuaJiJuBao[4][12] = 0
10777, 挂机认定G_Tab.GuaJiJuBao[4][13] = 0
10777, 挂机认定G_Tab.GuaJiJuBao[4][14] = 0
10777, 挂机认定G_Tab.GuaJiJuBao[4][15] = 0
10777, 挂机认定G_Tab.GuaJiJuBao[4][16] = 0
10777, 挂机认定G_Tab.GuaJiJuBao[4][17] = 0
10777, 挂机认定G_Tab.GuaJiJuBao[4][18] = 0
10777, 挂机认定G_Tab.GuaJiJuBao[4][19] = 0
10777, 挂机认定G_Tab.GuaJiJuBao[4][20] = 0
10777, 确认的人数3
10777, control1挂机等级0
10777, control2挂机等级0
10777, control3挂机等级0
10777, control4挂机等级1
10777, control5挂机等级0
10777, control6挂机等级0
10777, control7挂机等级0
10777, control8挂机等级0
10777, control9挂机等级0
10777, control10挂机等级0
10777, control11挂机等级0
10777, control12挂机等级0
10777, control13挂机等级0
10777, control14挂机等级0
10777, control15挂机等级0
10777, control16挂机等级0
10777, control17挂机等级0
10777, control18挂机等级0
10777, control19挂机等级0
10777, control20挂机等级0
10777, 当前没有挂机的人数9
10913, 当前挂机的家伙4
10913, 挂机认定G_Tab.GuaJiJuBao[4][1] = 1
10913, 挂机认定G_Tab.GuaJiJuBao[4][2] = 1
10913, 挂机认定G_Tab.GuaJiJuBao[4][3] = 0
10913, 挂机认定G_Tab.GuaJiJuBao[4][4] = 0
10913, 挂机认定G_Tab.GuaJiJuBao[4][5] = 1
10913, 挂机认定G_Tab.GuaJiJuBao[4][6] = 1
10913, 挂机认定G_Tab.GuaJiJuBao[4][7] = 0
10913, 挂机认定G_Tab.GuaJiJuBao[4][8] = 0
10913, 挂机认定G_Tab.GuaJiJuBao[4][9] = 0
10913, 挂机认定G_Tab.GuaJiJuBao[4][10] = 0
10913, 挂机认定G_Tab.GuaJiJuBao[4][11] = 0
10913, 挂机认定G_Tab.GuaJiJuBao[4][12] = 0
10913, 挂机认定G_Tab.GuaJiJuBao[4][13] = 0
10913, 挂机认定G_Tab.GuaJiJuBao[4][14] = 0
10913, 挂机认定G_Tab.GuaJiJuBao[4][15] = 0
10913, 挂机认定G_Tab.GuaJiJuBao[4][16] = 0
10913, 挂机认定G_Tab.GuaJiJuBao[4][17] = 0
10913, 挂机认定G_Tab.GuaJiJuBao[4][18] = 0
10913, 挂机认定G_Tab.GuaJiJuBao[4][19] = 0
10913, 挂机认定G_Tab.GuaJiJuBao[4][20] = 0
10913, 确认的人数4
10913, control1挂机等级0
10913, control2挂机等级0
10913, control3挂机等级0
10913, control4挂机等级1
10913, control5挂机等级0
10913, control6挂机等级0
10913, control7挂机等级0
10913, control8挂机等级0
10913, control9挂机等级0
10913, control10挂机等级0
10913, control11挂机等级0
10913, control12挂机等级0
10913, control13挂机等级0
10913, control14挂机等级0
10913, control15挂机等级0
10913, control16挂机等级0
10913, control17挂机等级0
10913, control18挂机等级0
10913, control19挂机等级0
10913, control20挂机等级0
10913, 当前没有挂机的人数9
10921, 当前挂机的家伙4
10921, 挂机认定G_Tab.GuaJiJuBao[4][1] = 1
10921, 挂机认定G_Tab.GuaJiJuBao[4][2] = 1
10921, 挂机认定G_Tab.GuaJiJuBao[4][3] = 0
10921, 挂机认定G_Tab.GuaJiJuBao[4][4] = 0
10921, 挂机认定G_Tab.GuaJiJuBao[4][5] = 1
10921, 挂机认定G_Tab.GuaJiJuBao[4][6] = 1
10921, 挂机认定G_Tab.GuaJiJuBao[4][7] = 0
10921, 挂机认定G_Tab.GuaJiJuBao[4][8] = 1
10921, 挂机认定G_Tab.GuaJiJuBao[4][9] = 0
10921, 挂机认定G_Tab.GuaJiJuBao[4][10] = 0
10921, 挂机认定G_Tab.GuaJiJuBao[4][11] = 0
10921, 挂机认定G_Tab.GuaJiJuBao[4][12] = 0
10921, 挂机认定G_Tab.GuaJiJuBao[4][13] = 0
10921, 挂机认定G_Tab.GuaJiJuBao[4][14] = 0
10921, 挂机认定G_Tab.GuaJiJuBao[4][15] = 0
10921, 挂机认定G_Tab.GuaJiJuBao[4][16] = 0
10921, 挂机认定G_Tab.GuaJiJuBao[4][17] = 0
10921, 挂机认定G_Tab.GuaJiJuBao[4][18] = 0
10921, 挂机认定G_Tab.GuaJiJuBao[4][19] = 0
10921, 挂机认定G_Tab.GuaJiJuBao[4][20] = 0
10921, 确认的人数5
10921, control1挂机等级0
10921, control2挂机等级0
10921, control3挂机等级0
10921, control4挂机等级1
10921, control5挂机等级0
10921, control6挂机等级0
10921, control7挂机等级0
10921, control8挂机等级0
10921, control9挂机等级0
10921, control10挂机等级0
10921, control11挂机等级0
10921, control12挂机等级0
10921, control13挂机等级0
10921, control14挂机等级0
10921, control15挂机等级0
10921, control16挂机等级0
10921, control17挂机等级0
10921, control18挂机等级0
10921, control19挂机等级0
10921, control20挂机等级0
10921, 当前没有挂机的人数9
11001, 当前挂机的家伙4
11001, 挂机认定G_Tab.GuaJiJuBao[4][1] = 1
11001, 挂机认定G_Tab.GuaJiJuBao[4][2] = 1
11001, 挂机认定G_Tab.GuaJiJuBao[4][3] = 0
11001, 挂机认定G_Tab.GuaJiJuBao[4][4] = 0
11001, 挂机认定G_Tab.GuaJiJuBao[4][5] = 1
11001, 挂机认定G_Tab.GuaJiJuBao[4][6] = 1
11001, 挂机认定G_Tab.GuaJiJuBao[4][7] = 0
11001, 挂机认定G_Tab.GuaJiJuBao[4][8] = 1
11001, 挂机认定G_Tab.GuaJiJuBao[4][9] = 1
11001, 挂机认定G_Tab.GuaJiJuBao[4][10] = 0
11001, 挂机认定G_Tab.GuaJiJuBao[4][11] = 0
11001, 挂机认定G_Tab.GuaJiJuBao[4][12] = 0
11001, 挂机认定G_Tab.GuaJiJuBao[4][13] = 0
11001, 挂机认定G_Tab.GuaJiJuBao[4][14] = 0
11001, 挂机认定G_Tab.GuaJiJuBao[4][15] = 0
11001, 挂机认定G_Tab.GuaJiJuBao[4][16] = 0
11001, 挂机认定G_Tab.GuaJiJuBao[4][17] = 0
11001, 挂机认定G_Tab.GuaJiJuBao[4][18] = 0
11001, 挂机认定G_Tab.GuaJiJuBao[4][19] = 0
11001, 挂机认定G_Tab.GuaJiJuBao[4][20] = 0
11001, 确认的人数6
11001, control1挂机等级0
11001, control2挂机等级0
11001, control3挂机等级0
11001, control4挂机等级1
11001, control5挂机等级0
11001, control6挂机等级0
11001, control7挂机等级0
11001, control8挂机等级0
11001, control9挂机等级0
11001, control10挂机等级0
11001, control11挂机等级0
11001, control12挂机等级0
11001, control13挂机等级0
11001, control14挂机等级0
11001, control15挂机等级0
11001, control16挂机等级0
11001, control17挂机等级0
11001, control18挂机等级0
11001, control19挂机等级0
11001, control20挂机等级0
11001, 当前没有挂机的人数9
11149, 当前挂机的家伙4
11149, 挂机认定G_Tab.GuaJiJuBao[4][1] = 1
11149, 挂机认定G_Tab.GuaJiJuBao[4][2] = 1
11149, 挂机认定G_Tab.GuaJiJuBao[4][3] = 0
11149, 挂机认定G_Tab.GuaJiJuBao[4][4] = 0
11149, 挂机认定G_Tab.GuaJiJuBao[4][5] = 1
11149, 挂机认定G_Tab.GuaJiJuBao[4][6] = 1
11149, 挂机认定G_Tab.GuaJiJuBao[4][7] = 1
11149, 挂机认定G_Tab.GuaJiJuBao[4][8] = 1
11149, 挂机认定G_Tab.GuaJiJuBao[4][9] = 1
11149, 挂机认定G_Tab.GuaJiJuBao[4][10] = 0
11149, 挂机认定G_Tab.GuaJiJuBao[4][11] = 0
11149, 挂机认定G_Tab.GuaJiJuBao[4][12] = 0
11149, 挂机认定G_Tab.GuaJiJuBao[4][13] = 0
11149, 挂机认定G_Tab.GuaJiJuBao[4][14] = 0
11149, 挂机认定G_Tab.GuaJiJuBao[4][15] = 0
11149, 挂机认定G_Tab.GuaJiJuBao[4][16] = 0
11149, 挂机认定G_Tab.GuaJiJuBao[4][17] = 0
11149, 挂机认定G_Tab.GuaJiJuBao[4][18] = 0
11149, 挂机认定G_Tab.GuaJiJuBao[4][19] = 0
11149, 挂机认定G_Tab.GuaJiJuBao[4][20] = 0
11149, 确认的人数7
11149, control1挂机等级0
11149, control2挂机等级0
11149, control3挂机等级0
11149, control4挂机等级1
11149, control5挂机等级0
11149, control6挂机等级0
11149, control7挂机等级0
11149, control8挂机等级0
11149, control9挂机等级0
11149, control10挂机等级0
11149, control11挂机等级0
11149, control12挂机等级0
11149, control13挂机等级0
11149, control14挂机等级0
11149, control15挂机等级0
11149, control16挂机等级0
11149, control17挂机等级0
11149, control18挂机等级0
11149, control19挂机等级0
11149, control20挂机等级0
11149, 当前没有挂机的人数9
11217, 当前挂机的家伙4
11217, 挂机认定G_Tab.GuaJiJuBao[4][1] = 1
11217, 挂机认定G_Tab.GuaJiJuBao[4][2] = 1
11217, 挂机认定G_Tab.GuaJiJuBao[4][3] = 0
11217, 挂机认定G_Tab.GuaJiJuBao[4][4] = 0
11217, 挂机认定G_Tab.GuaJiJuBao[4][5] = 1
11217, 挂机认定G_Tab.GuaJiJuBao[4][6] = 1
11217, 挂机认定G_Tab.GuaJiJuBao[4][7] = 1
11217, 挂机认定G_Tab.GuaJiJuBao[4][8] = 1
11217, 挂机认定G_Tab.GuaJiJuBao[4][9] = 1
11217, 挂机认定G_Tab.GuaJiJuBao[4][10] = 1
11217, 挂机认定G_Tab.GuaJiJuBao[4][11] = 0
11217, 挂机认定G_Tab.GuaJiJuBao[4][12] = 0
11217, 挂机认定G_Tab.GuaJiJuBao[4][13] = 0
11217, 挂机认定G_Tab.GuaJiJuBao[4][14] = 0
11217, 挂机认定G_Tab.GuaJiJuBao[4][15] = 0
11217, 挂机认定G_Tab.GuaJiJuBao[4][16] = 0
11217, 挂机认定G_Tab.GuaJiJuBao[4][17] = 0
11217, 挂机认定G_Tab.GuaJiJuBao[4][18] = 0
11217, 挂机认定G_Tab.GuaJiJuBao[4][19] = 0
11217, 挂机认定G_Tab.GuaJiJuBao[4][20] = 0
11217, 确认的人数8
11217, control1挂机等级0
11217, control2挂机等级0
11217, control3挂机等级0
11217, control4挂机等级1
11217, control5挂机等级0
11217, control6挂机等级0
11217, control7挂机等级0
11217, control8挂机等级0
11217, control9挂机等级0
11217, control10挂机等级0
11217, control11挂机等级0
11217, control12挂机等级0
11217, control13挂机等级0
11217, control14挂机等级0
11217, control15挂机等级0
11217, control16挂机等级0
11217, control17挂机等级0
11217, control18挂机等级0
11217, control19挂机等级0
11217, control20挂机等级0
11217, 当前没有挂机的人数9
11361, 当前挂机的家伙4
11361, 挂机认定G_Tab.GuaJiJuBao[4][1] = 1
11361, 挂机认定G_Tab.GuaJiJuBao[4][2] = 1
11361, 挂机认定G_Tab.GuaJiJuBao[4][3] = 1
11361, 挂机认定G_Tab.GuaJiJuBao[4][4] = 0
11361, 挂机认定G_Tab.GuaJiJuBao[4][5] = 1
11361, 挂机认定G_Tab.GuaJiJuBao[4][6] = 1
11361, 挂机认定G_Tab.GuaJiJuBao[4][7] = 1
11361, 挂机认定G_Tab.GuaJiJuBao[4][8] = 1
11361, 挂机认定G_Tab.GuaJiJuBao[4][9] = 1
11361, 挂机认定G_Tab.GuaJiJuBao[4][10] = 1
11361, 挂机认定G_Tab.GuaJiJuBao[4][11] = 0
11361, 挂机认定G_Tab.GuaJiJuBao[4][12] = 0
11361, 挂机认定G_Tab.GuaJiJuBao[4][13] = 0
11361, 挂机认定G_Tab.GuaJiJuBao[4][14] = 0
11361, 挂机认定G_Tab.GuaJiJuBao[4][15] = 0
11361, 挂机认定G_Tab.GuaJiJuBao[4][16] = 0
11361, 挂机认定G_Tab.GuaJiJuBao[4][17] = 0
11361, 挂机认定G_Tab.GuaJiJuBao[4][18] = 0
11361, 挂机认定G_Tab.GuaJiJuBao[4][19] = 0
11361, 挂机认定G_Tab.GuaJiJuBao[4][20] = 0
11361, 确认的人数9
11361, control1挂机等级0
11361, control2挂机等级0
11361, control3挂机等级0
11361, control4挂机等级1
11361, control5挂机等级0
11361, control6挂机等级0
11361, control7挂机等级0
11361, control8挂机等级0
11361, control9挂机等级0
11361, control10挂机等级0
11361, control11挂机等级0
11361, control12挂机等级0
11361, control13挂机等级0
11361, control14挂机等级0
11361, control15挂机等级0
11361, control16挂机等级0
11361, control17挂机等级0
11361, control18挂机等级0
11361, control19挂机等级0
11361, control20挂机等级0
11361, 当前没有挂机的人数9
