5, tab[4]  总的局数 = 20
5, tab[5]  赢 = 7
5, tab[6]  输 = 9
5, tab[7]  异常 = 4
5, tab[8]  断线 = 3
5, tab[9]  游戏的时间 = 634
5, tab[10]  游戏经验值 = 0
5, tab[11]  名将 = 15
5, tab[12]  MVP = 0
5, tab[13]  破敌 = 0
5, tab[14]  偏将 = 0
5, tab[15]  军医 = 1
5, tab[16]  牺牲 = 1
5, tab[17]  破营 = 1
5, tab[18]  富豪 = 1
5, tab[19]  英魂 = 0
5, tab[20]  歼灭英雄数 = 187
5, tab[21]  消灭普通单位 = 1414
5, tab[22]  摧毁建筑数 = 23
5, tab[23]  死亡数 = 258
5, tab[24]  MVP值 = 4870
5, tab[25]  伤害输出 = 1144721
5, tab[26]  治疗输出 = 40834
5, tab[27]  承受伤害 = 1012238
5, tab[28]  金钱 = 1298026
5, tab[29]  助攻数 = 263
5, tab[30]  对建筑造成的伤害值 = 128641
5, tab[31]  斥候 = 0
