3926, 2/173
3926, result=true
4011, 10/171
4011, result=true
4091, 20/161
4091, result=true
8819, 2/141
8819, result=true
30698, 1/139
30698, result=true
30852, 5/138
30852, result=true
30962, 10/133
30962, result=true
42090, 1/123
42090, result=true
59375, 2/122
59375, result=true
59493, 10/120
59493, result=true
59577, 20/110
59577, result=true
62104, 2/90
62104, result=true
62208, 10/88
62208, result=true
62298, 20/78
62298, result=true
64827, 2/58
64827, result=true
76336, 2/56
76336, result=true
76430, 10/54
76430, result=true
80104, 2/44
80104, result=true
85977, 2/42
85977, result=true
86072, 10/40
86072, result=true
99727, 2/30
99727, result=true
99939, 10/28
99939, result=true
106192, 2/18
106192, result=true
106265, 10/16
106265, result=true
121379, 2/6
121379, result=true
124270, 2/4
124270, result=true
129237, 2/2
129237, result=true
