160850, ===[1][浮夸一世丶宇mmm][曹丕]===
160850, 0
160850, 0
160850, 0
160850, --------
160850, 太史慈 精忠 ★
160850, 青龙 ★ ★
160850, 玄武 ★
160850, 生命偷取 + 17.28％
160850, 法术抗性 + 1.56
160850, 法术伤害 + 9.88
160850, 法术暴击概率 + 4.5％
160850, 移动速度 + 25.6
160850, 物理攻击 + 9.86
160850, 护甲穿透 + 1.04
160850, 暴击伤害 + 12.96％
160850, 生命上限 + 150
160850, 攻击速度 + 12.96％
160850, ===[2][无哈哈534][马谡]===
160850, 0
160850, 0
160850, 0
160850, 0
160850, 0
160850, --------
160850, 朱雀 ★ ★
160850, 生命上限 + 89.09
160850, 法术抗性 + 0.72
160850, 法术伤害 + 9.41
160850, 法术暴击伤害 + 6.6％
160850, 每秒生命恢复 + 2.59
160850, 生命上限 + 3.24％
160850, 伤害减免 + 2.7％
160850, 移动速度 + 9
160850, 每秒法力恢复 + 0.29
160850, 法术暴击概率 + 2.5％
160850, 物理攻击 + 4.93
160850, 护甲穿透 + 1.04
160850, 物理攻击 + 4.32％
160850, 基础攻击速度 + 3.6％
160850, ===[3][C灭天][华佗]===
160850, 0
160850, 0
160850, 0
160850, 0
160850, 0
160850, 0
160850, 0
160850, --------
160850, 生命上限 + 162.12
160850, 物理防御 + 0.86
160850, 每秒获得金钱 + 1.02
160850, 伤害减免 + 1.5％
160850, 物理攻击 + 3.92
160850, 攻击速度 + 6％
160850, 物理攻击 + 4％
160850, 法术抗性 + 0.6
160850, 击中生命恢复 + 12
160850, 每秒生命恢复 + 3.84
160850, 控制时间减免 + 4％
160850, 复活时间 + -8％
160850, ===[4][战天英豪][魏延]===
160850, 0
160850, 0
160850, --------
160850, 朱雀 ★
160850, 玄武 ★
160850, 物理攻击 + 4.93
160850, 护甲穿透 + 1.04
160850, 生命偷取 + 8.64％
160850, 护甲穿透 + 4.5％
160850, 移动速度 + 13.8
160850, 法术伤害 + 9.88
160850, 法术穿透 + 0.91
160850, 法术伤害 + 2.59％
160850, 生命上限 + 75
160850, ===[5][真心丶难过][邓芝]===
160850, 0
160850, 0
160850, 0
160850, --------
160850, 邓芝 精忠 ★
160850, 颜良 精忠 ★
160850, 白虎 ★ ★ ★
160850, 物理攻击 + 14.79
160850, 攻击速度 + 25.92％
160850, 生命偷取 + 8.64％
160850, 移动速度 + 18.8
160850, 生命上限 + 75
160850, 暴击伤害 + 12.96％
160850, 基础攻击速度 + 3.6％
160850, 护甲穿透 + 1.04
160850, 物理攻击 + 4.32％
160850, 护甲穿透 + 4.5％
160850, ===[6][夜色终堕落][赵云]===
160850, 0
160850, 0
160850, 0
160850, --------
160850, 马超 精忠 ★ ★
160850, 马岱 精忠 ★
160850, 青龙 ★ ★ ★
160850, 击中生命恢复 + 77.76
160850, 物理攻击 + 12.96％
160850, 生命上限 + 372.27
160850, 移动速度 + 25.6
160850, 暴击概率 + 5.4％
160850, ===[7][wt7358639][孙权]===
160850, 0
160850, 0
160850, 0
160850, --------
160850, 典韦 精忠 ★
160850, 青龙 ★
160850, 白虎 ★
160850, 朱雀 ★
160850, 法术伤害 + 29.64
160850, 法术穿透 + 1.82
160850, 法术伤害 + 5.18％
160850, 冷却缩减 + 6.3％
160850, 移动速度 + 18.8
160850, 每秒法力恢复 + 0.52
160850, 生命上限 + 75
160850, 法术暴击伤害 + 6.48％
160850, 法术穿透 + 4.5％
160850, ===[8][极品鸭子3000][夏侯渊]===
160850, 0
160850, 0
160850, 0
160850, 0
160850, 0
160850, 0
160850, --------
160850, 物理攻击 + 16.44
160850, 攻击速度 + 28.8％
160850, 暴击伤害 + 43.2％
160850, 暴击概率 + 9％
160850, 击中生命恢复 + 28.8
160850, 护甲穿透 + 2.5％
160850, 基础攻击速度 + 4％
160850, ===[9][过期号码][甄姬]===
160850, 0
160850, 0
160850, 0
160850, --------
160850, 马超 精忠 ★
160850, 黄忠 精忠 ★
160850, 关羽 精忠 ★
160850, 朱雀 ★ ★
160850, 白虎 ★
160850, 物理攻击 + 4.93
160850, 击中生命恢复 + 25.92
160850, 生命偷取 + 8.64％
160850, 移动速度 + 32.4
160850, 生命上限 + 373.18
160850, 攻击速度 + 25.92％
160850, 生命上限 + 3.24％
160850, 暴击伤害 + 12.96％
160850, ===[10][孤影流星11][典韦]===
160850, 0
160850, 0
160850, 0
160850, --------
160850, 马岱 精忠 ★ ★ ★
160850, 白虎 ★ ★ ★
160850, 物理攻击 + 14.79
160850, 攻击速度 + 12.96％
160850, 物理攻击 + 12.96％
160850, 基础攻击速度 + 7.2％
160850, 移动速度 + 13
160850, 护甲穿透 + 2.08
160850, 护甲穿透 + 4.5％
160850, ===[11][夏季风][蔡文姬]===
160850, 0
160850, 0
160850, 0
160850, --------
160850, 曹丕 精忠 ★ ★ ★
160850, 朱雀 ★ ★ ★
160850, 每秒生命恢复 + 2.59
160850, 控制时间减免 + 8.64％
160850, 法术伤害 + 29.64
160850, 法术暴击概率 + 13.5％
160850, 移动速度 + 12
160850, 护甲穿透 + 1.04
160850, 法术伤害 + 2.59％
160850, 每秒法力恢复 + 0.52
160850, 法术暴击伤害 + 6.48％
160850, ===[12][zuodada][黄月英]===
160850, --------
160850, ===[13][晴丶爱你一辈子][华雄]===
160850, 0
160850, 0
160850, 0
160850, --------
160850, 贾诩 精忠 ★
160850, 姜维 精忠 ★
160850, 颜良 精忠 ★
160850, 玄武 ★ ★ ★
160850, 击中生命恢复 + 77.76
160850, 生命上限 + 447.27
160850, 控制时间减免 + 25.92％
160850, 移动速度 + 32.4
160850, ===[14][No乱世丶小败家][邓艾]===
160850, 0
160850, 0
160850, 0
160850, --------
160850, 基础攻击速度 + 2％
160850, 法术伤害 + 10.98
160850, 法术穿透 + 1
160850, 法术吸血 + 2.4％
160850, 物理攻击 + 2.74
160850, 护甲穿透 + 0.58
160850, 生命偷取 + 4.8％
160850, 伤害减免 + 1.5％
160850, 法术暴击伤害 + 3.6％
160850, 法术穿透 + 2.5％
160850, ===[15][天气太热了1][甘宁]===
160850, --------
160850, ===[16][出去开始][马岱]===
160850, 0
160850, 0
160850, 0
160850, 0
160850, 0
160850, 0
160850, --------
160850, 物理攻击 + 16.44
160850, 护甲穿透 + 2.32
160850, 生命偷取 + 9.6％
160850, 护甲穿透 + 7.5％
160850, 物理攻击 + 7.2％
160850, 移动速度 + 6
160850, 攻击速度 + 7.2％
160850, 基础攻击速度 + 4％
160850, 暴击伤害 + 7.2％
160850, 击中生命恢复 + 14.4
160850, ===[17][迩妈丿成妓侍汗][贾诩]===
160850, 0
160850, 0
160850, 0
160850, 0
160850, 0
160850, 0
160850, 0
160850, 0
160850, --------
160850, 物理攻击 + 7.1
160850, 击中生命恢复 + 22
160850, 暴击伤害 + 13.2％
160850, 生命上限 + 29.4
160850, 法术抗性 + 0.72
160850, 生命上限 + 1.5％
160850, 法术伤害 + 12.21
160850, 法术穿透 + 0.85
160850, 每秒法力恢复 + 0.24
160850, 法术暴击伤害 + 3％
160850, 法术吸血 + 2.4％
160850, 法术穿透 + 2.5％
160850, 护甲穿透 + 0.58
160850, 暴击概率 + 3％
160850, ===[18][lcdpxt921218][周瑜]===
160850, 0
160850, 0
160850, 0
160850, --------
160850, 孙权 精忠 ★
160850, 许褚 精忠 ★
160850, 诸葛亮 精忠 ★
160850, 朱雀 ★ ★ ★
160850, 法术伤害 + 29.64
160850, 法术穿透 + 0.91
160850, 法术暴击伤害 + 6.48％
160850, 法术穿透 + 9％
160850, 移动速度 + 11
160850, 物理攻击 + 4.32％
160850, 每秒生命恢复 + 2.59
160850, 击中生命恢复 + 25.92
160850, 生命上限 + 3.24％
160850, 冷却缩减 + 6.3％
160850, ===[19][qazwsx736][马超]===
160850, 0
160850, 0
160850, 0
160850, --------
160850, 赵云 精忠 ★
160850, 马岱 精忠 ★
160850, 马超 精忠 ★
160850, 青龙 ★
160850, 玄武 ★
160850, 朱雀 ★
160850, 物理攻击 + 14.79
160850, 护甲穿透 + 1.04
160850, 物理攻击 + 12.96％
160850, 基础攻击速度 + 3.6％
160850, 移动速度 + 19.8
160850, 攻击速度 + 12.96％
160850, 伤害减免 + 2.7％
160850, 法术穿透 + 0.91
160850, 生命上限 + 75
160850, ===[20][涛妹251][关羽]===
160850, 0
160850, 0
160850, --------
160850, 蒋钦 精忠 ★
160850, 诸葛亮 精忠 ★
160850, 白虎 ★ ★
160850, 物理攻击 + 9.86
160850, 攻击速度 + 12.96％
160850, 生命偷取 + 8.64％
160850, 暴击概率 + 5.4％
160850, 移动速度 + 9
160850, 护甲穿透 + 1.04
160850, 暴击伤害 + 12.96％
160850, 基础攻击速度 + 3.6％
