compilation time: Sep 19 2018 23:13:18
pid 1904
/pipe=GAME_XQYFZ_CHS_123456 /mapfile=103537437 /mode=1 /replay="D:\起凡\7fgame\replay\MyGame\AutoSave\my_replays0125.7fr" /replaypath="D:\起凡\7fgame\replay\MyGame\" /partner=0 /vfs= /enc=(3cbcc7fc7eea,365ff04dd0403ae65e0a01767bdf961e2aab2e42360f1e5974e1472da8f0a3fb31b3feb0bd6f37fb8c5c2c1a2d7b8ab5),(5b512a6b8b4f,d1817c8f609220cd46688c6f22218879d4d8ceb125d3004e0049e0d055d162594ee6a3c60ed77b6fbafb0b6a1bb65474),(b45835c7ad72,c304855a52f84785be5b810817b21fd274b76b3e1ae9226dc15c1c67603f21a7e5a5f096f1b105cabfa9af5b4ef3bcc1)
/pipe=GAME_XQYFZ_CHS_123456
/mapfile=103537437
/mode=1
2018-10-06 22:30:21:496 PID:1904 FM:     0  自动保存的平台路径：/replay="D:\起凡\7fgame\replay\MyGame\AutoSave\my_replays0125.7fr"  
2018-10-06 22:30:21:497 PID:1904 FM:     0  玩家保存的平台路径：/replaypath="D:\起凡\7fgame\replay\MyGame\"  
vertxt:D:\起凡\7fgame\game


-----------------------------------------------------------------
游戏开始启动, 首先获取机器配置信息
-----------------------------------------------------------------

一。操作系统:
Windows  Vista以上版本
版本号: 6,2, Build 9200
运行模式:normal mode.
系统语言: 中文简体

三。CPU:
8 个 CPU:
CPU:
  Intel(R) Core(TM) i5-8250U CPU @ 1.60GHz
VendorIdentifier:
  GenuineIntel
Identifier:
  Intel64 Family 6 Model 142 Stepping 10

四。内存:
MemoryLoad:35,
  TotalPhys:2047M, AvailPhys:2047M,
  AvailPageFile:4095M, TotalPageFile:4095M,
  AvailVirtual:1869M,TotalVirtual:2047M

五。显卡:
D3D Driver: nvldumd.dll
Description: NVIDIA GeForce MX150
Version: 23.21.13.8873

六。显示模式:
Enum displaymode: 640 x 400, 32
Enum displaymode: 640 x 480, 32
Enum displaymode: 800 x 600, 32
Enum displaymode: 1024 x 768, 32
Enum displaymode: 1152 x 864, 32
Enum displaymode: 1280 x 600, 32
Enum displaymode: 1280 x 720, 32
Enum displaymode: 1280 x 768, 32
Enum displaymode: 1280 x 800, 32
Enum displaymode: 1280 x 960, 32
Enum displaymode: 1280 x 1024, 32
Enum displaymode: 1360 x 768, 32
Enum displaymode: 1366 x 768, 32
Enum displaymode: 1400 x 1050, 32
Enum displaymode: 1440 x 900, 32
Enum displaymode: 1600 x 900, 32
Enum displaymode: 1680 x 1050, 32
Enum displaymode: 1920 x 1080, 32
Receive displaymode: 800 x 600
Receive displaymode: 1024 x 768
Receive displaymode: 1152 x 864
Receive displaymode: 1280 x 600
Receive displaymode: 1280 x 720
Receive displaymode: 1280 x 768
Receive displaymode: 1280 x 800
Receive displaymode: 1280 x 960
Receive displaymode: 1280 x 1024
Receive displaymode: 1360 x 768
Receive displaymode: 1366 x 768
Receive displaymode: 1400 x 1050
Receive displaymode: 1440 x 900
Receive displaymode: 1600 x 900
Receive displaymode: 1680 x 1050
Receive displaymode: 1920 x 1080

七。显存:
未知的显存!


八。当前路径:
D:\起凡\7fgame\game
启动时分辨率为(1920 X 1080)，对应窗口调整为(1920 X 1080)
启动时为全屏模式!
设置完窗口位置和大小之后, 客户区尺寸取出来为[1920 1080]
传入给D3D设备的窗口尺寸为[1920 1080], fullscreen = 0
启动脚本游戏平台!


// 游戏设置:
Game Screen:
  1920 X 1080
VS_1.0 Support:
  true
dot3 Support:
 true

2018-10-06 22:30:25:326 PID:1904 FM:     0  声卡驱动： 
2018-10-06 22:30:25:326 PID:1904 FM:     0  1  主声音驱动程序  
2018-10-06 22:30:25:326 PID:1904 FM:     0  2  扬声器 (Realtek High Definition Audio)  
2018-10-06 22:30:25:344 PID:1904 FM:     0  使用 主声音驱动程序  
2018-10-06 22:30:25:347 PID:1904 FM:     0  音效系统 初始化成功! 
2018-10-06 22:30:25:398 PID:1904 FM:     0  音乐系统 初始化成功! 
2018-10-06 22:30:25:548 PID:1904 FM:     0  pipe data init Success。 
设置读取地图名[sanguo_b]


调用GameInit, game logic frame 清0
启动脚本游戏平台!
do [core/gpi.o] ok!
读取地图表格, 加载地图相关脚本!
do [map/sanguo_b/sanguo_b.o] ok!
D:\起凡\7fgame\game\core\..\..\7fChatMsgFilter.dll
版本 980502003-001945-090090-sanguo:000001
[MPRender::BeginRender()]!
GameEventJoinGame[sanguo_b, 群雄逐鹿]

加载.\core\hct.o!
SetSessionInfo // 通知客户端服务器端脚本信息
LoadMap[0] = 0 
[0] begin load map[sanguo_b]
Scene : LoadMap, CreateUICha, CreateShadeArray! OK!
LoadMap[1] = 44 
LoadMap[2] = 0 
设置角色光[0.67 0.67 1.00]
[0] 成功执行map_init
[0] 下一步:生成动态障碍信息
LoadMap [3]= 695 (map_init)  
LoadMap[4] = 113 
enableb 0

roleinit_after_loadmap函数定义不存在, map=[sanguo_b]

[0] GameEvent_MapInit() ok!
LoadMap[5] = 2697 
[0] load snap ok!
LoadMap[6] = 45 
7fxp path: core\7fxp.dll
7fxp.dll Not Found
LoadMap[7] = 22 
Loading end。  47889 
Begin RunGameLogic, RenderCount = 68
5, *,17,0
5, HUS,1
5, HNSC_OPEN,1
5, HTS_OPEN,0
5, HPS_OPEN,1
5, HSS_OPEN,1
5, HES_OPEN,1
5, 982010
5, 991755
5, 982010
5, 985745
5, 982010
5, 51002
5, 17,43
5, *,12,0
5, HUS,1
5, HNSC_OPEN,1
5, HTS_OPEN,0
5, HPS_OPEN,1
5, HSS_OPEN,1
5, HES_OPEN,1
5, 982010
5, 991755
5, 982010
5, 985745
5, 982010
5, 51002
5, 12,43
5, *,2,0
5, HUS,1
5, HNSC_OPEN,1
5, HTS_OPEN,0
5, HPS_OPEN,1
5, HSS_OPEN,1
5, HES_OPEN,1
5, 982010
5, 991755
5, 982010
5, 985745
5, 982010
5, 51002
5, *,4,0
5, HUS,1
5, HNSC_OPEN,1
5, HTS_OPEN,0
5, HPS_OPEN,1
5, HSS_OPEN,1
5, HES_OPEN,1
5, 982010
5, 991755
5, 982010
5, 985745
5, 982010
5, 51002
5, 4,43
5, *,9,0
5, HUS,1
5, HNSC_OPEN,1
5, HTS_OPEN,0
5, HPS_OPEN,1
5, HSS_OPEN,1
5, HES_OPEN,1
5, 982010
5, 991755
5, 982010
5, 985745
5, 982010
5, 51002
5, 9,363
5, *,13,0
5, HUS,1
5, HNSC_OPEN,1
5, HTS_OPEN,0
5, HPS_OPEN,1
5, HSS_OPEN,1
5, HES_OPEN,1
5, 982010
5, 991755
5, 982010
5, 985745
5, 982010
5, 51002
5, *,6,0
5, HUS,1
5, HNSC_OPEN,1
5, HTS_OPEN,0
5, HPS_OPEN,1
5, HSS_OPEN,1
5, HES_OPEN,1
5, 982010
5, 991755
5, 982010
5, 985745
5, 982010
5, 51002
5, 6,90
5, *,7,0
5, HUS,1
5, HNSC_OPEN,1
5, HTS_OPEN,0
5, HPS_OPEN,1
5, HSS_OPEN,1
5, HES_OPEN,1
5, 982010
5, 991755
5, 982010
5, 985745
5, 982010
5, 51002
5, *,14,0
5, HUS,1
5, HNSC_OPEN,1
5, HTS_OPEN,0
5, HPS_OPEN,1
5, HSS_OPEN,1
5, HES_OPEN,1
5, 982010
5, 991755
5, 982010
5, 985745
5, 982010
5, 51002
5, 14,39
5, *,8,0
5, HUS,1
5, HNSC_OPEN,1
5, HTS_OPEN,0
5, HPS_OPEN,1
5, HSS_OPEN,1
5, HES_OPEN,1
5, 982010
5, 991755
5, 982010
5, 985745
5, 982010
5, 51002
5, 8,49
5, *,20,0
5, HUS,1
5, HNSC_OPEN,1
5, HTS_OPEN,0
5, HPS_OPEN,1
5, HSS_OPEN,1
5, HES_OPEN,1
5, 982010
5, 991755
5, 982010
5, 985745
5, 982010
5, 51002
5, *,5,0
5, HUS,1
5, HNSC_OPEN,1
5, HTS_OPEN,0
5, HPS_OPEN,1
5, HSS_OPEN,1
5, HES_OPEN,1
5, 982010
5, 991755
5, 982010
5, 985745
5, 982010
5, 51002
5, 5,1
5, *,10,0
5, HUS,1
5, HNSC_OPEN,1
5, HTS_OPEN,0
5, HPS_OPEN,1
5, HSS_OPEN,1
5, HES_OPEN,1
5, 982010
5, 991755
5, 982010
5, 985745
5, 982010
5, 51002
5, 10,1
5, *,19,0
5, HUS,1
5, HNSC_OPEN,1
5, HTS_OPEN,0
5, HPS_OPEN,1
5, HSS_OPEN,1
5, HES_OPEN,1
5, 982010
5, 991755
5, 982010
5, 985745
5, 982010
5, 51002
5, 19,50
5, *,1,0
5, HUS,1
5, HNSC_OPEN,1
5, HTS_OPEN,0
5, HPS_OPEN,1
5, HSS_OPEN,1
5, HES_OPEN,1
5, 982010
5, 991755
5, 982010
5, 985745
5, 982010
5, 51002
5, 1,1
5, *,3,0
5, HUS,1
5, HNSC_OPEN,1
5, HTS_OPEN,0
5, HPS_OPEN,1
5, HSS_OPEN,1
5, HES_OPEN,1
5, 982010
5, 991755
5, 982010
5, 985745
5, 982010
5, 51002
5, 3,1
5, *,15,0
5, HUS,1
5, HNSC_OPEN,1
5, HTS_OPEN,0
5, HPS_OPEN,1
5, HSS_OPEN,1
5, HES_OPEN,1
5, 982010
5, 991755
5, 982010
5, 985745
5, 982010
5, 51002
5, 15,1
5, *,16,0
5, HUS,1
5, HNSC_OPEN,1
5, HTS_OPEN,0
5, HPS_OPEN,1
5, HSS_OPEN,1
5, HES_OPEN,1
5, 982010
5, 991755
5, 982010
5, 985745
5, 982010
5, 51002
5, 16,1
5, *,18,0
5, HUS,1
5, HNSC_OPEN,1
5, HTS_OPEN,0
5, HPS_OPEN,1
5, HSS_OPEN,1
5, HES_OPEN,1
5, 982010
5, 991755
5, 982010
5, 985745
5, 982010
5, 51002
5, 18,1
5, *,11,0
5, HUS,1
5, HNSC_OPEN,1
5, HTS_OPEN,0
5, HPS_OPEN,1
5, HSS_OPEN,1
5, HES_OPEN,1
5, 982010
5, 991755
5, 982010
5, 985745
5, 982010
5, 51002
5, 11,1
51985, *,4,0
51985, HUS,1
51985, HNSC_OPEN,1
51985, HTS_OPEN,0
51985, HPS_OPEN,1
51985, HSS_OPEN,1
51985, HES_OPEN,1
51985, 982010
51985, 991755
51985, 982010
51985, 985745
51985, 982010
51985, 51002
51985, 4,181
52685, *,6,0
52685, HUS,1
52685, HNSC_OPEN,1
52685, HTS_OPEN,0
52685, HPS_OPEN,1
52685, HSS_OPEN,1
52685, HES_OPEN,1
52685, 982010
52685, 991755
52685, 982010
52685, 985745
52685, 982010
52685, 51002
52685, 6,340
101409, *,16,0
101409, HUS,1
101409, HNSC_OPEN,1
101409, HTS_OPEN,0
101409, HPS_OPEN,1
101409, HSS_OPEN,1
101409, HES_OPEN,1
101409, 982010
101409, 991755
101409, 982010
101409, 985745
101409, 982010
101409, 51002
101409, 16,99
119329, *,16,0
119329, HUS,1
119329, HNSC_OPEN,1
119329, HTS_OPEN,0
119329, HPS_OPEN,1
119329, HSS_OPEN,1
119329, HES_OPEN,1
119329, 982010
119329, 991755
119329, 982010
119329, 985745
119329, 982010
119329, 51002
119329, 16,126
132957, *,12,0
132957, HUS,1
132957, HNSC_OPEN,1
132957, HTS_OPEN,0
132957, HPS_OPEN,1
132957, HSS_OPEN,1
132957, HES_OPEN,1
132957, 982010
132957, 991755
132957, 982010
132957, 985745
132957, 982010
132957, 51002
132957, 12,200
140185, *,12,0
140185, HUS,1
140185, HNSC_OPEN,1
140185, HTS_OPEN,0
140185, HPS_OPEN,1
140185, HSS_OPEN,1
140185, HES_OPEN,1
140185, 982010
140185, 991755
140185, 982010
140185, 985745
140185, 982010
140185, 51002
140185, 12,68
