161145, 99488797,浮夸一世丶宇mmm,223,0
161145, 90860370,无哈哈534,288,0
161145, 67798109,C灭天,26,544
161145, 79816574,战天英豪,50,0
161145, 98059900,真心丶难过,260,0
161145, 44650287,夜色终堕落,60,4
161145, 42401348,wt7358639,188,0
161145, 74286380,极品鸭子3000,81,8
161145, 123253606,过期号码,180,19
161145, 101014532,孤影流星11,51,0
161145, 122940637,夏季风,330,1024
161145, 104020463,zuodada,184,0
161145, 99167851,晴丶爱你一辈子,385,384
161145, 102528214,No乱世丶小败家,255,0
161145, 124671337,天气太热了1,218,64
161145, 120808592,出去开始,141,0
161145, 73974988,迩妈丿成妓侍汗,146,0
161145, 122617873,lcdpxt921218,61,0
161145, 17375975,qazwsx736,149,0
161145, 103089366,涛妹251,29,0
