11929, 存储数据, 玩家4,平凡一技,1项画质: 1	数据长度是1	数据类型为number
11929, 存储数据, 玩家4,平凡一技,2项滚屏速度: 18	数据长度是8	数据类型为number
11929, 存储数据, 玩家4,平凡一技,3项更新内容面板开关: 0	数据长度是1	数据类型为number
11929, 存储数据, 玩家4,平凡一技,4项游戏版本号: 1696	数据长度是16	数据类型为number
11929, 存储数据, 玩家4,平凡一技,5项语音: 0	数据长度是1	数据类型为number
11929, 存储数据, 玩家4,平凡一技,6项音响: 0	数据长度是1	数据类型为number
11929, 存储数据, 玩家4,平凡一技,7项麦克风: 0	数据长度是1	数据类型为number
11929, 存储数据, 玩家4,平凡一技,8项音响大小: 0	数据长度是8	数据类型为number
11929, 存储数据, 玩家4,平凡一技,9项麦克风大小: 0	数据长度是8	数据类型为number
11929, 存储数据, 玩家4,平凡一技,10项未知: 1	数据长度是1	数据类型为number
11929, 存储数据, 玩家4,平凡一技,11项光照: 99	数据长度是8	数据类型为number
11929, 存储数据, 玩家4,平凡一技,12项新F11面板模式: 1	数据长度是1	数据类型为number
11929, 存储数据, 玩家4,平凡一技,13项血条区分敌我: 1	数据长度是1	数据类型为number
11929, 存储数据, 玩家4,平凡一技,14项快捷键1: 41	数据长度是16	数据类型为number
11929, 存储数据, 玩家4,平凡一技,15项快捷键2: 43	数据长度是16	数据类型为number
11929, 存储数据, 玩家4,平凡一技,16项快捷键3: 61	数据长度是16	数据类型为number
11929, 存储数据, 玩家4,平凡一技,17项快捷键4: 42	数据长度是16	数据类型为number
11929, 存储数据, 玩家4,平凡一技,18项快捷键5: 56	数据长度是16	数据类型为number
11929, 存储数据, 玩家4,平凡一技,19项快捷键6: 53	数据长度是16	数据类型为number
11929, 存储数据, 玩家4,平凡一技,20项快捷键7: 541	数据长度是16	数据类型为number
11929, 存储数据, 玩家4,平凡一技,21项快捷键8: 542	数据长度是16	数据类型为number
11929, 存储数据, 玩家4,平凡一技,22项快捷键9: 543	数据长度是16	数据类型为number
11929, 存储数据, 玩家4,平凡一技,23项快捷键10: 544	数据长度是16	数据类型为number
11929, 存储数据, 玩家4,平凡一技,24项快捷键11: 545	数据长度是16	数据类型为number
11929, 存储数据, 玩家4,平凡一技,25项快捷键12: 546	数据长度是16	数据类型为number
11929, 存储数据, 玩家4,平凡一技,26项快捷键13: 547	数据长度是16	数据类型为number
11929, 存储数据, 玩家4,平凡一技,27项快捷键14: 548	数据长度是16	数据类型为number
11929, 存储数据, 玩家4,平凡一技,28项快捷键15: 549	数据长度是16	数据类型为number
11929, 存储数据, 玩家4,平凡一技,29项快捷键16: 0	数据长度是16	数据类型为number
11929, 存储数据, 玩家4,平凡一技,30项快捷键17: 0	数据长度是16	数据类型为number
11929, 存储数据, 玩家4,平凡一技,31项快捷键18: 568	数据长度是16	数据类型为number
11929, 存储数据, 玩家4,平凡一技,32项是否显示刀光: 1	数据长度是1	数据类型为number
11929, 存储数据, 玩家4,平凡一技,33项显示刀光编号: 25	数据长度是8	数据类型为number
11929, 存储数据, 玩家4,平凡一技,34项不显示翅膀: 0	数据长度是1	数据类型为number
11929, 存储数据, 玩家4,平凡一技,35项显示翅膀编号: 4	数据长度是8	数据类型为number
11929, 存储数据, 玩家4,平凡一技,36项孔明灯: 10	数据长度是8	数据类型为number
11929, 存储数据, 玩家4,平凡一技,37项免控表现: 0	数据长度是8	数据类型为number
11929, 存储数据, 玩家4,平凡一技,38项窗口锁定: 0	数据长度是8	数据类型为number
11929, 存储数据, 玩家4,平凡一技,39项打孔明灯: 0	数据长度是8	数据类型为number
11929, 存储数据, 玩家4,平凡一技,40项小地图头像: 0	数据长度是8	数据类型为number
11929, 存储数据, 玩家4,平凡一技,41项画笔库6: 0	数据长度是8	数据类型为number
11929, 存储数据, 玩家4,平凡一技,42项画笔库7: 0	数据长度是8	数据类型为number
11929, 存储数据, 玩家4,平凡一技,43项画笔库8: 0	数据长度是8	数据类型为number
11929, 存储数据, 玩家4,平凡一技,44项会员功能1: 0	数据长度是1	数据类型为number
11929, 存储数据, 玩家4,平凡一技,45项会员功能2: 0	数据长度是1	数据类型为number
11929, 存储数据, 玩家4,平凡一技,46项会员功能3: 1	数据长度是1	数据类型为number
11929, 存储数据, 玩家4,平凡一技,47项会员功能4: 0	数据长度是1	数据类型为number
11929, 存储数据, 玩家4,平凡一技,48项会员功能5: 0	数据长度是1	数据类型为number
11929, 存储数据, 玩家4,平凡一技,49项会员功能6: 1	数据长度是1	数据类型为number
11929, 存储数据, 玩家4,平凡一技,50项会员功能7: 1	数据长度是1	数据类型为number
11929, 存储数据, 玩家4,平凡一技,51项会员功能8: 1	数据长度是1	数据类型为number
11929, 存储数据, 玩家4,平凡一技,52项新商店左侧扩展面板: 1	数据长度是1	数据类型为number
11929, 存储数据, 玩家4,平凡一技,53项新商店上部扩展面板: 1	数据长度是1	数据类型为number
11929, 存储数据, 玩家4,平凡一技,54项新商店购买方式: 0	数据长度是1	数据类型为number
11929, 存储数据, 玩家4,平凡一技,55项新商店商店模式: 0	数据长度是1	数据类型为number
11929, 存储数据, 玩家4,平凡一技,56项预扣血模式: 0	数据长度是1	数据类型为number
11929, 存储数据, 玩家4,平凡一技,57项回城特效: 5	数据长度是8	数据类型为number
47469, 存储数据, 玩家6,被遗忘了的叶,1项画质: 1	数据长度是1	数据类型为number
47469, 存储数据, 玩家6,被遗忘了的叶,2项滚屏速度: 20	数据长度是8	数据类型为number
47469, 存储数据, 玩家6,被遗忘了的叶,3项更新内容面板开关: 0	数据长度是1	数据类型为number
47469, 存储数据, 玩家6,被遗忘了的叶,4项游戏版本号: 1696	数据长度是16	数据类型为number
47469, 存储数据, 玩家6,被遗忘了的叶,5项语音: 0	数据长度是1	数据类型为number
47469, 存储数据, 玩家6,被遗忘了的叶,6项音响: 0	数据长度是1	数据类型为number
47469, 存储数据, 玩家6,被遗忘了的叶,7项麦克风: 0	数据长度是1	数据类型为number
47469, 存储数据, 玩家6,被遗忘了的叶,8项音响大小: 0	数据长度是8	数据类型为number
47469, 存储数据, 玩家6,被遗忘了的叶,9项麦克风大小: 0	数据长度是8	数据类型为number
47469, 存储数据, 玩家6,被遗忘了的叶,10项未知: 1	数据长度是1	数据类型为number
47469, 存储数据, 玩家6,被遗忘了的叶,11项光照: 100	数据长度是8	数据类型为number
47469, 存储数据, 玩家6,被遗忘了的叶,12项新F11面板模式: 1	数据长度是1	数据类型为number
47469, 存储数据, 玩家6,被遗忘了的叶,13项血条区分敌我: 1	数据长度是1	数据类型为number
47469, 存储数据, 玩家6,被遗忘了的叶,14项快捷键1: 41	数据长度是16	数据类型为number
47469, 存储数据, 玩家6,被遗忘了的叶,15项快捷键2: 43	数据长度是16	数据类型为number
47469, 存储数据, 玩家6,被遗忘了的叶,16项快捷键3: 61	数据长度是16	数据类型为number
47469, 存储数据, 玩家6,被遗忘了的叶,17项快捷键4: 42	数据长度是16	数据类型为number
47469, 存储数据, 玩家6,被遗忘了的叶,18项快捷键5: 56	数据长度是16	数据类型为number
47469, 存储数据, 玩家6,被遗忘了的叶,19项快捷键6: 53	数据长度是16	数据类型为number
47469, 存储数据, 玩家6,被遗忘了的叶,20项快捷键7: 541	数据长度是16	数据类型为number
47469, 存储数据, 玩家6,被遗忘了的叶,21项快捷键8: 542	数据长度是16	数据类型为number
47469, 存储数据, 玩家6,被遗忘了的叶,22项快捷键9: 543	数据长度是16	数据类型为number
47469, 存储数据, 玩家6,被遗忘了的叶,23项快捷键10: 544	数据长度是16	数据类型为number
47469, 存储数据, 玩家6,被遗忘了的叶,24项快捷键11: 545	数据长度是16	数据类型为number
47469, 存储数据, 玩家6,被遗忘了的叶,25项快捷键12: 546	数据长度是16	数据类型为number
47469, 存储数据, 玩家6,被遗忘了的叶,26项快捷键13: 547	数据长度是16	数据类型为number
47469, 存储数据, 玩家6,被遗忘了的叶,27项快捷键14: 548	数据长度是16	数据类型为number
47469, 存储数据, 玩家6,被遗忘了的叶,28项快捷键15: 549	数据长度是16	数据类型为number
47469, 存储数据, 玩家6,被遗忘了的叶,29项快捷键16: 573	数据长度是16	数据类型为number
47469, 存储数据, 玩家6,被遗忘了的叶,30项快捷键17: 555	数据长度是16	数据类型为number
47469, 存储数据, 玩家6,被遗忘了的叶,31项快捷键18: 568	数据长度是16	数据类型为number
47469, 存储数据, 玩家6,被遗忘了的叶,32项是否显示刀光: 1	数据长度是1	数据类型为number
47469, 存储数据, 玩家6,被遗忘了的叶,33项显示刀光编号: 11	数据长度是8	数据类型为number
47469, 存储数据, 玩家6,被遗忘了的叶,34项不显示翅膀: 1	数据长度是1	数据类型为number
47469, 存储数据, 玩家6,被遗忘了的叶,35项显示翅膀编号: 0	数据长度是8	数据类型为number
47469, 存储数据, 玩家6,被遗忘了的叶,36项孔明灯: 0	数据长度是8	数据类型为number
47469, 存储数据, 玩家6,被遗忘了的叶,37项免控表现: 0	数据长度是8	数据类型为number
47469, 存储数据, 玩家6,被遗忘了的叶,38项窗口锁定: 0	数据长度是8	数据类型为number
47469, 存储数据, 玩家6,被遗忘了的叶,39项打孔明灯: 0	数据长度是8	数据类型为number
47469, 存储数据, 玩家6,被遗忘了的叶,40项小地图头像: 0	数据长度是8	数据类型为number
47469, 存储数据, 玩家6,被遗忘了的叶,41项画笔库6: 0	数据长度是8	数据类型为number
47469, 存储数据, 玩家6,被遗忘了的叶,42项画笔库7: 0	数据长度是8	数据类型为number
47469, 存储数据, 玩家6,被遗忘了的叶,43项画笔库8: 0	数据长度是8	数据类型为number
47469, 存储数据, 玩家6,被遗忘了的叶,44项会员功能1: 1	数据长度是1	数据类型为number
47469, 存储数据, 玩家6,被遗忘了的叶,45项会员功能2: 1	数据长度是1	数据类型为number
47469, 存储数据, 玩家6,被遗忘了的叶,46项会员功能3: 1	数据长度是1	数据类型为number
47469, 存储数据, 玩家6,被遗忘了的叶,47项会员功能4: 1	数据长度是1	数据类型为number
47469, 存储数据, 玩家6,被遗忘了的叶,48项会员功能5: 0	数据长度是1	数据类型为number
47469, 存储数据, 玩家6,被遗忘了的叶,49项会员功能6: 1	数据长度是1	数据类型为number
47469, 存储数据, 玩家6,被遗忘了的叶,50项会员功能7: 1	数据长度是1	数据类型为number
47469, 存储数据, 玩家6,被遗忘了的叶,51项会员功能8: 1	数据长度是1	数据类型为number
47469, 存储数据, 玩家6,被遗忘了的叶,52项新商店左侧扩展面板: 1	数据长度是1	数据类型为number
47469, 存储数据, 玩家6,被遗忘了的叶,53项新商店上部扩展面板: 1	数据长度是1	数据类型为number
47469, 存储数据, 玩家6,被遗忘了的叶,54项新商店购买方式: 0	数据长度是1	数据类型为number
47469, 存储数据, 玩家6,被遗忘了的叶,55项新商店商店模式: 1	数据长度是1	数据类型为number
47469, 存储数据, 玩家6,被遗忘了的叶,56项预扣血模式: 0	数据长度是1	数据类型为number
47469, 存储数据, 玩家6,被遗忘了的叶,57项回城特效: 0	数据长度是8	数据类型为number
96489, 存储数据, 玩家16,灬夏末秋凉灬,1项画质: 1	数据长度是1	数据类型为number
96489, 存储数据, 玩家16,灬夏末秋凉灬,2项滚屏速度: 14	数据长度是8	数据类型为number
96489, 存储数据, 玩家16,灬夏末秋凉灬,3项更新内容面板开关: 0	数据长度是1	数据类型为number
96489, 存储数据, 玩家16,灬夏末秋凉灬,4项游戏版本号: 1696	数据长度是16	数据类型为number
96489, 存储数据, 玩家16,灬夏末秋凉灬,5项语音: 0	数据长度是1	数据类型为number
96489, 存储数据, 玩家16,灬夏末秋凉灬,6项音响: 0	数据长度是1	数据类型为number
96489, 存储数据, 玩家16,灬夏末秋凉灬,7项麦克风: 0	数据长度是1	数据类型为number
96489, 存储数据, 玩家16,灬夏末秋凉灬,8项音响大小: 0	数据长度是8	数据类型为number
96489, 存储数据, 玩家16,灬夏末秋凉灬,9项麦克风大小: 0	数据长度是8	数据类型为number
96489, 存储数据, 玩家16,灬夏末秋凉灬,10项未知: 1	数据长度是1	数据类型为number
96489, 存储数据, 玩家16,灬夏末秋凉灬,11项光照: 99	数据长度是8	数据类型为number
96489, 存储数据, 玩家16,灬夏末秋凉灬,12项新F11面板模式: 1	数据长度是1	数据类型为number
96489, 存储数据, 玩家16,灬夏末秋凉灬,13项血条区分敌我: 1	数据长度是1	数据类型为number
96489, 存储数据, 玩家16,灬夏末秋凉灬,14项快捷键1: 41	数据长度是16	数据类型为number
96489, 存储数据, 玩家16,灬夏末秋凉灬,15项快捷键2: 43	数据长度是16	数据类型为number
96489, 存储数据, 玩家16,灬夏末秋凉灬,16项快捷键3: 61	数据长度是16	数据类型为number
96489, 存储数据, 玩家16,灬夏末秋凉灬,17项快捷键4: 42	数据长度是16	数据类型为number
96489, 存储数据, 玩家16,灬夏末秋凉灬,18项快捷键5: 56	数据长度是16	数据类型为number
96489, 存储数据, 玩家16,灬夏末秋凉灬,19项快捷键6: 53	数据长度是16	数据类型为number
96489, 存储数据, 玩家16,灬夏末秋凉灬,20项快捷键7: 541	数据长度是16	数据类型为number
96489, 存储数据, 玩家16,灬夏末秋凉灬,21项快捷键8: 542	数据长度是16	数据类型为number
96489, 存储数据, 玩家16,灬夏末秋凉灬,22项快捷键9: 543	数据长度是16	数据类型为number
96489, 存储数据, 玩家16,灬夏末秋凉灬,23项快捷键10: 544	数据长度是16	数据类型为number
96489, 存储数据, 玩家16,灬夏末秋凉灬,24项快捷键11: 545	数据长度是16	数据类型为number
96489, 存储数据, 玩家16,灬夏末秋凉灬,25项快捷键12: 546	数据长度是16	数据类型为number
96489, 存储数据, 玩家16,灬夏末秋凉灬,26项快捷键13: 547	数据长度是16	数据类型为number
96489, 存储数据, 玩家16,灬夏末秋凉灬,27项快捷键14: 548	数据长度是16	数据类型为number
96489, 存储数据, 玩家16,灬夏末秋凉灬,28项快捷键15: 549	数据长度是16	数据类型为number
96489, 存储数据, 玩家16,灬夏末秋凉灬,29项快捷键16: 573	数据长度是16	数据类型为number
96489, 存储数据, 玩家16,灬夏末秋凉灬,30项快捷键17: 555	数据长度是16	数据类型为number
96489, 存储数据, 玩家16,灬夏末秋凉灬,31项快捷键18: 568	数据长度是16	数据类型为number
96489, 存储数据, 玩家16,灬夏末秋凉灬,32项是否显示刀光: 1	数据长度是1	数据类型为number
96489, 存储数据, 玩家16,灬夏末秋凉灬,33项显示刀光编号: 14	数据长度是8	数据类型为number
96489, 存储数据, 玩家16,灬夏末秋凉灬,34项不显示翅膀: 1	数据长度是1	数据类型为number
96489, 存储数据, 玩家16,灬夏末秋凉灬,35项显示翅膀编号: 0	数据长度是8	数据类型为number
96489, 存储数据, 玩家16,灬夏末秋凉灬,36项孔明灯: 0	数据长度是8	数据类型为number
96489, 存储数据, 玩家16,灬夏末秋凉灬,37项免控表现: 0	数据长度是8	数据类型为number
96489, 存储数据, 玩家16,灬夏末秋凉灬,38项窗口锁定: 0	数据长度是8	数据类型为number
96489, 存储数据, 玩家16,灬夏末秋凉灬,39项打孔明灯: 0	数据长度是8	数据类型为number
96489, 存储数据, 玩家16,灬夏末秋凉灬,40项小地图头像: 0	数据长度是8	数据类型为number
96489, 存储数据, 玩家16,灬夏末秋凉灬,41项画笔库6: 0	数据长度是8	数据类型为number
96489, 存储数据, 玩家16,灬夏末秋凉灬,42项画笔库7: 0	数据长度是8	数据类型为number
96489, 存储数据, 玩家16,灬夏末秋凉灬,43项画笔库8: 0	数据长度是8	数据类型为number
96489, 存储数据, 玩家16,灬夏末秋凉灬,44项会员功能1: 1	数据长度是1	数据类型为number
96489, 存储数据, 玩家16,灬夏末秋凉灬,45项会员功能2: 1	数据长度是1	数据类型为number
96489, 存储数据, 玩家16,灬夏末秋凉灬,46项会员功能3: 1	数据长度是1	数据类型为number
96489, 存储数据, 玩家16,灬夏末秋凉灬,47项会员功能4: 1	数据长度是1	数据类型为number
96489, 存储数据, 玩家16,灬夏末秋凉灬,48项会员功能5: 1	数据长度是1	数据类型为number
96489, 存储数据, 玩家16,灬夏末秋凉灬,49项会员功能6: 1	数据长度是1	数据类型为number
96489, 存储数据, 玩家16,灬夏末秋凉灬,50项会员功能7: 1	数据长度是1	数据类型为number
96489, 存储数据, 玩家16,灬夏末秋凉灬,51项会员功能8: 1	数据长度是1	数据类型为number
96489, 存储数据, 玩家16,灬夏末秋凉灬,52项新商店左侧扩展面板: 1	数据长度是1	数据类型为number
96489, 存储数据, 玩家16,灬夏末秋凉灬,53项新商店上部扩展面板: 1	数据长度是1	数据类型为number
96489, 存储数据, 玩家16,灬夏末秋凉灬,54项新商店购买方式: 0	数据长度是1	数据类型为number
96489, 存储数据, 玩家16,灬夏末秋凉灬,55项新商店商店模式: 1	数据长度是1	数据类型为number
96489, 存储数据, 玩家16,灬夏末秋凉灬,56项预扣血模式: 0	数据长度是1	数据类型为number
96489, 存储数据, 玩家16,灬夏末秋凉灬,57项回城特效: 3	数据长度是8	数据类型为number
114285, 存储数据, 玩家16,丨丶傲爷灬城,1项画质: 1	数据长度是1	数据类型为number
114285, 存储数据, 玩家16,丨丶傲爷灬城,2项滚屏速度: 25	数据长度是8	数据类型为number
114285, 存储数据, 玩家16,丨丶傲爷灬城,3项更新内容面板开关: 0	数据长度是1	数据类型为number
114285, 存储数据, 玩家16,丨丶傲爷灬城,4项游戏版本号: 1696	数据长度是16	数据类型为number
114285, 存储数据, 玩家16,丨丶傲爷灬城,5项语音: 0	数据长度是1	数据类型为number
114285, 存储数据, 玩家16,丨丶傲爷灬城,6项音响: 0	数据长度是1	数据类型为number
114285, 存储数据, 玩家16,丨丶傲爷灬城,7项麦克风: 0	数据长度是1	数据类型为number
114285, 存储数据, 玩家16,丨丶傲爷灬城,8项音响大小: 0	数据长度是8	数据类型为number
114285, 存储数据, 玩家16,丨丶傲爷灬城,9项麦克风大小: 0	数据长度是8	数据类型为number
114285, 存储数据, 玩家16,丨丶傲爷灬城,10项未知: 1	数据长度是1	数据类型为number
114285, 存储数据, 玩家16,丨丶傲爷灬城,11项光照: 96	数据长度是8	数据类型为number
114285, 存储数据, 玩家16,丨丶傲爷灬城,12项新F11面板模式: 1	数据长度是1	数据类型为number
114285, 存储数据, 玩家16,丨丶傲爷灬城,13项血条区分敌我: 1	数据长度是1	数据类型为number
114285, 存储数据, 玩家16,丨丶傲爷灬城,14项快捷键1: 41	数据长度是16	数据类型为number
114285, 存储数据, 玩家16,丨丶傲爷灬城,15项快捷键2: 43	数据长度是16	数据类型为number
114285, 存储数据, 玩家16,丨丶傲爷灬城,16项快捷键3: 61	数据长度是16	数据类型为number
114285, 存储数据, 玩家16,丨丶傲爷灬城,17项快捷键4: 42	数据长度是16	数据类型为number
114285, 存储数据, 玩家16,丨丶傲爷灬城,18项快捷键5: 56	数据长度是16	数据类型为number
114285, 存储数据, 玩家16,丨丶傲爷灬城,19项快捷键6: 53	数据长度是16	数据类型为number
114285, 存储数据, 玩家16,丨丶傲爷灬城,20项快捷键7: 541	数据长度是16	数据类型为number
114285, 存储数据, 玩家16,丨丶傲爷灬城,21项快捷键8: 542	数据长度是16	数据类型为number
114285, 存储数据, 玩家16,丨丶傲爷灬城,22项快捷键9: 543	数据长度是16	数据类型为number
114285, 存储数据, 玩家16,丨丶傲爷灬城,23项快捷键10: 544	数据长度是16	数据类型为number
114285, 存储数据, 玩家16,丨丶傲爷灬城,24项快捷键11: 545	数据长度是16	数据类型为number
114285, 存储数据, 玩家16,丨丶傲爷灬城,25项快捷键12: 546	数据长度是16	数据类型为number
114285, 存储数据, 玩家16,丨丶傲爷灬城,26项快捷键13: 64	数据长度是16	数据类型为number
114285, 存储数据, 玩家16,丨丶傲爷灬城,27项快捷键14: 62	数据长度是16	数据类型为number
114285, 存储数据, 玩家16,丨丶傲爷灬城,28项快捷键15: 549	数据长度是16	数据类型为number
114285, 存储数据, 玩家16,丨丶傲爷灬城,29项快捷键16: 567	数据长度是16	数据类型为number
114285, 存储数据, 玩家16,丨丶傲爷灬城,30项快捷键17: 555	数据长度是16	数据类型为number
114285, 存储数据, 玩家16,丨丶傲爷灬城,31项快捷键18: 568	数据长度是16	数据类型为number
114285, 存储数据, 玩家16,丨丶傲爷灬城,32项是否显示刀光: 1	数据长度是1	数据类型为number
114285, 存储数据, 玩家16,丨丶傲爷灬城,33项显示刀光编号: 14	数据长度是8	数据类型为number
114285, 存储数据, 玩家16,丨丶傲爷灬城,34项不显示翅膀: 1	数据长度是1	数据类型为number
114285, 存储数据, 玩家16,丨丶傲爷灬城,35项显示翅膀编号: 0	数据长度是8	数据类型为number
114285, 存储数据, 玩家16,丨丶傲爷灬城,36项孔明灯: 0	数据长度是8	数据类型为number
114285, 存储数据, 玩家16,丨丶傲爷灬城,37项免控表现: 0	数据长度是8	数据类型为number
114285, 存储数据, 玩家16,丨丶傲爷灬城,38项窗口锁定: 0	数据长度是8	数据类型为number
114285, 存储数据, 玩家16,丨丶傲爷灬城,39项打孔明灯: 0	数据长度是8	数据类型为number
114285, 存储数据, 玩家16,丨丶傲爷灬城,40项小地图头像: 0	数据长度是8	数据类型为number
114285, 存储数据, 玩家16,丨丶傲爷灬城,41项画笔库6: 0	数据长度是8	数据类型为number
114285, 存储数据, 玩家16,丨丶傲爷灬城,42项画笔库7: 0	数据长度是8	数据类型为number
114285, 存储数据, 玩家16,丨丶傲爷灬城,43项画笔库8: 0	数据长度是8	数据类型为number
114285, 存储数据, 玩家16,丨丶傲爷灬城,44项会员功能1: 1	数据长度是1	数据类型为number
114285, 存储数据, 玩家16,丨丶傲爷灬城,45项会员功能2: 1	数据长度是1	数据类型为number
114285, 存储数据, 玩家16,丨丶傲爷灬城,46项会员功能3: 0	数据长度是1	数据类型为number
114285, 存储数据, 玩家16,丨丶傲爷灬城,47项会员功能4: 1	数据长度是1	数据类型为number
114285, 存储数据, 玩家16,丨丶傲爷灬城,48项会员功能5: 1	数据长度是1	数据类型为number
114285, 存储数据, 玩家16,丨丶傲爷灬城,49项会员功能6: 1	数据长度是1	数据类型为number
114285, 存储数据, 玩家16,丨丶傲爷灬城,50项会员功能7: 1	数据长度是1	数据类型为number
114285, 存储数据, 玩家16,丨丶傲爷灬城,51项会员功能8: 1	数据长度是1	数据类型为number
114285, 存储数据, 玩家16,丨丶傲爷灬城,52项新商店左侧扩展面板: 1	数据长度是1	数据类型为number
114285, 存储数据, 玩家16,丨丶傲爷灬城,53项新商店上部扩展面板: 1	数据长度是1	数据类型为number
114285, 存储数据, 玩家16,丨丶傲爷灬城,54项新商店购买方式: 1	数据长度是1	数据类型为number
114285, 存储数据, 玩家16,丨丶傲爷灬城,55项新商店商店模式: 1	数据长度是1	数据类型为number
114285, 存储数据, 玩家16,丨丶傲爷灬城,56项预扣血模式: 0	数据长度是1	数据类型为number
114285, 存储数据, 玩家16,丨丶傲爷灬城,57项回城特效: 9	数据长度是8	数据类型为number
124389, 存储数据, 玩家12,o0血灬彪,1项画质: 1	数据长度是1	数据类型为number
124389, 存储数据, 玩家12,o0血灬彪,2项滚屏速度: 20	数据长度是8	数据类型为number
124389, 存储数据, 玩家12,o0血灬彪,3项更新内容面板开关: 0	数据长度是1	数据类型为number
124389, 存储数据, 玩家12,o0血灬彪,4项游戏版本号: 1696	数据长度是16	数据类型为number
124389, 存储数据, 玩家12,o0血灬彪,5项语音: 0	数据长度是1	数据类型为number
124389, 存储数据, 玩家12,o0血灬彪,6项音响: 0	数据长度是1	数据类型为number
124389, 存储数据, 玩家12,o0血灬彪,7项麦克风: 0	数据长度是1	数据类型为number
124389, 存储数据, 玩家12,o0血灬彪,8项音响大小: 0	数据长度是8	数据类型为number
124389, 存储数据, 玩家12,o0血灬彪,9项麦克风大小: 0	数据长度是8	数据类型为number
124389, 存储数据, 玩家12,o0血灬彪,10项未知: 1	数据长度是1	数据类型为number
124389, 存储数据, 玩家12,o0血灬彪,11项光照: 99	数据长度是8	数据类型为number
124389, 存储数据, 玩家12,o0血灬彪,12项新F11面板模式: 1	数据长度是1	数据类型为number
124389, 存储数据, 玩家12,o0血灬彪,13项血条区分敌我: 1	数据长度是1	数据类型为number
124389, 存储数据, 玩家12,o0血灬彪,14项快捷键1: 55	数据长度是16	数据类型为number
124389, 存储数据, 玩家12,o0血灬彪,15项快捷键2: 61	数据长度是16	数据类型为number
124389, 存储数据, 玩家12,o0血灬彪,16项快捷键3: 43	数据长度是16	数据类型为number
124389, 存储数据, 玩家12,o0血灬彪,17项快捷键4: 56	数据长度是16	数据类型为number
124389, 存储数据, 玩家12,o0血灬彪,18项快捷键5: 0	数据长度是16	数据类型为number
124389, 存储数据, 玩家12,o0血灬彪,19项快捷键6: 53	数据长度是16	数据类型为number
124389, 存储数据, 玩家12,o0血灬彪,20项快捷键7: 541	数据长度是16	数据类型为number
124389, 存储数据, 玩家12,o0血灬彪,21项快捷键8: 542	数据长度是16	数据类型为number
124389, 存储数据, 玩家12,o0血灬彪,22项快捷键9: 543	数据长度是16	数据类型为number
124389, 存储数据, 玩家12,o0血灬彪,23项快捷键10: 544	数据长度是16	数据类型为number
124389, 存储数据, 玩家12,o0血灬彪,24项快捷键11: 545	数据长度是16	数据类型为number
124389, 存储数据, 玩家12,o0血灬彪,25项快捷键12: 546	数据长度是16	数据类型为number
124389, 存储数据, 玩家12,o0血灬彪,26项快捷键13: 547	数据长度是16	数据类型为number
124389, 存储数据, 玩家12,o0血灬彪,27项快捷键14: 548	数据长度是16	数据类型为number
124389, 存储数据, 玩家12,o0血灬彪,28项快捷键15: 549	数据长度是16	数据类型为number
124389, 存储数据, 玩家12,o0血灬彪,29项快捷键16: 573	数据长度是16	数据类型为number
124389, 存储数据, 玩家12,o0血灬彪,30项快捷键17: 555	数据长度是16	数据类型为number
124389, 存储数据, 玩家12,o0血灬彪,31项快捷键18: 568	数据长度是16	数据类型为number
124389, 存储数据, 玩家12,o0血灬彪,32项是否显示刀光: 1	数据长度是1	数据类型为number
124389, 存储数据, 玩家12,o0血灬彪,33项显示刀光编号: 1	数据长度是8	数据类型为number
124389, 存储数据, 玩家12,o0血灬彪,34项不显示翅膀: 1	数据长度是1	数据类型为number
124389, 存储数据, 玩家12,o0血灬彪,35项显示翅膀编号: 0	数据长度是8	数据类型为number
124389, 存储数据, 玩家12,o0血灬彪,36项孔明灯: 0	数据长度是8	数据类型为number
124389, 存储数据, 玩家12,o0血灬彪,37项免控表现: 0	数据长度是8	数据类型为number
124389, 存储数据, 玩家12,o0血灬彪,38项窗口锁定: 0	数据长度是8	数据类型为number
124389, 存储数据, 玩家12,o0血灬彪,39项打孔明灯: 0	数据长度是8	数据类型为number
124389, 存储数据, 玩家12,o0血灬彪,40项小地图头像: 0	数据长度是8	数据类型为number
124389, 存储数据, 玩家12,o0血灬彪,41项画笔库6: 0	数据长度是8	数据类型为number
124389, 存储数据, 玩家12,o0血灬彪,42项画笔库7: 0	数据长度是8	数据类型为number
124389, 存储数据, 玩家12,o0血灬彪,43项画笔库8: 0	数据长度是8	数据类型为number
124389, 存储数据, 玩家12,o0血灬彪,44项会员功能1: 1	数据长度是1	数据类型为number
124389, 存储数据, 玩家12,o0血灬彪,45项会员功能2: 1	数据长度是1	数据类型为number
124389, 存储数据, 玩家12,o0血灬彪,46项会员功能3: 1	数据长度是1	数据类型为number
124389, 存储数据, 玩家12,o0血灬彪,47项会员功能4: 1	数据长度是1	数据类型为number
124389, 存储数据, 玩家12,o0血灬彪,48项会员功能5: 1	数据长度是1	数据类型为number
124389, 存储数据, 玩家12,o0血灬彪,49项会员功能6: 1	数据长度是1	数据类型为number
124389, 存储数据, 玩家12,o0血灬彪,50项会员功能7: 1	数据长度是1	数据类型为number
124389, 存储数据, 玩家12,o0血灬彪,51项会员功能8: 1	数据长度是1	数据类型为number
124389, 存储数据, 玩家12,o0血灬彪,52项新商店左侧扩展面板: 1	数据长度是1	数据类型为number
124389, 存储数据, 玩家12,o0血灬彪,53项新商店上部扩展面板: 1	数据长度是1	数据类型为number
124389, 存储数据, 玩家12,o0血灬彪,54项新商店购买方式: 0	数据长度是1	数据类型为number
124389, 存储数据, 玩家12,o0血灬彪,55项新商店商店模式: 1	数据长度是1	数据类型为number
124389, 存储数据, 玩家12,o0血灬彪,56项预扣血模式: 0	数据长度是1	数据类型为number
124389, 存储数据, 玩家12,o0血灬彪,57项回城特效: 0	数据长度是8	数据类型为number
134053, 存储数据, 玩家12,马岱玩新手,1项画质: 1	数据长度是1	数据类型为number
134053, 存储数据, 玩家12,马岱玩新手,2项滚屏速度: 12	数据长度是8	数据类型为number
134053, 存储数据, 玩家12,马岱玩新手,3项更新内容面板开关: 0	数据长度是1	数据类型为number
134053, 存储数据, 玩家12,马岱玩新手,4项游戏版本号: 1696	数据长度是16	数据类型为number
134053, 存储数据, 玩家12,马岱玩新手,5项语音: 0	数据长度是1	数据类型为number
134053, 存储数据, 玩家12,马岱玩新手,6项音响: 0	数据长度是1	数据类型为number
134053, 存储数据, 玩家12,马岱玩新手,7项麦克风: 0	数据长度是1	数据类型为number
134053, 存储数据, 玩家12,马岱玩新手,8项音响大小: 3	数据长度是8	数据类型为number
134053, 存储数据, 玩家12,马岱玩新手,9项麦克风大小: 17	数据长度是8	数据类型为number
134053, 存储数据, 玩家12,马岱玩新手,10项未知: 1	数据长度是1	数据类型为number
134053, 存储数据, 玩家12,马岱玩新手,11项光照: 72	数据长度是8	数据类型为number
134053, 存储数据, 玩家12,马岱玩新手,12项新F11面板模式: 1	数据长度是1	数据类型为number
134053, 存储数据, 玩家12,马岱玩新手,13项血条区分敌我: 1	数据长度是1	数据类型为number
134053, 存储数据, 玩家12,马岱玩新手,14项快捷键1: 41	数据长度是16	数据类型为number
134053, 存储数据, 玩家12,马岱玩新手,15项快捷键2: 43	数据长度是16	数据类型为number
134053, 存储数据, 玩家12,马岱玩新手,16项快捷键3: 61	数据长度是16	数据类型为number
134053, 存储数据, 玩家12,马岱玩新手,17项快捷键4: 42	数据长度是16	数据类型为number
134053, 存储数据, 玩家12,马岱玩新手,18项快捷键5: 56	数据长度是16	数据类型为number
134053, 存储数据, 玩家12,马岱玩新手,19项快捷键6: 53	数据长度是16	数据类型为number
134053, 存储数据, 玩家12,马岱玩新手,20项快捷键7: 541	数据长度是16	数据类型为number
134053, 存储数据, 玩家12,马岱玩新手,21项快捷键8: 542	数据长度是16	数据类型为number
134053, 存储数据, 玩家12,马岱玩新手,22项快捷键9: 543	数据长度是16	数据类型为number
134053, 存储数据, 玩家12,马岱玩新手,23项快捷键10: 544	数据长度是16	数据类型为number
134053, 存储数据, 玩家12,马岱玩新手,24项快捷键11: 545	数据长度是16	数据类型为number
134053, 存储数据, 玩家12,马岱玩新手,25项快捷键12: 546	数据长度是16	数据类型为number
134053, 存储数据, 玩家12,马岱玩新手,26项快捷键13: 64	数据长度是16	数据类型为number
134053, 存储数据, 玩家12,马岱玩新手,27项快捷键14: 62	数据长度是16	数据类型为number
134053, 存储数据, 玩家12,马岱玩新手,28项快捷键15: 549	数据长度是16	数据类型为number
134053, 存储数据, 玩家12,马岱玩新手,29项快捷键16: 573	数据长度是16	数据类型为number
134053, 存储数据, 玩家12,马岱玩新手,30项快捷键17: 555	数据长度是16	数据类型为number
134053, 存储数据, 玩家12,马岱玩新手,31项快捷键18: 568	数据长度是16	数据类型为number
134053, 存储数据, 玩家12,马岱玩新手,32项是否显示刀光: 1	数据长度是1	数据类型为number
134053, 存储数据, 玩家12,马岱玩新手,33项显示刀光编号: 1	数据长度是8	数据类型为number
134053, 存储数据, 玩家12,马岱玩新手,34项不显示翅膀: 1	数据长度是1	数据类型为number
134053, 存储数据, 玩家12,马岱玩新手,35项显示翅膀编号: 0	数据长度是8	数据类型为number
134053, 存储数据, 玩家12,马岱玩新手,36项孔明灯: 0	数据长度是8	数据类型为number
134053, 存储数据, 玩家12,马岱玩新手,37项免控表现: 0	数据长度是8	数据类型为number
134053, 存储数据, 玩家12,马岱玩新手,38项窗口锁定: 0	数据长度是8	数据类型为number
134053, 存储数据, 玩家12,马岱玩新手,39项打孔明灯: 0	数据长度是8	数据类型为number
134053, 存储数据, 玩家12,马岱玩新手,40项小地图头像: 3	数据长度是8	数据类型为number
134053, 存储数据, 玩家12,马岱玩新手,41项画笔库6: 0	数据长度是8	数据类型为number
134053, 存储数据, 玩家12,马岱玩新手,42项画笔库7: 0	数据长度是8	数据类型为number
134053, 存储数据, 玩家12,马岱玩新手,43项画笔库8: 0	数据长度是8	数据类型为number
134053, 存储数据, 玩家12,马岱玩新手,44项会员功能1: 1	数据长度是1	数据类型为number
134053, 存储数据, 玩家12,马岱玩新手,45项会员功能2: 1	数据长度是1	数据类型为number
134053, 存储数据, 玩家12,马岱玩新手,46项会员功能3: 1	数据长度是1	数据类型为number
134053, 存储数据, 玩家12,马岱玩新手,47项会员功能4: 1	数据长度是1	数据类型为number
134053, 存储数据, 玩家12,马岱玩新手,48项会员功能5: 0	数据长度是1	数据类型为number
134053, 存储数据, 玩家12,马岱玩新手,49项会员功能6: 1	数据长度是1	数据类型为number
134053, 存储数据, 玩家12,马岱玩新手,50项会员功能7: 1	数据长度是1	数据类型为number
134053, 存储数据, 玩家12,马岱玩新手,51项会员功能8: 1	数据长度是1	数据类型为number
134053, 存储数据, 玩家12,马岱玩新手,52项新商店左侧扩展面板: 1	数据长度是1	数据类型为number
134053, 存储数据, 玩家12,马岱玩新手,53项新商店上部扩展面板: 1	数据长度是1	数据类型为number
134053, 存储数据, 玩家12,马岱玩新手,54项新商店购买方式: 0	数据长度是1	数据类型为number
134053, 存储数据, 玩家12,马岱玩新手,55项新商店商店模式: 1	数据长度是1	数据类型为number
134053, 存储数据, 玩家12,马岱玩新手,56项预扣血模式: 0	数据长度是1	数据类型为number
134053, 存储数据, 玩家12,马岱玩新手,57项回城特效: 9	数据长度是8	数据类型为number
161145, 存储数据, 玩家1,浮夸一世丶宇mmm,1项画质: 1	数据长度是1	数据类型为number
161145, 存储数据, 玩家1,浮夸一世丶宇mmm,2项滚屏速度: 20	数据长度是8	数据类型为number
161145, 存储数据, 玩家1,浮夸一世丶宇mmm,3项更新内容面板开关: 0	数据长度是1	数据类型为number
161145, 存储数据, 玩家1,浮夸一世丶宇mmm,4项游戏版本号: 1696	数据长度是16	数据类型为number
161145, 存储数据, 玩家1,浮夸一世丶宇mmm,5项语音: 0	数据长度是1	数据类型为number
161145, 存储数据, 玩家1,浮夸一世丶宇mmm,6项音响: 0	数据长度是1	数据类型为number
161145, 存储数据, 玩家1,浮夸一世丶宇mmm,7项麦克风: 0	数据长度是1	数据类型为number
161145, 存储数据, 玩家1,浮夸一世丶宇mmm,8项音响大小: 0	数据长度是8	数据类型为number
161145, 存储数据, 玩家1,浮夸一世丶宇mmm,9项麦克风大小: 0	数据长度是8	数据类型为number
161145, 存储数据, 玩家1,浮夸一世丶宇mmm,10项未知: 1	数据长度是1	数据类型为number
161145, 存储数据, 玩家1,浮夸一世丶宇mmm,11项光照: 99	数据长度是8	数据类型为number
161145, 存储数据, 玩家1,浮夸一世丶宇mmm,12项新F11面板模式: 0	数据长度是1	数据类型为number
161145, 存储数据, 玩家1,浮夸一世丶宇mmm,13项血条区分敌我: 1	数据长度是1	数据类型为number
161145, 存储数据, 玩家1,浮夸一世丶宇mmm,14项快捷键1: 41	数据长度是16	数据类型为number
161145, 存储数据, 玩家1,浮夸一世丶宇mmm,15项快捷键2: 43	数据长度是16	数据类型为number
161145, 存储数据, 玩家1,浮夸一世丶宇mmm,16项快捷键3: 61	数据长度是16	数据类型为number
161145, 存储数据, 玩家1,浮夸一世丶宇mmm,17项快捷键4: 42	数据长度是16	数据类型为number
161145, 存储数据, 玩家1,浮夸一世丶宇mmm,18项快捷键5: 56	数据长度是16	数据类型为number
161145, 存储数据, 玩家1,浮夸一世丶宇mmm,19项快捷键6: 53	数据长度是16	数据类型为number
161145, 存储数据, 玩家1,浮夸一世丶宇mmm,20项快捷键7: 541	数据长度是16	数据类型为number
161145, 存储数据, 玩家1,浮夸一世丶宇mmm,21项快捷键8: 542	数据长度是16	数据类型为number
161145, 存储数据, 玩家1,浮夸一世丶宇mmm,22项快捷键9: 543	数据长度是16	数据类型为number
161145, 存储数据, 玩家1,浮夸一世丶宇mmm,23项快捷键10: 544	数据长度是16	数据类型为number
161145, 存储数据, 玩家1,浮夸一世丶宇mmm,24项快捷键11: 545	数据长度是16	数据类型为number
161145, 存储数据, 玩家1,浮夸一世丶宇mmm,25项快捷键12: 546	数据长度是16	数据类型为number
161145, 存储数据, 玩家1,浮夸一世丶宇mmm,26项快捷键13: 547	数据长度是16	数据类型为number
161145, 存储数据, 玩家1,浮夸一世丶宇mmm,27项快捷键14: 548	数据长度是16	数据类型为number
161145, 存储数据, 玩家1,浮夸一世丶宇mmm,28项快捷键15: 549	数据长度是16	数据类型为number
161145, 存储数据, 玩家1,浮夸一世丶宇mmm,29项快捷键16: 573	数据长度是16	数据类型为number
161145, 存储数据, 玩家1,浮夸一世丶宇mmm,30项快捷键17: 555	数据长度是16	数据类型为number
161145, 存储数据, 玩家1,浮夸一世丶宇mmm,31项快捷键18: 568	数据长度是16	数据类型为number
161145, 存储数据, 玩家1,浮夸一世丶宇mmm,32项是否显示刀光: 1	数据长度是1	数据类型为number
161145, 存储数据, 玩家1,浮夸一世丶宇mmm,33项显示刀光编号: 3	数据长度是8	数据类型为number
161145, 存储数据, 玩家1,浮夸一世丶宇mmm,34项不显示翅膀: 0	数据长度是1	数据类型为number
161145, 存储数据, 玩家1,浮夸一世丶宇mmm,35项显示翅膀编号: 4	数据长度是8	数据类型为number
161145, 存储数据, 玩家1,浮夸一世丶宇mmm,36项孔明灯: 0	数据长度是8	数据类型为number
161145, 存储数据, 玩家1,浮夸一世丶宇mmm,37项免控表现: 0	数据长度是8	数据类型为number
161145, 存储数据, 玩家1,浮夸一世丶宇mmm,38项窗口锁定: 0	数据长度是8	数据类型为number
161145, 存储数据, 玩家1,浮夸一世丶宇mmm,39项打孔明灯: 0	数据长度是8	数据类型为number
161145, 存储数据, 玩家1,浮夸一世丶宇mmm,40项小地图头像: 0	数据长度是8	数据类型为number
161145, 存储数据, 玩家1,浮夸一世丶宇mmm,41项画笔库6: 0	数据长度是8	数据类型为number
161145, 存储数据, 玩家1,浮夸一世丶宇mmm,42项画笔库7: 0	数据长度是8	数据类型为number
161145, 存储数据, 玩家1,浮夸一世丶宇mmm,43项画笔库8: 0	数据长度是8	数据类型为number
161145, 存储数据, 玩家1,浮夸一世丶宇mmm,44项会员功能1: 1	数据长度是1	数据类型为number
161145, 存储数据, 玩家1,浮夸一世丶宇mmm,45项会员功能2: 1	数据长度是1	数据类型为number
161145, 存储数据, 玩家1,浮夸一世丶宇mmm,46项会员功能3: 0	数据长度是1	数据类型为number
161145, 存储数据, 玩家1,浮夸一世丶宇mmm,47项会员功能4: 1	数据长度是1	数据类型为number
161145, 存储数据, 玩家1,浮夸一世丶宇mmm,48项会员功能5: 1	数据长度是1	数据类型为number
161145, 存储数据, 玩家1,浮夸一世丶宇mmm,49项会员功能6: 1	数据长度是1	数据类型为number
161145, 存储数据, 玩家1,浮夸一世丶宇mmm,50项会员功能7: 1	数据长度是1	数据类型为number
161145, 存储数据, 玩家1,浮夸一世丶宇mmm,51项会员功能8: 1	数据长度是1	数据类型为number
161145, 存储数据, 玩家1,浮夸一世丶宇mmm,52项新商店左侧扩展面板: 1	数据长度是1	数据类型为number
161145, 存储数据, 玩家1,浮夸一世丶宇mmm,53项新商店上部扩展面板: 1	数据长度是1	数据类型为number
161145, 存储数据, 玩家1,浮夸一世丶宇mmm,54项新商店购买方式: 0	数据长度是1	数据类型为number
161145, 存储数据, 玩家1,浮夸一世丶宇mmm,55项新商店商店模式: 1	数据长度是1	数据类型为number
161145, 存储数据, 玩家1,浮夸一世丶宇mmm,56项预扣血模式: 0	数据长度是1	数据类型为number
161145, 存储数据, 玩家1,浮夸一世丶宇mmm,57项回城特效: 0	数据长度是8	数据类型为number
161145, 存储数据, 玩家2,无哈哈534,1项画质: 1	数据长度是1	数据类型为number
161145, 存储数据, 玩家2,无哈哈534,2项滚屏速度: 11	数据长度是8	数据类型为number
161145, 存储数据, 玩家2,无哈哈534,3项更新内容面板开关: 0	数据长度是1	数据类型为number
161145, 存储数据, 玩家2,无哈哈534,4项游戏版本号: 1696	数据长度是16	数据类型为number
161145, 存储数据, 玩家2,无哈哈534,5项语音: 0	数据长度是1	数据类型为number
161145, 存储数据, 玩家2,无哈哈534,6项音响: 0	数据长度是1	数据类型为number
161145, 存储数据, 玩家2,无哈哈534,7项麦克风: 0	数据长度是1	数据类型为number
161145, 存储数据, 玩家2,无哈哈534,8项音响大小: 0	数据长度是8	数据类型为number
161145, 存储数据, 玩家2,无哈哈534,9项麦克风大小: 0	数据长度是8	数据类型为number
161145, 存储数据, 玩家2,无哈哈534,10项未知: 1	数据长度是1	数据类型为number
161145, 存储数据, 玩家2,无哈哈534,11项光照: 99	数据长度是8	数据类型为number
161145, 存储数据, 玩家2,无哈哈534,12项新F11面板模式: 1	数据长度是1	数据类型为number
161145, 存储数据, 玩家2,无哈哈534,13项血条区分敌我: 1	数据长度是1	数据类型为number
161145, 存储数据, 玩家2,无哈哈534,14项快捷键1: 41	数据长度是16	数据类型为number
161145, 存储数据, 玩家2,无哈哈534,15项快捷键2: 43	数据长度是16	数据类型为number
161145, 存储数据, 玩家2,无哈哈534,16项快捷键3: 61	数据长度是16	数据类型为number
161145, 存储数据, 玩家2,无哈哈534,17项快捷键4: 42	数据长度是16	数据类型为number
161145, 存储数据, 玩家2,无哈哈534,18项快捷键5: 56	数据长度是16	数据类型为number
161145, 存储数据, 玩家2,无哈哈534,19项快捷键6: 53	数据长度是16	数据类型为number
161145, 存储数据, 玩家2,无哈哈534,20项快捷键7: 541	数据长度是16	数据类型为number
161145, 存储数据, 玩家2,无哈哈534,21项快捷键8: 542	数据长度是16	数据类型为number
161145, 存储数据, 玩家2,无哈哈534,22项快捷键9: 543	数据长度是16	数据类型为number
161145, 存储数据, 玩家2,无哈哈534,23项快捷键10: 44	数据长度是16	数据类型为number
161145, 存储数据, 玩家2,无哈哈534,24项快捷键11: 45	数据长度是16	数据类型为number
161145, 存储数据, 玩家2,无哈哈534,25项快捷键12: 546	数据长度是16	数据类型为number
161145, 存储数据, 玩家2,无哈哈534,26项快捷键13: 64	数据长度是16	数据类型为number
161145, 存储数据, 玩家2,无哈哈534,27项快捷键14: 62	数据长度是16	数据类型为number
161145, 存储数据, 玩家2,无哈哈534,28项快捷键15: 549	数据长度是16	数据类型为number
161145, 存储数据, 玩家2,无哈哈534,29项快捷键16: 573	数据长度是16	数据类型为number
161145, 存储数据, 玩家2,无哈哈534,30项快捷键17: 555	数据长度是16	数据类型为number
161145, 存储数据, 玩家2,无哈哈534,31项快捷键18: 568	数据长度是16	数据类型为number
161145, 存储数据, 玩家2,无哈哈534,32项是否显示刀光: 1	数据长度是1	数据类型为number
161145, 存储数据, 玩家2,无哈哈534,33项显示刀光编号: 9	数据长度是8	数据类型为number
161145, 存储数据, 玩家2,无哈哈534,34项不显示翅膀: 0	数据长度是1	数据类型为number
161145, 存储数据, 玩家2,无哈哈534,35项显示翅膀编号: 3	数据长度是8	数据类型为number
161145, 存储数据, 玩家2,无哈哈534,36项孔明灯: 0	数据长度是8	数据类型为number
161145, 存储数据, 玩家2,无哈哈534,37项免控表现: 0	数据长度是8	数据类型为number
161145, 存储数据, 玩家2,无哈哈534,38项窗口锁定: 0	数据长度是8	数据类型为number
161145, 存储数据, 玩家2,无哈哈534,39项打孔明灯: 0	数据长度是8	数据类型为number
161145, 存储数据, 玩家2,无哈哈534,40项小地图头像: 0	数据长度是8	数据类型为number
161145, 存储数据, 玩家2,无哈哈534,41项画笔库6: 0	数据长度是8	数据类型为number
161145, 存储数据, 玩家2,无哈哈534,42项画笔库7: 0	数据长度是8	数据类型为number
161145, 存储数据, 玩家2,无哈哈534,43项画笔库8: 0	数据长度是8	数据类型为number
161145, 存储数据, 玩家2,无哈哈534,44项会员功能1: 1	数据长度是1	数据类型为number
161145, 存储数据, 玩家2,无哈哈534,45项会员功能2: 1	数据长度是1	数据类型为number
161145, 存储数据, 玩家2,无哈哈534,46项会员功能3: 1	数据长度是1	数据类型为number
161145, 存储数据, 玩家2,无哈哈534,47项会员功能4: 1	数据长度是1	数据类型为number
161145, 存储数据, 玩家2,无哈哈534,48项会员功能5: 1	数据长度是1	数据类型为number
161145, 存储数据, 玩家2,无哈哈534,49项会员功能6: 1	数据长度是1	数据类型为number
161145, 存储数据, 玩家2,无哈哈534,50项会员功能7: 1	数据长度是1	数据类型为number
161145, 存储数据, 玩家2,无哈哈534,51项会员功能8: 1	数据长度是1	数据类型为number
161145, 存储数据, 玩家2,无哈哈534,52项新商店左侧扩展面板: 1	数据长度是1	数据类型为number
161145, 存储数据, 玩家2,无哈哈534,53项新商店上部扩展面板: 1	数据长度是1	数据类型为number
161145, 存储数据, 玩家2,无哈哈534,54项新商店购买方式: 0	数据长度是1	数据类型为number
161145, 存储数据, 玩家2,无哈哈534,55项新商店商店模式: 1	数据长度是1	数据类型为number
161145, 存储数据, 玩家2,无哈哈534,56项预扣血模式: 1	数据长度是1	数据类型为number
161145, 存储数据, 玩家2,无哈哈534,57项回城特效: 0	数据长度是8	数据类型为number
161145, 存储数据, 玩家3,C灭天,1项画质: 1	数据长度是1	数据类型为number
161145, 存储数据, 玩家3,C灭天,2项滚屏速度: 20	数据长度是8	数据类型为number
161145, 存储数据, 玩家3,C灭天,3项更新内容面板开关: 0	数据长度是1	数据类型为number
161145, 存储数据, 玩家3,C灭天,4项游戏版本号: 1696	数据长度是16	数据类型为number
161145, 存储数据, 玩家3,C灭天,5项语音: 0	数据长度是1	数据类型为number
161145, 存储数据, 玩家3,C灭天,6项音响: 0	数据长度是1	数据类型为number
161145, 存储数据, 玩家3,C灭天,7项麦克风: 0	数据长度是1	数据类型为number
161145, 存储数据, 玩家3,C灭天,8项音响大小: 0	数据长度是8	数据类型为number
161145, 存储数据, 玩家3,C灭天,9项麦克风大小: 0	数据长度是8	数据类型为number
161145, 存储数据, 玩家3,C灭天,10项未知: 1	数据长度是1	数据类型为number
161145, 存储数据, 玩家3,C灭天,11项光照: 99	数据长度是8	数据类型为number
161145, 存储数据, 玩家3,C灭天,12项新F11面板模式: 1	数据长度是1	数据类型为number
161145, 存储数据, 玩家3,C灭天,13项血条区分敌我: 1	数据长度是1	数据类型为number
161145, 存储数据, 玩家3,C灭天,14项快捷键1: 41	数据长度是16	数据类型为number
161145, 存储数据, 玩家3,C灭天,15项快捷键2: 43	数据长度是16	数据类型为number
161145, 存储数据, 玩家3,C灭天,16项快捷键3: 61	数据长度是16	数据类型为number
161145, 存储数据, 玩家3,C灭天,17项快捷键4: 42	数据长度是16	数据类型为number
161145, 存储数据, 玩家3,C灭天,18项快捷键5: 56	数据长度是16	数据类型为number
161145, 存储数据, 玩家3,C灭天,19项快捷键6: 53	数据长度是16	数据类型为number
161145, 存储数据, 玩家3,C灭天,20项快捷键7: 541	数据长度是16	数据类型为number
161145, 存储数据, 玩家3,C灭天,21项快捷键8: 542	数据长度是16	数据类型为number
161145, 存储数据, 玩家3,C灭天,22项快捷键9: 543	数据长度是16	数据类型为number
161145, 存储数据, 玩家3,C灭天,23项快捷键10: 544	数据长度是16	数据类型为number
161145, 存储数据, 玩家3,C灭天,24项快捷键11: 545	数据长度是16	数据类型为number
161145, 存储数据, 玩家3,C灭天,25项快捷键12: 546	数据长度是16	数据类型为number
161145, 存储数据, 玩家3,C灭天,26项快捷键13: 547	数据长度是16	数据类型为number
161145, 存储数据, 玩家3,C灭天,27项快捷键14: 548	数据长度是16	数据类型为number
161145, 存储数据, 玩家3,C灭天,28项快捷键15: 549	数据长度是16	数据类型为number
161145, 存储数据, 玩家3,C灭天,29项快捷键16: 567	数据长度是16	数据类型为number
161145, 存储数据, 玩家3,C灭天,30项快捷键17: 573	数据长度是16	数据类型为number
161145, 存储数据, 玩家3,C灭天,31项快捷键18: 555	数据长度是16	数据类型为number
161145, 存储数据, 玩家3,C灭天,32项是否显示刀光: 1	数据长度是1	数据类型为number
161145, 存储数据, 玩家3,C灭天,33项显示刀光编号: 13	数据长度是8	数据类型为number
161145, 存储数据, 玩家3,C灭天,34项不显示翅膀: 0	数据长度是1	数据类型为number
161145, 存储数据, 玩家3,C灭天,35项显示翅膀编号: 5	数据长度是8	数据类型为number
161145, 存储数据, 玩家3,C灭天,36项孔明灯: 0	数据长度是8	数据类型为number
161145, 存储数据, 玩家3,C灭天,37项免控表现: 0	数据长度是8	数据类型为number
161145, 存储数据, 玩家3,C灭天,38项窗口锁定: 0	数据长度是8	数据类型为number
161145, 存储数据, 玩家3,C灭天,39项打孔明灯: 0	数据长度是8	数据类型为number
161145, 存储数据, 玩家3,C灭天,40项小地图头像: 0	数据长度是8	数据类型为number
161145, 存储数据, 玩家3,C灭天,41项画笔库6: 0	数据长度是8	数据类型为number
161145, 存储数据, 玩家3,C灭天,42项画笔库7: 0	数据长度是8	数据类型为number
161145, 存储数据, 玩家3,C灭天,43项画笔库8: 0	数据长度是8	数据类型为number
161145, 存储数据, 玩家3,C灭天,44项会员功能1: 1	数据长度是1	数据类型为number
161145, 存储数据, 玩家3,C灭天,45项会员功能2: 1	数据长度是1	数据类型为number
161145, 存储数据, 玩家3,C灭天,46项会员功能3: 1	数据长度是1	数据类型为number
161145, 存储数据, 玩家3,C灭天,47项会员功能4: 1	数据长度是1	数据类型为number
161145, 存储数据, 玩家3,C灭天,48项会员功能5: 1	数据长度是1	数据类型为number
161145, 存储数据, 玩家3,C灭天,49项会员功能6: 1	数据长度是1	数据类型为number
161145, 存储数据, 玩家3,C灭天,50项会员功能7: 1	数据长度是1	数据类型为number
161145, 存储数据, 玩家3,C灭天,51项会员功能8: 1	数据长度是1	数据类型为number
161145, 存储数据, 玩家3,C灭天,52项新商店左侧扩展面板: 1	数据长度是1	数据类型为number
161145, 存储数据, 玩家3,C灭天,53项新商店上部扩展面板: 1	数据长度是1	数据类型为number
161145, 存储数据, 玩家3,C灭天,54项新商店购买方式: 0	数据长度是1	数据类型为number
161145, 存储数据, 玩家3,C灭天,55项新商店商店模式: 1	数据长度是1	数据类型为number
161145, 存储数据, 玩家3,C灭天,56项预扣血模式: 0	数据长度是1	数据类型为number
161145, 存储数据, 玩家3,C灭天,57项回城特效: 14	数据长度是8	数据类型为number
161145, 存储数据, 玩家4,战天英豪,1项画质: 1	数据长度是1	数据类型为number
161145, 存储数据, 玩家4,战天英豪,2项滚屏速度: 12	数据长度是8	数据类型为number
161145, 存储数据, 玩家4,战天英豪,3项更新内容面板开关: 0	数据长度是1	数据类型为number
161145, 存储数据, 玩家4,战天英豪,4项游戏版本号: 1696	数据长度是16	数据类型为number
161145, 存储数据, 玩家4,战天英豪,5项语音: 0	数据长度是1	数据类型为number
161145, 存储数据, 玩家4,战天英豪,6项音响: 0	数据长度是1	数据类型为number
161145, 存储数据, 玩家4,战天英豪,7项麦克风: 0	数据长度是1	数据类型为number
161145, 存储数据, 玩家4,战天英豪,8项音响大小: 0	数据长度是8	数据类型为number
161145, 存储数据, 玩家4,战天英豪,9项麦克风大小: 0	数据长度是8	数据类型为number
161145, 存储数据, 玩家4,战天英豪,10项未知: 1	数据长度是1	数据类型为number
161145, 存储数据, 玩家4,战天英豪,11项光照: 99	数据长度是8	数据类型为number
161145, 存储数据, 玩家4,战天英豪,12项新F11面板模式: 1	数据长度是1	数据类型为number
161145, 存储数据, 玩家4,战天英豪,13项血条区分敌我: 1	数据长度是1	数据类型为number
161145, 存储数据, 玩家4,战天英豪,14项快捷键1: 41	数据长度是16	数据类型为number
161145, 存储数据, 玩家4,战天英豪,15项快捷键2: 43	数据长度是16	数据类型为number
161145, 存储数据, 玩家4,战天英豪,16项快捷键3: 61	数据长度是16	数据类型为number
161145, 存储数据, 玩家4,战天英豪,17项快捷键4: 42	数据长度是16	数据类型为number
161145, 存储数据, 玩家4,战天英豪,18项快捷键5: 56	数据长度是16	数据类型为number
161145, 存储数据, 玩家4,战天英豪,19项快捷键6: 53	数据长度是16	数据类型为number
161145, 存储数据, 玩家4,战天英豪,20项快捷键7: 29	数据长度是16	数据类型为number
161145, 存储数据, 玩家4,战天英豪,21项快捷键8: 30	数据长度是16	数据类型为number
161145, 存储数据, 玩家4,战天英豪,22项快捷键9: 31	数据长度是16	数据类型为number
161145, 存储数据, 玩家4,战天英豪,23项快捷键10: 544	数据长度是16	数据类型为number
161145, 存储数据, 玩家4,战天英豪,24项快捷键11: 545	数据长度是16	数据类型为number
161145, 存储数据, 玩家4,战天英豪,25项快捷键12: 546	数据长度是16	数据类型为number
161145, 存储数据, 玩家4,战天英豪,26项快捷键13: 547	数据长度是16	数据类型为number
161145, 存储数据, 玩家4,战天英豪,27项快捷键14: 548	数据长度是16	数据类型为number
161145, 存储数据, 玩家4,战天英豪,28项快捷键15: 549	数据长度是16	数据类型为number
161145, 存储数据, 玩家4,战天英豪,29项快捷键16: 573	数据长度是16	数据类型为number
161145, 存储数据, 玩家4,战天英豪,30项快捷键17: 555	数据长度是16	数据类型为number
161145, 存储数据, 玩家4,战天英豪,31项快捷键18: 568	数据长度是16	数据类型为number
161145, 存储数据, 玩家4,战天英豪,32项是否显示刀光: 1	数据长度是1	数据类型为number
161145, 存储数据, 玩家4,战天英豪,33项显示刀光编号: 17	数据长度是8	数据类型为number
161145, 存储数据, 玩家4,战天英豪,34项不显示翅膀: 0	数据长度是1	数据类型为number
161145, 存储数据, 玩家4,战天英豪,35项显示翅膀编号: 4	数据长度是8	数据类型为number
161145, 存储数据, 玩家4,战天英豪,36项孔明灯: 0	数据长度是8	数据类型为number
161145, 存储数据, 玩家4,战天英豪,37项免控表现: 0	数据长度是8	数据类型为number
161145, 存储数据, 玩家4,战天英豪,38项窗口锁定: 0	数据长度是8	数据类型为number
161145, 存储数据, 玩家4,战天英豪,39项打孔明灯: 0	数据长度是8	数据类型为number
161145, 存储数据, 玩家4,战天英豪,40项小地图头像: 0	数据长度是8	数据类型为number
161145, 存储数据, 玩家4,战天英豪,41项画笔库6: 0	数据长度是8	数据类型为number
161145, 存储数据, 玩家4,战天英豪,42项画笔库7: 0	数据长度是8	数据类型为number
161145, 存储数据, 玩家4,战天英豪,43项画笔库8: 0	数据长度是8	数据类型为number
161145, 存储数据, 玩家4,战天英豪,44项会员功能1: 1	数据长度是1	数据类型为number
161145, 存储数据, 玩家4,战天英豪,45项会员功能2: 1	数据长度是1	数据类型为number
161145, 存储数据, 玩家4,战天英豪,46项会员功能3: 1	数据长度是1	数据类型为number
161145, 存储数据, 玩家4,战天英豪,47项会员功能4: 1	数据长度是1	数据类型为number
161145, 存储数据, 玩家4,战天英豪,48项会员功能5: 1	数据长度是1	数据类型为number
161145, 存储数据, 玩家4,战天英豪,49项会员功能6: 1	数据长度是1	数据类型为number
161145, 存储数据, 玩家4,战天英豪,50项会员功能7: 1	数据长度是1	数据类型为number
161145, 存储数据, 玩家4,战天英豪,51项会员功能8: 1	数据长度是1	数据类型为number
161145, 存储数据, 玩家4,战天英豪,52项新商店左侧扩展面板: 1	数据长度是1	数据类型为number
161145, 存储数据, 玩家4,战天英豪,53项新商店上部扩展面板: 1	数据长度是1	数据类型为number
161145, 存储数据, 玩家4,战天英豪,54项新商店购买方式: 0	数据长度是1	数据类型为number
161145, 存储数据, 玩家4,战天英豪,55项新商店商店模式: 0	数据长度是1	数据类型为number
161145, 存储数据, 玩家4,战天英豪,56项预扣血模式: 0	数据长度是1	数据类型为number
161145, 存储数据, 玩家4,战天英豪,57项回城特效: 0	数据长度是8	数据类型为number
161145, 存储数据, 玩家5,真心丶难过,1项画质: 1	数据长度是1	数据类型为number
161145, 存储数据, 玩家5,真心丶难过,2项滚屏速度: 9	数据长度是8	数据类型为number
161145, 存储数据, 玩家5,真心丶难过,3项更新内容面板开关: 0	数据长度是1	数据类型为number
161145, 存储数据, 玩家5,真心丶难过,4项游戏版本号: 1696	数据长度是16	数据类型为number
161145, 存储数据, 玩家5,真心丶难过,5项语音: 0	数据长度是1	数据类型为number
161145, 存储数据, 玩家5,真心丶难过,6项音响: 0	数据长度是1	数据类型为number
161145, 存储数据, 玩家5,真心丶难过,7项麦克风: 0	数据长度是1	数据类型为number
161145, 存储数据, 玩家5,真心丶难过,8项音响大小: 0	数据长度是8	数据类型为number
161145, 存储数据, 玩家5,真心丶难过,9项麦克风大小: 0	数据长度是8	数据类型为number
161145, 存储数据, 玩家5,真心丶难过,10项未知: 0	数据长度是1	数据类型为number
161145, 存储数据, 玩家5,真心丶难过,11项光照: 99	数据长度是8	数据类型为number
161145, 存储数据, 玩家5,真心丶难过,12项新F11面板模式: 0	数据长度是1	数据类型为number
161145, 存储数据, 玩家5,真心丶难过,13项血条区分敌我: 1	数据长度是1	数据类型为number
161145, 存储数据, 玩家5,真心丶难过,14项快捷键1: 41	数据长度是16	数据类型为number
161145, 存储数据, 玩家5,真心丶难过,15项快捷键2: 43	数据长度是16	数据类型为number
161145, 存储数据, 玩家5,真心丶难过,16项快捷键3: 61	数据长度是16	数据类型为number
161145, 存储数据, 玩家5,真心丶难过,17项快捷键4: 42	数据长度是16	数据类型为number
161145, 存储数据, 玩家5,真心丶难过,18项快捷键5: 56	数据长度是16	数据类型为number
161145, 存储数据, 玩家5,真心丶难过,19项快捷键6: 53	数据长度是16	数据类型为number
161145, 存储数据, 玩家5,真心丶难过,20项快捷键7: 541	数据长度是16	数据类型为number
161145, 存储数据, 玩家5,真心丶难过,21项快捷键8: 542	数据长度是16	数据类型为number
161145, 存储数据, 玩家5,真心丶难过,22项快捷键9: 543	数据长度是16	数据类型为number
161145, 存储数据, 玩家5,真心丶难过,23项快捷键10: 544	数据长度是16	数据类型为number
161145, 存储数据, 玩家5,真心丶难过,24项快捷键11: 545	数据长度是16	数据类型为number
161145, 存储数据, 玩家5,真心丶难过,25项快捷键12: 546	数据长度是16	数据类型为number
161145, 存储数据, 玩家5,真心丶难过,26项快捷键13: 547	数据长度是16	数据类型为number
161145, 存储数据, 玩家5,真心丶难过,27项快捷键14: 548	数据长度是16	数据类型为number
161145, 存储数据, 玩家5,真心丶难过,28项快捷键15: 549	数据长度是16	数据类型为number
161145, 存储数据, 玩家5,真心丶难过,29项快捷键16: 567	数据长度是16	数据类型为number
161145, 存储数据, 玩家5,真心丶难过,30项快捷键17: 555	数据长度是16	数据类型为number
161145, 存储数据, 玩家5,真心丶难过,31项快捷键18: 568	数据长度是16	数据类型为number
161145, 存储数据, 玩家5,真心丶难过,32项是否显示刀光: 1	数据长度是1	数据类型为number
161145, 存储数据, 玩家5,真心丶难过,33项显示刀光编号: 17	数据长度是8	数据类型为number
161145, 存储数据, 玩家5,真心丶难过,34项不显示翅膀: 0	数据长度是1	数据类型为number
161145, 存储数据, 玩家5,真心丶难过,35项显示翅膀编号: 5	数据长度是8	数据类型为number
161145, 存储数据, 玩家5,真心丶难过,36项孔明灯: 4	数据长度是8	数据类型为number
161145, 存储数据, 玩家5,真心丶难过,37项免控表现: 0	数据长度是8	数据类型为number
161145, 存储数据, 玩家5,真心丶难过,38项窗口锁定: 0	数据长度是8	数据类型为number
161145, 存储数据, 玩家5,真心丶难过,39项打孔明灯: 0	数据长度是8	数据类型为number
161145, 存储数据, 玩家5,真心丶难过,40项小地图头像: 0	数据长度是8	数据类型为number
161145, 存储数据, 玩家5,真心丶难过,41项画笔库6: 0	数据长度是8	数据类型为number
161145, 存储数据, 玩家5,真心丶难过,42项画笔库7: 0	数据长度是8	数据类型为number
161145, 存储数据, 玩家5,真心丶难过,43项画笔库8: 0	数据长度是8	数据类型为number
161145, 存储数据, 玩家5,真心丶难过,44项会员功能1: 1	数据长度是1	数据类型为number
161145, 存储数据, 玩家5,真心丶难过,45项会员功能2: 1	数据长度是1	数据类型为number
161145, 存储数据, 玩家5,真心丶难过,46项会员功能3: 1	数据长度是1	数据类型为number
161145, 存储数据, 玩家5,真心丶难过,47项会员功能4: 1	数据长度是1	数据类型为number
161145, 存储数据, 玩家5,真心丶难过,48项会员功能5: 1	数据长度是1	数据类型为number
161145, 存储数据, 玩家5,真心丶难过,49项会员功能6: 1	数据长度是1	数据类型为number
161145, 存储数据, 玩家5,真心丶难过,50项会员功能7: 1	数据长度是1	数据类型为number
161145, 存储数据, 玩家5,真心丶难过,51项会员功能8: 1	数据长度是1	数据类型为number
161145, 存储数据, 玩家5,真心丶难过,52项新商店左侧扩展面板: 1	数据长度是1	数据类型为number
161145, 存储数据, 玩家5,真心丶难过,53项新商店上部扩展面板: 1	数据长度是1	数据类型为number
161145, 存储数据, 玩家5,真心丶难过,54项新商店购买方式: 0	数据长度是1	数据类型为number
161145, 存储数据, 玩家5,真心丶难过,55项新商店商店模式: 1	数据长度是1	数据类型为number
161145, 存储数据, 玩家5,真心丶难过,56项预扣血模式: 0	数据长度是1	数据类型为number
161145, 存储数据, 玩家5,真心丶难过,57项回城特效: 0	数据长度是8	数据类型为number
161145, 存储数据, 玩家6,夜色终堕落,1项画质: 1	数据长度是1	数据类型为number
161145, 存储数据, 玩家6,夜色终堕落,2项滚屏速度: 20	数据长度是8	数据类型为number
161145, 存储数据, 玩家6,夜色终堕落,3项更新内容面板开关: 0	数据长度是1	数据类型为number
161145, 存储数据, 玩家6,夜色终堕落,4项游戏版本号: 1696	数据长度是16	数据类型为number
161145, 存储数据, 玩家6,夜色终堕落,5项语音: 0	数据长度是1	数据类型为number
161145, 存储数据, 玩家6,夜色终堕落,6项音响: 0	数据长度是1	数据类型为number
161145, 存储数据, 玩家6,夜色终堕落,7项麦克风: 0	数据长度是1	数据类型为number
161145, 存储数据, 玩家6,夜色终堕落,8项音响大小: 0	数据长度是8	数据类型为number
161145, 存储数据, 玩家6,夜色终堕落,9项麦克风大小: 0	数据长度是8	数据类型为number
161145, 存储数据, 玩家6,夜色终堕落,10项未知: 1	数据长度是1	数据类型为number
161145, 存储数据, 玩家6,夜色终堕落,11项光照: 99	数据长度是8	数据类型为number
161145, 存储数据, 玩家6,夜色终堕落,12项新F11面板模式: 0	数据长度是1	数据类型为number
161145, 存储数据, 玩家6,夜色终堕落,13项血条区分敌我: 1	数据长度是1	数据类型为number
161145, 存储数据, 玩家6,夜色终堕落,14项快捷键1: 41	数据长度是16	数据类型为number
161145, 存储数据, 玩家6,夜色终堕落,15项快捷键2: 43	数据长度是16	数据类型为number
161145, 存储数据, 玩家6,夜色终堕落,16项快捷键3: 61	数据长度是16	数据类型为number
161145, 存储数据, 玩家6,夜色终堕落,17项快捷键4: 42	数据长度是16	数据类型为number
161145, 存储数据, 玩家6,夜色终堕落,18项快捷键5: 56	数据长度是16	数据类型为number
161145, 存储数据, 玩家6,夜色终堕落,19项快捷键6: 53	数据长度是16	数据类型为number
161145, 存储数据, 玩家6,夜色终堕落,20项快捷键7: 541	数据长度是16	数据类型为number
161145, 存储数据, 玩家6,夜色终堕落,21项快捷键8: 542	数据长度是16	数据类型为number
161145, 存储数据, 玩家6,夜色终堕落,22项快捷键9: 543	数据长度是16	数据类型为number
161145, 存储数据, 玩家6,夜色终堕落,23项快捷键10: 544	数据长度是16	数据类型为number
161145, 存储数据, 玩家6,夜色终堕落,24项快捷键11: 545	数据长度是16	数据类型为number
161145, 存储数据, 玩家6,夜色终堕落,25项快捷键12: 546	数据长度是16	数据类型为number
161145, 存储数据, 玩家6,夜色终堕落,26项快捷键13: 44	数据长度是16	数据类型为number
161145, 存储数据, 玩家6,夜色终堕落,27项快捷键14: 548	数据长度是16	数据类型为number
161145, 存储数据, 玩家6,夜色终堕落,28项快捷键15: 549	数据长度是16	数据类型为number
161145, 存储数据, 玩家6,夜色终堕落,29项快捷键16: 573	数据长度是16	数据类型为number
161145, 存储数据, 玩家6,夜色终堕落,30项快捷键17: 555	数据长度是16	数据类型为number
161145, 存储数据, 玩家6,夜色终堕落,31项快捷键18: 568	数据长度是16	数据类型为number
161145, 存储数据, 玩家6,夜色终堕落,32项是否显示刀光: 1	数据长度是1	数据类型为number
161145, 存储数据, 玩家6,夜色终堕落,33项显示刀光编号: 11	数据长度是8	数据类型为number
161145, 存储数据, 玩家6,夜色终堕落,34项不显示翅膀: 1	数据长度是1	数据类型为number
161145, 存储数据, 玩家6,夜色终堕落,35项显示翅膀编号: 0	数据长度是8	数据类型为number
161145, 存储数据, 玩家6,夜色终堕落,36项孔明灯: 0	数据长度是8	数据类型为number
161145, 存储数据, 玩家6,夜色终堕落,37项免控表现: 0	数据长度是8	数据类型为number
161145, 存储数据, 玩家6,夜色终堕落,38项窗口锁定: 0	数据长度是8	数据类型为number
161145, 存储数据, 玩家6,夜色终堕落,39项打孔明灯: 0	数据长度是8	数据类型为number
161145, 存储数据, 玩家6,夜色终堕落,40项小地图头像: 0	数据长度是8	数据类型为number
161145, 存储数据, 玩家6,夜色终堕落,41项画笔库6: 0	数据长度是8	数据类型为number
161145, 存储数据, 玩家6,夜色终堕落,42项画笔库7: 0	数据长度是8	数据类型为number
161145, 存储数据, 玩家6,夜色终堕落,43项画笔库8: 0	数据长度是8	数据类型为number
161145, 存储数据, 玩家6,夜色终堕落,44项会员功能1: 1	数据长度是1	数据类型为number
161145, 存储数据, 玩家6,夜色终堕落,45项会员功能2: 1	数据长度是1	数据类型为number
161145, 存储数据, 玩家6,夜色终堕落,46项会员功能3: 1	数据长度是1	数据类型为number
161145, 存储数据, 玩家6,夜色终堕落,47项会员功能4: 1	数据长度是1	数据类型为number
161145, 存储数据, 玩家6,夜色终堕落,48项会员功能5: 1	数据长度是1	数据类型为number
161145, 存储数据, 玩家6,夜色终堕落,49项会员功能6: 1	数据长度是1	数据类型为number
161145, 存储数据, 玩家6,夜色终堕落,50项会员功能7: 1	数据长度是1	数据类型为number
161145, 存储数据, 玩家6,夜色终堕落,51项会员功能8: 1	数据长度是1	数据类型为number
161145, 存储数据, 玩家6,夜色终堕落,52项新商店左侧扩展面板: 1	数据长度是1	数据类型为number
161145, 存储数据, 玩家6,夜色终堕落,53项新商店上部扩展面板: 1	数据长度是1	数据类型为number
161145, 存储数据, 玩家6,夜色终堕落,54项新商店购买方式: 1	数据长度是1	数据类型为number
161145, 存储数据, 玩家6,夜色终堕落,55项新商店商店模式: 1	数据长度是1	数据类型为number
161145, 存储数据, 玩家6,夜色终堕落,56项预扣血模式: 0	数据长度是1	数据类型为number
161145, 存储数据, 玩家6,夜色终堕落,57项回城特效: 3	数据长度是8	数据类型为number
161145, 存储数据, 玩家7,wt7358639,1项画质: 1	数据长度是1	数据类型为number
161145, 存储数据, 玩家7,wt7358639,2项滚屏速度: 26	数据长度是8	数据类型为number
161145, 存储数据, 玩家7,wt7358639,3项更新内容面板开关: 0	数据长度是1	数据类型为number
161145, 存储数据, 玩家7,wt7358639,4项游戏版本号: 1696	数据长度是16	数据类型为number
161145, 存储数据, 玩家7,wt7358639,5项语音: 0	数据长度是1	数据类型为number
161145, 存储数据, 玩家7,wt7358639,6项音响: 0	数据长度是1	数据类型为number
161145, 存储数据, 玩家7,wt7358639,7项麦克风: 0	数据长度是1	数据类型为number
161145, 存储数据, 玩家7,wt7358639,8项音响大小: 0	数据长度是8	数据类型为number
161145, 存储数据, 玩家7,wt7358639,9项麦克风大小: 0	数据长度是8	数据类型为number
161145, 存储数据, 玩家7,wt7358639,10项未知: 1	数据长度是1	数据类型为number
161145, 存储数据, 玩家7,wt7358639,11项光照: 99	数据长度是8	数据类型为number
161145, 存储数据, 玩家7,wt7358639,12项新F11面板模式: 1	数据长度是1	数据类型为number
161145, 存储数据, 玩家7,wt7358639,13项血条区分敌我: 1	数据长度是1	数据类型为number
161145, 存储数据, 玩家7,wt7358639,14项快捷键1: 41	数据长度是16	数据类型为number
161145, 存储数据, 玩家7,wt7358639,15项快捷键2: 43	数据长度是16	数据类型为number
161145, 存储数据, 玩家7,wt7358639,16项快捷键3: 61	数据长度是16	数据类型为number
161145, 存储数据, 玩家7,wt7358639,17项快捷键4: 42	数据长度是16	数据类型为number
161145, 存储数据, 玩家7,wt7358639,18项快捷键5: 56	数据长度是16	数据类型为number
161145, 存储数据, 玩家7,wt7358639,19项快捷键6: 53	数据长度是16	数据类型为number
161145, 存储数据, 玩家7,wt7358639,20项快捷键7: 541	数据长度是16	数据类型为number
161145, 存储数据, 玩家7,wt7358639,21项快捷键8: 542	数据长度是16	数据类型为number
161145, 存储数据, 玩家7,wt7358639,22项快捷键9: 543	数据长度是16	数据类型为number
161145, 存储数据, 玩家7,wt7358639,23项快捷键10: 544	数据长度是16	数据类型为number
161145, 存储数据, 玩家7,wt7358639,24项快捷键11: 545	数据长度是16	数据类型为number
161145, 存储数据, 玩家7,wt7358639,25项快捷键12: 546	数据长度是16	数据类型为number
161145, 存储数据, 玩家7,wt7358639,26项快捷键13: 547	数据长度是16	数据类型为number
161145, 存储数据, 玩家7,wt7358639,27项快捷键14: 548	数据长度是16	数据类型为number
161145, 存储数据, 玩家7,wt7358639,28项快捷键15: 549	数据长度是16	数据类型为number
161145, 存储数据, 玩家7,wt7358639,29项快捷键16: 573	数据长度是16	数据类型为number
161145, 存储数据, 玩家7,wt7358639,30项快捷键17: 555	数据长度是16	数据类型为number
161145, 存储数据, 玩家7,wt7358639,31项快捷键18: 568	数据长度是16	数据类型为number
161145, 存储数据, 玩家7,wt7358639,32项是否显示刀光: 1	数据长度是1	数据类型为number
161145, 存储数据, 玩家7,wt7358639,33项显示刀光编号: 13	数据长度是8	数据类型为number
161145, 存储数据, 玩家7,wt7358639,34项不显示翅膀: 0	数据长度是1	数据类型为number
161145, 存储数据, 玩家7,wt7358639,35项显示翅膀编号: 1	数据长度是8	数据类型为number
161145, 存储数据, 玩家7,wt7358639,36项孔明灯: 0	数据长度是8	数据类型为number
161145, 存储数据, 玩家7,wt7358639,37项免控表现: 0	数据长度是8	数据类型为number
161145, 存储数据, 玩家7,wt7358639,38项窗口锁定: 0	数据长度是8	数据类型为number
161145, 存储数据, 玩家7,wt7358639,39项打孔明灯: 0	数据长度是8	数据类型为number
161145, 存储数据, 玩家7,wt7358639,40项小地图头像: 0	数据长度是8	数据类型为number
161145, 存储数据, 玩家7,wt7358639,41项画笔库6: 0	数据长度是8	数据类型为number
161145, 存储数据, 玩家7,wt7358639,42项画笔库7: 0	数据长度是8	数据类型为number
161145, 存储数据, 玩家7,wt7358639,43项画笔库8: 0	数据长度是8	数据类型为number
161145, 存储数据, 玩家7,wt7358639,44项会员功能1: 1	数据长度是1	数据类型为number
161145, 存储数据, 玩家7,wt7358639,45项会员功能2: 1	数据长度是1	数据类型为number
161145, 存储数据, 玩家7,wt7358639,46项会员功能3: 1	数据长度是1	数据类型为number
161145, 存储数据, 玩家7,wt7358639,47项会员功能4: 1	数据长度是1	数据类型为number
161145, 存储数据, 玩家7,wt7358639,48项会员功能5: 1	数据长度是1	数据类型为number
161145, 存储数据, 玩家7,wt7358639,49项会员功能6: 1	数据长度是1	数据类型为number
161145, 存储数据, 玩家7,wt7358639,50项会员功能7: 1	数据长度是1	数据类型为number
161145, 存储数据, 玩家7,wt7358639,51项会员功能8: 1	数据长度是1	数据类型为number
161145, 存储数据, 玩家7,wt7358639,52项新商店左侧扩展面板: 1	数据长度是1	数据类型为number
161145, 存储数据, 玩家7,wt7358639,53项新商店上部扩展面板: 1	数据长度是1	数据类型为number
161145, 存储数据, 玩家7,wt7358639,54项新商店购买方式: 0	数据长度是1	数据类型为number
161145, 存储数据, 玩家7,wt7358639,55项新商店商店模式: 1	数据长度是1	数据类型为number
161145, 存储数据, 玩家7,wt7358639,56项预扣血模式: 0	数据长度是1	数据类型为number
161145, 存储数据, 玩家7,wt7358639,57项回城特效: 0	数据长度是8	数据类型为number
161145, 存储数据, 玩家8,极品鸭子3000,1项画质: 1	数据长度是1	数据类型为number
161145, 存储数据, 玩家8,极品鸭子3000,2项滚屏速度: 20	数据长度是8	数据类型为number
161145, 存储数据, 玩家8,极品鸭子3000,3项更新内容面板开关: 0	数据长度是1	数据类型为number
161145, 存储数据, 玩家8,极品鸭子3000,4项游戏版本号: 1696	数据长度是16	数据类型为number
161145, 存储数据, 玩家8,极品鸭子3000,5项语音: 0	数据长度是1	数据类型为number
161145, 存储数据, 玩家8,极品鸭子3000,6项音响: 0	数据长度是1	数据类型为number
161145, 存储数据, 玩家8,极品鸭子3000,7项麦克风: 0	数据长度是1	数据类型为number
161145, 存储数据, 玩家8,极品鸭子3000,8项音响大小: 0	数据长度是8	数据类型为number
161145, 存储数据, 玩家8,极品鸭子3000,9项麦克风大小: 0	数据长度是8	数据类型为number
161145, 存储数据, 玩家8,极品鸭子3000,10项未知: 1	数据长度是1	数据类型为number
161145, 存储数据, 玩家8,极品鸭子3000,11项光照: 99	数据长度是8	数据类型为number
161145, 存储数据, 玩家8,极品鸭子3000,12项新F11面板模式: 1	数据长度是1	数据类型为number
161145, 存储数据, 玩家8,极品鸭子3000,13项血条区分敌我: 1	数据长度是1	数据类型为number
161145, 存储数据, 玩家8,极品鸭子3000,14项快捷键1: 41	数据长度是16	数据类型为number
161145, 存储数据, 玩家8,极品鸭子3000,15项快捷键2: 43	数据长度是16	数据类型为number
161145, 存储数据, 玩家8,极品鸭子3000,16项快捷键3: 61	数据长度是16	数据类型为number
161145, 存储数据, 玩家8,极品鸭子3000,17项快捷键4: 42	数据长度是16	数据类型为number
161145, 存储数据, 玩家8,极品鸭子3000,18项快捷键5: 56	数据长度是16	数据类型为number
161145, 存储数据, 玩家8,极品鸭子3000,19项快捷键6: 53	数据长度是16	数据类型为number
161145, 存储数据, 玩家8,极品鸭子3000,20项快捷键7: 541	数据长度是16	数据类型为number
161145, 存储数据, 玩家8,极品鸭子3000,21项快捷键8: 542	数据长度是16	数据类型为number
161145, 存储数据, 玩家8,极品鸭子3000,22项快捷键9: 543	数据长度是16	数据类型为number
161145, 存储数据, 玩家8,极品鸭子3000,23项快捷键10: 544	数据长度是16	数据类型为number
161145, 存储数据, 玩家8,极品鸭子3000,24项快捷键11: 44	数据长度是16	数据类型为number
161145, 存储数据, 玩家8,极品鸭子3000,25项快捷键12: 546	数据长度是16	数据类型为number
161145, 存储数据, 玩家8,极品鸭子3000,26项快捷键13: 64	数据长度是16	数据类型为number
161145, 存储数据, 玩家8,极品鸭子3000,27项快捷键14: 62	数据长度是16	数据类型为number
161145, 存储数据, 玩家8,极品鸭子3000,28项快捷键15: 549	数据长度是16	数据类型为number
161145, 存储数据, 玩家8,极品鸭子3000,29项快捷键16: 573	数据长度是16	数据类型为number
161145, 存储数据, 玩家8,极品鸭子3000,30项快捷键17: 555	数据长度是16	数据类型为number
161145, 存储数据, 玩家8,极品鸭子3000,31项快捷键18: 568	数据长度是16	数据类型为number
161145, 存储数据, 玩家8,极品鸭子3000,32项是否显示刀光: 1	数据长度是1	数据类型为number
161145, 存储数据, 玩家8,极品鸭子3000,33项显示刀光编号: 9	数据长度是8	数据类型为number
161145, 存储数据, 玩家8,极品鸭子3000,34项不显示翅膀: 0	数据长度是1	数据类型为number
161145, 存储数据, 玩家8,极品鸭子3000,35项显示翅膀编号: 5	数据长度是8	数据类型为number
161145, 存储数据, 玩家8,极品鸭子3000,36项孔明灯: 0	数据长度是8	数据类型为number
161145, 存储数据, 玩家8,极品鸭子3000,37项免控表现: 0	数据长度是8	数据类型为number
161145, 存储数据, 玩家8,极品鸭子3000,38项窗口锁定: 0	数据长度是8	数据类型为number
161145, 存储数据, 玩家8,极品鸭子3000,39项打孔明灯: 0	数据长度是8	数据类型为number
161145, 存储数据, 玩家8,极品鸭子3000,40项小地图头像: 0	数据长度是8	数据类型为number
161145, 存储数据, 玩家8,极品鸭子3000,41项画笔库6: 0	数据长度是8	数据类型为number
161145, 存储数据, 玩家8,极品鸭子3000,42项画笔库7: 0	数据长度是8	数据类型为number
161145, 存储数据, 玩家8,极品鸭子3000,43项画笔库8: 0	数据长度是8	数据类型为number
161145, 存储数据, 玩家8,极品鸭子3000,44项会员功能1: 1	数据长度是1	数据类型为number
161145, 存储数据, 玩家8,极品鸭子3000,45项会员功能2: 1	数据长度是1	数据类型为number
161145, 存储数据, 玩家8,极品鸭子3000,46项会员功能3: 0	数据长度是1	数据类型为number
161145, 存储数据, 玩家8,极品鸭子3000,47项会员功能4: 1	数据长度是1	数据类型为number
161145, 存储数据, 玩家8,极品鸭子3000,48项会员功能5: 1	数据长度是1	数据类型为number
161145, 存储数据, 玩家8,极品鸭子3000,49项会员功能6: 1	数据长度是1	数据类型为number
161145, 存储数据, 玩家8,极品鸭子3000,50项会员功能7: 1	数据长度是1	数据类型为number
161145, 存储数据, 玩家8,极品鸭子3000,51项会员功能8: 1	数据长度是1	数据类型为number
161145, 存储数据, 玩家8,极品鸭子3000,52项新商店左侧扩展面板: 1	数据长度是1	数据类型为number
161145, 存储数据, 玩家8,极品鸭子3000,53项新商店上部扩展面板: 1	数据长度是1	数据类型为number
161145, 存储数据, 玩家8,极品鸭子3000,54项新商店购买方式: 0	数据长度是1	数据类型为number
161145, 存储数据, 玩家8,极品鸭子3000,55项新商店商店模式: 1	数据长度是1	数据类型为number
161145, 存储数据, 玩家8,极品鸭子3000,56项预扣血模式: 0	数据长度是1	数据类型为number
161145, 存储数据, 玩家8,极品鸭子3000,57项回城特效: 10	数据长度是8	数据类型为number
161145, 存储数据, 玩家9,过期号码,1项画质: 1	数据长度是1	数据类型为number
161145, 存储数据, 玩家9,过期号码,2项滚屏速度: 12	数据长度是8	数据类型为number
161145, 存储数据, 玩家9,过期号码,3项更新内容面板开关: 0	数据长度是1	数据类型为number
161145, 存储数据, 玩家9,过期号码,4项游戏版本号: 1696	数据长度是16	数据类型为number
161145, 存储数据, 玩家9,过期号码,5项语音: 0	数据长度是1	数据类型为number
161145, 存储数据, 玩家9,过期号码,6项音响: 0	数据长度是1	数据类型为number
161145, 存储数据, 玩家9,过期号码,7项麦克风: 0	数据长度是1	数据类型为number
161145, 存储数据, 玩家9,过期号码,8项音响大小: 0	数据长度是8	数据类型为number
161145, 存储数据, 玩家9,过期号码,9项麦克风大小: 0	数据长度是8	数据类型为number
161145, 存储数据, 玩家9,过期号码,10项未知: 1	数据长度是1	数据类型为number
161145, 存储数据, 玩家9,过期号码,11项光照: 99	数据长度是8	数据类型为number
161145, 存储数据, 玩家9,过期号码,12项新F11面板模式: 1	数据长度是1	数据类型为number
161145, 存储数据, 玩家9,过期号码,13项血条区分敌我: 1	数据长度是1	数据类型为number
161145, 存储数据, 玩家9,过期号码,14项快捷键1: 41	数据长度是16	数据类型为number
161145, 存储数据, 玩家9,过期号码,15项快捷键2: 43	数据长度是16	数据类型为number
161145, 存储数据, 玩家9,过期号码,16项快捷键3: 61	数据长度是16	数据类型为number
161145, 存储数据, 玩家9,过期号码,17项快捷键4: 42	数据长度是16	数据类型为number
161145, 存储数据, 玩家9,过期号码,18项快捷键5: 56	数据长度是16	数据类型为number
161145, 存储数据, 玩家9,过期号码,19项快捷键6: 53	数据长度是16	数据类型为number
161145, 存储数据, 玩家9,过期号码,20项快捷键7: 541	数据长度是16	数据类型为number
161145, 存储数据, 玩家9,过期号码,21项快捷键8: 542	数据长度是16	数据类型为number
161145, 存储数据, 玩家9,过期号码,22项快捷键9: 543	数据长度是16	数据类型为number
161145, 存储数据, 玩家9,过期号码,23项快捷键10: 544	数据长度是16	数据类型为number
161145, 存储数据, 玩家9,过期号码,24项快捷键11: 545	数据长度是16	数据类型为number
161145, 存储数据, 玩家9,过期号码,25项快捷键12: 546	数据长度是16	数据类型为number
161145, 存储数据, 玩家9,过期号码,26项快捷键13: 547	数据长度是16	数据类型为number
161145, 存储数据, 玩家9,过期号码,27项快捷键14: 548	数据长度是16	数据类型为number
161145, 存储数据, 玩家9,过期号码,28项快捷键15: 549	数据长度是16	数据类型为number
161145, 存储数据, 玩家9,过期号码,29项快捷键16: 573	数据长度是16	数据类型为number
161145, 存储数据, 玩家9,过期号码,30项快捷键17: 555	数据长度是16	数据类型为number
161145, 存储数据, 玩家9,过期号码,31项快捷键18: 568	数据长度是16	数据类型为number
161145, 存储数据, 玩家9,过期号码,32项是否显示刀光: 1	数据长度是1	数据类型为number
161145, 存储数据, 玩家9,过期号码,33项显示刀光编号: 8	数据长度是8	数据类型为number
161145, 存储数据, 玩家9,过期号码,34项不显示翅膀: 1	数据长度是1	数据类型为number
161145, 存储数据, 玩家9,过期号码,35项显示翅膀编号: 0	数据长度是8	数据类型为number
161145, 存储数据, 玩家9,过期号码,36项孔明灯: 0	数据长度是8	数据类型为number
161145, 存储数据, 玩家9,过期号码,37项免控表现: 0	数据长度是8	数据类型为number
161145, 存储数据, 玩家9,过期号码,38项窗口锁定: 0	数据长度是8	数据类型为number
161145, 存储数据, 玩家9,过期号码,39项打孔明灯: 0	数据长度是8	数据类型为number
161145, 存储数据, 玩家9,过期号码,40项小地图头像: 0	数据长度是8	数据类型为number
161145, 存储数据, 玩家9,过期号码,41项画笔库6: 0	数据长度是8	数据类型为number
161145, 存储数据, 玩家9,过期号码,42项画笔库7: 0	数据长度是8	数据类型为number
161145, 存储数据, 玩家9,过期号码,43项画笔库8: 0	数据长度是8	数据类型为number
161145, 存储数据, 玩家9,过期号码,44项会员功能1: 1	数据长度是1	数据类型为number
161145, 存储数据, 玩家9,过期号码,45项会员功能2: 1	数据长度是1	数据类型为number
161145, 存储数据, 玩家9,过期号码,46项会员功能3: 1	数据长度是1	数据类型为number
161145, 存储数据, 玩家9,过期号码,47项会员功能4: 1	数据长度是1	数据类型为number
161145, 存储数据, 玩家9,过期号码,48项会员功能5: 1	数据长度是1	数据类型为number
161145, 存储数据, 玩家9,过期号码,49项会员功能6: 1	数据长度是1	数据类型为number
161145, 存储数据, 玩家9,过期号码,50项会员功能7: 1	数据长度是1	数据类型为number
161145, 存储数据, 玩家9,过期号码,51项会员功能8: 1	数据长度是1	数据类型为number
161145, 存储数据, 玩家9,过期号码,52项新商店左侧扩展面板: 1	数据长度是1	数据类型为number
161145, 存储数据, 玩家9,过期号码,53项新商店上部扩展面板: 1	数据长度是1	数据类型为number
161145, 存储数据, 玩家9,过期号码,54项新商店购买方式: 0	数据长度是1	数据类型为number
161145, 存储数据, 玩家9,过期号码,55项新商店商店模式: 1	数据长度是1	数据类型为number
161145, 存储数据, 玩家9,过期号码,56项预扣血模式: 0	数据长度是1	数据类型为number
161145, 存储数据, 玩家9,过期号码,57项回城特效: 0	数据长度是8	数据类型为number
161145, 存储数据, 玩家10,孤影流星11,1项画质: 1	数据长度是1	数据类型为number
161145, 存储数据, 玩家10,孤影流星11,2项滚屏速度: 5	数据长度是8	数据类型为number
161145, 存储数据, 玩家10,孤影流星11,3项更新内容面板开关: 0	数据长度是1	数据类型为number
161145, 存储数据, 玩家10,孤影流星11,4项游戏版本号: 1696	数据长度是16	数据类型为number
161145, 存储数据, 玩家10,孤影流星11,5项语音: 0	数据长度是1	数据类型为number
161145, 存储数据, 玩家10,孤影流星11,6项音响: 0	数据长度是1	数据类型为number
161145, 存储数据, 玩家10,孤影流星11,7项麦克风: 0	数据长度是1	数据类型为number
161145, 存储数据, 玩家10,孤影流星11,8项音响大小: 0	数据长度是8	数据类型为number
161145, 存储数据, 玩家10,孤影流星11,9项麦克风大小: 0	数据长度是8	数据类型为number
161145, 存储数据, 玩家10,孤影流星11,10项未知: 0	数据长度是1	数据类型为number
161145, 存储数据, 玩家10,孤影流星11,11项光照: 99	数据长度是8	数据类型为number
161145, 存储数据, 玩家10,孤影流星11,12项新F11面板模式: 1	数据长度是1	数据类型为number
161145, 存储数据, 玩家10,孤影流星11,13项血条区分敌我: 1	数据长度是1	数据类型为number
161145, 存储数据, 玩家10,孤影流星11,14项快捷键1: 41	数据长度是16	数据类型为number
161145, 存储数据, 玩家10,孤影流星11,15项快捷键2: 43	数据长度是16	数据类型为number
161145, 存储数据, 玩家10,孤影流星11,16项快捷键3: 61	数据长度是16	数据类型为number
161145, 存储数据, 玩家10,孤影流星11,17项快捷键4: 42	数据长度是16	数据类型为number
161145, 存储数据, 玩家10,孤影流星11,18项快捷键5: 56	数据长度是16	数据类型为number
161145, 存储数据, 玩家10,孤影流星11,19项快捷键6: 53	数据长度是16	数据类型为number
161145, 存储数据, 玩家10,孤影流星11,20项快捷键7: 541	数据长度是16	数据类型为number
161145, 存储数据, 玩家10,孤影流星11,21项快捷键8: 542	数据长度是16	数据类型为number
161145, 存储数据, 玩家10,孤影流星11,22项快捷键9: 543	数据长度是16	数据类型为number
161145, 存储数据, 玩家10,孤影流星11,23项快捷键10: 544	数据长度是16	数据类型为number
161145, 存储数据, 玩家10,孤影流星11,24项快捷键11: 545	数据长度是16	数据类型为number
161145, 存储数据, 玩家10,孤影流星11,25项快捷键12: 546	数据长度是16	数据类型为number
161145, 存储数据, 玩家10,孤影流星11,26项快捷键13: 547	数据长度是16	数据类型为number
161145, 存储数据, 玩家10,孤影流星11,27项快捷键14: 548	数据长度是16	数据类型为number
161145, 存储数据, 玩家10,孤影流星11,28项快捷键15: 549	数据长度是16	数据类型为number
161145, 存储数据, 玩家10,孤影流星11,29项快捷键16: 573	数据长度是16	数据类型为number
161145, 存储数据, 玩家10,孤影流星11,30项快捷键17: 555	数据长度是16	数据类型为number
161145, 存储数据, 玩家10,孤影流星11,31项快捷键18: 568	数据长度是16	数据类型为number
161145, 存储数据, 玩家10,孤影流星11,32项是否显示刀光: 1	数据长度是1	数据类型为number
161145, 存储数据, 玩家10,孤影流星11,33项显示刀光编号: 5	数据长度是8	数据类型为number
161145, 存储数据, 玩家10,孤影流星11,34项不显示翅膀: 1	数据长度是1	数据类型为number
161145, 存储数据, 玩家10,孤影流星11,35项显示翅膀编号: 0	数据长度是8	数据类型为number
161145, 存储数据, 玩家10,孤影流星11,36项孔明灯: 0	数据长度是8	数据类型为number
161145, 存储数据, 玩家10,孤影流星11,37项免控表现: 0	数据长度是8	数据类型为number
161145, 存储数据, 玩家10,孤影流星11,38项窗口锁定: 0	数据长度是8	数据类型为number
161145, 存储数据, 玩家10,孤影流星11,39项打孔明灯: 0	数据长度是8	数据类型为number
161145, 存储数据, 玩家10,孤影流星11,40项小地图头像: 0	数据长度是8	数据类型为number
161145, 存储数据, 玩家10,孤影流星11,41项画笔库6: 0	数据长度是8	数据类型为number
161145, 存储数据, 玩家10,孤影流星11,42项画笔库7: 0	数据长度是8	数据类型为number
161145, 存储数据, 玩家10,孤影流星11,43项画笔库8: 0	数据长度是8	数据类型为number
161145, 存储数据, 玩家10,孤影流星11,44项会员功能1: 1	数据长度是1	数据类型为number
161145, 存储数据, 玩家10,孤影流星11,45项会员功能2: 1	数据长度是1	数据类型为number
161145, 存储数据, 玩家10,孤影流星11,46项会员功能3: 1	数据长度是1	数据类型为number
161145, 存储数据, 玩家10,孤影流星11,47项会员功能4: 1	数据长度是1	数据类型为number
161145, 存储数据, 玩家10,孤影流星11,48项会员功能5: 1	数据长度是1	数据类型为number
161145, 存储数据, 玩家10,孤影流星11,49项会员功能6: 1	数据长度是1	数据类型为number
161145, 存储数据, 玩家10,孤影流星11,50项会员功能7: 1	数据长度是1	数据类型为number
161145, 存储数据, 玩家10,孤影流星11,51项会员功能8: 1	数据长度是1	数据类型为number
161145, 存储数据, 玩家10,孤影流星11,52项新商店左侧扩展面板: 1	数据长度是1	数据类型为number
161145, 存储数据, 玩家10,孤影流星11,53项新商店上部扩展面板: 1	数据长度是1	数据类型为number
161145, 存储数据, 玩家10,孤影流星11,54项新商店购买方式: 0	数据长度是1	数据类型为number
161145, 存储数据, 玩家10,孤影流星11,55项新商店商店模式: 1	数据长度是1	数据类型为number
161145, 存储数据, 玩家10,孤影流星11,56项预扣血模式: 1	数据长度是1	数据类型为number
161145, 存储数据, 玩家10,孤影流星11,57项回城特效: 8	数据长度是8	数据类型为number
161145, 存储数据, 玩家11,夏季风,1项画质: 1	数据长度是1	数据类型为number
161145, 存储数据, 玩家11,夏季风,2项滚屏速度: 15	数据长度是8	数据类型为number
161145, 存储数据, 玩家11,夏季风,3项更新内容面板开关: 0	数据长度是1	数据类型为number
161145, 存储数据, 玩家11,夏季风,4项游戏版本号: 1696	数据长度是16	数据类型为number
161145, 存储数据, 玩家11,夏季风,5项语音: 0	数据长度是1	数据类型为number
161145, 存储数据, 玩家11,夏季风,6项音响: 0	数据长度是1	数据类型为number
161145, 存储数据, 玩家11,夏季风,7项麦克风: 0	数据长度是1	数据类型为number
161145, 存储数据, 玩家11,夏季风,8项音响大小: 0	数据长度是8	数据类型为number
161145, 存储数据, 玩家11,夏季风,9项麦克风大小: 0	数据长度是8	数据类型为number
161145, 存储数据, 玩家11,夏季风,10项未知: 1	数据长度是1	数据类型为number
161145, 存储数据, 玩家11,夏季风,11项光照: 74	数据长度是8	数据类型为number
161145, 存储数据, 玩家11,夏季风,12项新F11面板模式: 1	数据长度是1	数据类型为number
161145, 存储数据, 玩家11,夏季风,13项血条区分敌我: 1	数据长度是1	数据类型为number
161145, 存储数据, 玩家11,夏季风,14项快捷键1: 41	数据长度是16	数据类型为number
161145, 存储数据, 玩家11,夏季风,15项快捷键2: 43	数据长度是16	数据类型为number
161145, 存储数据, 玩家11,夏季风,16项快捷键3: 61	数据长度是16	数据类型为number
161145, 存储数据, 玩家11,夏季风,17项快捷键4: 42	数据长度是16	数据类型为number
161145, 存储数据, 玩家11,夏季风,18项快捷键5: 56	数据长度是16	数据类型为number
161145, 存储数据, 玩家11,夏季风,19项快捷键6: 53	数据长度是16	数据类型为number
161145, 存储数据, 玩家11,夏季风,20项快捷键7: 541	数据长度是16	数据类型为number
161145, 存储数据, 玩家11,夏季风,21项快捷键8: 542	数据长度是16	数据类型为number
161145, 存储数据, 玩家11,夏季风,22项快捷键9: 543	数据长度是16	数据类型为number
161145, 存储数据, 玩家11,夏季风,23项快捷键10: 44	数据长度是16	数据类型为number
161145, 存储数据, 玩家11,夏季风,24项快捷键11: 64	数据长度是16	数据类型为number
161145, 存储数据, 玩家11,夏季风,25项快捷键12: 546	数据长度是16	数据类型为number
161145, 存储数据, 玩家11,夏季风,26项快捷键13: 551	数据长度是16	数据类型为number
161145, 存储数据, 玩家11,夏季风,27项快捷键14: 574	数据长度是16	数据类型为number
161145, 存储数据, 玩家11,夏季风,28项快捷键15: 576	数据长度是16	数据类型为number
161145, 存储数据, 玩家11,夏季风,29项快捷键16: 573	数据长度是16	数据类型为number
161145, 存储数据, 玩家11,夏季风,30项快捷键17: 567	数据长度是16	数据类型为number
161145, 存储数据, 玩家11,夏季风,31项快捷键18: 568	数据长度是16	数据类型为number
161145, 存储数据, 玩家11,夏季风,32项是否显示刀光: 1	数据长度是1	数据类型为number
161145, 存储数据, 玩家11,夏季风,33项显示刀光编号: 8	数据长度是8	数据类型为number
161145, 存储数据, 玩家11,夏季风,34项不显示翅膀: 0	数据长度是1	数据类型为number
161145, 存储数据, 玩家11,夏季风,35项显示翅膀编号: 5	数据长度是8	数据类型为number
161145, 存储数据, 玩家11,夏季风,36项孔明灯: 0	数据长度是8	数据类型为number
161145, 存储数据, 玩家11,夏季风,37项免控表现: 0	数据长度是8	数据类型为number
161145, 存储数据, 玩家11,夏季风,38项窗口锁定: 0	数据长度是8	数据类型为number
161145, 存储数据, 玩家11,夏季风,39项打孔明灯: 0	数据长度是8	数据类型为number
161145, 存储数据, 玩家11,夏季风,40项小地图头像: 0	数据长度是8	数据类型为number
161145, 存储数据, 玩家11,夏季风,41项画笔库6: 0	数据长度是8	数据类型为number
161145, 存储数据, 玩家11,夏季风,42项画笔库7: 0	数据长度是8	数据类型为number
161145, 存储数据, 玩家11,夏季风,43项画笔库8: 0	数据长度是8	数据类型为number
161145, 存储数据, 玩家11,夏季风,44项会员功能1: 1	数据长度是1	数据类型为number
161145, 存储数据, 玩家11,夏季风,45项会员功能2: 1	数据长度是1	数据类型为number
161145, 存储数据, 玩家11,夏季风,46项会员功能3: 1	数据长度是1	数据类型为number
161145, 存储数据, 玩家11,夏季风,47项会员功能4: 1	数据长度是1	数据类型为number
161145, 存储数据, 玩家11,夏季风,48项会员功能5: 1	数据长度是1	数据类型为number
161145, 存储数据, 玩家11,夏季风,49项会员功能6: 1	数据长度是1	数据类型为number
161145, 存储数据, 玩家11,夏季风,50项会员功能7: 1	数据长度是1	数据类型为number
161145, 存储数据, 玩家11,夏季风,51项会员功能8: 1	数据长度是1	数据类型为number
161145, 存储数据, 玩家11,夏季风,52项新商店左侧扩展面板: 1	数据长度是1	数据类型为number
161145, 存储数据, 玩家11,夏季风,53项新商店上部扩展面板: 1	数据长度是1	数据类型为number
161145, 存储数据, 玩家11,夏季风,54项新商店购买方式: 0	数据长度是1	数据类型为number
161145, 存储数据, 玩家11,夏季风,55项新商店商店模式: 0	数据长度是1	数据类型为number
161145, 存储数据, 玩家11,夏季风,56项预扣血模式: 0	数据长度是1	数据类型为number
161145, 存储数据, 玩家11,夏季风,57项回城特效: 9	数据长度是8	数据类型为number
161145, 存储数据, 玩家12,zuodada,1项画质: 1	数据长度是1	数据类型为number
161145, 存储数据, 玩家12,zuodada,2项滚屏速度: 22	数据长度是8	数据类型为number
161145, 存储数据, 玩家12,zuodada,3项更新内容面板开关: 0	数据长度是1	数据类型为number
161145, 存储数据, 玩家12,zuodada,4项游戏版本号: 1696	数据长度是16	数据类型为number
161145, 存储数据, 玩家12,zuodada,5项语音: 0	数据长度是1	数据类型为number
161145, 存储数据, 玩家12,zuodada,6项音响: 0	数据长度是1	数据类型为number
161145, 存储数据, 玩家12,zuodada,7项麦克风: 0	数据长度是1	数据类型为number
161145, 存储数据, 玩家12,zuodada,8项音响大小: 0	数据长度是8	数据类型为number
161145, 存储数据, 玩家12,zuodada,9项麦克风大小: 0	数据长度是8	数据类型为number
161145, 存储数据, 玩家12,zuodada,10项未知: 1	数据长度是1	数据类型为number
161145, 存储数据, 玩家12,zuodada,11项光照: 99	数据长度是8	数据类型为number
161145, 存储数据, 玩家12,zuodada,12项新F11面板模式: 1	数据长度是1	数据类型为number
161145, 存储数据, 玩家12,zuodada,13项血条区分敌我: 1	数据长度是1	数据类型为number
161145, 存储数据, 玩家12,zuodada,14项快捷键1: 41	数据长度是16	数据类型为number
161145, 存储数据, 玩家12,zuodada,15项快捷键2: 43	数据长度是16	数据类型为number
161145, 存储数据, 玩家12,zuodada,16项快捷键3: 61	数据长度是16	数据类型为number
161145, 存储数据, 玩家12,zuodada,17项快捷键4: 42	数据长度是16	数据类型为number
161145, 存储数据, 玩家12,zuodada,18项快捷键5: 56	数据长度是16	数据类型为number
161145, 存储数据, 玩家12,zuodada,19项快捷键6: 53	数据长度是16	数据类型为number
161145, 存储数据, 玩家12,zuodada,20项快捷键7: 29	数据长度是16	数据类型为number
161145, 存储数据, 玩家12,zuodada,21项快捷键8: 30	数据长度是16	数据类型为number
161145, 存储数据, 玩家12,zuodada,22项快捷键9: 31	数据长度是16	数据类型为number
161145, 存储数据, 玩家12,zuodada,23项快捷键10: 44	数据长度是16	数据类型为number
161145, 存储数据, 玩家12,zuodada,24项快捷键11: 32	数据长度是16	数据类型为number
161145, 存储数据, 玩家12,zuodada,25项快捷键12: 33	数据长度是16	数据类型为number
161145, 存储数据, 玩家12,zuodada,26项快捷键13: 34	数据长度是16	数据类型为number
161145, 存储数据, 玩家12,zuodada,27项快捷键14: 35	数据长度是16	数据类型为number
161145, 存储数据, 玩家12,zuodada,28项快捷键15: 62	数据长度是16	数据类型为number
161145, 存储数据, 玩家12,zuodada,29项快捷键16: 45	数据长度是16	数据类型为number
161145, 存储数据, 玩家12,zuodada,30项快捷键17: 64	数据长度是16	数据类型为number
161145, 存储数据, 玩家12,zuodada,31项快捷键18: 568	数据长度是16	数据类型为number
161145, 存储数据, 玩家12,zuodada,32项是否显示刀光: 1	数据长度是1	数据类型为number
161145, 存储数据, 玩家12,zuodada,33项显示刀光编号: 12	数据长度是8	数据类型为number
161145, 存储数据, 玩家12,zuodada,34项不显示翅膀: 1	数据长度是1	数据类型为number
161145, 存储数据, 玩家12,zuodada,35项显示翅膀编号: 0	数据长度是8	数据类型为number
161145, 存储数据, 玩家12,zuodada,36项孔明灯: 0	数据长度是8	数据类型为number
161145, 存储数据, 玩家12,zuodada,37项免控表现: 0	数据长度是8	数据类型为number
161145, 存储数据, 玩家12,zuodada,38项窗口锁定: 0	数据长度是8	数据类型为number
161145, 存储数据, 玩家12,zuodada,39项打孔明灯: 0	数据长度是8	数据类型为number
161145, 存储数据, 玩家12,zuodada,40项小地图头像: 1	数据长度是8	数据类型为number
161145, 存储数据, 玩家12,zuodada,41项画笔库6: 0	数据长度是8	数据类型为number
161145, 存储数据, 玩家12,zuodada,42项画笔库7: 0	数据长度是8	数据类型为number
161145, 存储数据, 玩家12,zuodada,43项画笔库8: 0	数据长度是8	数据类型为number
161145, 存储数据, 玩家12,zuodada,44项会员功能1: 1	数据长度是1	数据类型为number
161145, 存储数据, 玩家12,zuodada,45项会员功能2: 1	数据长度是1	数据类型为number
161145, 存储数据, 玩家12,zuodada,46项会员功能3: 1	数据长度是1	数据类型为number
161145, 存储数据, 玩家12,zuodada,47项会员功能4: 1	数据长度是1	数据类型为number
161145, 存储数据, 玩家12,zuodada,48项会员功能5: 1	数据长度是1	数据类型为number
161145, 存储数据, 玩家12,zuodada,49项会员功能6: 1	数据长度是1	数据类型为number
161145, 存储数据, 玩家12,zuodada,50项会员功能7: 1	数据长度是1	数据类型为number
161145, 存储数据, 玩家12,zuodada,51项会员功能8: 1	数据长度是1	数据类型为number
161145, 存储数据, 玩家12,zuodada,52项新商店左侧扩展面板: 1	数据长度是1	数据类型为number
161145, 存储数据, 玩家12,zuodada,53项新商店上部扩展面板: 1	数据长度是1	数据类型为number
161145, 存储数据, 玩家12,zuodada,54项新商店购买方式: 0	数据长度是1	数据类型为number
161145, 存储数据, 玩家12,zuodada,55项新商店商店模式: 1	数据长度是1	数据类型为number
161145, 存储数据, 玩家12,zuodada,56项预扣血模式: 0	数据长度是1	数据类型为number
161145, 存储数据, 玩家12,zuodada,57项回城特效: 9	数据长度是8	数据类型为number
161145, 存储数据, 玩家13,晴丶爱你一辈子,1项画质: 1	数据长度是1	数据类型为number
161145, 存储数据, 玩家13,晴丶爱你一辈子,2项滚屏速度: 28	数据长度是8	数据类型为number
161145, 存储数据, 玩家13,晴丶爱你一辈子,3项更新内容面板开关: 0	数据长度是1	数据类型为number
161145, 存储数据, 玩家13,晴丶爱你一辈子,4项游戏版本号: 1696	数据长度是16	数据类型为number
161145, 存储数据, 玩家13,晴丶爱你一辈子,5项语音: 1	数据长度是1	数据类型为number
161145, 存储数据, 玩家13,晴丶爱你一辈子,6项音响: 1	数据长度是1	数据类型为number
161145, 存储数据, 玩家13,晴丶爱你一辈子,7项麦克风: 1	数据长度是1	数据类型为number
161145, 存储数据, 玩家13,晴丶爱你一辈子,8项音响大小: 0	数据长度是8	数据类型为number
161145, 存储数据, 玩家13,晴丶爱你一辈子,9项麦克风大小: 0	数据长度是8	数据类型为number
161145, 存储数据, 玩家13,晴丶爱你一辈子,10项未知: 1	数据长度是1	数据类型为number
161145, 存储数据, 玩家13,晴丶爱你一辈子,11项光照: 100	数据长度是8	数据类型为number
161145, 存储数据, 玩家13,晴丶爱你一辈子,12项新F11面板模式: 1	数据长度是1	数据类型为number
161145, 存储数据, 玩家13,晴丶爱你一辈子,13项血条区分敌我: 1	数据长度是1	数据类型为number
161145, 存储数据, 玩家13,晴丶爱你一辈子,14项快捷键1: 61	数据长度是16	数据类型为number
161145, 存储数据, 玩家13,晴丶爱你一辈子,15项快捷键2: 43	数据长度是16	数据类型为number
161145, 存储数据, 玩家13,晴丶爱你一辈子,16项快捷键3: 45	数据长度是16	数据类型为number
161145, 存储数据, 玩家13,晴丶爱你一辈子,17项快捷键4: 44	数据长度是16	数据类型为number
161145, 存储数据, 玩家13,晴丶爱你一辈子,18项快捷键5: 0	数据长度是16	数据类型为number
161145, 存储数据, 玩家13,晴丶爱你一辈子,19项快捷键6: 53	数据长度是16	数据类型为number
161145, 存储数据, 玩家13,晴丶爱你一辈子,20项快捷键7: 56	数据长度是16	数据类型为number
161145, 存储数据, 玩家13,晴丶爱你一辈子,21项快捷键8: 42	数据长度是16	数据类型为number
161145, 存储数据, 玩家13,晴丶爱你一辈子,22项快捷键9: 41	数据长度是16	数据类型为number
161145, 存储数据, 玩家13,晴丶爱你一辈子,23项快捷键10: 567	数据长度是16	数据类型为number
161145, 存储数据, 玩家13,晴丶爱你一辈子,24项快捷键11: 545	数据长度是16	数据类型为number
161145, 存储数据, 玩家13,晴丶爱你一辈子,25项快捷键12: 0	数据长度是16	数据类型为number
161145, 存储数据, 玩家13,晴丶爱你一辈子,26项快捷键13: 64	数据长度是16	数据类型为number
161145, 存储数据, 玩家13,晴丶爱你一辈子,27项快捷键14: 548	数据长度是16	数据类型为number
161145, 存储数据, 玩家13,晴丶爱你一辈子,28项快捷键15: 549	数据长度是16	数据类型为number
161145, 存储数据, 玩家13,晴丶爱你一辈子,29项快捷键16: 573	数据长度是16	数据类型为number
161145, 存储数据, 玩家13,晴丶爱你一辈子,30项快捷键17: 555	数据长度是16	数据类型为number
161145, 存储数据, 玩家13,晴丶爱你一辈子,31项快捷键18: 568	数据长度是16	数据类型为number
161145, 存储数据, 玩家13,晴丶爱你一辈子,32项是否显示刀光: 1	数据长度是1	数据类型为number
161145, 存储数据, 玩家13,晴丶爱你一辈子,33项显示刀光编号: 24	数据长度是8	数据类型为number
161145, 存储数据, 玩家13,晴丶爱你一辈子,34项不显示翅膀: 0	数据长度是1	数据类型为number
161145, 存储数据, 玩家13,晴丶爱你一辈子,35项显示翅膀编号: 8	数据长度是8	数据类型为number
161145, 存储数据, 玩家13,晴丶爱你一辈子,36项孔明灯: 0	数据长度是8	数据类型为number
161145, 存储数据, 玩家13,晴丶爱你一辈子,37项免控表现: 0	数据长度是8	数据类型为number
161145, 存储数据, 玩家13,晴丶爱你一辈子,38项窗口锁定: 0	数据长度是8	数据类型为number
161145, 存储数据, 玩家13,晴丶爱你一辈子,39项打孔明灯: 0	数据长度是8	数据类型为number
161145, 存储数据, 玩家13,晴丶爱你一辈子,40项小地图头像: 0	数据长度是8	数据类型为number
161145, 存储数据, 玩家13,晴丶爱你一辈子,41项画笔库6: 0	数据长度是8	数据类型为number
161145, 存储数据, 玩家13,晴丶爱你一辈子,42项画笔库7: 0	数据长度是8	数据类型为number
161145, 存储数据, 玩家13,晴丶爱你一辈子,43项画笔库8: 0	数据长度是8	数据类型为number
161145, 存储数据, 玩家13,晴丶爱你一辈子,44项会员功能1: 1	数据长度是1	数据类型为number
161145, 存储数据, 玩家13,晴丶爱你一辈子,45项会员功能2: 1	数据长度是1	数据类型为number
161145, 存储数据, 玩家13,晴丶爱你一辈子,46项会员功能3: 0	数据长度是1	数据类型为number
161145, 存储数据, 玩家13,晴丶爱你一辈子,47项会员功能4: 1	数据长度是1	数据类型为number
161145, 存储数据, 玩家13,晴丶爱你一辈子,48项会员功能5: 1	数据长度是1	数据类型为number
161145, 存储数据, 玩家13,晴丶爱你一辈子,49项会员功能6: 1	数据长度是1	数据类型为number
161145, 存储数据, 玩家13,晴丶爱你一辈子,50项会员功能7: 1	数据长度是1	数据类型为number
161145, 存储数据, 玩家13,晴丶爱你一辈子,51项会员功能8: 1	数据长度是1	数据类型为number
161145, 存储数据, 玩家13,晴丶爱你一辈子,52项新商店左侧扩展面板: 1	数据长度是1	数据类型为number
161145, 存储数据, 玩家13,晴丶爱你一辈子,53项新商店上部扩展面板: 1	数据长度是1	数据类型为number
161145, 存储数据, 玩家13,晴丶爱你一辈子,54项新商店购买方式: 0	数据长度是1	数据类型为number
161145, 存储数据, 玩家13,晴丶爱你一辈子,55项新商店商店模式: 1	数据长度是1	数据类型为number
161145, 存储数据, 玩家13,晴丶爱你一辈子,56项预扣血模式: 0	数据长度是1	数据类型为number
161145, 存储数据, 玩家13,晴丶爱你一辈子,57项回城特效: 7	数据长度是8	数据类型为number
161145, 存储数据, 玩家14,No乱世丶小败家,1项画质: 1	数据长度是1	数据类型为number
161145, 存储数据, 玩家14,No乱世丶小败家,2项滚屏速度: 31	数据长度是8	数据类型为number
161145, 存储数据, 玩家14,No乱世丶小败家,3项更新内容面板开关: 0	数据长度是1	数据类型为number
161145, 存储数据, 玩家14,No乱世丶小败家,4项游戏版本号: 1696	数据长度是16	数据类型为number
161145, 存储数据, 玩家14,No乱世丶小败家,5项语音: 0	数据长度是1	数据类型为number
161145, 存储数据, 玩家14,No乱世丶小败家,6项音响: 0	数据长度是1	数据类型为number
161145, 存储数据, 玩家14,No乱世丶小败家,7项麦克风: 0	数据长度是1	数据类型为number
161145, 存储数据, 玩家14,No乱世丶小败家,8项音响大小: 0	数据长度是8	数据类型为number
161145, 存储数据, 玩家14,No乱世丶小败家,9项麦克风大小: 0	数据长度是8	数据类型为number
161145, 存储数据, 玩家14,No乱世丶小败家,10项未知: 1	数据长度是1	数据类型为number
161145, 存储数据, 玩家14,No乱世丶小败家,11项光照: 100	数据长度是8	数据类型为number
161145, 存储数据, 玩家14,No乱世丶小败家,12项新F11面板模式: 0	数据长度是1	数据类型为number
161145, 存储数据, 玩家14,No乱世丶小败家,13项血条区分敌我: 1	数据长度是1	数据类型为number
161145, 存储数据, 玩家14,No乱世丶小败家,14项快捷键1: 41	数据长度是16	数据类型为number
161145, 存储数据, 玩家14,No乱世丶小败家,15项快捷键2: 43	数据长度是16	数据类型为number
161145, 存储数据, 玩家14,No乱世丶小败家,16项快捷键3: 61	数据长度是16	数据类型为number
161145, 存储数据, 玩家14,No乱世丶小败家,17项快捷键4: 42	数据长度是16	数据类型为number
161145, 存储数据, 玩家14,No乱世丶小败家,18项快捷键5: 56	数据长度是16	数据类型为number
161145, 存储数据, 玩家14,No乱世丶小败家,19项快捷键6: 53	数据长度是16	数据类型为number
161145, 存储数据, 玩家14,No乱世丶小败家,20项快捷键7: 541	数据长度是16	数据类型为number
161145, 存储数据, 玩家14,No乱世丶小败家,21项快捷键8: 542	数据长度是16	数据类型为number
161145, 存储数据, 玩家14,No乱世丶小败家,22项快捷键9: 543	数据长度是16	数据类型为number
161145, 存储数据, 玩家14,No乱世丶小败家,23项快捷键10: 544	数据长度是16	数据类型为number
161145, 存储数据, 玩家14,No乱世丶小败家,24项快捷键11: 545	数据长度是16	数据类型为number
161145, 存储数据, 玩家14,No乱世丶小败家,25项快捷键12: 546	数据长度是16	数据类型为number
161145, 存储数据, 玩家14,No乱世丶小败家,26项快捷键13: 547	数据长度是16	数据类型为number
161145, 存储数据, 玩家14,No乱世丶小败家,27项快捷键14: 62	数据长度是16	数据类型为number
161145, 存储数据, 玩家14,No乱世丶小败家,28项快捷键15: 64	数据长度是16	数据类型为number
161145, 存储数据, 玩家14,No乱世丶小败家,29项快捷键16: 44	数据长度是16	数据类型为number
161145, 存储数据, 玩家14,No乱世丶小败家,30项快捷键17: 555	数据长度是16	数据类型为number
161145, 存储数据, 玩家14,No乱世丶小败家,31项快捷键18: 568	数据长度是16	数据类型为number
161145, 存储数据, 玩家14,No乱世丶小败家,32项是否显示刀光: 1	数据长度是1	数据类型为number
161145, 存储数据, 玩家14,No乱世丶小败家,33项显示刀光编号: 10	数据长度是8	数据类型为number
161145, 存储数据, 玩家14,No乱世丶小败家,34项不显示翅膀: 0	数据长度是1	数据类型为number
161145, 存储数据, 玩家14,No乱世丶小败家,35项显示翅膀编号: 4	数据长度是8	数据类型为number
161145, 存储数据, 玩家14,No乱世丶小败家,36项孔明灯: 0	数据长度是8	数据类型为number
161145, 存储数据, 玩家14,No乱世丶小败家,37项免控表现: 0	数据长度是8	数据类型为number
161145, 存储数据, 玩家14,No乱世丶小败家,38项窗口锁定: 1	数据长度是8	数据类型为number
161145, 存储数据, 玩家14,No乱世丶小败家,39项打孔明灯: 0	数据长度是8	数据类型为number
161145, 存储数据, 玩家14,No乱世丶小败家,40项小地图头像: 0	数据长度是8	数据类型为number
161145, 存储数据, 玩家14,No乱世丶小败家,41项画笔库6: 0	数据长度是8	数据类型为number
161145, 存储数据, 玩家14,No乱世丶小败家,42项画笔库7: 0	数据长度是8	数据类型为number
161145, 存储数据, 玩家14,No乱世丶小败家,43项画笔库8: 0	数据长度是8	数据类型为number
161145, 存储数据, 玩家14,No乱世丶小败家,44项会员功能1: 1	数据长度是1	数据类型为number
161145, 存储数据, 玩家14,No乱世丶小败家,45项会员功能2: 1	数据长度是1	数据类型为number
161145, 存储数据, 玩家14,No乱世丶小败家,46项会员功能3: 1	数据长度是1	数据类型为number
161145, 存储数据, 玩家14,No乱世丶小败家,47项会员功能4: 1	数据长度是1	数据类型为number
161145, 存储数据, 玩家14,No乱世丶小败家,48项会员功能5: 1	数据长度是1	数据类型为number
161145, 存储数据, 玩家14,No乱世丶小败家,49项会员功能6: 1	数据长度是1	数据类型为number
161145, 存储数据, 玩家14,No乱世丶小败家,50项会员功能7: 1	数据长度是1	数据类型为number
161145, 存储数据, 玩家14,No乱世丶小败家,51项会员功能8: 1	数据长度是1	数据类型为number
161145, 存储数据, 玩家14,No乱世丶小败家,52项新商店左侧扩展面板: 1	数据长度是1	数据类型为number
161145, 存储数据, 玩家14,No乱世丶小败家,53项新商店上部扩展面板: 1	数据长度是1	数据类型为number
161145, 存储数据, 玩家14,No乱世丶小败家,54项新商店购买方式: 0	数据长度是1	数据类型为number
161145, 存储数据, 玩家14,No乱世丶小败家,55项新商店商店模式: 1	数据长度是1	数据类型为number
161145, 存储数据, 玩家14,No乱世丶小败家,56项预扣血模式: 1	数据长度是1	数据类型为number
161145, 存储数据, 玩家14,No乱世丶小败家,57项回城特效: 0	数据长度是8	数据类型为number
161145, 存储数据, 玩家15,天气太热了1,1项画质: 1	数据长度是1	数据类型为number
161145, 存储数据, 玩家15,天气太热了1,2项滚屏速度: 20	数据长度是8	数据类型为number
161145, 存储数据, 玩家15,天气太热了1,3项更新内容面板开关: 0	数据长度是1	数据类型为number
161145, 存储数据, 玩家15,天气太热了1,4项游戏版本号: 1696	数据长度是16	数据类型为number
161145, 存储数据, 玩家15,天气太热了1,5项语音: 0	数据长度是1	数据类型为number
161145, 存储数据, 玩家15,天气太热了1,6项音响: 0	数据长度是1	数据类型为number
161145, 存储数据, 玩家15,天气太热了1,7项麦克风: 0	数据长度是1	数据类型为number
161145, 存储数据, 玩家15,天气太热了1,8项音响大小: 0	数据长度是8	数据类型为number
161145, 存储数据, 玩家15,天气太热了1,9项麦克风大小: 0	数据长度是8	数据类型为number
161145, 存储数据, 玩家15,天气太热了1,10项未知: 1	数据长度是1	数据类型为number
161145, 存储数据, 玩家15,天气太热了1,11项光照: 99	数据长度是8	数据类型为number
161145, 存储数据, 玩家15,天气太热了1,12项新F11面板模式: 1	数据长度是1	数据类型为number
161145, 存储数据, 玩家15,天气太热了1,13项血条区分敌我: 1	数据长度是1	数据类型为number
161145, 存储数据, 玩家15,天气太热了1,14项快捷键1: 41	数据长度是16	数据类型为number
161145, 存储数据, 玩家15,天气太热了1,15项快捷键2: 43	数据长度是16	数据类型为number
161145, 存储数据, 玩家15,天气太热了1,16项快捷键3: 61	数据长度是16	数据类型为number
161145, 存储数据, 玩家15,天气太热了1,17项快捷键4: 42	数据长度是16	数据类型为number
161145, 存储数据, 玩家15,天气太热了1,18项快捷键5: 56	数据长度是16	数据类型为number
161145, 存储数据, 玩家15,天气太热了1,19项快捷键6: 53	数据长度是16	数据类型为number
161145, 存储数据, 玩家15,天气太热了1,20项快捷键7: 541	数据长度是16	数据类型为number
161145, 存储数据, 玩家15,天气太热了1,21项快捷键8: 542	数据长度是16	数据类型为number
161145, 存储数据, 玩家15,天气太热了1,22项快捷键9: 543	数据长度是16	数据类型为number
161145, 存储数据, 玩家15,天气太热了1,23项快捷键10: 544	数据长度是16	数据类型为number
161145, 存储数据, 玩家15,天气太热了1,24项快捷键11: 545	数据长度是16	数据类型为number
161145, 存储数据, 玩家15,天气太热了1,25项快捷键12: 546	数据长度是16	数据类型为number
161145, 存储数据, 玩家15,天气太热了1,26项快捷键13: 547	数据长度是16	数据类型为number
161145, 存储数据, 玩家15,天气太热了1,27项快捷键14: 548	数据长度是16	数据类型为number
161145, 存储数据, 玩家15,天气太热了1,28项快捷键15: 549	数据长度是16	数据类型为number
161145, 存储数据, 玩家15,天气太热了1,29项快捷键16: 573	数据长度是16	数据类型为number
161145, 存储数据, 玩家15,天气太热了1,30项快捷键17: 555	数据长度是16	数据类型为number
161145, 存储数据, 玩家15,天气太热了1,31项快捷键18: 568	数据长度是16	数据类型为number
161145, 存储数据, 玩家15,天气太热了1,32项是否显示刀光: 1	数据长度是1	数据类型为number
161145, 存储数据, 玩家15,天气太热了1,33项显示刀光编号: 8	数据长度是8	数据类型为number
161145, 存储数据, 玩家15,天气太热了1,34项不显示翅膀: 0	数据长度是1	数据类型为number
161145, 存储数据, 玩家15,天气太热了1,35项显示翅膀编号: 3	数据长度是8	数据类型为number
161145, 存储数据, 玩家15,天气太热了1,36项孔明灯: 0	数据长度是8	数据类型为number
161145, 存储数据, 玩家15,天气太热了1,37项免控表现: 1	数据长度是8	数据类型为number
161145, 存储数据, 玩家15,天气太热了1,38项窗口锁定: 0	数据长度是8	数据类型为number
161145, 存储数据, 玩家15,天气太热了1,39项打孔明灯: 0	数据长度是8	数据类型为number
161145, 存储数据, 玩家15,天气太热了1,40项小地图头像: 1	数据长度是8	数据类型为number
161145, 存储数据, 玩家15,天气太热了1,41项画笔库6: 0	数据长度是8	数据类型为number
161145, 存储数据, 玩家15,天气太热了1,42项画笔库7: 0	数据长度是8	数据类型为number
161145, 存储数据, 玩家15,天气太热了1,43项画笔库8: 0	数据长度是8	数据类型为number
161145, 存储数据, 玩家15,天气太热了1,44项会员功能1: 1	数据长度是1	数据类型为number
161145, 存储数据, 玩家15,天气太热了1,45项会员功能2: 1	数据长度是1	数据类型为number
161145, 存储数据, 玩家15,天气太热了1,46项会员功能3: 1	数据长度是1	数据类型为number
161145, 存储数据, 玩家15,天气太热了1,47项会员功能4: 1	数据长度是1	数据类型为number
161145, 存储数据, 玩家15,天气太热了1,48项会员功能5: 1	数据长度是1	数据类型为number
161145, 存储数据, 玩家15,天气太热了1,49项会员功能6: 1	数据长度是1	数据类型为number
161145, 存储数据, 玩家15,天气太热了1,50项会员功能7: 1	数据长度是1	数据类型为number
161145, 存储数据, 玩家15,天气太热了1,51项会员功能8: 1	数据长度是1	数据类型为number
161145, 存储数据, 玩家15,天气太热了1,52项新商店左侧扩展面板: 1	数据长度是1	数据类型为number
161145, 存储数据, 玩家15,天气太热了1,53项新商店上部扩展面板: 1	数据长度是1	数据类型为number
161145, 存储数据, 玩家15,天气太热了1,54项新商店购买方式: 0	数据长度是1	数据类型为number
161145, 存储数据, 玩家15,天气太热了1,55项新商店商店模式: 1	数据长度是1	数据类型为number
161145, 存储数据, 玩家15,天气太热了1,56项预扣血模式: 0	数据长度是1	数据类型为number
161145, 存储数据, 玩家15,天气太热了1,57项回城特效: 0	数据长度是8	数据类型为number
161145, 存储数据, 玩家16,出去开始,1项画质: 1	数据长度是1	数据类型为number
161145, 存储数据, 玩家16,出去开始,2项滚屏速度: 20	数据长度是8	数据类型为number
161145, 存储数据, 玩家16,出去开始,3项更新内容面板开关: 0	数据长度是1	数据类型为number
161145, 存储数据, 玩家16,出去开始,4项游戏版本号: 1696	数据长度是16	数据类型为number
161145, 存储数据, 玩家16,出去开始,5项语音: 0	数据长度是1	数据类型为number
161145, 存储数据, 玩家16,出去开始,6项音响: 0	数据长度是1	数据类型为number
161145, 存储数据, 玩家16,出去开始,7项麦克风: 0	数据长度是1	数据类型为number
161145, 存储数据, 玩家16,出去开始,8项音响大小: 0	数据长度是8	数据类型为number
161145, 存储数据, 玩家16,出去开始,9项麦克风大小: 0	数据长度是8	数据类型为number
161145, 存储数据, 玩家16,出去开始,10项未知: 0	数据长度是1	数据类型为number
161145, 存储数据, 玩家16,出去开始,11项光照: 99	数据长度是8	数据类型为number
161145, 存储数据, 玩家16,出去开始,12项新F11面板模式: 1	数据长度是1	数据类型为number
161145, 存储数据, 玩家16,出去开始,13项血条区分敌我: 1	数据长度是1	数据类型为number
161145, 存储数据, 玩家16,出去开始,14项快捷键1: 41	数据长度是16	数据类型为number
161145, 存储数据, 玩家16,出去开始,15项快捷键2: 43	数据长度是16	数据类型为number
161145, 存储数据, 玩家16,出去开始,16项快捷键3: 61	数据长度是16	数据类型为number
161145, 存储数据, 玩家16,出去开始,17项快捷键4: 42	数据长度是16	数据类型为number
161145, 存储数据, 玩家16,出去开始,18项快捷键5: 56	数据长度是16	数据类型为number
161145, 存储数据, 玩家16,出去开始,19项快捷键6: 53	数据长度是16	数据类型为number
161145, 存储数据, 玩家16,出去开始,20项快捷键7: 541	数据长度是16	数据类型为number
161145, 存储数据, 玩家16,出去开始,21项快捷键8: 542	数据长度是16	数据类型为number
161145, 存储数据, 玩家16,出去开始,22项快捷键9: 543	数据长度是16	数据类型为number
161145, 存储数据, 玩家16,出去开始,23项快捷键10: 544	数据长度是16	数据类型为number
161145, 存储数据, 玩家16,出去开始,24项快捷键11: 545	数据长度是16	数据类型为number
161145, 存储数据, 玩家16,出去开始,25项快捷键12: 546	数据长度是16	数据类型为number
161145, 存储数据, 玩家16,出去开始,26项快捷键13: 547	数据长度是16	数据类型为number
161145, 存储数据, 玩家16,出去开始,27项快捷键14: 548	数据长度是16	数据类型为number
161145, 存储数据, 玩家16,出去开始,28项快捷键15: 549	数据长度是16	数据类型为number
161145, 存储数据, 玩家16,出去开始,29项快捷键16: 573	数据长度是16	数据类型为number
161145, 存储数据, 玩家16,出去开始,30项快捷键17: 555	数据长度是16	数据类型为number
161145, 存储数据, 玩家16,出去开始,31项快捷键18: 568	数据长度是16	数据类型为number
161145, 存储数据, 玩家16,出去开始,32项是否显示刀光: 1	数据长度是1	数据类型为number
161145, 存储数据, 玩家16,出去开始,33项显示刀光编号: 14	数据长度是8	数据类型为number
161145, 存储数据, 玩家16,出去开始,34项不显示翅膀: 1	数据长度是1	数据类型为number
161145, 存储数据, 玩家16,出去开始,35项显示翅膀编号: 0	数据长度是8	数据类型为number
161145, 存储数据, 玩家16,出去开始,36项孔明灯: 0	数据长度是8	数据类型为number
161145, 存储数据, 玩家16,出去开始,37项免控表现: 0	数据长度是8	数据类型为number
161145, 存储数据, 玩家16,出去开始,38项窗口锁定: 0	数据长度是8	数据类型为number
161145, 存储数据, 玩家16,出去开始,39项打孔明灯: 0	数据长度是8	数据类型为number
161145, 存储数据, 玩家16,出去开始,40项小地图头像: 0	数据长度是8	数据类型为number
161145, 存储数据, 玩家16,出去开始,41项画笔库6: 0	数据长度是8	数据类型为number
161145, 存储数据, 玩家16,出去开始,42项画笔库7: 0	数据长度是8	数据类型为number
161145, 存储数据, 玩家16,出去开始,43项画笔库8: 0	数据长度是8	数据类型为number
161145, 存储数据, 玩家16,出去开始,44项会员功能1: 1	数据长度是1	数据类型为number
161145, 存储数据, 玩家16,出去开始,45项会员功能2: 1	数据长度是1	数据类型为number
161145, 存储数据, 玩家16,出去开始,46项会员功能3: 1	数据长度是1	数据类型为number
161145, 存储数据, 玩家16,出去开始,47项会员功能4: 0	数据长度是1	数据类型为number
161145, 存储数据, 玩家16,出去开始,48项会员功能5: 1	数据长度是1	数据类型为number
161145, 存储数据, 玩家16,出去开始,49项会员功能6: 1	数据长度是1	数据类型为number
161145, 存储数据, 玩家16,出去开始,50项会员功能7: 1	数据长度是1	数据类型为number
161145, 存储数据, 玩家16,出去开始,51项会员功能8: 1	数据长度是1	数据类型为number
161145, 存储数据, 玩家16,出去开始,52项新商店左侧扩展面板: 1	数据长度是1	数据类型为number
161145, 存储数据, 玩家16,出去开始,53项新商店上部扩展面板: 1	数据长度是1	数据类型为number
161145, 存储数据, 玩家16,出去开始,54项新商店购买方式: 0	数据长度是1	数据类型为number
161145, 存储数据, 玩家16,出去开始,55项新商店商店模式: 1	数据长度是1	数据类型为number
161145, 存储数据, 玩家16,出去开始,56项预扣血模式: 1	数据长度是1	数据类型为number
161145, 存储数据, 玩家16,出去开始,57项回城特效: 0	数据长度是8	数据类型为number
161145, 存储数据, 玩家17,迩妈丿成妓侍汗,1项画质: 1	数据长度是1	数据类型为number
161145, 存储数据, 玩家17,迩妈丿成妓侍汗,2项滚屏速度: 10	数据长度是8	数据类型为number
161145, 存储数据, 玩家17,迩妈丿成妓侍汗,3项更新内容面板开关: 0	数据长度是1	数据类型为number
161145, 存储数据, 玩家17,迩妈丿成妓侍汗,4项游戏版本号: 1696	数据长度是16	数据类型为number
161145, 存储数据, 玩家17,迩妈丿成妓侍汗,5项语音: 0	数据长度是1	数据类型为number
161145, 存储数据, 玩家17,迩妈丿成妓侍汗,6项音响: 0	数据长度是1	数据类型为number
161145, 存储数据, 玩家17,迩妈丿成妓侍汗,7项麦克风: 1	数据长度是1	数据类型为number
161145, 存储数据, 玩家17,迩妈丿成妓侍汗,8项音响大小: 0	数据长度是8	数据类型为number
161145, 存储数据, 玩家17,迩妈丿成妓侍汗,9项麦克风大小: 0	数据长度是8	数据类型为number
161145, 存储数据, 玩家17,迩妈丿成妓侍汗,10项未知: 1	数据长度是1	数据类型为number
161145, 存储数据, 玩家17,迩妈丿成妓侍汗,11项光照: 100	数据长度是8	数据类型为number
161145, 存储数据, 玩家17,迩妈丿成妓侍汗,12项新F11面板模式: 0	数据长度是1	数据类型为number
161145, 存储数据, 玩家17,迩妈丿成妓侍汗,13项血条区分敌我: 1	数据长度是1	数据类型为number
161145, 存储数据, 玩家17,迩妈丿成妓侍汗,14项快捷键1: 41	数据长度是16	数据类型为number
161145, 存储数据, 玩家17,迩妈丿成妓侍汗,15项快捷键2: 43	数据长度是16	数据类型为number
161145, 存储数据, 玩家17,迩妈丿成妓侍汗,16项快捷键3: 61	数据长度是16	数据类型为number
161145, 存储数据, 玩家17,迩妈丿成妓侍汗,17项快捷键4: 42	数据长度是16	数据类型为number
161145, 存储数据, 玩家17,迩妈丿成妓侍汗,18项快捷键5: 56	数据长度是16	数据类型为number
161145, 存储数据, 玩家17,迩妈丿成妓侍汗,19项快捷键6: 53	数据长度是16	数据类型为number
161145, 存储数据, 玩家17,迩妈丿成妓侍汗,20项快捷键7: 541	数据长度是16	数据类型为number
161145, 存储数据, 玩家17,迩妈丿成妓侍汗,21项快捷键8: 542	数据长度是16	数据类型为number
161145, 存储数据, 玩家17,迩妈丿成妓侍汗,22项快捷键9: 543	数据长度是16	数据类型为number
161145, 存储数据, 玩家17,迩妈丿成妓侍汗,23项快捷键10: 29	数据长度是16	数据类型为number
161145, 存储数据, 玩家17,迩妈丿成妓侍汗,24项快捷键11: 30	数据长度是16	数据类型为number
161145, 存储数据, 玩家17,迩妈丿成妓侍汗,25项快捷键12: 31	数据长度是16	数据类型为number
161145, 存储数据, 玩家17,迩妈丿成妓侍汗,26项快捷键13: 547	数据长度是16	数据类型为number
161145, 存储数据, 玩家17,迩妈丿成妓侍汗,27项快捷键14: 548	数据长度是16	数据类型为number
161145, 存储数据, 玩家17,迩妈丿成妓侍汗,28项快捷键15: 549	数据长度是16	数据类型为number
161145, 存储数据, 玩家17,迩妈丿成妓侍汗,29项快捷键16: 567	数据长度是16	数据类型为number
161145, 存储数据, 玩家17,迩妈丿成妓侍汗,30项快捷键17: 573	数据长度是16	数据类型为number
161145, 存储数据, 玩家17,迩妈丿成妓侍汗,31项快捷键18: 555	数据长度是16	数据类型为number
161145, 存储数据, 玩家17,迩妈丿成妓侍汗,32项是否显示刀光: 1	数据长度是1	数据类型为number
161145, 存储数据, 玩家17,迩妈丿成妓侍汗,33项显示刀光编号: 9	数据长度是8	数据类型为number
161145, 存储数据, 玩家17,迩妈丿成妓侍汗,34项不显示翅膀: 0	数据长度是1	数据类型为number
161145, 存储数据, 玩家17,迩妈丿成妓侍汗,35项显示翅膀编号: 5	数据长度是8	数据类型为number
161145, 存储数据, 玩家17,迩妈丿成妓侍汗,36项孔明灯: 0	数据长度是8	数据类型为number
161145, 存储数据, 玩家17,迩妈丿成妓侍汗,37项免控表现: 0	数据长度是8	数据类型为number
161145, 存储数据, 玩家17,迩妈丿成妓侍汗,38项窗口锁定: 0	数据长度是8	数据类型为number
161145, 存储数据, 玩家17,迩妈丿成妓侍汗,39项打孔明灯: 0	数据长度是8	数据类型为number
161145, 存储数据, 玩家17,迩妈丿成妓侍汗,40项小地图头像: 1	数据长度是8	数据类型为number
161145, 存储数据, 玩家17,迩妈丿成妓侍汗,41项画笔库6: 0	数据长度是8	数据类型为number
161145, 存储数据, 玩家17,迩妈丿成妓侍汗,42项画笔库7: 0	数据长度是8	数据类型为number
161145, 存储数据, 玩家17,迩妈丿成妓侍汗,43项画笔库8: 0	数据长度是8	数据类型为number
161145, 存储数据, 玩家17,迩妈丿成妓侍汗,44项会员功能1: 1	数据长度是1	数据类型为number
161145, 存储数据, 玩家17,迩妈丿成妓侍汗,45项会员功能2: 1	数据长度是1	数据类型为number
161145, 存储数据, 玩家17,迩妈丿成妓侍汗,46项会员功能3: 1	数据长度是1	数据类型为number
161145, 存储数据, 玩家17,迩妈丿成妓侍汗,47项会员功能4: 1	数据长度是1	数据类型为number
161145, 存储数据, 玩家17,迩妈丿成妓侍汗,48项会员功能5: 1	数据长度是1	数据类型为number
161145, 存储数据, 玩家17,迩妈丿成妓侍汗,49项会员功能6: 1	数据长度是1	数据类型为number
161145, 存储数据, 玩家17,迩妈丿成妓侍汗,50项会员功能7: 1	数据长度是1	数据类型为number
161145, 存储数据, 玩家17,迩妈丿成妓侍汗,51项会员功能8: 1	数据长度是1	数据类型为number
161145, 存储数据, 玩家17,迩妈丿成妓侍汗,52项新商店左侧扩展面板: 1	数据长度是1	数据类型为number
161145, 存储数据, 玩家17,迩妈丿成妓侍汗,53项新商店上部扩展面板: 1	数据长度是1	数据类型为number
161145, 存储数据, 玩家17,迩妈丿成妓侍汗,54项新商店购买方式: 0	数据长度是1	数据类型为number
161145, 存储数据, 玩家17,迩妈丿成妓侍汗,55项新商店商店模式: 0	数据长度是1	数据类型为number
161145, 存储数据, 玩家17,迩妈丿成妓侍汗,56项预扣血模式: 0	数据长度是1	数据类型为number
161145, 存储数据, 玩家17,迩妈丿成妓侍汗,57项回城特效: 0	数据长度是8	数据类型为number
161145, 存储数据, 玩家18,lcdpxt921218,1项画质: 1	数据长度是1	数据类型为number
161145, 存储数据, 玩家18,lcdpxt921218,2项滚屏速度: 11	数据长度是8	数据类型为number
161145, 存储数据, 玩家18,lcdpxt921218,3项更新内容面板开关: 0	数据长度是1	数据类型为number
161145, 存储数据, 玩家18,lcdpxt921218,4项游戏版本号: 1696	数据长度是16	数据类型为number
161145, 存储数据, 玩家18,lcdpxt921218,5项语音: 0	数据长度是1	数据类型为number
161145, 存储数据, 玩家18,lcdpxt921218,6项音响: 0	数据长度是1	数据类型为number
161145, 存储数据, 玩家18,lcdpxt921218,7项麦克风: 0	数据长度是1	数据类型为number
161145, 存储数据, 玩家18,lcdpxt921218,8项音响大小: 0	数据长度是8	数据类型为number
161145, 存储数据, 玩家18,lcdpxt921218,9项麦克风大小: 0	数据长度是8	数据类型为number
161145, 存储数据, 玩家18,lcdpxt921218,10项未知: 1	数据长度是1	数据类型为number
161145, 存储数据, 玩家18,lcdpxt921218,11项光照: 99	数据长度是8	数据类型为number
161145, 存储数据, 玩家18,lcdpxt921218,12项新F11面板模式: 1	数据长度是1	数据类型为number
161145, 存储数据, 玩家18,lcdpxt921218,13项血条区分敌我: 1	数据长度是1	数据类型为number
161145, 存储数据, 玩家18,lcdpxt921218,14项快捷键1: 41	数据长度是16	数据类型为number
161145, 存储数据, 玩家18,lcdpxt921218,15项快捷键2: 43	数据长度是16	数据类型为number
161145, 存储数据, 玩家18,lcdpxt921218,16项快捷键3: 61	数据长度是16	数据类型为number
161145, 存储数据, 玩家18,lcdpxt921218,17项快捷键4: 42	数据长度是16	数据类型为number
161145, 存储数据, 玩家18,lcdpxt921218,18项快捷键5: 56	数据长度是16	数据类型为number
161145, 存储数据, 玩家18,lcdpxt921218,19项快捷键6: 53	数据长度是16	数据类型为number
161145, 存储数据, 玩家18,lcdpxt921218,20项快捷键7: 29	数据长度是16	数据类型为number
161145, 存储数据, 玩家18,lcdpxt921218,21项快捷键8: 30	数据长度是16	数据类型为number
161145, 存储数据, 玩家18,lcdpxt921218,22项快捷键9: 31	数据长度是16	数据类型为number
161145, 存储数据, 玩家18,lcdpxt921218,23项快捷键10: 544	数据长度是16	数据类型为number
161145, 存储数据, 玩家18,lcdpxt921218,24项快捷键11: 545	数据长度是16	数据类型为number
161145, 存储数据, 玩家18,lcdpxt921218,25项快捷键12: 546	数据长度是16	数据类型为number
161145, 存储数据, 玩家18,lcdpxt921218,26项快捷键13: 547	数据长度是16	数据类型为number
161145, 存储数据, 玩家18,lcdpxt921218,27项快捷键14: 548	数据长度是16	数据类型为number
161145, 存储数据, 玩家18,lcdpxt921218,28项快捷键15: 549	数据长度是16	数据类型为number
161145, 存储数据, 玩家18,lcdpxt921218,29项快捷键16: 55	数据长度是16	数据类型为number
161145, 存储数据, 玩家18,lcdpxt921218,30项快捷键17: 555	数据长度是16	数据类型为number
161145, 存储数据, 玩家18,lcdpxt921218,31项快捷键18: 568	数据长度是16	数据类型为number
161145, 存储数据, 玩家18,lcdpxt921218,32项是否显示刀光: 1	数据长度是1	数据类型为number
161145, 存储数据, 玩家18,lcdpxt921218,33项显示刀光编号: 12	数据长度是8	数据类型为number
161145, 存储数据, 玩家18,lcdpxt921218,34项不显示翅膀: 0	数据长度是1	数据类型为number
161145, 存储数据, 玩家18,lcdpxt921218,35项显示翅膀编号: 5	数据长度是8	数据类型为number
161145, 存储数据, 玩家18,lcdpxt921218,36项孔明灯: 0	数据长度是8	数据类型为number
161145, 存储数据, 玩家18,lcdpxt921218,37项免控表现: 0	数据长度是8	数据类型为number
161145, 存储数据, 玩家18,lcdpxt921218,38项窗口锁定: 0	数据长度是8	数据类型为number
161145, 存储数据, 玩家18,lcdpxt921218,39项打孔明灯: 0	数据长度是8	数据类型为number
161145, 存储数据, 玩家18,lcdpxt921218,40项小地图头像: 0	数据长度是8	数据类型为number
161145, 存储数据, 玩家18,lcdpxt921218,41项画笔库6: 0	数据长度是8	数据类型为number
161145, 存储数据, 玩家18,lcdpxt921218,42项画笔库7: 0	数据长度是8	数据类型为number
161145, 存储数据, 玩家18,lcdpxt921218,43项画笔库8: 0	数据长度是8	数据类型为number
161145, 存储数据, 玩家18,lcdpxt921218,44项会员功能1: 1	数据长度是1	数据类型为number
161145, 存储数据, 玩家18,lcdpxt921218,45项会员功能2: 1	数据长度是1	数据类型为number
161145, 存储数据, 玩家18,lcdpxt921218,46项会员功能3: 1	数据长度是1	数据类型为number
161145, 存储数据, 玩家18,lcdpxt921218,47项会员功能4: 1	数据长度是1	数据类型为number
161145, 存储数据, 玩家18,lcdpxt921218,48项会员功能5: 1	数据长度是1	数据类型为number
161145, 存储数据, 玩家18,lcdpxt921218,49项会员功能6: 1	数据长度是1	数据类型为number
161145, 存储数据, 玩家18,lcdpxt921218,50项会员功能7: 1	数据长度是1	数据类型为number
161145, 存储数据, 玩家18,lcdpxt921218,51项会员功能8: 1	数据长度是1	数据类型为number
161145, 存储数据, 玩家18,lcdpxt921218,52项新商店左侧扩展面板: 1	数据长度是1	数据类型为number
161145, 存储数据, 玩家18,lcdpxt921218,53项新商店上部扩展面板: 1	数据长度是1	数据类型为number
161145, 存储数据, 玩家18,lcdpxt921218,54项新商店购买方式: 0	数据长度是1	数据类型为number
161145, 存储数据, 玩家18,lcdpxt921218,55项新商店商店模式: 1	数据长度是1	数据类型为number
161145, 存储数据, 玩家18,lcdpxt921218,56项预扣血模式: 0	数据长度是1	数据类型为number
161145, 存储数据, 玩家18,lcdpxt921218,57项回城特效: 9	数据长度是8	数据类型为number
161145, 存储数据, 玩家19,qazwsx736,1项画质: 1	数据长度是1	数据类型为number
161145, 存储数据, 玩家19,qazwsx736,2项滚屏速度: 22	数据长度是8	数据类型为number
161145, 存储数据, 玩家19,qazwsx736,3项更新内容面板开关: 0	数据长度是1	数据类型为number
161145, 存储数据, 玩家19,qazwsx736,4项游戏版本号: 1696	数据长度是16	数据类型为number
161145, 存储数据, 玩家19,qazwsx736,5项语音: 1	数据长度是1	数据类型为number
161145, 存储数据, 玩家19,qazwsx736,6项音响: 1	数据长度是1	数据类型为number
161145, 存储数据, 玩家19,qazwsx736,7项麦克风: 0	数据长度是1	数据类型为number
161145, 存储数据, 玩家19,qazwsx736,8项音响大小: 0	数据长度是8	数据类型为number
161145, 存储数据, 玩家19,qazwsx736,9项麦克风大小: 0	数据长度是8	数据类型为number
161145, 存储数据, 玩家19,qazwsx736,10项未知: 1	数据长度是1	数据类型为number
161145, 存储数据, 玩家19,qazwsx736,11项光照: 99	数据长度是8	数据类型为number
161145, 存储数据, 玩家19,qazwsx736,12项新F11面板模式: 1	数据长度是1	数据类型为number
161145, 存储数据, 玩家19,qazwsx736,13项血条区分敌我: 1	数据长度是1	数据类型为number
161145, 存储数据, 玩家19,qazwsx736,14项快捷键1: 41	数据长度是16	数据类型为number
161145, 存储数据, 玩家19,qazwsx736,15项快捷键2: 43	数据长度是16	数据类型为number
161145, 存储数据, 玩家19,qazwsx736,16项快捷键3: 61	数据长度是16	数据类型为number
161145, 存储数据, 玩家19,qazwsx736,17项快捷键4: 42	数据长度是16	数据类型为number
161145, 存储数据, 玩家19,qazwsx736,18项快捷键5: 56	数据长度是16	数据类型为number
161145, 存储数据, 玩家19,qazwsx736,19项快捷键6: 53	数据长度是16	数据类型为number
161145, 存储数据, 玩家19,qazwsx736,20项快捷键7: 541	数据长度是16	数据类型为number
161145, 存储数据, 玩家19,qazwsx736,21项快捷键8: 542	数据长度是16	数据类型为number
161145, 存储数据, 玩家19,qazwsx736,22项快捷键9: 543	数据长度是16	数据类型为number
161145, 存储数据, 玩家19,qazwsx736,23项快捷键10: 544	数据长度是16	数据类型为number
161145, 存储数据, 玩家19,qazwsx736,24项快捷键11: 545	数据长度是16	数据类型为number
161145, 存储数据, 玩家19,qazwsx736,25项快捷键12: 546	数据长度是16	数据类型为number
161145, 存储数据, 玩家19,qazwsx736,26项快捷键13: 547	数据长度是16	数据类型为number
161145, 存储数据, 玩家19,qazwsx736,27项快捷键14: 548	数据长度是16	数据类型为number
161145, 存储数据, 玩家19,qazwsx736,28项快捷键15: 549	数据长度是16	数据类型为number
161145, 存储数据, 玩家19,qazwsx736,29项快捷键16: 573	数据长度是16	数据类型为number
161145, 存储数据, 玩家19,qazwsx736,30项快捷键17: 555	数据长度是16	数据类型为number
161145, 存储数据, 玩家19,qazwsx736,31项快捷键18: 568	数据长度是16	数据类型为number
161145, 存储数据, 玩家19,qazwsx736,32项是否显示刀光: 0	数据长度是1	数据类型为number
161145, 存储数据, 玩家19,qazwsx736,33项显示刀光编号: 14	数据长度是8	数据类型为number
161145, 存储数据, 玩家19,qazwsx736,34项不显示翅膀: 0	数据长度是1	数据类型为number
161145, 存储数据, 玩家19,qazwsx736,35项显示翅膀编号: 3	数据长度是8	数据类型为number
161145, 存储数据, 玩家19,qazwsx736,36项孔明灯: 9	数据长度是8	数据类型为number
161145, 存储数据, 玩家19,qazwsx736,37项免控表现: 0	数据长度是8	数据类型为number
161145, 存储数据, 玩家19,qazwsx736,38项窗口锁定: 0	数据长度是8	数据类型为number
161145, 存储数据, 玩家19,qazwsx736,39项打孔明灯: 0	数据长度是8	数据类型为number
161145, 存储数据, 玩家19,qazwsx736,40项小地图头像: 0	数据长度是8	数据类型为number
161145, 存储数据, 玩家19,qazwsx736,41项画笔库6: 0	数据长度是8	数据类型为number
161145, 存储数据, 玩家19,qazwsx736,42项画笔库7: 0	数据长度是8	数据类型为number
161145, 存储数据, 玩家19,qazwsx736,43项画笔库8: 0	数据长度是8	数据类型为number
161145, 存储数据, 玩家19,qazwsx736,44项会员功能1: 1	数据长度是1	数据类型为number
161145, 存储数据, 玩家19,qazwsx736,45项会员功能2: 1	数据长度是1	数据类型为number
161145, 存储数据, 玩家19,qazwsx736,46项会员功能3: 1	数据长度是1	数据类型为number
161145, 存储数据, 玩家19,qazwsx736,47项会员功能4: 1	数据长度是1	数据类型为number
161145, 存储数据, 玩家19,qazwsx736,48项会员功能5: 1	数据长度是1	数据类型为number
161145, 存储数据, 玩家19,qazwsx736,49项会员功能6: 1	数据长度是1	数据类型为number
161145, 存储数据, 玩家19,qazwsx736,50项会员功能7: 1	数据长度是1	数据类型为number
161145, 存储数据, 玩家19,qazwsx736,51项会员功能8: 1	数据长度是1	数据类型为number
161145, 存储数据, 玩家19,qazwsx736,52项新商店左侧扩展面板: 1	数据长度是1	数据类型为number
161145, 存储数据, 玩家19,qazwsx736,53项新商店上部扩展面板: 1	数据长度是1	数据类型为number
161145, 存储数据, 玩家19,qazwsx736,54项新商店购买方式: 0	数据长度是1	数据类型为number
161145, 存储数据, 玩家19,qazwsx736,55项新商店商店模式: 1	数据长度是1	数据类型为number
161145, 存储数据, 玩家19,qazwsx736,56项预扣血模式: 0	数据长度是1	数据类型为number
161145, 存储数据, 玩家19,qazwsx736,57项回城特效: 14	数据长度是8	数据类型为number
161145, 存储数据, 玩家20,涛妹251,1项画质: 1	数据长度是1	数据类型为number
161145, 存储数据, 玩家20,涛妹251,2项滚屏速度: 12	数据长度是8	数据类型为number
161145, 存储数据, 玩家20,涛妹251,3项更新内容面板开关: 0	数据长度是1	数据类型为number
161145, 存储数据, 玩家20,涛妹251,4项游戏版本号: 1696	数据长度是16	数据类型为number
161145, 存储数据, 玩家20,涛妹251,5项语音: 0	数据长度是1	数据类型为number
161145, 存储数据, 玩家20,涛妹251,6项音响: 0	数据长度是1	数据类型为number
161145, 存储数据, 玩家20,涛妹251,7项麦克风: 0	数据长度是1	数据类型为number
161145, 存储数据, 玩家20,涛妹251,8项音响大小: 0	数据长度是8	数据类型为number
161145, 存储数据, 玩家20,涛妹251,9项麦克风大小: 0	数据长度是8	数据类型为number
161145, 存储数据, 玩家20,涛妹251,10项未知: 1	数据长度是1	数据类型为number
161145, 存储数据, 玩家20,涛妹251,11项光照: 95	数据长度是8	数据类型为number
161145, 存储数据, 玩家20,涛妹251,12项新F11面板模式: 0	数据长度是1	数据类型为number
161145, 存储数据, 玩家20,涛妹251,13项血条区分敌我: 1	数据长度是1	数据类型为number
161145, 存储数据, 玩家20,涛妹251,14项快捷键1: 41	数据长度是16	数据类型为number
161145, 存储数据, 玩家20,涛妹251,15项快捷键2: 43	数据长度是16	数据类型为number
161145, 存储数据, 玩家20,涛妹251,16项快捷键3: 61	数据长度是16	数据类型为number
161145, 存储数据, 玩家20,涛妹251,17项快捷键4: 42	数据长度是16	数据类型为number
161145, 存储数据, 玩家20,涛妹251,18项快捷键5: 56	数据长度是16	数据类型为number
161145, 存储数据, 玩家20,涛妹251,19项快捷键6: 53	数据长度是16	数据类型为number
161145, 存储数据, 玩家20,涛妹251,20项快捷键7: 541	数据长度是16	数据类型为number
161145, 存储数据, 玩家20,涛妹251,21项快捷键8: 542	数据长度是16	数据类型为number
161145, 存储数据, 玩家20,涛妹251,22项快捷键9: 543	数据长度是16	数据类型为number
161145, 存储数据, 玩家20,涛妹251,23项快捷键10: 544	数据长度是16	数据类型为number
161145, 存储数据, 玩家20,涛妹251,24项快捷键11: 545	数据长度是16	数据类型为number
161145, 存储数据, 玩家20,涛妹251,25项快捷键12: 44	数据长度是16	数据类型为number
161145, 存储数据, 玩家20,涛妹251,26项快捷键13: 55	数据长度是16	数据类型为number
161145, 存储数据, 玩家20,涛妹251,27项快捷键14: 62	数据长度是16	数据类型为number
161145, 存储数据, 玩家20,涛妹251,28项快捷键15: 64	数据长度是16	数据类型为number
161145, 存储数据, 玩家20,涛妹251,29项快捷键16: 573	数据长度是16	数据类型为number
161145, 存储数据, 玩家20,涛妹251,30项快捷键17: 555	数据长度是16	数据类型为number
161145, 存储数据, 玩家20,涛妹251,31项快捷键18: 568	数据长度是16	数据类型为number
161145, 存储数据, 玩家20,涛妹251,32项是否显示刀光: 1	数据长度是1	数据类型为number
161145, 存储数据, 玩家20,涛妹251,33项显示刀光编号: 26	数据长度是8	数据类型为number
161145, 存储数据, 玩家20,涛妹251,34项不显示翅膀: 1	数据长度是1	数据类型为number
161145, 存储数据, 玩家20,涛妹251,35项显示翅膀编号: 0	数据长度是8	数据类型为number
161145, 存储数据, 玩家20,涛妹251,36项孔明灯: 0	数据长度是8	数据类型为number
161145, 存储数据, 玩家20,涛妹251,37项免控表现: 0	数据长度是8	数据类型为number
161145, 存储数据, 玩家20,涛妹251,38项窗口锁定: 0	数据长度是8	数据类型为number
161145, 存储数据, 玩家20,涛妹251,39项打孔明灯: 0	数据长度是8	数据类型为number
161145, 存储数据, 玩家20,涛妹251,40项小地图头像: 0	数据长度是8	数据类型为number
161145, 存储数据, 玩家20,涛妹251,41项画笔库6: 0	数据长度是8	数据类型为number
161145, 存储数据, 玩家20,涛妹251,42项画笔库7: 0	数据长度是8	数据类型为number
161145, 存储数据, 玩家20,涛妹251,43项画笔库8: 0	数据长度是8	数据类型为number
161145, 存储数据, 玩家20,涛妹251,44项会员功能1: 1	数据长度是1	数据类型为number
161145, 存储数据, 玩家20,涛妹251,45项会员功能2: 1	数据长度是1	数据类型为number
161145, 存储数据, 玩家20,涛妹251,46项会员功能3: 0	数据长度是1	数据类型为number
161145, 存储数据, 玩家20,涛妹251,47项会员功能4: 1	数据长度是1	数据类型为number
161145, 存储数据, 玩家20,涛妹251,48项会员功能5: 1	数据长度是1	数据类型为number
161145, 存储数据, 玩家20,涛妹251,49项会员功能6: 1	数据长度是1	数据类型为number
161145, 存储数据, 玩家20,涛妹251,50项会员功能7: 1	数据长度是1	数据类型为number
161145, 存储数据, 玩家20,涛妹251,51项会员功能8: 1	数据长度是1	数据类型为number
161145, 存储数据, 玩家20,涛妹251,52项新商店左侧扩展面板: 1	数据长度是1	数据类型为number
161145, 存储数据, 玩家20,涛妹251,53项新商店上部扩展面板: 1	数据长度是1	数据类型为number
161145, 存储数据, 玩家20,涛妹251,54项新商店购买方式: 0	数据长度是1	数据类型为number
161145, 存储数据, 玩家20,涛妹251,55项新商店商店模式: 1	数据长度是1	数据类型为number
161145, 存储数据, 玩家20,涛妹251,56项预扣血模式: 1	数据长度是1	数据类型为number
161145, 存储数据, 玩家20,涛妹251,57项回城特效: 0	数据长度是8	数据类型为number
161145, 存储数据, 玩家21,蜀国,1项画质: 1	数据长度是1	数据类型为number
161145, 存储数据, 玩家21,蜀国,2项滚屏速度: 20	数据长度是8	数据类型为number
161145, 存储数据, 玩家21,蜀国,3项更新内容面板开关: 0	数据长度是1	数据类型为number
161145, 存储数据, 玩家21,蜀国,4项游戏版本号: 0	数据长度是16	数据类型为number
161145, 存储数据, 玩家21,蜀国,5项语音: 0	数据长度是1	数据类型为number
161145, 存储数据, 玩家21,蜀国,6项音响: 0	数据长度是1	数据类型为number
161145, 存储数据, 玩家21,蜀国,7项麦克风: 0	数据长度是1	数据类型为number
161145, 存储数据, 玩家21,蜀国,8项音响大小: 0	数据长度是8	数据类型为number
161145, 存储数据, 玩家21,蜀国,9项麦克风大小: 0	数据长度是8	数据类型为number
161145, 存储数据, 玩家21,蜀国,10项未知: 0	数据长度是1	数据类型为number
161145, 存储数据, 玩家21,蜀国,11项光照: 99	数据长度是8	数据类型为number
161145, 存储数据, 玩家21,蜀国,12项新F11面板模式: 1	数据长度是1	数据类型为number
161145, 存储数据, 玩家21,蜀国,13项血条区分敌我: 1	数据长度是1	数据类型为number
161145, 存储数据, 玩家21,蜀国,14项快捷键1: 41	数据长度是16	数据类型为number
161145, 存储数据, 玩家21,蜀国,15项快捷键2: 43	数据长度是16	数据类型为number
161145, 存储数据, 玩家21,蜀国,16项快捷键3: 61	数据长度是16	数据类型为number
161145, 存储数据, 玩家21,蜀国,17项快捷键4: 42	数据长度是16	数据类型为number
161145, 存储数据, 玩家21,蜀国,18项快捷键5: 56	数据长度是16	数据类型为number
161145, 存储数据, 玩家21,蜀国,19项快捷键6: 53	数据长度是16	数据类型为number
161145, 存储数据, 玩家21,蜀国,20项快捷键7: 541	数据长度是16	数据类型为number
161145, 存储数据, 玩家21,蜀国,21项快捷键8: 542	数据长度是16	数据类型为number
161145, 存储数据, 玩家21,蜀国,22项快捷键9: 543	数据长度是16	数据类型为number
161145, 存储数据, 玩家21,蜀国,23项快捷键10: 544	数据长度是16	数据类型为number
161145, 存储数据, 玩家21,蜀国,24项快捷键11: 545	数据长度是16	数据类型为number
161145, 存储数据, 玩家21,蜀国,25项快捷键12: 546	数据长度是16	数据类型为number
161145, 存储数据, 玩家21,蜀国,26项快捷键13: 547	数据长度是16	数据类型为number
161145, 存储数据, 玩家21,蜀国,27项快捷键14: 548	数据长度是16	数据类型为number
161145, 存储数据, 玩家21,蜀国,28项快捷键15: 549	数据长度是16	数据类型为number
161145, 存储数据, 玩家21,蜀国,29项快捷键16: 573	数据长度是16	数据类型为number
161145, 存储数据, 玩家21,蜀国,30项快捷键17: 555	数据长度是16	数据类型为number
161145, 存储数据, 玩家21,蜀国,31项快捷键18: 568	数据长度是16	数据类型为number
161145, 存储数据, 玩家21,蜀国,32项是否显示刀光: 1	数据长度是1	数据类型为number
161145, 存储数据, 玩家21,蜀国,33项显示刀光编号: 1	数据长度是8	数据类型为number
161145, 存储数据, 玩家21,蜀国,34项不显示翅膀: 0	数据长度是1	数据类型为number
161145, 存储数据, 玩家21,蜀国,35项显示翅膀编号: 0	数据长度是8	数据类型为number
161145, 存储数据, 玩家21,蜀国,36项孔明灯: 0	数据长度是8	数据类型为number
161145, 存储数据, 玩家21,蜀国,37项免控表现: 1	数据长度是8	数据类型为number
161145, 存储数据, 玩家21,蜀国,38项窗口锁定: 0	数据长度是8	数据类型为number
161145, 存储数据, 玩家21,蜀国,39项打孔明灯: 0	数据长度是8	数据类型为number
161145, 存储数据, 玩家21,蜀国,40项小地图头像: 1	数据长度是8	数据类型为number
161145, 存储数据, 玩家21,蜀国,41项画笔库6: 0	数据长度是8	数据类型为number
161145, 存储数据, 玩家21,蜀国,42项画笔库7: 0	数据长度是8	数据类型为number
161145, 存储数据, 玩家21,蜀国,43项画笔库8: 0	数据长度是8	数据类型为number
161145, 存储数据, 玩家21,蜀国,44项会员功能1: 1	数据长度是1	数据类型为number
161145, 存储数据, 玩家21,蜀国,45项会员功能2: 1	数据长度是1	数据类型为number
161145, 存储数据, 玩家21,蜀国,46项会员功能3: 1	数据长度是1	数据类型为number
161145, 存储数据, 玩家21,蜀国,47项会员功能4: 1	数据长度是1	数据类型为number
161145, 存储数据, 玩家21,蜀国,48项会员功能5: 1	数据长度是1	数据类型为number
161145, 存储数据, 玩家21,蜀国,49项会员功能6: 1	数据长度是1	数据类型为number
161145, 存储数据, 玩家21,蜀国,50项会员功能7: 1	数据长度是1	数据类型为number
161145, 存储数据, 玩家21,蜀国,51项会员功能8: 1	数据长度是1	数据类型为number
161145, 存储数据, 玩家21,蜀国,52项新商店左侧扩展面板: 1	数据长度是1	数据类型为number
161145, 存储数据, 玩家21,蜀国,53项新商店上部扩展面板: 1	数据长度是1	数据类型为number
161145, 存储数据, 玩家21,蜀国,54项新商店购买方式: 0	数据长度是1	数据类型为number
161145, 存储数据, 玩家21,蜀国,55项新商店商店模式: 0	数据长度是1	数据类型为number
161145, 存储数据, 玩家21,蜀国,56项预扣血模式: 0	数据长度是1	数据类型为number
161145, 存储数据, 玩家21,蜀国,57项回城特效: 0	数据长度是8	数据类型为number
161145, 存储数据, 玩家22,魏国,1项画质: 1	数据长度是1	数据类型为number
161145, 存储数据, 玩家22,魏国,2项滚屏速度: 20	数据长度是8	数据类型为number
161145, 存储数据, 玩家22,魏国,3项更新内容面板开关: 0	数据长度是1	数据类型为number
161145, 存储数据, 玩家22,魏国,4项游戏版本号: 0	数据长度是16	数据类型为number
161145, 存储数据, 玩家22,魏国,5项语音: 0	数据长度是1	数据类型为number
161145, 存储数据, 玩家22,魏国,6项音响: 0	数据长度是1	数据类型为number
161145, 存储数据, 玩家22,魏国,7项麦克风: 0	数据长度是1	数据类型为number
161145, 存储数据, 玩家22,魏国,8项音响大小: 0	数据长度是8	数据类型为number
161145, 存储数据, 玩家22,魏国,9项麦克风大小: 0	数据长度是8	数据类型为number
161145, 存储数据, 玩家22,魏国,10项未知: 0	数据长度是1	数据类型为number
161145, 存储数据, 玩家22,魏国,11项光照: 99	数据长度是8	数据类型为number
161145, 存储数据, 玩家22,魏国,12项新F11面板模式: 1	数据长度是1	数据类型为number
161145, 存储数据, 玩家22,魏国,13项血条区分敌我: 1	数据长度是1	数据类型为number
161145, 存储数据, 玩家22,魏国,14项快捷键1: 41	数据长度是16	数据类型为number
161145, 存储数据, 玩家22,魏国,15项快捷键2: 43	数据长度是16	数据类型为number
161145, 存储数据, 玩家22,魏国,16项快捷键3: 61	数据长度是16	数据类型为number
161145, 存储数据, 玩家22,魏国,17项快捷键4: 42	数据长度是16	数据类型为number
161145, 存储数据, 玩家22,魏国,18项快捷键5: 56	数据长度是16	数据类型为number
161145, 存储数据, 玩家22,魏国,19项快捷键6: 53	数据长度是16	数据类型为number
161145, 存储数据, 玩家22,魏国,20项快捷键7: 541	数据长度是16	数据类型为number
161145, 存储数据, 玩家22,魏国,21项快捷键8: 542	数据长度是16	数据类型为number
161145, 存储数据, 玩家22,魏国,22项快捷键9: 543	数据长度是16	数据类型为number
161145, 存储数据, 玩家22,魏国,23项快捷键10: 544	数据长度是16	数据类型为number
161145, 存储数据, 玩家22,魏国,24项快捷键11: 545	数据长度是16	数据类型为number
161145, 存储数据, 玩家22,魏国,25项快捷键12: 546	数据长度是16	数据类型为number
161145, 存储数据, 玩家22,魏国,26项快捷键13: 547	数据长度是16	数据类型为number
161145, 存储数据, 玩家22,魏国,27项快捷键14: 548	数据长度是16	数据类型为number
161145, 存储数据, 玩家22,魏国,28项快捷键15: 549	数据长度是16	数据类型为number
161145, 存储数据, 玩家22,魏国,29项快捷键16: 573	数据长度是16	数据类型为number
161145, 存储数据, 玩家22,魏国,30项快捷键17: 555	数据长度是16	数据类型为number
161145, 存储数据, 玩家22,魏国,31项快捷键18: 568	数据长度是16	数据类型为number
161145, 存储数据, 玩家22,魏国,32项是否显示刀光: 1	数据长度是1	数据类型为number
161145, 存储数据, 玩家22,魏国,33项显示刀光编号: 1	数据长度是8	数据类型为number
161145, 存储数据, 玩家22,魏国,34项不显示翅膀: 0	数据长度是1	数据类型为number
161145, 存储数据, 玩家22,魏国,35项显示翅膀编号: 0	数据长度是8	数据类型为number
161145, 存储数据, 玩家22,魏国,36项孔明灯: 0	数据长度是8	数据类型为number
161145, 存储数据, 玩家22,魏国,37项免控表现: 1	数据长度是8	数据类型为number
161145, 存储数据, 玩家22,魏国,38项窗口锁定: 0	数据长度是8	数据类型为number
161145, 存储数据, 玩家22,魏国,39项打孔明灯: 0	数据长度是8	数据类型为number
161145, 存储数据, 玩家22,魏国,40项小地图头像: 1	数据长度是8	数据类型为number
161145, 存储数据, 玩家22,魏国,41项画笔库6: 0	数据长度是8	数据类型为number
161145, 存储数据, 玩家22,魏国,42项画笔库7: 0	数据长度是8	数据类型为number
161145, 存储数据, 玩家22,魏国,43项画笔库8: 0	数据长度是8	数据类型为number
161145, 存储数据, 玩家22,魏国,44项会员功能1: 1	数据长度是1	数据类型为number
161145, 存储数据, 玩家22,魏国,45项会员功能2: 1	数据长度是1	数据类型为number
161145, 存储数据, 玩家22,魏国,46项会员功能3: 1	数据长度是1	数据类型为number
161145, 存储数据, 玩家22,魏国,47项会员功能4: 1	数据长度是1	数据类型为number
161145, 存储数据, 玩家22,魏国,48项会员功能5: 1	数据长度是1	数据类型为number
161145, 存储数据, 玩家22,魏国,49项会员功能6: 1	数据长度是1	数据类型为number
161145, 存储数据, 玩家22,魏国,50项会员功能7: 1	数据长度是1	数据类型为number
161145, 存储数据, 玩家22,魏国,51项会员功能8: 1	数据长度是1	数据类型为number
161145, 存储数据, 玩家22,魏国,52项新商店左侧扩展面板: 1	数据长度是1	数据类型为number
161145, 存储数据, 玩家22,魏国,53项新商店上部扩展面板: 1	数据长度是1	数据类型为number
161145, 存储数据, 玩家22,魏国,54项新商店购买方式: 0	数据长度是1	数据类型为number
161145, 存储数据, 玩家22,魏国,55项新商店商店模式: 0	数据长度是1	数据类型为number
161145, 存储数据, 玩家22,魏国,56项预扣血模式: 0	数据长度是1	数据类型为number
161145, 存储数据, 玩家22,魏国,57项回城特效: 0	数据长度是8	数据类型为number
161145, 存储数据, 玩家23,中立敌对,1项画质: 1	数据长度是1	数据类型为number
161145, 存储数据, 玩家23,中立敌对,2项滚屏速度: 20	数据长度是8	数据类型为number
161145, 存储数据, 玩家23,中立敌对,3项更新内容面板开关: 0	数据长度是1	数据类型为number
161145, 存储数据, 玩家23,中立敌对,4项游戏版本号: 0	数据长度是16	数据类型为number
161145, 存储数据, 玩家23,中立敌对,5项语音: 0	数据长度是1	数据类型为number
161145, 存储数据, 玩家23,中立敌对,6项音响: 0	数据长度是1	数据类型为number
161145, 存储数据, 玩家23,中立敌对,7项麦克风: 0	数据长度是1	数据类型为number
161145, 存储数据, 玩家23,中立敌对,8项音响大小: 0	数据长度是8	数据类型为number
161145, 存储数据, 玩家23,中立敌对,9项麦克风大小: 0	数据长度是8	数据类型为number
161145, 存储数据, 玩家23,中立敌对,10项未知: 0	数据长度是1	数据类型为number
161145, 存储数据, 玩家23,中立敌对,11项光照: 99	数据长度是8	数据类型为number
161145, 存储数据, 玩家23,中立敌对,12项新F11面板模式: 1	数据长度是1	数据类型为number
161145, 存储数据, 玩家23,中立敌对,13项血条区分敌我: 1	数据长度是1	数据类型为number
161145, 存储数据, 玩家23,中立敌对,14项快捷键1: 41	数据长度是16	数据类型为number
161145, 存储数据, 玩家23,中立敌对,15项快捷键2: 43	数据长度是16	数据类型为number
161145, 存储数据, 玩家23,中立敌对,16项快捷键3: 61	数据长度是16	数据类型为number
161145, 存储数据, 玩家23,中立敌对,17项快捷键4: 42	数据长度是16	数据类型为number
161145, 存储数据, 玩家23,中立敌对,18项快捷键5: 56	数据长度是16	数据类型为number
161145, 存储数据, 玩家23,中立敌对,19项快捷键6: 53	数据长度是16	数据类型为number
161145, 存储数据, 玩家23,中立敌对,20项快捷键7: 541	数据长度是16	数据类型为number
161145, 存储数据, 玩家23,中立敌对,21项快捷键8: 542	数据长度是16	数据类型为number
161145, 存储数据, 玩家23,中立敌对,22项快捷键9: 543	数据长度是16	数据类型为number
161145, 存储数据, 玩家23,中立敌对,23项快捷键10: 544	数据长度是16	数据类型为number
161145, 存储数据, 玩家23,中立敌对,24项快捷键11: 545	数据长度是16	数据类型为number
161145, 存储数据, 玩家23,中立敌对,25项快捷键12: 546	数据长度是16	数据类型为number
161145, 存储数据, 玩家23,中立敌对,26项快捷键13: 547	数据长度是16	数据类型为number
161145, 存储数据, 玩家23,中立敌对,27项快捷键14: 548	数据长度是16	数据类型为number
161145, 存储数据, 玩家23,中立敌对,28项快捷键15: 549	数据长度是16	数据类型为number
161145, 存储数据, 玩家23,中立敌对,29项快捷键16: 573	数据长度是16	数据类型为number
161145, 存储数据, 玩家23,中立敌对,30项快捷键17: 555	数据长度是16	数据类型为number
161145, 存储数据, 玩家23,中立敌对,31项快捷键18: 568	数据长度是16	数据类型为number
161145, 存储数据, 玩家23,中立敌对,32项是否显示刀光: 1	数据长度是1	数据类型为number
161145, 存储数据, 玩家23,中立敌对,33项显示刀光编号: 1	数据长度是8	数据类型为number
161145, 存储数据, 玩家23,中立敌对,34项不显示翅膀: 0	数据长度是1	数据类型为number
161145, 存储数据, 玩家23,中立敌对,35项显示翅膀编号: 0	数据长度是8	数据类型为number
161145, 存储数据, 玩家23,中立敌对,36项孔明灯: 0	数据长度是8	数据类型为number
161145, 存储数据, 玩家23,中立敌对,37项免控表现: 1	数据长度是8	数据类型为number
161145, 存储数据, 玩家23,中立敌对,38项窗口锁定: 0	数据长度是8	数据类型为number
161145, 存储数据, 玩家23,中立敌对,39项打孔明灯: 0	数据长度是8	数据类型为number
161145, 存储数据, 玩家23,中立敌对,40项小地图头像: 1	数据长度是8	数据类型为number
161145, 存储数据, 玩家23,中立敌对,41项画笔库6: 0	数据长度是8	数据类型为number
161145, 存储数据, 玩家23,中立敌对,42项画笔库7: 0	数据长度是8	数据类型为number
161145, 存储数据, 玩家23,中立敌对,43项画笔库8: 0	数据长度是8	数据类型为number
161145, 存储数据, 玩家23,中立敌对,44项会员功能1: 1	数据长度是1	数据类型为number
161145, 存储数据, 玩家23,中立敌对,45项会员功能2: 1	数据长度是1	数据类型为number
161145, 存储数据, 玩家23,中立敌对,46项会员功能3: 1	数据长度是1	数据类型为number
161145, 存储数据, 玩家23,中立敌对,47项会员功能4: 1	数据长度是1	数据类型为number
161145, 存储数据, 玩家23,中立敌对,48项会员功能5: 1	数据长度是1	数据类型为number
161145, 存储数据, 玩家23,中立敌对,49项会员功能6: 1	数据长度是1	数据类型为number
161145, 存储数据, 玩家23,中立敌对,50项会员功能7: 1	数据长度是1	数据类型为number
161145, 存储数据, 玩家23,中立敌对,51项会员功能8: 1	数据长度是1	数据类型为number
161145, 存储数据, 玩家23,中立敌对,52项新商店左侧扩展面板: 1	数据长度是1	数据类型为number
161145, 存储数据, 玩家23,中立敌对,53项新商店上部扩展面板: 1	数据长度是1	数据类型为number
161145, 存储数据, 玩家23,中立敌对,54项新商店购买方式: 0	数据长度是1	数据类型为number
161145, 存储数据, 玩家23,中立敌对,55项新商店商店模式: 0	数据长度是1	数据类型为number
161145, 存储数据, 玩家23,中立敌对,56项预扣血模式: 0	数据长度是1	数据类型为number
161145, 存储数据, 玩家23,中立敌对,57项回城特效: 0	数据长度是8	数据类型为number
161145, 存储数据, 玩家24,中立无敌意,1项画质: 1	数据长度是1	数据类型为number
161145, 存储数据, 玩家24,中立无敌意,2项滚屏速度: 20	数据长度是8	数据类型为number
161145, 存储数据, 玩家24,中立无敌意,3项更新内容面板开关: 0	数据长度是1	数据类型为number
161145, 存储数据, 玩家24,中立无敌意,4项游戏版本号: 0	数据长度是16	数据类型为number
161145, 存储数据, 玩家24,中立无敌意,5项语音: 0	数据长度是1	数据类型为number
161145, 存储数据, 玩家24,中立无敌意,6项音响: 0	数据长度是1	数据类型为number
161145, 存储数据, 玩家24,中立无敌意,7项麦克风: 0	数据长度是1	数据类型为number
161145, 存储数据, 玩家24,中立无敌意,8项音响大小: 0	数据长度是8	数据类型为number
161145, 存储数据, 玩家24,中立无敌意,9项麦克风大小: 0	数据长度是8	数据类型为number
161145, 存储数据, 玩家24,中立无敌意,10项未知: 0	数据长度是1	数据类型为number
161145, 存储数据, 玩家24,中立无敌意,11项光照: 99	数据长度是8	数据类型为number
161145, 存储数据, 玩家24,中立无敌意,12项新F11面板模式: 1	数据长度是1	数据类型为number
161145, 存储数据, 玩家24,中立无敌意,13项血条区分敌我: 1	数据长度是1	数据类型为number
161145, 存储数据, 玩家24,中立无敌意,14项快捷键1: 41	数据长度是16	数据类型为number
161145, 存储数据, 玩家24,中立无敌意,15项快捷键2: 43	数据长度是16	数据类型为number
161145, 存储数据, 玩家24,中立无敌意,16项快捷键3: 61	数据长度是16	数据类型为number
161145, 存储数据, 玩家24,中立无敌意,17项快捷键4: 42	数据长度是16	数据类型为number
161145, 存储数据, 玩家24,中立无敌意,18项快捷键5: 56	数据长度是16	数据类型为number
161145, 存储数据, 玩家24,中立无敌意,19项快捷键6: 53	数据长度是16	数据类型为number
161145, 存储数据, 玩家24,中立无敌意,20项快捷键7: 541	数据长度是16	数据类型为number
161145, 存储数据, 玩家24,中立无敌意,21项快捷键8: 542	数据长度是16	数据类型为number
161145, 存储数据, 玩家24,中立无敌意,22项快捷键9: 543	数据长度是16	数据类型为number
161145, 存储数据, 玩家24,中立无敌意,23项快捷键10: 544	数据长度是16	数据类型为number
161145, 存储数据, 玩家24,中立无敌意,24项快捷键11: 545	数据长度是16	数据类型为number
161145, 存储数据, 玩家24,中立无敌意,25项快捷键12: 546	数据长度是16	数据类型为number
161145, 存储数据, 玩家24,中立无敌意,26项快捷键13: 547	数据长度是16	数据类型为number
161145, 存储数据, 玩家24,中立无敌意,27项快捷键14: 548	数据长度是16	数据类型为number
161145, 存储数据, 玩家24,中立无敌意,28项快捷键15: 549	数据长度是16	数据类型为number
161145, 存储数据, 玩家24,中立无敌意,29项快捷键16: 573	数据长度是16	数据类型为number
161145, 存储数据, 玩家24,中立无敌意,30项快捷键17: 555	数据长度是16	数据类型为number
161145, 存储数据, 玩家24,中立无敌意,31项快捷键18: 568	数据长度是16	数据类型为number
161145, 存储数据, 玩家24,中立无敌意,32项是否显示刀光: 1	数据长度是1	数据类型为number
161145, 存储数据, 玩家24,中立无敌意,33项显示刀光编号: 1	数据长度是8	数据类型为number
161145, 存储数据, 玩家24,中立无敌意,34项不显示翅膀: 0	数据长度是1	数据类型为number
161145, 存储数据, 玩家24,中立无敌意,35项显示翅膀编号: 0	数据长度是8	数据类型为number
161145, 存储数据, 玩家24,中立无敌意,36项孔明灯: 0	数据长度是8	数据类型为number
161145, 存储数据, 玩家24,中立无敌意,37项免控表现: 1	数据长度是8	数据类型为number
161145, 存储数据, 玩家24,中立无敌意,38项窗口锁定: 0	数据长度是8	数据类型为number
161145, 存储数据, 玩家24,中立无敌意,39项打孔明灯: 0	数据长度是8	数据类型为number
161145, 存储数据, 玩家24,中立无敌意,40项小地图头像: 1	数据长度是8	数据类型为number
161145, 存储数据, 玩家24,中立无敌意,41项画笔库6: 0	数据长度是8	数据类型为number
161145, 存储数据, 玩家24,中立无敌意,42项画笔库7: 0	数据长度是8	数据类型为number
161145, 存储数据, 玩家24,中立无敌意,43项画笔库8: 0	数据长度是8	数据类型为number
161145, 存储数据, 玩家24,中立无敌意,44项会员功能1: 1	数据长度是1	数据类型为number
161145, 存储数据, 玩家24,中立无敌意,45项会员功能2: 1	数据长度是1	数据类型为number
161145, 存储数据, 玩家24,中立无敌意,46项会员功能3: 1	数据长度是1	数据类型为number
161145, 存储数据, 玩家24,中立无敌意,47项会员功能4: 1	数据长度是1	数据类型为number
161145, 存储数据, 玩家24,中立无敌意,48项会员功能5: 1	数据长度是1	数据类型为number
161145, 存储数据, 玩家24,中立无敌意,49项会员功能6: 1	数据长度是1	数据类型为number
161145, 存储数据, 玩家24,中立无敌意,50项会员功能7: 1	数据长度是1	数据类型为number
161145, 存储数据, 玩家24,中立无敌意,51项会员功能8: 1	数据长度是1	数据类型为number
161145, 存储数据, 玩家24,中立无敌意,52项新商店左侧扩展面板: 1	数据长度是1	数据类型为number
161145, 存储数据, 玩家24,中立无敌意,53项新商店上部扩展面板: 1	数据长度是1	数据类型为number
161145, 存储数据, 玩家24,中立无敌意,54项新商店购买方式: 0	数据长度是1	数据类型为number
161145, 存储数据, 玩家24,中立无敌意,55项新商店商店模式: 0	数据长度是1	数据类型为number
161145, 存储数据, 玩家24,中立无敌意,56项预扣血模式: 0	数据长度是1	数据类型为number
161145, 存储数据, 玩家24,中立无敌意,57项回城特效: 0	数据长度是8	数据类型为number
