0, 长度:952
0, 122940637 武勋buff:0
0, 100095669 武勋buff:0
0, 99167851 武勋buff:0
0, 102528214 武勋buff:0
0, 124671337 武勋buff:0
0, 75670850 武勋buff:0
0, 73974988 武勋buff:0
0, 122617873 武勋buff:0
0, 17375975 武勋buff:0
0, 103089366 武勋buff:0
0, 99488797 武勋buff:0
0, 90860370 武勋buff:0
0, 67798109 武勋buff:0
0, 19434355 武勋buff:0
0, 98059900 武勋buff:0
0, 124450222 武勋buff:0
0, 42401348 武勋buff:0
0, 74286380 武勋buff:0
0, 123253606 武勋buff:0
0, 101014532 武勋buff:0
0, pos:22 value:0
0, 新人pos:22 value:0
0, pos:21 value:0
0, 新人pos:21 value:0
0, pos:10 value:0
0, 新人pos:10 value:0
0, pos:9 value:0
0, 新人pos:9 value:0
0, pos:8 value:0
0, 新人pos:8 value:0
0, pos:7 value:0
0, 新人pos:7 value:0
0, pos:6 value:0
0, 新人pos:6 value:0
0, pos:5 value:0
0, 新人pos:5 value:0
0, pos:4 value:0
0, 新人pos:4 value:0
0, pos:3 value:0
0, 新人pos:3 value:0
0, pos:2 value:0
0, 新人pos:2 value:0
0, pos:1 value:0
0, 新人pos:1 value:0
0, pos:20 value:0
0, 新人pos:20 value:0
0, pos:19 value:0
0, 新人pos:19 value:0
0, pos:18 value:0
0, 新人pos:18 value:0
0, pos:17 value:0
0, 新人pos:17 value:0
0, pos:16 value:0
0, 新人pos:16 value:0
0, pos:15 value:0
0, 新人pos:15 value:0
0, pos:14 value:0
0, 新人pos:14 value:0
0, pos:13 value:0
0, 新人pos:13 value:0
0, pos:12 value:0
0, 新人pos:12 value:0
0, pos:11 value:0
0, 新人pos:11 value:0
705, 玩家:18 总类:1000 选择:2001 实际:2001
845, 玩家:8 总类:1000 选择:1001 实际:1001
1053, 玩家:14 总类:1000 选择:1002 实际:1002
1077, 玩家:9 总类:1000 选择:2003 实际:2003
1085, 玩家:5 总类:1000 选择:3003 实际:3003
1281, 玩家:20 总类:1000 选择:1001 实际:1001
1805, 玩家:11 总类:1000 选择:2001 实际:2001
1897, 玩家:15 总类:1000 选择:4001 实际:4001
1985, 玩家:13 总类:1000 选择:1003 实际:1003
2037, 玩家:12 总类:1000 选择:1001 实际:1001
2149, 玩家:19 总类:1000 选择:1001 实际:1001
2209, 玩家:6 总类:1000 选择:1002 实际:1002
2617, 玩家:3 总类:1000 选择:5002 实际:5002
3221, 玩家:17 总类:1000 选择:2001 实际:2001
3501, 玩家:2 总类:1000 选择:2001 实际:2001
5093, 玩家:7 总类:1000 选择:2001 实际:2001
5289, 玩家:1 总类:1000 选择:2002 实际:2002
5613, 玩家:16 总类:1000 选择:3002 实际:3002
7401, 玩家:10 总类:1000 选择:1002 实际:1002
51697, pos:4 value:0
51697, 新人pos:4 value:0
51697, pos:22 value:0
51697, 新人pos:22 value:0
51697, pos:21 value:0
51697, 新人pos:21 value:0
51697, pos:10 value:0
51697, 新人pos:10 value:0
51697, pos:9 value:0
51697, 新人pos:9 value:0
51697, pos:8 value:0
51697, 新人pos:8 value:0
51697, pos:7 value:0
51697, 新人pos:7 value:0
51697, pos:5 value:0
51697, 新人pos:5 value:0
51697, pos:3 value:0
51697, 新人pos:3 value:0
51697, pos:2 value:0
51697, 新人pos:2 value:0
51697, pos:1 value:0
51697, 新人pos:1 value:0
51697, pos:20 value:0
51697, 新人pos:20 value:0
51697, pos:19 value:0
51697, 新人pos:19 value:0
51697, pos:18 value:0
51697, 新人pos:18 value:0
51697, pos:17 value:0
51697, 新人pos:17 value:0
51697, pos:16 value:0
51697, 新人pos:16 value:0
51697, pos:15 value:0
51697, 新人pos:15 value:0
51697, pos:14 value:0
51697, 新人pos:14 value:0
51697, pos:13 value:0
51697, 新人pos:13 value:0
51697, pos:12 value:0
51697, 新人pos:12 value:0
51697, pos:11 value:0
51697, 新人pos:11 value:0
52425, pos:6 value:0
52425, 新人pos:6 value:0
52425, pos:4 value:0
52425, 新人pos:4 value:0
52425, pos:22 value:0
52425, 新人pos:22 value:0
52425, pos:21 value:0
52425, 新人pos:21 value:0
52425, pos:10 value:0
52425, 新人pos:10 value:0
52425, pos:9 value:0
52425, 新人pos:9 value:0
52425, pos:8 value:0
52425, 新人pos:8 value:0
52425, pos:7 value:0
52425, 新人pos:7 value:0
52425, pos:5 value:0
52425, 新人pos:5 value:0
52425, pos:3 value:0
52425, 新人pos:3 value:0
52425, pos:2 value:0
52425, 新人pos:2 value:0
52425, pos:1 value:0
52425, 新人pos:1 value:0
52425, pos:20 value:0
52425, 新人pos:20 value:0
52425, pos:19 value:0
52425, 新人pos:19 value:0
52425, pos:18 value:0
52425, 新人pos:18 value:0
52425, pos:17 value:0
52425, 新人pos:17 value:0
52425, pos:16 value:0
52425, 新人pos:16 value:0
52425, pos:15 value:0
52425, 新人pos:15 value:0
52425, pos:14 value:0
52425, 新人pos:14 value:0
52425, pos:13 value:0
52425, 新人pos:13 value:0
52425, pos:12 value:0
52425, 新人pos:12 value:0
52425, pos:11 value:0
52425, 新人pos:11 value:0
52749, 玩家:4 总类:1000 选择:2001 实际:2001
101149, pos:16 value:0
101149, 新人pos:16 value:0
101149, pos:6 value:0
101149, 新人pos:6 value:0
101149, pos:4 value:0
101149, 新人pos:4 value:0
101149, pos:22 value:0
101149, 新人pos:22 value:0
101149, pos:21 value:0
101149, 新人pos:21 value:0
101149, pos:10 value:0
101149, 新人pos:10 value:0
101149, pos:9 value:0
101149, 新人pos:9 value:0
101149, pos:8 value:0
101149, 新人pos:8 value:0
101149, pos:7 value:0
101149, 新人pos:7 value:0
101149, pos:5 value:0
101149, 新人pos:5 value:0
101149, pos:3 value:0
101149, 新人pos:3 value:0
101149, pos:2 value:0
101149, 新人pos:2 value:0
101149, pos:1 value:0
101149, 新人pos:1 value:0
101149, pos:20 value:0
101149, 新人pos:20 value:0
101149, pos:19 value:0
101149, 新人pos:19 value:0
101149, pos:18 value:0
101149, 新人pos:18 value:0
101149, pos:17 value:0
101149, 新人pos:17 value:0
101149, pos:15 value:0
101149, 新人pos:15 value:0
101149, pos:14 value:0
101149, 新人pos:14 value:0
101149, pos:13 value:0
101149, 新人pos:13 value:0
101149, pos:12 value:0
101149, 新人pos:12 value:0
101149, pos:11 value:0
101149, 新人pos:11 value:0
119045, pos:16 value:0
119045, 新人pos:16 value:0
119045, pos:6 value:0
119045, 新人pos:6 value:0
119045, pos:4 value:0
119045, 新人pos:4 value:0
119045, pos:22 value:0
119045, 新人pos:22 value:0
119045, pos:21 value:0
119045, 新人pos:21 value:0
119045, pos:10 value:0
119045, 新人pos:10 value:0
119045, pos:9 value:0
119045, 新人pos:9 value:0
119045, pos:8 value:0
119045, 新人pos:8 value:0
119045, pos:7 value:0
119045, 新人pos:7 value:0
119045, pos:5 value:0
119045, 新人pos:5 value:0
119045, pos:3 value:0
119045, 新人pos:3 value:0
119045, pos:2 value:0
119045, 新人pos:2 value:0
119045, pos:1 value:0
119045, 新人pos:1 value:0
119045, pos:20 value:0
119045, 新人pos:20 value:0
119045, pos:19 value:0
119045, 新人pos:19 value:0
119045, pos:18 value:0
119045, 新人pos:18 value:0
119045, pos:17 value:0
119045, 新人pos:17 value:0
119045, pos:15 value:0
119045, 新人pos:15 value:0
119045, pos:14 value:0
119045, 新人pos:14 value:0
119045, pos:13 value:0
119045, 新人pos:13 value:0
119045, pos:12 value:0
119045, 新人pos:12 value:0
119045, pos:11 value:0
119045, 新人pos:11 value:0
132697, pos:12 value:0
132697, 新人pos:12 value:0
132697, pos:16 value:0
132697, 新人pos:16 value:0
132697, pos:6 value:0
132697, 新人pos:6 value:0
132697, pos:4 value:0
132697, 新人pos:4 value:0
132697, pos:22 value:0
132697, 新人pos:22 value:0
132697, pos:21 value:0
132697, 新人pos:21 value:0
132697, pos:10 value:0
132697, 新人pos:10 value:0
132697, pos:9 value:0
132697, 新人pos:9 value:0
132697, pos:8 value:0
132697, 新人pos:8 value:0
132697, pos:7 value:0
132697, 新人pos:7 value:0
132697, pos:5 value:0
132697, 新人pos:5 value:0
132697, pos:3 value:0
132697, 新人pos:3 value:0
132697, pos:2 value:0
132697, 新人pos:2 value:0
132697, pos:1 value:0
132697, 新人pos:1 value:0
132697, pos:20 value:0
132697, 新人pos:20 value:0
132697, pos:19 value:0
132697, 新人pos:19 value:0
132697, pos:18 value:0
132697, 新人pos:18 value:0
132697, pos:17 value:0
132697, 新人pos:17 value:0
132697, pos:15 value:0
132697, 新人pos:15 value:0
132697, pos:14 value:0
132697, 新人pos:14 value:0
132697, pos:13 value:0
132697, 新人pos:13 value:0
132697, pos:11 value:0
132697, 新人pos:11 value:0
139929, pos:12 value:0
139929, 新人pos:12 value:0
139929, pos:16 value:0
139929, 新人pos:16 value:0
139929, pos:6 value:0
139929, 新人pos:6 value:0
139929, pos:4 value:0
139929, 新人pos:4 value:0
139929, pos:22 value:0
139929, 新人pos:22 value:0
139929, pos:21 value:0
139929, 新人pos:21 value:0
139929, pos:10 value:0
139929, 新人pos:10 value:0
139929, pos:9 value:0
139929, 新人pos:9 value:0
139929, pos:8 value:0
139929, 新人pos:8 value:0
139929, pos:7 value:0
139929, 新人pos:7 value:0
139929, pos:5 value:0
139929, 新人pos:5 value:0
139929, pos:3 value:0
139929, 新人pos:3 value:0
139929, pos:2 value:0
139929, 新人pos:2 value:0
139929, pos:1 value:0
139929, 新人pos:1 value:0
139929, pos:20 value:0
139929, 新人pos:20 value:0
139929, pos:19 value:0
139929, 新人pos:19 value:0
139929, pos:18 value:0
139929, 新人pos:18 value:0
139929, pos:17 value:0
139929, 新人pos:17 value:0
139929, pos:15 value:0
139929, 新人pos:15 value:0
139929, pos:14 value:0
139929, 新人pos:14 value:0
139929, pos:13 value:0
139929, 新人pos:13 value:0
139929, pos:11 value:0
139929, 新人pos:11 value:0
160850, 有效局
160850, 嘿 108905 865
