161145, {
161145, 	[1] = 3,
161145, 	[2] = 6.6092512130307e+018,
161145, 	[3] = 0,
161145, 	[4] = 'ÏÄ¼¾·ç',
161145, 	[5] = 22,
161145, 	[6] = 47,
161145, 	[7] = 'ÈºÐÛÖðÂ¹10v10',
161145, 	[8] = 7,
161145, 	[9] = 22,
161145, 	[10] = '2942-3-1538836214',
161145, 	[11] = 4,
161145, 	[12] = 1,
161145, 	[13] = 10,
161145, 	[14] = 10,
161145, 	[15] = 427,
161145, 	[16] = 18,
161145, 	[17] = 88,
161145, 	[18] = 43,
161145, 	[19] = 20,
161145, 	[20] = 2,
161145, 	[21] = 0,
161145, 	[22] = 0,
161145, 	[23] = 0,
161145, 	[24] = 0,
161145, 	[25] = 20,
161145, 	[26] = 0,
161145, 	[27] = 300,
161145, 	[28] = 235,
161145, 	[29] = 173,
161145, 	[30] = 127,
161145, 	[31] = 2739,
161145, 	[32] = 3,
161145, },
161145, 
