7276,  0:2:3 ,英雄歼灭赵云,获得222
16041,  0:4:32 ,消灭蜀国弓手,获得74
17124,  0:4:51 ,消灭强盗,获得92
18535,  0:5:15 ,消灭蜀国刀兵,获得69
18782,  0:5:19 ,消灭蜀国刀兵,获得83
19027,  0:5:23 ,消灭蜀国弓手,获得97
20001,  0:5:40 ,消灭强盗,获得69
20141,  0:5:42 ,消灭强盗,获得87
25302,  0:7:10 ,英雄歼灭赵云,获得224
28753,  0:8:8 ,消灭蜀国弓手,获得92
29296,  0:8:18 ,消灭蜀国弓手,获得78
29417,  0:8:20 ,消灭蜀国弓手,获得87
29465,  0:8:20 ,消灭蜀国刀兵,获得81
32042,  0:9:4 ,消灭蜀国刀兵,获得76
32484,  0:9:12 ,消灭蜀国弓手,获得92
33717,  0:9:33 ,消灭蜀国刀兵,获得76
37588,  0:10:38 ,消灭蜀国刀兵,获得69
37677,  0:10:40 ,消灭蜀国刀兵,获得74
42146,  0:11:56 ,消灭强盗,获得69
43219,  0:12:14 ,消灭蜀国刀兵,获得72
43360,  0:12:17 ,消灭蜀国刀兵,获得70
43521,  0:12:19 ,消灭蜀国弓手,获得89
43590,  0:12:21 ,消灭蜀国弓手,获得75
44648,  0:12:39 ,消灭强盗,获得79
44671,  0:12:39 ,消灭强盗,获得93
45412,  0:12:52 ,消灭蜀国刀兵,获得79
45457,  0:12:52 ,消灭蜀国刀兵,获得70
45600,  0:12:55 ,消灭蜀国弓手,获得93
45686,  0:12:56 ,消灭蜀国弓手,获得70
48776,  0:13:49 ,消灭蜀国刀兵,获得75
49358,  0:13:59 ,消灭孔明灯,获得35
66138,  0:18:44 ,消灭孔明灯,获得36
67136,  0:19:1 ,消灭强盗,获得86
67615,  0:19:9 ,消灭蜀国弓手,获得72
71860,  0:20:21 ,英雄歼灭典韦,获得230
72400,  0:20:30 ,英雄歼灭赵云,获得454
73024,  0:20:41 ,英雄歼灭邓芝,获得512
73212,  0:20:44 ,英雄歼灭孙权,获得343
76176,  0:21:34 ,消灭蜀国刀兵,获得87
76200,  0:21:35 ,消灭蜀国刀兵,获得87
79796,  0:22:36 ,消灭蜀国刀兵,获得83
79837,  0:22:37 ,消灭蜀国刀兵,获得83
81420,  0:23:4 ,消灭蜀国刀兵,获得89
81725,  0:23:9 ,消灭蜀国外围箭塔,获得321
88068,  0:24:57 ,消灭孔明灯,获得37
88705,  0:25:7 ,英雄歼灭典韦,获得230
91148,  0:25:49 ,消灭狼(小),获得75
91966,  0:26:3 ,英雄歼灭赵云,获得462
92168,  0:26:6 ,消灭蜀国刀兵,获得77
92248,  0:26:8 ,消灭蜀国刀兵,获得87
92301,  0:26:9 ,消灭蜀国刀兵,获得79
92399,  0:26:10 ,消灭蜀国弓手,获得90
92471,  0:26:12 ,消灭蜀国弓手,获得75
94530,  0:26:47 ,消灭投石车,获得199
99288,  0:28:7 ,消灭蜀国刀兵,获得83
99309,  0:28:8 ,消灭蜀国刀兵,获得87
99334,  0:28:8 ,消灭蜀国刀兵,获得75
99403,  0:28:9 ,消灭蜀国弓手,获得81
99465,  0:28:10 ,消灭蜀国弓手,获得106
102558,  0:29:3 ,消灭孔明灯,获得38
103015,  0:29:11 ,英雄歼灭孙权,获得478
103327,  0:29:16 ,消灭蜀国刀兵,获得91
103364,  0:29:17 ,消灭蜀国刀兵,获得85
103453,  0:29:18 ,消灭蜀国弓手,获得85
105612,  0:29:55 ,消灭蜀国刀兵,获得91
105904,  0:30:0 ,消灭蜀国弓手,获得81
105939,  0:30:0 ,消灭蜀国弓手,获得81
106946,  0:30:18 ,消灭狼,获得101
106971,  0:30:18 ,消灭狼(小),获得106
107025,  0:30:19 ,消灭狼(小),获得76
107628,  0:30:29 ,消灭蜀国刀兵,获得76
107724,  0:30:31 ,消灭蜀国弓手,获得76
107745,  0:30:31 ,消灭蜀国刀兵,获得91
107773,  0:30:32 ,消灭蜀国刀兵,获得78
107913,  0:30:34 ,消灭投石车,获得202
108117,  0:30:37 ,英雄歼灭典韦,获得230
108258,  0:30:40 ,消灭蜀国弓手,获得97
108413,  0:30:43 ,消灭蜀国刀兵,获得76
108460,  0:30:43 ,消灭蜀国刀兵,获得89
108481,  0:30:44 ,消灭蜀国刀兵,获得84
108587,  0:30:45 ,消灭蜀国弓手,获得81
108625,  0:30:46 ,消灭蜀国弓手,获得106
108745,  0:30:48 ,消灭投石车,获得202
109392,  0:30:59 ,消灭蜀国刀兵,获得89
109392,  0:30:59 ,消灭蜀国刀兵,获得86
113426,  0:32:8 ,消灭蜀国刀兵,获得90
113480,  0:32:9 ,消灭蜀国弓手,获得86
114010,  0:32:18 ,消灭蜀国刀兵,获得82
114035,  0:32:18 ,消灭蜀国刀兵,获得77
114063,  0:32:19 ,消灭蜀国刀兵,获得86
114149,  0:32:20 ,消灭蜀国弓手,获得107
114870,  0:32:32 ,消灭蜀国刀兵,获得82
114895,  0:32:33 ,消灭蜀国刀兵,获得90
114923,  0:32:33 ,消灭蜀国刀兵,获得77
115094,  0:32:36 ,消灭投石车,获得205
118268,  0:33:30 ,消灭蜀国刀兵,获得85
118355,  0:33:32 ,消灭蜀国刀兵,获得90
118431,  0:33:33 ,消灭蜀国弓手,获得87
119122,  0:33:45 ,消灭蜀国刀兵,获得77
119147,  0:33:45 ,消灭蜀国刀兵,获得92
119173,  0:33:45 ,消灭蜀国刀兵,获得85
119259,  0:33:47 ,消灭蜀国弓手,获得82
119307,  0:33:48 ,消灭蜀国弓手,获得92
119515,  0:33:51 ,消灭投石车,获得205
123782,  0:35:4 ,消灭蜀国刀兵,获得85
123831,  0:35:5 ,消灭孔明灯,获得39
123852,  0:35:5 ,消灭蜀国刀兵,获得89
123938,  0:35:6 ,消灭蜀国刀兵,获得89
127901,  0:36:14 ,消灭投石车,获得208
128018,  0:36:16 ,消灭孔明灯,获得39
128702,  0:36:27 ,消灭狼,获得136
128726,  0:36:28 ,消灭狼(小),获得109
129006,  0:36:33 ,消灭强盗,获得104
129947,  0:36:49 ,消灭蜀国左路据点,获得0
130422,  0:36:57 ,消灭黄巾军,获得104
130446,  0:36:57 ,消灭黄巾军,获得109
130469,  0:36:57 ,消灭黄巾军,获得93
131088,  0:37:8 ,消灭投石车,获得209
131178,  0:37:10 ,消灭蜀国刀兵,获得91
131353,  0:37:13 ,消灭蜀国刀兵,获得86
131374,  0:37:13 ,消灭蜀国刀兵,获得81
131492,  0:37:15 ,消灭蜀国弓手,获得89
131519,  0:37:15 ,消灭蜀国弓手,获得105
140184,  0:39:43 ,英雄歼灭夏侯渊,获得317
144052,  0:40:48 ,消灭黄巾军,获得79
144530,  0:40:57 ,消灭孔明灯,获得40
145149,  0:41:7 ,消灭蜀国弓手,获得112
145180,  0:41:8 ,消灭蜀国弓手,获得79
145266,  0:41:9 ,消灭蜀国刀兵,获得85
145295,  0:41:10 ,消灭蜀国刀兵,获得91
146366,  0:41:28 ,消灭蜀国刀兵,获得93
146366,  0:41:28 ,消灭蜀国刀兵,获得91
146598,  0:41:32 ,消灭蜀国中部箭塔,获得422
150352,  0:42:35 ,消灭孔明灯,获得40
150976,  0:42:46 ,英雄歼灭邓芝,获得424
151841,  0:43:1 ,英雄歼灭华佗,获得230
151895,  0:43:2 ,消灭蜀国刀兵,获得97
159024,  0:45:3 ,英雄歼灭赵云,获得454
159416,  0:45:10 ,消灭蜀国刀兵,获得84
159480,  0:45:11 ,英雄歼灭典韦,获得524
159580,  0:45:12 ,消灭蜀国弓手,获得92
159607,  0:45:13 ,消灭蜀国弓手,获得98
