
2018-07-08 09:30:32 [YYAuth]*** AuthThrd: Type=4095
2018-07-08 09:30:35 [YYAuth]*** AuthUninit Begin
2018-07-08 09:30:36 [YYAuth]*** AuthUninit Finish
2018-07-08 09:30:36 [YYAuth]*** UnLoadDll Begin
2018-07-08 09:30:37 [YYAuth]*** UnLoadDll Finish
2018-07-08 09:36:32 [YYAuth]*** AuthUninit Begin
2018-07-08 09:36:32 [YYAuth]*** AuthUninit Finish
2018-07-08 09:36:32 [YYAuth]*** UnLoadDll Begin
2018-07-08 09:36:34 [YYAuth]*** UnLoadDll Finish
2018-07-08 09:36:55 [YYAuth]*** AuthThrdByST: Type=4094
2018-07-08 11:37:29 [YYAuth]*** AuthUninit Begin
2018-07-08 11:37:29 [YYAuth]*** AuthUninit Finish
2018-07-08 11:37:30 [YYAuth]*** UnLoadDll Begin
2018-07-08 11:37:31 [YYAuth]*** UnLoadDll Finish
2018-07-13 19:29:58 [YYAuth]*** AuthThrd: Type=4095
2018-07-13 20:52:26 [YYAuth]*** AuthUninit Begin
2018-07-13 20:52:26 [YYAuth]*** AuthUninit Finish
2018-07-13 20:52:26 [YYAuth]*** UnLoadDll Begin
2018-07-13 20:52:27 [YYAuth]*** UnLoadDll Finish
2018-07-13 21:33:42 [YYAuth]*** AuthThrd: Type=4095
2018-07-13 22:22:38 [YYAuth]*** AuthUninit Begin
2018-07-13 22:22:38 [YYAuth]*** AuthUninit Finish
2018-07-13 22:22:39 [YYAuth]*** UnLoadDll Begin
2018-07-13 22:22:40 [YYAuth]*** UnLoadDll Finish
2018-07-14 09:10:11 [YYAuth]*** AuthThrd: Type=4095
2018-07-14 09:10:19 [YYAuth]*** AuthThrd: Type=4095
2018-07-14 09:10:37 [YYAuth]*** AuthThrd: Type=4095
2018-07-14 10:23:47 [YYAuth]*** AuthUninit Begin
2018-07-14 10:23:47 [YYAuth]*** AuthUninit Finish
2018-07-14 10:23:47 [YYAuth]*** UnLoadDll Begin
2018-07-14 10:23:48 [YYAuth]*** UnLoadDll Finish
2018-07-14 10:24:18 [YYAuth]*** AuthThrd: Type=4095
2018-07-14 10:29:49 [YYAuth]*** AuthUninit Begin
2018-07-14 10:29:50 [YYAuth]*** AuthUninit Finish
2018-07-14 10:29:50 [YYAuth]*** UnLoadDll Begin
2018-07-14 10:29:51 [YYAuth]*** UnLoadDll Finish
2018-07-14 16:31:58 [YYAuth]*** AuthThrd: Type=4095
2018-07-14 17:54:58 [YYAuth]*** AuthUninit Begin
2018-07-14 17:54:58 [YYAuth]*** AuthUninit Finish
2018-07-14 17:54:59 [YYAuth]*** UnLoadDll Begin
2018-07-14 17:55:00 [YYAuth]*** UnLoadDll Finish
2018-07-14 17:57:30 [YYAuth]*** AuthThrd: Type=4095
2018-07-14 17:57:47 [YYAuth]*** AuthThrd: Type=4095
2018-07-14 18:45:56 [YYAuth]*** AuthUninit Begin
2018-07-14 18:45:56 [YYAuth]*** AuthUninit Finish
2018-07-14 18:45:56 [YYAuth]*** UnLoadDll Begin
2018-07-14 18:45:57 [YYAuth]*** UnLoadDll Finish
2018-07-15 09:38:29 [YYAuth]*** AuthThrd: Type=4095
2018-07-15 11:13:06 [YYAuth]*** AuthUninit Begin
2018-07-15 11:13:07 [YYAuth]*** AuthUninit Finish
2018-07-15 11:13:07 [YYAuth]*** UnLoadDll Begin
2018-07-15 11:13:08 [YYAuth]*** UnLoadDll Finish
2018-07-15 11:13:31 [YYAuth]*** AuthThrd: Type=4095
2018-07-15 12:52:46 [YYAuth]*** AuthUninit Begin
2018-07-15 12:52:47 [YYAuth]*** AuthUninit Finish
2018-07-15 12:52:47 [YYAuth]*** UnLoadDll Begin
2018-07-15 12:52:48 [YYAuth]*** UnLoadDll Finish
2018-07-15 12:53:05 [YYAuth]*** AuthThrd: Type=4095
2018-07-15 12:57:18 [YYAuth]*** AuthUninit Begin
2018-07-15 12:57:19 [YYAuth]*** AuthUninit Finish
2018-07-15 12:57:19 [YYAuth]*** UnLoadDll Begin
2018-07-15 12:57:20 [YYAuth]*** UnLoadDll Finish
2018-07-15 12:57:36 [YYAuth]*** AuthThrd: Type=4095
2018-07-15 13:38:58 [YYAuth]*** AuthUninit Begin
2018-07-15 13:38:58 [YYAuth]*** AuthUninit Finish
2018-07-15 13:38:59 [YYAuth]*** UnLoadDll Begin
2018-07-15 13:39:00 [YYAuth]*** UnLoadDll Finish
2018-07-16 18:50:04 [YYAuth]*** AuthThrd: Type=4095
2018-07-16 20:40:36 [YYAuth]*** AuthUninit Begin
2018-07-16 20:40:36 [YYAuth]*** AuthUninit Finish
2018-07-16 20:40:36 [YYAuth]*** UnLoadDll Begin
2018-07-16 20:40:38 [YYAuth]*** UnLoadDll Finish
2018-07-16 20:41:24 [YYAuth]*** AuthThrd: Type=4095
2018-07-16 20:43:22 [YYAuth]*** AuthUninit Begin
2018-07-16 20:43:23 [YYAuth]*** AuthUninit Finish
2018-07-16 20:43:23 [YYAuth]*** UnLoadDll Begin
2018-07-16 20:43:24 [YYAuth]*** UnLoadDll Finish
2018-07-16 20:43:31 [YYAuth]*** AuthThrd: Type=4095
2018-07-16 21:29:51 [YYAuth]*** AuthUninit Begin
2018-07-16 21:29:51 [YYAuth]*** AuthUninit Finish
2018-07-16 21:29:52 [YYAuth]*** UnLoadDll Begin
2018-07-16 21:29:53 [YYAuth]*** UnLoadDll Finish
2018-07-17 20:13:19 [YYAuth]*** AuthThrd: Type=4095
2018-07-17 20:16:10 [YYAuth]*** AuthUninit Begin
2018-07-17 20:16:10 [YYAuth]*** AuthUninit Finish
2018-07-17 20:16:11 [YYAuth]*** UnLoadDll Begin
2018-07-17 20:16:12 [YYAuth]*** UnLoadDll Finish
2018-07-17 20:16:34 [YYAuth]*** AuthThrd: Type=4095
2018-07-17 23:00:14 [YYAuth]*** AuthUninit Begin
2018-07-17 23:00:15 [YYAuth]*** AuthUninit Finish
2018-07-17 23:00:15 [YYAuth]*** UnLoadDll Begin
2018-07-17 23:00:16 [YYAuth]*** UnLoadDll Finish
2018-07-19 18:59:43 [YYAuth]*** AuthThrd: Type=4095
2018-07-19 20:17:42 [YYAuth]*** AuthUninit Begin
2018-07-19 20:17:43 [YYAuth]*** AuthUninit Finish
2018-07-19 20:17:43 [YYAuth]*** UnLoadDll Begin
2018-07-19 20:17:44 [YYAuth]*** UnLoadDll Finish
2018-07-19 20:18:01 [YYAuth]*** AuthThrd: Type=4095
2018-07-19 23:03:11 [YYAuth]*** AuthUninit Begin
2018-07-19 23:03:12 [YYAuth]*** AuthUninit Finish
2018-07-19 23:03:12 [YYAuth]*** UnLoadDll Begin
2018-07-19 23:03:13 [YYAuth]*** UnLoadDll Finish
2018-07-20 22:54:16 [YYAuth]*** AuthThrd: Type=4095
2018-07-21 00:21:08 [YYAuth]*** AuthUninit Begin
2018-07-21 00:21:09 [YYAuth]*** AuthUninit Finish
2018-07-21 00:21:09 [YYAuth]*** UnLoadDll Begin
2018-07-21 00:21:10 [YYAuth]*** UnLoadDll Finish
2018-07-22 14:29:14 [YYAuth]*** AuthThrd: Type=4095
2018-07-22 16:00:33 [YYAuth]*** AuthUninit Begin
2018-07-22 16:00:34 [YYAuth]*** AuthUninit Finish
2018-07-22 16:00:34 [YYAuth]*** UnLoadDll Begin
2018-07-22 16:00:35 [YYAuth]*** UnLoadDll Finish
2018-07-22 16:00:57 [YYAuth]*** AuthThrd: Type=4095
2018-07-22 16:37:32 [YYAuth]*** AuthUninit Begin
2018-07-22 16:37:33 [YYAuth]*** AuthUninit Finish
2018-07-22 16:37:33 [YYAuth]*** UnLoadDll Begin
2018-07-22 16:37:34 [YYAuth]*** UnLoadDll Finish
2018-07-23 19:32:36 [YYAuth]*** AuthThrd: Type=4095
2018-07-23 21:56:58 [YYAuth]*** AuthUninit Begin
2018-07-23 21:56:59 [YYAuth]*** AuthUninit Finish
2018-07-23 21:56:59 [YYAuth]*** UnLoadDll Begin
2018-07-23 21:57:00 [YYAuth]*** UnLoadDll Finish
2018-07-24 18:49:38 [YYAuth]*** AuthThrd: Type=4095
2018-07-24 18:49:38 [YYAuth]*** AuthThrd: Type=4095,Step=1,OpType=6
2018-07-24 18:49:45 [YYAuth]*** AuthUninit Begin
2018-07-24 18:49:45 [YYAuth]*** AuthUninit Finish
2018-07-24 18:49:45 [YYAuth]*** UnLoadDll Begin
2018-07-24 18:49:46 [YYAuth]*** UnLoadDll Finish
2018-07-24 18:50:15 [YYAuth]*** AuthThrd: Type=4095
2018-07-24 21:08:16 [YYAuth]*** AuthUninit Begin
2018-07-24 21:08:16 [YYAuth]*** AuthUninit Finish
2018-07-24 21:08:16 [YYAuth]*** UnLoadDll Begin
2018-07-24 21:08:17 [YYAuth]*** UnLoadDll Finish
2018-07-25 09:11:01 [YYAuth]*** AuthThrd: Type=4095
2018-07-25 09:11:10 [YYAuth]*** AuthThrd: Type=4095
2018-07-25 10:04:18 [YYAuth]*** AuthUninit Begin
2018-07-26 19:26:01 [YYAuth]*** AuthThrd: Type=4095
2018-07-26 19:26:40 [YYAuth]*** AuthThrd: Type=4095
2018-07-26 19:27:07 [YYAuth]*** AuthThrd: Type=4095
2018-07-26 19:27:14 [YYAuth]*** AuthThrd: Type=4095
2018-07-26 19:51:26 [YYAuth]*** AuthUninit Begin
2018-07-26 19:51:26 [YYAuth]*** AuthUninit Finish
2018-07-26 19:51:27 [YYAuth]*** UnLoadDll Begin
2018-07-26 19:51:28 [YYAuth]*** UnLoadDll Finish
2018-07-26 19:51:47 [YYAuth]*** AuthThrd: Type=4095
2018-07-26 20:01:36 [YYAuth]*** AuthUninit Begin
2018-07-27 18:15:34 [YYAuth]*** AuthThrd: Type=4095
2018-07-27 19:35:44 [YYAuth]*** AuthUninit Begin
2018-07-27 19:35:44 [YYAuth]*** AuthUninit Finish
2018-07-27 19:35:44 [YYAuth]*** UnLoadDll Begin
2018-07-27 19:35:46 [YYAuth]*** UnLoadDll Finish
2018-08-01 11:17:33 [YYAuth]*** AuthThrd: Type=4095
2018-08-01 11:17:48 [YYAuth]*** AuthUninit Begin
2018-08-01 11:17:49 [YYAuth]*** AuthUninit Finish
2018-08-01 11:17:49 [YYAuth]*** UnLoadDll Begin
2018-08-01 11:17:50 [YYAuth]*** UnLoadDll Finish
2018-08-01 11:18:15 [YYAuth]*** AuthThrd: Type=4095
2018-08-01 12:53:36 [YYAuth]*** AuthUninit Begin
2018-08-01 12:53:36 [YYAuth]*** AuthUninit Finish
2018-08-01 12:53:36 [YYAuth]*** UnLoadDll Begin
2018-08-01 12:53:38 [YYAuth]*** UnLoadDll Finish
2018-08-01 18:23:40 [YYAuth]*** AuthThrd: Type=4095
2018-08-01 18:23:44 [YYAuth]*** AuthThrd: Type=4095
2018-08-01 18:23:45 [YYAuth]*** AuthThrd: Type=4095
2018-08-01 19:38:03 [YYAuth]*** AuthUninit Begin
2018-08-01 19:38:03 [YYAuth]*** AuthUninit Finish
2018-08-01 19:38:04 [YYAuth]*** UnLoadDll Begin
2018-08-01 19:38:05 [YYAuth]*** UnLoadDll Finish
2018-08-02 11:21:06 [YYAuth]*** AuthThrd: Type=4095
2018-08-08 18:22:02 [YYAuth]*** AuthUninit Begin
2018-08-08 18:22:02 [YYAuth]*** AuthUninit Finish
2018-08-08 18:22:02 [YYAuth]*** UnLoadDll Begin
2018-08-08 18:22:03 [YYAuth]*** UnLoadDll Finish
2018-08-11 11:19:14 [YYAuth]*** AuthThrd: Type=4095
2018-08-11 11:19:16 [YYAuth]*** AuthUninit Begin
2018-08-11 11:19:17 [YYAuth]*** AuthUninit Finish
2018-08-11 11:19:17 [YYAuth]*** UnLoadDll Begin
2018-08-11 11:19:18 [YYAuth]*** UnLoadDll Finish
2018-08-11 11:20:00 [YYAuth]*** AuthThrd: Type=4095
2018-08-11 11:24:00 [YYAuth]*** AuthUninit Begin
2018-08-11 11:24:01 [YYAuth]*** AuthUninit Finish
2018-08-11 11:24:01 [YYAuth]*** UnLoadDll Begin
2018-08-11 11:24:02 [YYAuth]*** UnLoadDll Finish
2018-08-11 12:48:24 [YYAuth]*** AuthUninit Begin
2018-08-11 12:48:25 [YYAuth]*** AuthUninit Finish
2018-08-11 12:48:25 [YYAuth]*** UnLoadDll Begin
2018-08-11 12:48:26 [YYAuth]*** UnLoadDll Finish
2018-08-11 12:48:35 [YYAuth]*** AuthThrd: Type=4095
2018-08-11 13:30:54 [YYAuth]*** AuthUninit Begin
2018-08-11 13:30:55 [YYAuth]*** AuthUninit Finish
2018-08-11 13:30:55 [YYAuth]*** UnLoadDll Begin
2018-08-11 13:30:56 [YYAuth]*** UnLoadDll Finish
2018-08-12 10:53:14 [YYAuth]*** AuthThrd: Type=4095
2018-08-12 10:54:43 [YYAuth]*** AuthUninit Begin
2018-08-12 10:54:44 [YYAuth]*** AuthUninit Finish
2018-08-12 10:54:44 [YYAuth]*** UnLoadDll Begin
2018-08-12 10:54:45 [YYAuth]*** UnLoadDll Finish
2018-08-22 16:48:32 [YYAuth]*** AuthThrd: Type=4095
2018-08-22 16:48:35 [YYAuth]*** AuthUninit Begin
2018-08-22 16:48:35 [YYAuth]*** AuthUninit Finish
2018-08-22 16:48:35 [YYAuth]*** UnLoadDll Begin
2018-08-22 16:48:36 [YYAuth]*** UnLoadDll Finish
2018-08-22 16:48:58 [YYAuth]*** AuthThrd: Type=4095
2018-08-22 16:50:10 [YYAuth]*** AuthUninit Begin
2018-08-22 16:50:10 [YYAuth]*** AuthUninit Finish
2018-08-22 16:50:10 [YYAuth]*** UnLoadDll Begin
2018-08-22 16:50:12 [YYAuth]*** UnLoadDll Finish
2018-08-22 16:50:40 [YYAuth]*** AuthThrd: Type=4095
2018-08-22 16:52:09 [YYAuth]*** AuthUninit Begin
2018-08-22 16:52:09 [YYAuth]*** AuthUninit Finish
2018-08-22 16:52:10 [YYAuth]*** UnLoadDll Begin
2018-08-22 16:52:11 [YYAuth]*** UnLoadDll Finish
2018-08-22 16:52:19 [YYAuth]*** AuthThrd: Type=4095
2018-08-22 17:34:54 [YYAuth]*** AuthUninit Begin
2018-08-22 17:34:54 [YYAuth]*** AuthUninit Finish
2018-08-22 17:34:54 [YYAuth]*** UnLoadDll Begin
2018-08-22 17:34:55 [YYAuth]*** UnLoadDll Finish
2018-08-24 11:10:35 [YYAuth]*** AuthThrd: Type=4095
2018-08-24 12:18:07 [YYAuth]*** AuthUninit Begin
2018-08-24 12:18:08 [YYAuth]*** AuthUninit Finish
2018-08-24 12:18:08 [YYAuth]*** UnLoadDll Begin
2018-08-24 12:18:09 [YYAuth]*** UnLoadDll Finish
2018-08-24 15:29:54 [YYAuth]*** AuthThrd: Type=4095
2018-08-24 16:13:47 [YYAuth]*** AuthUninit Begin
2018-08-24 16:13:47 [YYAuth]*** AuthUninit Finish
2018-08-24 16:13:48 [YYAuth]*** UnLoadDll Begin
2018-08-24 16:13:49 [YYAuth]*** UnLoadDll Finish
2018-08-25 16:01:13 [YYAuth]*** AuthThrd: Type=4095
2018-08-25 16:02:36 [YYAuth]*** AuthUninit Begin
2018-08-25 16:02:36 [YYAuth]*** AuthUninit Finish
2018-08-25 16:02:36 [YYAuth]*** UnLoadDll Begin
2018-08-25 16:02:37 [YYAuth]*** UnLoadDll Finish
2018-08-25 16:02:52 [YYAuth]*** AuthThrd: Type=4095
2018-08-25 16:56:08 [YYAuth]*** AuthUninit Begin
2018-08-25 16:56:09 [YYAuth]*** AuthUninit Finish
2018-08-25 16:56:09 [YYAuth]*** UnLoadDll Begin
2018-08-25 16:56:10 [YYAuth]*** UnLoadDll Finish
2018-08-25 16:56:19 [YYAuth]*** AuthThrd: Type=4095
2018-08-25 18:01:24 [YYAuth]*** AuthUninit Begin
2018-08-25 18:01:24 [YYAuth]*** AuthUninit Finish
2018-08-25 18:01:24 [YYAuth]*** UnLoadDll Begin
2018-08-25 18:01:26 [YYAuth]*** UnLoadDll Finish
2018-08-26 15:12:28 [YYAuth]*** AuthThrd: Type=4095
2018-08-26 16:04:09 [YYAuth]*** AuthUninit Begin
2018-08-26 16:04:10 [YYAuth]*** AuthUninit Finish
2018-08-26 16:04:10 [YYAuth]*** UnLoadDll Begin
2018-08-26 16:04:11 [YYAuth]*** UnLoadDll Finish
2018-08-26 16:07:34 [YYAuth]*** AuthThrd: Type=4095
2018-08-26 16:08:31 [YYAuth]*** AuthUninit Begin
2018-08-26 16:08:31 [YYAuth]*** AuthUninit Finish
2018-08-26 16:08:31 [YYAuth]*** UnLoadDll Begin
2018-08-27 14:16:34 [YYAuth]*** AuthThrd: Type=4095
2018-08-27 15:14:43 [YYAuth]*** AuthUninit Begin
2018-08-27 15:14:44 [YYAuth]*** AuthUninit Finish
2018-08-27 15:14:44 [YYAuth]*** UnLoadDll Begin
2018-08-27 15:14:45 [YYAuth]*** UnLoadDll Finish
2018-08-28 12:55:52 [YYAuth]*** AuthThrd: Type=4095
2018-08-28 14:24:56 [YYAuth]*** AuthThrd: Type=4095
2018-08-28 15:10:23 [YYAuth]*** AuthUninit Begin
2018-08-28 15:10:24 [YYAuth]*** AuthUninit Finish
2018-08-28 15:10:24 [YYAuth]*** UnLoadDll Begin
2018-08-28 15:10:25 [YYAuth]*** UnLoadDll Finish
2018-09-03 22:03:38 [YYAuth]*** AuthThrd: Type=4095
2018-09-03 22:50:59 [YYAuth]*** AuthUninit Begin
2018-09-03 22:50:59 [YYAuth]*** AuthUninit Finish
2018-09-03 22:50:59 [YYAuth]*** UnLoadDll Begin
2018-09-03 22:51:01 [YYAuth]*** UnLoadDll Finish
2018-09-04 20:17:00 [YYAuth]*** AuthThrd: Type=4095
2018-09-04 20:57:57 [YYAuth]*** AuthUninit Begin
2018-09-04 20:57:57 [YYAuth]*** AuthUninit Finish
2018-09-04 20:57:58 [YYAuth]*** UnLoadDll Begin
2018-09-04 20:57:59 [YYAuth]*** UnLoadDll Finish
2018-09-04 21:02:01 [YYAuth]*** AuthThrd: Type=4095
2018-09-04 21:03:02 [YYAuth]*** AuthUninit Begin
2018-09-04 21:03:02 [YYAuth]*** AuthUninit Finish
2018-09-04 21:03:02 [YYAuth]*** UnLoadDll Begin
2018-09-04 21:03:04 [YYAuth]*** UnLoadDll Finish
2018-09-07 10:07:18 [YYAuth]*** AuthThrd: Type=4095
2018-09-07 11:02:19 [YYAuth]*** AuthUninit Begin
2018-09-07 11:02:20 [YYAuth]*** AuthUninit Finish
2018-09-07 11:02:20 [YYAuth]*** UnLoadDll Begin
2018-09-07 11:02:21 [YYAuth]*** UnLoadDll Finish
2018-09-08 21:17:56 [YYAuth]*** AuthThrd: Type=4095
2018-09-08 22:29:09 [YYAuth]*** AuthUninit Begin
2018-09-08 22:29:10 [YYAuth]*** AuthUninit Finish
2018-09-08 22:29:10 [YYAuth]*** UnLoadDll Begin
2018-09-08 22:29:11 [YYAuth]*** UnLoadDll Finish
2018-09-09 13:38:29 [YYAuth]*** AuthThrd: Type=4095
2018-09-09 13:40:47 [YYAuth]*** AuthUninit Begin
2018-09-09 13:40:47 [YYAuth]*** AuthUninit Finish
2018-09-09 13:40:48 [YYAuth]*** UnLoadDll Begin
2018-09-09 13:40:49 [YYAuth]*** UnLoadDll Finish
2018-09-09 13:49:02 [YYAuth]*** AuthThrd: Type=4095
2018-09-09 14:27:02 [YYAuth]*** AuthUninit Begin
2018-09-09 14:27:03 [YYAuth]*** AuthUninit Finish
2018-09-09 14:27:03 [YYAuth]*** UnLoadDll Begin
2018-09-09 14:27:04 [YYAuth]*** UnLoadDll Finish
2018-09-09 14:27:27 [YYAuth]*** AuthThrd: Type=4095
2018-09-09 14:28:14 [YYAuth]*** AuthUninit Begin
2018-09-09 14:28:14 [YYAuth]*** AuthUninit Finish
2018-09-09 14:28:14 [YYAuth]*** UnLoadDll Begin
2018-09-09 14:28:15 [YYAuth]*** UnLoadDll Finish
2018-09-11 20:21:10 [YYAuth]*** AuthThrd: Type=4095
2018-09-11 20:21:50 [YYAuth]*** AuthThrd: Type=4095
2018-09-11 20:21:52 [YYAuth]*** AuthUninit Begin
2018-09-11 20:21:52 [YYAuth]*** AuthUninit Finish
2018-09-11 20:21:53 [YYAuth]*** UnLoadDll Begin
2018-09-11 20:21:54 [YYAuth]*** UnLoadDll Finish
2018-09-11 20:22:12 [YYAuth]*** AuthThrd: Type=4095
2018-09-11 20:51:10 [YYAuth]*** AuthUninit Begin
2018-09-11 20:51:11 [YYAuth]*** AuthUninit Finish
2018-09-11 20:51:11 [YYAuth]*** UnLoadDll Begin
2018-09-11 20:51:12 [YYAuth]*** UnLoadDll Finish
2018-09-11 20:51:25 [YYAuth]*** AuthThrd: Type=4095
2018-09-11 21:33:49 [YYAuth]*** AuthUninit Begin
2018-09-11 21:33:49 [YYAuth]*** AuthUninit Finish
2018-09-11 21:33:49 [YYAuth]*** UnLoadDll Begin
2018-09-15 12:55:20 [YYAuth]*** AuthThrd: Type=4095
2018-09-15 13:41:23 [YYAuth]*** AuthUninit Begin
2018-09-15 13:41:23 [YYAuth]*** AuthUninit Finish
2018-09-15 13:41:23 [YYAuth]*** UnLoadDll Begin
2018-09-15 13:41:25 [YYAuth]*** UnLoadDll Finish
2018-09-15 13:44:46 [YYAuth]*** AuthThrd: Type=4095
2018-09-15 14:38:12 [YYAuth]*** AuthUninit Begin
2018-09-15 14:38:12 [YYAuth]*** AuthUninit Finish
2018-09-15 14:38:12 [YYAuth]*** UnLoadDll Begin
2018-09-15 14:38:13 [YYAuth]*** UnLoadDll Finish
2018-09-16 13:00:09 [YYAuth]*** AuthThrd: Type=4095
2018-09-16 13:46:12 [YYAuth]*** AuthUninit Begin
2018-09-16 13:46:12 [YYAuth]*** AuthUninit Finish
2018-09-16 13:46:13 [YYAuth]*** UnLoadDll Begin
2018-09-16 13:46:14 [YYAuth]*** UnLoadDll Finish
2018-09-16 13:52:37 [YYAuth]*** AuthThrd: Type=4095
2018-09-16 13:54:41 [YYAuth]*** AuthUninit Begin
2018-09-16 13:54:41 [YYAuth]*** AuthUninit Finish
2018-09-16 13:54:41 [YYAuth]*** UnLoadDll Begin
2018-09-16 13:54:42 [YYAuth]*** UnLoadDll Finish
2018-09-20 18:59:35 [YYAuth]*** AuthThrd: Type=4095
2018-09-20 19:00:38 [YYAuth]*** AuthThrd: Type=4095
2018-09-20 19:00:40 [YYAuth]*** AuthUninit Begin
2018-09-20 19:00:40 [YYAuth]*** AuthUninit Finish
2018-09-20 19:00:40 [YYAuth]*** UnLoadDll Begin
2018-09-20 19:00:42 [YYAuth]*** UnLoadDll Finish
2018-09-20 19:00:54 [YYAuth]*** AuthThrd: Type=4095
2018-09-20 19:01:35 [YYAuth]*** AuthUninit Begin
2018-09-20 19:01:35 [YYAuth]*** AuthUninit Finish
2018-09-20 19:01:35 [YYAuth]*** UnLoadDll Begin
2018-09-20 19:01:36 [YYAuth]*** UnLoadDll Finish
2018-09-20 19:01:49 [YYAuth]*** AuthThrd: Type=4095
2018-09-20 19:03:46 [YYAuth]*** AuthUninit Begin
2018-09-20 19:03:47 [YYAuth]*** AuthUninit Finish
2018-09-20 19:03:47 [YYAuth]*** UnLoadDll Begin
2018-09-20 19:03:48 [YYAuth]*** UnLoadDll Finish
2018-09-20 20:27:50 [YYAuth]*** AuthThrd: Type=4095
2018-09-20 21:16:19 [YYAuth]*** AuthUninit Begin
2018-09-20 21:16:19 [YYAuth]*** AuthUninit Finish
2018-09-20 21:16:19 [YYAuth]*** UnLoadDll Begin
2018-09-20 21:16:21 [YYAuth]*** UnLoadDll Finish
2018-09-23 15:02:19 [YYAuth]*** AuthThrd: Type=4095
2018-09-23 15:02:21 [YYAuth]*** AuthUninit Begin
2018-09-23 15:02:22 [YYAuth]*** AuthUninit Finish
2018-09-23 15:02:22 [YYAuth]*** UnLoadDll Begin
2018-09-23 15:02:23 [YYAuth]*** UnLoadDll Finish
2018-09-23 15:02:46 [YYAuth]*** AuthThrd: Type=4095
2018-09-23 15:48:17 [YYAuth]*** AuthUninit Begin
2018-09-23 15:48:17 [YYAuth]*** AuthUninit Finish
2018-09-23 15:48:17 [YYAuth]*** UnLoadDll Begin
2018-09-23 15:48:19 [YYAuth]*** UnLoadDll Finish
2018-09-23 15:48:36 [YYAuth]*** AuthThrd: Type=4095
2018-09-23 16:01:27 [YYAuth]*** AuthUninit Begin
2018-09-23 16:01:28 [YYAuth]*** AuthUninit Finish
2018-09-23 16:01:28 [YYAuth]*** UnLoadDll Begin
2018-09-23 16:01:29 [YYAuth]*** UnLoadDll Finish
2018-09-24 15:04:15 [YYAuth]*** AuthThrd: Type=4095
2018-09-24 16:28:57 [YYAuth]*** AuthUninit Begin
2018-09-24 16:28:58 [YYAuth]*** AuthUninit Finish
2018-09-24 16:28:58 [YYAuth]*** UnLoadDll Begin
2018-09-24 16:28:59 [YYAuth]*** UnLoadDll Finish
2018-09-24 16:29:09 [YYAuth]*** AuthUninit Begin
2018-09-24 16:29:10 [YYAuth]*** AuthUninit Finish
2018-09-24 16:29:10 [YYAuth]*** UnLoadDll Begin
2018-09-24 16:29:11 [YYAuth]*** UnLoadDll Finish
2018-09-24 16:29:21 [YYAuth]*** AuthThrd: Type=4095
2018-09-24 17:02:25 [YYAuth]*** AuthUninit Begin
2018-09-24 17:02:26 [YYAuth]*** AuthUninit Finish
2018-09-24 17:02:26 [YYAuth]*** UnLoadDll Begin
2018-09-24 17:02:27 [YYAuth]*** UnLoadDll Finish
2018-09-25 22:14:03 [YYAuth]*** AuthThrd: Type=4095
2018-09-25 22:59:24 [YYAuth]*** AuthUninit Begin
2018-09-26 12:15:51 [YYAuth]*** AuthThrd: Type=4095
2018-09-26 13:08:34 [YYAuth]*** AuthUninit Begin
2018-09-26 13:08:34 [YYAuth]*** AuthUninit Finish
2018-09-26 13:08:34 [YYAuth]*** UnLoadDll Begin
2018-09-26 13:08:36 [YYAuth]*** UnLoadDll Finish
2018-09-26 16:43:23 [YYAuth]*** AuthThrd: Type=4095
2018-09-26 17:33:39 [YYAuth]*** AuthUninit Begin
2018-09-26 17:33:39 [YYAuth]*** AuthUninit Finish
2018-09-26 17:33:40 [YYAuth]*** UnLoadDll Begin
2018-09-26 17:33:41 [YYAuth]*** UnLoadDll Finish
2018-09-27 18:24:39 [YYAuth]*** AuthThrd: Type=4095
2018-09-27 18:24:49 [YYAuth]*** AuthThrd: Type=4095
2018-09-27 18:24:53 [YYAuth]*** AuthUninit Begin
2018-09-27 18:24:54 [YYAuth]*** AuthUninit Finish
2018-09-27 18:24:54 [YYAuth]*** UnLoadDll Begin
2018-09-27 18:24:55 [YYAuth]*** UnLoadDll Finish
2018-09-27 18:25:15 [YYAuth]*** AuthThrd: Type=4095
2018-09-27 19:26:25 [YYAuth]*** AuthUninit Begin
2018-09-27 19:26:25 [YYAuth]*** AuthUninit Finish
2018-09-27 19:26:25 [YYAuth]*** UnLoadDll Begin
2018-09-27 19:26:26 [YYAuth]*** UnLoadDll Finish
2018-09-27 21:11:07 [YYAuth]*** AuthThrd: Type=4095
2018-09-27 21:58:31 [YYAuth]*** AuthUninit Begin
2018-09-27 21:58:32 [YYAuth]*** AuthUninit Finish
2018-09-27 21:58:32 [YYAuth]*** UnLoadDll Begin
2018-09-27 21:58:33 [YYAuth]*** UnLoadDll Finish
2018-09-28 11:47:03 [YYAuth]*** AuthThrd: Type=4095
2018-09-28 14:02:27 [YYAuth]*** AuthUninit Begin
2018-09-28 14:02:27 [YYAuth]*** AuthUninit Finish
2018-09-28 14:02:27 [YYAuth]*** UnLoadDll Begin
2018-09-28 14:02:29 [YYAuth]*** UnLoadDll Finish
2018-09-30 16:03:03 [YYAuth]*** AuthThrd: Type=4095
2018-09-30 16:47:36 [YYAuth]*** AuthUninit Begin
2018-09-30 16:47:36 [YYAuth]*** AuthUninit Finish
2018-09-30 16:47:36 [YYAuth]*** UnLoadDll Begin
2018-09-30 16:47:38 [YYAuth]*** UnLoadDll Finish
2018-09-30 23:22:12 [YYAuth]*** AuthThrd: Type=4095
2018-10-01 00:47:57 [YYAuth]*** AuthUninit Begin
2018-10-01 00:47:58 [YYAuth]*** AuthUninit Finish
2018-10-01 00:47:58 [YYAuth]*** UnLoadDll Begin
2018-10-01 13:49:05 [YYAuth]*** AuthThrd: Type=4095
2018-10-01 13:57:12 [YYAuth]*** AuthUninit Begin
2018-10-01 13:57:13 [YYAuth]*** AuthUninit Finish
2018-10-01 13:57:13 [YYAuth]*** UnLoadDll Begin
2018-10-01 13:57:14 [YYAuth]*** UnLoadDll Finish
2018-10-01 13:57:43 [YYAuth]*** AuthThrd: Type=4095
2018-10-01 17:04:18 [YYAuth]*** AuthUninit Begin
2018-10-01 17:04:18 [YYAuth]*** AuthUninit Finish
2018-10-01 17:04:18 [YYAuth]*** UnLoadDll Begin
2018-10-01 17:04:20 [YYAuth]*** UnLoadDll Finish
2018-10-02 17:56:24 [YYAuth]*** AuthThrd: Type=4095
2018-10-02 17:58:42 [YYAuth]*** AuthUninit Begin
2018-10-02 17:58:42 [YYAuth]*** AuthUninit Finish
2018-10-02 17:58:42 [YYAuth]*** UnLoadDll Begin
2018-10-02 17:58:43 [YYAuth]*** UnLoadDll Finish
2018-10-02 17:58:54 [YYAuth]*** AuthThrd: Type=4095
2018-10-02 18:45:55 [YYAuth]*** AuthUninit Begin
2018-10-02 18:45:56 [YYAuth]*** AuthUninit Finish
2018-10-02 18:45:56 [YYAuth]*** UnLoadDll Begin
2018-10-02 18:45:57 [YYAuth]*** UnLoadDll Finish
2018-10-02 18:46:04 [YYAuth]*** AuthThrd: Type=4095
2018-10-02 23:22:26 [YYAuth]*** AuthUninit Begin
2018-10-02 23:22:26 [YYAuth]*** AuthUninit Finish
2018-10-02 23:22:26 [YYAuth]*** UnLoadDll Begin
2018-10-02 23:22:27 [YYAuth]*** UnLoadDll Finish
2018-10-03 13:18:09 [YYAuth]*** AuthThrd: Type=4095
2018-10-03 14:49:51 [YYAuth]*** AuthUninit Begin
2018-10-03 14:49:51 [YYAuth]*** AuthUninit Finish
2018-10-03 14:49:51 [YYAuth]*** UnLoadDll Begin
2018-10-03 14:49:53 [YYAuth]*** UnLoadDll Finish
2018-10-03 14:50:01 [YYAuth]*** AuthThrd: Type=4095
2018-10-03 15:22:02 [YYAuth]*** AuthUninit Begin
2018-10-03 15:22:02 [YYAuth]*** AuthUninit Finish
2018-10-03 15:22:02 [YYAuth]*** UnLoadDll Begin
2018-10-03 15:22:04 [YYAuth]*** UnLoadDll Finish
2018-10-03 19:48:51 [YYAuth]*** AuthThrd: Type=4095
2018-10-03 20:30:44 [YYAuth]*** AuthUninit Begin
2018-10-03 20:30:44 [YYAuth]*** AuthUninit Finish
2018-10-03 20:30:45 [YYAuth]*** UnLoadDll Begin
2018-10-03 20:30:46 [YYAuth]*** UnLoadDll Finish
2018-10-03 20:31:18 [YYAuth]*** AuthThrd: Type=4095
2018-10-03 21:53:35 [YYAuth]*** AuthUninit Begin
2018-10-04 14:54:00 [YYAuth]*** AuthThrd: Type=4095
2018-10-04 17:30:31 [YYAuth]*** AuthUninit Begin
2018-10-04 17:30:32 [YYAuth]*** AuthUninit Finish
2018-10-04 17:30:32 [YYAuth]*** UnLoadDll Begin
2018-10-04 17:30:33 [YYAuth]*** UnLoadDll Finish
2018-10-04 20:57:39 [YYAuth]*** AuthThrd: Type=4095
2018-10-04 20:58:20 [YYAuth]*** AuthUninit Begin
2018-10-04 20:58:21 [YYAuth]*** AuthUninit Finish
2018-10-04 20:58:21 [YYAuth]*** UnLoadDll Begin
2018-10-04 20:58:22 [YYAuth]*** UnLoadDll Finish
2018-10-05 17:45:10 [YYAuth]*** AuthThrd: Type=4095
2018-10-05 18:32:12 [YYAuth]*** AuthUninit Begin
2018-10-05 18:32:12 [YYAuth]*** AuthUninit Finish
2018-10-05 18:32:12 [YYAuth]*** UnLoadDll Begin
2018-10-05 18:32:13 [YYAuth]*** UnLoadDll Finish
2018-10-05 19:40:05 [YYAuth]*** AuthThrd: Type=4095
2018-10-05 21:26:53 [YYAuth]*** AuthUninit Begin
2018-10-05 21:26:53 [YYAuth]*** AuthUninit Finish
2018-10-05 21:26:53 [YYAuth]*** UnLoadDll Begin
2018-10-05 21:26:54 [YYAuth]*** UnLoadDll Finish
2018-10-05 21:26:59 [YYAuth]*** AuthThrd: Type=4095
2018-10-05 22:16:47 [YYAuth]*** AuthUninit Begin
2018-10-05 22:16:48 [YYAuth]*** AuthUninit Finish
2018-10-05 22:16:48 [YYAuth]*** UnLoadDll Begin
2018-10-05 22:16:49 [YYAuth]*** UnLoadDll Finish
2018-10-06 13:56:32 [YYAuth]*** AuthThrd: Type=4095
2018-10-06 18:39:33 [YYAuth]*** AuthUninit Begin
2018-10-06 18:39:33 [YYAuth]*** AuthUninit Finish
2018-10-06 18:39:33 [YYAuth]*** UnLoadDll Begin
2018-10-06 18:39:34 [YYAuth]*** UnLoadDll Finish
2018-10-06 21:46:44 [YYAuth]*** AuthThrd: Type=4095
2018-10-06 22:27:39 [YYAuth]*** AuthUninit Begin
2018-10-06 22:27:40 [YYAuth]*** AuthUninit Finish
2018-10-06 22:27:40 [YYAuth]*** UnLoadDll Begin
2018-10-06 22:27:41 [YYAuth]*** UnLoadDll Finish
2018-10-06 22:28:06 [YYAuth]*** AuthThrd: Type=4095
2018-10-06 23:20:48 [YYAuth]*** AuthUninit Begin
2018-10-06 23:20:48 [YYAuth]*** AuthUninit Finish
2018-10-06 23:20:48 [YYAuth]*** UnLoadDll Begin
2018-10-06 23:20:49 [YYAuth]*** UnLoadDll Finish
2018-10-06 23:23:29 [YYAuth]*** AuthThrd: Type=4095
2018-10-06 23:25:29 [YYAuth]*** AuthUninit Begin
2018-10-06 23:25:30 [YYAuth]*** AuthUninit Finish
2018-10-06 23:25:30 [YYAuth]*** UnLoadDll Begin
2018-10-06 23:25:31 [YYAuth]*** UnLoadDll Finish
2018-10-07 12:09:16 [YYAuth]*** AuthThrd: Type=4095
2018-10-07 15:06:58 [YYAuth]*** AuthUninit Begin
2018-10-07 19:49:24 [YYAuth]*** AuthThrd: Type=4095
2018-10-07 19:50:36 [YYAuth]*** AuthUninit Begin
2018-10-07 19:50:37 [YYAuth]*** AuthUninit Finish
2018-10-07 19:50:37 [YYAuth]*** UnLoadDll Begin
2018-10-07 19:50:38 [YYAuth]*** UnLoadDll Finish
2018-10-07 20:42:55 [YYAuth]*** AuthThrd: Type=4095
2018-10-07 21:46:08 [YYAuth]*** AuthUninit Begin
2018-10-07 21:46:09 [YYAuth]*** AuthUninit Finish
2018-10-07 21:46:09 [YYAuth]*** UnLoadDll Begin
2018-10-07 21:46:10 [YYAuth]*** UnLoadDll Finish
2018-10-07 21:48:35 [YYAuth]*** AuthThrd: Type=4095
2018-10-07 22:30:14 [YYAuth]*** AuthUninit Begin
2018-10-07 22:30:15 [YYAuth]*** AuthUninit Finish
2018-10-07 22:30:15 [YYAuth]*** UnLoadDll Begin
2018-10-07 22:30:16 [YYAuth]*** UnLoadDll Finish
2018-10-08 21:24:20 [YYAuth]*** AuthThrd: Type=4095
2018-10-08 22:09:43 [YYAuth]*** AuthUninit Begin
2018-10-08 22:09:43 [YYAuth]*** AuthUninit Finish
2018-10-08 22:09:43 [YYAuth]*** UnLoadDll Begin
2018-10-08 22:09:45 [YYAuth]*** UnLoadDll Finish
2018-10-09 19:36:59 [YYAuth]*** AuthUninit Begin
2018-10-09 19:37:00 [YYAuth]*** AuthUninit Finish
2018-10-09 19:37:00 [YYAuth]*** UnLoadDll Begin
2018-10-09 19:37:01 [YYAuth]*** UnLoadDll Finish
2018-10-09 19:37:06 [YYAuth]*** AuthThrd: Type=4095
2018-10-09 22:13:43 [YYAuth]*** AuthUninit Begin
2018-10-09 22:13:44 [YYAuth]*** AuthUninit Finish
2018-10-09 22:13:44 [YYAuth]*** UnLoadDll Begin
2018-10-09 22:13:45 [YYAuth]*** UnLoadDll Finish