2018-10-07 22:10:24:621 PID:1188 FM:     0  ReplayName = D:\起凡\7fgame\replay\MyGame\AutoSave\my_replays0130.7fr  
2018-10-07 22:10:24:621 PID:1188 FM:     0  自动保存的平台路径：/replay="D:\起凡\7fgame\replay\MyGame\AutoSave\my_replays0130.7fr"  
2018-10-07 22:10:24:621 PID:1188 FM:     0   ReplayName2 = D:\起凡\7fgame\replay\MyGame  
2018-10-07 22:10:24:621 PID:1188 FM:     0  玩家保存的平台路径：/replaypath="D:\起凡\7fgame\replay\MyGame\"  
2018-10-07 22:10:33:971 PID:1188 FM:     0  TRUN_VASL[4] 
2018-10-07 22:10:53:650 PID:1188 FM:     0  载人中途加入数据[16655] Length[2894870] 
2018-10-07 22:11:06:746 PID:1188 FM: 68793  保存录像[1450968] FM[68793] [ ] 
2018-10-07 22:11:06:748 PID:1188 FM: 68793  压缩文件[.\core\hct.o]成功。(.\core\hct.o.zip) 
2018-10-07 22:11:06:750 PID:1188 FM: 68793  FILES 0 11253 .\core\hct.o  
2018-10-07 22:11:06:751 PID:1188 FM: 68793  删除临时文件[1] [.\core\hct.o.zip]  
2018-10-07 22:11:42:338 PID:1188 FM: 70885  保存录像[1486562] FM[70885] [ ] 
2018-10-07 22:12:17:136 PID:1188 FM: 72941  保存录像[1521359] FM[72941] [ ] 
2018-10-07 22:12:52:792 PID:1188 FM: 75033  保存录像[1557015] FM[75033] [ ] 
2018-10-07 22:13:28:086 PID:1188 FM: 77117  保存录像[1592296] FM[77117] [ ] 
2018-10-07 22:14:03:277 PID:1188 FM: 79209  保存录像[1627500] FM[79209] [ ] 
2018-10-07 22:14:40:040 PID:1188 FM: 81377  保存录像[1664265] FM[81377] [ ] 
2018-10-07 22:15:15:967 PID:1188 FM: 83497  保存录像[1700187] FM[83497] [ ] 
2018-10-07 22:15:51:291 PID:1188 FM: 85581  保存录像[1735515] FM[85581] [ ] 
2018-10-07 22:16:25:635 PID:1188 FM: 87609  保存录像[1769859] FM[87609] [ ] 
2018-10-07 22:17:03:229 PID:1188 FM: 89813  保存录像[1807453] FM[89813] [ ] 
2018-10-07 22:17:40:949 PID:1188 FM: 91893  保存录像[1845171] FM[91893] [ ] 
2018-10-07 22:18:13:994 PID:1188 FM: 94001  保存录像[1878218] FM[94001] [ ] 
2018-10-07 22:18:49:974 PID:1188 FM: 96121  保存录像[1914187] FM[96121] [ ] 
2018-10-07 22:19:25:151 PID:1188 FM: 98197  保存录像[1949375] FM[98197] [ ] 
2018-10-07 22:20:04:087 PID:1188 FM:100497  保存录像[1988312] FM[100497] [ ] 
2018-10-07 22:20:25:328 PID:1188 FM:100681  程序或脚本产生异常时生成录像。 
2018-10-07 22:20:25:328 PID:1188 FM:100681  保存录像[2009546] FM[100681] [ ] 
2018-10-07 22:20:25:611 PID:1188 FM:100681  保存录像[2009828] FM[100681] [ ] 
2018-10-07 22:20:25:611 PID:1188 FM:100681  游戏结束保存录像 [1] 
2018-10-07 22:20:25:621 PID:1188 FM:100681  SAVEAS[2009843] [OK] LOCAL [log1188-2018.10.07-22.10.24/replay1188.7fr] Error[0] 
2018-10-07 22:20:25:621 PID:1188 FM:100681  SAVEAS[2009843] [OK] TARGET[D:\起凡\7fgame\replay\MyGame\AutoSave\my_replays0130.7fr] Error[0] 
2018-10-07 22:20:25:621 PID:1188 FM:100681  程序或脚本产生异常时生成录像成功。 
