66889, ***************开局查询积分**********************
66889, 玩家名：狼牙将士;font=175289816;a=255;r=138;g=133;b=78;|return=5|;|text=右耳钉丶残恋
66889, 天梯10V10竞技积分 = 583
66889, 普通匹配10V10竞技积分 = 713
66889, 天梯10V10局数 = 60
66889, 普通10V10局数 = 632
66889, 预留 = 66
66889, 段位 =  兵卒四等
68021, ***************开局查询积分**********************
68021, 玩家名：酒醉天涯
68021, 天梯10V10竞技积分 = 750
68021, 普通匹配10V10竞技积分 = 624
68021, 天梯10V10局数 = 281
68021, 普通10V10局数 = 1883
68021, 预留 = 100
68021, 段位 =  兵卒一等
68093, ***************开局查询积分**********************
68093, 玩家名：狼牙将士;font=175289816;a=255;r=138;g=133;b=78;|return=5|;|text=右耳钉丶残恋
68093, 天梯10V10竞技积分 = 583
68093, 普通匹配10V10竞技积分 = 713
68093, 天梯10V10局数 = 60
68093, 普通10V10局数 = 632
68093, 预留 = 66
68093, 段位 =  兵卒四等
68305, ***************开局查询积分**********************
68305, 玩家名：酒醉天涯
68305, 天梯10V10竞技积分 = 750
68305, 普通匹配10V10竞技积分 = 624
68305, 天梯10V10局数 = 281
68305, 普通10V10局数 = 1883
68305, 预留 = 100
68305, 段位 =  兵卒一等
