compilation time: Sep 19 2018 23:13:18
pid 1188
/pipe=GAME_XQYFZ_CHS_123456 /mapfile=100906 /mode=1 /replay="D:\起凡\7fgame\replay\MyGame\AutoSave\my_replays0130.7fr" /replaypath="D:\起凡\7fgame\replay\MyGame\" /partner=0 /vfs=sanguo(off) /enc=(1d7a1998c985,8bf2e85d0368ec33b15158ed49dcfab9d9b2a34285bfdb619a0fdf719a466924c2cc65b4930ff29a040023b9b7dc1bec),(520e07c7e332,d0625554da8728a5b4c16b8f588eb382bae76374e1ad472565f629bdc8ef962c3a749b814035da1664e1d863abf3c4c9),(22c14cdc4095,9d1c6541d22336980838775b799f329be63dc5f3cba97af6e8488732d83d105e216159fe807284949d9f38196c1fde05)
/pipe=GAME_XQYFZ_CHS_123456
/mapfile=100906
/mode=1
2018-10-07 22:10:24:621 PID:1188 FM:     0  自动保存的平台路径：/replay="D:\起凡\7fgame\replay\MyGame\AutoSave\my_replays0130.7fr"  
2018-10-07 22:10:24:621 PID:1188 FM:     0  玩家保存的平台路径：/replaypath="D:\起凡\7fgame\replay\MyGame\"  
vertxt:D:\起凡\7fgame\game


-----------------------------------------------------------------
游戏开始启动, 首先获取机器配置信息
-----------------------------------------------------------------

一。操作系统:
Windows  Vista以上版本
版本号: 6,2, Build 9200
运行模式:normal mode.
系统语言: 中文简体

三。CPU:
8 个 CPU:
CPU:
  Intel(R) Core(TM) i5-8250U CPU @ 1.60GHz
VendorIdentifier:
  GenuineIntel
Identifier:
  Intel64 Family 6 Model 142 Stepping 10

四。内存:
MemoryLoad:29,
  TotalPhys:2047M, AvailPhys:2047M,
  AvailPageFile:2349M, TotalPageFile:4095M,
  AvailVirtual:1869M,TotalVirtual:2047M

五。显卡:
D3D Driver: nvldumd.dll
Description: NVIDIA GeForce MX150
Version: 23.21.13.8873

六。显示模式:
Enum displaymode: 640 x 400, 32
Enum displaymode: 640 x 480, 32
Enum displaymode: 800 x 600, 32
Enum displaymode: 1024 x 768, 32
Enum displaymode: 1152 x 864, 32
Enum displaymode: 1280 x 600, 32
Enum displaymode: 1280 x 720, 32
Enum displaymode: 1280 x 768, 32
Enum displaymode: 1280 x 800, 32
Enum displaymode: 1280 x 960, 32
Enum displaymode: 1280 x 1024, 32
Enum displaymode: 1360 x 768, 32
Enum displaymode: 1366 x 768, 32
Enum displaymode: 1400 x 1050, 32
Enum displaymode: 1440 x 900, 32
Enum displaymode: 1600 x 900, 32
Enum displaymode: 1680 x 1050, 32
Enum displaymode: 1920 x 1080, 32
Receive displaymode: 800 x 600
Receive displaymode: 1024 x 768
Receive displaymode: 1152 x 864
Receive displaymode: 1280 x 600
Receive displaymode: 1280 x 720
Receive displaymode: 1280 x 768
Receive displaymode: 1280 x 800
Receive displaymode: 1280 x 960
Receive displaymode: 1280 x 1024
Receive displaymode: 1360 x 768
Receive displaymode: 1366 x 768
Receive displaymode: 1400 x 1050
Receive displaymode: 1440 x 900
Receive displaymode: 1600 x 900
Receive displaymode: 1680 x 1050
Receive displaymode: 1920 x 1080

七。显存:
未知的显存!


八。当前路径:
D:\起凡\7fgame\game
启动时分辨率为(1920 X 1080)，对应窗口调整为(1920 X 1080)
启动时为全屏模式!
设置完窗口位置和大小之后, 客户区尺寸取出来为[1920 1080]
传入给D3D设备的窗口尺寸为[1920 1080], fullscreen = 0
启动脚本游戏平台!


// 游戏设置:
Game Screen:
  1920 X 1080
VS_1.0 Support:
  true
dot3 Support:
 true

2018-10-07 22:10:28:496 PID:1188 FM:     0  声卡驱动： 
2018-10-07 22:10:28:497 PID:1188 FM:     0  1  主声音驱动程序  
2018-10-07 22:10:28:497 PID:1188 FM:     0  2  扬声器 (Realtek High Definition Audio)  
2018-10-07 22:10:28:510 PID:1188 FM:     0  使用 主声音驱动程序  
2018-10-07 22:10:28:512 PID:1188 FM:     0  音效系统 初始化成功! 
2018-10-07 22:10:28:595 PID:1188 FM:     0  音乐系统 初始化成功! 
2018-10-07 22:10:28:615 PID:1188 FM:     0  pipe data init Success。 
设置读取地图名[sanguo_b]


调用GameInit, game logic frame 清0
启动脚本游戏平台!
do [core/gpi.o] ok!
读取地图表格, 加载地图相关脚本!
do [map/sanguo_b/sanguo_b.o] ok!
D:\起凡\7fgame\game\core\..\..\7fChatMsgFilter.dll
版本 980502003-001945-090090-sanguo:000001
[MPRender::BeginRender()]!
GameEventJoinGame[sanguo_b, 群雄逐鹿]

加载.\core\hct.o!
SetSessionInfo // 通知客户端服务器端脚本信息
LoadMap[0] = 0 
[0] begin load map[sanguo_b]
Scene : LoadMap, CreateUICha, CreateShadeArray! OK!
LoadMap[1] = 44 
LoadMap[2] = 0 
设置角色光[0.67 0.67 1.00]
[0] 成功执行map_init
[0] 下一步:生成动态障碍信息
LoadMap [3]= 703 (map_init)  
LoadMap[4] = 108 
enableb 0

roleinit_after_loadmap函数定义不存在, map=[sanguo_b]

[0] GameEvent_MapInit() ok!
LoadMap[5] = 5450 
[0] load snap ok!
LoadMap[6] = 44 
0, *,6,0
7fxp path: core\7fxp.dll
7fxp.dll Not Found
LoadMap[7] = 36 
Loading end。  32197 
67349, *,17,0
67349, HUS,1
67349, HNSC_OPEN,1
67349, HTS_OPEN,0
67349, HPS_OPEN,1
67349, HSS_OPEN,1
67349, HES_OPEN,1
67349, 982010
67349, 991755
67349, 982010
67349, 985745
67349, 982010
67349, 51002
67349, 17,20
68241, *,10,0
68241, HUS,1
68241, HNSC_OPEN,1
68241, HTS_OPEN,0
68241, HPS_OPEN,1
68241, HSS_OPEN,1
68241, HES_OPEN,1
68241, 982010
68241, 991755
68241, 982010
68241, 985745
68241, 982010
68241, 51002
68241, 10,21
Render Average Time = 0ms