set out level 1/1, 0/10000000
set out level 1/1, 0/10000000
set file level "MyRandex"(1)
set file level "MyRandex"(1)
set file level "CmdNotRun"(1)
set file level "CmdNotRun"(1)
set file level "Kongmingdeng"(1)
set file level "Kongmingdeng"(1)
set file level "Fog"(1)
set file level "Fog"(1)
set file level "init"(1)
set file level "init"(1)
set file level "error"(1)
set file level "error"(1)
set file level "net_state"(1)
set file level "net_state"(1)
set file level "buyItemCmd"(1)
set file level "buyItemCmd"(1)
set file level "!Live"(1)
set file level "!Live"(1)
set file level "!video"(1)
set file level "!video"(1)
set file level "to_wgs"(1)
set file level "to_wgs"(1)
set file level "cmd_0"(1)
set file level "cmd_0"(1)
set file level "end"(1)
set file level "end"(1)
set file level "syy_snap"(1)
set file level "syy_snap"(1)
set file level "syySnapshot"(1)
set file level "syySnapshot"(1)
set file level "live_mode"(1)
set file level "live_mode"(1)
set file level "cmd_cal_time"(1)
set file level "cmd_cal_time"(1)
set file level "do_cmd_list"(1)
set file level "do_cmd_list"(1)
set file level "turn_check"(1)
set file level "turn_check"(1)
set file level "replay_cmd"(1)
set file level "replay_cmd"(1)
set file level "voice"(1)
set file level "voice"(1)
set file level "!sound"(1)
set file level "!sound"(1)
set file level "turn"(1)
set file level "turn"(1)
set file level "cmd"(1)
set file level "cmd"(1)
set file level "allcmd"(1)
set file level "allcmd"(1)
set file level "!Looker"(1)
set file level "!Looker"(1)
set file level "hunqi"(1)
set file level "hunqi"(1)
set file level "BuyItemCheck"(0)
set file level "BuyItemCheck"(0)
set file level "WG_Report"(0)
set file level "WG_Report"(0)
set file level "PlatPlayerInfo"(0)
set file level "PlatPlayerInfo"(0)
set file level "TransModel"(0)
set file level "TransModel"(0)
set file level "goldass"(0)
set file level "goldass"(0)
set file level "mission"(0)
set file level "mission"(0)
set file level "_G output"(0)
set file level "_G output"(0)
set file level "setting"(0)
set file level "setting"(0)
set file level "kz"(0)
set file level "kz"(0)
set file level "JS"(0)
set file level "JS"(0)
set file level "JP"(0)
set file level "JP"(0)
set file level "yinshen"(0)
set file level "yinshen"(0)
set file level "MD5"(0)
set file level "MD5"(0)
set file level "GiveReconnectBonus"(0)
set file level "GiveReconnectBonus"(0)
set file level "ReconnectBonusCale"(0)
set file level "ReconnectBonusCale"(0)
set file level "CheckOldPlayer"(0)
set file level "CheckOldPlayer"(0)
set file level "Live_data"(0)
set file level "Live_data"(0)
set file level "Live_data_2"(0)
set file level "Live_data_2"(0)
set file level "sinfo"(0)
set file level "sinfo"(0)
set file level "hinfo"(0)
set file level "hinfo"(0)
set file level "pinfo"(0)
set file level "pinfo"(0)
set file level "save_time_Lua"(0)
set file level "save_time_Lua"(0)
set out level 1/1, 0/10000000
set out level 1/1, 0/10000000
set file level "cmd_17"(1)
set file level "cmd_17"(1)
set file level "loadingrank"(0)
set file level "loadingrank"(0)
set file level "loadingrank"(0)
set file level "loadingrank"(0)
set file level "loadingrank"(0)
set file level "loadingrank"(0)
set file level "loadingrank"(0)
set file level "loadingrank"(0)
set file level "loadingrank"(0)
set file level "loadingrank"(0)
set file level "loadingrank"(0)
set file level "loadingrank"(0)
set file level "loadingrank"(0)
set file level "loadingrank"(0)
set file level "loadingrank"(0)
set file level "loadingrank"(0)
set file level "loadingrank"(0)
set file level "loadingrank"(0)
set file level "loadingrank"(0)
set file level "loadingrank"(0)
set file level "loadingrank"(0)
set file level "loadingrank"(0)
set file level "loadingrank"(0)
set file level "loadingrank"(0)
set file level "loadingrank"(0)
set file level "loadingrank"(0)
set file level "loadingrank"(0)
set file level "loadingrank"(0)
set file level "loadingrank"(0)
set file level "loadingrank"(0)
set file level "loadingrank"(0)
set file level "loadingrank"(0)
set file level "loadingrank"(0)
set file level "loadingrank"(0)
set file level "loadingrank"(0)
set file level "loadingrank"(0)
set file level "loadingrank"(0)
set file level "loadingrank"(0)
set file level "hfreroll"(0)
set file level "hfreroll"(0)
set file level "eloScore"(0)
set file level "eloScore"(0)
set file level "disconnection"(0)
set file level "disconnection"(0)
set file level "cmd_17"(1)
set file level "cmd_17"(1)
set file level "PlayerBackInfo_17"(1)
set file level "PlayerBackInfo_17"(1)
set file level "HeroBackInfo_17"(1)
set file level "HeroBackInfo_17"(1)
set file level "HeroBackInfo_Extra_17"(1)
set file level "HeroBackInfo_Extra_17"(1)
set file level "HeroBackInfoNew_17"(1)
set file level "HeroBackInfoNew_17"(1)
set file level "PlayerSendInfo_17"(1)
set file level "PlayerSendInfo_17"(1)
set file level "HeroSendInfo_17"(1)
set file level "HeroSendInfo_17"(1)
set file level "PlayerDBInfo_17"(1)
set file level "PlayerDBInfo_17"(1)
set file level "PlayerBackInfo_all"(1)
set file level "PlayerBackInfo_all"(1)
set file level "HeroBackInfo_all"(1)
set file level "HeroBackInfo_all"(1)
set file level "PlayerSendInfo_all"(1)
set file level "PlayerSendInfo_all"(1)
set file level "HeroSendInfo_all"(1)
set file level "HeroSendInfo_all"(1)
set file level "PlayerDB_all"(1)
set file level "PlayerDB_all"(1)
set file level "Calculater"(1)
set file level "Calculater"(1)
set file level "scoreLOG"(1)
set file level "scoreLOG"(1)
set file level "JTPoint"(1)
set file level "JTPoint"(1)
set file level "MatchQualityLog"(1)
set file level "MatchQualityLog"(1)
set file level "PlayerBackInfo_17"(1)
set file level "PlayerBackInfo_17"(1)
set file level "HeroBackInfo_17"(1)
set file level "HeroBackInfo_17"(1)
set file level "HeroBackInfo_Extra_17"(1)
set file level "HeroBackInfo_Extra_17"(1)
set file level "HeroBackInfoNew_17"(1)
set file level "HeroBackInfoNew_17"(1)
set file level "PlayerSendInfo_17"(1)
set file level "PlayerSendInfo_17"(1)
set file level "HeroSendInfo_17"(1)
set file level "HeroSendInfo_17"(1)
set file level "PlayerDBInfo_17"(1)
set file level "PlayerDBInfo_17"(1)
set file level "PlayerBackInfo_all"(1)
set file level "PlayerBackInfo_all"(1)
set file level "HeroBackInfo_all"(1)
set file level "HeroBackInfo_all"(1)
set file level "PlayerSendInfo_all"(1)
set file level "PlayerSendInfo_all"(1)
set file level "HeroSendInfo_all"(1)
set file level "HeroSendInfo_all"(1)
set file level "PlayerDB_all"(1)
set file level "PlayerDB_all"(1)
set file level "Calculater"(1)
set file level "Calculater"(1)
set file level "scoreLOG"(1)
set file level "scoreLOG"(1)
set file level "JTPoint"(1)
set file level "JTPoint"(1)
set file level "MatchQualityLog"(1)
set file level "MatchQualityLog"(1)
set file level "PlayerBackInfo_17"(1)
set file level "PlayerBackInfo_17"(1)
set file level "HeroBackInfo_17"(1)
set file level "HeroBackInfo_17"(1)
set file level "HeroBackInfo_Extra_17"(1)
set file level "HeroBackInfo_Extra_17"(1)
set file level "HeroBackInfoNew_17"(1)
set file level "HeroBackInfoNew_17"(1)
set file level "PlayerSendInfo_17"(1)
set file level "PlayerSendInfo_17"(1)
set file level "HeroSendInfo_17"(1)
set file level "HeroSendInfo_17"(1)
set file level "PlayerDBInfo_17"(1)
set file level "PlayerDBInfo_17"(1)
set file level "PlayerBackInfo_all"(1)
set file level "PlayerBackInfo_all"(1)
set file level "HeroBackInfo_all"(1)
set file level "HeroBackInfo_all"(1)
set file level "PlayerSendInfo_all"(1)
set file level "PlayerSendInfo_all"(1)
set file level "HeroSendInfo_all"(1)
set file level "HeroSendInfo_all"(1)
set file level "PlayerDB_all"(1)
set file level "PlayerDB_all"(1)
set file level "Calculater"(1)
set file level "Calculater"(1)
set file level "scoreLOG"(1)
set file level "scoreLOG"(1)
set file level "JTPoint"(1)
set file level "JTPoint"(1)
set file level "MatchQualityLog"(1)
set file level "MatchQualityLog"(1)
set file level "PlayerBackInfo_17"(1)
set file level "PlayerBackInfo_17"(1)
set file level "HeroBackInfo_17"(1)
set file level "HeroBackInfo_17"(1)
set file level "HeroBackInfo_Extra_17"(1)
set file level "HeroBackInfo_Extra_17"(1)
set file level "HeroBackInfoNew_17"(1)
set file level "HeroBackInfoNew_17"(1)
set file level "PlayerSendInfo_17"(1)
set file level "PlayerSendInfo_17"(1)
set file level "HeroSendInfo_17"(1)
set file level "HeroSendInfo_17"(1)
set file level "PlayerDBInfo_17"(1)
set file level "PlayerDBInfo_17"(1)
set file level "PlayerBackInfo_all"(1)
set file level "PlayerBackInfo_all"(1)
set file level "HeroBackInfo_all"(1)
set file level "HeroBackInfo_all"(1)
set file level "PlayerSendInfo_all"(1)
set file level "PlayerSendInfo_all"(1)
set file level "HeroSendInfo_all"(1)
set file level "HeroSendInfo_all"(1)
set file level "PlayerDB_all"(1)
set file level "PlayerDB_all"(1)
set file level "Calculater"(1)
set file level "Calculater"(1)
set file level "scoreLOG"(1)
set file level "scoreLOG"(1)
set file level "JTPoint"(1)
set file level "JTPoint"(1)
set file level "MatchQualityLog"(1)
set file level "MatchQualityLog"(1)
set out level 1/1, 0/10000000
set out level 1/1, 0/10000000
set out level 1/1, 0/10000000
set out level 1/1, 0/10000000
set out level 1/1, 0/10000000
set out level 1/1, 0/10000000
