\\===============================================================================
屏蔽进程列表输出
屏蔽通讯设备信息输出
屏蔽网络流量输出
[10-07 22:10:28]开始连接平台客户端(平台客户端个数 2)：\\.\pipe\GAME_XQYFZ_CHS_123456
开始连接管道。管道名[\\.\pipe\GAME_XQYFZ_CHS_123456] 
连接成功
从平台管道接收到的FCM_Flag: 0
2018-10-07 22:10:28:611 PID:1188 FM:     0  管道连接成功。[2942]-[2942] 支持语音[0] 网吧ID[0][0] 
CMD_CLINET_P2G_CUSTOMDATA: lenght=78
HostSrvIP:114.55.73.72
HostSrvPort:2175
SessionName:快乐小伟丶
HostSrvSessionId:1
UserName:右耳钉丶残恋
Pos:17
UserId:109175625
MapName:sanguo_b.map
CanExchangeProp:3
PlatformVer:2.3.3.5
UserAdvType_Db:2641
UserAdvType_Ini:3513722813
UserAdvType_Reg:0
UnionId:0
TeamId:60
UnionName:
UnionJob:
UnionJob:
MapID:47
RoomID:1881
PlatLev:22
7fid:1
HostID:2676
ProxyFlag:1
ReConnectSrvIP:180.97.161.59:7500
SessionId64:6609612076182735476
OutIP:42.226.118.15
PreWuxun:1
接受到平台地图名[sanguo_b]
[10-07 22:10:28]连接平台客户端成功
连接Ping服务(114.55.73.72:1610)成功
[10-07 22:10:28]开始连接游戏服务：114.55.73.72:2175
[10-07 22:10:28]连接游戏服务成功(10.201.216.169:50227-->114.55.73.72:2175)
开始网关握手114.55.73.72:2175
ReportReconnectInfo:100/0
网关服务握手成功
关闭丢包统计
从Ping服务接收信息失败 10060
从Ping服务接收信息失败 10060
从Ping服务接收信息失败 10060
[10-07 22:10:28]Ping服务通讯失败
发送Login包 turn=0, usTurnStep=0 IsGameStart=0
魂器版本信息：0
[10-07 22:10:32]login result: server_time Sun Oct 07 22:10:29 2018, protocol_ver 1084288/1, client_ip 42.226.118.15, client_debug 0
recv session info: id 1, type 7, ver 1084288/0/0
recv player info(109175625, 3/21, 159)
	id 96087497, pos 11, name 快乐小伟丶, side 3, wImageIndex 0
	id 116096157, pos 13, name Ta跌, side 3, wImageIndex 0
	id 96246134, pos 14, name 惹火大少爷, side 3, wImageIndex 0
recv player info(109175625, 3/21, 159)
	id 92696166, pos 15, name 混沌值丶, side 3, wImageIndex 0
	id 121521743, pos 16, name q俺是新手你咋滴, side 3, wImageIndex 0
	id 109156839, pos 18, name 丶乖乖小桐, side 3, wImageIndex 0
recv player info(109175625, 3/21, 159)
	id 96261584, pos 19, name 世界如此灬残酷, side 3, wImageIndex 0
	id 45780313, pos 20, name 转角遇到你小妹, side 3, wImageIndex 0
	id 33091360, pos 1, name 狼冤, side 1, wImageIndex 0
recv player info(109175625, 3/21, 159)
	id 97513424, pos 2, name 一叶丶枫落, side 1, wImageIndex 0
	id 99787459, pos 3, name 疯狂释战魂, side 1, wImageIndex 0
	id 47284789, pos 4, name xiao小是, side 1, wImageIndex 0
recv player info(109175625, 3/21, 159)
	id 114627666, pos 5, name 狂霸王12, side 1, wImageIndex 0
	id 30362660, pos 6, name 纯属Diane猥琐, side 1, wImageIndex 0
	id 34448098, pos 7, name 爱你一场梦, side 1, wImageIndex 0
recv player info(109175625, 3/21, 159)
	id 57287033, pos 8, name Goodbye深爱的, side 1, wImageIndex 0
	id 124356257, pos 9, name RoyalMM单挑, side 1, wImageIndex 0
	id 0, pos 21, name 蜀国, side 1, wImageIndex 0
recv player info(109175625, 3/21, 159)
	id 0, pos 22, name 魏国, side 2, wImageIndex 0
	id 62169186, pos 12, name 哥灬孤霜, side 0, wImageIndex 0
	id 109175625, pos 17, name 右耳钉丶残恋, side 0, wImageIndex 0
recv option info(1, 2)
	254, 0
[10-07 22:10:32]recv control info(start 0, fps 59, turn 4, keep_alive 5)
recv score info(0)
recv item info(944, 19)
	4004, 0
	4001, 0
	4005, 0
	4007, 0
	4009, 0
	4011, 0
	4013, 0
	4018, 0
	4019, 0
	4020, 0
	4021, 0
	6001, 0
	5500, 0
	5501, 0
	5502, 0
	5000, 0
	5001, 0
	5503, 0
	5504, 0
	5505, 0
	16200, 0
	16201, 0
	16202, 0
	16203, 0
	16205, 0
	16206, 0
	16207, 0
	16208, 0
	16209, 0
	16211, 0
	16213, 0
	16214, 0
	16215, 0
	16216, 0
	16217, 0
	16521, 0
	16522, 0
	16523, 0
	16524, 0
	16525, 0
	16526, 0
	16527, 0
	16528, 0
	16529, 0
	16530, 0
	16531, 0
	16532, 0
	16534, 0
	16535, 0
	16536, 0
	16537, 0
	16538, 0
	16539, 0
	16540, 0
	16541, 0
	16542, 0
	16543, 0
	16544, 0
	16545, 0
	16548, 0
	16549, 0
	16550, 0
	16551, 0
	16552, 0
	16553, 0
	16554, 0
	16555, 0
	16556, 0
	16557, 0
	16558, 0
	16559, 0
	16560, 0
	16562, 0
	16563, 0
	16564, 0
	16565, 0
	16566, 0
	16567, 0
	16568, 0
	16569, 100
	16570, 0
	16571, 0
	16572, 0
	16573, 0
	16574, 0
	16575, 0
	16576, 0
	16577, 0
	16578, 0
	16579, 0
	16581, 0
	16582, 0
	16583, 0
	16584, 0
	16585, 0
	16586, 0
	16587, 0
	16588, 0
	16589, 0
	16590, 0
	16591, 0
	16592, 0
	16593, 0
	16594, 0
	16595, 0
	16596, 0
	16597, 0
	16598, 0
	16618, 0
	16619, 0
	16620, 0
	16621, 0
	16622, 0
	16623, 0
	16624, 0
	16625, 0
	16626, 0
	16628, 0
	16629, 0
	16630, 0
	16631, 0
	16632, 0
	16633, 0
	16634, 0
	16635, 0
	16636, 0
	16637, 0
	16638, 0
	16639, 0
	16640, 0
	16641, 0
	16642, 0
	16643, 0
	16644, 0
	16645, 0
	16646, 0
	16647, 0
	16648, 0
	16649, 0
	16650, 0
	16652, 0
	16653, 0
	16654, 0
	16655, 0
	16657, 0
	16658, 0
	16659, 0
	16660, 0
	16672, 0
	16673, 0
	16674, 0
	16675, 0
	16676, 0
	16677, 0
	16678, 0
	16679, 0
	16680, 0
	16681, 0
	16682, 0
	16683, 0
	16684, 0
	16685, 0
	16686, 0
	16687, 0
	16688, 0
	16689, 0
	16690, 0
	16692, 100
	16693, 100
	16694, 100
	16695, 100
	16703, 100
	16704, 100
	16705, 100
	16706, 100
	16707, 100
	16708, 100
	16709, 100
	16710, 0
	16716, 100
	16717, 100
	16718, 0
	16719, 100
	16731, 100
	16732, 100
	16733, 100
	16734, 100
	16735, 100
	16736, 100
	16737, 100
	16738, 100
	16740, 100
	16741, 100
	16742, 100
	16743, 100
	16744, 100
	16777, 100
	16778, 100
	16779, 100
	16780, 100
	16781, 100
	16782, 100
	16783, 100
	16784, 100
	16785, 100
	16806, 100
	16807, 100
	16808, 100
	16827, 100
	16828, 100
	16853, 100
	16854, 100
	16862, 100
	16867, 100
	16868, 100
	16869, 100
	16870, 100
	16871, 100
	16915, 100
	16923, 100
	16924, 100
	16930, 100
	16931, 100
	16932, 100
	16934, 100
	16938, 100
	16935, 100
	16936, 100
	16937, 100
	16941, 100
	16942, 100
	16943, 100
	16944, 100
	16945, 100
	16946, 100
	16947, 100
	16948, 100
	16949, 100
	16950, 100
	16951, 100
	16952, 100
	16953, 100
	16954, 100
	16955, 100
	16956, 100
	16958, 100
	16960, 100
	16961, 100
	16962, 100
	16963, 100
	16964, 100
	16965, 100
	16966, 100
	16967, 100
	16968, 100
	16969, 100
	16970, 100
	16971, 100
	16972, 100
	16973, 100
	16974, 100
	16977, 100
	16981, 100
	16982, 100
	16990, 100
	16991, 100
	16992, 100
	16993, 100
	16994, 100
	16996, 100
	16997, 100
	17001, 100
	17002, 100
	17003, 100
	17008, 100
	17009, 100
	17010, 100
	17011, 100
	17012, 100
	17013, 100
	17014, 100
	17015, 100
	17016, 100
	17017, 100
	17025, 100
	17027, 100
	17028, 100
	17029, 100
	17030, 100
	17031, 100
	17032, 100
	17034, 100
	17036, 100
	17037, 100
	17038, 100
	17039, 100
	17040, 100
	17042, 100
	17043, 100
	17061, 100
	17062, 100
	17063, 100
	17064, 100
	17065, 100
	17066, 100
	17067, 100
	17068, 100
	17069, 100
	17070, 100
	17071, 100
	17056, 100
	17057, 100
	17058, 100
	17059, 100
	17076, 100
	17077, 100
	17078, 100
	17079, 100
	17080, 100
	17081, 100
	17082, 100
	17090, 100
	17091, 100
	17092, 100
	17093, 100
	17095, 100
	17096, 100
	17097, 100
	17098, 100
	17099, 100
	17107, 100
	17108, 100
	17109, 100
	17110, 100
	17159, 100
	17160, 100
	17161, 100
	17162, 100
	17167, 100
	17168, 100
	17169, 100
	17170, 100
	17171, 100
	17177, 100
	17178, 100
	17199, 100
	17219, 100
	17220, 100
	17223, 100
	17224, 100
	17237, 100
	17239, 100
	17240, 100
	17253, 100
	17254, 100
	17255, 100
	17256, 100
	17257, 100
	17258, 100
	17259, 100
	17260, 100
	17261, 100
	17262, 100
	17263, 100
	17264, 100
	17265, 100
	17266, 100
	17273, 100
	17294, 100
	17295, 100
	17296, 100
	17297, 100
	17308, 100
	17309, 100
	17352, 100
	17358, 100
	17374, 100
	17375, 100
	17376, 100
	17377, 100
	17378, 100
	17379, 100
	17380, 100
	17381, 100
	17382, 100
	17383, 100
	17384, 100
	17386, 100
	17387, 100
	17393, 100
	17388, 100
	17389, 100
	17390, 100
	17391, 100
	17392, 100
	17395, 100
	17394, 100
	17397, 100
	17398, 100
	17399, 100
	17400, 100
	17401, 100
	17402, 100
	17403, 100
	17404, 100
	17405, 100
	17406, 100
	17407, 100
	17408, 100
	17409, 100
	17410, 100
	17411, 100
	17412, 100
	17413, 100
	17416, 100
	17417, 100
	17422, 100
	17423, 100
	17424, 100
	17425, 100
	17426, 100
	17427, 100
	17428, 100
	17433, 100
	17434, 100
	17435, 100
	17441, 100
	17443, 100
	17444, 100
	17445, 100
	17446, 100
	17447, 100
	17504, 100
	17505, 100
	17506, 100
	17507, 100
	17508, 100
	17509, 100
	17571, 100
	17574, 100
	17575, 100
	17576, 100
	17577, 100
	17578, 100
	17579, 100
	17580, 100
	17581, 100
	17582, 100
	17583, 100
	17584, 100
	17585, 100
	17586, 100
	17587, 100
	17588, 100
	17589, 100
	17590, 100
	17591, 100
	17592, 100
	17593, 100
	17594, 100
	17595, 100
	17596, 100
	17597, 100
	17598, 100
	17599, 100
	17600, 100
	17601, 100
	17602, 100
	17603, 100
	17604, 100
	17605, 100
	17606, 100
	17607, 100
	17608, 100
	17609, 100
	17610, 100
	17611, 100
	17612, 100
	17613, 100
	17614, 100
	17615, 100
	17616, 100
	17617, 100
	17618, 100
	17619, 100
	17620, 100
	17621, 100
	17622, 100
	17623, 100
	17626, 100
	17627, 100
	17628, 100
	17629, 100
	17630, 100
	17631, 100
	17632, 100
	17633, 100
	17634, 100
	17635, 100
	17636, 100
	17637, 100
	17638, 100
	17639, 100
	17640, 100
	17641, 100
	17642, 100
	17643, 100
	17644, 100
	17645, 100
	17646, 100
	17647, 100
	17648, 100
	17649, 100
	17650, 100
	17651, 100
	17652, 100
	17653, 100
	17654, 100
	17655, 100
	17656, 100
	17657, 100
	17658, 100
	17659, 100
	17660, 100
	17661, 100
	17662, 100
	17663, 100
	17664, 100
	17665, 100
	17666, 100
	17667, 100
	17668, 100
	17669, 100
	17670, 100
	17671, 100
	17672, 100
	17673, 100
	17674, 100
	17675, 100
	17676, 100
	17677, 100
	17678, 100
	17679, 100
	17680, 100
	17681, 100
	17682, 100
	17683, 100
	17684, 100
	17685, 100
	17686, 100
	17687, 100
	17688, 100
	17689, 100
	17690, 100
	17691, 100
	17692, 100
	17693, 100
	17694, 100
	17695, 100
	17696, 100
	17697, 100
	17698, 100
	17699, 100
	17700, 100
	17701, 100
	17702, 100
	17703, 100
	17704, 100
	17705, 100
	17706, 100
	17707, 100
	17708, 100
	17709, 100
	17710, 100
	17711, 100
	17712, 100
	17713, 100
	17714, 100
	17715, 100
	17716, 100
	17717, 100
	17718, 100
	17719, 100
	17720, 100
	17721, 100
	17722, 100
	17723, 100
	17724, 100
	17725, 100
	17726, 100
	17727, 100
	17728, 100
	17729, 100
	17730, 100
	17731, 100
	17732, 100
	17733, 100
	17734, 100
	17735, 100
	17736, 100
	17737, 100
	17738, 100
	17739, 100
	17740, 100
	17741, 100
	17742, 100
	17743, 100
	17744, 100
	17745, 100
	17746, 100
	17747, 100
	17748, 100
	17749, 100
	17750, 100
	17751, 100
	17752, 100
	17753, 100
	17754, 100
	17755, 100
	17756, 100
	17757, 100
	17758, 100
	17759, 100
	17760, 100
	17761, 100
	17762, 100
	17763, 100
	17764, 100
	17765, 100
	17766, 100
	17767, 100
	17768, 100
	17769, 100
	17775, 100
	17770, 100
	17771, 100
	17772, 100
	17773, 100
	17774, 100
	17776, 100
	17777, 100
	17778, 100
	17779, 100
	17780, 100
	17781, 100
	17782, 100
	17783, 100
	17784, 100
	17785, 100
	17786, 100
	17787, 100
	17788, 100
	17794, 100
	17795, 100
	17796, 100
	17797, 100
	17798, 100
	17799, 100
	17800, 100
	17801, 100
	17802, 100
	17803, 100
	17804, 100
	17805, 100
	17806, 100
	17807, 100
	17808, 100
	17809, 100
	17810, 100
	17811, 100
	17812, 100
	17813, 100
	17814, 100
	17815, 100
	17816, 100
	17817, 100
	17818, 100
	17819, 100
	17820, 100
	17821, 100
	17822, 100
	17823, 100
	17824, 100
	17825, 100
	17826, 100
	17827, 100
	17828, 100
	17829, 100
	17830, 100
	17831, 100
	17832, 100
	17833, 100
	17834, 100
	17835, 100
	17836, 100
	17837, 100
	17838, 100
	17839, 100
	17840, 100
	17841, 100
	17842, 100
	17843, 100
	17844, 100
	17845, 100
	17846, 100
	17847, 100
	17848, 100
	17849, 100
	17850, 100
	17855, 100
	17856, 100
	17857, 100
	17858, 100
	17859, 100
	17860, 100
	17861, 100
	17862, 100
	17863, 100
	17864, 100
	17865, 100
	17866, 100
	17854, 100
	17867, 100
	17868, 100
	17869, 100
	17870, 100
	17871, 100
	17872, 100
	17873, 100
	17874, 100
	17875, 100
	17876, 100
	17877, 100
	17878, 100
	17879, 100
	17880, 100
	17881, 100
	17882, 100
	17883, 100
	17884, 100
	17885, 100
	2045, 400
	2044, 1000
	2043, 1000
	2040, 30
	2039, 270
	2038, 300
	2083, 99999
	131, 99999
	3037, 4
	3038, 4
	3039, 4
	3040, 4
	3041, 4
	3042, 4
	3043, 4
	3045, 10
	3046, 10
	3047, 10
	3044, 10
	2026, 20
	2027, 20
	2042, 20
	2046, 20
	2015, 20
	2014, 20
	2013, 20
	2012, 20
	2011, 20
	154, 20
	2071, 20
	2072, 20
	2073, 20
	2074, 20
	2075, 20
	2076, 20
	2077, 20
	2078, 20
	2079, 20
	2080, 20
	2081, 20
	151, 99999
	152, 99999
	178, 100
	150, 100
	149, 100
	148, 100
	2022, 20
	2021, 20
	2020, 20
	2019, 10
	2018, 10
	2017, 20
	2016, 20
	2008, 100
	2007, 99999
	2006, 50
	2005, 50
	2004, 50
	2003, 50
	2002, 50
	141, 99999
	140, 99999
	139, 99999
	146, 99999
	2009, 99999
	185, 99999
	130, 99999
	3001, 1
	3007, 4
	3022, 4
	3023, 4
	3024, 4
	3008, 4
	3015, 8
	3016, 8
	3018, 8
	3017, 10
	3010, 10
	3021, 10
	3025, 10
	3014, 6
	3019, 6
	3020, 6
	3003, 8
	3011, 8
	3012, 10
	3013, 10
	3033, 16
	3034, 20
	3002, 1
	3009, 20
	3027, 20
	3028, 20
	3035, 20
	3036, 20
	3026, 10
	3004, 10
	3029, 10
	3030, 10
	3032, 10
	3031, 10
	3005, 100
	3006, 100
	2023, 20
	2024, 20
	2025, 20
	2047, 20
	2048, 20
	2049, 20
	2050, 20
	2051, 20
	2052, 20
	2053, 20
	2054, 20
	2055, 20
	2056, 20
	2057, 20
	2058, 20
	2059, 20
	2060, 20
	2061, 20
	2062, 20
	2063, 20
	2064, 20
	2065, 20
	2066, 20
	2067, 20
	2068, 20
	2069, 20
	2070, 20
	2094, 30
	2095, 30
	2096, 30
	2097, 30
	2104, 30
	2105, 30
	265, 1
	2041, 9999
	266, 1
	270, 0
	271, 10
	272, 20
	273, 100
	279, 5
	280, 25
	281, 50
	282, 100
	309, 10
	310, 50
	311, 100
	312, 100
	823, 10
	824, 50
	825, 100
	826, 100
	161, 99999
	2001, 99999
	341, 10
	342, 50
	343, 100
	344, 100
	10376, 5
	10377, 10
	10378, 20
	10380, 10
	10381, 15
	10382, 25
	541, 20
	542, 50
	545, 100
	546, 20
	547, 50
	548, 100
	598, 10
	599, 50
	600, 100
	601, 100
	14005, 15
	8001, 50
	8002, 100
	8003, 100
	29999, 17
	20001, 16601
	20002, 16602
	20003, 16603
	20004, 16604
	20005, 16605
	20006, 16606
	20007, 16607
	20008, 16608
	20009, 16609
	20010, 16610
	20011, 16611
	20012, 16612
	20013, 16613
	20014, 16614
	20015, 16615
	20016, 16616
	20017, 16617
	29998, 1
	21001, 16626
	22001, 16627
	2175, 100
recv room info(204)
chjex1 [0]
chjex2
[7fxp.dll] Not Load0!
recv hunqi table(0/0/0)
join game success(global_id 6609612076182735476, server_time Sun Oct 07 22:10:32 2018), begin load resource
loading step: 11/100/100
loading step: 13/100/100
loading step: 14/100/100
loading step: 15/100/100
loading step: 16/100/100
loading step: 18/100/100
loading step: 19/100/100
loading step: 20/100/100
loading step: 1/100/100
loading step: 2/100/100
loading step: 3/100/100
loading step: 4/100/100
loading step: 5/100/100
loading step: 6/100/100
loading step: 7/100/100
loading step: 8/100/100
loading step: 9/100/100
loading step: 12/100/100
recv player info(121521743, 21/21, 159)
	id 109175625, pos 17, name 右耳钉丶残恋, side 0, wImageIndex 0
	id 62169186, pos 12, name 哥灬孤霜, side 0, wImageIndex 0
	id 0, pos 22, name 魏国, side 2, wImageIndex 0
	id 0, pos 21, name 蜀国, side 1, wImageIndex 0
	id 124356257, pos 9, name RoyalMM单挑, side 1, wImageIndex 0
	id 57287033, pos 8, name Goodbye深爱的, side 1, wImageIndex 0
	id 34448098, pos 7, name 爱你一场梦, side 1, wImageIndex 0
	id 30362660, pos 6, name 纯属Diane猥琐, side 1, wImageIndex 0
	id 114627666, pos 5, name 狂霸王12, side 1, wImageIndex 0
	id 47284789, pos 4, name xiao小是, side 1, wImageIndex 0
	id 99787459, pos 3, name 疯狂释战魂, side 1, wImageIndex 0
	id 97513424, pos 2, name 一叶丶枫落, side 1, wImageIndex 0
	id 33091360, pos 1, name 狼冤, side 1, wImageIndex 0
	id 45780313, pos 20, name 转角遇到你小妹, side 3, wImageIndex 0
	id 96261584, pos 19, name 世界如此灬残酷, side 3, wImageIndex 0
	id 109156839, pos 18, name 丶乖乖小桐, side 3, wImageIndex 0
	id 121521743, pos 16, name q俺是新手你咋滴, side 3, wImageIndex 0
	id 92696166, pos 15, name 混沌值丶, side 3, wImageIndex 0
	id 96246134, pos 14, name 惹火大少爷, side 3, wImageIndex 0
	id 116096157, pos 13, name Ta跌, side 3, wImageIndex 0
	id 96087497, pos 11, name 快乐小伟丶, side 3, wImageIndex 0
2018-10-07 22:10:53:631 PID:1188 FM:     0  PlayerPlatInfoCome。NEW[2942] 
recv flag info: player 6(10100400, 000000B7)(11100020, 000000B7)
recv plat info(2664)
脚本随机种子 16998
[22:10:56] frame=66622 nStep=0, LeftTime=120
[22:10:57] frame=66626 nStep=0, LeftTime=119
[22:10:58] frame=66850 nStep=0, LeftTime=118
[22:10:59] frame=67086 nStep=0, LeftTime=117
[22:11:00] frame=67298 nStep=0, LeftTime=116
2018-10-07 22:11:00:436 PID:1188 FM: 67349  PlayerPlatInfoCome。NEW[2942] 
recv flag info: player 17(11100020, 000000B7)(11100020, 000000B7)
[22:11:01] frame=67498 nStep=0, LeftTime=115
[22:11:02] frame=67734 nStep=0, LeftTime=114
recv CMD_H2C_ADD_PLAYER_INFO curframe=67965
recv add player info(10), userid=47674059
	pos 10, name 酒醉天涯, side 0
[22:11:03] frame=67966 nStep=0, LeftTime=113
chjex5: pid=109175625, tcm=0, mid=109175625
[22:11:04] frame=68170 nStep=0, LeftTime=112
2018-10-07 22:11:04:349 PID:1188 FM: 68241  PlayerPlatInfoCome。NEW[2942] 
recv flag info: player 10(20100000, 000000BF)(11100020, 000000B7)
chjex5: pid=47674059, tcm=0, mid=109175625
[22:11:05] frame=68418 nStep=0, LeftTime=111
[22:11:06] frame=68642 nStep=0, LeftTime=110
[22:11:07] frame=68815 nStep=16, LeftTime=109
[22:11:08] frame=68877 nStep=0, LeftTime=108
[22:11:10] frame=68993 nStep=100, LeftTime=108
[10-07 22:11:10] frame=68993, 进度赶上, 取消等待!
[22:11:45] frame=71051 nStep=0, LeftTime=107
[22:11:46] frame=71115 nStep=0, LeftTime=106
[22:11:47] frame=71175 nStep=6, LeftTime=105
[22:11:48] frame=71236 nStep=0, LeftTime=104
[22:11:49] frame=71295 nStep=100, LeftTime=104
[10-07 22:11:49] frame=71295, 进度赶上, 取消等待!
[22:12:19] frame=72984 nStep=0, LeftTime=103
[22:12:20] frame=73124 nStep=48, LeftTime=102
[22:12:21] frame=73183 nStep=23, LeftTime=101
[22:12:22] frame=73241 nStep=0, LeftTime=100
[22:12:23] frame=73300 nStep=0, LeftTime=99
[22:12:24] frame=73359 nStep=100, LeftTime=99
[10-07 22:12:24] frame=73359, 进度赶上, 取消等待!
[22:12:29] frame=73643 nStep=0, LeftTime=98
[22:12:30] frame=73709 nStep=0, LeftTime=97
[22:12:31] frame=73777 nStep=0, LeftTime=96
[22:12:32] frame=73833 nStep=0, LeftTime=95
[22:12:33] frame=73893 nStep=0, LeftTime=94
[22:12:34] frame=73940 nStep=0, LeftTime=93
[22:12:35] frame=74009 nStep=0, LeftTime=92
[22:12:36] frame=74065 nStep=0, LeftTime=91
[22:12:37] frame=74126 nStep=0, LeftTime=90
[22:12:38] frame=74185 nStep=0, LeftTime=89
[22:12:39] frame=74243 nStep=0, LeftTime=88
[22:12:40] frame=74302 nStep=0, LeftTime=87
[22:12:41] frame=74361 nStep=0, LeftTime=86
[22:12:42] frame=74421 nStep=0, LeftTime=85
[22:12:43] frame=74481 nStep=0, LeftTime=84
[22:12:44] frame=74539 nStep=0, LeftTime=83
[22:12:45] frame=74597 nStep=41, LeftTime=82
[22:12:46] frame=74658 nStep=16, LeftTime=81
[22:12:47] frame=74717 nStep=0, LeftTime=80
[22:12:48] frame=74776 nStep=100, LeftTime=80
[10-07 22:12:48] frame=74776, 进度赶上, 取消等待!
[22:12:54] frame=75096 nStep=0, LeftTime=79
[22:12:55] frame=75184 nStep=38, LeftTime=78
[22:12:56] frame=75247 nStep=14, LeftTime=77
[22:12:57] frame=75308 nStep=0, LeftTime=76
[22:12:58] frame=75365 nStep=100, LeftTime=76
[10-07 22:12:58] frame=75365, 进度赶上, 取消等待!
[22:14:38] frame=81258 nStep=0, LeftTime=75
[22:14:39] frame=81325 nStep=0, LeftTime=74
[22:14:40] frame=81381 nStep=12, LeftTime=73
[22:14:41] frame=81443 nStep=0, LeftTime=72
[22:14:42] frame=81501 nStep=100, LeftTime=72
[10-07 22:14:42] frame=81501, 进度赶上, 取消等待!
[22:17:06] frame=89949 nStep=0, LeftTime=71
[22:17:07] frame=90045 nStep=48, LeftTime=70
[22:17:08] frame=90113 nStep=24, LeftTime=69
[22:17:09] frame=90177 nStep=0, LeftTime=68
[22:17:10] frame=90212 nStep=0, LeftTime=67
[22:17:11] frame=90287 nStep=0, LeftTime=66
[22:17:12] frame=90344 nStep=0, LeftTime=65
[22:17:14] frame=90409 nStep=0, LeftTime=64
[22:17:15] frame=90464 nStep=0, LeftTime=63
[22:17:17] frame=90521 nStep=0, LeftTime=62
[22:17:17] frame=90524 nStep=0, LeftTime=61
[22:17:18] frame=90621 nStep=0, LeftTime=60
[22:17:20] frame=90652 nStep=0, LeftTime=59
[22:17:20] frame=90660 nStep=0, LeftTime=58
[22:17:20] frame=90676 nStep=0, LeftTime=57
[22:17:21] frame=90836 nStep=0, LeftTime=56
[22:17:22] frame=90934 nStep=0, LeftTime=55
[22:17:23] frame=90999 nStep=0, LeftTime=54
[22:17:24] frame=91056 nStep=0, LeftTime=53
[10-07 22:17:29]客户端keep_alive超时(5)
[10-07 22:17:30], 游戏帧数[91085(22770Turn)], 底层与host server失去联系(error_code 10058, error_string 发送数据失败, ptl 605)
因为失去联系, 输出当前的网络状态:
屏蔽网络流量输出
结束输出当前的网络状态:

从Ping服务接收信息失败 10060
从Ping服务接收信息失败 10060
从Ping服务接收信息失败 10060
[10-07 22:17:30]Ping服务通讯失败
当前游戏帧数[91085], 通知脚本发生断线重连, bIs = 1, chState = 0
[10-07 22:17:30]取新的st信息, 当前st距今1834秒
[10-07 22:17:31]取到新的st信息
[10-07 22:17:31]开始连接游戏服务：114.55.73.72:2175
[10-07 22:17:34]连接游戏服务成功(10.201.216.169:50272-->114.55.73.72:2175)
开始网关握手114.55.73.72:2175
ReportReconnectInfo:100/0
网关服务握手成功
关闭丢包统计
从Ping服务接收信息失败 10060
从Ping服务接收信息失败 10060
从Ping服务接收信息失败 10060
[10-07 22:17:35]Ping服务通讯失败
发送Login包 turn=22771, usTurnStep=2 IsGameStart=1
魂器版本信息：0
当前游戏帧数[91085], 通知脚本发生断线重连, bIs = 0, chState = 1
[10-07 22:17:36]login result: server_time Sun Oct 07 22:17:36 2018, protocol_ver 1084288/1, client_ip 42.226.118.15, client_debug 0
[22:17:38] frame=91393 nStep=0, LeftTime=39
[22:17:39] frame=91577 nStep=0, LeftTime=38
[22:17:40] frame=91757 nStep=0, LeftTime=37
[22:17:41] frame=91925 nStep=0, LeftTime=36
[22:17:42] frame=92113 nStep=39, LeftTime=35
[22:17:43] frame=92181 nStep=14, LeftTime=34
[22:17:44] frame=92237 nStep=0, LeftTime=33
[22:17:45] frame=92300 nStep=100, LeftTime=33
[10-07 22:17:45] frame=92300, 进度赶上, 取消等待!
[22:19:15] frame=97602 nStep=0, LeftTime=32
[22:19:16] frame=97665 nStep=41, LeftTime=31
[22:19:17] frame=97729 nStep=16, LeftTime=30
[22:19:18] frame=97786 nStep=0, LeftTime=29
[22:19:19] frame=97845 nStep=100, LeftTime=29
[10-07 22:19:19] frame=97845, 进度赶上, 取消等待!
[22:19:47] frame=99377 nStep=0, LeftTime=28
[22:19:48] frame=99409 nStep=0, LeftTime=27
[22:19:49] frame=99465 nStep=0, LeftTime=26
[22:19:49] frame=99465 nStep=0, LeftTime=25
[22:19:49] frame=99465 nStep=0, LeftTime=24
[22:19:50] frame=99628 nStep=0, LeftTime=23
[22:19:51] frame=99731 nStep=0, LeftTime=22
[22:19:52] frame=99793 nStep=7, LeftTime=21
[22:19:53] frame=99850 nStep=0, LeftTime=20
[22:19:54] frame=99910 nStep=0, LeftTime=19
[22:19:55] frame=99967 nStep=0, LeftTime=18
[22:19:56] frame=100022 nStep=31, LeftTime=17
[22:19:57] frame=100085 nStep=6, LeftTime=16
[22:19:58] frame=100145 nStep=0, LeftTime=15
[22:19:59] frame=100205 nStep=0, LeftTime=14
[22:20:00] frame=100262 nStep=0, LeftTime=13
[22:20:01] frame=100325 nStep=0, LeftTime=12
[22:20:02] frame=100372 nStep=0, LeftTime=11
[22:20:03] frame=100430 nStep=0, LeftTime=10
[22:20:04] frame=100500 nStep=0, LeftTime=9
[22:20:05] frame=100557 nStep=0, LeftTime=8
[22:20:06] frame=100608 nStep=0, LeftTime=7
[22:20:07] frame=100675 nStep=0, LeftTime=6
[10-07 22:20:12]客户端keep_alive超时(5)
[10-07 22:20:12], 游戏帧数[100681(25169Turn)], 底层与host server失去联系(error_code 10058, error_string 发送数据失败, ptl 605)
因为失去联系, 输出当前的网络状态:
屏蔽网络流量输出
结束输出当前的网络状态:

从Ping服务接收信息失败 10060
从Ping服务接收信息失败 10060
从Ping服务接收信息失败 10060
[10-07 22:20:12]Ping服务通讯失败
当前游戏帧数[100681], 通知脚本发生断线重连, bIs = 1, chState = 0
[10-07 22:20:12]使用现有的st信息, 当前st距今160秒
[10-07 22:20:12]开始连接游戏服务：114.55.73.72:2175
[10-07 22:20:18]连接游戏服务成功(10.201.216.169:50297-->114.55.73.72:2175)
开始网关握手114.55.73.72:2175
ReportReconnectInfo:103/0
1秒内没收到网关服务的返回协议
网关服务握手失败
[10-07 22:20:19], 游戏帧数[100681(25169Turn)], 底层与host server失去联系(error_code 0, error_string 主动关闭, ptl 0)
因为失去联系, 输出当前的网络状态:
屏蔽网络流量输出
结束输出当前的网络状态:

从Ping服务接收信息失败 10060
从Ping服务接收信息失败 10060
从Ping服务接收信息失败 10060
[10-07 22:20:19]Ping服务通讯失败
当前游戏帧数[100681], 通知脚本发生断线重连, bIs = 1, chState = 0
[10-07 22:20:19]使用现有的st信息, 当前st距今168秒
[10-07 22:20:19]开始连接游戏服务：114.55.73.72:2175
[10-07 22:20:21]连接游戏服务成功(10.201.216.169:50300-->114.55.73.72:2175)
开始网关握手114.55.73.72:2175
ReportReconnectInfo:103/0
1秒内没收到网关服务的返回协议
网关服务握手失败
[10-07 22:20:22], 游戏帧数[100681(25169Turn)], 底层与host server失去联系(error_code 0, error_string 主动关闭, ptl 0)
因为失去联系, 输出当前的网络状态:
屏蔽网络流量输出
结束输出当前的网络状态:

从Ping服务接收信息失败 10060
从Ping服务接收信息失败 10060
从Ping服务接收信息失败 10060
[10-07 22:20:22]Ping服务通讯失败
当前游戏帧数[100681], 通知脚本发生断线重连, bIs = 1, chState = 0
[10-07 22:20:22]使用现有的st信息, 当前st距今170秒
[10-07 22:20:22]开始连接游戏服务：114.55.73.72:2175
[10-07 22:20:22]连接游戏服务成功(10.201.216.169:50302-->114.55.73.72:2175)
开始网关握手114.55.73.72:2175
ReportReconnectInfo:100/0
网关服务握手成功
关闭丢包统计
从Ping服务接收信息失败 10060
从Ping服务接收信息失败 10060
从Ping服务接收信息失败 10060
[10-07 22:20:23]Ping服务通讯失败
发送Login包 turn=25170, usTurnStep=2 IsGameStart=1
魂器版本信息：0
当前游戏帧数[100681], 通知脚本发生断线重连, bIs = 0, chState = 1
[10-07 22:20:24]login result: server_time Sun Oct 07 22:20:24 2018, protocol_ver 1084288/1, client_ip 42.226.118.15, client_debug 0
[10-07 22:20:24]login result: server_time Sun Oct 07 22:20:24 2018, protocol_ver 1084288/1, client_ip 42.226.118.15, client_debug 0
现在时间[10-07 22:20:24], server_time Sun Oct 07 22:20:24 2018, 您因为'加入游戏失败'将离开游戏
[10-07 22:20:24], 游戏帧数[100681(25169Turn)], 底层与host server失去联系(error_code 10058, error_string 未决的接收数据失败, ptl 301)
因为失去联系, 输出当前的网络状态:
屏蔽网络流量输出
结束输出当前的网络状态:

[100681]检查是否需要断开与host的连接, m_offline_code=4, offline_client_close=0
[100681]玩家被迫退出(非主动退出), 断开与host的连接, m_offline_code(4)==offline_client_close(0), 发出quit msg
[100681]收到WM_QUIT Message, 消息循环退出!
