0, 长度:78
0, 109175625 武勋buff:2
0, pos:17 value:0
0, 新人pos:17 value:0
0, pos:12 value:0
0, 新人pos:12 value:0
0, pos:22 value:0
0, 新人pos:22 value:0
0, pos:21 value:0
0, 新人pos:21 value:0
0, pos:9 value:0
0, 新人pos:9 value:0
0, pos:8 value:0
0, 新人pos:8 value:0
0, pos:7 value:0
0, 新人pos:7 value:0
0, pos:6 value:0
0, 新人pos:6 value:0
0, pos:5 value:0
0, 新人pos:5 value:0
0, pos:4 value:0
0, 新人pos:4 value:0
0, pos:3 value:0
0, 新人pos:3 value:0
0, pos:2 value:0
0, 新人pos:2 value:0
0, pos:1 value:0
0, 新人pos:1 value:0
0, pos:20 value:0
0, 新人pos:20 value:0
0, pos:19 value:0
0, 新人pos:19 value:0
0, pos:18 value:0
0, 新人pos:18 value:0
0, pos:16 value:0
0, 新人pos:16 value:0
0, pos:15 value:0
0, 新人pos:15 value:0
0, pos:14 value:0
0, 新人pos:14 value:0
0, pos:13 value:0
0, 新人pos:13 value:0
0, pos:11 value:0
0, 新人pos:11 value:0
66622, change_G_Tab_back in 29.507
66622, change_G_Tab_back out 29.509
66622, pos:11 value:0
66622, 新人pos:11 value:0
66622, pos:13 value:0
66622, 新人pos:13 value:0
66622, pos:14 value:0
66622, 新人pos:14 value:0
66622, pos:15 value:0
66622, 新人pos:15 value:0
66622, pos:16 value:0
66622, 新人pos:16 value:0
66622, pos:18 value:0
66622, 新人pos:18 value:0
66622, pos:19 value:0
66622, 新人pos:19 value:0
66622, pos:20 value:0
66622, 新人pos:20 value:0
66622, pos:1 value:0
66622, 新人pos:1 value:0
66622, pos:2 value:0
66622, 新人pos:2 value:0
66622, pos:3 value:0
66622, 新人pos:3 value:0
66622, pos:4 value:0
66622, 新人pos:4 value:0
66622, pos:5 value:0
66622, 新人pos:5 value:0
66622, pos:6 value:0
66622, 新人pos:6 value:0
66622, pos:7 value:0
66622, 新人pos:7 value:0
66622, pos:8 value:0
66622, 新人pos:8 value:0
66622, pos:9 value:0
66622, 新人pos:9 value:0
66622, pos:21 value:0
66622, 新人pos:21 value:0
66622, pos:22 value:0
66622, 新人pos:22 value:0
66622, pos:12 value:0
66622, 新人pos:12 value:0
66622, pos:17 value:0
66622, 新人pos:17 value:0
67965, pos:10 value:0
67965, 新人pos:10 value:0
67965, pos:11 value:0
67965, 新人pos:11 value:0
67965, pos:13 value:0
67965, 新人pos:13 value:0
67965, pos:14 value:0
67965, 新人pos:14 value:0
67965, pos:15 value:0
67965, 新人pos:15 value:0
67965, pos:16 value:0
67965, 新人pos:16 value:0
67965, pos:18 value:0
67965, 新人pos:18 value:0
67965, pos:19 value:0
67965, 新人pos:19 value:0
67965, pos:20 value:0
67965, 新人pos:20 value:0
67965, pos:1 value:0
67965, 新人pos:1 value:0
67965, pos:2 value:0
67965, 新人pos:2 value:0
67965, pos:3 value:0
67965, 新人pos:3 value:0
67965, pos:4 value:0
67965, 新人pos:4 value:0
67965, pos:5 value:0
67965, 新人pos:5 value:0
67965, pos:6 value:0
67965, 新人pos:6 value:0
67965, pos:7 value:0
67965, 新人pos:7 value:0
67965, pos:8 value:0
67965, 新人pos:8 value:0
67965, pos:9 value:0
67965, 新人pos:9 value:0
67965, pos:21 value:0
67965, 新人pos:21 value:0
67965, pos:22 value:0
67965, 新人pos:22 value:0
67965, pos:12 value:0
67965, 新人pos:12 value:0
67965, pos:17 value:0
67965, 新人pos:17 value:0
100681, game_event_before_save_game :in 600.747
100681, change_G_Tab in 600.747
100681, change_G_Tab_back_master out 600.997
100681, game_event_after_save_game :out 600.997
