2018-10-07 12:51:29:095 PID:2028 FM:     0  ReplayName = D:\起凡\7fgame\replay\MyGame\AutoSave\my_replays0127.7fr  
2018-10-07 12:51:29:095 PID:2028 FM:     0  自动保存的平台路径：/replay="D:\起凡\7fgame\replay\MyGame\AutoSave\my_replays0127.7fr"  
2018-10-07 12:51:29:095 PID:2028 FM:     0   ReplayName2 = D:\起凡\7fgame\replay\MyGame  
2018-10-07 12:51:29:095 PID:2028 FM:     0  玩家保存的平台路径：/replaypath="D:\起凡\7fgame\replay\MyGame\"  
2018-10-07 12:51:37:007 PID:2028 FM:     0  TRUN_VASL[4] 
2018-10-07 12:52:56:339 PID:2028 FM:  2985  保存录像[155426562] FM[2985] [ ] 
2018-10-07 12:52:56:349 PID:2028 FM:  2985  压缩文件[.\core\hct.o]成功。(.\core\hct.o.zip) 
2018-10-07 12:52:56:349 PID:2028 FM:  2985  FILES 0 11253 .\core\hct.o  
2018-10-07 12:52:56:351 PID:2028 FM:  2985  删除临时文件[1] [.\core\hct.o.zip]  
2018-10-07 12:53:32:619 PID:2028 FM:  5125  保存录像[155462843] FM[5125] [ ] 
2018-10-07 12:54:07:261 PID:2028 FM:  7169  保存录像[155497484] FM[7169] [ ] 
2018-10-07 12:54:42:075 PID:2028 FM:  9225  保存录像[155532296] FM[9225] [ ] 
2018-10-07 12:55:16:838 PID:2028 FM: 11273  保存录像[155567062] FM[11273] [ ] 
2018-10-07 12:55:51:482 PID:2028 FM: 13317  保存录像[155601703] FM[13317] [ ] 
2018-10-07 12:56:26:057 PID:2028 FM: 15357  保存录像[155636281] FM[15357] [ ] 
2018-10-07 12:57:01:386 PID:2028 FM: 17441  保存录像[155671609] FM[17441] [ ] 
2018-10-07 12:57:37:088 PID:2028 FM: 19549  保存录像[155707312] FM[19549] [ ] 
2018-10-07 12:58:12:213 PID:2028 FM: 21621  保存录像[155742437] FM[21621] [ ] 
2018-10-07 12:58:47:199 PID:2028 FM: 23685  保存录像[155777421] FM[23685] [ ] 
2018-10-07 12:59:22:463 PID:2028 FM: 25765  保存录像[155812687] FM[25765] [ ] 
2018-10-07 12:59:57:635 PID:2028 FM: 27841  保存录像[155847859] FM[27841] [ ] 
2018-10-07 13:00:32:792 PID:2028 FM: 29913  保存录像[155883015] FM[29913] [ ] 
2018-10-07 13:01:07:760 PID:2028 FM: 31977  保存录像[155917984] FM[31977] [ ] 
2018-10-07 13:01:42:666 PID:2028 FM: 34037  保存录像[155952890] FM[34037] [ ] 
2018-10-07 13:02:17:786 PID:2028 FM: 36109  保存录像[155988000] FM[36109] [ ] 
2018-10-07 13:02:52:823 PID:2028 FM: 38177  保存录像[156023046] FM[38177] [ ] 
2018-10-07 13:03:27:401 PID:2028 FM: 40217  保存录像[156057625] FM[40217] [ ] 
2018-10-07 13:04:02:466 PID:2028 FM: 42285  保存录像[156092687] FM[42285] [ ] 
2018-10-07 13:04:38:588 PID:2028 FM: 44417  保存录像[156128812] FM[44417] [ ] 
2018-10-07 13:05:13:431 PID:2028 FM: 46473  保存录像[156163656] FM[46473] [ ] 
2018-10-07 13:05:49:816 PID:2028 FM: 48617  保存录像[156200031] FM[48617] [ ] 
2018-10-07 13:06:25:009 PID:2028 FM: 50697  保存录像[156235234] FM[50697] [ ] 
2018-10-07 13:07:01:291 PID:2028 FM: 52837  保存录像[156271515] FM[52837] [ ] 
2018-10-07 13:07:37:088 PID:2028 FM: 54949  保存录像[156307312] FM[54949] [ ] 
2018-10-07 13:08:11:996 PID:2028 FM: 57009  保存录像[156342218] FM[57009] [ ] 
2018-10-07 13:08:46:464 PID:2028 FM: 59041  保存录像[156376687] FM[59041] [ ] 
2018-10-07 13:09:21:228 PID:2028 FM: 61093  保存录像[156411453] FM[61093] [ ] 
2018-10-07 13:09:57:025 PID:2028 FM: 63205  保存录像[156447250] FM[63205] [ ] 
2018-10-07 13:10:31:813 PID:2028 FM: 65257  保存录像[156482031] FM[65257] [ ] 
2018-10-07 13:11:07:463 PID:2028 FM: 67361  保存录像[156517687] FM[67361] [ ] 
2018-10-07 13:11:43:184 PID:2028 FM: 69469  保存录像[156553406] FM[69469] [ ] 
2018-10-07 13:12:20:011 PID:2028 FM: 71641  保存录像[156590234] FM[71641] [ ] 
2018-10-07 13:12:54:996 PID:2028 FM: 73705  保存录像[156625218] FM[73705] [ ] 
2018-10-07 13:13:29:839 PID:2028 FM: 75761  保存录像[156660062] FM[75761] [ ] 
2018-10-07 13:14:04:885 PID:2028 FM: 77829  保存录像[156695109] FM[77829] [ ] 
2018-10-07 13:14:40:682 PID:2028 FM: 79941  保存录像[156730906] FM[79941] [ ] 
2018-10-07 13:15:18:575 PID:2028 FM: 82177  保存录像[156768796] FM[82177] [ ] 
2018-10-07 13:15:53:229 PID:2028 FM: 84221  保存录像[156803453] FM[84221] [ ] 
2018-10-07 13:16:28:698 PID:2028 FM: 86313  保存录像[156838921] FM[86313] [ ] 
2018-10-07 13:17:04:948 PID:2028 FM: 88453  保存录像[156875171] FM[88453] [ ] 
2018-10-07 13:17:41:902 PID:2028 FM: 90633  保存录像[156912125] FM[90633] [ ] 
2018-10-07 13:18:16:947 PID:2028 FM: 92701  保存录像[156947171] FM[92701] [ ] 
2018-10-07 13:18:52:824 PID:2028 FM: 94817  保存录像[156983046] FM[94817] [ ] 
2018-10-07 13:19:29:700 PID:2028 FM: 96993  保存录像[157019921] FM[96993] [ ] 
2018-10-07 13:20:06:026 PID:2028 FM: 99137  保存录像[157056250] FM[99137] [ ] 
2018-10-07 13:20:42:917 PID:2028 FM:101313  保存录像[157093140] FM[101313] [ ] 
2018-10-07 13:21:19:120 PID:2028 FM:103449  保存录像[157129343] FM[103449] [ ] 
2018-10-07 13:21:54:588 PID:2028 FM:105541  保存录像[157164812] FM[105541] [ ] 
2018-10-07 13:22:30:042 PID:2028 FM:107633  保存录像[157200265] FM[107633] [ ] 
2018-10-07 13:23:06:854 PID:2028 FM:109805  保存录像[157237078] FM[109805] [ ] 
2018-10-07 13:23:42:244 PID:2028 FM:111893  保存录像[157272468] FM[111893] [ ] 
2018-10-07 13:24:17:983 PID:2028 FM:114001  保存录像[157308203] FM[114001] [ ] 
2018-10-07 13:24:53:908 PID:2028 FM:116121  保存录像[157344125] FM[116121] [ ] 
2018-10-07 13:25:29:355 PID:2028 FM:118213  保存录像[157379578] FM[118213] [ ] 
2018-10-07 13:26:07:544 PID:2028 FM:120465  保存录像[157417765] FM[120465] [ ] 
2018-10-07 13:26:42:917 PID:2028 FM:122553  保存录像[157453140] FM[122553] [ ] 
2018-10-07 13:27:18:527 PID:2028 FM:124653  保存录像[157488750] FM[124653] [ ] 
2018-10-07 13:27:54:105 PID:2028 FM:126753  保存录像[157524328] FM[126753] [ ] 
2018-10-07 13:28:30:166 PID:2028 FM:128881  保存录像[157560390] FM[128881] [ ] 
2018-10-07 13:29:06:042 PID:2028 FM:130997  保存录像[157596265] FM[130997] [ ] 
2018-10-07 13:29:43:044 PID:2028 FM:133181  保存录像[157633265] FM[133181] [ ] 
2018-10-07 13:30:19:541 PID:2028 FM:135333  保存录像[157669765] FM[135333] [ ] 
2018-10-07 13:30:55:260 PID:2028 FM:137441  保存录像[157705484] FM[137441] [ ] 
2018-10-07 13:31:18:403 PID:2028 FM:138731  填充脚本自定义数据[157728625] FM[138731] LEN[11200] 
2018-10-07 13:31:18:403 PID:2028 FM:138731  ONOVERVIDEOSYS [] 
2018-10-07 13:31:18:403 PID:2028 FM:138731  保存录像[157728625] FM[138731] [ ] 
2018-10-07 13:31:18:403 PID:2028 FM:138731  游戏结束保存录像 [1] 
2018-10-07 13:31:18:406 PID:2028 FM:138731  SAVEAS[157728625] [OK] LOCAL [log2028-2018.10.07-12.51.29/replay2028.7fr] Error[0] 
2018-10-07 13:31:18:406 PID:2028 FM:138731  SAVEAS[157728625] [OK] TARGET[D:\起凡\7fgame\replay\MyGame\AutoSave\my_replays0127.7fr] Error[0] 
2018-10-07 13:31:18:407 PID:2028 FM:138731  退出游戏(结束), code 1
 
2018-10-07 13:31:18:407 PID:2028 FM:138731  向服务器发送录像信息(无请求) 
