138731, mvp_value =444, famous_point = 1, famous_point_per = 10
138731, result_per = 1, time_per = 0.75, num_per = 1
138731, 计算经验值为341
138731, 需刷新,疲劳度为200
138731, 计算经验值为682
138731, mvp_value =408, famous_point = 1, famous_point_per = 10
138731, result_per = 1, time_per = 0.75, num_per = 1
138731, 计算经验值为314
138731, 需刷新,疲劳度为200
138731, 计算经验值为628
138731, mvp_value =364, famous_point = 1, famous_point_per = 10
138731, result_per = 1, time_per = 0.75, num_per = 1
138731, 计算经验值为281
138731, 需刷新,疲劳度为200
138731, 计算经验值为562
138731, mvp_value =223, famous_point = 0, famous_point_per = 10
138731, result_per = 1, time_per = 0.75, num_per = 1
138731, 计算经验值为167
138731, 需刷新,疲劳度为200
138731, 计算经验值为334
138731, mvp_value =391, famous_point = 0, famous_point_per = 10
138731, result_per = 1, time_per = 0.75, num_per = 1
138731, 计算经验值为293
138731, 需刷新,疲劳度为200
138731, 计算经验值为586
138731, mvp_value =500, famous_point = 7, famous_point_per = 10
138731, result_per = 1, time_per = 0.75, num_per = 1
138731, 计算经验值为428
138731, 需刷新,疲劳度为200
138731, 计算经验值为856
138731, mvp_value =225, famous_point = 0, famous_point_per = 10
138731, result_per = 1, time_per = 0.75, num_per = 1
138731, 计算经验值为169
138731, 需刷新,疲劳度为200
138731, 计算经验值为338
138731, mvp_value =417, famous_point = 1, famous_point_per = 10
138731, result_per = 1, time_per = 0.75, num_per = 1
138731, 计算经验值为320
138731, 需刷新,疲劳度为200
138731, 计算经验值为640
138731, mvp_value =484, famous_point = 3, famous_point_per = 10
138731, result_per = 1, time_per = 0.75, num_per = 1
138731, 计算经验值为386
138731, 需刷新,疲劳度为200
138731, 计算经验值为772
138731, mvp_value =303, famous_point = 0, famous_point_per = 10
138731, result_per = 1, time_per = 0.75, num_per = 1
138731, 计算经验值为227
138731, 需刷新,疲劳度为200
138731, 计算经验值为454
138731, mvp_value =500, famous_point = 1, famous_point_per = 10
138731, result_per = 0.6, time_per = 0.75, num_per = 1
138731, 计算经验值为230
138731, 需刷新,疲劳度为200
138731, 计算经验值为460
138731, mvp_value =377, famous_point = 2, famous_point_per = 10
138731, result_per = 0.6, time_per = 0.75, num_per = 1
138731, 计算经验值为179
138731, 需刷新,疲劳度为200
138731, 计算经验值为358
138731, mvp_value =443, famous_point = 0, famous_point_per = 10
138731, result_per = 0.6, time_per = 0.75, num_per = 1
138731, 计算经验值为199
138731, 需刷新,疲劳度为200
138731, 计算经验值为398
138731, mvp_value =288, famous_point = 0, famous_point_per = 10
138731, result_per = 0.6, time_per = 0.75, num_per = 1
138731, 计算经验值为130
138731, 需刷新,疲劳度为200
138731, 计算经验值为260
138731, mvp_value =279, famous_point = 0, famous_point_per = 10
138731, result_per = 0.6, time_per = 0.75, num_per = 1
138731, 计算经验值为126
138731, 需刷新,疲劳度为200
138731, 计算经验值为252
138731, mvp_value =444, famous_point = 0, famous_point_per = 10
138731, result_per = 0.6, time_per = 0.75, num_per = 1
138731, 计算经验值为200
138731, 需刷新,疲劳度为200
138731, 计算经验值为400
138731, mvp_value =361, famous_point = 0, famous_point_per = 10
138731, result_per = 0.6, time_per = 0.75, num_per = 1
138731, 计算经验值为162
138731, 需刷新,疲劳度为200
138731, 计算经验值为324
138731, mvp_value =241, famous_point = 0, famous_point_per = 10
138731, result_per = 0.6, time_per = 0.75, num_per = 1
138731, 计算经验值为108
138731, 需刷新,疲劳度为200
138731, 计算经验值为216
138731, mvp_value =413, famous_point = 0, famous_point_per = 10
138731, result_per = 0.6, time_per = 0.75, num_per = 1
138731, 计算经验值为186
138731, 需刷新,疲劳度为200
138731, 计算经验值为372
138731, mvp_value =429, famous_point = 0, famous_point_per = 10
138731, result_per = 0.6, time_per = 0.75, num_per = 1
138731, 计算经验值为193
138731, 需刷新,疲劳度为200
138731, 计算经验值为386
