138731, p_control_id = 1
138731, Old_Point = 783
138731, Add_Point = 13
138731, New_Point_Real = 796
138731, G_Tab.ELOpoint[p_control_id][ELOkind + 2] = 8690
138731, p_control_id = 2
138731, Old_Point = 720
138731, Add_Point = 13
138731, New_Point_Real = 733
138731, G_Tab.ELOpoint[p_control_id][ELOkind + 2] = 2822
138731, p_control_id = 3
138731, Old_Point = 650
138731, Add_Point = 17
138731, New_Point_Real = 667
138731, G_Tab.ELOpoint[p_control_id][ELOkind + 2] = 4133
138731, p_control_id = 4
138731, Old_Point = 640
138731, Add_Point = 17
138731, New_Point_Real = 657
138731, G_Tab.ELOpoint[p_control_id][ELOkind + 2] = 256
138731, p_control_id = 5
138731, Old_Point = 775
138731, Add_Point = 11
138731, New_Point_Real = 786
138731, G_Tab.ELOpoint[p_control_id][ELOkind + 2] = 1915
138731, p_control_id = 6
138731, Old_Point = 867
138731, Add_Point = 15
138731, New_Point_Real = 882
138731, G_Tab.ELOpoint[p_control_id][ELOkind + 2] = 856
138731, p_control_id = 7
138731, Old_Point = 720
138731, Add_Point = 13
138731, New_Point_Real = 733
138731, G_Tab.ELOpoint[p_control_id][ELOkind + 2] = 2820
138731, p_control_id = 8
138731, Old_Point = 703
138731, Add_Point = 14
138731, New_Point_Real = 717
138731, G_Tab.ELOpoint[p_control_id][ELOkind + 2] = 629
138731, p_control_id = 9
138731, Old_Point = 660
138731, Add_Point = 24
138731, New_Point_Real = 684
138731, G_Tab.ELOpoint[p_control_id][ELOkind + 2] = 1483
138731, p_control_id = 10
138731, Old_Point = 773
138731, Add_Point = 11
138731, New_Point_Real = 784
138731, G_Tab.ELOpoint[p_control_id][ELOkind + 2] = 79
138731, p_control_id = 11
138731, Old_Point = 721
138731, Add_Point = -8
138731, New_Point_Real = 713
138731, G_Tab.ELOpoint[p_control_id][ELOkind + 2] = 1149
138731, p_control_id = 12
138731, Old_Point = 633
138731, Add_Point = -12
138731, New_Point_Real = 621
138731, G_Tab.ELOpoint[p_control_id][ELOkind + 2] = 2058
138731, p_control_id = 13
138731, Old_Point = 597
138731, Add_Point = -7
138731, New_Point_Real = 590
138731, G_Tab.ELOpoint[p_control_id][ELOkind + 2] = 1800
138731, p_control_id = 14
138731, Old_Point = 764
138731, Add_Point = -18
138731, New_Point_Real = 746
138731, G_Tab.ELOpoint[p_control_id][ELOkind + 2] = 3203
138731, p_control_id = 15
138731, Old_Point = 602
138731, Add_Point = -10
138731, New_Point_Real = 592
138731, G_Tab.ELOpoint[p_control_id][ELOkind + 2] = 4037
138731, p_control_id = 16
138731, Old_Point = 718
138731, Add_Point = -9
138731, New_Point_Real = 709
138731, G_Tab.ELOpoint[p_control_id][ELOkind + 2] = 2406
138731, p_control_id = 17
138731, Old_Point = 694
138731, Add_Point = -14
138731, New_Point_Real = 680
138731, G_Tab.ELOpoint[p_control_id][ELOkind + 2] = 4924
138731, p_control_id = 18
138731, Old_Point = 457
138731, Add_Point = -6
138731, New_Point_Real = 451
138731, G_Tab.ELOpoint[p_control_id][ELOkind + 2] = 1455
138731, p_control_id = 19
138731, Old_Point = 716
138731, Add_Point = -15
138731, New_Point_Real = 701
138731, G_Tab.ELOpoint[p_control_id][ELOkind + 2] = 5234
138731, p_control_id = 20
138731, Old_Point = 715
138731, Add_Point = -15
138731, New_Point_Real = 700
138731, G_Tab.ELOpoint[p_control_id][ELOkind + 2] = 5774
