138731, control_id = 1
138731, MyMVP = 444
138731, Midmvp = 391
138731, iswin = 1
138731, control_id = 1
138731, MyMVP = 444
138731, Midmvp = 391
138731, iswin = 1
138731, control_id = 2
138731, MyMVP = 408
138731, Midmvp = 391
138731, iswin = 1
138731, control_id = 2
138731, MyMVP = 408
138731, Midmvp = 391
138731, iswin = 1
138731, control_id = 3
138731, MyMVP = 364
138731, Midmvp = 391
138731, iswin = 1
138731, control_id = 3
138731, MyMVP = 364
138731, Midmvp = 391
138731, iswin = 1
138731, control_id = 4
138731, MyMVP = 223
138731, Midmvp = 391
138731, iswin = 1
138731, control_id = 4
138731, MyMVP = 223
138731, Midmvp = 391
138731, iswin = 1
138731, control_id = 5
138731, MyMVP = 391
138731, Midmvp = 391
138731, iswin = 1
138731, control_id = 5
138731, MyMVP = 391
138731, Midmvp = 391
138731, iswin = 1
138731, control_id = 6
138731, MyMVP = 710
138731, Midmvp = 391
138731, iswin = 1
138731, control_id = 6
138731, MyMVP = 710
138731, Midmvp = 391
138731, iswin = 1
138731, control_id = 7
138731, MyMVP = 225
138731, Midmvp = 391
138731, iswin = 1
138731, control_id = 7
138731, MyMVP = 225
138731, Midmvp = 391
138731, iswin = 1
138731, control_id = 8
138731, MyMVP = 417
138731, Midmvp = 391
138731, iswin = 1
138731, control_id = 8
138731, MyMVP = 417
138731, Midmvp = 391
138731, iswin = 1
138731, control_id = 9
138731, MyMVP = 484
138731, Midmvp = 391
138731, iswin = 1
138731, control_id = 9
138731, MyMVP = 484
138731, Midmvp = 391
138731, iswin = 1
138731, control_id = 10
138731, MyMVP = 303
138731, Midmvp = 391
138731, iswin = 1
138731, control_id = 10
138731, MyMVP = 303
138731, Midmvp = 391
138731, iswin = 1
138731, control_id = 11
138731, MyMVP = 500
138731, Midmvp = 377
138731, iswin = 0
138731, control_id = 11
138731, MyMVP = 500
138731, Midmvp = 377
138731, iswin = 0
138731, control_id = 12
138731, MyMVP = 377
138731, Midmvp = 377
138731, iswin = 0
138731, control_id = 12
138731, MyMVP = 377
138731, Midmvp = 377
138731, iswin = 0
138731, control_id = 13
138731, MyMVP = 443
138731, Midmvp = 377
138731, iswin = 0
138731, control_id = 13
138731, MyMVP = 443
138731, Midmvp = 377
138731, iswin = 0
138731, control_id = 14
138731, MyMVP = 288
138731, Midmvp = 377
138731, iswin = 0
138731, control_id = 14
138731, MyMVP = 288
138731, Midmvp = 377
138731, iswin = 0
138731, control_id = 15
138731, MyMVP = 279
138731, Midmvp = 377
138731, iswin = 0
138731, control_id = 15
138731, MyMVP = 279
138731, Midmvp = 377
138731, iswin = 0
138731, control_id = 16
138731, MyMVP = 444
138731, Midmvp = 377
138731, iswin = 0
138731, control_id = 16
138731, MyMVP = 444
138731, Midmvp = 377
138731, iswin = 0
138731, control_id = 17
138731, MyMVP = 361
138731, Midmvp = 377
138731, iswin = 0
138731, control_id = 17
138731, MyMVP = 361
138731, Midmvp = 377
138731, iswin = 0
138731, control_id = 18
138731, MyMVP = 241
138731, Midmvp = 377
138731, iswin = 0
138731, control_id = 18
138731, MyMVP = 241
138731, Midmvp = 377
138731, iswin = 0
138731, control_id = 19
138731, MyMVP = 413
138731, Midmvp = 377
138731, iswin = 0
138731, control_id = 19
138731, MyMVP = 413
138731, Midmvp = 377
138731, iswin = 0
138731, control_id = 20
138731, MyMVP = 429
138731, Midmvp = 377
138731, iswin = 0
138731, control_id = 20
138731, MyMVP = 429
138731, Midmvp = 377
138731, iswin = 0
138731, control_id = 8
138731, MyMVP = 417
138731, Midmvp = 391
138731, iswin = 1
