138731, 	玩家名	controlid	天梯10V10竞技积分	普通匹配10V10竞技积分	天梯10V10局数	普通10V10局数	天梯10V10竞技加分	普通匹配10V10竞技加分	表现系数	波动系数	高分系数	当局MVP	消费信息
138731, 	后院扫地的	1	600	783	0	8690	71	13	1.2	1	1	444	1127
138731, 	月夜之神0	2	601	720	116	2822	12	13	1	1	1	408	965
138731, 	逗祸灬拍拍熊	3	561	650	404	4133	13	17	1	1	1	364	446
138731, 	凉月清酒醉人意	4	551	640	152	256	12	17	1	1	1	223	474
138731, 	qq844413961	5	632	775	34	1915	12	11	1	1	1	391	833
138731, 	lolcf	6	650	867	34	856	24	15	2	1	1	710	723
138731, 	妹灬你伤不起	7	602	720	72	2820	12	13	1	1	1	225	492
138731, 	右耳钉丶残恋	8	571	703	57	629	12	14	1	1	1	417	693
138731, 	因修罗	9	551	660	133	1483	18	24	1.5	1	1	484	544
138731, 	你是要疯啊	10	601	773	79	79	12	11	1	1	1	303	415
138731, 	小as孩love欢	11	613	721	63	1149	-6	-8	0.5	1	1	500	1021
138731, 	lin1062648530	12	580	633	40	2058	-12	-12	1	1	1	377	412
138731, 	砍白菜1号	13	580	597	10	1800	-8	-7	0.7	1	1	443	981
138731, 	qwe5418897	14	568	764	192	3203	-12	-18	1	1	1	288	825
138731, 	破了吧叽	15	551	602	165	4037	-12	-10	1	1	1	279	540
138731, 	一休哥哥7	16	610	718	111	2406	-7	-9	0.6	1	1	444	560
138731, 	妞丿想哥没	17	662	694	18	4924	-11	-14	1	1	1	361	534
138731, 	竞技只为娱乐丶	18	600	457	5	1455	-35	-6	1	1	1	241	594
138731, 	犀利哥丨钱多多	19	628	716	261	5234	-12	-15	1	1	1	413	511
138731, 	看见二B头疼	20	588	715	115	5774	-12	-15	1	1	1	429	574
138731, ***************以下是开局时的匹配信息****************
138731, 	玩家名	controlid	天梯10V10竞技积分	普通匹配10V10竞技积分	天梯10V10局数	普通10V10局数	组队系数	组队后匹配信息	消费信息	局质量
138731, 	后院扫地的	1	600	783	0	8690	1	600	1062	100
138731, 	狼牙将士;font=431205496;a=255;r=138;g=133;b=78;|return=5|;|text=月夜之神0	2	601	720	116	2822	1	601	950	100
138731, 	狼牙将士;font=431205496;a=255;r=138;g=133;b=78;|return=5|;|text=逗祸灬拍拍熊	3	561	650	404	4133	1	561	447	100
138731, 	狼牙将士;font=431205496;a=255;r=138;g=133;b=78;|return=5|;|text=凉月清酒醉人意	4	551	640	152	256	1	551	473	100
138731, 	狼牙将士;font=431205496;a=255;r=138;g=133;b=78;|return=5|;|text=qq844413961	5	632	775	34	1915	1	632	836	100
138731, 	狼牙将士;font=431205496;a=255;r=138;g=133;b=78;|return=5|;|text=lolcf	6	650	867	34	856	1	650	623	100
138731, 	狼牙将士;font=431205496;a=255;r=138;g=133;b=78;|return=5|;|text=妹灬你伤不起	7	602	720	72	2820	1	602	483	100
138731, 	狼牙将士;font=431205496;a=255;r=138;g=133;b=78;|return=5|;|text=右耳钉丶残恋	8	571	703	57	629	1	571	659	100
138731, 	狼牙将士;font=431205496;a=255;r=138;g=133;b=78;|return=5|;|text=因修罗	9	551	660	133	1483	1	551	494	100
138731, 	狼牙将士;font=431205496;a=255;r=138;g=133;b=78;|return=5|;|text=你是要疯啊	10	601	773	79	79	1	601	461	100
138731, 	狼牙将士;font=431205496;a=255;r=138;g=133;b=78;|return=5|;|text=小as孩love欢	11	613	721	63	1149	1	613	1053	100
138731, 	狼牙将士;font=431205496;a=255;r=138;g=133;b=78;|return=5|;|text=lin1062648530	12	580	633	40	2058	1	580	414	100
138731, 	狼牙将士;font=431205496;a=255;r=138;g=133;b=78;|return=5|;|text=砍白菜1号	13	580	597	10	1800	1	580	996	100
138731, 	狼牙将士;font=431205496;a=255;r=138;g=133;b=78;|return=5|;|text=qwe5418897	14	568	764	192	3203	1	568	880	100
138731, 	狼牙将士;font=431205496;a=255;r=138;g=133;b=78;|return=5|;|text=破了吧叽	15	551	602	165	4037	1	551	541	100
138731, 	狼牙将士;font=431205496;a=255;r=138;g=133;b=78;|return=5|;|text=一休哥哥7	16	610	718	111	2406	1	610	441	100
138731, 	狼牙将士;font=431205496;a=255;r=138;g=133;b=78;|return=5|;|text=妞丿想哥没	17	662	694	18	4924	1	662	547	100
138731, 	竞技只为娱乐丶	18	600	457	5	1455	1	600	507	100
138731, 	狼牙将士;font=431205496;a=255;r=138;g=133;b=78;|return=5|;|text=犀利哥丨钱多多	19	628	716	261	5234	1	628	554	100
138731, 	狼牙将士;font=431205496;a=255;r=138;g=133;b=78;|return=5|;|text=看见二B头疼	20	588	715	115	5774	1	588	567	100
138731, 更详细的记录在eloScore
