5, ***************开局查询积分**********************
5, 玩家名：lin1062648530
5, 天梯10V10竞技积分 = 580
5, 普通匹配10V10竞技积分 = 633
5, 天梯10V10局数 = 40
5, 普通10V10局数 = 2058
5, 预留 = 60
5, 段位 =  兵卒四等
5, ***************开局查询积分**********************
5, 玩家名：因修罗
5, 天梯10V10竞技积分 = 566
5, 普通匹配10V10竞技积分 = 677
5, 天梯10V10局数 = 132
5, 普通10V10局数 = 1482
5, 预留 = 32
5, 段位 =  兵卒四等
5, ***************开局查询积分**********************
5, 玩家名：lolcf
5, 天梯10V10竞技积分 = 650
5, 普通匹配10V10竞技积分 = 867
5, 天梯10V10局数 = 34
5, 普通10V10局数 = 856
5, 预留 = 100
5, 段位 =  兵卒三等
5, ***************开局查询积分**********************
5, 玩家名：砍白菜1号
5, 天梯10V10竞技积分 = 580
5, 普通匹配10V10竞技积分 = 597
5, 天梯10V10局数 = 10
5, 普通10V10局数 = 1800
5, 预留 = 76
5, 段位 =  兵卒四等
5, ***************开局查询积分**********************
5, 玩家名：你是要疯啊
5, 天梯10V10竞技积分 = 601
5, 普通匹配10V10竞技积分 = 773
5, 天梯10V10局数 = 79
5, 普通10V10局数 = 79
5, 预留 = 0
5, 段位 =  兵卒三等
5, ***************开局查询积分**********************
5, 玩家名：犀利哥丨钱多多
5, 天梯10V10竞技积分 = 628
5, 普通匹配10V10竞技积分 = 716
5, 天梯10V10局数 = 261
5, 普通10V10局数 = 5234
5, 预留 = 56
5, 段位 =  兵卒三等
5, ***************开局查询积分**********************
5, 玩家名：小as孩love欢
5, 天梯10V10竞技积分 = 613
5, 普通匹配10V10竞技积分 = 721
5, 天梯10V10局数 = 63
5, 普通10V10局数 = 1149
5, 预留 = 26
5, 段位 =  兵卒三等
5, ***************开局查询积分**********************
5, 玩家名：破了吧叽
5, 天梯10V10竞技积分 = 551
5, 普通匹配10V10竞技积分 = 602
5, 天梯10V10局数 = 165
5, 普通10V10局数 = 4037
5, 预留 = 0
5, 段位 =  兵卒四等
5, ***************开局查询积分**********************
5, 玩家名：妹灬你伤不起
5, 天梯10V10竞技积分 = 602
5, 普通匹配10V10竞技积分 = 720
5, 天梯10V10局数 = 72
5, 普通10V10局数 = 2820
5, 预留 = 4
5, 段位 =  兵卒三等
5, ***************开局查询积分**********************
5, 玩家名：妞丿想哥没
5, 天梯10V10竞技积分 = 662
5, 普通匹配10V10竞技积分 = 694
5, 天梯10V10局数 = 18
5, 普通10V10局数 = 4924
5, 预留 = 24
5, 段位 =  兵卒二等
5, ***************开局查询积分**********************
5, 玩家名：凉月清酒醉人意
5, 天梯10V10竞技积分 = 551
5, 普通匹配10V10竞技积分 = 640
5, 天梯10V10局数 = 152
5, 普通10V10局数 = 256
5, 预留 = 0
5, 段位 =  兵卒四等
5, ***************开局查询积分**********************
5, 玩家名：qwe5418897
5, 天梯10V10竞技积分 = 592
5, 普通匹配10V10竞技积分 = 780
5, 天梯10V10局数 = 191
5, 普通10V10局数 = 3202
5, 预留 = 84
5, 段位 =  兵卒四等
5, ***************开局查询积分**********************
5, 玩家名：一休哥哥7
5, 天梯10V10竞技积分 = 610
5, 普通匹配10V10竞技积分 = 718
5, 天梯10V10局数 = 111
5, 普通10V10局数 = 2406
5, 预留 = 20
5, 段位 =  兵卒三等
5, ***************开局查询积分**********************
5, 玩家名：看见二B头疼
5, 天梯10V10竞技积分 = 588
5, 普通匹配10V10竞技积分 = 715
5, 天梯10V10局数 = 115
5, 普通10V10局数 = 5774
5, 预留 = 76
5, 段位 =  兵卒四等
5, ***************开局查询积分**********************
5, 玩家名：月夜之神0
5, 天梯10V10竞技积分 = 601
5, 普通匹配10V10竞技积分 = 720
5, 天梯10V10局数 = 116
5, 普通10V10局数 = 2822
5, 预留 = 0
5, 段位 =  兵卒三等
5, ***************开局查询积分**********************
5, 玩家名：qq844413961
5, 天梯10V10竞技积分 = 632
5, 普通匹配10V10竞技积分 = 775
5, 天梯10V10局数 = 34
5, 普通10V10局数 = 1915
5, 预留 = 64
5, 段位 =  兵卒三等
5, ***************开局查询积分**********************
5, 玩家名：竞技只为娱乐丶
5, 天梯10V10竞技积分 = 600
5, 普通匹配10V10竞技积分 = 457
5, 天梯10V10局数 = 5
5, 普通10V10局数 = 1455
5, 预留 = 63
5, 段位 =  兵卒四等
5, ***************开局查询积分**********************
5, 玩家名：右耳钉丶残恋
5, 天梯10V10竞技积分 = 571
5, 普通匹配10V10竞技积分 = 703
5, 天梯10V10局数 = 57
5, 普通10V10局数 = 629
5, 预留 = 42
5, 段位 =  兵卒四等
5, ***************开局查询积分**********************
5, 玩家名：逗祸灬拍拍熊
5, 天梯10V10竞技积分 = 561
5, 普通匹配10V10竞技积分 = 650
5, 天梯10V10局数 = 404
5, 普通10V10局数 = 4133
5, 预留 = 22
5, 段位 =  兵卒四等
5, ***************开局查询积分**********************
5, 玩家名：后院扫地的
5, 天梯10V10竞技积分 = 600
5, 普通匹配10V10竞技积分 = 783
5, 天梯10V10局数 = 0
5, 普通10V10局数 = 8690
5, 预留 = 0
5, 段位 =  兵卒四等
138453, ***************开局查询积分**********************
138453, 玩家名：狼牙将士;font=431205496;a=255;r=138;g=133;b=78;|return=5|;|text=lin1062648530
138453, 天梯10V10竞技积分 = 580
138453, 普通匹配10V10竞技积分 = 633
138453, 天梯10V10局数 = 40
138453, 普通10V10局数 = 2058
138453, 预留 = 60
138453, 段位 =  兵卒四等
138453, ***************开局查询积分**********************
138453, 玩家名：狼牙将士;font=431205496;a=255;r=138;g=133;b=78;|return=5|;|text=一休哥哥7
138453, 天梯10V10竞技积分 = 610
138453, 普通匹配10V10竞技积分 = 718
138453, 天梯10V10局数 = 111
138453, 普通10V10局数 = 2406
138453, 预留 = 20
138453, 段位 =  兵卒三等
138453, ***************开局查询积分**********************
138453, 玩家名：狼牙将士;font=431205496;a=255;r=138;g=133;b=78;|return=5|;|text=犀利哥丨钱多多
138453, 天梯10V10竞技积分 = 628
138453, 普通匹配10V10竞技积分 = 716
138453, 天梯10V10局数 = 261
138453, 普通10V10局数 = 5234
138453, 预留 = 56
138453, 段位 =  兵卒三等
138453, ***************开局查询积分**********************
138453, 玩家名：狼牙将士;font=431205496;a=255;r=138;g=133;b=78;|return=5|;|text=破了吧叽
138453, 天梯10V10竞技积分 = 551
138453, 普通匹配10V10竞技积分 = 602
138453, 天梯10V10局数 = 165
138453, 普通10V10局数 = 4037
138453, 预留 = 0
138453, 段位 =  兵卒四等
138453, ***************开局查询积分**********************
138453, 玩家名：竞技只为娱乐丶
138453, 天梯10V10竞技积分 = 600
138453, 普通匹配10V10竞技积分 = 457
138453, 天梯10V10局数 = 5
138453, 普通10V10局数 = 1455
138453, 预留 = 63
138453, 段位 =  兵卒四等
138453, ***************开局查询积分**********************
138453, 玩家名：狼牙将士;font=431205496;a=255;r=138;g=133;b=78;|return=5|;|text=因修罗
138453, 天梯10V10竞技积分 = 551
138453, 普通匹配10V10竞技积分 = 660
138453, 天梯10V10局数 = 133
138453, 普通10V10局数 = 1483
138453, 预留 = 0
138453, 段位 =  兵卒四等
138453, ***************开局查询积分**********************
138453, 玩家名：狼牙将士;font=431205496;a=255;r=138;g=133;b=78;|return=5|;|text=砍白菜1号
138453, 天梯10V10竞技积分 = 580
138453, 普通匹配10V10竞技积分 = 597
138453, 天梯10V10局数 = 10
138453, 普通10V10局数 = 1800
138453, 预留 = 76
138453, 段位 =  兵卒四等
138453, ***************开局查询积分**********************
138453, 玩家名：狼牙将士;font=431205496;a=255;r=138;g=133;b=78;|return=5|;|text=qq844413961
138453, 天梯10V10竞技积分 = 632
138453, 普通匹配10V10竞技积分 = 775
138453, 天梯10V10局数 = 34
138453, 普通10V10局数 = 1915
138453, 预留 = 64
138453, 段位 =  兵卒三等
138453, ***************开局查询积分**********************
138453, 玩家名：狼牙将士;font=431205496;a=255;r=138;g=133;b=78;|return=5|;|text=月夜之神0
138453, 天梯10V10竞技积分 = 601
138453, 普通匹配10V10竞技积分 = 720
138453, 天梯10V10局数 = 116
138453, 普通10V10局数 = 2822
138453, 预留 = 0
138453, 段位 =  兵卒三等
138453, ***************开局查询积分**********************
138453, 玩家名：狼牙将士;font=431205496;a=255;r=138;g=133;b=78;|return=5|;|text=凉月清酒醉人意
138453, 天梯10V10竞技积分 = 551
138453, 普通匹配10V10竞技积分 = 640
138453, 天梯10V10局数 = 152
138453, 普通10V10局数 = 256
138453, 预留 = 0
138453, 段位 =  兵卒四等
138453, ***************开局查询积分**********************
138453, 玩家名：狼牙将士;font=431205496;a=255;r=138;g=133;b=78;|return=5|;|text=lolcf
138453, 天梯10V10竞技积分 = 650
138453, 普通匹配10V10竞技积分 = 867
138453, 天梯10V10局数 = 34
138453, 普通10V10局数 = 856
138453, 预留 = 100
138453, 段位 =  兵卒三等
138453, ***************开局查询积分**********************
138453, 玩家名：狼牙将士;font=431205496;a=255;r=138;g=133;b=78;|return=5|;|text=右耳钉丶残恋
138453, 天梯10V10竞技积分 = 571
138453, 普通匹配10V10竞技积分 = 703
138453, 天梯10V10局数 = 57
138453, 普通10V10局数 = 629
138453, 预留 = 42
138453, 段位 =  兵卒四等
138453, ***************开局查询积分**********************
138453, 玩家名：狼牙将士;font=431205496;a=255;r=138;g=133;b=78;|return=5|;|text=你是要疯啊
138453, 天梯10V10竞技积分 = 601
138453, 普通匹配10V10竞技积分 = 773
138453, 天梯10V10局数 = 79
138453, 普通10V10局数 = 79
138453, 预留 = 0
138453, 段位 =  兵卒三等
138457, ***************开局查询积分**********************
138457, 玩家名：狼牙将士;font=431205496;a=255;r=138;g=133;b=78;|return=5|;|text=妞丿想哥没
138457, 天梯10V10竞技积分 = 662
138457, 普通匹配10V10竞技积分 = 694
138457, 天梯10V10局数 = 18
138457, 普通10V10局数 = 4924
138457, 预留 = 24
138457, 段位 =  兵卒二等
138457, ***************开局查询积分**********************
138457, 玩家名：狼牙将士;font=431205496;a=255;r=138;g=133;b=78;|return=5|;|text=看见二B头疼
138457, 天梯10V10竞技积分 = 588
138457, 普通匹配10V10竞技积分 = 715
138457, 天梯10V10局数 = 115
138457, 普通10V10局数 = 5774
138457, 预留 = 76
138457, 段位 =  兵卒四等
138461, ***************开局查询积分**********************
138461, 玩家名：狼牙将士;font=431205496;a=255;r=138;g=133;b=78;|return=5|;|text=小as孩love欢
138461, 天梯10V10竞技积分 = 613
138461, 普通匹配10V10竞技积分 = 721
138461, 天梯10V10局数 = 63
138461, 普通10V10局数 = 1149
138461, 预留 = 26
138461, 段位 =  兵卒三等
138461, ***************开局查询积分**********************
138461, 玩家名：后院扫地的
138461, 天梯10V10竞技积分 = 600
138461, 普通匹配10V10竞技积分 = 783
138461, 天梯10V10局数 = 0
138461, 普通10V10局数 = 8690
138461, 预留 = 0
138461, 段位 =  兵卒四等
138461, ***************开局查询积分**********************
138461, 玩家名：狼牙将士;font=431205496;a=255;r=138;g=133;b=78;|return=5|;|text=妹灬你伤不起
138461, 天梯10V10竞技积分 = 602
138461, 普通匹配10V10竞技积分 = 720
138461, 天梯10V10局数 = 72
138461, 普通10V10局数 = 2820
138461, 预留 = 4
138461, 段位 =  兵卒三等
138469, ***************开局查询积分**********************
138469, 玩家名：狼牙将士;font=431205496;a=255;r=138;g=133;b=78;|return=5|;|text=qwe5418897
138469, 天梯10V10竞技积分 = 568
138469, 普通匹配10V10竞技积分 = 764
138469, 天梯10V10局数 = 192
138469, 普通10V10局数 = 3203
138469, 预留 = 36
138469, 段位 =  兵卒四等
138469, ***************开局查询积分**********************
138469, 玩家名：狼牙将士;font=431205496;a=255;r=138;g=133;b=78;|return=5|;|text=逗祸灬拍拍熊
138469, 天梯10V10竞技积分 = 561
138469, 普通匹配10V10竞技积分 = 650
138469, 天梯10V10局数 = 404
138469, 普通10V10局数 = 4133
138469, 预留 = 22
138469, 段位 =  兵卒四等
138731, 消费信息 = 1127
138731, ***************整理正常玩家信息**********************
138731, 玩家名：后院扫地的
138731, ELOSwitch = 1
138731, ELOkind = 2
138731, Add_Point = 13
138731, 天梯10V10竞技积分 = 71
138731, 普通匹配10V10竞技积分 = 13
138731, 天梯10V10局数 = 1
138731, 普通10V10局数 = 1
138731, 表现系数 = 1
138731, 波动系数 = 1
138731, 高分系数 = 1
138731, 消费信息 = 965
138731, ***************整理正常玩家信息**********************
138731, 玩家名：狼牙将士;font=431205496;a=255;r=138;g=133;b=78;|return=5|;|text=月夜之神0
138731, ELOSwitch = 1
138731, ELOkind = 2
138731, Add_Point = 13
138731, 天梯10V10竞技积分 = 12
138731, 普通匹配10V10竞技积分 = 13
138731, 天梯10V10局数 = 1
138731, 普通10V10局数 = 1
138731, 表现系数 = 1
138731, 波动系数 = 1
138731, 高分系数 = 1
138731, 消费信息 = 446
138731, ***************整理正常玩家信息**********************
138731, 玩家名：狼牙将士;font=431205496;a=255;r=138;g=133;b=78;|return=5|;|text=逗祸灬拍拍熊
138731, ELOSwitch = 1
138731, ELOkind = 2
138731, Add_Point = 17
138731, 天梯10V10竞技积分 = 13
138731, 普通匹配10V10竞技积分 = 17
138731, 天梯10V10局数 = 1
138731, 普通10V10局数 = 1
138731, 表现系数 = 1
138731, 波动系数 = 1
138731, 高分系数 = 1
138731, 消费信息 = 474
138731, ***************整理正常玩家信息**********************
138731, 玩家名：狼牙将士;font=431205496;a=255;r=138;g=133;b=78;|return=5|;|text=凉月清酒醉人意
138731, ELOSwitch = 1
138731, ELOkind = 2
138731, Add_Point = 17
138731, 天梯10V10竞技积分 = 12
138731, 普通匹配10V10竞技积分 = 17
138731, 天梯10V10局数 = 1
138731, 普通10V10局数 = 1
138731, 表现系数 = 1
138731, 波动系数 = 1
138731, 高分系数 = 1
138731, 消费信息 = 833
138731, ***************整理正常玩家信息**********************
138731, 玩家名：狼牙将士;font=431205496;a=255;r=138;g=133;b=78;|return=5|;|text=qq844413961
138731, ELOSwitch = 1
138731, ELOkind = 2
138731, Add_Point = 11
138731, 天梯10V10竞技积分 = 12
138731, 普通匹配10V10竞技积分 = 11
138731, 天梯10V10局数 = 1
138731, 普通10V10局数 = 1
138731, 表现系数 = 1
138731, 波动系数 = 1
138731, 高分系数 = 1
138731, 消费信息 = 723
138731, ***************整理正常玩家信息**********************
138731, 玩家名：狼牙将士;font=431205496;a=255;r=138;g=133;b=78;|return=5|;|text=lolcf
138731, ELOSwitch = 1
138731, ELOkind = 2
138731, Add_Point = 15
138731, 天梯10V10竞技积分 = 24
138731, 普通匹配10V10竞技积分 = 15
138731, 天梯10V10局数 = 1
138731, 普通10V10局数 = 1
138731, 表现系数 = 1
138731, 波动系数 = 1
138731, 高分系数 = 1
138731, 消费信息 = 492
138731, ***************整理正常玩家信息**********************
138731, 玩家名：狼牙将士;font=431205496;a=255;r=138;g=133;b=78;|return=5|;|text=妹灬你伤不起
138731, ELOSwitch = 1
138731, ELOkind = 2
138731, Add_Point = 13
138731, 天梯10V10竞技积分 = 12
138731, 普通匹配10V10竞技积分 = 13
138731, 天梯10V10局数 = 1
138731, 普通10V10局数 = 1
138731, 表现系数 = 1
138731, 波动系数 = 1
138731, 高分系数 = 1
138731, 消费信息 = 693
138731, ***************整理正常玩家信息**********************
138731, 玩家名：狼牙将士;font=431205496;a=255;r=138;g=133;b=78;|return=5|;|text=右耳钉丶残恋
138731, ELOSwitch = 1
138731, ELOkind = 2
138731, Add_Point = 14
138731, 天梯10V10竞技积分 = 12
138731, 普通匹配10V10竞技积分 = 14
138731, 天梯10V10局数 = 1
138731, 普通10V10局数 = 1
138731, 表现系数 = 1
138731, 波动系数 = 1
138731, 高分系数 = 1
138731, 消费信息 = 544
138731, ***************整理正常玩家信息**********************
138731, 玩家名：狼牙将士;font=431205496;a=255;r=138;g=133;b=78;|return=5|;|text=因修罗
138731, ELOSwitch = 1
138731, ELOkind = 2
138731, Add_Point = 24
138731, 天梯10V10竞技积分 = 18
138731, 普通匹配10V10竞技积分 = 24
138731, 天梯10V10局数 = 1
138731, 普通10V10局数 = 1
138731, 表现系数 = 1
138731, 波动系数 = 1
138731, 高分系数 = 1
138731, 消费信息 = 415
138731, ***************整理正常玩家信息**********************
138731, 玩家名：狼牙将士;font=431205496;a=255;r=138;g=133;b=78;|return=5|;|text=你是要疯啊
138731, ELOSwitch = 1
138731, ELOkind = 2
138731, Add_Point = 11
138731, 天梯10V10竞技积分 = 12
138731, 普通匹配10V10竞技积分 = 11
138731, 天梯10V10局数 = 1
138731, 普通10V10局数 = 1
138731, 表现系数 = 1
138731, 波动系数 = 1
138731, 高分系数 = 1
138731, 消费信息 = 1021
138731, ***************整理正常玩家信息**********************
138731, 玩家名：狼牙将士;font=431205496;a=255;r=138;g=133;b=78;|return=5|;|text=小as孩love欢
138731, ELOSwitch = 1
138731, ELOkind = 2
138731, Add_Point = -8
138731, 天梯10V10竞技积分 = -6
138731, 普通匹配10V10竞技积分 = -8
138731, 天梯10V10局数 = 1
138731, 普通10V10局数 = 1
138731, 表现系数 = 1
138731, 波动系数 = 1
138731, 高分系数 = 1
138731, 消费信息 = 412
138731, ***************整理正常玩家信息**********************
138731, 玩家名：狼牙将士;font=431205496;a=255;r=138;g=133;b=78;|return=5|;|text=lin1062648530
138731, ELOSwitch = 1
138731, ELOkind = 2
138731, Add_Point = -12
138731, 天梯10V10竞技积分 = -12
138731, 普通匹配10V10竞技积分 = -12
138731, 天梯10V10局数 = 1
138731, 普通10V10局数 = 1
138731, 表现系数 = 1
138731, 波动系数 = 1
138731, 高分系数 = 1
138731, 消费信息 = 981
138731, ***************整理正常玩家信息**********************
138731, 玩家名：狼牙将士;font=431205496;a=255;r=138;g=133;b=78;|return=5|;|text=砍白菜1号
138731, ELOSwitch = 1
138731, ELOkind = 2
138731, Add_Point = -7
138731, 天梯10V10竞技积分 = -8
138731, 普通匹配10V10竞技积分 = -7
138731, 天梯10V10局数 = 1
138731, 普通10V10局数 = 1
138731, 表现系数 = 1
138731, 波动系数 = 1
138731, 高分系数 = 1
138731, 消费信息 = 825
138731, ***************整理正常玩家信息**********************
138731, 玩家名：狼牙将士;font=431205496;a=255;r=138;g=133;b=78;|return=5|;|text=qwe5418897
138731, ELOSwitch = 1
138731, ELOkind = 2
138731, Add_Point = -18
138731, 天梯10V10竞技积分 = -12
138731, 普通匹配10V10竞技积分 = -18
138731, 天梯10V10局数 = 1
138731, 普通10V10局数 = 1
138731, 表现系数 = 1
138731, 波动系数 = 1
138731, 高分系数 = 1
138731, 消费信息 = 540
138731, ***************整理正常玩家信息**********************
138731, 玩家名：狼牙将士;font=431205496;a=255;r=138;g=133;b=78;|return=5|;|text=破了吧叽
138731, ELOSwitch = 1
138731, ELOkind = 2
138731, Add_Point = -10
138731, 天梯10V10竞技积分 = -12
138731, 普通匹配10V10竞技积分 = -10
138731, 天梯10V10局数 = 1
138731, 普通10V10局数 = 1
138731, 表现系数 = 1
138731, 波动系数 = 1
138731, 高分系数 = 1
138731, 消费信息 = 560
138731, ***************整理正常玩家信息**********************
138731, 玩家名：狼牙将士;font=431205496;a=255;r=138;g=133;b=78;|return=5|;|text=一休哥哥7
138731, ELOSwitch = 1
138731, ELOkind = 2
138731, Add_Point = -9
138731, 天梯10V10竞技积分 = -7
138731, 普通匹配10V10竞技积分 = -9
138731, 天梯10V10局数 = 1
138731, 普通10V10局数 = 1
138731, 表现系数 = 1
138731, 波动系数 = 1
138731, 高分系数 = 1
138731, 消费信息 = 534
138731, ***************整理正常玩家信息**********************
138731, 玩家名：狼牙将士;font=431205496;a=255;r=138;g=133;b=78;|return=5|;|text=妞丿想哥没
138731, ELOSwitch = 1
138731, ELOkind = 2
138731, Add_Point = -14
138731, 天梯10V10竞技积分 = -11
138731, 普通匹配10V10竞技积分 = -14
138731, 天梯10V10局数 = 1
138731, 普通10V10局数 = 1
138731, 表现系数 = 1
138731, 波动系数 = 1
138731, 高分系数 = 1
138731, 消费信息 = 594
138731, ***************整理正常玩家信息**********************
138731, 玩家名：竞技只为娱乐丶
138731, ELOSwitch = 1
138731, ELOkind = 2
138731, Add_Point = -6
138731, 天梯10V10竞技积分 = -35
138731, 普通匹配10V10竞技积分 = -6
138731, 天梯10V10局数 = 1
138731, 普通10V10局数 = 1
138731, 表现系数 = 1
138731, 波动系数 = 1
138731, 高分系数 = 1
138731, 消费信息 = 511
138731, ***************整理正常玩家信息**********************
138731, 玩家名：狼牙将士;font=431205496;a=255;r=138;g=133;b=78;|return=5|;|text=犀利哥丨钱多多
138731, ELOSwitch = 1
138731, ELOkind = 2
138731, Add_Point = -15
138731, 天梯10V10竞技积分 = -12
138731, 普通匹配10V10竞技积分 = -15
138731, 天梯10V10局数 = 1
138731, 普通10V10局数 = 1
138731, 表现系数 = 1
138731, 波动系数 = 1
138731, 高分系数 = 1
138731, 消费信息 = 574
138731, ***************整理正常玩家信息**********************
138731, 玩家名：狼牙将士;font=431205496;a=255;r=138;g=133;b=78;|return=5|;|text=看见二B头疼
138731, ELOSwitch = 1
138731, ELOkind = 2
138731, Add_Point = -15
138731, 天梯10V10竞技积分 = -12
138731, 普通匹配10V10竞技积分 = -15
138731, 天梯10V10局数 = 1
138731, 普通10V10局数 = 1
138731, 表现系数 = 1
138731, 波动系数 = 1
138731, 高分系数 = 1
138731, ***************整理正常玩家信息**********************
138731, 玩家名：蜀国
138731, ELOSwitch = 1
138731, ELOkind = 1
138731, Add_Point = 0
138731, 天梯10V10竞技积分 = 0
138731, 普通匹配10V10竞技积分 = 0
138731, 天梯10V10局数 = 1
138731, 普通10V10局数 = 0
138731, 表现系数 = 1
138731, 波动系数 = 1
138731, 高分系数 = 1
138731, ***************整理正常玩家信息**********************
138731, 玩家名：魏国
138731, ELOSwitch = 1
138731, ELOkind = 1
138731, Add_Point = 0
138731, 天梯10V10竞技积分 = 0
138731, 普通匹配10V10竞技积分 = 0
138731, 天梯10V10局数 = 1
138731, 普通10V10局数 = 0
138731, 表现系数 = 1
138731, 波动系数 = 1
138731, 高分系数 = 1
138731, ***************整理正常玩家信息**********************
138731, 玩家名：中立敌对
138731, ELOSwitch = 1
138731, ELOkind = 1
138731, Add_Point = 0
138731, 天梯10V10竞技积分 = 0
138731, 普通匹配10V10竞技积分 = 0
138731, 天梯10V10局数 = 1
138731, 普通10V10局数 = 0
138731, 表现系数 = 1
138731, 波动系数 = 1
138731, 高分系数 = 1
138731, ***************整理正常玩家信息**********************
138731, 玩家名：中立无敌意
138731, ELOSwitch = 1
138731, ELOkind = 1
138731, Add_Point = 0
138731, 天梯10V10竞技积分 = 0
138731, 普通匹配10V10竞技积分 = 0
138731, 天梯10V10局数 = 1
138731, 普通10V10局数 = 0
138731, 表现系数 = 1
138731, 波动系数 = 1
138731, 高分系数 = 1
