5, tab[4]  总的局数 = 57
5, tab[5]  赢 = 27
5, tab[6]  输 = 29
5, tab[7]  异常 = 1
5, tab[8]  断线 = 2
5, tab[9]  游戏的时间 = 2197
5, tab[10]  游戏经验值 = 0
5, tab[11]  名将 = 41
5, tab[12]  MVP = 1
5, tab[13]  破敌 = 1
5, tab[14]  偏将 = 4
5, tab[15]  军医 = 2
5, tab[16]  牺牲 = 7
5, tab[17]  破营 = 1
5, tab[18]  富豪 = 2
5, tab[19]  英魂 = 2
5, tab[20]  歼灭英雄数 = 789
5, tab[21]  消灭普通单位 = 4827
5, tab[22]  摧毁建筑数 = 41
5, tab[23]  死亡数 = 905
5, tab[24]  MVP值 = 21350
5, tab[25]  伤害输出 = 4995617
5, tab[26]  治疗输出 = 86941
5, tab[27]  承受伤害 = 7163144
5, tab[28]  金钱 = 5125378
5, tab[29]  助攻数 = 1384
5, tab[30]  对建筑造成的伤害值 = 247379
5, tab[31]  斥候 = 0
