32009, 1/153
32009, result=true
43509, 1/152
43509, result=true
43615, 5/151
43615, result=true
58321, 2/146
58321, result=true
58440, 10/144
58440, result=true
58516, 20/134
58516, result=true
63365, 2/114
63365, result=true
68288, 2/112
68288, result=true
68371, 10/110
68371, result=true
72863, 2/100
72863, result=true
72983, 10/98
72983, result=true
81059, 2/88
81059, result=true
81163, 10/86
81163, result=true
81257, 20/76
81257, result=true
98851, 2/56
98851, result=true
104578, 2/54
104578, result=true
104662, 10/52
104662, result=true
104762, 20/42
104762, result=true
110638, 2/22
110638, result=true
110726, 10/20
110726, result=true
119653, 2/10
119653, result=true
128254, 2/8
128254, result=true
