138436, ===[1][后院扫地的][蔡文姬]===
138436, 0
138436, 0
138436, 0
138436, --------
138436, 关羽 精忠 ★
138436, 郭嘉 精忠 ★
138436, 甘宁 精忠 ★
138436, 青龙 ★ ★
138436, 朱雀 ★
138436, 生命偷取 + 8.64％
138436, 伤害减免 + 2.7％
138436, 法术伤害 + 29.64
138436, 法力上限 + 207.36
138436, 移动速度 + 14
138436, 法术暴击伤害 + 6.48％
138436, 冷却缩减 + 12.6％
138436, 物理防御 + 1.56
138436, 法术伤害 + 2.59％
138436, ===[2][月夜之神0][郭嘉]===
138436, 0
138436, 0
138436, 0
138436, --------
138436, 魏延 精忠 ★
138436, 黄忠 穿云逐日 ★ ★
138436, 青龙 ★
138436, 玄武 ★
138436, 朱雀 ★
138436, 基础攻击速度 + 3.6％
138436, 法术抗性 + 1.56
138436, 法术伤害 + 29.64
138436, 法术伤害 + 5.18％
138436, 移动速度 + 26.6
138436, 法术穿透 + 0.91
138436, 法术暴击伤害 + 6.48％
138436, 生命上限 + 150
138436, 每秒法力恢复 + 0.52
138436, ===[3][逗祸灬拍拍熊][关羽]===
138436, 0
138436, 0
138436, 0
138436, --------
138436, 文丑 精忠 ★
138436, 诸葛瑾 精忠 ★
138436, 赵云 精忠 ★
138436, 白虎 ★ ★
138436, 朱雀 ★
138436, 击中生命恢复 + 77.76
138436, 生命偷取 + 17.28％
138436, 生命上限 + 447.27
138436, 移动速度 + 32.4
138436, 暴击伤害 + 12.96％
138436, ===[4][凉月清酒醉人意][陆逊]===
138436, 0
138436, 0
138436, 0
138436, 0
138436, --------
138436, 物理攻击 + 9.4
138436, 护甲穿透 + 1.06
138436, 生命偷取 + 4.8％
138436, 暴击概率 + 3％
138436, 击中生命恢复 + 14.4
138436, 暴击伤害 + 13.2％
138436, 护甲穿透 + 2.5％
138436, 物理攻击 + 2％
138436, 攻击速度 + 6％
138436, ===[5][qq844413961][祝融夫人]===
138436, 0
138436, 0
138436, 0
138436, --------
138436, 祝融夫人 精忠 ★ ★
138436, 白虎 ★ ★ ★
138436, 护甲穿透 + 2.08
138436, 暴击伤害 + 25.92％
138436, 基础攻击速度 + 3.6％
138436, 法术伤害 + 9.88
138436, 移动速度 + 19.8
138436, 生命上限 + 223.18
138436, 物理防御 + 1.56
138436, 每秒获得金钱 + 0.65
138436, 暴击概率 + 5.4％
138436, ===[6][lolcf][甄姬]===
138436, 0
138436, 0
138436, 0
138436, --------
138436, 荀攸 精忠 ★
138436, 郭嘉 精忠 ★
138436, 贾诩 精忠 ★
138436, 白虎 ★ ★ ★
138436, 物理攻击 + 14.79
138436, 攻击速度 + 12.96％
138436, 生命偷取 + 8.64％
138436, 暴击概率 + 10.8％
138436, 移动速度 + 13
138436, 物理攻击 + 4.32％
138436, 基础攻击速度 + 3.6％
138436, 物理防御 + 1.56
138436, 击中生命恢复 + 25.92
138436, 暴击伤害 + 12.96％
138436, ===[7][妹灬你伤不起][周瑜]===
138436, 0
138436, 0
138436, 0
138436, --------
138436, 颜良 精忠 ★
138436, 曹休 精忠 ★
138436, 青龙 ★
138436, 白虎 ★
138436, 玄武 ★
138436, 击中生命恢复 + 25.92
138436, 伤害减免 + 2.7％
138436, 法术伤害 + 19.76
138436, 法术吸血 + 8.64％
138436, 移动速度 + 18.8
138436, 每秒法力恢复 + 0.52
138436, 法术暴击概率 + 4.5％
138436, 生命上限 + 149.09
138436, 物理防御 + 1.56
138436, 控制时间减免 + 8.64％
138436, ===[8][右耳钉丶残恋][马云禄]===
138436, 0
138436, 0
138436, 0
138436, --------
138436, 甘宁 精忠 ★
138436, 颜良 精忠 ★
138436, 鲁肃 精忠 ★
138436, 青龙 ★ ★ ★
138436, 物理攻击 + 14.79
138436, 击中生命恢复 + 25.92
138436, 生命偷取 + 8.64％
138436, 护甲穿透 + 9％
138436, 移动速度 + 16.8
138436, 护甲穿透 + 1.04
138436, 物理攻击 + 8.64％
138436, 物理防御 + 1.56
138436, 生命上限 + 75
138436, ===[9][因修罗][邓芝]===
138436, 0
138436, 0
138436, 0
138436, --------
138436, 青龙 ★
138436, 白虎 ★
138436, 朱雀 ★
138436, 物理攻击 + 4.93
138436, 护甲穿透 + 1.04
138436, 生命偷取 + 8.64％
138436, 暴击概率 + 5.4％
138436, 移动速度 + 19.8
138436, 生命上限 + 223.18
138436, 每秒生命恢复 + 2.59
138436, 控制时间减免 + 8.64％
138436, 复活时间 + -14.39％
138436, 物理防御 + 1.56
138436, 生命上限 + 3.24％
138436, ===[10][你是要疯啊][贾诩]===
138436, 0
138436, 0
138436, 0
138436, 0
138436, 0
138436, --------
138436, 青龙 ★
138436, 护甲穿透 + 0.98
138436, 法术伤害 + 6.72
138436, 物理攻击 + 9.63
138436, 物理攻击 + 2.4％
138436, 护甲穿透 + 2.5％
138436, 攻击速度 + 12.96％
138436, 生命偷取 + 8.64％
138436, 基础攻击速度 + 3.6％
138436, 移动速度 + 5
138436, 每秒生命恢复 + 2.4
138436, 控制时间减免 + 8％
138436, ===[11][小as孩love欢][马超]===
138436, 0
138436, 0
138436, 0
138436, 0
138436, 0
138436, 0
138436, 0
138436, --------
138436, 物理攻击 + 10.96
138436, 击中生命恢复 + 14.4
138436, 护甲穿透 + 2.5％
138436, 法术伤害 + 1.44％
138436, 护甲穿透 + 1.16
138436, 暴击伤害 + 14.4％
138436, 伤害减免 + 1.5％
138436, 法术伤害 + 5.92
138436, 生命上限 + 41.16
138436, 法术抗性 + 0.86
138436, 生命上限 + 1.8％
138436, 移动速度 + 6
138436, 攻击速度 + 7.2％
138436, 生命偷取 + 4.8％
138436, 暴击概率 + 3％
138436, 基础攻击速度 + 2％
138436, 物理攻击 + 2％
138436, 法术穿透 + 0.42
138436, ===[12][lin1062648530][华佗]===
138436, 0
138436, 0
138436, 0
138436, --------
138436, 许褚 精忠 ★ ★
138436, 玄武 ★ ★ ★
138436, 法术伤害 + 29.64
138436, 每秒法力恢复 + 1.04
138436, 法术吸血 + 4.32％
138436, 法术暴击概率 + 4.5％
138436, 移动速度 + 13
138436, 暴击概率 + 5.4％
138436, 法术伤害 + 2.59％
138436, 法力上限 + 103.68
138436, 法术暴击伤害 + 6.48％
138436, 冷却缩减 + 6.3％
138436, ===[13][砍白菜1号][邓艾]===
138436, 0
138436, 0
138436, 0
138436, --------
138436, 马岱 精忠 ★
138436, 鲁肃 精忠 ★
138436, 白虎 ★ ★ ★
138436, 物理攻击 + 14.79
138436, 护甲穿透 + 3.12
138436, 暴击伤害 + 38.88％
138436, 移动速度 + 32.4
138436, 生命上限 + 225
138436, ===[14][qwe5418897][诸葛瑾]===
138436, 0
138436, 0
138436, 0
138436, --------
138436, 蒋琬 精忠 ★
138436, 郭嘉 精忠 ★
138436, 朱雀 ★ ★ ★
138436, 移动速度 + 25.6
138436, 法术伤害 + 19.76
138436, 法术穿透 + 1.82
138436, 法术伤害 + 5.18％
138436, 生命上限 + 150
138436, 物理攻击 + 4.93
138436, 暴击概率 + 5.4％
138436, 法术抗性 + 1.56
138436, 法术吸血 + 4.32％
138436, ===[15][破了吧叽][司马懿]===
138436, 0
138436, 0
138436, 0
138436, --------
138436, 法正 精忠 ★ ★ ★
138436, 朱雀 ★ ★ ★
138436, 暴击伤害 + 12.96％
138436, 法术伤害 + 29.64
138436, 法术穿透 + 0.91
138436, 法术穿透 + 9％
138436, 移动速度 + 11
138436, 物理防御 + 1.56
138436, 法术暴击伤害 + 6.48％
138436, 每秒法力恢复 + 0.52
138436, 法术伤害 + 2.59％
138436, 冷却缩减 + 6.3％
138436, ===[16][一休哥哥7][马岱]===
138436, 0
138436, 0
138436, 0
138436, --------
138436, 曹休 精忠 ★ ★
138436, 马岱 精忠 ★
138436, 白虎 ★ ★ ★
138436, 法术伤害 + 9.88
138436, 法力上限 + 103.68
138436, 法术吸血 + 4.32％
138436, 法术穿透 + 4.5％
138436, 移动速度 + 11
138436, 物理攻击 + 9.86
138436, 护甲穿透 + 1.04
138436, 生命偷取 + 8.64％
138436, 基础攻击速度 + 3.6％
138436, 物理攻击 + 4.32％
138436, 护甲穿透 + 4.5％
138436, 每秒生命恢复 + 2.59
138436, ===[17][妞丿想哥没][魏延]===
138436, 0
138436, 0
138436, 0
138436, --------
138436, 司马懿 精忠 ★
138436, 华佗 精忠 ★
138436, 贾诩 精忠 ★
138436, 青龙 ★ ★
138436, 玄武 ★
138436, 暴击伤害 + 25.92％
138436, 移动速度 + 19.8
138436, 法术伤害 + 29.64
138436, 法术穿透 + 0.91
138436, 生命上限 + 75
138436, 护甲穿透 + 1.04
138436, 生命偷取 + 8.64％
138436, 伤害减免 + 2.7％
138436, 物理防御 + 1.56
138436, 冷却缩减 + 6.3％
138436, ===[18][竞技只为娱乐丶][蒋琬]===
138436, --------
138436, ===[19][犀利哥丨钱多多][孙权]===
138436, 0
138436, 0
138436, 0
138436, 0
138436, 0
138436, 0
138436, --------
138436, 法术伤害 + 32.94
138436, 法术穿透 + 3
138436, 法术暴击伤害 + 18％
138436, 法术暴击概率 + 12.5％
138436, 法术伤害 + 1.44％
138436, 冷却缩减 + 3.5％
138436, ===[20][看见二B头疼][华雄]===
138436, 0
138436, 0
138436, 0
138436, --------
138436, 曹休 精忠 ★
138436, 青龙 ★
138436, 朱雀 ★ ★
138436, 物理攻击 + 14.79
138436, 击中生命恢复 + 25.92
138436, 生命偷取 + 17.28％
138436, 护甲穿透 + 9％
138436, 移动速度 + 11
138436, 物理攻击 + 4.32％
138436, 基础攻击速度 + 3.6％
138436, 法术穿透 + 0.91
138436, 攻击速度 + 12.96％
