138731, 89879314,后院扫地的,330,8
138731, 92066266,月夜之神0,88,1024
138731, 116919771,逗祸灬拍拍熊,29,16
138731, 124534541,凉月清酒醉人意,186,0
138731, 55596280,qq844413961,85,0
138731, 115377725,lolcf,180,131
138731, 96984432,妹灬你伤不起,61,0
138731, 109175625,右耳钉丶残恋,328,64
138731, 123154458,因修罗,260,4
138731, 124665037,你是要疯啊,146,0
138731, 96389291,小as孩love欢,149,256
138731, 59621218,lin1062648530,26,544
138731, 97236274,砍白菜1号,255,0
138731, 116717336,qwe5418897,268,0
138731, 96895122,破了吧叽,13,0
138731, 70907570,一休哥哥7,141,0
138731, 88737084,妞丿想哥没,50,0
138731, 109311361,竞技只为娱乐丶,277,0
138731, 92360169,犀利哥丨钱多多,188,0
138731, 103163707,看见二B头疼,385,0
