138731, 存储数据, 玩家1,后院扫地的,1项画质: 1	数据长度是1	数据类型为number
138731, 存储数据, 玩家1,后院扫地的,2项滚屏速度: 15	数据长度是8	数据类型为number
138731, 存储数据, 玩家1,后院扫地的,3项更新内容面板开关: 0	数据长度是1	数据类型为number
138731, 存储数据, 玩家1,后院扫地的,4项游戏版本号: 1696	数据长度是16	数据类型为number
138731, 存储数据, 玩家1,后院扫地的,5项语音: 0	数据长度是1	数据类型为number
138731, 存储数据, 玩家1,后院扫地的,6项音响: 0	数据长度是1	数据类型为number
138731, 存储数据, 玩家1,后院扫地的,7项麦克风: 0	数据长度是1	数据类型为number
138731, 存储数据, 玩家1,后院扫地的,8项音响大小: 0	数据长度是8	数据类型为number
138731, 存储数据, 玩家1,后院扫地的,9项麦克风大小: 0	数据长度是8	数据类型为number
138731, 存储数据, 玩家1,后院扫地的,10项未知: 1	数据长度是1	数据类型为number
138731, 存储数据, 玩家1,后院扫地的,11项光照: 100	数据长度是8	数据类型为number
138731, 存储数据, 玩家1,后院扫地的,12项新F11面板模式: 1	数据长度是1	数据类型为number
138731, 存储数据, 玩家1,后院扫地的,13项血条区分敌我: 1	数据长度是1	数据类型为number
138731, 存储数据, 玩家1,后院扫地的,14项快捷键1: 41	数据长度是16	数据类型为number
138731, 存储数据, 玩家1,后院扫地的,15项快捷键2: 43	数据长度是16	数据类型为number
138731, 存储数据, 玩家1,后院扫地的,16项快捷键3: 61	数据长度是16	数据类型为number
138731, 存储数据, 玩家1,后院扫地的,17项快捷键4: 42	数据长度是16	数据类型为number
138731, 存储数据, 玩家1,后院扫地的,18项快捷键5: 56	数据长度是16	数据类型为number
138731, 存储数据, 玩家1,后院扫地的,19项快捷键6: 53	数据长度是16	数据类型为number
138731, 存储数据, 玩家1,后院扫地的,20项快捷键7: 541	数据长度是16	数据类型为number
138731, 存储数据, 玩家1,后院扫地的,21项快捷键8: 542	数据长度是16	数据类型为number
138731, 存储数据, 玩家1,后院扫地的,22项快捷键9: 543	数据长度是16	数据类型为number
138731, 存储数据, 玩家1,后院扫地的,23项快捷键10: 544	数据长度是16	数据类型为number
138731, 存储数据, 玩家1,后院扫地的,24项快捷键11: 545	数据长度是16	数据类型为number
138731, 存储数据, 玩家1,后院扫地的,25项快捷键12: 546	数据长度是16	数据类型为number
138731, 存储数据, 玩家1,后院扫地的,26项快捷键13: 547	数据长度是16	数据类型为number
138731, 存储数据, 玩家1,后院扫地的,27项快捷键14: 548	数据长度是16	数据类型为number
138731, 存储数据, 玩家1,后院扫地的,28项快捷键15: 549	数据长度是16	数据类型为number
138731, 存储数据, 玩家1,后院扫地的,29项快捷键16: 573	数据长度是16	数据类型为number
138731, 存储数据, 玩家1,后院扫地的,30项快捷键17: 555	数据长度是16	数据类型为number
138731, 存储数据, 玩家1,后院扫地的,31项快捷键18: 568	数据长度是16	数据类型为number
138731, 存储数据, 玩家1,后院扫地的,32项是否显示刀光: 1	数据长度是1	数据类型为number
138731, 存储数据, 玩家1,后院扫地的,33项显示刀光编号: 14	数据长度是8	数据类型为number
138731, 存储数据, 玩家1,后院扫地的,34项不显示翅膀: 0	数据长度是1	数据类型为number
138731, 存储数据, 玩家1,后院扫地的,35项显示翅膀编号: 40	数据长度是8	数据类型为number
138731, 存储数据, 玩家1,后院扫地的,36项孔明灯: 0	数据长度是8	数据类型为number
138731, 存储数据, 玩家1,后院扫地的,37项免控表现: 0	数据长度是8	数据类型为number
138731, 存储数据, 玩家1,后院扫地的,38项窗口锁定: 0	数据长度是8	数据类型为number
138731, 存储数据, 玩家1,后院扫地的,39项打孔明灯: 0	数据长度是8	数据类型为number
138731, 存储数据, 玩家1,后院扫地的,40项小地图头像: 3	数据长度是8	数据类型为number
138731, 存储数据, 玩家1,后院扫地的,41项画笔库6: 0	数据长度是8	数据类型为number
138731, 存储数据, 玩家1,后院扫地的,42项画笔库7: 0	数据长度是8	数据类型为number
138731, 存储数据, 玩家1,后院扫地的,43项画笔库8: 0	数据长度是8	数据类型为number
138731, 存储数据, 玩家1,后院扫地的,44项会员功能1: 1	数据长度是1	数据类型为number
138731, 存储数据, 玩家1,后院扫地的,45项会员功能2: 1	数据长度是1	数据类型为number
138731, 存储数据, 玩家1,后院扫地的,46项会员功能3: 0	数据长度是1	数据类型为number
138731, 存储数据, 玩家1,后院扫地的,47项会员功能4: 1	数据长度是1	数据类型为number
138731, 存储数据, 玩家1,后院扫地的,48项会员功能5: 1	数据长度是1	数据类型为number
138731, 存储数据, 玩家1,后院扫地的,49项会员功能6: 1	数据长度是1	数据类型为number
138731, 存储数据, 玩家1,后院扫地的,50项会员功能7: 1	数据长度是1	数据类型为number
138731, 存储数据, 玩家1,后院扫地的,51项会员功能8: 1	数据长度是1	数据类型为number
138731, 存储数据, 玩家1,后院扫地的,52项新商店左侧扩展面板: 1	数据长度是1	数据类型为number
138731, 存储数据, 玩家1,后院扫地的,53项新商店上部扩展面板: 1	数据长度是1	数据类型为number
138731, 存储数据, 玩家1,后院扫地的,54项新商店购买方式: 0	数据长度是1	数据类型为number
138731, 存储数据, 玩家1,后院扫地的,55项新商店商店模式: 1	数据长度是1	数据类型为number
138731, 存储数据, 玩家1,后院扫地的,56项预扣血模式: 0	数据长度是1	数据类型为number
138731, 存储数据, 玩家1,后院扫地的,57项回城特效: 7	数据长度是8	数据类型为number
138731, 存储数据, 玩家2,月夜之神0,1项画质: 1	数据长度是1	数据类型为number
138731, 存储数据, 玩家2,月夜之神0,2项滚屏速度: 8	数据长度是8	数据类型为number
138731, 存储数据, 玩家2,月夜之神0,3项更新内容面板开关: 0	数据长度是1	数据类型为number
138731, 存储数据, 玩家2,月夜之神0,4项游戏版本号: 1696	数据长度是16	数据类型为number
138731, 存储数据, 玩家2,月夜之神0,5项语音: 1	数据长度是1	数据类型为number
138731, 存储数据, 玩家2,月夜之神0,6项音响: 0	数据长度是1	数据类型为number
138731, 存储数据, 玩家2,月夜之神0,7项麦克风: 0	数据长度是1	数据类型为number
138731, 存储数据, 玩家2,月夜之神0,8项音响大小: 0	数据长度是8	数据类型为number
138731, 存储数据, 玩家2,月夜之神0,9项麦克风大小: 0	数据长度是8	数据类型为number
138731, 存储数据, 玩家2,月夜之神0,10项未知: 1	数据长度是1	数据类型为number
138731, 存储数据, 玩家2,月夜之神0,11项光照: 34	数据长度是8	数据类型为number
138731, 存储数据, 玩家2,月夜之神0,12项新F11面板模式: 0	数据长度是1	数据类型为number
138731, 存储数据, 玩家2,月夜之神0,13项血条区分敌我: 1	数据长度是1	数据类型为number
138731, 存储数据, 玩家2,月夜之神0,14项快捷键1: 41	数据长度是16	数据类型为number
138731, 存储数据, 玩家2,月夜之神0,15项快捷键2: 43	数据长度是16	数据类型为number
138731, 存储数据, 玩家2,月夜之神0,16项快捷键3: 61	数据长度是16	数据类型为number
138731, 存储数据, 玩家2,月夜之神0,17项快捷键4: 42	数据长度是16	数据类型为number
138731, 存储数据, 玩家2,月夜之神0,18项快捷键5: 56	数据长度是16	数据类型为number
138731, 存储数据, 玩家2,月夜之神0,19项快捷键6: 53	数据长度是16	数据类型为number
138731, 存储数据, 玩家2,月夜之神0,20项快捷键7: 64	数据长度是16	数据类型为number
138731, 存储数据, 玩家2,月夜之神0,21项快捷键8: 62	数据长度是16	数据类型为number
138731, 存储数据, 玩家2,月夜之神0,22项快捷键9: 44	数据长度是16	数据类型为number
138731, 存储数据, 玩家2,月夜之神0,23项快捷键10: 544	数据长度是16	数据类型为number
138731, 存储数据, 玩家2,月夜之神0,24项快捷键11: 545	数据长度是16	数据类型为number
138731, 存储数据, 玩家2,月夜之神0,25项快捷键12: 546	数据长度是16	数据类型为number
138731, 存储数据, 玩家2,月夜之神0,26项快捷键13: 547	数据长度是16	数据类型为number
138731, 存储数据, 玩家2,月夜之神0,27项快捷键14: 548	数据长度是16	数据类型为number
138731, 存储数据, 玩家2,月夜之神0,28项快捷键15: 549	数据长度是16	数据类型为number
138731, 存储数据, 玩家2,月夜之神0,29项快捷键16: 59	数据长度是16	数据类型为number
138731, 存储数据, 玩家2,月夜之神0,30项快捷键17: 555	数据长度是16	数据类型为number
138731, 存储数据, 玩家2,月夜之神0,31项快捷键18: 568	数据长度是16	数据类型为number
138731, 存储数据, 玩家2,月夜之神0,32项是否显示刀光: 1	数据长度是1	数据类型为number
138731, 存储数据, 玩家2,月夜之神0,33项显示刀光编号: 10	数据长度是8	数据类型为number
138731, 存储数据, 玩家2,月夜之神0,34项不显示翅膀: 0	数据长度是1	数据类型为number
138731, 存储数据, 玩家2,月夜之神0,35项显示翅膀编号: 5	数据长度是8	数据类型为number
138731, 存储数据, 玩家2,月夜之神0,36项孔明灯: 0	数据长度是8	数据类型为number
138731, 存储数据, 玩家2,月夜之神0,37项免控表现: 0	数据长度是8	数据类型为number
138731, 存储数据, 玩家2,月夜之神0,38项窗口锁定: 0	数据长度是8	数据类型为number
138731, 存储数据, 玩家2,月夜之神0,39项打孔明灯: 0	数据长度是8	数据类型为number
138731, 存储数据, 玩家2,月夜之神0,40项小地图头像: 0	数据长度是8	数据类型为number
138731, 存储数据, 玩家2,月夜之神0,41项画笔库6: 0	数据长度是8	数据类型为number
138731, 存储数据, 玩家2,月夜之神0,42项画笔库7: 0	数据长度是8	数据类型为number
138731, 存储数据, 玩家2,月夜之神0,43项画笔库8: 0	数据长度是8	数据类型为number
138731, 存储数据, 玩家2,月夜之神0,44项会员功能1: 1	数据长度是1	数据类型为number
138731, 存储数据, 玩家2,月夜之神0,45项会员功能2: 1	数据长度是1	数据类型为number
138731, 存储数据, 玩家2,月夜之神0,46项会员功能3: 0	数据长度是1	数据类型为number
138731, 存储数据, 玩家2,月夜之神0,47项会员功能4: 1	数据长度是1	数据类型为number
138731, 存储数据, 玩家2,月夜之神0,48项会员功能5: 1	数据长度是1	数据类型为number
138731, 存储数据, 玩家2,月夜之神0,49项会员功能6: 1	数据长度是1	数据类型为number
138731, 存储数据, 玩家2,月夜之神0,50项会员功能7: 1	数据长度是1	数据类型为number
138731, 存储数据, 玩家2,月夜之神0,51项会员功能8: 1	数据长度是1	数据类型为number
138731, 存储数据, 玩家2,月夜之神0,52项新商店左侧扩展面板: 1	数据长度是1	数据类型为number
138731, 存储数据, 玩家2,月夜之神0,53项新商店上部扩展面板: 1	数据长度是1	数据类型为number
138731, 存储数据, 玩家2,月夜之神0,54项新商店购买方式: 0	数据长度是1	数据类型为number
138731, 存储数据, 玩家2,月夜之神0,55项新商店商店模式: 1	数据长度是1	数据类型为number
138731, 存储数据, 玩家2,月夜之神0,56项预扣血模式: 0	数据长度是1	数据类型为number
138731, 存储数据, 玩家2,月夜之神0,57项回城特效: 0	数据长度是8	数据类型为number
138731, 存储数据, 玩家3,逗祸灬拍拍熊,1项画质: 1	数据长度是1	数据类型为number
138731, 存储数据, 玩家3,逗祸灬拍拍熊,2项滚屏速度: 20	数据长度是8	数据类型为number
138731, 存储数据, 玩家3,逗祸灬拍拍熊,3项更新内容面板开关: 0	数据长度是1	数据类型为number
138731, 存储数据, 玩家3,逗祸灬拍拍熊,4项游戏版本号: 1696	数据长度是16	数据类型为number
138731, 存储数据, 玩家3,逗祸灬拍拍熊,5项语音: 0	数据长度是1	数据类型为number
138731, 存储数据, 玩家3,逗祸灬拍拍熊,6项音响: 0	数据长度是1	数据类型为number
138731, 存储数据, 玩家3,逗祸灬拍拍熊,7项麦克风: 0	数据长度是1	数据类型为number
138731, 存储数据, 玩家3,逗祸灬拍拍熊,8项音响大小: 0	数据长度是8	数据类型为number
138731, 存储数据, 玩家3,逗祸灬拍拍熊,9项麦克风大小: 0	数据长度是8	数据类型为number
138731, 存储数据, 玩家3,逗祸灬拍拍熊,10项未知: 1	数据长度是1	数据类型为number
138731, 存储数据, 玩家3,逗祸灬拍拍熊,11项光照: 99	数据长度是8	数据类型为number
138731, 存储数据, 玩家3,逗祸灬拍拍熊,12项新F11面板模式: 1	数据长度是1	数据类型为number
138731, 存储数据, 玩家3,逗祸灬拍拍熊,13项血条区分敌我: 1	数据长度是1	数据类型为number
138731, 存储数据, 玩家3,逗祸灬拍拍熊,14项快捷键1: 41	数据长度是16	数据类型为number
138731, 存储数据, 玩家3,逗祸灬拍拍熊,15项快捷键2: 43	数据长度是16	数据类型为number
138731, 存储数据, 玩家3,逗祸灬拍拍熊,16项快捷键3: 61	数据长度是16	数据类型为number
138731, 存储数据, 玩家3,逗祸灬拍拍熊,17项快捷键4: 42	数据长度是16	数据类型为number
138731, 存储数据, 玩家3,逗祸灬拍拍熊,18项快捷键5: 56	数据长度是16	数据类型为number
138731, 存储数据, 玩家3,逗祸灬拍拍熊,19项快捷键6: 44	数据长度是16	数据类型为number
138731, 存储数据, 玩家3,逗祸灬拍拍熊,20项快捷键7: 541	数据长度是16	数据类型为number
138731, 存储数据, 玩家3,逗祸灬拍拍熊,21项快捷键8: 542	数据长度是16	数据类型为number
138731, 存储数据, 玩家3,逗祸灬拍拍熊,22项快捷键9: 543	数据长度是16	数据类型为number
138731, 存储数据, 玩家3,逗祸灬拍拍熊,23项快捷键10: 544	数据长度是16	数据类型为number
138731, 存储数据, 玩家3,逗祸灬拍拍熊,24项快捷键11: 545	数据长度是16	数据类型为number
138731, 存储数据, 玩家3,逗祸灬拍拍熊,25项快捷键12: 546	数据长度是16	数据类型为number
138731, 存储数据, 玩家3,逗祸灬拍拍熊,26项快捷键13: 547	数据长度是16	数据类型为number
138731, 存储数据, 玩家3,逗祸灬拍拍熊,27项快捷键14: 548	数据长度是16	数据类型为number
138731, 存储数据, 玩家3,逗祸灬拍拍熊,28项快捷键15: 549	数据长度是16	数据类型为number
138731, 存储数据, 玩家3,逗祸灬拍拍熊,29项快捷键16: 573	数据长度是16	数据类型为number
138731, 存储数据, 玩家3,逗祸灬拍拍熊,30项快捷键17: 555	数据长度是16	数据类型为number
138731, 存储数据, 玩家3,逗祸灬拍拍熊,31项快捷键18: 568	数据长度是16	数据类型为number
138731, 存储数据, 玩家3,逗祸灬拍拍熊,32项是否显示刀光: 1	数据长度是1	数据类型为number
138731, 存储数据, 玩家3,逗祸灬拍拍熊,33项显示刀光编号: 8	数据长度是8	数据类型为number
138731, 存储数据, 玩家3,逗祸灬拍拍熊,34项不显示翅膀: 0	数据长度是1	数据类型为number
138731, 存储数据, 玩家3,逗祸灬拍拍熊,35项显示翅膀编号: 4	数据长度是8	数据类型为number
138731, 存储数据, 玩家3,逗祸灬拍拍熊,36项孔明灯: 0	数据长度是8	数据类型为number
138731, 存储数据, 玩家3,逗祸灬拍拍熊,37项免控表现: 0	数据长度是8	数据类型为number
138731, 存储数据, 玩家3,逗祸灬拍拍熊,38项窗口锁定: 0	数据长度是8	数据类型为number
138731, 存储数据, 玩家3,逗祸灬拍拍熊,39项打孔明灯: 0	数据长度是8	数据类型为number
138731, 存储数据, 玩家3,逗祸灬拍拍熊,40项小地图头像: 3	数据长度是8	数据类型为number
138731, 存储数据, 玩家3,逗祸灬拍拍熊,41项画笔库6: 0	数据长度是8	数据类型为number
138731, 存储数据, 玩家3,逗祸灬拍拍熊,42项画笔库7: 0	数据长度是8	数据类型为number
138731, 存储数据, 玩家3,逗祸灬拍拍熊,43项画笔库8: 0	数据长度是8	数据类型为number
138731, 存储数据, 玩家3,逗祸灬拍拍熊,44项会员功能1: 1	数据长度是1	数据类型为number
138731, 存储数据, 玩家3,逗祸灬拍拍熊,45项会员功能2: 1	数据长度是1	数据类型为number
138731, 存储数据, 玩家3,逗祸灬拍拍熊,46项会员功能3: 1	数据长度是1	数据类型为number
138731, 存储数据, 玩家3,逗祸灬拍拍熊,47项会员功能4: 1	数据长度是1	数据类型为number
138731, 存储数据, 玩家3,逗祸灬拍拍熊,48项会员功能5: 1	数据长度是1	数据类型为number
138731, 存储数据, 玩家3,逗祸灬拍拍熊,49项会员功能6: 1	数据长度是1	数据类型为number
138731, 存储数据, 玩家3,逗祸灬拍拍熊,50项会员功能7: 1	数据长度是1	数据类型为number
138731, 存储数据, 玩家3,逗祸灬拍拍熊,51项会员功能8: 1	数据长度是1	数据类型为number
138731, 存储数据, 玩家3,逗祸灬拍拍熊,52项新商店左侧扩展面板: 1	数据长度是1	数据类型为number
138731, 存储数据, 玩家3,逗祸灬拍拍熊,53项新商店上部扩展面板: 1	数据长度是1	数据类型为number
138731, 存储数据, 玩家3,逗祸灬拍拍熊,54项新商店购买方式: 0	数据长度是1	数据类型为number
138731, 存储数据, 玩家3,逗祸灬拍拍熊,55项新商店商店模式: 1	数据长度是1	数据类型为number
138731, 存储数据, 玩家3,逗祸灬拍拍熊,56项预扣血模式: 0	数据长度是1	数据类型为number
138731, 存储数据, 玩家3,逗祸灬拍拍熊,57项回城特效: 0	数据长度是8	数据类型为number
138731, 存储数据, 玩家4,凉月清酒醉人意,1项画质: 1	数据长度是1	数据类型为number
138731, 存储数据, 玩家4,凉月清酒醉人意,2项滚屏速度: 11	数据长度是8	数据类型为number
138731, 存储数据, 玩家4,凉月清酒醉人意,3项更新内容面板开关: 0	数据长度是1	数据类型为number
138731, 存储数据, 玩家4,凉月清酒醉人意,4项游戏版本号: 1696	数据长度是16	数据类型为number
138731, 存储数据, 玩家4,凉月清酒醉人意,5项语音: 0	数据长度是1	数据类型为number
138731, 存储数据, 玩家4,凉月清酒醉人意,6项音响: 0	数据长度是1	数据类型为number
138731, 存储数据, 玩家4,凉月清酒醉人意,7项麦克风: 0	数据长度是1	数据类型为number
138731, 存储数据, 玩家4,凉月清酒醉人意,8项音响大小: 0	数据长度是8	数据类型为number
138731, 存储数据, 玩家4,凉月清酒醉人意,9项麦克风大小: 0	数据长度是8	数据类型为number
138731, 存储数据, 玩家4,凉月清酒醉人意,10项未知: 1	数据长度是1	数据类型为number
138731, 存储数据, 玩家4,凉月清酒醉人意,11项光照: 99	数据长度是8	数据类型为number
138731, 存储数据, 玩家4,凉月清酒醉人意,12项新F11面板模式: 1	数据长度是1	数据类型为number
138731, 存储数据, 玩家4,凉月清酒醉人意,13项血条区分敌我: 1	数据长度是1	数据类型为number
138731, 存储数据, 玩家4,凉月清酒醉人意,14项快捷键1: 41	数据长度是16	数据类型为number
138731, 存储数据, 玩家4,凉月清酒醉人意,15项快捷键2: 43	数据长度是16	数据类型为number
138731, 存储数据, 玩家4,凉月清酒醉人意,16项快捷键3: 61	数据长度是16	数据类型为number
138731, 存储数据, 玩家4,凉月清酒醉人意,17项快捷键4: 42	数据长度是16	数据类型为number
138731, 存储数据, 玩家4,凉月清酒醉人意,18项快捷键5: 56	数据长度是16	数据类型为number
138731, 存储数据, 玩家4,凉月清酒醉人意,19项快捷键6: 53	数据长度是16	数据类型为number
138731, 存储数据, 玩家4,凉月清酒醉人意,20项快捷键7: 541	数据长度是16	数据类型为number
138731, 存储数据, 玩家4,凉月清酒醉人意,21项快捷键8: 542	数据长度是16	数据类型为number
138731, 存储数据, 玩家4,凉月清酒醉人意,22项快捷键9: 543	数据长度是16	数据类型为number
138731, 存储数据, 玩家4,凉月清酒醉人意,23项快捷键10: 544	数据长度是16	数据类型为number
138731, 存储数据, 玩家4,凉月清酒醉人意,24项快捷键11: 545	数据长度是16	数据类型为number
138731, 存储数据, 玩家4,凉月清酒醉人意,25项快捷键12: 546	数据长度是16	数据类型为number
138731, 存储数据, 玩家4,凉月清酒醉人意,26项快捷键13: 547	数据长度是16	数据类型为number
138731, 存储数据, 玩家4,凉月清酒醉人意,27项快捷键14: 548	数据长度是16	数据类型为number
138731, 存储数据, 玩家4,凉月清酒醉人意,28项快捷键15: 549	数据长度是16	数据类型为number
138731, 存储数据, 玩家4,凉月清酒醉人意,29项快捷键16: 573	数据长度是16	数据类型为number
138731, 存储数据, 玩家4,凉月清酒醉人意,30项快捷键17: 555	数据长度是16	数据类型为number
138731, 存储数据, 玩家4,凉月清酒醉人意,31项快捷键18: 568	数据长度是16	数据类型为number
138731, 存储数据, 玩家4,凉月清酒醉人意,32项是否显示刀光: 1	数据长度是1	数据类型为number
138731, 存储数据, 玩家4,凉月清酒醉人意,33项显示刀光编号: 7	数据长度是8	数据类型为number
138731, 存储数据, 玩家4,凉月清酒醉人意,34项不显示翅膀: 0	数据长度是1	数据类型为number
138731, 存储数据, 玩家4,凉月清酒醉人意,35项显示翅膀编号: 54	数据长度是8	数据类型为number
138731, 存储数据, 玩家4,凉月清酒醉人意,36项孔明灯: 0	数据长度是8	数据类型为number
138731, 存储数据, 玩家4,凉月清酒醉人意,37项免控表现: 0	数据长度是8	数据类型为number
138731, 存储数据, 玩家4,凉月清酒醉人意,38项窗口锁定: 0	数据长度是8	数据类型为number
138731, 存储数据, 玩家4,凉月清酒醉人意,39项打孔明灯: 0	数据长度是8	数据类型为number
138731, 存储数据, 玩家4,凉月清酒醉人意,40项小地图头像: 3	数据长度是8	数据类型为number
138731, 存储数据, 玩家4,凉月清酒醉人意,41项画笔库6: 0	数据长度是8	数据类型为number
138731, 存储数据, 玩家4,凉月清酒醉人意,42项画笔库7: 0	数据长度是8	数据类型为number
138731, 存储数据, 玩家4,凉月清酒醉人意,43项画笔库8: 0	数据长度是8	数据类型为number
138731, 存储数据, 玩家4,凉月清酒醉人意,44项会员功能1: 1	数据长度是1	数据类型为number
138731, 存储数据, 玩家4,凉月清酒醉人意,45项会员功能2: 1	数据长度是1	数据类型为number
138731, 存储数据, 玩家4,凉月清酒醉人意,46项会员功能3: 1	数据长度是1	数据类型为number
138731, 存储数据, 玩家4,凉月清酒醉人意,47项会员功能4: 1	数据长度是1	数据类型为number
138731, 存储数据, 玩家4,凉月清酒醉人意,48项会员功能5: 1	数据长度是1	数据类型为number
138731, 存储数据, 玩家4,凉月清酒醉人意,49项会员功能6: 1	数据长度是1	数据类型为number
138731, 存储数据, 玩家4,凉月清酒醉人意,50项会员功能7: 1	数据长度是1	数据类型为number
138731, 存储数据, 玩家4,凉月清酒醉人意,51项会员功能8: 1	数据长度是1	数据类型为number
138731, 存储数据, 玩家4,凉月清酒醉人意,52项新商店左侧扩展面板: 1	数据长度是1	数据类型为number
138731, 存储数据, 玩家4,凉月清酒醉人意,53项新商店上部扩展面板: 1	数据长度是1	数据类型为number
138731, 存储数据, 玩家4,凉月清酒醉人意,54项新商店购买方式: 0	数据长度是1	数据类型为number
138731, 存储数据, 玩家4,凉月清酒醉人意,55项新商店商店模式: 1	数据长度是1	数据类型为number
138731, 存储数据, 玩家4,凉月清酒醉人意,56项预扣血模式: 0	数据长度是1	数据类型为number
138731, 存储数据, 玩家4,凉月清酒醉人意,57项回城特效: 0	数据长度是8	数据类型为number
138731, 存储数据, 玩家5,qq844413961,1项画质: 1	数据长度是1	数据类型为number
138731, 存储数据, 玩家5,qq844413961,2项滚屏速度: 23	数据长度是8	数据类型为number
138731, 存储数据, 玩家5,qq844413961,3项更新内容面板开关: 1	数据长度是1	数据类型为number
138731, 存储数据, 玩家5,qq844413961,4项游戏版本号: 1696	数据长度是16	数据类型为number
138731, 存储数据, 玩家5,qq844413961,5项语音: 0	数据长度是1	数据类型为number
138731, 存储数据, 玩家5,qq844413961,6项音响: 0	数据长度是1	数据类型为number
138731, 存储数据, 玩家5,qq844413961,7项麦克风: 0	数据长度是1	数据类型为number
138731, 存储数据, 玩家5,qq844413961,8项音响大小: 0	数据长度是8	数据类型为number
138731, 存储数据, 玩家5,qq844413961,9项麦克风大小: 0	数据长度是8	数据类型为number
138731, 存储数据, 玩家5,qq844413961,10项未知: 1	数据长度是1	数据类型为number
138731, 存储数据, 玩家5,qq844413961,11项光照: 99	数据长度是8	数据类型为number
138731, 存储数据, 玩家5,qq844413961,12项新F11面板模式: 1	数据长度是1	数据类型为number
138731, 存储数据, 玩家5,qq844413961,13项血条区分敌我: 1	数据长度是1	数据类型为number
138731, 存储数据, 玩家5,qq844413961,14项快捷键1: 41	数据长度是16	数据类型为number
138731, 存储数据, 玩家5,qq844413961,15项快捷键2: 43	数据长度是16	数据类型为number
138731, 存储数据, 玩家5,qq844413961,16项快捷键3: 61	数据长度是16	数据类型为number
138731, 存储数据, 玩家5,qq844413961,17项快捷键4: 42	数据长度是16	数据类型为number
138731, 存储数据, 玩家5,qq844413961,18项快捷键5: 56	数据长度是16	数据类型为number
138731, 存储数据, 玩家5,qq844413961,19项快捷键6: 53	数据长度是16	数据类型为number
138731, 存储数据, 玩家5,qq844413961,20项快捷键7: 541	数据长度是16	数据类型为number
138731, 存储数据, 玩家5,qq844413961,21项快捷键8: 542	数据长度是16	数据类型为number
138731, 存储数据, 玩家5,qq844413961,22项快捷键9: 543	数据长度是16	数据类型为number
138731, 存储数据, 玩家5,qq844413961,23项快捷键10: 544	数据长度是16	数据类型为number
138731, 存储数据, 玩家5,qq844413961,24项快捷键11: 545	数据长度是16	数据类型为number
138731, 存储数据, 玩家5,qq844413961,25项快捷键12: 546	数据长度是16	数据类型为number
138731, 存储数据, 玩家5,qq844413961,26项快捷键13: 547	数据长度是16	数据类型为number
138731, 存储数据, 玩家5,qq844413961,27项快捷键14: 548	数据长度是16	数据类型为number
138731, 存储数据, 玩家5,qq844413961,28项快捷键15: 549	数据长度是16	数据类型为number
138731, 存储数据, 玩家5,qq844413961,29项快捷键16: 573	数据长度是16	数据类型为number
138731, 存储数据, 玩家5,qq844413961,30项快捷键17: 555	数据长度是16	数据类型为number
138731, 存储数据, 玩家5,qq844413961,31项快捷键18: 568	数据长度是16	数据类型为number
138731, 存储数据, 玩家5,qq844413961,32项是否显示刀光: 1	数据长度是1	数据类型为number
138731, 存储数据, 玩家5,qq844413961,33项显示刀光编号: 14	数据长度是8	数据类型为number
138731, 存储数据, 玩家5,qq844413961,34项不显示翅膀: 0	数据长度是1	数据类型为number
138731, 存储数据, 玩家5,qq844413961,35项显示翅膀编号: 4	数据长度是8	数据类型为number
138731, 存储数据, 玩家5,qq844413961,36项孔明灯: 8	数据长度是8	数据类型为number
138731, 存储数据, 玩家5,qq844413961,37项免控表现: 0	数据长度是8	数据类型为number
138731, 存储数据, 玩家5,qq844413961,38项窗口锁定: 0	数据长度是8	数据类型为number
138731, 存储数据, 玩家5,qq844413961,39项打孔明灯: 0	数据长度是8	数据类型为number
138731, 存储数据, 玩家5,qq844413961,40项小地图头像: 0	数据长度是8	数据类型为number
138731, 存储数据, 玩家5,qq844413961,41项画笔库6: 0	数据长度是8	数据类型为number
138731, 存储数据, 玩家5,qq844413961,42项画笔库7: 0	数据长度是8	数据类型为number
138731, 存储数据, 玩家5,qq844413961,43项画笔库8: 0	数据长度是8	数据类型为number
138731, 存储数据, 玩家5,qq844413961,44项会员功能1: 1	数据长度是1	数据类型为number
138731, 存储数据, 玩家5,qq844413961,45项会员功能2: 1	数据长度是1	数据类型为number
138731, 存储数据, 玩家5,qq844413961,46项会员功能3: 1	数据长度是1	数据类型为number
138731, 存储数据, 玩家5,qq844413961,47项会员功能4: 1	数据长度是1	数据类型为number
138731, 存储数据, 玩家5,qq844413961,48项会员功能5: 1	数据长度是1	数据类型为number
138731, 存储数据, 玩家5,qq844413961,49项会员功能6: 1	数据长度是1	数据类型为number
138731, 存储数据, 玩家5,qq844413961,50项会员功能7: 1	数据长度是1	数据类型为number
138731, 存储数据, 玩家5,qq844413961,51项会员功能8: 1	数据长度是1	数据类型为number
138731, 存储数据, 玩家5,qq844413961,52项新商店左侧扩展面板: 1	数据长度是1	数据类型为number
138731, 存储数据, 玩家5,qq844413961,53项新商店上部扩展面板: 1	数据长度是1	数据类型为number
138731, 存储数据, 玩家5,qq844413961,54项新商店购买方式: 0	数据长度是1	数据类型为number
138731, 存储数据, 玩家5,qq844413961,55项新商店商店模式: 1	数据长度是1	数据类型为number
138731, 存储数据, 玩家5,qq844413961,56项预扣血模式: 0	数据长度是1	数据类型为number
138731, 存储数据, 玩家5,qq844413961,57项回城特效: 14	数据长度是8	数据类型为number
138731, 存储数据, 玩家6,lolcf,1项画质: 1	数据长度是1	数据类型为number
138731, 存储数据, 玩家6,lolcf,2项滚屏速度: 42	数据长度是8	数据类型为number
138731, 存储数据, 玩家6,lolcf,3项更新内容面板开关: 0	数据长度是1	数据类型为number
138731, 存储数据, 玩家6,lolcf,4项游戏版本号: 1696	数据长度是16	数据类型为number
138731, 存储数据, 玩家6,lolcf,5项语音: 0	数据长度是1	数据类型为number
138731, 存储数据, 玩家6,lolcf,6项音响: 0	数据长度是1	数据类型为number
138731, 存储数据, 玩家6,lolcf,7项麦克风: 0	数据长度是1	数据类型为number
138731, 存储数据, 玩家6,lolcf,8项音响大小: 0	数据长度是8	数据类型为number
138731, 存储数据, 玩家6,lolcf,9项麦克风大小: 0	数据长度是8	数据类型为number
138731, 存储数据, 玩家6,lolcf,10项未知: 1	数据长度是1	数据类型为number
138731, 存储数据, 玩家6,lolcf,11项光照: 95	数据长度是8	数据类型为number
138731, 存储数据, 玩家6,lolcf,12项新F11面板模式: 1	数据长度是1	数据类型为number
138731, 存储数据, 玩家6,lolcf,13项血条区分敌我: 1	数据长度是1	数据类型为number
138731, 存储数据, 玩家6,lolcf,14项快捷键1: 41	数据长度是16	数据类型为number
138731, 存储数据, 玩家6,lolcf,15项快捷键2: 43	数据长度是16	数据类型为number
138731, 存储数据, 玩家6,lolcf,16项快捷键3: 61	数据长度是16	数据类型为number
138731, 存储数据, 玩家6,lolcf,17项快捷键4: 42	数据长度是16	数据类型为number
138731, 存储数据, 玩家6,lolcf,18项快捷键5: 56	数据长度是16	数据类型为number
138731, 存储数据, 玩家6,lolcf,19项快捷键6: 53	数据长度是16	数据类型为number
138731, 存储数据, 玩家6,lolcf,20项快捷键7: 541	数据长度是16	数据类型为number
138731, 存储数据, 玩家6,lolcf,21项快捷键8: 542	数据长度是16	数据类型为number
138731, 存储数据, 玩家6,lolcf,22项快捷键9: 543	数据长度是16	数据类型为number
138731, 存储数据, 玩家6,lolcf,23项快捷键10: 544	数据长度是16	数据类型为number
138731, 存储数据, 玩家6,lolcf,24项快捷键11: 545	数据长度是16	数据类型为number
138731, 存储数据, 玩家6,lolcf,25项快捷键12: 546	数据长度是16	数据类型为number
138731, 存储数据, 玩家6,lolcf,26项快捷键13: 547	数据长度是16	数据类型为number
138731, 存储数据, 玩家6,lolcf,27项快捷键14: 548	数据长度是16	数据类型为number
138731, 存储数据, 玩家6,lolcf,28项快捷键15: 549	数据长度是16	数据类型为number
138731, 存储数据, 玩家6,lolcf,29项快捷键16: 573	数据长度是16	数据类型为number
138731, 存储数据, 玩家6,lolcf,30项快捷键17: 555	数据长度是16	数据类型为number
138731, 存储数据, 玩家6,lolcf,31项快捷键18: 568	数据长度是16	数据类型为number
138731, 存储数据, 玩家6,lolcf,32项是否显示刀光: 1	数据长度是1	数据类型为number
138731, 存储数据, 玩家6,lolcf,33项显示刀光编号: 11	数据长度是8	数据类型为number
138731, 存储数据, 玩家6,lolcf,34项不显示翅膀: 0	数据长度是1	数据类型为number
138731, 存储数据, 玩家6,lolcf,35项显示翅膀编号: 4	数据长度是8	数据类型为number
138731, 存储数据, 玩家6,lolcf,36项孔明灯: 0	数据长度是8	数据类型为number
138731, 存储数据, 玩家6,lolcf,37项免控表现: 0	数据长度是8	数据类型为number
138731, 存储数据, 玩家6,lolcf,38项窗口锁定: 0	数据长度是8	数据类型为number
138731, 存储数据, 玩家6,lolcf,39项打孔明灯: 0	数据长度是8	数据类型为number
138731, 存储数据, 玩家6,lolcf,40项小地图头像: 0	数据长度是8	数据类型为number
138731, 存储数据, 玩家6,lolcf,41项画笔库6: 0	数据长度是8	数据类型为number
138731, 存储数据, 玩家6,lolcf,42项画笔库7: 0	数据长度是8	数据类型为number
138731, 存储数据, 玩家6,lolcf,43项画笔库8: 0	数据长度是8	数据类型为number
138731, 存储数据, 玩家6,lolcf,44项会员功能1: 1	数据长度是1	数据类型为number
138731, 存储数据, 玩家6,lolcf,45项会员功能2: 1	数据长度是1	数据类型为number
138731, 存储数据, 玩家6,lolcf,46项会员功能3: 0	数据长度是1	数据类型为number
138731, 存储数据, 玩家6,lolcf,47项会员功能4: 1	数据长度是1	数据类型为number
138731, 存储数据, 玩家6,lolcf,48项会员功能5: 1	数据长度是1	数据类型为number
138731, 存储数据, 玩家6,lolcf,49项会员功能6: 1	数据长度是1	数据类型为number
138731, 存储数据, 玩家6,lolcf,50项会员功能7: 1	数据长度是1	数据类型为number
138731, 存储数据, 玩家6,lolcf,51项会员功能8: 1	数据长度是1	数据类型为number
138731, 存储数据, 玩家6,lolcf,52项新商店左侧扩展面板: 1	数据长度是1	数据类型为number
138731, 存储数据, 玩家6,lolcf,53项新商店上部扩展面板: 1	数据长度是1	数据类型为number
138731, 存储数据, 玩家6,lolcf,54项新商店购买方式: 0	数据长度是1	数据类型为number
138731, 存储数据, 玩家6,lolcf,55项新商店商店模式: 1	数据长度是1	数据类型为number
138731, 存储数据, 玩家6,lolcf,56项预扣血模式: 0	数据长度是1	数据类型为number
138731, 存储数据, 玩家6,lolcf,57项回城特效: 6	数据长度是8	数据类型为number
138731, 存储数据, 玩家7,妹灬你伤不起,1项画质: 1	数据长度是1	数据类型为number
138731, 存储数据, 玩家7,妹灬你伤不起,2项滚屏速度: 7	数据长度是8	数据类型为number
138731, 存储数据, 玩家7,妹灬你伤不起,3项更新内容面板开关: 0	数据长度是1	数据类型为number
138731, 存储数据, 玩家7,妹灬你伤不起,4项游戏版本号: 1696	数据长度是16	数据类型为number
138731, 存储数据, 玩家7,妹灬你伤不起,5项语音: 0	数据长度是1	数据类型为number
138731, 存储数据, 玩家7,妹灬你伤不起,6项音响: 0	数据长度是1	数据类型为number
138731, 存储数据, 玩家7,妹灬你伤不起,7项麦克风: 0	数据长度是1	数据类型为number
138731, 存储数据, 玩家7,妹灬你伤不起,8项音响大小: 0	数据长度是8	数据类型为number
138731, 存储数据, 玩家7,妹灬你伤不起,9项麦克风大小: 0	数据长度是8	数据类型为number
138731, 存储数据, 玩家7,妹灬你伤不起,10项未知: 1	数据长度是1	数据类型为number
138731, 存储数据, 玩家7,妹灬你伤不起,11项光照: 99	数据长度是8	数据类型为number
138731, 存储数据, 玩家7,妹灬你伤不起,12项新F11面板模式: 1	数据长度是1	数据类型为number
138731, 存储数据, 玩家7,妹灬你伤不起,13项血条区分敌我: 1	数据长度是1	数据类型为number
138731, 存储数据, 玩家7,妹灬你伤不起,14项快捷键1: 41	数据长度是16	数据类型为number
138731, 存储数据, 玩家7,妹灬你伤不起,15项快捷键2: 43	数据长度是16	数据类型为number
138731, 存储数据, 玩家7,妹灬你伤不起,16项快捷键3: 61	数据长度是16	数据类型为number
138731, 存储数据, 玩家7,妹灬你伤不起,17项快捷键4: 42	数据长度是16	数据类型为number
138731, 存储数据, 玩家7,妹灬你伤不起,18项快捷键5: 56	数据长度是16	数据类型为number
138731, 存储数据, 玩家7,妹灬你伤不起,19项快捷键6: 53	数据长度是16	数据类型为number
138731, 存储数据, 玩家7,妹灬你伤不起,20项快捷键7: 541	数据长度是16	数据类型为number
138731, 存储数据, 玩家7,妹灬你伤不起,21项快捷键8: 542	数据长度是16	数据类型为number
138731, 存储数据, 玩家7,妹灬你伤不起,22项快捷键9: 543	数据长度是16	数据类型为number
138731, 存储数据, 玩家7,妹灬你伤不起,23项快捷键10: 544	数据长度是16	数据类型为number
138731, 存储数据, 玩家7,妹灬你伤不起,24项快捷键11: 545	数据长度是16	数据类型为number
138731, 存储数据, 玩家7,妹灬你伤不起,25项快捷键12: 546	数据长度是16	数据类型为number
138731, 存储数据, 玩家7,妹灬你伤不起,26项快捷键13: 547	数据长度是16	数据类型为number
138731, 存储数据, 玩家7,妹灬你伤不起,27项快捷键14: 548	数据长度是16	数据类型为number
138731, 存储数据, 玩家7,妹灬你伤不起,28项快捷键15: 549	数据长度是16	数据类型为number
138731, 存储数据, 玩家7,妹灬你伤不起,29项快捷键16: 573	数据长度是16	数据类型为number
138731, 存储数据, 玩家7,妹灬你伤不起,30项快捷键17: 555	数据长度是16	数据类型为number
138731, 存储数据, 玩家7,妹灬你伤不起,31项快捷键18: 568	数据长度是16	数据类型为number
138731, 存储数据, 玩家7,妹灬你伤不起,32项是否显示刀光: 1	数据长度是1	数据类型为number
138731, 存储数据, 玩家7,妹灬你伤不起,33项显示刀光编号: 17	数据长度是8	数据类型为number
138731, 存储数据, 玩家7,妹灬你伤不起,34项不显示翅膀: 0	数据长度是1	数据类型为number
138731, 存储数据, 玩家7,妹灬你伤不起,35项显示翅膀编号: 4	数据长度是8	数据类型为number
138731, 存储数据, 玩家7,妹灬你伤不起,36项孔明灯: 0	数据长度是8	数据类型为number
138731, 存储数据, 玩家7,妹灬你伤不起,37项免控表现: 0	数据长度是8	数据类型为number
138731, 存储数据, 玩家7,妹灬你伤不起,38项窗口锁定: 0	数据长度是8	数据类型为number
138731, 存储数据, 玩家7,妹灬你伤不起,39项打孔明灯: 0	数据长度是8	数据类型为number
138731, 存储数据, 玩家7,妹灬你伤不起,40项小地图头像: 0	数据长度是8	数据类型为number
138731, 存储数据, 玩家7,妹灬你伤不起,41项画笔库6: 0	数据长度是8	数据类型为number
138731, 存储数据, 玩家7,妹灬你伤不起,42项画笔库7: 0	数据长度是8	数据类型为number
138731, 存储数据, 玩家7,妹灬你伤不起,43项画笔库8: 0	数据长度是8	数据类型为number
138731, 存储数据, 玩家7,妹灬你伤不起,44项会员功能1: 1	数据长度是1	数据类型为number
138731, 存储数据, 玩家7,妹灬你伤不起,45项会员功能2: 1	数据长度是1	数据类型为number
138731, 存储数据, 玩家7,妹灬你伤不起,46项会员功能3: 1	数据长度是1	数据类型为number
138731, 存储数据, 玩家7,妹灬你伤不起,47项会员功能4: 1	数据长度是1	数据类型为number
138731, 存储数据, 玩家7,妹灬你伤不起,48项会员功能5: 1	数据长度是1	数据类型为number
138731, 存储数据, 玩家7,妹灬你伤不起,49项会员功能6: 1	数据长度是1	数据类型为number
138731, 存储数据, 玩家7,妹灬你伤不起,50项会员功能7: 1	数据长度是1	数据类型为number
138731, 存储数据, 玩家7,妹灬你伤不起,51项会员功能8: 1	数据长度是1	数据类型为number
138731, 存储数据, 玩家7,妹灬你伤不起,52项新商店左侧扩展面板: 1	数据长度是1	数据类型为number
138731, 存储数据, 玩家7,妹灬你伤不起,53项新商店上部扩展面板: 1	数据长度是1	数据类型为number
138731, 存储数据, 玩家7,妹灬你伤不起,54项新商店购买方式: 0	数据长度是1	数据类型为number
138731, 存储数据, 玩家7,妹灬你伤不起,55项新商店商店模式: 0	数据长度是1	数据类型为number
138731, 存储数据, 玩家7,妹灬你伤不起,56项预扣血模式: 0	数据长度是1	数据类型为number
138731, 存储数据, 玩家7,妹灬你伤不起,57项回城特效: 0	数据长度是8	数据类型为number
138731, 存储数据, 玩家8,右耳钉丶残恋,1项画质: 1	数据长度是1	数据类型为number
138731, 存储数据, 玩家8,右耳钉丶残恋,2项滚屏速度: 12	数据长度是8	数据类型为number
138731, 存储数据, 玩家8,右耳钉丶残恋,3项更新内容面板开关: 0	数据长度是1	数据类型为number
138731, 存储数据, 玩家8,右耳钉丶残恋,4项游戏版本号: 1696	数据长度是16	数据类型为number
138731, 存储数据, 玩家8,右耳钉丶残恋,5项语音: 0	数据长度是1	数据类型为number
138731, 存储数据, 玩家8,右耳钉丶残恋,6项音响: 0	数据长度是1	数据类型为number
138731, 存储数据, 玩家8,右耳钉丶残恋,7项麦克风: 0	数据长度是1	数据类型为number
138731, 存储数据, 玩家8,右耳钉丶残恋,8项音响大小: 0	数据长度是8	数据类型为number
138731, 存储数据, 玩家8,右耳钉丶残恋,9项麦克风大小: 0	数据长度是8	数据类型为number
138731, 存储数据, 玩家8,右耳钉丶残恋,10项未知: 1	数据长度是1	数据类型为number
138731, 存储数据, 玩家8,右耳钉丶残恋,11项光照: 100	数据长度是8	数据类型为number
138731, 存储数据, 玩家8,右耳钉丶残恋,12项新F11面板模式: 0	数据长度是1	数据类型为number
138731, 存储数据, 玩家8,右耳钉丶残恋,13项血条区分敌我: 1	数据长度是1	数据类型为number
138731, 存储数据, 玩家8,右耳钉丶残恋,14项快捷键1: 41	数据长度是16	数据类型为number
138731, 存储数据, 玩家8,右耳钉丶残恋,15项快捷键2: 43	数据长度是16	数据类型为number
138731, 存储数据, 玩家8,右耳钉丶残恋,16项快捷键3: 61	数据长度是16	数据类型为number
138731, 存储数据, 玩家8,右耳钉丶残恋,17项快捷键4: 42	数据长度是16	数据类型为number
138731, 存储数据, 玩家8,右耳钉丶残恋,18项快捷键5: 56	数据长度是16	数据类型为number
138731, 存储数据, 玩家8,右耳钉丶残恋,19项快捷键6: 53	数据长度是16	数据类型为number
138731, 存储数据, 玩家8,右耳钉丶残恋,20项快捷键7: 541	数据长度是16	数据类型为number
138731, 存储数据, 玩家8,右耳钉丶残恋,21项快捷键8: 542	数据长度是16	数据类型为number
138731, 存储数据, 玩家8,右耳钉丶残恋,22项快捷键9: 543	数据长度是16	数据类型为number
138731, 存储数据, 玩家8,右耳钉丶残恋,23项快捷键10: 544	数据长度是16	数据类型为number
138731, 存储数据, 玩家8,右耳钉丶残恋,24项快捷键11: 545	数据长度是16	数据类型为number
138731, 存储数据, 玩家8,右耳钉丶残恋,25项快捷键12: 44	数据长度是16	数据类型为number
138731, 存储数据, 玩家8,右耳钉丶残恋,26项快捷键13: 55	数据长度是16	数据类型为number
138731, 存储数据, 玩家8,右耳钉丶残恋,27项快捷键14: 62	数据长度是16	数据类型为number
138731, 存储数据, 玩家8,右耳钉丶残恋,28项快捷键15: 64	数据长度是16	数据类型为number
138731, 存储数据, 玩家8,右耳钉丶残恋,29项快捷键16: 573	数据长度是16	数据类型为number
138731, 存储数据, 玩家8,右耳钉丶残恋,30项快捷键17: 555	数据长度是16	数据类型为number
138731, 存储数据, 玩家8,右耳钉丶残恋,31项快捷键18: 568	数据长度是16	数据类型为number
138731, 存储数据, 玩家8,右耳钉丶残恋,32项是否显示刀光: 1	数据长度是1	数据类型为number
138731, 存储数据, 玩家8,右耳钉丶残恋,33项显示刀光编号: 8	数据长度是8	数据类型为number
138731, 存储数据, 玩家8,右耳钉丶残恋,34项不显示翅膀: 1	数据长度是1	数据类型为number
138731, 存储数据, 玩家8,右耳钉丶残恋,35项显示翅膀编号: 0	数据长度是8	数据类型为number
138731, 存储数据, 玩家8,右耳钉丶残恋,36项孔明灯: 0	数据长度是8	数据类型为number
138731, 存储数据, 玩家8,右耳钉丶残恋,37项免控表现: 0	数据长度是8	数据类型为number
138731, 存储数据, 玩家8,右耳钉丶残恋,38项窗口锁定: 0	数据长度是8	数据类型为number
138731, 存储数据, 玩家8,右耳钉丶残恋,39项打孔明灯: 0	数据长度是8	数据类型为number
138731, 存储数据, 玩家8,右耳钉丶残恋,40项小地图头像: 0	数据长度是8	数据类型为number
138731, 存储数据, 玩家8,右耳钉丶残恋,41项画笔库6: 0	数据长度是8	数据类型为number
138731, 存储数据, 玩家8,右耳钉丶残恋,42项画笔库7: 0	数据长度是8	数据类型为number
138731, 存储数据, 玩家8,右耳钉丶残恋,43项画笔库8: 0	数据长度是8	数据类型为number
138731, 存储数据, 玩家8,右耳钉丶残恋,44项会员功能1: 1	数据长度是1	数据类型为number
138731, 存储数据, 玩家8,右耳钉丶残恋,45项会员功能2: 1	数据长度是1	数据类型为number
138731, 存储数据, 玩家8,右耳钉丶残恋,46项会员功能3: 0	数据长度是1	数据类型为number
138731, 存储数据, 玩家8,右耳钉丶残恋,47项会员功能4: 1	数据长度是1	数据类型为number
138731, 存储数据, 玩家8,右耳钉丶残恋,48项会员功能5: 1	数据长度是1	数据类型为number
138731, 存储数据, 玩家8,右耳钉丶残恋,49项会员功能6: 1	数据长度是1	数据类型为number
138731, 存储数据, 玩家8,右耳钉丶残恋,50项会员功能7: 1	数据长度是1	数据类型为number
138731, 存储数据, 玩家8,右耳钉丶残恋,51项会员功能8: 1	数据长度是1	数据类型为number
138731, 存储数据, 玩家8,右耳钉丶残恋,52项新商店左侧扩展面板: 1	数据长度是1	数据类型为number
138731, 存储数据, 玩家8,右耳钉丶残恋,53项新商店上部扩展面板: 1	数据长度是1	数据类型为number
138731, 存储数据, 玩家8,右耳钉丶残恋,54项新商店购买方式: 0	数据长度是1	数据类型为number
138731, 存储数据, 玩家8,右耳钉丶残恋,55项新商店商店模式: 1	数据长度是1	数据类型为number
138731, 存储数据, 玩家8,右耳钉丶残恋,56项预扣血模式: 1	数据长度是1	数据类型为number
138731, 存储数据, 玩家8,右耳钉丶残恋,57项回城特效: 0	数据长度是8	数据类型为number
138731, 存储数据, 玩家9,因修罗,1项画质: 1	数据长度是1	数据类型为number
138731, 存储数据, 玩家9,因修罗,2项滚屏速度: 24	数据长度是8	数据类型为number
138731, 存储数据, 玩家9,因修罗,3项更新内容面板开关: 0	数据长度是1	数据类型为number
138731, 存储数据, 玩家9,因修罗,4项游戏版本号: 1696	数据长度是16	数据类型为number
138731, 存储数据, 玩家9,因修罗,5项语音: 0	数据长度是1	数据类型为number
138731, 存储数据, 玩家9,因修罗,6项音响: 0	数据长度是1	数据类型为number
138731, 存储数据, 玩家9,因修罗,7项麦克风: 0	数据长度是1	数据类型为number
138731, 存储数据, 玩家9,因修罗,8项音响大小: 0	数据长度是8	数据类型为number
138731, 存储数据, 玩家9,因修罗,9项麦克风大小: 0	数据长度是8	数据类型为number
138731, 存储数据, 玩家9,因修罗,10项未知: 1	数据长度是1	数据类型为number
138731, 存储数据, 玩家9,因修罗,11项光照: 100	数据长度是8	数据类型为number
138731, 存储数据, 玩家9,因修罗,12项新F11面板模式: 1	数据长度是1	数据类型为number
138731, 存储数据, 玩家9,因修罗,13项血条区分敌我: 1	数据长度是1	数据类型为number
138731, 存储数据, 玩家9,因修罗,14项快捷键1: 41	数据长度是16	数据类型为number
138731, 存储数据, 玩家9,因修罗,15项快捷键2: 43	数据长度是16	数据类型为number
138731, 存储数据, 玩家9,因修罗,16项快捷键3: 61	数据长度是16	数据类型为number
138731, 存储数据, 玩家9,因修罗,17项快捷键4: 42	数据长度是16	数据类型为number
138731, 存储数据, 玩家9,因修罗,18项快捷键5: 56	数据长度是16	数据类型为number
138731, 存储数据, 玩家9,因修罗,19项快捷键6: 53	数据长度是16	数据类型为number
138731, 存储数据, 玩家9,因修罗,20项快捷键7: 29	数据长度是16	数据类型为number
138731, 存储数据, 玩家9,因修罗,21项快捷键8: 30	数据长度是16	数据类型为number
138731, 存储数据, 玩家9,因修罗,22项快捷键9: 31	数据长度是16	数据类型为number
138731, 存储数据, 玩家9,因修罗,23项快捷键10: 32	数据长度是16	数据类型为number
138731, 存储数据, 玩家9,因修罗,24项快捷键11: 33	数据长度是16	数据类型为number
138731, 存储数据, 玩家9,因修罗,25项快捷键12: 34	数据长度是16	数据类型为number
138731, 存储数据, 玩家9,因修罗,26项快捷键13: 547	数据长度是16	数据类型为number
138731, 存储数据, 玩家9,因修罗,27项快捷键14: 548	数据长度是16	数据类型为number
138731, 存储数据, 玩家9,因修罗,28项快捷键15: 549	数据长度是16	数据类型为number
138731, 存储数据, 玩家9,因修罗,29项快捷键16: 573	数据长度是16	数据类型为number
138731, 存储数据, 玩家9,因修罗,30项快捷键17: 555	数据长度是16	数据类型为number
138731, 存储数据, 玩家9,因修罗,31项快捷键18: 568	数据长度是16	数据类型为number
138731, 存储数据, 玩家9,因修罗,32项是否显示刀光: 1	数据长度是1	数据类型为number
138731, 存储数据, 玩家9,因修罗,33项显示刀光编号: 13	数据长度是8	数据类型为number
138731, 存储数据, 玩家9,因修罗,34项不显示翅膀: 0	数据长度是1	数据类型为number
138731, 存储数据, 玩家9,因修罗,35项显示翅膀编号: 1	数据长度是8	数据类型为number
138731, 存储数据, 玩家9,因修罗,36项孔明灯: 0	数据长度是8	数据类型为number
138731, 存储数据, 玩家9,因修罗,37项免控表现: 0	数据长度是8	数据类型为number
138731, 存储数据, 玩家9,因修罗,38项窗口锁定: 0	数据长度是8	数据类型为number
138731, 存储数据, 玩家9,因修罗,39项打孔明灯: 0	数据长度是8	数据类型为number
138731, 存储数据, 玩家9,因修罗,40项小地图头像: 0	数据长度是8	数据类型为number
138731, 存储数据, 玩家9,因修罗,41项画笔库6: 0	数据长度是8	数据类型为number
138731, 存储数据, 玩家9,因修罗,42项画笔库7: 0	数据长度是8	数据类型为number
138731, 存储数据, 玩家9,因修罗,43项画笔库8: 0	数据长度是8	数据类型为number
138731, 存储数据, 玩家9,因修罗,44项会员功能1: 1	数据长度是1	数据类型为number
138731, 存储数据, 玩家9,因修罗,45项会员功能2: 1	数据长度是1	数据类型为number
138731, 存储数据, 玩家9,因修罗,46项会员功能3: 1	数据长度是1	数据类型为number
138731, 存储数据, 玩家9,因修罗,47项会员功能4: 1	数据长度是1	数据类型为number
138731, 存储数据, 玩家9,因修罗,48项会员功能5: 1	数据长度是1	数据类型为number
138731, 存储数据, 玩家9,因修罗,49项会员功能6: 1	数据长度是1	数据类型为number
138731, 存储数据, 玩家9,因修罗,50项会员功能7: 1	数据长度是1	数据类型为number
138731, 存储数据, 玩家9,因修罗,51项会员功能8: 1	数据长度是1	数据类型为number
138731, 存储数据, 玩家9,因修罗,52项新商店左侧扩展面板: 1	数据长度是1	数据类型为number
138731, 存储数据, 玩家9,因修罗,53项新商店上部扩展面板: 1	数据长度是1	数据类型为number
138731, 存储数据, 玩家9,因修罗,54项新商店购买方式: 0	数据长度是1	数据类型为number
138731, 存储数据, 玩家9,因修罗,55项新商店商店模式: 1	数据长度是1	数据类型为number
138731, 存储数据, 玩家9,因修罗,56项预扣血模式: 0	数据长度是1	数据类型为number
138731, 存储数据, 玩家9,因修罗,57项回城特效: 0	数据长度是8	数据类型为number
138731, 存储数据, 玩家10,你是要疯啊,1项画质: 1	数据长度是1	数据类型为number
138731, 存储数据, 玩家10,你是要疯啊,2项滚屏速度: 20	数据长度是8	数据类型为number
138731, 存储数据, 玩家10,你是要疯啊,3项更新内容面板开关: 0	数据长度是1	数据类型为number
138731, 存储数据, 玩家10,你是要疯啊,4项游戏版本号: 1696	数据长度是16	数据类型为number
138731, 存储数据, 玩家10,你是要疯啊,5项语音: 0	数据长度是1	数据类型为number
138731, 存储数据, 玩家10,你是要疯啊,6项音响: 0	数据长度是1	数据类型为number
138731, 存储数据, 玩家10,你是要疯啊,7项麦克风: 0	数据长度是1	数据类型为number
138731, 存储数据, 玩家10,你是要疯啊,8项音响大小: 0	数据长度是8	数据类型为number
138731, 存储数据, 玩家10,你是要疯啊,9项麦克风大小: 0	数据长度是8	数据类型为number
138731, 存储数据, 玩家10,你是要疯啊,10项未知: 1	数据长度是1	数据类型为number
138731, 存储数据, 玩家10,你是要疯啊,11项光照: 99	数据长度是8	数据类型为number
138731, 存储数据, 玩家10,你是要疯啊,12项新F11面板模式: 1	数据长度是1	数据类型为number
138731, 存储数据, 玩家10,你是要疯啊,13项血条区分敌我: 1	数据长度是1	数据类型为number
138731, 存储数据, 玩家10,你是要疯啊,14项快捷键1: 41	数据长度是16	数据类型为number
138731, 存储数据, 玩家10,你是要疯啊,15项快捷键2: 43	数据长度是16	数据类型为number
138731, 存储数据, 玩家10,你是要疯啊,16项快捷键3: 61	数据长度是16	数据类型为number
138731, 存储数据, 玩家10,你是要疯啊,17项快捷键4: 42	数据长度是16	数据类型为number
138731, 存储数据, 玩家10,你是要疯啊,18项快捷键5: 0	数据长度是16	数据类型为number
138731, 存储数据, 玩家10,你是要疯啊,19项快捷键6: 53	数据长度是16	数据类型为number
138731, 存储数据, 玩家10,你是要疯啊,20项快捷键7: 541	数据长度是16	数据类型为number
138731, 存储数据, 玩家10,你是要疯啊,21项快捷键8: 542	数据长度是16	数据类型为number
138731, 存储数据, 玩家10,你是要疯啊,22项快捷键9: 543	数据长度是16	数据类型为number
138731, 存储数据, 玩家10,你是要疯啊,23项快捷键10: 62	数据长度是16	数据类型为number
138731, 存储数据, 玩家10,你是要疯啊,24项快捷键11: 44	数据长度是16	数据类型为number
138731, 存储数据, 玩家10,你是要疯啊,25项快捷键12: 56	数据长度是16	数据类型为number
138731, 存储数据, 玩家10,你是要疯啊,26项快捷键13: 547	数据长度是16	数据类型为number
138731, 存储数据, 玩家10,你是要疯啊,27项快捷键14: 548	数据长度是16	数据类型为number
138731, 存储数据, 玩家10,你是要疯啊,28项快捷键15: 549	数据长度是16	数据类型为number
138731, 存储数据, 玩家10,你是要疯啊,29项快捷键16: 64	数据长度是16	数据类型为number
138731, 存储数据, 玩家10,你是要疯啊,30项快捷键17: 45	数据长度是16	数据类型为number
138731, 存储数据, 玩家10,你是要疯啊,31项快捷键18: 568	数据长度是16	数据类型为number
138731, 存储数据, 玩家10,你是要疯啊,32项是否显示刀光: 1	数据长度是1	数据类型为number
138731, 存储数据, 玩家10,你是要疯啊,33项显示刀光编号: 8	数据长度是8	数据类型为number
138731, 存储数据, 玩家10,你是要疯啊,34项不显示翅膀: 0	数据长度是1	数据类型为number
138731, 存储数据, 玩家10,你是要疯啊,35项显示翅膀编号: 3	数据长度是8	数据类型为number
138731, 存储数据, 玩家10,你是要疯啊,36项孔明灯: 0	数据长度是8	数据类型为number
138731, 存储数据, 玩家10,你是要疯啊,37项免控表现: 1	数据长度是8	数据类型为number
138731, 存储数据, 玩家10,你是要疯啊,38项窗口锁定: 0	数据长度是8	数据类型为number
138731, 存储数据, 玩家10,你是要疯啊,39项打孔明灯: 0	数据长度是8	数据类型为number
138731, 存储数据, 玩家10,你是要疯啊,40项小地图头像: 1	数据长度是8	数据类型为number
138731, 存储数据, 玩家10,你是要疯啊,41项画笔库6: 0	数据长度是8	数据类型为number
138731, 存储数据, 玩家10,你是要疯啊,42项画笔库7: 0	数据长度是8	数据类型为number
138731, 存储数据, 玩家10,你是要疯啊,43项画笔库8: 0	数据长度是8	数据类型为number
138731, 存储数据, 玩家10,你是要疯啊,44项会员功能1: 1	数据长度是1	数据类型为number
138731, 存储数据, 玩家10,你是要疯啊,45项会员功能2: 1	数据长度是1	数据类型为number
138731, 存储数据, 玩家10,你是要疯啊,46项会员功能3: 1	数据长度是1	数据类型为number
138731, 存储数据, 玩家10,你是要疯啊,47项会员功能4: 1	数据长度是1	数据类型为number
138731, 存储数据, 玩家10,你是要疯啊,48项会员功能5: 1	数据长度是1	数据类型为number
138731, 存储数据, 玩家10,你是要疯啊,49项会员功能6: 1	数据长度是1	数据类型为number
138731, 存储数据, 玩家10,你是要疯啊,50项会员功能7: 1	数据长度是1	数据类型为number
138731, 存储数据, 玩家10,你是要疯啊,51项会员功能8: 1	数据长度是1	数据类型为number
138731, 存储数据, 玩家10,你是要疯啊,52项新商店左侧扩展面板: 1	数据长度是1	数据类型为number
138731, 存储数据, 玩家10,你是要疯啊,53项新商店上部扩展面板: 1	数据长度是1	数据类型为number
138731, 存储数据, 玩家10,你是要疯啊,54项新商店购买方式: 0	数据长度是1	数据类型为number
138731, 存储数据, 玩家10,你是要疯啊,55项新商店商店模式: 1	数据长度是1	数据类型为number
138731, 存储数据, 玩家10,你是要疯啊,56项预扣血模式: 0	数据长度是1	数据类型为number
138731, 存储数据, 玩家10,你是要疯啊,57项回城特效: 0	数据长度是8	数据类型为number
138731, 存储数据, 玩家11,小as孩love欢,1项画质: 1	数据长度是1	数据类型为number
138731, 存储数据, 玩家11,小as孩love欢,2项滚屏速度: 26	数据长度是8	数据类型为number
138731, 存储数据, 玩家11,小as孩love欢,3项更新内容面板开关: 0	数据长度是1	数据类型为number
138731, 存储数据, 玩家11,小as孩love欢,4项游戏版本号: 1696	数据长度是16	数据类型为number
138731, 存储数据, 玩家11,小as孩love欢,5项语音: 1	数据长度是1	数据类型为number
138731, 存储数据, 玩家11,小as孩love欢,6项音响: 0	数据长度是1	数据类型为number
138731, 存储数据, 玩家11,小as孩love欢,7项麦克风: 0	数据长度是1	数据类型为number
138731, 存储数据, 玩家11,小as孩love欢,8项音响大小: 100	数据长度是8	数据类型为number
138731, 存储数据, 玩家11,小as孩love欢,9项麦克风大小: 0	数据长度是8	数据类型为number
138731, 存储数据, 玩家11,小as孩love欢,10项未知: 1	数据长度是1	数据类型为number
138731, 存储数据, 玩家11,小as孩love欢,11项光照: 99	数据长度是8	数据类型为number
138731, 存储数据, 玩家11,小as孩love欢,12项新F11面板模式: 1	数据长度是1	数据类型为number
138731, 存储数据, 玩家11,小as孩love欢,13项血条区分敌我: 1	数据长度是1	数据类型为number
138731, 存储数据, 玩家11,小as孩love欢,14项快捷键1: 41	数据长度是16	数据类型为number
138731, 存储数据, 玩家11,小as孩love欢,15项快捷键2: 43	数据长度是16	数据类型为number
138731, 存储数据, 玩家11,小as孩love欢,16项快捷键3: 61	数据长度是16	数据类型为number
138731, 存储数据, 玩家11,小as孩love欢,17项快捷键4: 42	数据长度是16	数据类型为number
138731, 存储数据, 玩家11,小as孩love欢,18项快捷键5: 0	数据长度是16	数据类型为number
138731, 存储数据, 玩家11,小as孩love欢,19项快捷键6: 53	数据长度是16	数据类型为number
138731, 存储数据, 玩家11,小as孩love欢,20项快捷键7: 541	数据长度是16	数据类型为number
138731, 存储数据, 玩家11,小as孩love欢,21项快捷键8: 542	数据长度是16	数据类型为number
138731, 存储数据, 玩家11,小as孩love欢,22项快捷键9: 543	数据长度是16	数据类型为number
138731, 存储数据, 玩家11,小as孩love欢,23项快捷键10: 544	数据长度是16	数据类型为number
138731, 存储数据, 玩家11,小as孩love欢,24项快捷键11: 44	数据长度是16	数据类型为number
138731, 存储数据, 玩家11,小as孩love欢,25项快捷键12: 62	数据长度是16	数据类型为number
138731, 存储数据, 玩家11,小as孩love欢,26项快捷键13: 64	数据长度是16	数据类型为number
138731, 存储数据, 玩家11,小as孩love欢,27项快捷键14: 56	数据长度是16	数据类型为number
138731, 存储数据, 玩家11,小as孩love欢,28项快捷键15: 0	数据长度是16	数据类型为number
138731, 存储数据, 玩家11,小as孩love欢,29项快捷键16: 573	数据长度是16	数据类型为number
138731, 存储数据, 玩家11,小as孩love欢,30项快捷键17: 555	数据长度是16	数据类型为number
138731, 存储数据, 玩家11,小as孩love欢,31项快捷键18: 568	数据长度是16	数据类型为number
138731, 存储数据, 玩家11,小as孩love欢,32项是否显示刀光: 1	数据长度是1	数据类型为number
138731, 存储数据, 玩家11,小as孩love欢,33项显示刀光编号: 11	数据长度是8	数据类型为number
138731, 存储数据, 玩家11,小as孩love欢,34项不显示翅膀: 0	数据长度是1	数据类型为number
138731, 存储数据, 玩家11,小as孩love欢,35项显示翅膀编号: 3	数据长度是8	数据类型为number
138731, 存储数据, 玩家11,小as孩love欢,36项孔明灯: 0	数据长度是8	数据类型为number
138731, 存储数据, 玩家11,小as孩love欢,37项免控表现: 0	数据长度是8	数据类型为number
138731, 存储数据, 玩家11,小as孩love欢,38项窗口锁定: 0	数据长度是8	数据类型为number
138731, 存储数据, 玩家11,小as孩love欢,39项打孔明灯: 0	数据长度是8	数据类型为number
138731, 存储数据, 玩家11,小as孩love欢,40项小地图头像: 0	数据长度是8	数据类型为number
138731, 存储数据, 玩家11,小as孩love欢,41项画笔库6: 0	数据长度是8	数据类型为number
138731, 存储数据, 玩家11,小as孩love欢,42项画笔库7: 0	数据长度是8	数据类型为number
138731, 存储数据, 玩家11,小as孩love欢,43项画笔库8: 0	数据长度是8	数据类型为number
138731, 存储数据, 玩家11,小as孩love欢,44项会员功能1: 1	数据长度是1	数据类型为number
138731, 存储数据, 玩家11,小as孩love欢,45项会员功能2: 1	数据长度是1	数据类型为number
138731, 存储数据, 玩家11,小as孩love欢,46项会员功能3: 1	数据长度是1	数据类型为number
138731, 存储数据, 玩家11,小as孩love欢,47项会员功能4: 1	数据长度是1	数据类型为number
138731, 存储数据, 玩家11,小as孩love欢,48项会员功能5: 1	数据长度是1	数据类型为number
138731, 存储数据, 玩家11,小as孩love欢,49项会员功能6: 1	数据长度是1	数据类型为number
138731, 存储数据, 玩家11,小as孩love欢,50项会员功能7: 1	数据长度是1	数据类型为number
138731, 存储数据, 玩家11,小as孩love欢,51项会员功能8: 1	数据长度是1	数据类型为number
138731, 存储数据, 玩家11,小as孩love欢,52项新商店左侧扩展面板: 1	数据长度是1	数据类型为number
138731, 存储数据, 玩家11,小as孩love欢,53项新商店上部扩展面板: 1	数据长度是1	数据类型为number
138731, 存储数据, 玩家11,小as孩love欢,54项新商店购买方式: 0	数据长度是1	数据类型为number
138731, 存储数据, 玩家11,小as孩love欢,55项新商店商店模式: 1	数据长度是1	数据类型为number
138731, 存储数据, 玩家11,小as孩love欢,56项预扣血模式: 1	数据长度是1	数据类型为number
138731, 存储数据, 玩家11,小as孩love欢,57项回城特效: 0	数据长度是8	数据类型为number
138731, 存储数据, 玩家12,lin1062648530,1项画质: 1	数据长度是1	数据类型为number
138731, 存储数据, 玩家12,lin1062648530,2项滚屏速度: 13	数据长度是8	数据类型为number
138731, 存储数据, 玩家12,lin1062648530,3项更新内容面板开关: 0	数据长度是1	数据类型为number
138731, 存储数据, 玩家12,lin1062648530,4项游戏版本号: 1696	数据长度是16	数据类型为number
138731, 存储数据, 玩家12,lin1062648530,5项语音: 0	数据长度是1	数据类型为number
138731, 存储数据, 玩家12,lin1062648530,6项音响: 0	数据长度是1	数据类型为number
138731, 存储数据, 玩家12,lin1062648530,7项麦克风: 0	数据长度是1	数据类型为number
138731, 存储数据, 玩家12,lin1062648530,8项音响大小: 0	数据长度是8	数据类型为number
138731, 存储数据, 玩家12,lin1062648530,9项麦克风大小: 0	数据长度是8	数据类型为number
138731, 存储数据, 玩家12,lin1062648530,10项未知: 1	数据长度是1	数据类型为number
138731, 存储数据, 玩家12,lin1062648530,11项光照: 100	数据长度是8	数据类型为number
138731, 存储数据, 玩家12,lin1062648530,12项新F11面板模式: 0	数据长度是1	数据类型为number
138731, 存储数据, 玩家12,lin1062648530,13项血条区分敌我: 0	数据长度是1	数据类型为number
138731, 存储数据, 玩家12,lin1062648530,14项快捷键1: 41	数据长度是16	数据类型为number
138731, 存储数据, 玩家12,lin1062648530,15项快捷键2: 43	数据长度是16	数据类型为number
138731, 存储数据, 玩家12,lin1062648530,16项快捷键3: 61	数据长度是16	数据类型为number
138731, 存储数据, 玩家12,lin1062648530,17项快捷键4: 42	数据长度是16	数据类型为number
138731, 存储数据, 玩家12,lin1062648530,18项快捷键5: 56	数据长度是16	数据类型为number
138731, 存储数据, 玩家12,lin1062648530,19项快捷键6: 53	数据长度是16	数据类型为number
138731, 存储数据, 玩家12,lin1062648530,20项快捷键7: 541	数据长度是16	数据类型为number
138731, 存储数据, 玩家12,lin1062648530,21项快捷键8: 542	数据长度是16	数据类型为number
138731, 存储数据, 玩家12,lin1062648530,22项快捷键9: 543	数据长度是16	数据类型为number
138731, 存储数据, 玩家12,lin1062648530,23项快捷键10: 544	数据长度是16	数据类型为number
138731, 存储数据, 玩家12,lin1062648530,24项快捷键11: 545	数据长度是16	数据类型为number
138731, 存储数据, 玩家12,lin1062648530,25项快捷键12: 546	数据长度是16	数据类型为number
138731, 存储数据, 玩家12,lin1062648530,26项快捷键13: 547	数据长度是16	数据类型为number
138731, 存储数据, 玩家12,lin1062648530,27项快捷键14: 548	数据长度是16	数据类型为number
138731, 存储数据, 玩家12,lin1062648530,28项快捷键15: 549	数据长度是16	数据类型为number
138731, 存储数据, 玩家12,lin1062648530,29项快捷键16: 573	数据长度是16	数据类型为number
138731, 存储数据, 玩家12,lin1062648530,30项快捷键17: 555	数据长度是16	数据类型为number
138731, 存储数据, 玩家12,lin1062648530,31项快捷键18: 568	数据长度是16	数据类型为number
138731, 存储数据, 玩家12,lin1062648530,32项是否显示刀光: 1	数据长度是1	数据类型为number
138731, 存储数据, 玩家12,lin1062648530,33项显示刀光编号: 14	数据长度是8	数据类型为number
138731, 存储数据, 玩家12,lin1062648530,34项不显示翅膀: 0	数据长度是1	数据类型为number
138731, 存储数据, 玩家12,lin1062648530,35项显示翅膀编号: 5	数据长度是8	数据类型为number
138731, 存储数据, 玩家12,lin1062648530,36项孔明灯: 0	数据长度是8	数据类型为number
138731, 存储数据, 玩家12,lin1062648530,37项免控表现: 0	数据长度是8	数据类型为number
138731, 存储数据, 玩家12,lin1062648530,38项窗口锁定: 0	数据长度是8	数据类型为number
138731, 存储数据, 玩家12,lin1062648530,39项打孔明灯: 0	数据长度是8	数据类型为number
138731, 存储数据, 玩家12,lin1062648530,40项小地图头像: 3	数据长度是8	数据类型为number
138731, 存储数据, 玩家12,lin1062648530,41项画笔库6: 0	数据长度是8	数据类型为number
138731, 存储数据, 玩家12,lin1062648530,42项画笔库7: 0	数据长度是8	数据类型为number
138731, 存储数据, 玩家12,lin1062648530,43项画笔库8: 0	数据长度是8	数据类型为number
138731, 存储数据, 玩家12,lin1062648530,44项会员功能1: 1	数据长度是1	数据类型为number
138731, 存储数据, 玩家12,lin1062648530,45项会员功能2: 1	数据长度是1	数据类型为number
138731, 存储数据, 玩家12,lin1062648530,46项会员功能3: 1	数据长度是1	数据类型为number
138731, 存储数据, 玩家12,lin1062648530,47项会员功能4: 1	数据长度是1	数据类型为number
138731, 存储数据, 玩家12,lin1062648530,48项会员功能5: 1	数据长度是1	数据类型为number
138731, 存储数据, 玩家12,lin1062648530,49项会员功能6: 1	数据长度是1	数据类型为number
138731, 存储数据, 玩家12,lin1062648530,50项会员功能7: 1	数据长度是1	数据类型为number
138731, 存储数据, 玩家12,lin1062648530,51项会员功能8: 1	数据长度是1	数据类型为number
138731, 存储数据, 玩家12,lin1062648530,52项新商店左侧扩展面板: 1	数据长度是1	数据类型为number
138731, 存储数据, 玩家12,lin1062648530,53项新商店上部扩展面板: 1	数据长度是1	数据类型为number
138731, 存储数据, 玩家12,lin1062648530,54项新商店购买方式: 0	数据长度是1	数据类型为number
138731, 存储数据, 玩家12,lin1062648530,55项新商店商店模式: 0	数据长度是1	数据类型为number
138731, 存储数据, 玩家12,lin1062648530,56项预扣血模式: 0	数据长度是1	数据类型为number
138731, 存储数据, 玩家12,lin1062648530,57项回城特效: 5	数据长度是8	数据类型为number
138731, 存储数据, 玩家13,砍白菜1号,1项画质: 1	数据长度是1	数据类型为number
138731, 存储数据, 玩家13,砍白菜1号,2项滚屏速度: 22	数据长度是8	数据类型为number
138731, 存储数据, 玩家13,砍白菜1号,3项更新内容面板开关: 0	数据长度是1	数据类型为number
138731, 存储数据, 玩家13,砍白菜1号,4项游戏版本号: 1696	数据长度是16	数据类型为number
138731, 存储数据, 玩家13,砍白菜1号,5项语音: 1	数据长度是1	数据类型为number
138731, 存储数据, 玩家13,砍白菜1号,6项音响: 0	数据长度是1	数据类型为number
138731, 存储数据, 玩家13,砍白菜1号,7项麦克风: 0	数据长度是1	数据类型为number
138731, 存储数据, 玩家13,砍白菜1号,8项音响大小: 0	数据长度是8	数据类型为number
138731, 存储数据, 玩家13,砍白菜1号,9项麦克风大小: 0	数据长度是8	数据类型为number
138731, 存储数据, 玩家13,砍白菜1号,10项未知: 1	数据长度是1	数据类型为number
138731, 存储数据, 玩家13,砍白菜1号,11项光照: 99	数据长度是8	数据类型为number
138731, 存储数据, 玩家13,砍白菜1号,12项新F11面板模式: 0	数据长度是1	数据类型为number
138731, 存储数据, 玩家13,砍白菜1号,13项血条区分敌我: 1	数据长度是1	数据类型为number
138731, 存储数据, 玩家13,砍白菜1号,14项快捷键1: 41	数据长度是16	数据类型为number
138731, 存储数据, 玩家13,砍白菜1号,15项快捷键2: 43	数据长度是16	数据类型为number
138731, 存储数据, 玩家13,砍白菜1号,16项快捷键3: 61	数据长度是16	数据类型为number
138731, 存储数据, 玩家13,砍白菜1号,17项快捷键4: 42	数据长度是16	数据类型为number
138731, 存储数据, 玩家13,砍白菜1号,18项快捷键5: 541	数据长度是16	数据类型为number
138731, 存储数据, 玩家13,砍白菜1号,19项快捷键6: 53	数据长度是16	数据类型为number
138731, 存储数据, 玩家13,砍白菜1号,20项快捷键7: 44	数据长度是16	数据类型为number
138731, 存储数据, 玩家13,砍白菜1号,21项快捷键8: 56	数据长度是16	数据类型为number
138731, 存储数据, 玩家13,砍白菜1号,22项快捷键9: 64	数据长度是16	数据类型为number
138731, 存储数据, 玩家13,砍白菜1号,23项快捷键10: 62	数据长度是16	数据类型为number
138731, 存储数据, 玩家13,砍白菜1号,24项快捷键11: 55	数据长度是16	数据类型为number
138731, 存储数据, 玩家13,砍白菜1号,25项快捷键12: 0	数据长度是16	数据类型为number
138731, 存储数据, 玩家13,砍白菜1号,26项快捷键13: 547	数据长度是16	数据类型为number
138731, 存储数据, 玩家13,砍白菜1号,27项快捷键14: 548	数据长度是16	数据类型为number
138731, 存储数据, 玩家13,砍白菜1号,28项快捷键15: 549	数据长度是16	数据类型为number
138731, 存储数据, 玩家13,砍白菜1号,29项快捷键16: 567	数据长度是16	数据类型为number
138731, 存储数据, 玩家13,砍白菜1号,30项快捷键17: 555	数据长度是16	数据类型为number
138731, 存储数据, 玩家13,砍白菜1号,31项快捷键18: 568	数据长度是16	数据类型为number
138731, 存储数据, 玩家13,砍白菜1号,32项是否显示刀光: 1	数据长度是1	数据类型为number
138731, 存储数据, 玩家13,砍白菜1号,33项显示刀光编号: 8	数据长度是8	数据类型为number
138731, 存储数据, 玩家13,砍白菜1号,34项不显示翅膀: 0	数据长度是1	数据类型为number
138731, 存储数据, 玩家13,砍白菜1号,35项显示翅膀编号: 3	数据长度是8	数据类型为number
138731, 存储数据, 玩家13,砍白菜1号,36项孔明灯: 0	数据长度是8	数据类型为number
138731, 存储数据, 玩家13,砍白菜1号,37项免控表现: 0	数据长度是8	数据类型为number
138731, 存储数据, 玩家13,砍白菜1号,38项窗口锁定: 0	数据长度是8	数据类型为number
138731, 存储数据, 玩家13,砍白菜1号,39项打孔明灯: 0	数据长度是8	数据类型为number
138731, 存储数据, 玩家13,砍白菜1号,40项小地图头像: 0	数据长度是8	数据类型为number
138731, 存储数据, 玩家13,砍白菜1号,41项画笔库6: 0	数据长度是8	数据类型为number
138731, 存储数据, 玩家13,砍白菜1号,42项画笔库7: 0	数据长度是8	数据类型为number
138731, 存储数据, 玩家13,砍白菜1号,43项画笔库8: 0	数据长度是8	数据类型为number
138731, 存储数据, 玩家13,砍白菜1号,44项会员功能1: 0	数据长度是1	数据类型为number
138731, 存储数据, 玩家13,砍白菜1号,45项会员功能2: 1	数据长度是1	数据类型为number
138731, 存储数据, 玩家13,砍白菜1号,46项会员功能3: 1	数据长度是1	数据类型为number
138731, 存储数据, 玩家13,砍白菜1号,47项会员功能4: 1	数据长度是1	数据类型为number
138731, 存储数据, 玩家13,砍白菜1号,48项会员功能5: 1	数据长度是1	数据类型为number
138731, 存储数据, 玩家13,砍白菜1号,49项会员功能6: 1	数据长度是1	数据类型为number
138731, 存储数据, 玩家13,砍白菜1号,50项会员功能7: 1	数据长度是1	数据类型为number
138731, 存储数据, 玩家13,砍白菜1号,51项会员功能8: 1	数据长度是1	数据类型为number
138731, 存储数据, 玩家13,砍白菜1号,52项新商店左侧扩展面板: 1	数据长度是1	数据类型为number
138731, 存储数据, 玩家13,砍白菜1号,53项新商店上部扩展面板: 1	数据长度是1	数据类型为number
138731, 存储数据, 玩家13,砍白菜1号,54项新商店购买方式: 0	数据长度是1	数据类型为number
138731, 存储数据, 玩家13,砍白菜1号,55项新商店商店模式: 1	数据长度是1	数据类型为number
138731, 存储数据, 玩家13,砍白菜1号,56项预扣血模式: 0	数据长度是1	数据类型为number
138731, 存储数据, 玩家13,砍白菜1号,57项回城特效: 0	数据长度是8	数据类型为number
138731, 存储数据, 玩家14,qwe5418897,1项画质: 1	数据长度是1	数据类型为number
138731, 存储数据, 玩家14,qwe5418897,2项滚屏速度: 20	数据长度是8	数据类型为number
138731, 存储数据, 玩家14,qwe5418897,3项更新内容面板开关: 0	数据长度是1	数据类型为number
138731, 存储数据, 玩家14,qwe5418897,4项游戏版本号: 1696	数据长度是16	数据类型为number
138731, 存储数据, 玩家14,qwe5418897,5项语音: 0	数据长度是1	数据类型为number
138731, 存储数据, 玩家14,qwe5418897,6项音响: 0	数据长度是1	数据类型为number
138731, 存储数据, 玩家14,qwe5418897,7项麦克风: 0	数据长度是1	数据类型为number
138731, 存储数据, 玩家14,qwe5418897,8项音响大小: 0	数据长度是8	数据类型为number
138731, 存储数据, 玩家14,qwe5418897,9项麦克风大小: 0	数据长度是8	数据类型为number
138731, 存储数据, 玩家14,qwe5418897,10项未知: 1	数据长度是1	数据类型为number
138731, 存储数据, 玩家14,qwe5418897,11项光照: 99	数据长度是8	数据类型为number
138731, 存储数据, 玩家14,qwe5418897,12项新F11面板模式: 1	数据长度是1	数据类型为number
138731, 存储数据, 玩家14,qwe5418897,13项血条区分敌我: 1	数据长度是1	数据类型为number
138731, 存储数据, 玩家14,qwe5418897,14项快捷键1: 41	数据长度是16	数据类型为number
138731, 存储数据, 玩家14,qwe5418897,15项快捷键2: 43	数据长度是16	数据类型为number
138731, 存储数据, 玩家14,qwe5418897,16项快捷键3: 61	数据长度是16	数据类型为number
138731, 存储数据, 玩家14,qwe5418897,17项快捷键4: 42	数据长度是16	数据类型为number
138731, 存储数据, 玩家14,qwe5418897,18项快捷键5: 0	数据长度是16	数据类型为number
138731, 存储数据, 玩家14,qwe5418897,19项快捷键6: 53	数据长度是16	数据类型为number
138731, 存储数据, 玩家14,qwe5418897,20项快捷键7: 44	数据长度是16	数据类型为number
138731, 存储数据, 玩家14,qwe5418897,21项快捷键8: 45	数据长度是16	数据类型为number
138731, 存储数据, 玩家14,qwe5418897,22项快捷键9: 32	数据长度是16	数据类型为number
138731, 存储数据, 玩家14,qwe5418897,23项快捷键10: 33	数据长度是16	数据类型为number
138731, 存储数据, 玩家14,qwe5418897,24项快捷键11: 34	数据长度是16	数据类型为number
138731, 存储数据, 玩家14,qwe5418897,25项快捷键12: 35	数据长度是16	数据类型为number
138731, 存储数据, 玩家14,qwe5418897,26项快捷键13: 547	数据长度是16	数据类型为number
138731, 存储数据, 玩家14,qwe5418897,27项快捷键14: 548	数据长度是16	数据类型为number
138731, 存储数据, 玩家14,qwe5418897,28项快捷键15: 549	数据长度是16	数据类型为number
138731, 存储数据, 玩家14,qwe5418897,29项快捷键16: 56	数据长度是16	数据类型为number
138731, 存储数据, 玩家14,qwe5418897,30项快捷键17: 59	数据长度是16	数据类型为number
138731, 存储数据, 玩家14,qwe5418897,31项快捷键18: 0	数据长度是16	数据类型为number
138731, 存储数据, 玩家14,qwe5418897,32项是否显示刀光: 1	数据长度是1	数据类型为number
138731, 存储数据, 玩家14,qwe5418897,33项显示刀光编号: 24	数据长度是8	数据类型为number
138731, 存储数据, 玩家14,qwe5418897,34项不显示翅膀: 0	数据长度是1	数据类型为number
138731, 存储数据, 玩家14,qwe5418897,35项显示翅膀编号: 46	数据长度是8	数据类型为number
138731, 存储数据, 玩家14,qwe5418897,36项孔明灯: 11	数据长度是8	数据类型为number
138731, 存储数据, 玩家14,qwe5418897,37项免控表现: 0	数据长度是8	数据类型为number
138731, 存储数据, 玩家14,qwe5418897,38项窗口锁定: 0	数据长度是8	数据类型为number
138731, 存储数据, 玩家14,qwe5418897,39项打孔明灯: 0	数据长度是8	数据类型为number
138731, 存储数据, 玩家14,qwe5418897,40项小地图头像: 0	数据长度是8	数据类型为number
138731, 存储数据, 玩家14,qwe5418897,41项画笔库6: 0	数据长度是8	数据类型为number
138731, 存储数据, 玩家14,qwe5418897,42项画笔库7: 0	数据长度是8	数据类型为number
138731, 存储数据, 玩家14,qwe5418897,43项画笔库8: 0	数据长度是8	数据类型为number
138731, 存储数据, 玩家14,qwe5418897,44项会员功能1: 1	数据长度是1	数据类型为number
138731, 存储数据, 玩家14,qwe5418897,45项会员功能2: 1	数据长度是1	数据类型为number
138731, 存储数据, 玩家14,qwe5418897,46项会员功能3: 1	数据长度是1	数据类型为number
138731, 存储数据, 玩家14,qwe5418897,47项会员功能4: 1	数据长度是1	数据类型为number
138731, 存储数据, 玩家14,qwe5418897,48项会员功能5: 1	数据长度是1	数据类型为number
138731, 存储数据, 玩家14,qwe5418897,49项会员功能6: 1	数据长度是1	数据类型为number
138731, 存储数据, 玩家14,qwe5418897,50项会员功能7: 1	数据长度是1	数据类型为number
138731, 存储数据, 玩家14,qwe5418897,51项会员功能8: 1	数据长度是1	数据类型为number
138731, 存储数据, 玩家14,qwe5418897,52项新商店左侧扩展面板: 1	数据长度是1	数据类型为number
138731, 存储数据, 玩家14,qwe5418897,53项新商店上部扩展面板: 1	数据长度是1	数据类型为number
138731, 存储数据, 玩家14,qwe5418897,54项新商店购买方式: 1	数据长度是1	数据类型为number
138731, 存储数据, 玩家14,qwe5418897,55项新商店商店模式: 1	数据长度是1	数据类型为number
138731, 存储数据, 玩家14,qwe5418897,56项预扣血模式: 0	数据长度是1	数据类型为number
138731, 存储数据, 玩家14,qwe5418897,57项回城特效: 7	数据长度是8	数据类型为number
138731, 存储数据, 玩家15,破了吧叽,1项画质: 1	数据长度是1	数据类型为number
138731, 存储数据, 玩家15,破了吧叽,2项滚屏速度: 20	数据长度是8	数据类型为number
138731, 存储数据, 玩家15,破了吧叽,3项更新内容面板开关: 0	数据长度是1	数据类型为number
138731, 存储数据, 玩家15,破了吧叽,4项游戏版本号: 1696	数据长度是16	数据类型为number
138731, 存储数据, 玩家15,破了吧叽,5项语音: 0	数据长度是1	数据类型为number
138731, 存储数据, 玩家15,破了吧叽,6项音响: 0	数据长度是1	数据类型为number
138731, 存储数据, 玩家15,破了吧叽,7项麦克风: 0	数据长度是1	数据类型为number
138731, 存储数据, 玩家15,破了吧叽,8项音响大小: 0	数据长度是8	数据类型为number
138731, 存储数据, 玩家15,破了吧叽,9项麦克风大小: 0	数据长度是8	数据类型为number
138731, 存储数据, 玩家15,破了吧叽,10项未知: 1	数据长度是1	数据类型为number
138731, 存储数据, 玩家15,破了吧叽,11项光照: 99	数据长度是8	数据类型为number
138731, 存储数据, 玩家15,破了吧叽,12项新F11面板模式: 1	数据长度是1	数据类型为number
138731, 存储数据, 玩家15,破了吧叽,13项血条区分敌我: 1	数据长度是1	数据类型为number
138731, 存储数据, 玩家15,破了吧叽,14项快捷键1: 41	数据长度是16	数据类型为number
138731, 存储数据, 玩家15,破了吧叽,15项快捷键2: 43	数据长度是16	数据类型为number
138731, 存储数据, 玩家15,破了吧叽,16项快捷键3: 61	数据长度是16	数据类型为number
138731, 存储数据, 玩家15,破了吧叽,17项快捷键4: 42	数据长度是16	数据类型为number
138731, 存储数据, 玩家15,破了吧叽,18项快捷键5: 0	数据长度是16	数据类型为number
138731, 存储数据, 玩家15,破了吧叽,19项快捷键6: 53	数据长度是16	数据类型为number
138731, 存储数据, 玩家15,破了吧叽,20项快捷键7: 541	数据长度是16	数据类型为number
138731, 存储数据, 玩家15,破了吧叽,21项快捷键8: 542	数据长度是16	数据类型为number
138731, 存储数据, 玩家15,破了吧叽,22项快捷键9: 543	数据长度是16	数据类型为number
138731, 存储数据, 玩家15,破了吧叽,23项快捷键10: 45	数据长度是16	数据类型为number
138731, 存储数据, 玩家15,破了吧叽,24项快捷键11: 56	数据长度是16	数据类型为number
138731, 存储数据, 玩家15,破了吧叽,25项快捷键12: 62	数据长度是16	数据类型为number
138731, 存储数据, 玩家15,破了吧叽,26项快捷键13: 547	数据长度是16	数据类型为number
138731, 存储数据, 玩家15,破了吧叽,27项快捷键14: 548	数据长度是16	数据类型为number
138731, 存储数据, 玩家15,破了吧叽,28项快捷键15: 549	数据长度是16	数据类型为number
138731, 存储数据, 玩家15,破了吧叽,29项快捷键16: 573	数据长度是16	数据类型为number
138731, 存储数据, 玩家15,破了吧叽,30项快捷键17: 29	数据长度是16	数据类型为number
138731, 存储数据, 玩家15,破了吧叽,31项快捷键18: 568	数据长度是16	数据类型为number
138731, 存储数据, 玩家15,破了吧叽,32项是否显示刀光: 1	数据长度是1	数据类型为number
138731, 存储数据, 玩家15,破了吧叽,33项显示刀光编号: 13	数据长度是8	数据类型为number
138731, 存储数据, 玩家15,破了吧叽,34项不显示翅膀: 1	数据长度是1	数据类型为number
138731, 存储数据, 玩家15,破了吧叽,35项显示翅膀编号: 0	数据长度是8	数据类型为number
138731, 存储数据, 玩家15,破了吧叽,36项孔明灯: 0	数据长度是8	数据类型为number
138731, 存储数据, 玩家15,破了吧叽,37项免控表现: 0	数据长度是8	数据类型为number
138731, 存储数据, 玩家15,破了吧叽,38项窗口锁定: 0	数据长度是8	数据类型为number
138731, 存储数据, 玩家15,破了吧叽,39项打孔明灯: 0	数据长度是8	数据类型为number
138731, 存储数据, 玩家15,破了吧叽,40项小地图头像: 3	数据长度是8	数据类型为number
138731, 存储数据, 玩家15,破了吧叽,41项画笔库6: 0	数据长度是8	数据类型为number
138731, 存储数据, 玩家15,破了吧叽,42项画笔库7: 0	数据长度是8	数据类型为number
138731, 存储数据, 玩家15,破了吧叽,43项画笔库8: 0	数据长度是8	数据类型为number
138731, 存储数据, 玩家15,破了吧叽,44项会员功能1: 1	数据长度是1	数据类型为number
138731, 存储数据, 玩家15,破了吧叽,45项会员功能2: 1	数据长度是1	数据类型为number
138731, 存储数据, 玩家15,破了吧叽,46项会员功能3: 1	数据长度是1	数据类型为number
138731, 存储数据, 玩家15,破了吧叽,47项会员功能4: 1	数据长度是1	数据类型为number
138731, 存储数据, 玩家15,破了吧叽,48项会员功能5: 1	数据长度是1	数据类型为number
138731, 存储数据, 玩家15,破了吧叽,49项会员功能6: 1	数据长度是1	数据类型为number
138731, 存储数据, 玩家15,破了吧叽,50项会员功能7: 1	数据长度是1	数据类型为number
138731, 存储数据, 玩家15,破了吧叽,51项会员功能8: 1	数据长度是1	数据类型为number
138731, 存储数据, 玩家15,破了吧叽,52项新商店左侧扩展面板: 1	数据长度是1	数据类型为number
138731, 存储数据, 玩家15,破了吧叽,53项新商店上部扩展面板: 1	数据长度是1	数据类型为number
138731, 存储数据, 玩家15,破了吧叽,54项新商店购买方式: 0	数据长度是1	数据类型为number
138731, 存储数据, 玩家15,破了吧叽,55项新商店商店模式: 1	数据长度是1	数据类型为number
138731, 存储数据, 玩家15,破了吧叽,56项预扣血模式: 0	数据长度是1	数据类型为number
138731, 存储数据, 玩家15,破了吧叽,57项回城特效: 14	数据长度是8	数据类型为number
138731, 存储数据, 玩家16,一休哥哥7,1项画质: 0	数据长度是1	数据类型为number
138731, 存储数据, 玩家16,一休哥哥7,2项滚屏速度: 15	数据长度是8	数据类型为number
138731, 存储数据, 玩家16,一休哥哥7,3项更新内容面板开关: 0	数据长度是1	数据类型为number
138731, 存储数据, 玩家16,一休哥哥7,4项游戏版本号: 1696	数据长度是16	数据类型为number
138731, 存储数据, 玩家16,一休哥哥7,5项语音: 0	数据长度是1	数据类型为number
138731, 存储数据, 玩家16,一休哥哥7,6项音响: 0	数据长度是1	数据类型为number
138731, 存储数据, 玩家16,一休哥哥7,7项麦克风: 0	数据长度是1	数据类型为number
138731, 存储数据, 玩家16,一休哥哥7,8项音响大小: 0	数据长度是8	数据类型为number
138731, 存储数据, 玩家16,一休哥哥7,9项麦克风大小: 0	数据长度是8	数据类型为number
138731, 存储数据, 玩家16,一休哥哥7,10项未知: 1	数据长度是1	数据类型为number
138731, 存储数据, 玩家16,一休哥哥7,11项光照: 100	数据长度是8	数据类型为number
138731, 存储数据, 玩家16,一休哥哥7,12项新F11面板模式: 1	数据长度是1	数据类型为number
138731, 存储数据, 玩家16,一休哥哥7,13项血条区分敌我: 1	数据长度是1	数据类型为number
138731, 存储数据, 玩家16,一休哥哥7,14项快捷键1: 41	数据长度是16	数据类型为number
138731, 存储数据, 玩家16,一休哥哥7,15项快捷键2: 43	数据长度是16	数据类型为number
138731, 存储数据, 玩家16,一休哥哥7,16项快捷键3: 61	数据长度是16	数据类型为number
138731, 存储数据, 玩家16,一休哥哥7,17项快捷键4: 42	数据长度是16	数据类型为number
138731, 存储数据, 玩家16,一休哥哥7,18项快捷键5: 56	数据长度是16	数据类型为number
138731, 存储数据, 玩家16,一休哥哥7,19项快捷键6: 53	数据长度是16	数据类型为number
138731, 存储数据, 玩家16,一休哥哥7,20项快捷键7: 541	数据长度是16	数据类型为number
138731, 存储数据, 玩家16,一休哥哥7,21项快捷键8: 542	数据长度是16	数据类型为number
138731, 存储数据, 玩家16,一休哥哥7,22项快捷键9: 543	数据长度是16	数据类型为number
138731, 存储数据, 玩家16,一休哥哥7,23项快捷键10: 544	数据长度是16	数据类型为number
138731, 存储数据, 玩家16,一休哥哥7,24项快捷键11: 545	数据长度是16	数据类型为number
138731, 存储数据, 玩家16,一休哥哥7,25项快捷键12: 546	数据长度是16	数据类型为number
138731, 存储数据, 玩家16,一休哥哥7,26项快捷键13: 547	数据长度是16	数据类型为number
138731, 存储数据, 玩家16,一休哥哥7,27项快捷键14: 548	数据长度是16	数据类型为number
138731, 存储数据, 玩家16,一休哥哥7,28项快捷键15: 549	数据长度是16	数据类型为number
138731, 存储数据, 玩家16,一休哥哥7,29项快捷键16: 573	数据长度是16	数据类型为number
138731, 存储数据, 玩家16,一休哥哥7,30项快捷键17: 567	数据长度是16	数据类型为number
138731, 存储数据, 玩家16,一休哥哥7,31项快捷键18: 555	数据长度是16	数据类型为number
138731, 存储数据, 玩家16,一休哥哥7,32项是否显示刀光: 1	数据长度是1	数据类型为number
138731, 存储数据, 玩家16,一休哥哥7,33项显示刀光编号: 1	数据长度是8	数据类型为number
138731, 存储数据, 玩家16,一休哥哥7,34项不显示翅膀: 0	数据长度是1	数据类型为number
138731, 存储数据, 玩家16,一休哥哥7,35项显示翅膀编号: 1	数据长度是8	数据类型为number
138731, 存储数据, 玩家16,一休哥哥7,36项孔明灯: 4	数据长度是8	数据类型为number
138731, 存储数据, 玩家16,一休哥哥7,37项免控表现: 0	数据长度是8	数据类型为number
138731, 存储数据, 玩家16,一休哥哥7,38项窗口锁定: 0	数据长度是8	数据类型为number
138731, 存储数据, 玩家16,一休哥哥7,39项打孔明灯: 0	数据长度是8	数据类型为number
138731, 存储数据, 玩家16,一休哥哥7,40项小地图头像: 0	数据长度是8	数据类型为number
138731, 存储数据, 玩家16,一休哥哥7,41项画笔库6: 0	数据长度是8	数据类型为number
138731, 存储数据, 玩家16,一休哥哥7,42项画笔库7: 0	数据长度是8	数据类型为number
138731, 存储数据, 玩家16,一休哥哥7,43项画笔库8: 0	数据长度是8	数据类型为number
138731, 存储数据, 玩家16,一休哥哥7,44项会员功能1: 1	数据长度是1	数据类型为number
138731, 存储数据, 玩家16,一休哥哥7,45项会员功能2: 1	数据长度是1	数据类型为number
138731, 存储数据, 玩家16,一休哥哥7,46项会员功能3: 1	数据长度是1	数据类型为number
138731, 存储数据, 玩家16,一休哥哥7,47项会员功能4: 1	数据长度是1	数据类型为number
138731, 存储数据, 玩家16,一休哥哥7,48项会员功能5: 1	数据长度是1	数据类型为number
138731, 存储数据, 玩家16,一休哥哥7,49项会员功能6: 1	数据长度是1	数据类型为number
138731, 存储数据, 玩家16,一休哥哥7,50项会员功能7: 1	数据长度是1	数据类型为number
138731, 存储数据, 玩家16,一休哥哥7,51项会员功能8: 1	数据长度是1	数据类型为number
138731, 存储数据, 玩家16,一休哥哥7,52项新商店左侧扩展面板: 1	数据长度是1	数据类型为number
138731, 存储数据, 玩家16,一休哥哥7,53项新商店上部扩展面板: 1	数据长度是1	数据类型为number
138731, 存储数据, 玩家16,一休哥哥7,54项新商店购买方式: 0	数据长度是1	数据类型为number
138731, 存储数据, 玩家16,一休哥哥7,55项新商店商店模式: 1	数据长度是1	数据类型为number
138731, 存储数据, 玩家16,一休哥哥7,56项预扣血模式: 0	数据长度是1	数据类型为number
138731, 存储数据, 玩家16,一休哥哥7,57项回城特效: 0	数据长度是8	数据类型为number
138731, 存储数据, 玩家17,妞丿想哥没,1项画质: 1	数据长度是1	数据类型为number
138731, 存储数据, 玩家17,妞丿想哥没,2项滚屏速度: 14	数据长度是8	数据类型为number
138731, 存储数据, 玩家17,妞丿想哥没,3项更新内容面板开关: 0	数据长度是1	数据类型为number
138731, 存储数据, 玩家17,妞丿想哥没,4项游戏版本号: 1696	数据长度是16	数据类型为number
138731, 存储数据, 玩家17,妞丿想哥没,5项语音: 0	数据长度是1	数据类型为number
138731, 存储数据, 玩家17,妞丿想哥没,6项音响: 0	数据长度是1	数据类型为number
138731, 存储数据, 玩家17,妞丿想哥没,7项麦克风: 0	数据长度是1	数据类型为number
138731, 存储数据, 玩家17,妞丿想哥没,8项音响大小: 0	数据长度是8	数据类型为number
138731, 存储数据, 玩家17,妞丿想哥没,9项麦克风大小: 0	数据长度是8	数据类型为number
138731, 存储数据, 玩家17,妞丿想哥没,10项未知: 1	数据长度是1	数据类型为number
138731, 存储数据, 玩家17,妞丿想哥没,11项光照: 99	数据长度是8	数据类型为number
138731, 存储数据, 玩家17,妞丿想哥没,12项新F11面板模式: 1	数据长度是1	数据类型为number
138731, 存储数据, 玩家17,妞丿想哥没,13项血条区分敌我: 1	数据长度是1	数据类型为number
138731, 存储数据, 玩家17,妞丿想哥没,14项快捷键1: 41	数据长度是16	数据类型为number
138731, 存储数据, 玩家17,妞丿想哥没,15项快捷键2: 43	数据长度是16	数据类型为number
138731, 存储数据, 玩家17,妞丿想哥没,16项快捷键3: 61	数据长度是16	数据类型为number
138731, 存储数据, 玩家17,妞丿想哥没,17项快捷键4: 42	数据长度是16	数据类型为number
138731, 存储数据, 玩家17,妞丿想哥没,18项快捷键5: 56	数据长度是16	数据类型为number
138731, 存储数据, 玩家17,妞丿想哥没,19项快捷键6: 53	数据长度是16	数据类型为number
138731, 存储数据, 玩家17,妞丿想哥没,20项快捷键7: 541	数据长度是16	数据类型为number
138731, 存储数据, 玩家17,妞丿想哥没,21项快捷键8: 542	数据长度是16	数据类型为number
138731, 存储数据, 玩家17,妞丿想哥没,22项快捷键9: 543	数据长度是16	数据类型为number
138731, 存储数据, 玩家17,妞丿想哥没,23项快捷键10: 544	数据长度是16	数据类型为number
138731, 存储数据, 玩家17,妞丿想哥没,24项快捷键11: 545	数据长度是16	数据类型为number
138731, 存储数据, 玩家17,妞丿想哥没,25项快捷键12: 546	数据长度是16	数据类型为number
138731, 存储数据, 玩家17,妞丿想哥没,26项快捷键13: 547	数据长度是16	数据类型为number
138731, 存储数据, 玩家17,妞丿想哥没,27项快捷键14: 548	数据长度是16	数据类型为number
138731, 存储数据, 玩家17,妞丿想哥没,28项快捷键15: 549	数据长度是16	数据类型为number
138731, 存储数据, 玩家17,妞丿想哥没,29项快捷键16: 573	数据长度是16	数据类型为number
138731, 存储数据, 玩家17,妞丿想哥没,30项快捷键17: 555	数据长度是16	数据类型为number
138731, 存储数据, 玩家17,妞丿想哥没,31项快捷键18: 568	数据长度是16	数据类型为number
138731, 存储数据, 玩家17,妞丿想哥没,32项是否显示刀光: 1	数据长度是1	数据类型为number
138731, 存储数据, 玩家17,妞丿想哥没,33项显示刀光编号: 14	数据长度是8	数据类型为number
138731, 存储数据, 玩家17,妞丿想哥没,34项不显示翅膀: 0	数据长度是1	数据类型为number
138731, 存储数据, 玩家17,妞丿想哥没,35项显示翅膀编号: 3	数据长度是8	数据类型为number
138731, 存储数据, 玩家17,妞丿想哥没,36项孔明灯: 0	数据长度是8	数据类型为number
138731, 存储数据, 玩家17,妞丿想哥没,37项免控表现: 0	数据长度是8	数据类型为number
138731, 存储数据, 玩家17,妞丿想哥没,38项窗口锁定: 0	数据长度是8	数据类型为number
138731, 存储数据, 玩家17,妞丿想哥没,39项打孔明灯: 0	数据长度是8	数据类型为number
138731, 存储数据, 玩家17,妞丿想哥没,40项小地图头像: 0	数据长度是8	数据类型为number
138731, 存储数据, 玩家17,妞丿想哥没,41项画笔库6: 0	数据长度是8	数据类型为number
138731, 存储数据, 玩家17,妞丿想哥没,42项画笔库7: 0	数据长度是8	数据类型为number
138731, 存储数据, 玩家17,妞丿想哥没,43项画笔库8: 0	数据长度是8	数据类型为number
138731, 存储数据, 玩家17,妞丿想哥没,44项会员功能1: 0	数据长度是1	数据类型为number
138731, 存储数据, 玩家17,妞丿想哥没,45项会员功能2: 1	数据长度是1	数据类型为number
138731, 存储数据, 玩家17,妞丿想哥没,46项会员功能3: 0	数据长度是1	数据类型为number
138731, 存储数据, 玩家17,妞丿想哥没,47项会员功能4: 1	数据长度是1	数据类型为number
138731, 存储数据, 玩家17,妞丿想哥没,48项会员功能5: 1	数据长度是1	数据类型为number
138731, 存储数据, 玩家17,妞丿想哥没,49项会员功能6: 1	数据长度是1	数据类型为number
138731, 存储数据, 玩家17,妞丿想哥没,50项会员功能7: 1	数据长度是1	数据类型为number
138731, 存储数据, 玩家17,妞丿想哥没,51项会员功能8: 1	数据长度是1	数据类型为number
138731, 存储数据, 玩家17,妞丿想哥没,52项新商店左侧扩展面板: 1	数据长度是1	数据类型为number
138731, 存储数据, 玩家17,妞丿想哥没,53项新商店上部扩展面板: 1	数据长度是1	数据类型为number
138731, 存储数据, 玩家17,妞丿想哥没,54项新商店购买方式: 0	数据长度是1	数据类型为number
138731, 存储数据, 玩家17,妞丿想哥没,55项新商店商店模式: 1	数据长度是1	数据类型为number
138731, 存储数据, 玩家17,妞丿想哥没,56项预扣血模式: 0	数据长度是1	数据类型为number
138731, 存储数据, 玩家17,妞丿想哥没,57项回城特效: 2	数据长度是8	数据类型为number
138731, 存储数据, 玩家18,竞技只为娱乐丶,1项画质: 1	数据长度是1	数据类型为number
138731, 存储数据, 玩家18,竞技只为娱乐丶,2项滚屏速度: 19	数据长度是8	数据类型为number
138731, 存储数据, 玩家18,竞技只为娱乐丶,3项更新内容面板开关: 0	数据长度是1	数据类型为number
138731, 存储数据, 玩家18,竞技只为娱乐丶,4项游戏版本号: 1696	数据长度是16	数据类型为number
138731, 存储数据, 玩家18,竞技只为娱乐丶,5项语音: 1	数据长度是1	数据类型为number
138731, 存储数据, 玩家18,竞技只为娱乐丶,6项音响: 1	数据长度是1	数据类型为number
138731, 存储数据, 玩家18,竞技只为娱乐丶,7项麦克风: 1	数据长度是1	数据类型为number
138731, 存储数据, 玩家18,竞技只为娱乐丶,8项音响大小: 0	数据长度是8	数据类型为number
138731, 存储数据, 玩家18,竞技只为娱乐丶,9项麦克风大小: 0	数据长度是8	数据类型为number
138731, 存储数据, 玩家18,竞技只为娱乐丶,10项未知: 1	数据长度是1	数据类型为number
138731, 存储数据, 玩家18,竞技只为娱乐丶,11项光照: 55	数据长度是8	数据类型为number
138731, 存储数据, 玩家18,竞技只为娱乐丶,12项新F11面板模式: 1	数据长度是1	数据类型为number
138731, 存储数据, 玩家18,竞技只为娱乐丶,13项血条区分敌我: 1	数据长度是1	数据类型为number
138731, 存储数据, 玩家18,竞技只为娱乐丶,14项快捷键1: 41	数据长度是16	数据类型为number
138731, 存储数据, 玩家18,竞技只为娱乐丶,15项快捷键2: 43	数据长度是16	数据类型为number
138731, 存储数据, 玩家18,竞技只为娱乐丶,16项快捷键3: 61	数据长度是16	数据类型为number
138731, 存储数据, 玩家18,竞技只为娱乐丶,17项快捷键4: 42	数据长度是16	数据类型为number
138731, 存储数据, 玩家18,竞技只为娱乐丶,18项快捷键5: 56	数据长度是16	数据类型为number
138731, 存储数据, 玩家18,竞技只为娱乐丶,19项快捷键6: 53	数据长度是16	数据类型为number
138731, 存储数据, 玩家18,竞技只为娱乐丶,20项快捷键7: 541	数据长度是16	数据类型为number
138731, 存储数据, 玩家18,竞技只为娱乐丶,21项快捷键8: 542	数据长度是16	数据类型为number
138731, 存储数据, 玩家18,竞技只为娱乐丶,22项快捷键9: 543	数据长度是16	数据类型为number
138731, 存储数据, 玩家18,竞技只为娱乐丶,23项快捷键10: 544	数据长度是16	数据类型为number
138731, 存储数据, 玩家18,竞技只为娱乐丶,24项快捷键11: 545	数据长度是16	数据类型为number
138731, 存储数据, 玩家18,竞技只为娱乐丶,25项快捷键12: 546	数据长度是16	数据类型为number
138731, 存储数据, 玩家18,竞技只为娱乐丶,26项快捷键13: 547	数据长度是16	数据类型为number
138731, 存储数据, 玩家18,竞技只为娱乐丶,27项快捷键14: 548	数据长度是16	数据类型为number
138731, 存储数据, 玩家18,竞技只为娱乐丶,28项快捷键15: 549	数据长度是16	数据类型为number
138731, 存储数据, 玩家18,竞技只为娱乐丶,29项快捷键16: 573	数据长度是16	数据类型为number
138731, 存储数据, 玩家18,竞技只为娱乐丶,30项快捷键17: 0	数据长度是16	数据类型为number
138731, 存储数据, 玩家18,竞技只为娱乐丶,31项快捷键18: 568	数据长度是16	数据类型为number
138731, 存储数据, 玩家18,竞技只为娱乐丶,32项是否显示刀光: 1	数据长度是1	数据类型为number
138731, 存储数据, 玩家18,竞技只为娱乐丶,33项显示刀光编号: 4	数据长度是8	数据类型为number
138731, 存储数据, 玩家18,竞技只为娱乐丶,34项不显示翅膀: 0	数据长度是1	数据类型为number
138731, 存储数据, 玩家18,竞技只为娱乐丶,35项显示翅膀编号: 4	数据长度是8	数据类型为number
138731, 存储数据, 玩家18,竞技只为娱乐丶,36项孔明灯: 0	数据长度是8	数据类型为number
138731, 存储数据, 玩家18,竞技只为娱乐丶,37项免控表现: 0	数据长度是8	数据类型为number
138731, 存储数据, 玩家18,竞技只为娱乐丶,38项窗口锁定: 0	数据长度是8	数据类型为number
138731, 存储数据, 玩家18,竞技只为娱乐丶,39项打孔明灯: 0	数据长度是8	数据类型为number
138731, 存储数据, 玩家18,竞技只为娱乐丶,40项小地图头像: 0	数据长度是8	数据类型为number
138731, 存储数据, 玩家18,竞技只为娱乐丶,41项画笔库6: 0	数据长度是8	数据类型为number
138731, 存储数据, 玩家18,竞技只为娱乐丶,42项画笔库7: 0	数据长度是8	数据类型为number
138731, 存储数据, 玩家18,竞技只为娱乐丶,43项画笔库8: 0	数据长度是8	数据类型为number
138731, 存储数据, 玩家18,竞技只为娱乐丶,44项会员功能1: 1	数据长度是1	数据类型为number
138731, 存储数据, 玩家18,竞技只为娱乐丶,45项会员功能2: 1	数据长度是1	数据类型为number
138731, 存储数据, 玩家18,竞技只为娱乐丶,46项会员功能3: 0	数据长度是1	数据类型为number
138731, 存储数据, 玩家18,竞技只为娱乐丶,47项会员功能4: 1	数据长度是1	数据类型为number
138731, 存储数据, 玩家18,竞技只为娱乐丶,48项会员功能5: 1	数据长度是1	数据类型为number
138731, 存储数据, 玩家18,竞技只为娱乐丶,49项会员功能6: 1	数据长度是1	数据类型为number
138731, 存储数据, 玩家18,竞技只为娱乐丶,50项会员功能7: 1	数据长度是1	数据类型为number
138731, 存储数据, 玩家18,竞技只为娱乐丶,51项会员功能8: 1	数据长度是1	数据类型为number
138731, 存储数据, 玩家18,竞技只为娱乐丶,52项新商店左侧扩展面板: 1	数据长度是1	数据类型为number
138731, 存储数据, 玩家18,竞技只为娱乐丶,53项新商店上部扩展面板: 1	数据长度是1	数据类型为number
138731, 存储数据, 玩家18,竞技只为娱乐丶,54项新商店购买方式: 0	数据长度是1	数据类型为number
138731, 存储数据, 玩家18,竞技只为娱乐丶,55项新商店商店模式: 1	数据长度是1	数据类型为number
138731, 存储数据, 玩家18,竞技只为娱乐丶,56项预扣血模式: 1	数据长度是1	数据类型为number
138731, 存储数据, 玩家18,竞技只为娱乐丶,57项回城特效: 0	数据长度是8	数据类型为number
138731, 存储数据, 玩家19,犀利哥丨钱多多,1项画质: 1	数据长度是1	数据类型为number
138731, 存储数据, 玩家19,犀利哥丨钱多多,2项滚屏速度: 23	数据长度是8	数据类型为number
138731, 存储数据, 玩家19,犀利哥丨钱多多,3项更新内容面板开关: 0	数据长度是1	数据类型为number
138731, 存储数据, 玩家19,犀利哥丨钱多多,4项游戏版本号: 1696	数据长度是16	数据类型为number
138731, 存储数据, 玩家19,犀利哥丨钱多多,5项语音: 0	数据长度是1	数据类型为number
138731, 存储数据, 玩家19,犀利哥丨钱多多,6项音响: 0	数据长度是1	数据类型为number
138731, 存储数据, 玩家19,犀利哥丨钱多多,7项麦克风: 0	数据长度是1	数据类型为number
138731, 存储数据, 玩家19,犀利哥丨钱多多,8项音响大小: 0	数据长度是8	数据类型为number
138731, 存储数据, 玩家19,犀利哥丨钱多多,9项麦克风大小: 0	数据长度是8	数据类型为number
138731, 存储数据, 玩家19,犀利哥丨钱多多,10项未知: 0	数据长度是1	数据类型为number
138731, 存储数据, 玩家19,犀利哥丨钱多多,11项光照: 99	数据长度是8	数据类型为number
138731, 存储数据, 玩家19,犀利哥丨钱多多,12项新F11面板模式: 1	数据长度是1	数据类型为number
138731, 存储数据, 玩家19,犀利哥丨钱多多,13项血条区分敌我: 1	数据长度是1	数据类型为number
138731, 存储数据, 玩家19,犀利哥丨钱多多,14项快捷键1: 41	数据长度是16	数据类型为number
138731, 存储数据, 玩家19,犀利哥丨钱多多,15项快捷键2: 43	数据长度是16	数据类型为number
138731, 存储数据, 玩家19,犀利哥丨钱多多,16项快捷键3: 61	数据长度是16	数据类型为number
138731, 存储数据, 玩家19,犀利哥丨钱多多,17项快捷键4: 42	数据长度是16	数据类型为number
138731, 存储数据, 玩家19,犀利哥丨钱多多,18项快捷键5: 0	数据长度是16	数据类型为number
138731, 存储数据, 玩家19,犀利哥丨钱多多,19项快捷键6: 53	数据长度是16	数据类型为number
138731, 存储数据, 玩家19,犀利哥丨钱多多,20项快捷键7: 541	数据长度是16	数据类型为number
138731, 存储数据, 玩家19,犀利哥丨钱多多,21项快捷键8: 44	数据长度是16	数据类型为number
138731, 存储数据, 玩家19,犀利哥丨钱多多,22项快捷键9: 56	数据长度是16	数据类型为number
138731, 存储数据, 玩家19,犀利哥丨钱多多,23项快捷键10: 544	数据长度是16	数据类型为number
138731, 存储数据, 玩家19,犀利哥丨钱多多,24项快捷键11: 545	数据长度是16	数据类型为number
138731, 存储数据, 玩家19,犀利哥丨钱多多,25项快捷键12: 546	数据长度是16	数据类型为number
138731, 存储数据, 玩家19,犀利哥丨钱多多,26项快捷键13: 547	数据长度是16	数据类型为number
138731, 存储数据, 玩家19,犀利哥丨钱多多,27项快捷键14: 548	数据长度是16	数据类型为number
138731, 存储数据, 玩家19,犀利哥丨钱多多,28项快捷键15: 549	数据长度是16	数据类型为number
138731, 存储数据, 玩家19,犀利哥丨钱多多,29项快捷键16: 573	数据长度是16	数据类型为number
138731, 存储数据, 玩家19,犀利哥丨钱多多,30项快捷键17: 555	数据长度是16	数据类型为number
138731, 存储数据, 玩家19,犀利哥丨钱多多,31项快捷键18: 568	数据长度是16	数据类型为number
138731, 存储数据, 玩家19,犀利哥丨钱多多,32项是否显示刀光: 1	数据长度是1	数据类型为number
138731, 存储数据, 玩家19,犀利哥丨钱多多,33项显示刀光编号: 12	数据长度是8	数据类型为number
138731, 存储数据, 玩家19,犀利哥丨钱多多,34项不显示翅膀: 1	数据长度是1	数据类型为number
138731, 存储数据, 玩家19,犀利哥丨钱多多,35项显示翅膀编号: 0	数据长度是8	数据类型为number
138731, 存储数据, 玩家19,犀利哥丨钱多多,36项孔明灯: 0	数据长度是8	数据类型为number
138731, 存储数据, 玩家19,犀利哥丨钱多多,37项免控表现: 0	数据长度是8	数据类型为number
138731, 存储数据, 玩家19,犀利哥丨钱多多,38项窗口锁定: 0	数据长度是8	数据类型为number
138731, 存储数据, 玩家19,犀利哥丨钱多多,39项打孔明灯: 0	数据长度是8	数据类型为number
138731, 存储数据, 玩家19,犀利哥丨钱多多,40项小地图头像: 0	数据长度是8	数据类型为number
138731, 存储数据, 玩家19,犀利哥丨钱多多,41项画笔库6: 0	数据长度是8	数据类型为number
138731, 存储数据, 玩家19,犀利哥丨钱多多,42项画笔库7: 0	数据长度是8	数据类型为number
138731, 存储数据, 玩家19,犀利哥丨钱多多,43项画笔库8: 0	数据长度是8	数据类型为number
138731, 存储数据, 玩家19,犀利哥丨钱多多,44项会员功能1: 1	数据长度是1	数据类型为number
138731, 存储数据, 玩家19,犀利哥丨钱多多,45项会员功能2: 1	数据长度是1	数据类型为number
138731, 存储数据, 玩家19,犀利哥丨钱多多,46项会员功能3: 1	数据长度是1	数据类型为number
138731, 存储数据, 玩家19,犀利哥丨钱多多,47项会员功能4: 1	数据长度是1	数据类型为number
138731, 存储数据, 玩家19,犀利哥丨钱多多,48项会员功能5: 1	数据长度是1	数据类型为number
138731, 存储数据, 玩家19,犀利哥丨钱多多,49项会员功能6: 1	数据长度是1	数据类型为number
138731, 存储数据, 玩家19,犀利哥丨钱多多,50项会员功能7: 1	数据长度是1	数据类型为number
138731, 存储数据, 玩家19,犀利哥丨钱多多,51项会员功能8: 1	数据长度是1	数据类型为number
138731, 存储数据, 玩家19,犀利哥丨钱多多,52项新商店左侧扩展面板: 1	数据长度是1	数据类型为number
138731, 存储数据, 玩家19,犀利哥丨钱多多,53项新商店上部扩展面板: 1	数据长度是1	数据类型为number
138731, 存储数据, 玩家19,犀利哥丨钱多多,54项新商店购买方式: 0	数据长度是1	数据类型为number
138731, 存储数据, 玩家19,犀利哥丨钱多多,55项新商店商店模式: 0	数据长度是1	数据类型为number
138731, 存储数据, 玩家19,犀利哥丨钱多多,56项预扣血模式: 0	数据长度是1	数据类型为number
138731, 存储数据, 玩家19,犀利哥丨钱多多,57项回城特效: 5	数据长度是8	数据类型为number
138731, 存储数据, 玩家20,看见二B头疼,1项画质: 1	数据长度是1	数据类型为number
138731, 存储数据, 玩家20,看见二B头疼,2项滚屏速度: 15	数据长度是8	数据类型为number
138731, 存储数据, 玩家20,看见二B头疼,3项更新内容面板开关: 0	数据长度是1	数据类型为number
138731, 存储数据, 玩家20,看见二B头疼,4项游戏版本号: 1696	数据长度是16	数据类型为number
138731, 存储数据, 玩家20,看见二B头疼,5项语音: 0	数据长度是1	数据类型为number
138731, 存储数据, 玩家20,看见二B头疼,6项音响: 0	数据长度是1	数据类型为number
138731, 存储数据, 玩家20,看见二B头疼,7项麦克风: 0	数据长度是1	数据类型为number
138731, 存储数据, 玩家20,看见二B头疼,8项音响大小: 0	数据长度是8	数据类型为number
138731, 存储数据, 玩家20,看见二B头疼,9项麦克风大小: 0	数据长度是8	数据类型为number
138731, 存储数据, 玩家20,看见二B头疼,10项未知: 1	数据长度是1	数据类型为number
138731, 存储数据, 玩家20,看见二B头疼,11项光照: 99	数据长度是8	数据类型为number
138731, 存储数据, 玩家20,看见二B头疼,12项新F11面板模式: 1	数据长度是1	数据类型为number
138731, 存储数据, 玩家20,看见二B头疼,13项血条区分敌我: 1	数据长度是1	数据类型为number
138731, 存储数据, 玩家20,看见二B头疼,14项快捷键1: 41	数据长度是16	数据类型为number
138731, 存储数据, 玩家20,看见二B头疼,15项快捷键2: 43	数据长度是16	数据类型为number
138731, 存储数据, 玩家20,看见二B头疼,16项快捷键3: 61	数据长度是16	数据类型为number
138731, 存储数据, 玩家20,看见二B头疼,17项快捷键4: 42	数据长度是16	数据类型为number
138731, 存储数据, 玩家20,看见二B头疼,18项快捷键5: 56	数据长度是16	数据类型为number
138731, 存储数据, 玩家20,看见二B头疼,19项快捷键6: 53	数据长度是16	数据类型为number
138731, 存储数据, 玩家20,看见二B头疼,20项快捷键7: 541	数据长度是16	数据类型为number
138731, 存储数据, 玩家20,看见二B头疼,21项快捷键8: 542	数据长度是16	数据类型为number
138731, 存储数据, 玩家20,看见二B头疼,22项快捷键9: 543	数据长度是16	数据类型为number
138731, 存储数据, 玩家20,看见二B头疼,23项快捷键10: 544	数据长度是16	数据类型为number
138731, 存储数据, 玩家20,看见二B头疼,24项快捷键11: 545	数据长度是16	数据类型为number
138731, 存储数据, 玩家20,看见二B头疼,25项快捷键12: 546	数据长度是16	数据类型为number
138731, 存储数据, 玩家20,看见二B头疼,26项快捷键13: 547	数据长度是16	数据类型为number
138731, 存储数据, 玩家20,看见二B头疼,27项快捷键14: 548	数据长度是16	数据类型为number
138731, 存储数据, 玩家20,看见二B头疼,28项快捷键15: 549	数据长度是16	数据类型为number
138731, 存储数据, 玩家20,看见二B头疼,29项快捷键16: 573	数据长度是16	数据类型为number
138731, 存储数据, 玩家20,看见二B头疼,30项快捷键17: 555	数据长度是16	数据类型为number
138731, 存储数据, 玩家20,看见二B头疼,31项快捷键18: 568	数据长度是16	数据类型为number
138731, 存储数据, 玩家20,看见二B头疼,32项是否显示刀光: 1	数据长度是1	数据类型为number
138731, 存储数据, 玩家20,看见二B头疼,33项显示刀光编号: 2	数据长度是8	数据类型为number
138731, 存储数据, 玩家20,看见二B头疼,34项不显示翅膀: 1	数据长度是1	数据类型为number
138731, 存储数据, 玩家20,看见二B头疼,35项显示翅膀编号: 0	数据长度是8	数据类型为number
138731, 存储数据, 玩家20,看见二B头疼,36项孔明灯: 0	数据长度是8	数据类型为number
138731, 存储数据, 玩家20,看见二B头疼,37项免控表现: 0	数据长度是8	数据类型为number
138731, 存储数据, 玩家20,看见二B头疼,38项窗口锁定: 0	数据长度是8	数据类型为number
138731, 存储数据, 玩家20,看见二B头疼,39项打孔明灯: 0	数据长度是8	数据类型为number
138731, 存储数据, 玩家20,看见二B头疼,40项小地图头像: 0	数据长度是8	数据类型为number
138731, 存储数据, 玩家20,看见二B头疼,41项画笔库6: 0	数据长度是8	数据类型为number
138731, 存储数据, 玩家20,看见二B头疼,42项画笔库7: 0	数据长度是8	数据类型为number
138731, 存储数据, 玩家20,看见二B头疼,43项画笔库8: 0	数据长度是8	数据类型为number
138731, 存储数据, 玩家20,看见二B头疼,44项会员功能1: 1	数据长度是1	数据类型为number
138731, 存储数据, 玩家20,看见二B头疼,45项会员功能2: 1	数据长度是1	数据类型为number
138731, 存储数据, 玩家20,看见二B头疼,46项会员功能3: 1	数据长度是1	数据类型为number
138731, 存储数据, 玩家20,看见二B头疼,47项会员功能4: 1	数据长度是1	数据类型为number
138731, 存储数据, 玩家20,看见二B头疼,48项会员功能5: 1	数据长度是1	数据类型为number
138731, 存储数据, 玩家20,看见二B头疼,49项会员功能6: 1	数据长度是1	数据类型为number
138731, 存储数据, 玩家20,看见二B头疼,50项会员功能7: 1	数据长度是1	数据类型为number
138731, 存储数据, 玩家20,看见二B头疼,51项会员功能8: 1	数据长度是1	数据类型为number
138731, 存储数据, 玩家20,看见二B头疼,52项新商店左侧扩展面板: 1	数据长度是1	数据类型为number
138731, 存储数据, 玩家20,看见二B头疼,53项新商店上部扩展面板: 1	数据长度是1	数据类型为number
138731, 存储数据, 玩家20,看见二B头疼,54项新商店购买方式: 0	数据长度是1	数据类型为number
138731, 存储数据, 玩家20,看见二B头疼,55项新商店商店模式: 1	数据长度是1	数据类型为number
138731, 存储数据, 玩家20,看见二B头疼,56项预扣血模式: 0	数据长度是1	数据类型为number
138731, 存储数据, 玩家20,看见二B头疼,57项回城特效: 10	数据长度是8	数据类型为number
138731, 存储数据, 玩家21,蜀国,1项画质: 1	数据长度是1	数据类型为number
138731, 存储数据, 玩家21,蜀国,2项滚屏速度: 20	数据长度是8	数据类型为number
138731, 存储数据, 玩家21,蜀国,3项更新内容面板开关: 0	数据长度是1	数据类型为number
138731, 存储数据, 玩家21,蜀国,4项游戏版本号: 0	数据长度是16	数据类型为number
138731, 存储数据, 玩家21,蜀国,5项语音: 0	数据长度是1	数据类型为number
138731, 存储数据, 玩家21,蜀国,6项音响: 0	数据长度是1	数据类型为number
138731, 存储数据, 玩家21,蜀国,7项麦克风: 0	数据长度是1	数据类型为number
138731, 存储数据, 玩家21,蜀国,8项音响大小: 0	数据长度是8	数据类型为number
138731, 存储数据, 玩家21,蜀国,9项麦克风大小: 0	数据长度是8	数据类型为number
138731, 存储数据, 玩家21,蜀国,10项未知: 0	数据长度是1	数据类型为number
138731, 存储数据, 玩家21,蜀国,11项光照: 99	数据长度是8	数据类型为number
138731, 存储数据, 玩家21,蜀国,12项新F11面板模式: 1	数据长度是1	数据类型为number
138731, 存储数据, 玩家21,蜀国,13项血条区分敌我: 1	数据长度是1	数据类型为number
138731, 存储数据, 玩家21,蜀国,14项快捷键1: 41	数据长度是16	数据类型为number
138731, 存储数据, 玩家21,蜀国,15项快捷键2: 43	数据长度是16	数据类型为number
138731, 存储数据, 玩家21,蜀国,16项快捷键3: 61	数据长度是16	数据类型为number
138731, 存储数据, 玩家21,蜀国,17项快捷键4: 42	数据长度是16	数据类型为number
138731, 存储数据, 玩家21,蜀国,18项快捷键5: 56	数据长度是16	数据类型为number
138731, 存储数据, 玩家21,蜀国,19项快捷键6: 53	数据长度是16	数据类型为number
138731, 存储数据, 玩家21,蜀国,20项快捷键7: 541	数据长度是16	数据类型为number
138731, 存储数据, 玩家21,蜀国,21项快捷键8: 542	数据长度是16	数据类型为number
138731, 存储数据, 玩家21,蜀国,22项快捷键9: 543	数据长度是16	数据类型为number
138731, 存储数据, 玩家21,蜀国,23项快捷键10: 544	数据长度是16	数据类型为number
138731, 存储数据, 玩家21,蜀国,24项快捷键11: 545	数据长度是16	数据类型为number
138731, 存储数据, 玩家21,蜀国,25项快捷键12: 546	数据长度是16	数据类型为number
138731, 存储数据, 玩家21,蜀国,26项快捷键13: 547	数据长度是16	数据类型为number
138731, 存储数据, 玩家21,蜀国,27项快捷键14: 548	数据长度是16	数据类型为number
138731, 存储数据, 玩家21,蜀国,28项快捷键15: 549	数据长度是16	数据类型为number
138731, 存储数据, 玩家21,蜀国,29项快捷键16: 573	数据长度是16	数据类型为number
138731, 存储数据, 玩家21,蜀国,30项快捷键17: 555	数据长度是16	数据类型为number
138731, 存储数据, 玩家21,蜀国,31项快捷键18: 568	数据长度是16	数据类型为number
138731, 存储数据, 玩家21,蜀国,32项是否显示刀光: 1	数据长度是1	数据类型为number
138731, 存储数据, 玩家21,蜀国,33项显示刀光编号: 1	数据长度是8	数据类型为number
138731, 存储数据, 玩家21,蜀国,34项不显示翅膀: 0	数据长度是1	数据类型为number
138731, 存储数据, 玩家21,蜀国,35项显示翅膀编号: 0	数据长度是8	数据类型为number
138731, 存储数据, 玩家21,蜀国,36项孔明灯: 0	数据长度是8	数据类型为number
138731, 存储数据, 玩家21,蜀国,37项免控表现: 1	数据长度是8	数据类型为number
138731, 存储数据, 玩家21,蜀国,38项窗口锁定: 0	数据长度是8	数据类型为number
138731, 存储数据, 玩家21,蜀国,39项打孔明灯: 0	数据长度是8	数据类型为number
138731, 存储数据, 玩家21,蜀国,40项小地图头像: 1	数据长度是8	数据类型为number
138731, 存储数据, 玩家21,蜀国,41项画笔库6: 0	数据长度是8	数据类型为number
138731, 存储数据, 玩家21,蜀国,42项画笔库7: 0	数据长度是8	数据类型为number
138731, 存储数据, 玩家21,蜀国,43项画笔库8: 0	数据长度是8	数据类型为number
138731, 存储数据, 玩家21,蜀国,44项会员功能1: 1	数据长度是1	数据类型为number
138731, 存储数据, 玩家21,蜀国,45项会员功能2: 1	数据长度是1	数据类型为number
138731, 存储数据, 玩家21,蜀国,46项会员功能3: 1	数据长度是1	数据类型为number
138731, 存储数据, 玩家21,蜀国,47项会员功能4: 1	数据长度是1	数据类型为number
138731, 存储数据, 玩家21,蜀国,48项会员功能5: 1	数据长度是1	数据类型为number
138731, 存储数据, 玩家21,蜀国,49项会员功能6: 1	数据长度是1	数据类型为number
138731, 存储数据, 玩家21,蜀国,50项会员功能7: 1	数据长度是1	数据类型为number
138731, 存储数据, 玩家21,蜀国,51项会员功能8: 1	数据长度是1	数据类型为number
138731, 存储数据, 玩家21,蜀国,52项新商店左侧扩展面板: 1	数据长度是1	数据类型为number
138731, 存储数据, 玩家21,蜀国,53项新商店上部扩展面板: 1	数据长度是1	数据类型为number
138731, 存储数据, 玩家21,蜀国,54项新商店购买方式: 0	数据长度是1	数据类型为number
138731, 存储数据, 玩家21,蜀国,55项新商店商店模式: 0	数据长度是1	数据类型为number
138731, 存储数据, 玩家21,蜀国,56项预扣血模式: 0	数据长度是1	数据类型为number
138731, 存储数据, 玩家21,蜀国,57项回城特效: 0	数据长度是8	数据类型为number
138731, 存储数据, 玩家22,魏国,1项画质: 1	数据长度是1	数据类型为number
138731, 存储数据, 玩家22,魏国,2项滚屏速度: 20	数据长度是8	数据类型为number
138731, 存储数据, 玩家22,魏国,3项更新内容面板开关: 0	数据长度是1	数据类型为number
138731, 存储数据, 玩家22,魏国,4项游戏版本号: 0	数据长度是16	数据类型为number
138731, 存储数据, 玩家22,魏国,5项语音: 0	数据长度是1	数据类型为number
138731, 存储数据, 玩家22,魏国,6项音响: 0	数据长度是1	数据类型为number
138731, 存储数据, 玩家22,魏国,7项麦克风: 0	数据长度是1	数据类型为number
138731, 存储数据, 玩家22,魏国,8项音响大小: 0	数据长度是8	数据类型为number
138731, 存储数据, 玩家22,魏国,9项麦克风大小: 0	数据长度是8	数据类型为number
138731, 存储数据, 玩家22,魏国,10项未知: 0	数据长度是1	数据类型为number
138731, 存储数据, 玩家22,魏国,11项光照: 99	数据长度是8	数据类型为number
138731, 存储数据, 玩家22,魏国,12项新F11面板模式: 1	数据长度是1	数据类型为number
138731, 存储数据, 玩家22,魏国,13项血条区分敌我: 1	数据长度是1	数据类型为number
138731, 存储数据, 玩家22,魏国,14项快捷键1: 41	数据长度是16	数据类型为number
138731, 存储数据, 玩家22,魏国,15项快捷键2: 43	数据长度是16	数据类型为number
138731, 存储数据, 玩家22,魏国,16项快捷键3: 61	数据长度是16	数据类型为number
138731, 存储数据, 玩家22,魏国,17项快捷键4: 42	数据长度是16	数据类型为number
138731, 存储数据, 玩家22,魏国,18项快捷键5: 56	数据长度是16	数据类型为number
138731, 存储数据, 玩家22,魏国,19项快捷键6: 53	数据长度是16	数据类型为number
138731, 存储数据, 玩家22,魏国,20项快捷键7: 541	数据长度是16	数据类型为number
138731, 存储数据, 玩家22,魏国,21项快捷键8: 542	数据长度是16	数据类型为number
138731, 存储数据, 玩家22,魏国,22项快捷键9: 543	数据长度是16	数据类型为number
138731, 存储数据, 玩家22,魏国,23项快捷键10: 544	数据长度是16	数据类型为number
138731, 存储数据, 玩家22,魏国,24项快捷键11: 545	数据长度是16	数据类型为number
138731, 存储数据, 玩家22,魏国,25项快捷键12: 546	数据长度是16	数据类型为number
138731, 存储数据, 玩家22,魏国,26项快捷键13: 547	数据长度是16	数据类型为number
138731, 存储数据, 玩家22,魏国,27项快捷键14: 548	数据长度是16	数据类型为number
138731, 存储数据, 玩家22,魏国,28项快捷键15: 549	数据长度是16	数据类型为number
138731, 存储数据, 玩家22,魏国,29项快捷键16: 573	数据长度是16	数据类型为number
138731, 存储数据, 玩家22,魏国,30项快捷键17: 555	数据长度是16	数据类型为number
138731, 存储数据, 玩家22,魏国,31项快捷键18: 568	数据长度是16	数据类型为number
138731, 存储数据, 玩家22,魏国,32项是否显示刀光: 1	数据长度是1	数据类型为number
138731, 存储数据, 玩家22,魏国,33项显示刀光编号: 1	数据长度是8	数据类型为number
138731, 存储数据, 玩家22,魏国,34项不显示翅膀: 0	数据长度是1	数据类型为number
138731, 存储数据, 玩家22,魏国,35项显示翅膀编号: 0	数据长度是8	数据类型为number
138731, 存储数据, 玩家22,魏国,36项孔明灯: 0	数据长度是8	数据类型为number
138731, 存储数据, 玩家22,魏国,37项免控表现: 1	数据长度是8	数据类型为number
138731, 存储数据, 玩家22,魏国,38项窗口锁定: 0	数据长度是8	数据类型为number
138731, 存储数据, 玩家22,魏国,39项打孔明灯: 0	数据长度是8	数据类型为number
138731, 存储数据, 玩家22,魏国,40项小地图头像: 1	数据长度是8	数据类型为number
138731, 存储数据, 玩家22,魏国,41项画笔库6: 0	数据长度是8	数据类型为number
138731, 存储数据, 玩家22,魏国,42项画笔库7: 0	数据长度是8	数据类型为number
138731, 存储数据, 玩家22,魏国,43项画笔库8: 0	数据长度是8	数据类型为number
138731, 存储数据, 玩家22,魏国,44项会员功能1: 1	数据长度是1	数据类型为number
138731, 存储数据, 玩家22,魏国,45项会员功能2: 1	数据长度是1	数据类型为number
138731, 存储数据, 玩家22,魏国,46项会员功能3: 1	数据长度是1	数据类型为number
138731, 存储数据, 玩家22,魏国,47项会员功能4: 1	数据长度是1	数据类型为number
138731, 存储数据, 玩家22,魏国,48项会员功能5: 1	数据长度是1	数据类型为number
138731, 存储数据, 玩家22,魏国,49项会员功能6: 1	数据长度是1	数据类型为number
138731, 存储数据, 玩家22,魏国,50项会员功能7: 1	数据长度是1	数据类型为number
138731, 存储数据, 玩家22,魏国,51项会员功能8: 1	数据长度是1	数据类型为number
138731, 存储数据, 玩家22,魏国,52项新商店左侧扩展面板: 1	数据长度是1	数据类型为number
138731, 存储数据, 玩家22,魏国,53项新商店上部扩展面板: 1	数据长度是1	数据类型为number
138731, 存储数据, 玩家22,魏国,54项新商店购买方式: 0	数据长度是1	数据类型为number
138731, 存储数据, 玩家22,魏国,55项新商店商店模式: 0	数据长度是1	数据类型为number
138731, 存储数据, 玩家22,魏国,56项预扣血模式: 0	数据长度是1	数据类型为number
138731, 存储数据, 玩家22,魏国,57项回城特效: 0	数据长度是8	数据类型为number
138731, 存储数据, 玩家23,中立敌对,1项画质: 1	数据长度是1	数据类型为number
138731, 存储数据, 玩家23,中立敌对,2项滚屏速度: 20	数据长度是8	数据类型为number
138731, 存储数据, 玩家23,中立敌对,3项更新内容面板开关: 0	数据长度是1	数据类型为number
138731, 存储数据, 玩家23,中立敌对,4项游戏版本号: 0	数据长度是16	数据类型为number
138731, 存储数据, 玩家23,中立敌对,5项语音: 0	数据长度是1	数据类型为number
138731, 存储数据, 玩家23,中立敌对,6项音响: 0	数据长度是1	数据类型为number
138731, 存储数据, 玩家23,中立敌对,7项麦克风: 0	数据长度是1	数据类型为number
138731, 存储数据, 玩家23,中立敌对,8项音响大小: 0	数据长度是8	数据类型为number
138731, 存储数据, 玩家23,中立敌对,9项麦克风大小: 0	数据长度是8	数据类型为number
138731, 存储数据, 玩家23,中立敌对,10项未知: 0	数据长度是1	数据类型为number
138731, 存储数据, 玩家23,中立敌对,11项光照: 99	数据长度是8	数据类型为number
138731, 存储数据, 玩家23,中立敌对,12项新F11面板模式: 1	数据长度是1	数据类型为number
138731, 存储数据, 玩家23,中立敌对,13项血条区分敌我: 1	数据长度是1	数据类型为number
138731, 存储数据, 玩家23,中立敌对,14项快捷键1: 41	数据长度是16	数据类型为number
138731, 存储数据, 玩家23,中立敌对,15项快捷键2: 43	数据长度是16	数据类型为number
138731, 存储数据, 玩家23,中立敌对,16项快捷键3: 61	数据长度是16	数据类型为number
138731, 存储数据, 玩家23,中立敌对,17项快捷键4: 42	数据长度是16	数据类型为number
138731, 存储数据, 玩家23,中立敌对,18项快捷键5: 56	数据长度是16	数据类型为number
138731, 存储数据, 玩家23,中立敌对,19项快捷键6: 53	数据长度是16	数据类型为number
138731, 存储数据, 玩家23,中立敌对,20项快捷键7: 541	数据长度是16	数据类型为number
138731, 存储数据, 玩家23,中立敌对,21项快捷键8: 542	数据长度是16	数据类型为number
138731, 存储数据, 玩家23,中立敌对,22项快捷键9: 543	数据长度是16	数据类型为number
138731, 存储数据, 玩家23,中立敌对,23项快捷键10: 544	数据长度是16	数据类型为number
138731, 存储数据, 玩家23,中立敌对,24项快捷键11: 545	数据长度是16	数据类型为number
138731, 存储数据, 玩家23,中立敌对,25项快捷键12: 546	数据长度是16	数据类型为number
138731, 存储数据, 玩家23,中立敌对,26项快捷键13: 547	数据长度是16	数据类型为number
138731, 存储数据, 玩家23,中立敌对,27项快捷键14: 548	数据长度是16	数据类型为number
138731, 存储数据, 玩家23,中立敌对,28项快捷键15: 549	数据长度是16	数据类型为number
138731, 存储数据, 玩家23,中立敌对,29项快捷键16: 573	数据长度是16	数据类型为number
138731, 存储数据, 玩家23,中立敌对,30项快捷键17: 555	数据长度是16	数据类型为number
138731, 存储数据, 玩家23,中立敌对,31项快捷键18: 568	数据长度是16	数据类型为number
138731, 存储数据, 玩家23,中立敌对,32项是否显示刀光: 1	数据长度是1	数据类型为number
138731, 存储数据, 玩家23,中立敌对,33项显示刀光编号: 1	数据长度是8	数据类型为number
138731, 存储数据, 玩家23,中立敌对,34项不显示翅膀: 0	数据长度是1	数据类型为number
138731, 存储数据, 玩家23,中立敌对,35项显示翅膀编号: 0	数据长度是8	数据类型为number
138731, 存储数据, 玩家23,中立敌对,36项孔明灯: 0	数据长度是8	数据类型为number
138731, 存储数据, 玩家23,中立敌对,37项免控表现: 1	数据长度是8	数据类型为number
138731, 存储数据, 玩家23,中立敌对,38项窗口锁定: 0	数据长度是8	数据类型为number
138731, 存储数据, 玩家23,中立敌对,39项打孔明灯: 0	数据长度是8	数据类型为number
138731, 存储数据, 玩家23,中立敌对,40项小地图头像: 1	数据长度是8	数据类型为number
138731, 存储数据, 玩家23,中立敌对,41项画笔库6: 0	数据长度是8	数据类型为number
138731, 存储数据, 玩家23,中立敌对,42项画笔库7: 0	数据长度是8	数据类型为number
138731, 存储数据, 玩家23,中立敌对,43项画笔库8: 0	数据长度是8	数据类型为number
138731, 存储数据, 玩家23,中立敌对,44项会员功能1: 1	数据长度是1	数据类型为number
138731, 存储数据, 玩家23,中立敌对,45项会员功能2: 1	数据长度是1	数据类型为number
138731, 存储数据, 玩家23,中立敌对,46项会员功能3: 1	数据长度是1	数据类型为number
138731, 存储数据, 玩家23,中立敌对,47项会员功能4: 1	数据长度是1	数据类型为number
138731, 存储数据, 玩家23,中立敌对,48项会员功能5: 1	数据长度是1	数据类型为number
138731, 存储数据, 玩家23,中立敌对,49项会员功能6: 1	数据长度是1	数据类型为number
138731, 存储数据, 玩家23,中立敌对,50项会员功能7: 1	数据长度是1	数据类型为number
138731, 存储数据, 玩家23,中立敌对,51项会员功能8: 1	数据长度是1	数据类型为number
138731, 存储数据, 玩家23,中立敌对,52项新商店左侧扩展面板: 1	数据长度是1	数据类型为number
138731, 存储数据, 玩家23,中立敌对,53项新商店上部扩展面板: 1	数据长度是1	数据类型为number
138731, 存储数据, 玩家23,中立敌对,54项新商店购买方式: 0	数据长度是1	数据类型为number
138731, 存储数据, 玩家23,中立敌对,55项新商店商店模式: 0	数据长度是1	数据类型为number
138731, 存储数据, 玩家23,中立敌对,56项预扣血模式: 0	数据长度是1	数据类型为number
138731, 存储数据, 玩家23,中立敌对,57项回城特效: 0	数据长度是8	数据类型为number
138731, 存储数据, 玩家24,中立无敌意,1项画质: 1	数据长度是1	数据类型为number
138731, 存储数据, 玩家24,中立无敌意,2项滚屏速度: 20	数据长度是8	数据类型为number
138731, 存储数据, 玩家24,中立无敌意,3项更新内容面板开关: 0	数据长度是1	数据类型为number
138731, 存储数据, 玩家24,中立无敌意,4项游戏版本号: 0	数据长度是16	数据类型为number
138731, 存储数据, 玩家24,中立无敌意,5项语音: 0	数据长度是1	数据类型为number
138731, 存储数据, 玩家24,中立无敌意,6项音响: 0	数据长度是1	数据类型为number
138731, 存储数据, 玩家24,中立无敌意,7项麦克风: 0	数据长度是1	数据类型为number
138731, 存储数据, 玩家24,中立无敌意,8项音响大小: 0	数据长度是8	数据类型为number
138731, 存储数据, 玩家24,中立无敌意,9项麦克风大小: 0	数据长度是8	数据类型为number
138731, 存储数据, 玩家24,中立无敌意,10项未知: 0	数据长度是1	数据类型为number
138731, 存储数据, 玩家24,中立无敌意,11项光照: 99	数据长度是8	数据类型为number
138731, 存储数据, 玩家24,中立无敌意,12项新F11面板模式: 1	数据长度是1	数据类型为number
138731, 存储数据, 玩家24,中立无敌意,13项血条区分敌我: 1	数据长度是1	数据类型为number
138731, 存储数据, 玩家24,中立无敌意,14项快捷键1: 41	数据长度是16	数据类型为number
138731, 存储数据, 玩家24,中立无敌意,15项快捷键2: 43	数据长度是16	数据类型为number
138731, 存储数据, 玩家24,中立无敌意,16项快捷键3: 61	数据长度是16	数据类型为number
138731, 存储数据, 玩家24,中立无敌意,17项快捷键4: 42	数据长度是16	数据类型为number
138731, 存储数据, 玩家24,中立无敌意,18项快捷键5: 56	数据长度是16	数据类型为number
138731, 存储数据, 玩家24,中立无敌意,19项快捷键6: 53	数据长度是16	数据类型为number
138731, 存储数据, 玩家24,中立无敌意,20项快捷键7: 541	数据长度是16	数据类型为number
138731, 存储数据, 玩家24,中立无敌意,21项快捷键8: 542	数据长度是16	数据类型为number
138731, 存储数据, 玩家24,中立无敌意,22项快捷键9: 543	数据长度是16	数据类型为number
138731, 存储数据, 玩家24,中立无敌意,23项快捷键10: 544	数据长度是16	数据类型为number
138731, 存储数据, 玩家24,中立无敌意,24项快捷键11: 545	数据长度是16	数据类型为number
138731, 存储数据, 玩家24,中立无敌意,25项快捷键12: 546	数据长度是16	数据类型为number
138731, 存储数据, 玩家24,中立无敌意,26项快捷键13: 547	数据长度是16	数据类型为number
138731, 存储数据, 玩家24,中立无敌意,27项快捷键14: 548	数据长度是16	数据类型为number
138731, 存储数据, 玩家24,中立无敌意,28项快捷键15: 549	数据长度是16	数据类型为number
138731, 存储数据, 玩家24,中立无敌意,29项快捷键16: 573	数据长度是16	数据类型为number
138731, 存储数据, 玩家24,中立无敌意,30项快捷键17: 555	数据长度是16	数据类型为number
138731, 存储数据, 玩家24,中立无敌意,31项快捷键18: 568	数据长度是16	数据类型为number
138731, 存储数据, 玩家24,中立无敌意,32项是否显示刀光: 1	数据长度是1	数据类型为number
138731, 存储数据, 玩家24,中立无敌意,33项显示刀光编号: 1	数据长度是8	数据类型为number
138731, 存储数据, 玩家24,中立无敌意,34项不显示翅膀: 0	数据长度是1	数据类型为number
138731, 存储数据, 玩家24,中立无敌意,35项显示翅膀编号: 0	数据长度是8	数据类型为number
138731, 存储数据, 玩家24,中立无敌意,36项孔明灯: 0	数据长度是8	数据类型为number
138731, 存储数据, 玩家24,中立无敌意,37项免控表现: 1	数据长度是8	数据类型为number
138731, 存储数据, 玩家24,中立无敌意,38项窗口锁定: 0	数据长度是8	数据类型为number
138731, 存储数据, 玩家24,中立无敌意,39项打孔明灯: 0	数据长度是8	数据类型为number
138731, 存储数据, 玩家24,中立无敌意,40项小地图头像: 1	数据长度是8	数据类型为number
138731, 存储数据, 玩家24,中立无敌意,41项画笔库6: 0	数据长度是8	数据类型为number
138731, 存储数据, 玩家24,中立无敌意,42项画笔库7: 0	数据长度是8	数据类型为number
138731, 存储数据, 玩家24,中立无敌意,43项画笔库8: 0	数据长度是8	数据类型为number
138731, 存储数据, 玩家24,中立无敌意,44项会员功能1: 1	数据长度是1	数据类型为number
138731, 存储数据, 玩家24,中立无敌意,45项会员功能2: 1	数据长度是1	数据类型为number
138731, 存储数据, 玩家24,中立无敌意,46项会员功能3: 1	数据长度是1	数据类型为number
138731, 存储数据, 玩家24,中立无敌意,47项会员功能4: 1	数据长度是1	数据类型为number
138731, 存储数据, 玩家24,中立无敌意,48项会员功能5: 1	数据长度是1	数据类型为number
138731, 存储数据, 玩家24,中立无敌意,49项会员功能6: 1	数据长度是1	数据类型为number
138731, 存储数据, 玩家24,中立无敌意,50项会员功能7: 1	数据长度是1	数据类型为number
138731, 存储数据, 玩家24,中立无敌意,51项会员功能8: 1	数据长度是1	数据类型为number
138731, 存储数据, 玩家24,中立无敌意,52项新商店左侧扩展面板: 1	数据长度是1	数据类型为number
138731, 存储数据, 玩家24,中立无敌意,53项新商店上部扩展面板: 1	数据长度是1	数据类型为number
138731, 存储数据, 玩家24,中立无敌意,54项新商店购买方式: 0	数据长度是1	数据类型为number
138731, 存储数据, 玩家24,中立无敌意,55项新商店商店模式: 0	数据长度是1	数据类型为number
138731, 存储数据, 玩家24,中立无敌意,56项预扣血模式: 0	数据长度是1	数据类型为number
138731, 存储数据, 玩家24,中立无敌意,57项回城特效: 0	数据长度是8	数据类型为number
