0, 长度:952
0, 96389291 武勋buff:0
0, 59621218 武勋buff:0
0, 97236274 武勋buff:0
0, 116717336 武勋buff:0
0, 96895122 武勋buff:0
0, 70907570 武勋buff:0
0, 88737084 武勋buff:0
0, 109311361 武勋buff:0
0, 92360169 武勋buff:0
0, 103163707 武勋buff:0
0, 89879314 武勋buff:0
0, 92066266 武勋buff:0
0, 116919771 武勋buff:0
0, 124534541 武勋buff:0
0, 55596280 武勋buff:0
0, 115377725 武勋buff:0
0, 96984432 武勋buff:0
0, 109175625 武勋buff:0
0, 123154458 武勋buff:0
0, 124665037 武勋buff:0
0, pos:22 value:0
0, 新人pos:22 value:0
0, pos:21 value:0
0, 新人pos:21 value:0
0, pos:10 value:0
0, 新人pos:10 value:0
0, pos:9 value:0
0, 新人pos:9 value:0
0, pos:8 value:0
0, 新人pos:8 value:0
0, pos:7 value:0
0, 新人pos:7 value:0
0, pos:6 value:0
0, 新人pos:6 value:0
0, pos:5 value:0
0, 新人pos:5 value:0
0, pos:4 value:0
0, 新人pos:4 value:0
0, pos:3 value:0
0, 新人pos:3 value:0
0, pos:2 value:0
0, 新人pos:2 value:0
0, pos:1 value:0
0, 新人pos:1 value:0
0, pos:20 value:0
0, 新人pos:20 value:0
0, pos:19 value:0
0, 新人pos:19 value:0
0, pos:18 value:0
0, 新人pos:18 value:0
0, pos:17 value:0
0, 新人pos:17 value:0
0, pos:16 value:0
0, 新人pos:16 value:0
0, pos:15 value:0
0, 新人pos:15 value:0
0, pos:14 value:0
0, 新人pos:14 value:0
0, pos:13 value:0
0, 新人pos:13 value:0
0, pos:12 value:0
0, 新人pos:12 value:0
0, pos:11 value:0
0, 新人pos:11 value:0
733, 玩家:5 总类:1000 选择:3002 实际:3002
861, 玩家:19 总类:1000 选择:2002 实际:2002
881, 玩家:6 总类:1000 选择:3001 实际:3001
885, 玩家:20 总类:1000 选择:1001 实际:1001
1097, 玩家:1 总类:1000 选择:2001 实际:2001
1193, 玩家:16 总类:1000 选择:3001 实际:3001
1301, 玩家:4 总类:1000 选择:4002 实际:4002
1465, 玩家:14 总类:1000 选择:2001 实际:2001
1497, 玩家:7 总类:1000 选择:1001 实际:1001
1501, 玩家:17 总类:1000 选择:2001 实际:2001
1701, 玩家:11 总类:1000 选择:1002 实际:1002
1725, 玩家:9 总类:1000 选择:3002 实际:3002
2245, 玩家:13 总类:1000 选择:1002 实际:1002
2585, 玩家:10 总类:1000 选择:2001 实际:2001
2841, 玩家:8 总类:1000 选择:4001 实际:4001
2993, 玩家:3 总类:1000 选择:1001 实际:1001
3085, 玩家:12 总类:1000 选择:2001 实际:2001
3141, 玩家:2 总类:1000 选择:2001 实际:2001
4601, 玩家:18 总类:1000 选择:2001 实际:2001
4977, 玩家:15 总类:1000 选择:2003 实际:2003
138436, 有效局
138436, 嘿 87284 735
