5271,  0:1:29 ,消灭老虎(小),获得90
7819,  0:2:12 ,消灭魏国刀兵,获得83
8023,  0:2:16 ,消灭魏国刀兵,获得69
9729,  0:2:45 ,消灭魏国刀兵,获得76
12470,  0:3:31 ,消灭魏国刀兵,获得74
13596,  0:3:51 ,消灭一级治疗守卫,获得0
14082,  0:3:59 ,消灭魏国弩手,获得83
14082,  0:3:59 ,消灭魏国刀兵,获得76
14082,  0:3:59 ,消灭魏国弩手,获得69
14393,  0:4:4 ,消灭魏国刀兵,获得71
14803,  0:4:11 ,消灭魏国刀兵,获得76
15261,  0:4:19 ,消灭魏国弩手,获得74
15959,  0:4:31 ,消灭魏国刀兵,获得69
16705,  0:4:43 ,消灭魏国弩手,获得97
16706,  0:4:44 ,消灭魏国弩手,获得97
16794,  0:4:45 ,英雄歼灭司马懿,获得222
19139,  0:5:25 ,消灭强盗,获得92
19773,  0:5:36 ,消灭老虎(小),获得90
20173,  0:5:42 ,消灭老虎(小),获得90
20698,  0:5:51 ,消灭魏国弩手,获得92
20793,  0:5:53 ,消灭魏国刀兵,获得71
21234,  0:6:0 ,消灭魏国弩手,获得83
22414,  0:6:21 ,英雄歼灭蒋琬,获得223
26865,  0:7:36 ,消灭魏国弩手,获得83
31961,  0:9:3 ,消灭魏国刀兵,获得71
33400,  0:9:27 ,消灭孔明灯,获得35
34225,  0:9:41 ,消灭魏国刀兵,获得76
34266,  0:9:42 ,消灭魏国刀兵,获得78
34301,  0:9:43 ,消灭魏国弩手,获得97
34377,  0:9:44 ,消灭魏国弩手,获得92
37799,  0:10:42 ,消灭魏国弩手,获得92
39222,  0:11:6 ,消灭魏国刀兵,获得83
39222,  0:11:6 ,消灭魏国刀兵,获得81
39222,  0:11:6 ,消灭魏国刀兵,获得69
43058,  0:12:11 ,英雄歼灭蒋琬,获得185
43277,  0:12:15 ,消灭魏国弩手,获得89
47386,  0:13:25 ,消灭强盗,获得93
47994,  0:13:35 ,消灭孔明灯,获得35
48796,  0:13:49 ,消灭魏国刀兵,获得72
48824,  0:13:50 ,消灭魏国刀兵,获得79
50031,  0:14:10 ,英雄歼灭蒋琬,获得228
50686,  0:14:21 ,消灭魏国刀兵,获得79
50885,  0:14:25 ,消灭魏国弩手,获得70
56002,  0:15:52 ,消灭魏国弩手,获得76
56002,  0:15:52 ,消灭魏国刀兵,获得81
57154,  0:16:11 ,消灭魏国刀兵,获得81
57154,  0:16:11 ,消灭魏国弩手,获得100
57154,  0:16:11 ,消灭魏国弩手,获得81
58160,  0:16:28 ,消灭孔明灯,获得36
64908,  0:18:23 ,消灭孔明灯,获得36
65976,  0:18:41 ,消灭魏国弩手,获得82
67775,  0:19:12 ,消灭强盗,获得101
67843,  0:19:13 ,消灭强盗,获得82
67950,  0:19:15 ,消灭强盗,获得86
69045,  0:19:33 ,英雄歼灭马超,获得375
72458,  0:20:31 ,消灭孔明灯,获得37
72674,  0:20:35 ,消灭孔明灯,获得37
73964,  0:20:57 ,消灭魏国刀兵,获得79
77302,  0:21:54 ,消灭魏国弩手,获得87
77302,  0:21:54 ,消灭魏国弩手,获得92
77624,  0:21:59 ,消灭魏国刀兵,获得83
77645,  0:21:59 ,消灭魏国刀兵,获得85
77682,  0:22:0 ,消灭魏国刀兵,获得87
78373,  0:22:12 ,消灭魏国军需官,获得61
79396,  0:22:29 ,英雄歼灭华雄,获得376
82844,  0:23:28 ,消灭孔明灯,获得37
90640,  0:25:40 ,消灭四级治疗守卫,获得0
90946,  0:25:46 ,英雄歼灭孙权,获得376
91092,  0:25:48 ,消灭黄巾军,获得99
91222,  0:25:50 ,消灭黄巾军,获得75
98244,  0:27:50 ,英雄歼灭蒋琬,获得358
98250,  0:27:50 ,消灭魏国弩手,获得94
98250,  0:27:50 ,消灭魏国刀兵,获得75
98250,  0:27:50 ,消灭魏国刀兵,获得77
98266,  0:27:50 ,消灭魏国刀兵,获得83
102541,  0:29:3 ,英雄歼灭魏延,获得378
103066,  0:29:12 ,消灭魏国刀兵,获得91
103113,  0:29:12 ,消灭魏国刀兵,获得85
103165,  0:29:13 ,消灭魏国刀兵,获得89
104394,  0:29:34 ,消灭魏国弩手,获得85
104394,  0:29:34 ,消灭魏国弩手,获得85
104394,  0:29:34 ,消灭魏国弩手,获得91
104394,  0:29:34 ,消灭魏国弩手,获得81
104501,  0:29:36 ,消灭魏国刀兵,获得89
104703,  0:29:39 ,消灭魏国刀兵,获得76
105602,  0:29:55 ,消灭魏国刀兵,获得85
105602,  0:29:55 ,消灭魏国刀兵,获得81
105602,  0:29:55 ,消灭魏国刀兵,获得78
105718,  0:29:57 ,消灭魏国弩手,获得95
105806,  0:29:58 ,消灭魏国弩手,获得101
107346,  0:30:24 ,消灭孔明灯,获得38
108117,  0:30:37 ,消灭魏国中部箭塔,获得403
108163,  0:30:38 ,消灭魏国刀兵,获得89
108806,  0:30:49 ,消灭孔明灯,获得38
115625,  0:32:45 ,消灭黄巾军,获得86
119371,  0:33:49 ,消灭孔明灯,获得38
124243,  0:35:12 ,消灭孔明灯,获得39
130056,  0:36:50 ,消灭黄巾军,获得83
138598,  0:39:16 ,消灭孔明灯,获得39
138598,  0:39:16 ,消灭魏国弩手,获得106
